Case #1: 0 0
Case #2: 3 3
Case #3: 8 4
Case #4: 7 2
Case #5: 6 2
Case #6: 6 4
Case #7: 1 1
Case #8: 10 10
Case #9: 9 5
Case #10: 8 2
Case #11: 7 4
Case #12: 0 0
Case #13: 8 3
Case #14: 10 10
Case #15: 7 0
Case #16: 1 1
Case #17: 8 3
Case #18: 5 1
Case #19: 0 0
Case #20: 5 5
Case #21: 0 0
Case #22: 7 2
Case #23: 9 3
Case #24: 8 4
Case #25: 9 2
Case #26: 10 10
Case #27: 7 0
Case #28: 8 2
Case #29: 2 0
Case #30: 3 1
Case #31: 8 6
Case #32: 6 3
Case #33: 7 2
Case #34: 0 0
Case #35: 10 10
Case #36: 1 1
Case #37: 0 0
Case #38: 10 10
Case #39: 7 3
Case #40: 0 0
Case #41: 0 0
Case #42: 0 0
Case #43: 2 0
Case #44: 10 5
Case #45: 4 1
Case #46: 3 2
Case #47: 3 3
Case #48: 0 0
Case #49: 7 3
Case #50: 6 0
