1: 877 231 28 13 10 9 8 7 3
2: 613 415 293 272 246 201 184 149 92 90 77 22 19 16 15 14 1
3: 514 467 333 310 287 233 81 69 42 20 17 6 5 2
4: 421 114 108 89 68 33 31
5: 514 310 233 49 4
6: 996 956 789 718 323 222 189 183 132 112
7: 613 555 486 413 339 303 293 149 76 29 26
8: 976 930 901 751 745 421 314 213 114 108 106 33 31
9: 352 334 57 53
10: 789 638 254 218 192 189 185 158 139 59
11: 508 465 219 136 24
12: 638 254
13: 941 613 459 359 293 159 156 152 149 92 16 15
14: 597 141 103 101 50
15: 950 907 888 407 18 11
16: 403 348 344 296 195 52 23 12
17: 689 447 251 34
18: 717 196 43 27
19: 76 72
20: 883 597 325 313 311 236 99 87 78
21: 941 597 141 67 54
22: 928 726 165 117 104 85 40 37 21
23: 896 699 607 429 148 129 109 79 56 25
24: 960 582 422 368 122
25: 711 535 401 294
26: 906 162
27: 220 48 46 39 32
28: 674 415 272 77 36
29: 829 66 61
30: 621 94 47
31: 218 192 185 139 59
32: 256 155 118 30
33: 533
34: 516 230 110 35
35: 353 64 63 62 55 45 38
36: 723 632 546 485 210 133 86 44
37: 978 898 661 341 309 91
38: 930 901 751 384 106 83
39: 437
40: 374
41: 950 908 467 333
42: 239 58 41
43: 884 719
44: 459 399
45: 540 308 223
46: 624 388
47: 970 804 799 640 181
48: 102
49: 279 182
50: 934 723 353 133 71 60
51: 335 203
52: 883 325 236 78 51
53: 719
54: 289
55: 994 946 738 502 419 394
56: 692 187 70 65
57: 273 205
58:
59: 950 111 97
60: 483 229 143 74
61: 699 429 82
62: 442 95 88
63: 75 73
64: 699 429 129 102
65: 145 140
66: 615 359 159 156 152
67: 424 396 172 100
68:
69: 868 650
70: 540 297 273 258 223 218 205 204 199 186 116
71: 868 650 194 146 123
72: 682 426 370 250 96
73: 606 562 373
74: 536 124 84
75:
76: 224
77: 759 755 749 439
78: 510 363 226 161
79: 248 180 113
80: 927 177 80
81: 672
82:
83: 860 615 597 142
84: 827 818 817 164
85: 890 121
86: 260 153 105
87: 723 133 126
88: 93
89: 613 585 293 149
90: 762 390 365
91: 712 652 246 184 162
92: 852 107
93: 240 98
94: 209 120
95: 718
96: 422 368 125
97: 274
98: 131
99: 874 216
100: 727
101: 976 745
102: 925 599
103: 827 740 676 364 263
104: 695 208
105: 609 381 376 214
106:
107: 976 745 150 128 127
108: 973 748 722 654 316 157 119
109: 135 134
110: 817 424 115
111: 689 597 183
112: 168
113: 975 891 611 420 167 147
114: 906 582 253
115:
116: 509 412 354
117: 789 690 522 418 189 158
118:
119: 423
120:
121: 130
122: 837 832
123:
124: 999 188
125: 754 306
126:
127: 963 958 936 682 370 217
128: 414 356 154
129: 953 934 929 916 842 836
130: 324
131: 837 835 832 672 506 382 182
132: 396
133: 726 234 138
134: 622 480 163
135: 554 400 176
136: 667 330 255 225
137:
138: 867 457 453 191 160
139: 800 547
140: 301 144 137
141: 737 201
142: 887 786
143: 509 412
144: 538 278
145: 881
146: 170
147: 691 544 494
148: 174 169
149:
150: 280 166
151: 290 257 151
152: 771
153: 238 211
154: 371
155: 969 775 357
156: 690 522 418 271
157: 677 402 328 265
158: 175
159:
160: 523 329 243
161: 541 473 455
162: 465
163: 198 190
164: 996 323
165: 544 494 275 241
166: 852
167: 433
168: 614 237 202
169:
170: 521 389 193
171: 403 344 296
172: 927
173: 621
174: 492 307 171
175: 628 343
176: 981 864 543 526 434 424 332 281
177: 563 197
178: 714 336
179: 825 566
180: 625 615
181: 888 788 688
182:
183: 845
184: 795 315
185: 944
186: 708 635 304
187: 387
188: 814 603 559 550 338 179
189: 543 173
190: 664 556 489 345 284
191:
192: 774 313 311
193: 639 583 431 299 178
194: 405 302
195: 261
196:
197: 523 329 243
198: 336
199: 282 212
200: 802 520 269 242
201: 814 637 603 259
202: 591 425 215
203: 931 742 728 604
204: 846 532 408
205: 730
206: 707
207: 946 702 502 207
208: 228
209: 447 375 288
210: 554 474 400 342 326
211:
212: 812 788 688 528
213: 903
214: 384 264
215: 463
216: 560 513 443 267 206
217: 456 312 305 270
218: 861 658 403 344 296 292
219: 286
220: 303
221: 935 932 227
222: 331
223: 559 200
224: 891 320 318
225: 754 553 525 448
226:
227: 601
228: 557 337
229: 545 524 277
230: 249
231:
232: 608 605
233: 967 697 662 504
234:
235: 740 676 537
236: 588 362 319
237: 802 520 269 242
238: 669
239:
240:
241: 496 466 427 247
242: 871 835 506 436 244
243:
244: 518 221
245: 712 652 232
246: 867 377
247: 906 298
248: 512 428 266
249:
250: 812 397
251: 694 276 235
252: 245
253: 636 590 491 268 252
254:
255: 262
256: 664 556 464 430 291
257: 950 608 605 317
258:
259: 615
260: 402 351 328
261:
262: 578
263: 632 485
264: 360
265: 283
266: 425
267: 648 571 500
268: 485
269: 399
270:
271: 387
272: 960 478 411 379
273:
274: 798 451 416
275: 367
276: 813
277: 686
278:
279: 437
280:
281: 285
282: 774 450
283: 633
284: 691 498
285:
286: 347
287: 997 986 300
288: 988 736 481
289: 472
290: 617 470 350
291: 715
292: 295
293: 690 689
294:
295: 568 340
296: 413 339
297: 570 564
298: 515
299:
300: 456
301: 912 581 405
302: 391
303: 966
304: 651 507
305: 817
306: 731
307:
308: 432
309: 972 735 565 495
310:
311: 798 762 322
312: 811
313:
314:
315:
316:
317: 661
318: 630
319: 714
320: 774
321:
322: 487 462
323: 686 499
324: 380
325: 702
326: 469 366
327:
328: 908 321
329: 948 687 505
330: 844 587
331: 737
332: 814
333: 750 542 404
334:
335: 840 435
336: 498
337: 511 385 327
338: 959 479
339:
340: 728 604 447 398
341:
342: 991 761 601 458
343: 482
344: 730 392
345: 606
346: 895 781 756 534
347: 358
348: 445
349:
350: 746
351: 606 495 378
352:
353: 369 346
354:
355: 882 729
356: 964 558 372
357: 395
358: 987
359: 598 409
360: 355
361: 349
362: 829
363: 838
364: 674
365: 804 799 393
366:
367: 870 715
368: 639
369: 539
370: 766 704 399
371: 819 768
372: 417
373: 361
374: 645
375: 386
376:
377: 787 493
378:
379: 586 572
380:
381: 895 831
382: 972 735 565
383:
384: 823
385: 471
386: 716 628
387:
388: 999 618 595
389: 752 596 461
390: 484 383
391:
392:
393: 511
394: 760
395: 903
396:
397: 973 748
398: 675
399: 825
400: 880 826
401: 737
402: 503
403: 967 697 662 574 504
404: 538
405: 584 527
406:
407: 872 767 452 410
408:
409: 786
410: 805 454
411:
412:
413: 641
414: 904 666 488
415: 792 657
416: 545 524 446
417: 725 713 444
418:
419: 973 748 580
420: 497
421: 507
422:
423:
424:
425:
426: 438
427:
428: 773 468
429: 866 406
430:
431:
432:
433:
434: 490
435: 634
436: 722 654
437:
438: 895 830 552
439:
440: 864
441:
442: 703
443:
444: 769 449
445: 899 793 772
446:
447: 854 785
448: 576
449:
450: 728 629 619 604
451: 931 742
452: 969 589
453: 827 818
454: 803 773 593 501
455: 440
456:
457:
458:
459: 998
460: 744 600
461: 921 700 627
462:
463: 655
464: 995 892
465: 643
466:
467:
468:
469: 475
470: 642 441
471: 594
472:
473:
474:
475: 569 519
476: 561
477: 741
478: 956 460
479:
480:
481:
482: 914 579
483:
484: 938
485: 795
486: 477
487:
488: 971
489: 516
490:
491:
492:
493: 985 894
494: 963 958
495: 925
496: 665
497: 679 659 649
498:
499: 549
500: 715
501: 503
502:
503:
504: 531 476
505:
506: 850 833
507: 933 696
508:
509:
510:
511:
512: 575
513: 670
514: 573
515:
516: 895
517:
518:
519: 734 724
520: 923
521:
522: 685
523:
524:
525:
526:
527:
528: 943 859 809
529:
530: 855 820 517
531:
532: 644 529
533: 890
534: 954 778 764
535: 816 680 530
536: 800
537:
538: 779
539: 907
540:
541: 841
542: 875 865
543: 905
544:
545:
546: 972 735 693
547:
548:
549: 646 548
550:
551:
552:
553: 910 673 577
554:
555: 678
556: 976 806 745 684
557: 551
558: 810
559:
560: 567
561: 886
562:
563:
564: 804 799 640
565:
566:
567:
568:
569: 665
570:
571:
572:
573: 631 610
574: 945
575: 616
576:
577: 612
578:
579: 656
580:
581: 653
582:
583: 990
584:
585:
586: 979 951
587: 980
588:
589: 666
590: 911 878
591: 671
592:
593:
594:
595:
596:
597: 770 732
598: 827 818 592
599:
600:
601:
602:
603: 791 620
604:
605: 902
606: 602
607:
608: 647 626
609: 719
610: 668
611:
612:
613:
614: 797
615:
616:
617:
618: 940 773
619:
620: 838
621: 849
622:
623: 863
624:
625:
626:
627:
628: 824
629:
630: 813
631: 853 796
632:
633:
634: 757
635:
636: 949 943 859 705
637:
638: 790
639:
640: 807
641:
642:
643:
644:
645:
646: 623
647:
648:
649: 851 843
650:
651:
652:
653: 783
654:
655:
656:
657:
658: 860 743
659:
660: 965
661:
662: 905
663:
664:
665:
666:
667:
668:
669: 681
670:
671:
672:
673: 815
674:
675: 683
676:
677:
678:
679:
680:
681: 953 929 916 842 836
682: 710
683: 663
684:
685: 939
686: 698
687: 856
688:
689:
690: 733 701
691:
692: 993
693:
694: 660
695:
696: 952 782
697:
698:
699: 721
700:
701:
702: 716
703:
704: 801
705:
706:
707: 850 833
708: 765
709:
710:
711:
712:
713:
714:
715: 879
716:
717: 968
718: 913
719:
720: 844
721:
722: 834
723:
724:
725:
726: 947
727: 919
728:
729: 828
730:
731: 981
732: 709
733:
734: 963 958 936
735:
736:
737: 706
738:
739:
740:
741:
742:
743: 991
744: 908 720
745: 948
746: 963 958 936 801
747: 758
748: 747 739
749:
750:
751: 839
752: 777
753:
754:
755:
756:
757:
758: 897
759:
760:
761:
762:
763:
764:
765: 857
766:
767:
768:
769: 763
770:
771: 893
772:
773:
774:
775: 937
776:
777:
778:
779:
780:
781:
782:
783:
784:
785: 776
786:
787: 780
788: 970
789:
790:
791: 753
792:
793:
794:
795: 784
796:
797:
798:
799:
800:
801:
802:
803: 808
804:
805:
806:
807: 965
808:
809:
810: 1001
811:
812: 848
813:
814:
815:
816:
817:
818:
819:
820: 869
821:
822:
823:
824:
825:
826:
827:
828:
829:
830:
831:
832:
833:
834:
835:
836:
837:
838:
839:
840: 858 794
841: 885
842:
843:
844:
845: 928
846:
847:
848:
849:
850:
851:
852:
853:
854:
855:
856:
857:
858: 920
859:
860: 889
861:
862:
863:
864:
865:
866:
867:
868: 915
869:
870:
871:
872:
873: 870
874:
875: 821
876:
877:
878:
879: 822
880:
881:
882:
883:
884:
885:
886:
887:
888:
889: 917
890:
891:
892:
893:
894:
895:
896: 944
897: 862
898:
899: 909
900:
901:
902:
903:
904:
905:
906: 989
907:
908:
909:
910:
911:
912:
913: 924
914:
915:
916:
917:
918: 847
919:
920: 977 873
921:
922:
923:
924:
925:
926:
927:
928:
929:
930:
931:
932:
933:
934:
935:
936:
937: 918
938:
939:
940: 876
941:
942:
943:
944:
945:
946:
947: 922
948:
949:
950: 1000
951:
952:
953:
954:
955:
956: 900
957:
958:
959:
960:
961:
962:
963:
964:
965:
966:
967:
968:
969:
970:
971:
972:
973:
974:
975:
976:
977:
978:
979:
980:
981:
982:
983:
984:
985:
986: 992
987:
988:
989: 961 942
990:
991: 982
992:
993:
994:
995:
996:
997:
998:
999:
1000:
1001:
1002:
1003:
1004:
1005:
1006:
1007:
1008:
1009:
1010:
1011:
1012: 983
1013: 926
1014:
1015:
1016:
1017:
1018:
1019:
1020:
1021:
1022:
1023: 957
1024:
1025:
1026:
1027:
1028: 1001
1029:
1030:
1031:
1032:
1033:
1034:
1035: 962
1036: 955
1037:
1038:
1039:
1040:
1041:
1042:
1043:
1044:
1045:
1046:
1047:
1048:
1049:
1050:
1051:
1052:
1053:
1054: 984
1055:
1056:
1057:
1058:
1059:
1060:
1061:
1062:
1063:
1064:
1065:
1066:
1067:
1068:
1069:
1070:
1071: 974
1072:
1073:
1074:
1075:
1076:
1077:
1078:
1079:
1080:
1081:
1082:
1083:
1084:
1085:
1086:
1087:
1088:
1089:
1090:
1091:
1092:
