1: 1912 403 65 2
2: 1532 1130 385 169 33 22 10 6
3: 1559 1391 1217 1166 1123 1049 644 638 276 260 205 167 112 105 82 26 1
4: 2074 1606 1250 1146 1058 868 788 744 466 272 266 124 102
5: 2283 1736 1619 1541 1392 1325 1308 1096 937 592 580 317 275 218 189 185 134 128 120 109 90 88 79 66 62 60 55 51 30 28 25 15 12 8
6: 1054 1018 315 45 7 5
7: 2196 1270 1260 562 358 18 17 3
8: 1075 136 11 4
9: 2068 695 600 550 518 175 170 150 115 100 66 64 35 30 19 9
10: 1952 1786 16 13
11: 1302 893 34 20
12: 2065 1448 1066 1065 937 828 521 500 488 218 214 176 109 28 25 14
13: 1552 994 791 32
14: 315 45
15: 669 477 194 23
16: 66 62 60 30
17: 1750 1673 1619 1502 1001 886 636 508 320 207 186 185 79 29
18: 1793 936 503 121 83 21
19: 170 115 53
20: 2106 1567 1559 1151 1123 644 638 437 237 209 198 42 37
21: 2068 695 327 234 175 27
22: 1210 849 331 246 123 75 44
23: 2076 2048 1712 1347 1104 869 299 171 61 50 31 24
24: 1548 1517 1391 1143 1049 856 679 525 520 447 427 276 260 221 127 92
25: 603 113 38
26: 2249 1860 1703 1648 1303 413 213 130 103
27: 95
28: 576 247 87 58 36
29: 1186 1174 712
30: 1736 1392 580 128 48
31: 497 422 356 188 63 46 43
32: 2283 178 106 39
33: 1089 1062 1010 879 549 233 47
34: 1559 1123 644 638 82
35: 2224 2142 1948 1836 1667 1236 1209 956 353 98
36: 1775 1753 1074 281 56
37: 2121 1418 892 355 191 68 40
38: 1408 750 286 142
39: 1504 961 848 84
40: 663 658 501 423 193 81 67 49
41: 2192 275 189
42: 771 101
43: 1996 288 41
44: 1469 696 334 284 166
45: 2073 2065 828 521 488 214 176
46: 2166 1218 1143 679 201
47: 868 272 76
48: 1028 909 270 141 99
49: 1659 1006 228 138
50: 2268 1953 1736 1685 1389 1159 955 860 785 104 78 54 52
51: 241
52: 139 94
53: 1867 1488 921 293 202 149 131
54: 1853 499 235 119 57
55: 2015 1258 1186 1182 1174 895 792 712 418 114 73 72
56: 1993 1824 1005 701 311
57: 2226 1600 1541 1308 256 118 77
58: 373 69
59: 268
60: 1702 627
61: 132 59
62: 1967 1928 1627 408 402 227
63: 1937 1916 1831 850 85
64: 1836 956 71
65: 1243 285 91
66: 1816 985 453 80
67:
68: 1732 1679 1519 1393 981 623
69: 1723 1487 1341 337 93
70: 1395 716 411 153 122 70
71: 1891 1373 212
72: 869 591 405 250 133
73: 653 537 74
74: 1860 1648
75: 1500 1184 817 111
76: 1153 746
77: 335 86
78: 2200 1021 748 248
79: 2032 1984 1917 1455 366
80: 2127 1980 1395 1095 1034 716 411 135 108
81: 2253 2133 523 243 110
82: 2160 940 533 179 165
83: 2035 1835 1496 1467 1439 1346 743 382 154 89
84: 850 279 238 199 125
85: 1920 1643 1505 666
86: 394
87: 1626 1520 1257 1168 433 204 126
88: 1138 568 306 304
89: 1224 1115 1108 395 365 345
90: 1967 1722 1627 1173 1146 1058 804 788 744 466 422 356 266 188 102
91: 2042 1673 1502 636 508 186
92: 2083 1933 1403 1073 849 742 331 174
93: 2168 1732 1393 981 840 809 802 678 502 184 173 158
94: 2158 1416 97
95: 1052 755 390
96:
97: 1384 206
98: 1753 1385 1074 437 397 281
99: 2079 2024 1659 1641 1211 1006 322 96
100: 2019 1111 944 458 447 221
101: 2098 1067
102: 2290 2226 2081 1600 809 678 502 294 140 116 107
103: 2172 416 172
104: 404 210
105: 601 148
106: 449 231
107: 222
108: 1011 155
109: 1143 679
110: 1218
111: 1412 861 588 543 409
112: 1713 835 575 316 129
113: 458 253 187
114: 1935 1333 1099 1014 468 244 211
115: 1327 1059 749 249
116: 1888 1616 414
117: 1224 395 365
118: 1443 380 263 164
119: 2123 2007 1098 948 144
120: 427
121: 700 375 277 183
122: 1288 685 547
123:
124: 2121 1993 1418 1005 892 689 367 208 200
125: 1998 1853 512 321
126: 487 383
127: 1635 823 761 515 463 346 307 143
128: 1750 1352 1319 1001 886 320 207
129:
130: 2172 2160 1321 1085 630 416 388 152
131: 2149 1439 1325 1096 592 382 154
132: 1089 1010 879 549 233
133: 225
134: 261 232 203 163
135: 2043 2035 1902 1835 1496 1467 1346 811 773 545
136: 966 596 431 384
137: 1045 446
138: 289 196 117
139: 2274 2132 1841 1829 1778 1714 1141 1031 969 471 252 160
140: 2216 1101 390 239 137
141: 2274 2132 1841 1829 1714 538 424 254 161
142: 1824 874 311
143: 747 737 710 629 348
144: 930 362 340 328 287 251
145: 1937 1916 461 441 419 190 145
146: 779
147: 332 236
148: 215
149: 1962 905 329 168
150: 1834 1408 1263 836 750 389
151: 1097 633
152: 1947 1785 451 330
153: 1932 1047 410 147
154: 1261 269
155: 1540 498 159
156: 1736 1392 580 274
157: 2234 2140 1964 1722 1417 1266 1264 1022 927 827 709 460 437 237 209 198
158: 1343 609 442 257
159: 648
160: 2148 1876 1672
161: 1983 1511 820
162: 857 598 401
163: 151
164: 571
165: 2208 1862 1758 1127 519 482 259 192 146
166: 2142 1850 1236 1209 869 591 486 405 353 219
167: 808 730 585 452 162
168: 2247 1684 180
169: 1854 551 350
170: 626 310 302
171: 1874 1360 996 713 671 659 296
172: 265
173: 2103 1852 915 686 469
174: 1321 954 388 303 157 156
175: 898 824 765 494 465 262
176: 621 267
177: 2233 2043 1902 1524 1210 1158 1070 971 861 811
178: 1845 1532 1130 385 224
179: 1407 336
180: 506 376
181: 2284 1094 475 363
182:
183: 230
184: 2299 1162
185: 1967 1627 408 242
186: 2037 264 229
187: 1441 834
188: 1339 881 495 455
189: 1857 292
190: 181
191: 2161 1839 1690 1513 1170 1121 758 703 420
192: 2166 1330 354
193:
194:
195: 714 613 429
196: 1722 177
197: 630
198: 1448 1066 500
199: 1859 1769 300
200: 2224 1032 670 564
201: 1501 787 640 352 273
202: 1551 933 412
203: 369
204: 2116 1927 1172 989
205: 1881 1124
206: 925
207: 2148 1993 1876 1750 1672 1005 1001 886
208: 1597 882
209: 2004 1650 1263 836
210: 2233 2001 1248 888 226 197
211: 497 283
212: 939
213: 2161 1981 1839 1121
214: 290 182
215: 1278 255
216: 1698 1367 594 278 223
217:
218: 220
219: 2137 1417 927
220: 2026 1757 546
221:
222: 327 234
223: 2156 367 195
224: 2233 1524 1158 1070 430 425 217
225: 1421 1260 1095
226: 2013 1277 298
227: 1050 778 271 258
228: 1602
229: 1708 1509 1491 1410 1315 1296 216
230: 1686 1486 872 797
231: 1642 673
232: 2223 1495 1201
233: 799 632
234: 691 364
235: 394
236: 1715 891 530 323
237: 1240 1213 682 505
238: 2259 1275 1189 421 295
239: 1018 481
240: 1141 1031 361
241: 1685 1159 785
242: 1798 338
243: 1052 873 806 755 313
244: 2130 775 745
245: 1762 705 620 245
246: 2249 1703
247: 2001
248: 2075 1888 1616 535 480 457 392 318
249: 2221 808 452
250: 1253 813 595 371
251: 1480 722 524
252: 743 341
253: 1513 1170 983 758 703 314 297
254: 1756 450 240
255:
256: 1961 890 593 439 280
257: 2043 1902 811 387
258: 1069
259:
260: 1978 1647 680
261: 2254
262: 911 711 606
263: 1134 1080 557
264: 1330 768 762 753 694 291
265: 1141 1032 1031 670 564
266: 1087 697 514 467 438
267: 1553 1329 1133 435 347
268: 400
269: 2105 1755 815 529 484 483
270: 2284 2076 2070 2035 1835 1496 1467 1383 1347 1346 1104 1094 960 906 773 545 475 363
271: 1033 456
272: 2224
273: 2242 1908 577 319
274:
275: 1060 890 357 280
276: 550 511
277:
278: 570 342
279:
280: 444 360
281: 1573 552
282:
283: 1947 1785 796 490
284: 1961 282
285: 963 647
286: 618
287:
288: 1611 396
289: 650 563 517
290: 739
291: 2126 1328 832 597
292: 417
293: 1617 309
294: 2142 1236 1209 1186 1174 1078 1018 908 712 489 381
295: 2059 1541 1308 1253 1242 1054 830 813 718 595 367
296:
297:
298: 735 493 479
299: 2213 1886 1587 1322 1020 445
300:
301: 639
302: 1843 1676 1338 885 777 555
303: 968 931 398 305
304: 2285 324
305: 983
306:
307: 378 344
308:
309: 901 864 308 301
310: 841
311: 581
312: 944
313: 1987 526
314: 2253 2133 1366 617 550 511
315: 2015 1513 1170 895 758 703 418
316: 1164 654
317: 2087 928 325
318:
319:
320: 2091 2054 1969 1459 426
321: 1621
322: 1870 1817 1809 1400 769 312
323: 2223 2127 1893 1495 1491 1472 1423 1201 1034 657 534
324: 2267 2221 1907 1266 1264 1022 827 709 608 574 460
325: 1725 1680 1167 741 531
326: 1890 1471 1463 1231 1183 962 752 567 333
327: 2019 1894 839 707 513 391
328: 2268 1590 1003 478
329:
330: 1664
331:
332: 1851 987 428 386
333: 1699 544 370 349
334: 2075 2013 1924 1582 569
335: 359
336: 2171 1770 615
337: 1650 954
338: 1167 485
339:
340: 2293 1557 339
341: 1087 1054 697 514
342: 929 590
343: 1919 566
344: 1963
345: 826 326
346: 1514
347:
348: 343
349: 406
350:
351: 1848 1623 763
352: 1493 1208 733 656
353: 988 675 586 415
354: 688
355: 2116 1927 1925 1426 1172 1025
356: 2204 1675
357: 1394 1344 448 379
358: 510
359: 645 642
360: 1085
361: 1744
362: 2196
363: 1831 990 816
364:
365: 2277 669
366: 726
367: 2271 504
368:
369: 1160 1148 736 579
370: 906
371:
372: 1272
373: 1699 540
374: 1979 1462
375: 1345
376: 351
377: 2233 1524 1158 1070 430
378: 702
379: 2209 2068 1212 684
380: 2036 587 374
381: 1828 372
382: 2105 1755 815 529 484 483
383: 1857 961
384: 2264 1632 1389
385: 2161 1839 1121 368
386: 1635
387: 2125 2044 1628
388: 1223 926 377
389: 707
390: 2280 2227 906 559
391: 1673 1502 636 508
392: 2137 1464 847 611
393: 2138
394: 2095 855
395:
396: 1780
397: 407
398: 2083 1933 1844 1157
399: 1534 997 923 536
400: 2118
401: 2203
402: 2079 2024
403: 2093 1926 1090
404: 919
405: 1688 1444 756
406: 1306
407: 1507 818
408: 1409
409: 1967 1627
410: 1275 1189 942
411: 1048 715
412: 1605 436
413: 1986 1887 1593
414: 1626 964 628
415: 2196 1911 399 393
416: 1788 980 541
417: 1552 1523 994 791
418: 2295 1548 1517 856 525 520
419: 434
420: 1192 793
421: 2277 692 454
422:
423:
424: 1220
425: 1214 845 507
426: 873 806
427: 1212
428:
429: 1004 952 699
430: 1374 902 674
431: 2216 1056 1019 949 831 819 464
432: 470
433: 1925 1426 1402 1025 776 667 542
434: 1504 1331 1195 977 848 462
435: 1989 907
436: 440
437: 1564
438: 1787 1420 619
439: 1919 1131 566
440: 2152 1465 993
441: 2285 1298 876 719
442: 2127 1034 657
443:
444: 474
445: 1732 1393 981 840 802
446: 1642 805 616
447: 1278
448: 1068 432
449: 1166 443
450: 1539
451:
452: 910 790
453: 1270
454: 1637 1016 683 582
455:
456: 2139 1731 1302 496
457: 2006 1310 829 476
458:
459:
460: 2058
461: 1466 934
462:
463:
464:
465:
466: 947
467: 1359
468: 963 647
469: 2096
470: 1682 1212 1137 610 459
471: 1763 651
472: 1630 1171
473:
474: 874
475: 1765
476: 1362 1285 757
477: 1027 641
478:
479: 780
480: 1761
481: 1602 655
482: 2030 1177
483:
484: 1987 516
485: 1609 1604
486: 2192
487:
488: 2128 2111 1747 1550 1279 958 565 472
489: 1976 1390 578
490: 2155 1721 1687
491: 561
492: 527
493:
494: 1883
495: 1575
496: 1204 717
497:
498: 1373
499: 1153
500: 1298 554 473
501: 1992 1287 1217 1116 1082
502: 1330 694 491
503: 1173 804
504: 917 767
505: 1857
506: 1213 1140 505
507: 2008 672 643
508: 1713 1500
509: 1105 492
510: 1813 1437 795 731
511: 583
512: 2287 677
513: 760
514: 2194 720
515: 1816 528
516: 2267 1907
517:
518: 1366
519: 693 509
520: 1205 786
521: 1962
522: 2228 1169 772
523: 950 914
524: 823
525: 1276 903
526:
527:
528: 573 548
529: 1487 624 522
530: 1206 605 560
531: 1088
532: 704 556
533:
534: 1301
535: 1265 991 851
536: 2172 1802
537: 1557
538: 1009
539: 2252 1764 764 532
540: 2071 1918 774 635
541: 1343 1265 991
542:
543:
544: 812
545: 1842 1637 1046 1038 1016 683
546: 2297 1911 1451
547: 1676 1338 943 724
548: 1784 1599 1351 1219 1037
549: 1727
550: 1504 1366 851 848 558
551: 1128 721
552: 1332 1002
553: 676
554: 1843 1551 777
555: 1044 999 740
556: 539
557: 1530
558:
559: 1924 1582 1431 1008 572
560:
561: 1011
562: 2274 2132 1841 1829 1714 922 589
563: 2216 1951 1101
564:
565: 1071 877 871
566: 1591 974 821
567:
568: 1337
569: 1905 807
570: 979
571: 1545 783
572: 1111 607
573:
574: 1048 652 614
575: 2036 1303
576: 553
577: 1777 1370 1106 968 584
578:
579: 1996 1708 1509 1410 1315 1296 604
580: 844
581: 2119
582: 1699 789 722 634
583: 1566 1295 729
584: 1454
585: 2048 1712
586: 1470
587: 1842 1239
588:
589: 1280 1145
590: 945
591: 1478 622
592: 1708 1549 1509 1410 1315 1297 1296
593:
594: 1460
595:
596: 1751 1483
597: 1923
598: 1683 1503
599: 1045
600:
601: 1401 1261 875
602: 1098
603: 1153 944
604: 2247
605: 1694 1527 1340
606: 1371 1235 1144
607:
608: 1560 865
609: 602
610:
611: 2122 1042
612: 798
613: 1813 1246
614: 1665 1498
615: 1327 1059
616: 2201 1061 649
617:
618:
619: 1336
620: 660 599
621:
622:
623: 1795 1718
624: 1659 1006 843
625: 681
626: 941
627: 1304
628: 2104 1313 918 665
629:
630: 1624 1613 1178 900
631:
632: 1681
633: 2253 2133
634: 668 661
635: 2214 2027 1866 1578 1424
636: 1165 1035 646
637: 2128 1747 924
638: 759
639: 1254
640: 1633
641: 1957 1761
642: 1887 637
643: 1817 1809 1400 808 625 612
644: 2132 1841 1829 1714 1271 922
645: 2116 1927
646:
647:
648: 706
649: 1480
650: 2055 1790 1728
651: 2259 1064
652: 880
653: 2004 631
654: 1742 781
655: 1365
656:
657: 1879 1271
658: 2179 1640 1262
659: 2062 854
660:
661: 1571 1013
662:
663: 1525
664: 2157 1793 965 800
665: 1029
666: 995 904
667: 968 931
668: 2091 1868 1277
669: 2261 2257 2059 1093
670: 2041
671:
672:
673:
674: 690
675: 1777
676:
677:
678: 1339
679: 1521
680: 1645 784
681: 1293
682: 734 664
683: 2284 1094 920
684: 1283
685: 708
686: 1937 1916
687: 2295
688: 1986 1709 662
689: 1631 1314 1294 1245 978 728
690: 1763
691: 2056 1760 1267
692: 2064 953 822
693:
694:
695: 1729 1396
696: 1926 1090
697: 2149 859
698: 2241 1674 1289 862
699:
700: 1869 1406
701: 1469 696
702:
703:
704: 2019
705: 2029 1457
706: 2098
707: 1063 867
708: 2101 1879
709:
710: 2073
711: 1708 1548 1517 1509 1410 1315 1296
712: 1826 1618 866 698
713: 1895 1828 1357
714: 975
715: 1554
716: 1389 955 814
717: 2213 1886 1587 1322
718: 1523
719:
720: 1843
721: 1873 1655
722: 2264 1632
723: 723
724: 1428
725: 1952 1786 1278
726:
727: 2099 1411 842
728: 1691 1681
729: 887
730: 2291 801
731: 2168 687
732:
733: 1574
734: 1276 903
735: 1155 727
736: 2171 1770 916
737: 1971 1677 838
738: 1583 1015 754 751
739: 984
740: 1473
741: 1335
742: 1233
743: 1536 732
744: 992
745: 1076 837
746:
747: 1962 1622
748: 1154
749: 2244 1897 1695 1252
750: 1423 1191
751:
752:
753: 1511
754: 1847 1413 1012 972
755: 889
756: 2060 2052 2049 1971
757: 1562
758:
759:
760: 2156
761:
762:
763: 1693 770
764:
765: 2246
766:
767:
768: 894
769: 825 766 738
770: 2106 1567 1151
771: 2282
772: 1924 1582 833
773:
774:
775: 725
776: 1147
777: 1399
778: 1593
779:
780: 1421 1135 970 957
781:
782: 2229
783:
784: 2276 1882 1084
785: 2234 2140 1964 1312 1198
786: 1748
787: 1019 949
788: 2206 2181 1485
789: 1766 794
790: 982
791: 1109
792: 1752 1651
793: 1377 1249 1187
794:
795: 2145 1356
796: 1971 1317 1119
797: 782
798: 1898 1259
799:
800: 1644 1386 878
801: 2298
802: 1029
803: 1473
804: 1132
805: 1981 1793 1349 884
806: 1216 1152
807: 2114
808:
809:
810:
811: 1040 803
812: 1372 986 846
813: 2236 2135 1615
814: 2026
815: 1200
816: 2045
817:
818: 1375 1112
819: 1176
820: 1193 1072
821:
822: 1620
823: 990
824: 1060
825: 1149
826: 1228
827: 1382 1286 1215
828: 2209 2186 1232
829: 1955 1015
830: 1682
831: 1719
832: 2054 1969 1113
833: 1787 1110 998 896 852
834: 1284
835:
836: 853
837: 1653 1041
838: 1081 932
839:
840: 1292 1125
841:
842:
843: 2270 1438 1435
844:
845: 1432
846: 2176 2063
847:
848: 2031
849: 1092 1030
850: 2050
851:
852: 810
853: 1475
854:
855: 912
856: 1840 1570 1290
857: 2086
858:
859: 2159 1774 1445
860: 1384
861:
862: 1450 858
863: 1229
864: 1983 1353
865: 1897 1695 1252
866:
867:
868: 2100
869:
870: 1581
871:
872: 1163
873: 1622
874: 1190
875: 2154 1580 1512
876:
877: 2278 2009 1023
878: 863
879:
880: 913
881:
882: 1364 951
883: 1433
884: 870
885:
886: 1934 1024
887:
888: 1442
889:
890: 1945 1820 1490
891: 1806
892: 1592
893: 1697 967
894:
895:
896: 1800 1762
897: 1326 1126
898: 1371 1235 1144
899: 1516 1282 1114 883
900: 1299
901: 1577 938
902: 2283 2059 1093
903: 1859
904: 973
905:
906: 1107 976
907: 946
908:
909: 1978 1647
910: 1188
911: 2293 1936 899
912: 1601
913: 1142
914: 1563 1476
915: 1955 1710
916: 1382
917:
918:
919: 2159 1774 1592
920: 2272 2233 1524
921: 2146 1422
922: 1772
923: 1388
924:
925:
926: 1055 935
927:
928:
929: 1626 1257
930:
931: 1526
932: 1830 1705
933:
934: 1981
935: 1614
936:
937:
938: 1546
939: 1197
940: 1589 1221
941: 2173 897
942: 2000 1251
943: 1316 1207
944: 1065
945: 1808 1415
946: 2142 1754
947:
948:
949: 1471 1463
950:
951: 1140
952:
953: 1492 1026
954:
955:
956:
957:
958: 1720
959:
960:
961: 1716 1522
962: 1678 1369 1334
963: 1352 1319
964: 995
965:
966:
967: 1036
968: 1225
969: 1234
970:
971:
972:
973:
974: 1997
975: 2073
976:
977: 1544 1100
978:
979: 2188 1773 1175
980: 2092
981: 1743
982:
983: 1000
984: 1734 1610 1057
985:
986: 2051 1479
987:
988: 1381
989: 2150 1811
990: 2039 959
991: 1880
992: 2297 2079 2024 1451 1122 1017
993: 1079
994:
995: 1117
996: 2082 1649
997: 1039
998: 1909
999: 1199
1000: 1274
1001:
1002: 1884
1003: 2077 1832 1761
1004: 1849
1005: 2115
1006:
1007: 2144
1008: 1244 1102
1009:
1010:
1011: 1990
1012:
1013: 2169 1449 1307
1014:
1015: 1217 1116 1007
1016: 1968
1017:
1018:
1019: 1903
1020:
1021:
1022:
1023: 1432 1412
1024: 2290 2081 1237
1025: 2115 1698 1367
1026: 1733
1027: 1129
1028: 1350
1029: 1795 1718
1030: 1091
1031: 1446
1032: 1583
1033:
1034:
1035: 1376
1036: 1804 1268 1053
1037: 1156
1038:
1039: 1738 1181
1040:
1041: 1894 1043
1042: 1361
1043: 1077
1044:
1045: 2123 2007 1150
1046: 1982
1047:
1048:
1049:
1050: 1838
1051: 1238
1052: 1185
1053: 1478
1054: 1929 1585
1055:
1056:
1057:
1058:
1059:
1060: 1196
1061:
1062:
1063: 1633 1180
1064: 1569 1230
1065: 2137 1464
1066:
1067: 2188 1773 1456
1068: 2053 1771
1069: 1796 1309
1070:
1071:
1072:
1073: 1639
1074: 1453
1075:
1076: 2112 1305
1077: 1468 1051
1078: 1535
1079:
1080:
1081:
1082:
1083: 1904
1084: 1579
1085:
1086:
1087:
1088: 1139
1089: 1594 1430 1120
1090:
1091:
1092: 2155 1721 1687
1093:
1094: 2174
1095: 1279
1096:
1097: 2231 1949 1489
1098: 1805
1099: 1414 1355
1100:
1101: 1520 1168
1102:
1103: 2275
1104: 1856
1105: 1595 1086
1106: 1103
1107: 1324 1136 1083
1108: 1743
1109:
1110:
1111: 1291
1112:
1113:
1114: 2214 1866
1115:
1116:
1117:
1118:
1119:
1120:
1121: 1995 1608
1122:
1123: 1895
1124: 1694 1527
1125: 1497 1118
1126: 1705
1127: 1378
1128: 1710
1129:
1130:
1131:
1132: 1904
1133: 1997
1134:
1135:
1136: 1930 1161
1137: 1404 1243
1138:
1139: 1900
1140: 2220
1141:
1142: 1427
1143: 1898
1144: 1203
1145: 1380 1194
1146:
1147: 2094
1148: 2147
1149: 1387
1150:
1151:
1152:
1153: 1396
1154: 1461
1155: 1801
1156:
1157: 2047 1241
1158: 1740
1159: 2184 1222
1160: 1706
1161:
1162: 1868
1163:
1164:
1165: 1701 1281
1166: 1398
1167:
1168:
1169:
1170: 1688
1171:
1172:
1173: 1300
1174:
1175: 2146
1176:
1177: 1730 1689
1178:
1179:
1180: 2173
1181: 1950 1864 1837
1182:
1183: 1417
1184: 2061 1942
1185: 2162 2016
1186: 1699
1187: 1873 1655 1474
1188: 1997 1227
1189: 1878
1190: 1320
1191:
1192:
1193: 2038 1704
1194:
1195: 1650
1196:
1197: 1669 1179
1198:
1199: 1671
1200:
1201: 2006
1202:
1203: 1572 1458
1204:
1205:
1206:
1207:
1208:
1209: 1311
1210: 2110 1482
1211:
1212: 1840
1213: 1634
1214:
1215:
1216:
1217: 1614
1218:
1219: 2220 1202
1220: 1555
1221:
1222: 2203
1223:
1224:
1225: 1247
1226:
1227: 1931
1228:
1229:
1230:
1231:
1232:
1233:
1234:
1235:
1236: 1906
1237: 2232 1529
1238: 1896
1239:
1240: 1518
1241:
1242:
1243:
1244:
1245: 1379
1246: 2042
1247:
1248:
1249: 1717 1576
1250: 1515 1358
1251:
1252:
1253: 1749
1254: 2191
1255: 1255
1256: 1813 1565
1257:
1258:
1259:
1260:
1261: 2091
1262: 1226
1263:
1264:
1265: 1499
1266:
1267:
1268: 1605
1269: 1405
1270: 2239 2057
1271: 2120
1272: 1974
1273: 1634
1274:
1275: 2237 1256
1276:
1277:
1278:
1279: 1477
1280:
1281:
1282: 1596
1283: 1662 1419
1284:
1285: 1830 1440
1286: 1537
1287: 2018
1288: 1899
1289: 1654
1290: 2051
1291:
1292: 1273
1293:
1294: 1269
1295: 1807
1296:
1297: 2125 2044
1298:
1299:
1300: 1692
1301: 1402
1302: 2027 1578
1303:
1304: 2243
1305: 1779 1323
1306: 1657
1307: 2092
1308:
1309: 1970
1310:
1311: 2177 1666 1661 1318
1312:
1313: 1943
1314:
1315:
1316: 1778
1317: 1787
1318:
1319:
1320:
1321: 2143 1894
1322: 1510
1323: 2053 1771 1621
1324: 1434
1325: 1568
1326: 1556
1327: 1342
1328: 1354
1329:
1330:
1331: 1861
1332:
1333:
1334: 1865 1603
1335:
1336:
1337:
1338: 1991
1339: 2269 1993
1340:
1341:
1342:
1343:
1344: 1612
1345:
1346:
1347:
1348: 1823 1363
1349: 2131
1350:
1351:
1352: 1656 1425
1353: 1670
1354:
1355:
1356:
1357:
1358: 1959
1359:
1360: 2058
1361: 1397
1362:
1363:
1364:
1365:
1366:
1367: 1948 1667
1368: 1547
1369:
1370:
1371: 2141 1542
1372:
1373: 1348
1374:
1375:
1376:
1377:
1378: 2225 1739
1379:
1380: 2103 1852
1381:
1382: 1984 1917
1383:
1384: 1999 1759
1385:
1386: 1452
1387: 1799
1388:
1389:
1390:
1391:
1392:
1393: 1700 1658
1394: 1436
1395: 1429
1396: 1652
1397: 2097
1398:
1399: 2203 2094 2003 1368
1400: 2263
1401:
1402: 2235
1403:
1404:
1405: 1528 1481
1406:
1407: 1538
1408: 2281
1409: 2088
1410:
1411:
1412:
1413: 2089
1414: 1484
1415: 1508
1416:
1417:
1418:
1419:
1420:
1421:
1422:
1423:
1424:
1425:
1426:
1427:
1428: 1561
1429: 1447
1430:
1431:
1432: 2175
1433:
1434:
1435:
1436:
1437: 2207
1438:
1439:
1440:
1441: 2162 2016
1442:
1443:
1444:
1445:
1446: 1797
1447:
1448:
1449: 2012
1450: 1494
1451:
1452:
1453:
1454:
1455:
1456: 1995
1457:
1458: 1598
1459:
1460:
1461:
1462:
1463:
1464: 1861
1465: 2205 1818 1506
1466: 1960
1467:
1468:
1469:
1470:
1471: 1998
1472: 1803 1636
1473:
1474:
1475: 1767
1476:
1477:
1478: 1791
1479: 1872
1480:
1481: 1929 1585
1482:
1483:
1484: 1775
1485:
1486:
1487:
1488:
1489:
1490:
1491: 2020
1492: 1811
1493: 1638
1494:
1495:
1496: 2126
1497:
1498: 1812
1499: 2010 1892
1500: 1769
1501: 2199 2017
1502:
1503:
1504: 2218
1505: 1953
1506: 2158 2040
1507:
1508:
1509:
1510:
1511: 2197 2178 2014
1512:
1513: 1974
1514:
1515:
1516:
1517:
1518: 1531
1519:
1520:
1521: 2071 1918
1522: 1588
1523:
1524:
1525:
1526:
1527: 2208
1528:
1529:
1530: 2175
1531:
1532: 2151
1533:
1534:
1535:
1536: 2076
1537: 1558
1538: 1745
1539: 1863
1540:
1541: 1954
1542:
1543:
1544:
1545: 1957
1546:
1547:
1548:
1549:
1550: 2021
1551:
1552:
1553:
1554: 1938
1555: 1921 1533
1556: 1922
1557: 2156
1558: 1735 1625
1559:
1560:
1561:
1562:
1563:
1564: 1977 1726
1565:
1566:
1567: 1956 1810 1707
1568: 2025 1543
1569:
1570: 1944
1571:
1572:
1573:
1574: 1858
1575:
1576:
1577: 1586
1578: 2260 1794
1579:
1580:
1581:
1582: 1885
1583:
1584:
1585:
1586:
1587: 2165
1588:
1589:
1590: 2164 1607
1591: 1985
1592:
1593:
1594:
1595: 2080
1596:
1597:
1598:
1599:
1600:
1601:
1602:
1603: 1584
1604:
1605:
1606:
1607: 2078 1782
1608: 2117
1609: 1875 1746
1610:
1611:
1612: 2288
1613:
1614:
1615: 2198
1616:
1617:
1618: 2002
1619:
1620:
1621: 1660
1622:
1623: 1668
1624:
1625:
1626:
1627:
1628:
1629: 1724
1630:
1631:
1632:
1633: 2011
1634:
1635:
1636:
1637:
1638:
1639: 1663 1629
1640:
1641:
1642:
1643: 2182
1644: 2093
1645:
1646:
1647: 2280 2227
1648:
1649:
1650:
1651:
1652:
1653:
1654:
1655:
1656: 2108
1657:
1658:
1659: 1737
1660:
1661: 1646
1662:
1663:
1664: 2248 2210
1665:
1666: 1939
1667:
1668: 2034
1669:
1670: 1768
1671:
1672:
1673:
1674:
1675: 2067
1676:
1677:
1678: 1781
1679:
1680:
1681:
1682:
1683:
1684:
1685:
1686:
1687:
1688: 1915
1689: 1696
1690: 2153
1691:
1692: 1789
1693:
1694:
1695: 2009
1696:
1697:
1698:
1699: 2294 2129
1700:
1701:
1702: 2190 2163
1703:
1704:
1705:
1706:
1707: 2167 1783
1708:
1709:
1710: 1741
1711: 1815
1712:
1713:
1714:
1715:
1716:
1717:
1718:
1719: 1792 1776
1720:
1721:
1722: 1711
1723: 2101
1724:
1725:
1726:
1727:
1728: 2022
1729:
1730:
1731:
1732:
1733: 2066
1734:
1735: 2296
1736:
1737:
1738:
1739: 2060 2052 1901
1740: 1913
1741:
1742: 2051
1743:
1744: 2090
1745: 2185 1855
1746:
1747:
1748:
1749:
1750:
1751:
1752: 1910
1753:
1754:
1755: 2049
1756:
1757: 1821
1758:
1759: 2187
1760: 1885
1761:
1762:
1763:
1764:
1765:
1766: 2195
1767:
1768:
1769:
1770: 2202
1771: 2124 1819
1772:
1773:
1774:
1775:
1776:
1777:
1778:
1779:
1780: 1825
1781:
1782: 1871
1783:
1784:
1785:
1786:
1787:
1788:
1789: 2253 2133
1790: 1965
1791:
1792:
1793:
1794:
1795: 2107
1796: 2183
1797:
1798:
1799:
1800:
1801:
1802: 1994 1827
1803:
1804: 2121
1805:
1806: 1814
1807:
1808:
1809:
1810:
1811:
1812: 2261 2257
1813:
1814: 1889
1815: 2211
1816:
1817:
1818:
1819:
1820: 1822
1821:
1822: 1914
1823:
1824: 1966
1825: 1833
1826: 1972
1827: 1874
1828:
1829:
1830:
1831: 2263
1832:
1833:
1834:
1835:
1836:
1837:
1838:
1839:
1840:
1841:
1842:
1843: 1877
1844:
1845:
1846:
1847:
1848:
1849:
1850:
1851: 1958
1852:
1853:
1854: 2033
1855: 1973
1856:
1857:
1858:
1859:
1860:
1861:
1862:
1863:
1864:
1865:
1866:
1867:
1868:
1869:
1870:
1871: 2301
1872:
1873:
1874:
1875:
1876:
1877:
1878:
1879:
1880:
1881:
1882:
1883:
1884: 2109 1846
1885:
1886: 2217
1887:
1888:
1889:
1890:
1891:
1892:
1893: 2215
1894:
1895:
1896:
1897:
1898:
1899:
1900:
1901:
1902:
1903: 2082
1904: 2072
1905:
1906:
1907:
1908:
1909: 2085
1910:
1911: 1941
1912:
1913:
1914: 2183
1915:
1916:
1917:
1918:
1919: 2286
1920: 1940
1921:
1922:
1923:
1924:
1925:
1926:
1927:
1928:
1929:
1930: 2084
1931:
1932:
1933:
1934:
1935:
1936:
1937:
1938:
1939:
1940:
1941:
1942:
1943:
1944:
1945:
1946: 2189
1947:
1948:
1949: 2069
1950:
1951:
1952:
1953:
1954:
1955:
1956: 2030
1957:
1958:
1959:
1960:
1961:
1962:
1963:
1964: 2136
1965:
1966:
1967:
1968:
1969:
1970:
1971:
1972:
1973:
1974: 2265
1975:
1976:
1977:
1978:
1979:
1980: 2005 1946
1981:
1982:
1983: 2134
1984:
1985:
1986:
1987:
1988:
1989:
1990:
1991: 2262
1992:
1993:
1994:
1995:
1996: 2250
1997:
1998:
1999:
2000: 1988
2001:
2002:
2003: 2260
2004:
2005: 1975
2006:
2007:
2008:
2009:
2010:
2011:
2012:
2013:
2014: 2273
2015:
2016:
2017: 2176
2018:
2019:
2020:
2021:
2022:
2023:
2024:
2025:
2026:
2027: 2238
2028:
2029:
2030:
2031:
2032:
2033:
2034:
2035:
2036:
2037:
2038:
2039:
2040:
2041: 2028
2042:
2043:
2044:
2045:
2046:
2047:
2048:
2049:
2050:
2051:
2052:
2053:
2054:
2055:
2056:
2057:
2058:
2059: 2219
2060:
2061:
2062:
2063:
2064:
2065:
2066:
2067:
2068:
2069:
2070:
2071:
2072:
2073: 2065
2074:
2075: 2256
2076: 2240
2077:
2078: 2193
2079:
2080:
2081:
2082: 2245
2083:
2084:
2085:
2086:
2087:
2088:
2089:
2090: 2046
2091:
2092:
2093:
2094:
2095:
2096:
2097:
2098:
2099: 2023
2100:
2101:
2102:
2103:
2104:
2105:
2106:
2107:
2108:
2109:
2110:
2111:
2112:
2113:
2114:
2115:
2116: 2222
2117:
2118:
2119:
2120: 2279
2121:
2122:
2123:
2124:
2125:
2126:
2127: 2255 2102
2128:
2129:
2130: 2113
2131:
2132:
2133:
2134: 2258
2135:
2136:
2137:
2138: 2300
2139:
2140:
2141:
2142: 2230
2143:
2144:
2145:
2146:
2147:
2148:
2149:
2150:
2151:
2152:
2153:
2154:
2155:
2156:
2157:
2158:
2159: 2251
2160:
2161: 2170
2162:
2163:
2164:
2165:
2166:
2167:
2168:
2169:
2170:
2171:
2172:
2173:
2174:
2175:
2176:
2177:
2178:
2179:
2180:
2181:
2182:
2183:
2184: 2292
2185:
2186:
2187:
2188:
2189:
2190:
2191:
2192:
2193:
2194:
2195:
2196:
2197:
2198:
2199: 2212
2200:
2201:
2202:
2203:
2204:
2205:
2206:
2207:
2208:
2209:
2210:
2211:
2212:
2213:
2214:
2215:
2216:
2217:
2218:
2219: 2180
2220:
2221:
2222:
2223:
2224:
2225:
2226:
2227:
2228:
2229:
2230:
2231:
2232:
2233:
2234:
2235:
2236:
2237:
2238:
2239:
2240:
2241:
2242:
2243:
2244:
2245:
2246: 2289
2247:
2248:
2249:
2250:
2251:
2252:
2253:
2254:
2255:
2256:
2257:
2258:
2259:
2260:
2261:
2262:
2263:
2264:
2265: 2266
2266:
2267:
2268:
2269:
2270:
2271:
2272:
2273:
2274:
2275:
2276:
2277:
2278:
2279:
2280:
2281:
2282:
2283:
2284:
2285:
2286:
2287:
2288:
2289:
2290:
2291:
2292:
2293:
2294:
2295:
2296:
2297:
2298:
2299:
2300:
2301:
2302:
2303:
2304:
2305:
2306:
2307:
2308:
2309:
2310:
2311:
2312:
2313:
2314:
2315:
2316:
2317:
2318:
2319:
2320:
2321:
2322:
2323:
2324:
2325:
2326:
2327:
2328:
2329:
2330:
2331:
2332:
2333:
2334:
2335:
2336:
2337:
2338:
2339:
2340:
