1: 853 812 577 525 415 135 55 29 2 1
2: 854 496 165 7
3: 905 615 342 254 253 125 92 76 72 69 52 5 4 3
4: 895 321 136 113 64 9
5: 521 359 179 41 17 16 13 12
6: 1081 1027 895 684 427 406 321 277 219 157 136 130 119 113 110 65 64 31 30 9
7: 829 95 8 6
8: 1065 659 251 201 59 53 38
9: 469 382 310 162 155 154 114 111 106 82 74 68 63 51 10
10: 973 640 575 439 324 221 176 127 102 56 42
11: 1020 905 218 50 18 15 11
12: 1086 1020 799 475 419 383 335 289 252 103 84 40 34 33 25
13: 993 174 153 23 22 20 14
14: 1081 854 684 427 130 110 49 47 27
15: 1079 944 905 744 688 475 383 358 284 84
16: 850 501 269 242
17: 532 452 434 406 277 157 119 65 48 31 30
18: 289 21 19
19: 990 123 60 26
20: 213 58
21: 674 411 271 24
22: 886 810 493 445 385 247 222 206 159 137 99 43 36
23: 144
24: 830 818 691 678 270 132 77 28
25: 290 215 193 85 37
26: 947 849 766 675 604 561 139 121 62 44
27:
28: 898 350 199 93 35
29: 947 910 849 791 766 683 604 197 139 114 106 105 94 82 68 32
30: 96 61
31: 46
32: 1035 933 722 690 651 527 490 388 224 145
33: 702 647 282 247 222 142 126 114 106 73 67 45
34: 996 966 903 857 832 809 738 573 235 144 39
35: 867 753 410
36: 863 746 309 255 185 88 81
37: 949 435 186 184 80
38: 66
39: 978 911 479 351
40: 429 79 54
41: 291 163
42: 905 885 858 764 696 669 267 253 87 83 69
43: 683 197 105 94
44: 304 227 152 120 71
45: 67
46: 1049 857 836 738 651 573 527 194 151
47: 835 798 310 167 155 154 131 101
48: 1053 357 70
49: 310 155 154 74
50: 773 729 57
51: 1086 959 882 881 845 419 335
52: 410 108 75
53: 946 943 891 703 497 286 212 210 182 115 86 78
54: 475 358 252 84
55: 1020 421 300 196 187 183
56: 709 148
57: 189
58: 865 89 87 83
59: 932 835 482 385 332 206 159 137 131
60: 841 827 776 530 372 322 273 90
61: 854
62: 885 858 128
63: 385 206 159 137 109
64: 1049 659 625 251 201
65: 433 409
66: 647 282 142
67: 990 602 571 428 384
68:
69: 1023 884 792
70: 703 286 104
71: 385 206 159 137
72: 886 493 333 230 143
73: 395
74: 869 547 441
75: 926 196 183
76:
77: 1013 894 763 576 412 348 124 97 91
78: 878 506 364 234 208
79: 363 315 118 98
80: 764 696 669 267
81: 834 202 175 147 112
82: 761 487 397 311
83: 1083 703 395 286
84: 794 454 166 138
85: 263 239 192 133 100
86: 989 961 839 414 181 156 141 116 107
87: 956
88: 1063 847 546 272 245
89: 922 317 122
90: 711 302
91: 981 721 257 117
92: 1014 832 268 190
93: 987 761 397 311
94: 332
95: 237 191 177 134
96: 770 675 561 443 205
97: 984 910 263
98: 937
99: 129
100: 776 195 161
101: 498 339
102: 1079 1037 944 744 688 243 188
103:
104: 389
105: 1033 948 934 430 355 146
106:
107:
108: 1004 783 534 507 450
109: 363 315 285
110:
111: 798 765 167 140
112:
113: 860 695
114: 618 611 569 390 149
115: 1027 295 264
116: 774 649
117: 343 307 258
118: 864 656 173
119: 480 287
120: 794 171 169
121: 569 398 226
122: 440
123: 975 946 943 891 837 705 212 182 150
124: 294 265
125: 469
126: 1027 741 360 319
127: 367 338 244
128:
129: 834
130:
131:
132: 1022 778 656 552 305 178
133:
134: 1037 965 923 582 548 408 401 168 158
135: 341 266 160
136: 296
137: 1081 684 500 458 427 391
138: 960 776 635 195
139: 990 384 164
140:
141: 791 207
142: 939
143: 1058 886 493 333 230 170
144: 558 276 180
145: 1058
146:
147: 640 575 172
148: 278
149: 950 685 413
150: 470
151: 722
152: 500 391 229 198
153: 284 217 200
154: 954 665 283 209 204
155: 825 804
156: 910 764 696 669 228 220
157:
158: 594 260
159: 898 456 292 211
160: 954 810 665 645 445 400 283
161: 365
162: 786 702 405
163: 917 518 422 356 238 203
164: 1071 775 630 394 353 314
165: 985 438
166: 261
167: 232 214
168: 532 452 434
169: 754 453 329
170: 1007 345 236
171: 1046 855 216
172: 288
173: 301 259
174: 765
175: 843
176: 1053
177:
178: 795 393
179:
180: 832
181: 316
182: 852 723
183: 1074
184: 1001 495
185: 898
186: 768
187: 424 250
188:
189: 1018 233
190:
191: 690 490
192: 975 673 488
193: 223
194: 379
195: 713 474
196: 464
197: 378 373 231 225
198: 816
199: 658
200: 1007 695 619 553 466
201: 297
202:
203: 448 377 376
204: 567 355
205: 392 281 240
206: 481 326
207: 868
208:
209:
210: 325
211:
212: 938 833 293 256 246
213: 980 661
214: 978 911 249
215: 330
216: 764 696 671 669 537 439 248 241
217: 617 504 350 275
218: 963 437 298
219:
220: 1041 827 725 720 530
221: 554
222:
223: 825 804
224: 693 627 416 280
225: 605 354 340 262
226: 1060 976 864 739 540 528 426 420
227: 816 682 361
228: 380 303
229: 447
230: 1006 925 279
231:
232: 1049 625 274
233: 687
234: 1042 1016 822 485 352
235: 880
236: 366
237: 299
238: 908 609 595
239: 986
240: 938 833 691 396
241: 327 323
242:
243:
244: 387
245:
246: 780 331 308
247:
248:
249: 996 966 903 809 328
250: 313
251: 1083 617
252: 462 460
253: 1064
254: 1036 897 629 613
255: 1070 608 503
256: 942 658 459
257: 872 706
258: 803 769 655 624
259: 992 851 728 560 306
260: 1062
261:
262: 700
263: 693
264: 374
265: 754
266: 537
267: 531
268: 1001 502 495
269:
270: 599
271: 371
272: 312
273: 508 451 336
274: 945
275: 747 399
276:
277: 865 320
278: 318
279: 929 369 337
280: 344
281: 1035
282: 559
283: 950 685 653 565
284: 637 542
285:
286: 465 370
287: 893 558
288: 386
289: 362
290: 821
291: 1079 944 744 688
292: 403
293: 832 524
294:
295: 404
296: 484
297: 562 545 509
298: 703 691 515 461
299: 961 414
300:
301: 693 416 349 334
302: 888
303:
304: 505
305: 803
306:
307: 735 622
308:
309:
310:
311:
312: 1085 885 858 831
313: 1046
314: 588 578
315: 1047 581
316: 346
317: 417
318:
319: 867 753 423
320: 704 636
321: 347
322:
323: 959 917 882 881 845
324:
325:
326:
327: 856 745 550 526 468
328:
329: 585 516
330: 820 425
331: 1083 603
332: 1036 918 648
333: 633
334: 660
335: 514
336: 910 642 472
337:
338: 928 467 402
339:
340: 926 375
341: 1082
342: 813 579
343:
344: 551 492
345: 670
346: 1017 991 787 694
347: 663 557 471
348: 762
349: 368
350: 927 900 687
351: 1064 737 491
352: 1006 925 909 556
353: 954 665 431
354:
355:
356:
357:
358: 1086
359: 381
360: 1051 1025 846 842 444
361: 563 442 407
362: 478
363: 1048 957 580 512
364:
365: 770
366: 918 648
367:
368: 457
369: 489
370: 826 432
371: 963 940 614
372: 1086 751 710 692 510 494
373:
374:
375:
376: 953
377: 649
378: 997
379: 974 920 643
380: 692
381: 455
382: 627
383:
384:
385:
386: 778
387: 418
388:
389: 477
390:
391: 1020
392: 740 676 449
393: 902 436
394: 784 707
395: 836
396: 1078 701
397: 538
398: 1009
399: 789
400:
401: 1074
402: 446
403:
404:
405: 781
406: 513
407:
408:
409: 1011 828
410:
411: 1030
412:
413: 662 570 483
414: 758 616 533
415: 968
416:
417:
418:
419: 473
420:
421:
422: 463
423: 819
424: 1015 535
425:
426: 913
427: 693 574
428: 587
429: 1041 725 720 704 598
430: 736 476
431: 757
432: 600
433:
434:
435: 933 522
436: 519
437:
438: 1059 824 511
439: 689
440: 517
441: 586
442: 743 724 666
443:
444:
445: 901 872 706
446:
447: 817 664
448:
449: 800
450:
451: 499
452:
453:
454: 536
455: 751
456: 1032 879 597
457: 1019
458:
459:
460: 593
461: 837 705
462: 983 592
463: 977 964 486
464:
465: 988
466: 1012 621
467:
468: 639
469:
470: 539
471: 797
472:
473: 644
474: 718
475: 1023 792
476:
477: 572
478: 1017 787 694 601
479:
480:
481: 856 745 632
482:
483:
484: 1003
485: 541 520
486: 994 806
487:
488:
489: 796
490:
491: 589
492: 1084 1038
493: 543
494:
495:
496:
497: 560
498: 628 549
499: 767
500:
501:
502:
503: 967 805
504: 1011 529
505:
506: 523
507: 756
508:
509:
510: 759 730
511: 969
512: 922
513:
514:
515: 912 591
516: 875 626
517:
518: 697
519: 544
520: 638
521: 564
522:
523: 657
524:
525: 919
526: 1006 925 896 823
527:
528:
529:
530: 855 810
531:
532:
533:
534: 870 726
535:
536:
537: 698
538:
539: 634
540:
541: 1080
542: 813
543:
544: 650 641 555
545: 668
546:
547:
548: 1018 566
549: 612 607
550: 610 583
551: 862 772 568
552:
553: 838 762
554: 916
555: 732
556: 768
557: 914
558: 704 652
559:
560:
561:
562: 979
563: 712
564: 584
565: 914
566: 1079 944 717 606
567:
568: 1077 999
569:
570:
571:
572:
573: 596
574: 631
575:
576: 880
577:
578: 680
579: 715
580: 590
581:
582: 968
583: 1085 864 739
584:
585: 1055 982 801
586:
587: 930 750
588:
589:
590:
591:
592:
593: 782
594:
595: 620
596:
597: 1031 667
598: 830 818 686
599: 998 907
600:
601:
602:
603:
604:
605:
606: 714
607:
608: 1054 989 716
609: 681
610:
611:
612: 921
613:
614: 993 953
615: 623
616:
617:
618:
619: 1057 866 677
620: 699
621:
622:
623:
624: 727
625:
626:
627:
628: 877
629:
630:
631: 762
632:
633:
634:
635:
636: 679
637:
638:
639: 910 646
640: 955 748
641:
642:
643:
644: 1008
645: 733
646:
647: 910
648:
649:
650:
651:
652:
653: 719
654: 734
655: 671
656: 1043
657: 898
658:
659: 788 654
660:
661:
662:
663:
664:
665: 1056
666:
667: 755
668:
669:
670:
671: 672
672:
673:
674:
675:
676:
677: 861
678:
679:
680: 785
681:
682:
683: 899
684:
685:
686: 814
687:
688:
689:
690:
691: 815
692: 915
693: 752
694: 802 749
695:
696:
697: 1028 883
698:
699:
700: 1010
701:
702:
703:
704:
705:
706: 972 731
707:
708: 708
709: 859 848
710:
711: 889
712:
713:
714:
715:
716:
717:
718: 1082 1065
719:
720:
721:
722: 742
723:
724: 777
725:
726: 793
727: 952
728: 1076
729:
730: 1080
731:
732:
733:
734: 771
735:
736: 760
737:
738:
739:
740:
741: 854
742:
743:
744:
745:
746:
747:
748:
749:
750: 807
751:
752: 887
753: 1072
754:
755:
756: 985 840
757:
758:
759:
760:
761:
762:
763: 1045
764:
765: 808
766:
767:
768:
769:
770:
771: 1036 897
772: 779
773:
774:
775: 790
776:
777:
778:
779: 1012 890
780:
781:
782:
783:
784:
785: 811
786: 876
787: 1061
788:
789:
790:
791:
792:
793:
794:
795: 871
796:
797:
798:
799:
800:
801:
802:
803:
804:
805:
806:
807: 1067
808: 935
809:
810: 1021
811: 1085 831
812: 1000
813:
814: 951
815:
816:
817:
818:
819:
820:
821:
822:
823:
824:
825: 971
826:
827:
828: 1034
829:
830:
831:
832:
833:
834: 1016 873
835:
836:
837: 892
838:
839: 844
840: 1002
841:
842:
843:
844:
845: 1084 1038
846: 991 958
847: 904
848:
849:
850:
851:
852:
853:
854:
855:
856:
857: 970
858: 995
859: 874
860:
861: 1075
862:
863: 924
864:
865:
866:
867: 1024
868:
869:
870: 931
871:
872:
873:
874:
875: 1014
876:
877:
878:
879:
880: 1066 1050 962
881:
882: 906
883:
884:
885:
886:
887:
888:
889:
890:
891:
892:
893:
894: 941
895:
896:
897: 1068
898:
899: 1005
900:
901:
902:
903:
904:
905:
906: 1044
907:
908:
909:
910:
911:
912:
913:
914:
915:
916: 936
917:
918:
919:
920:
921:
922:
923:
924:
925:
926:
927:
928: 1026
929:
930:
931:
932:
933:
934:
935:
936:
937:
938:
939:
940:
941:
942:
943: 1073
944:
945:
946:
947:
948:
949:
950:
951:
952:
953:
954:
955:
956:
957:
958:
959:
960:
961:
962:
963:
964:
965:
966:
967:
968:
969:
970:
971:
972:
973:
974:
975:
976:
977:
978:
979:
980:
981: 1039
982:
983:
984:
985:
986: 1040
987:
988:
989:
990:
991:
992:
993: 1029
994:
995:
996:
997:
998:
999:
1000:
1001:
1002:
1003:
1004:
1005:
1006:
1007:
1008:
1009:
1010: 1052
1011:
1012:
1013:
1014:
1015:
1016:
1017:
1018:
1019:
1020:
1021:
1022:
1023:
1024:
1025: 1069
1026:
1027:
1028:
1029:
1030:
1031:
1032:
1033:
1034:
1035:
1036:
1037:
1038:
1039:
1040:
1041:
1042:
1043:
1044:
1045:
1046:
1047:
1048:
1049:
1050:
1051:
1052:
1053:
1054:
1055:
1056:
1057:
1058:
1059:
1060:
1061:
1062:
1063:
1064:
1065:
1066:
1067:
1068:
1069:
1070:
1071:
1072:
1073:
1074:
1075:
1076:
1077:
1078:
1079:
1080:
1081:
