1: 741 597 101 90 74
2: 1432 1222 168 145 118 67 21 2
3: 1036 984 478 330 178 111
4: 318 280 176 14 1
5: 327 233 109 79
6: 1453 1213 847 556 550 494 410 366 360 338 325 228 223 181 140 75 9 8
7: 1610 1532 1301 1283 890 367 252 174 171 29
8: 999 375 130 5 4
9: 1244 553 513 86 56 7
10: 1466 1093 1058 418 410 325 228 16 11
11: 533 459 404 378 348 83 39 32 19 18 12 10 3
12: 1275 1219 847 556 6
13: 1402 1098 956 901 557 529 319 20
14: 1398 419 196 179 70 17
15: 1031 759 748 121 50 43 27 25 22
16: 1173 1057 882 733 652 603 585 503 425 357 324 217 134 103 77 46 44 13
17: 258 42 15
18: 1539 1354 849 656 91
19: 1551 1306 829 619 581 533 498 459 424 404 392 378 304 229 162 139 83
20: 1306 424 356 162 139 89 30
21: 1627 470 407 380 379 273 211
22: 494 366 360 338 223 140 60 34
23: 1070 884 801 302 164
24: 1140 555 41 23
25: 1626 1343 641 271 31 28
26: 1466 432 310 309 205
27: 619 304 229
28: 338 223 140 24
29: 1656 623 543 462 144 26
30: 1354 849 435 321 267 232 209 40 33
31: 1087 323 312 47 35
32: 1310 421 170 165
33: 1168 1033 446 445 302 231
34: 1394 1314 1179 1128 934 926 377 154 57 38
35: 1477 1383 733 603 585 517 169 63
36: 481 78
37: 1481 1051 973 859 741 703 597 488 222 172 149 106
38: 475 80 59 48 45 37
39: 796 73 55
40: 836 521 305 102 85
41: 1627 1092 1057 503 407 324 49
42: 322 298 114 36
43: 1127 405 52
44: 496 248 234 122 93 88
45: 1294 938 480 365 364 218 200 175 81 53
46: 911 302 164
47: 806 307 66
48: 347 54
49: 68
50: 1283 367 71
51: 804 676 362 287 250 239 127
52:
53: 1610 1532 1301 890 204 64
54: 1079 944 906 328 207 152
55: 814 210 58
56: 1103 526 468 257 115 84 51
57: 874 61
58: 1533 1173 1152 882 652 425 217 65
59: 1546 484 206
60: 1644 1300 1050 854 715 609 506
61: 150 126 92
62: 221 203 107
63: 1598 821 737 151 117
64: 659 658 589 584
65: 1103 526 468 283 257 115 69 62
66: 1640 1605 1482 1150 785 439 429 382 226 87
67: 748 691 583 539 391
68: 1083 893 721 408 399 350 242
69: 1325 1048 1005 930 781
70: 1617 1275 1219 973 859 829 703 581 575 498 253 222 72
71: 1430 794 336
72:
73: 1402 319 264 212 96 94
74: 1180 442
75: 981 279 104 99 82
76: 220 100
77: 1098 956 901 700 673
78: 550 208
79: 418 133 128 76
80: 1537 1297 1087 635 98
81: 921 166 142 120
82: 560
83: 557 529 125
84: 1565 1484 1437 962 335 260 95
85: 694 339 187 119 113
86: 1349 1236 969 642 451 240 143
87: 1641 384 131 97
88: 1627 1564 1112 1108 407 146
89: 1310 1015 776 421 255 137
90: 955 136 129 116
91: 385 374 290 157
92: 1481 1051 488 172 149
93: 1087 1022 494 366 360 105
94: 826 344 251
95: 1626 1343 978 714 676 641 493 423 287 271
96: 377 301 189
97: 760 676 557 529 433 287 250 239 127
98: 1247 995 682 594 155 108
99: 1002 819 729 565 372
100: 841 792 574 275
101: 833 738 112
102: 1617 1388
103: 829 581 498 253
104:
105: 1478 1381 293 289 269 138
106: 1657 686 386 291
107: 1336
108: 936
109: 1421 1138 1096 1045 936 110
110: 1261 679 370 296 177 156 141
111: 121
112: 163
113: 1058 227
114: 779 342
115: 1277 1024 873 789 722 705 188
116: 485 167 124
117: 1422 186
118: 855 401
119: 1500 538 259 153
120: 733 713 603 585 440 161
121: 1515 1477 698 254 184
122: 497 265 214
123: 1383 847 556 440 123
124: 193 180
125: 1022 517 220
126: 1049 866 353 306
127: 1266 490 286 245
128: 1030 926 777 501 376
129: 1601 1178 454 191 148
130: 1022 185
131: 1102 1069 874 711 588
132: 1598 274 216 183
133: 1562 1242 610 438 202 160 147
134: 132
135: 1559 870 616 158 135
136: 1246 246 219
137: 1632 1110 215 194 182
138:
139: 520 480 365 218 200
140: 471 278
141: 748
142: 1025 173 159
143: 1244 1218 1001 716 633 573 553 531 513 235
144: 848 664 552 351 282 247
145: 970 947 368 225 192
146: 1483 1359 1272 961
147: 1419 198
148: 473 449
149: 1145 741 597 482
150: 924
151: 389 241
152: 1525 966 313 288
153: 1337 661 431
154: 1539 656
155: 1418 1165
156: 1331 341
157: 744 395 199
158: 1505 1150 311
159: 1599 1421 1138 1045
160: 1341
161:
162: 1586
163: 814
164: 1584 1306 464
165: 1548 1268 709 358
166: 880 750
167: 1086 928 332
168: 1505 952
169: 197
170:
171: 516 504
172: 1266 286 245
173: 1096 315
174: 436
175: 1499 1209 1100 759 593
176: 517
177:
178: 804 362
179: 960 492 363
180: 1206
181: 1002
182: 696 509 244
183: 1617 1194 1050 609 575 506 190
184: 444 230
185: 768 694 625 339
186: 1245 731 237
187: 773 284 266
188: 361
189: 1541 647 524 415 346 272
190: 922 561 477 393 381 270 201
191: 1237 345 236
192:
193: 1180 442
194: 1140 954
195: 1102 1098 956 901 787 768 700 673 625 285 213
196: 1574 1047 729
197: 1518 1256 1212 1136 1103 526 468 349
198: 1116 800 723 605 571 481 450
199: 699
200: 268 195
201: 952 527
202:
203: 1519 1185 1126 591 457 261
204: 978 714
205: 1541 1432 1360 1222 647 524
206: 1599 1493 1244
207: 1326 1028 923 886 840 262
208: 1117 975 403
209: 1145 787 285
210: 1305 508 495 469
211: 1291 294
212: 292
213: 1618 512 436
214: 808 380 273
215: 1287 808
216: 1079 944 865 308
217: 1256 1136 349
218: 276
219: 337 314
220: 607 224
221: 243
222:
223: 1190 281
224: 852 564
225: 871 406 238
226: 1593 881 263
227: 539 391
228: 1273 347
229: 626 409
230: 343 326
231: 1150 926
232: 320
233:
234: 902 355
235: 826 331 249
236: 1515 698 443
237: 1548 709
238:
239: 758 701
240: 470
241: 1070
242: 1169 980 839 489
243: 1651 466
244: 1150 429
245:
246: 1287
247: 537 460
248: 1453 1354 1213 849
249: 1142 958 502
250: 1268 1220 813 385 374 277
251: 734 695 671 299
252: 1648
253: 911 491
254: 1365 617 505 317
255: 1269 572
256: 1382 511
257: 1277 873 722 705
258: 295
259: 1445 422 373 256
260: 449
261: 1475 1412 1263 989
262: 1314 1141 1129 1087 934 887 753 426
263: 1035 547
264: 717 640 412 340
265: 771
266: 1651 563 558
267: 546
268: 1131
269: 1215 630 333
270: 1029 675
271: 1280 329
272: 303
273:
274: 1651 584
275: 1379 936 441
276: 929 534 316
277: 1293 1274 634
278: 953
279: 842
280: 1325 1048 1005 930
281: 1450 1392 1026 400
282: 1646 1616 822
283: 1072
284: 621 297
285: 1553 472
286: 1410 1075 562
287: 1142 437
288: 1517 1249 1196 1155 397
289: 1145 922 773 770 692 578 561
290: 759 300
291: 1517 1249 420
292: 1358 530
293: 1489 1312 918 884 518
294:
295: 807
296:
297: 1447 844 654
298:
299: 1563 1464 1259 1240 657 632
300: 1548 1191 1064 860 598 453 436
301: 1537 1297 394
302: 1226 1120 991 856 644
303: 1356 1153 1032
304: 1515 986 628
305: 620
306: 638 387
307: 1469 1260
308: 1278
309:
310: 863
311: 1524
312: 992 522
313: 334
314: 592
315:
316: 1567 1546 1190 354
317: 1163 663
318: 1550 1512 568
319:
320: 1466 1207 629
321: 712
322: 1217 674 648
323: 1629
324: 713
325: 1478 1082 551
326: 1181 402
327:
328: 1235
329: 1587 1346 1130 580
330:
331: 538 458
332: 1637 1367 413
333:
334: 1116 936 800 571
335: 465
336: 579 359
337: 1332 1313 1076 665
338: 1577 772 486
339: 1616 507
340: 1218 531
341: 1642 1596 1457 1414 1344 1223 988
342: 1305 1142 495
343: 950 596 427
344: 666 352
345: 371
346:
347: 1069 711
348: 1327
349: 398
350: 519
351: 1100 593
352: 1092 545 369
353: 1405 1203 998
354: 872
355: 1283 448
356:
357:
358: 1120 991 644 428
359: 864
360: 979
361: 1490 1208 643
362: 1640 785
363: 1642 1596 1457 1344 614
364: 1010
365: 1578 813
366: 1504 1056
367: 769 569
368: 815
369: 1059
370: 1551 739
371: 1527 763 566
372: 843 720
373: 1084 390
374: 1411 743 582 474
375: 703
376: 1125 708 388 383
377: 1581 782
378:
379: 811 456
380: 1622 1536 1119 687
381: 624 618
382: 1202
383: 971 710
384: 483
385: 479
386: 865 680 615
387:
388: 798 452
389: 1091 662 411
390: 950 831
391: 1058 1050 609 506
392: 455 396
393:
394: 1011 827 599
395: 719
396: 1622 1536 1123
397: 1175 1081 685 570
398: 1365 434
399: 1131
400: 841
401: 706 636
402: 1632 1110 417
403:
404:
405: 1077
406: 1269 726
407: 1493
408: 1118 888
409: 1533 1152
410: 1494
411: 1440 500
412: 476
413: 905
414:
415: 983 463 416
416: 414
417: 1067 976
418: 1550
419: 1439 1160
420: 1375 645 577
421: 799
422:
423: 1210 945
424: 1464
425:
426: 1416
427:
428: 1649
429: 868 540
430: 510
431: 1431 1413 1012 430
432: 1449
433: 939
434:
435: 994 548
436: 740 542
437:
438:
439: 1325 1246 1121 1048 1005 930 754 745
440: 447
441: 959 797 587
442: 1204 917
443: 1347 1316 1271 536
444: 600
445:
446: 1597 992
447: 461
448: 532
449: 1574 1047
450:
451: 1459 802 765
452: 1619
453: 1192 846 554 487
454:
455: 689
456: 1154 515
457: 781
458: 1191
459: 1037 655
460:
461: 752 467
462:
463: 784 761
464: 690
465: 1603
466:
467: 1491 1268
468:
469: 646
470: 1605 1035 875 786 499
471: 669 538
472: 704 547
473: 1049 866 544
474: 1516 1201
475: 1623 1029 927 898 576
476:
477: 756 525
478: 1417
479: 745
480: 746
481: 1511 1028 819
482: 1610 1532 1301
483: 1549 1174 883
484: 1463
485: 1631 1516 1397 1201 678
486: 1649 1461 1420 1387 915
487: 957
488: 985
489: 602
490: 1121 754
491: 816 677 514
492: 1193 839 559
493: 1264 1179 1128 885
494:
495:
496: 649
497:
498:
499:
500:
501: 766 608
502: 523
503: 1565 1484 1437 962
504: 850
505: 637
506: 1632 1110 707
507: 1078
508: 1150
509: 1318
510: 541
511: 1028 528
512: 837 747
513: 963
514: 1237 549
515:
516:
517:
518: 1617 1421 1138 575
519:
520:
521: 1071
522: 819 565
523:
524: 1211
525:
526: 793
527: 1320 1232
528:
529: 1182 1073
530: 1453 1213 1186 897 631
531:
532: 1105
533: 1042
534: 1251 1134 668
535: 567
536: 1427
537: 1191 912
538:
539: 791
540:
541: 1376
542:
543: 622
544: 940
545: 1250 535
546:
547: 980
548: 989 730 697
549: 1044
550: 1193 1090
551: 996
552: 1628 967
553:
554: 789
555: 1135 718 606
556: 1637 1367 1066 1054
557:
558:
559:
560: 1505 1182 1073
561: 1247 590
562: 1587
563: 1533 1311 889 702
564:
565:
566: 1093
567: 1204 941
568: 1364
569: 1104
570: 817
571:
572: 1199 1176 683 612
573: 1621 764
574:
575: 1429 725
576: 1646
577: 1602 1507 755
578: 1591
579: 1324 660
580: 820 595
581: 987 803 724
582: 1455 1315 1224 601
583:
584: 972
585: 604
586: 1151 857
587:
588:
589:
590: 1167 727
591: 672
592:
593:
594:
595: 1502 851
596: 1423 681
597: 990
598:
599: 778 684
600:
601:
602: 1027
603:
604: 613
605: 1564 1406 1112 1108 982
606: 853
607:
608: 1194
609: 1177 767
610:
611: 586
612: 611
613: 762
614: 964
615: 790 688
616: 1608
617: 1214
618: 1608 1519 1185 1126
619: 1630 1576 1424 1115 946
620: 1478 1195 742
621: 693 639
622:
623:
624: 1644 1300 854 715
625: 1568 1329 838
626:
627: 1657 1057
628: 1353
629: 1017
630: 909
631: 1449
632: 809
633:
634: 953 627
635: 1461 915
636: 947
637: 1633 1355 948
638:
639: 1348
640: 1330 757
641: 933
642: 1653 1594
643: 858
644: 670
645: 1550 1391 835
646: 1475 1263 1046
647: 1052 1009
648:
649: 974
650:
651:
652:
653:
654:
655:
656: 1554
657: 1500
658:
659:
660: 728
661: 1140 653
662: 1578
663:
664:
665:
666: 1186 897
667: 1488 1159 830
668: 1365
669: 1435 749 667
670: 780
671: 650
672: 1614 1544 1085
673:
674: 651
675: 1434 1137 783
676:
677: 1311 889
678: 1444
679: 1601 1431 834
680: 878
681: 935
682: 1247 989 730
683:
684: 1501
685: 1609 1471
686: 1503 914
687: 1572
688:
689: 1384
690: 1543 1226 856
691: 904
692:
693:
694: 744
695: 916
696: 774
697:
698:
699: 824
700:
701:
702: 1371 1144
703: 1363 1314 934
704: 942
705: 825 751
706: 1592
707: 1195
708: 735
709: 732
710: 1080
711: 795
712:
713: 1487 1476
714: 1336
715:
716:
717: 1117 788
718:
719:
720:
721: 1282
722:
723:
724: 1172 736
725: 1020
726: 1501 1206 1173 1063
727:
728: 1576 1115 946
729: 862
730:
731:
732:
733:
734: 1526 1456
735: 1198
736: 986 968
737: 1370 1097
738:
739: 965 861
740:
741:
742: 1579 891
743:
744: 1264 885
745:
746: 932
747:
748: 1478
749: 1400 1229 812
750: 1004
751:
752:
753:
754:
755: 1234 1088
756: 1645
757: 1657
758: 1187
759: 1332 877
760:
761: 1095 775
762: 1466
763:
764: 1597
765:
766:
767:
768:
769:
770:
771: 1582
772:
773:
774: 1468 997
775:
776: 1409 1062 823
777: 1253
778: 1133
779: 1406 982
780: 1060 1016
781: 1428
782:
783: 1321
784: 1257 832
785: 1156 879
786: 855
787:
788: 1323 1289
789: 1479
790:
791: 1288 903
792: 1622 1536 1123 931
793:
794:
795:
796: 1447 1265
797:
798: 1197 1107
799: 1346 818
800:
801:
802:
803: 921
804: 805
805: 1227
806: 1039
807:
808:
809:
810:
811: 867
812: 810
813:
814: 1425 1228
815:
816: 1304
817: 1162 1043 1008 845
818: 892
819:
820: 828
821: 1221 900
822: 1464 1240 1166
823:
824: 919
825:
826:
827:
828: 1452 1407
829:
830: 1613 1068 895
831:
832:
833: 1571
834:
835: 869
836:
837: 1329 1323 1101 907
838:
839: 1000
840:
841:
842:
843:
844:
845: 1157
846:
847: 1342
848:
849:
850: 1286
851:
852: 1223
853:
854: 1164
855:
856: 937
857:
858:
859: 910
860: 920 894
861:
862: 1130
863: 1220
864: 1544
865: 1477
866:
867: 876
868: 925
869: 1403 1034
870:
871: 1472
872: 1124
873:
874: 1604
875: 1308
876:
877:
878:
879: 1238
880:
881:
882:
883:
884:
885: 1552
886:
887:
888: 1139
889: 1302
890:
891:
892: 1114
893:
894: 977
895: 1281
896: 1361
897:
898:
899: 1169
900: 899
901:
902: 1267 1055
903: 1147
904: 1592 949 913
905:
906:
907: 1113
908:
909:
910: 1449 896
911: 1006
912:
913: 1018
914:
915: 1547
916: 1061
917:
918: 1099
919:
920: 1401
921: 1634
922: 1090 943
923:
924:
925:
926:
927: 1074
928:
929: 1522 1492
930: 1338 908
931: 1572
932: 1474 1132
933: 1618
934:
935:
936: 1557
937:
938:
939:
940:
941:
942: 1451 1368 1053
943: 951
944:
945: 1542
946: 1373 1357
947:
948:
949:
950: 1521 1291
951: 1394
952:
953: 1216 1146
954: 1520
955:
956: 1235
957: 1041
958:
959:
960: 1593
961:
962: 1307 1089 1014
963:
964:
965:
966:
967:
968: 1170
969:
970: 1582
971: 1003
972: 1013
973: 1623
974: 1341 1019
975:
976: 1333
977: 1335
978: 1324
979:
980:
981:
982: 1328
983:
984:
985:
986: 1239 1065
987:
988:
989:
990:
991: 1604
992: 1171 1109 993
993:
994:
995: 1038 1023
996: 1007
997:
998:
999: 1290
1000: 1452 1407 1377
1001:
1002:
1003:
1004:
1005:
1006:
1007: 1021
1008:
1009:
1010:
1011:
1012: 1647 1143
1013:
1014: 1316 1271
1015: 1607 1094
1016:
1017:
1018:
1019: 1371
1020:
1021:
1022:
1023: 1184
1024:
1025: 1122
1026: 1534
1027: 1183
1028:
1029:
1030:
1031:
1032:
1033:
1034:
1035:
1036:
1037: 1590
1038:
1039: 1233
1040: 1403
1041: 1514 1158
1042: 1570
1043:
1044: 1040
1045:
1046:
1047: 1350
1048:
1049:
1050:
1051: 1652 1189
1052: 1639
1053:
1054:
1055:
1056:
1057:
1058: 1589
1059: 1595 1531 1508
1060:
1061:
1062: 1340
1063:
1064: 1188
1065:
1066: 1555 1239
1067: 1339
1068: 1525
1069:
1070:
1071:
1072: 1295
1073:
1074: 1480 1111
1075:
1076:
1077:
1078:
1079: 1636
1080:
1081: 1586
1082:
1083:
1084:
1085:
1086: 1473 1284
1087: 1498
1088: 1106
1089:
1090:
1091:
1092:
1093:
1094:
1095:
1096:
1097: 1399
1098: 1345 1149 1148
1099:
1100:
1101:
1102:
1103:
1104:
1105:
1106:
1107:
1108: 1241
1109:
1110:
1111:
1112:
1113: 1538 1372
1114: 1200
1115:
1116: 1640
1117: 1601
1118: 1608
1119: 1415
1120: 1631 1397
1121: 1254
1122:
1123:
1124: 1389
1125:
1126:
1127:
1128: 1161
1129:
1130:
1131: 1638
1132: 1366
1133: 1569
1134:
1135:
1136:
1137: 1522 1492
1138:
1139:
1140: 1303
1141:
1142:
1143: 1369 1225
1144:
1145:
1146:
1147: 1583 1441
1148:
1149: 1205
1150: 1298
1151: 1558
1152:
1153:
1154:
1155: 1583 1448 1385 1255
1156:
1157: 1373 1357
1158:
1159:
1160: 1248
1161:
1162:
1163: 1362
1164:
1165:
1166: 1252
1167: 1262
1168: 1523 1230
1169: 1317 1270
1170:
1171:
1172: 1556 1496
1173: 1351
1174:
1175:
1176:
1177:
1178:
1179:
1180: 1535
1181:
1182:
1183: 1319
1184: 1258
1185:
1186: 1634
1187:
1188:
1189: 1296
1190:
1191:
1192:
1193:
1194: 1611 1588 1433
1195:
1196:
1197:
1198: 1580
1199:
1200: 1380 1243
1201:
1202: 1363
1203:
1204:
1205: 1395 1292
1206:
1207:
1208:
1209: 1231
1210: 1374
1211: 1426
1212: 1419
1213:
1214: 1463 1285
1215:
1216:
1217:
1218:
1219: 1573 1513
1220:
1221:
1222: 1643
1223:
1224:
1225:
1226:
1227: 1542
1228:
1229: 1485
1230:
1231:
1232:
1233:
1234:
1235: 1299
1236:
1237:
1238:
1239:
1240: 1560
1241:
1242:
1243:
1244: 1442
1245:
1246:
1247:
1248: 1612
1249: 1633
1250:
1251: 1458
1252:
1253:
1254:
1255:
1256:
1257: 1575 1276
1258:
1259:
1260:
1261:
1262:
1263:
1264:
1265:
1266:
1267: 1378
1268: 1615
1269: 1529
1270:
1271:
1272: 1279
1273:
1274:
1275: 1393
1276:
1277:
1278:
1279:
1280: 1322
1281: 1396
1282:
1283:
1284:
1285:
1286: 1309
1287: 1654
1288:
1289:
1290:
1291:
1292:
1293: 1454
1294:
1295: 1624
1296:
1297: 1540 1495
1298:
1299: 1352
1300:
1301:
1302: 1486
1303:
1304: 1446
1305:
1306: 1390
1307:
1308:
1309:
1310:
1311:
1312:
1313:
1314:
1315:
1316:
1317:
1318: 1467
1319:
1320:
1321:
1322:
1323:
1324:
1325:
1326:
1327:
1328:
1329:
1330: 1545
1331:
1332:
1333:
1334: 1334
1335:
1336:
1337:
1338:
1339:
1340:
1341: 1443
1342: 1585
1343:
1344:
1345:
1346: 1600
1347: 1386
1348:
1349:
1350:
1351: 1438
1352:
1353:
1354:
1355:
1356: 1404
1357:
1358:
1359: 1566
1360:
1361:
1362:
1363:
1364:
1365: 1436
1366:
1367:
1368:
1369:
1370: 1408
1371:
1372:
1373:
1374:
1375:
1376:
1377:
1378:
1379:
1380:
1381:
1382:
1383:
1384:
1385:
1386:
1387:
1388:
1389: 1655 1606
1390:
1391:
1392:
1393:
1394:
1395:
1396:
1397:
1398: 1510
1399:
1400:
1401:
1402:
1403:
1404:
1405:
1406:
1407:
1408:
1409:
1410:
1411:
1412:
1413: 1460
1414:
1415:
1416:
1417:
1418:
1419:
1420:
1421:
1422: 1506
1423:
1424:
1425:
1426:
1427:
1428:
1429:
1430:
1431: 1509
1432:
1433:
1434:
1435:
1436:
1437:
1438:
1439:
1440:
1441:
1442:
1443:
1444:
1445:
1446:
1447:
1448:
1449:
1450: 1470
1451: 1462
1452:
1453: 1561
1454:
1455:
1456: 1635
1457:
1458:
1459: 1620 1497
1460:
1461:
1462:
1463: 1465
1464:
1465:
1466:
1467:
1468:
1469:
1470:
1471:
1472:
1473:
1474:
1475:
1476:
1477:
1478:
1479:
1480:
1481:
1482:
1483:
1484:
1485:
1486:
1487: 1650
1488:
1489:
1490:
1491:
1492:
1493:
1494:
1495:
1496:
1497:
1498:
1499:
1500:
1501: 1625
1502:
1503:
1504:
1505:
1506:
1507:
1508:
1509:
1510:
1511:
1512:
1513:
1514:
1515:
1516:
1517:
1518:
1519:
1520:
1521:
1522:
1523:
1524:
1525: 1528
1526:
1527:
1528:
1529:
1530:
1531:
1532:
1533:
1534:
1535:
1536:
1537:
1538:
1539: 1530
1540:
1541:
1542:
1543:
1544:
1545:
1546:
1547:
1548:
1549:
1550:
1551:
1552:
1553:
1554:
1555:
1556:
1557:
1558:
1559:
1560:
1561:
1562:
1563:
1564:
1565:
1566:
1567:
1568:
1569:
1570:
1571:
1572:
1573:
1574:
1575:
1576:
1577:
1578:
1579:
1580:
1581:
1582:
1583:
1584:
1585:
1586:
1587:
1588:
1589:
1590:
1591:
1592:
1593:
1594:
1595:
1596:
1597:
1598:
1599:
1600:
1601:
1602:
1603:
1604:
1605:
1606:
1607:
1608:
1609:
1610:
1611:
1612:
1613:
1614:
1615:
1616:
1617:
1618:
1619:
1620:
1621:
1622:
1623:
1624:
1625:
1626:
1627:
1628:
1629:
1630:
1631:
1632:
1633:
1634:
1635:
1636:
1637:
1638:
1639:
1640:
1641:
1642:
1643:
1644:
1645:
1646:
1647:
1648:
1649:
1650:
1651:
1652:
1653:
1654:
1655:
1656:
1657:
1658:
1659:
1660:
1661:
1662:
1663:
1664:
1665:
1666:
1667:
1668:
1669:
1670:
1671:
1672:
1673:
1674:
1675:
1676:
1677:
1678:
