1: 1689 622 558 52 36
2: 32 6
3: 1735 1626 1578 1500 1112 1065 956 829 608 567 487 470 417 394 359 342 261 247 154 135 121 70 66 11 3 2 1
4: 956 567 154 13
5: 1647 1626 1342 1256 1065 964 576 342 229 5
6: 1368 495 219 123 104 78 10
7: 256 106
8: 1152 1071 687 205 169 76 54
9: 1544 1371 1170 996 685 326 260 38 15
10: 1524 1236 1057 594 431 396 357 277 115 37 28 26 23 19
11: 1452 1414 125 102 7
12: 1245 1219 1003 817 619 568 515 286 41
13: 28 26 23 8
14: 1428 492 253 158 107 53 27 14 4
15: 1578 1320 608 261 193 163 152 97 94 86 85 55 46 21 9
16: 1428 1278 1126 963 945 830 492 365 30 25
17: 1573 1556 1354 1038 1017 732 660 611 144 134 81 12
18: 432 140 108
19: 1633 1354 1177 1136 1109 1038 950 944 732 660 339 240 144 134 124 81 79 18 16
20: 1524 1236 813 357 277 115 84
21: 1404 1340 813 84 17
22: 770 665 498 377 29
23: 1748 292 269 257 47 24
24: 1624 1575 1433 1357 1320 1045 691 430 156 62 31
25: 1748 1311 410 292 283 269 257 100 47
26: 157 129 49
27: 1484 1320 617 304 287
28: 1519 951 541 425 109 20
29: 1049 758 631 629 474 340 22
30: 946 137
31: 1257 892 433 133 33
32: 500 164 92 87 73
33: 1418 849 786 741 712 591 569 294
34: 397 181
35: 1748 1419 1153 811 714 381 292 269 257 244 103 57 47 24
36: 1690 1608 1346 1259 729 662 517 506 480 267 167 122
37: 1206 692 117
38: 1735 376 359 247 121 66
39: 901 695 524 190 34
40: 1596 1102 161
41: 1586 1493 1318 1219 1081 777 634 491 438 383 264 149 50
42: 1418 712 569 361 360 186
43: 817 781 735 568 515 475 286 39
44: 1429 1381 188
45: 1626 1065 990 342 182 118 93 35
46: 1441 1340 1229 1163 1002 926 855 813 669 346 203 143 64
47: 1112 956 829 567 487 480 412 345 317 210
48: 1531 1218 1055 1014 917 854 758 675 629 474 403 352 40
49: 551 298 255 56
50: 1632 1209 548 525 313 206
51: 429 296 213
52: 497 166 160 120 65
53: 1335 1258 1137 1021 994 946 697 685 440 299 259 230
54: 116
55: 303 199 171 42
56: 764 288 98 72 63
57: 1433 156
58: 882 538 268 148 58
59: 1151 130 126 80 60
60: 1253 1004 943 693 200 48
61: 1163 926 855 449 446 367 338 333 67 51
62: 1654 1074 289 218 207
63: 302 147 45
64: 1404 1025 150
65: 1116 1093 537 481 209 88
66: 669 388 346 203 136 89
67: 254 180
68: 1725 1577 854 352 234 43
69: 1267 562 542 44
70: 1735 1343 1220 1198 635
71: 1120 965 698 231 223 162 151 101 82
72: 470 281 69 59
73: 1057 445 431 396 113
74: 1660 1110 252
75: 1602 329 141 68
76: 936 906 266 119 114
77: 1508 1336 676 334 174
78: 1039 554 251 153
79: 903
80: 1055 403
81: 1379 490 95 90
82: 1116 1093 537 209 88
83: 1213 519 319 61
84: 168
85: 1484
86: 1680 1237 1117 854 352 234 225 74
87: 597
88: 1144 533 390 83 77
89: 446 128
90: 552 75 71
91: 1741 1501 1251 1159 1139 587 297 290
92: 1224 159
93: 610 285 96
94: 988 486 387 132 91
95: 1621 967 753 583 426 216 145
96: 1310 671 208
97: 318 111
98: 972 750 201
99: 1610 663 428 422
100: 1266
101:
102: 1632 1209 525 343 170
103: 291 202 138 112 99
104: 325
105: 1722 964 583
106: 842 824
107: 173 110
108: 416
109: 1433 1388 1058 923 785
110: 1554 840 284 105
111: 1442 1372 893 246 221
112: 340
113: 927 866 801 743
114: 595
115: 1480 486
116: 1638 1545 1008 215 127
117: 1550 463 184
118: 593 212 175 139 131
119: 1181 1052 1025 898 806 786 400 321
120: 1463 1270 1095 1053 559 496 448 273 155
121: 1647 1342 1256 576 229 142
122: 1743 1643
123: 1163 972 926 855 367 338 333
124: 472
125: 1287 182
126: 1638 1318 777 557 500 383 149
127: 1211
128: 832 684 639 553 408 369 243 196
129: 264
130: 1265 649 320
131: 867 176
132: 220
133: 944 222 185
134: 877 248
135: 1499 1306 1269 503 280 236
136: 1573 1057 1015 445 431 396
137: 1219
138: 349 195 172
139: 1112 829 487
140: 1551 426 146
141: 1149 849 741 591 294 242
142: 730 433
143: 332 315 271 177
144: 866 743
145: 1540 905 522 198 178
146: 1586 1357 691 438 430 165
147: 617 304 287 226
148: 983
149: 1618 480
150:
151: 837 512
152: 1245 619
153: 245
154: 1132 1123
155: 1613 1278 845
156: 1429 1381 590 389
157: 1573 1520 999 690 323 276
158: 1540 1359 1270 1201 1072 1021 1004 994 905 760 697 693 606 522 483 440 299 295 200
159: 1197 529
160: 1544 1404 1371 1170 850 461 341 335
161: 1560 1467 944 617 304 287 226 179
162: 263 192
163: 1737 873 301
164: 1110 187
165: 1237 815 466 228
166: 1722 1622 1281 1244 1125 1111 974 918 703 628
167: 1021 994
168: 1039 880 554 275 183
169: 1013 719
170: 1355 1108 278
171: 189
172: 314
173: 1150 785 532 265
174: 1372 274
175: 1470 1069
176: 1499 444
177: 614
178: 844 705 197
179: 1698 1232 279 241
180: 933 211
181: 1376 643 613
182: 1711 667 224
183: 356
184: 1049 631
185: 1663 1599 737 347
186: 1421 1285 664 328
187: 1202 615
188: 681
189: 1532 1461 945 194
190: 1665 1591 1212 420
191: 1565 1206 727 692 507 443
192: 1706 811 191
193: 351
194: 1454
195: 659 238
196: 553 408 379 348
197: 1128 311
198: 1442 325
199: 1404
200: 393 350
201: 1662 1661 1608 1028 889 751 678 517 506 505
202: 1666 781 735 590 389 232 227
203: 543
204: 1311 1181 898 321 262 214
205: 866 743
206: 1312 1145 1020 459
207: 204
208: 685
209: 1734 456 434
210: 1424 1393 742 650
211: 1621 967
212: 1270 760 606
213: 1194 531
214: 1620 1566 1335 1137 1021 994 983 697 259
215: 366
216: 1009 955 680 632
217: 1627 1026 771 603 370 235
218: 401 250
219: 310
220:
221: 1744 1471 1163 725 305 233
222: 976 765 355
223: 217
224: 1052 806 400 258
225: 528
226: 420
227:
228: 1202 1058 778 615
229: 1143
230: 1287 961 734 652 581 502 501 249
231: 611
232: 1568 1295 630 601 282
233: 354
234: 1331 1176 751 505
235: 1706 353 344
236:
237: 1727 1677 1507 932 546 395 331
238: 1264
239: 1130 596 272
240: 1633 1413 1179 1177 368 336
241: 1593 435 239
242: 575 414 407
243: 358
244: 710 656 530 520 237
245: 1739 1547 1329 793 573 391
246: 316 306
247: 1200 364
248: 627
249: 399 312
250: 309
251: 1204
252: 1624 1575
253: 772 747 534
254: 840
255:
256: 330
257: 1210 1000 454
258: 1011
259: 1570
260: 1677 546
261: 526 405 270
262: 1267 452
263: 1528 754 668
264: 1127 1118 378 293
265:
266: 976 765 504
267: 640
268: 1514 995 337
269: 1254 1096 518 427
270: 971 609
271: 1268 980
272: 565
273: 289
274: 1609 510 322
275: 756 372
276: 1714 1221 1050 462 411 300
277: 946
278: 1099 914 527
279: 1418 712 308
280: 1695 1562 898 386
281:
282: 1557 324
283: 1391 1037 419
284: 727 443
285: 1632 1209 993 749 738 625 392 385
286: 535 485
287: 543
288: 1098 902 807 464
289: 478
290: 584 494 375
291: 373
292:
293: 1702 1386 1305 1216 465 447 439
294: 933 451
295: 1678 1290 983 789 702
296: 592
297: 1151
298: 1073
299: 1053 448
300: 1732 920 885 821 307
301: 1018 1001 733 709 384 371
302: 1117
303: 1550 1112 829 640 487
304: 1713 1493 1120 1081 965 566
305:
306: 1713 447
307: 1441 1002
308: 1075
309: 1674 838 424
310: 1734 1558 540
311: 418
312: 1457 1052 806 795 749 738 392
313: 1367 745 616 421
314: 1188
315: 1514 995 700 637 374
316: 1585 933
317:
318: 1680
319: 1472 442 380
320:
321: 1025 984
322: 1622 974 458 327
323: 1501 1251 1161 1159 441 404
324: 455 450
325: 1613 1250 1063 781 735
326: 509
327: 1670 1046
328: 871
329: 1499 943
330: 1523 711 362
331:
332: 1629 1217
333: 1470
334: 773
335: 1337 1138 363
336: 1289 489 402
337: 610 415
338: 1739 1674 1605 1547 1180 899 838 473
339: 1329 793 573 436
340: 382
341: 1534 477
342: 1733 1203 752 607
343:
344: 1257 826
345: 1485
346: 1708 570
347: 475
348: 747 561
349: 1573
350: 975 759 471
351: 1160
352: 1623 583
353: 1739 1547
354: 1325 812
355: 1647 1618 1552 1342 1256 1087 576 423 398
356: 715
357: 1167 604
358: 1685 499
359: 1610 874 824
360: 663
361: 1611 1155 805 523 468
362:
363:
364: 1481 957
365: 1673 1205
366: 1607
367: 1646 1294 1291
368: 740
369: 1045
370: 1616
371: 653
372: 657
373:
374: 1518 1117
375: 1367
376: 635 476
377: 642
378: 892
379: 1276 1054
380: 1603 1535 406
381: 1727 686
382:
383: 582
384: 1012 849 776 741 591
385:
386:
387:
388: 1741 1316 549 457
389: 1279 1233 544
390: 1526 1370 1061
391:
392: 1487 1199 623
393: 908
394: 1144
395: 1338 969
396:
397: 1411
398:
399: 1124 890 887
400: 1386 465 439 409
401: 1525 1153 1138 714
402: 782
403: 1662 1259 1028 889 729 678 662
404: 1372 870 787
405: 1751
406: 1294 1193 1047
407: 1246 433
408: 673 633 598
409: 555
410: 1208
411: 1114
412: 1438 413
413: 1152
414: 699 588 484 453
415: 1136
416: 1139 587
417: 1722 647
418: 1694 731 577
419: 1745 1505 658 654
420:
421: 841
422: 1017
423: 1557 856 672 589 493
424: 1613
425: 1618 1560 1467 1087 1031 815 466
426: 1716
427: 1663 579 572
428: 467
429: 1301 1231 1215 1189 1079 618 511
430: 1496 954 766 539
431: 1331
432: 1537 1089
433: 460
434: 634
435: 1500 1300
436: 953 437
437: 895 556
438: 1702 1305 1216
439: 943
440: 1622 1032
441:
442: 1731 1086 722 479
443: 1688 1242 931
444: 1639 916 726
445: 1576 761
446: 1187 987 560
447:
448: 1259 729 662
449: 563
450: 1666 960 571
451:
452:
453: 1619
454: 575
455:
456:
457: 717
458: 1262
459:
460: 666
461: 1217
462: 516
463:
464:
465: 1468 1260 1049
466: 469
467: 1415
468: 1421 600
469: 1676 878
470: 946 482
471: 1300 1090 891
472: 893
473: 1684 816 599
474: 1176 1129
475: 612 488
476: 1744 564
477: 1552 574 514
478:
479: 1406
480: 1325 724 670 655
481: 900 810
482:
483:
484: 1363 1234 1195 942
485: 1610 792
486: 870
487: 1384 819
488: 1751 1679 1629 744 536
489: 1445 1035
490: 910 868
491: 1679 641 545 521
492: 1398 1131 935 620
493: 869
494: 1549 802 638 508
495: 1569 728
496:
497:
498: 1514 995 925 700 637 624
499:
500:
501:
502: 1120 965 698
503: 645
504: 1166
505: 818 679
506: 513
507:
508: 677
509:
510:
511: 1120 965
512: 1692 1221
513: 923
514: 1727 547
515: 1409
516: 1090
517: 1619 646
518: 1304
519: 550
520: 1610
521: 1571 1426
522: 1482 875 648
523: 1638 1417 557
524:
525:
526: 861 626
527:
528: 1253
529: 1341 790
530:
531:
532: 1665 1591
533: 1271
534: 651
535: 625
536: 1234 1195 942 779 586
537: 1422 989
538:
539:
540: 1302
541: 1390
542:
543: 1006
544: 1592
545: 1653 1352 798 769
546: 1540 905 718 644
547: 1089
548:
549: 1464
550: 1696 1558 865
551: 1402 1314 1156
552:
553: 859
554: 1439 888 605
555: 1069
556: 716
557: 721
558:
559: 857 774 706
560: 1249 1228 1083 791
561: 1252
562: 1074 736 636
563: 1274 1039
564:
565:
566: 1696 580
567: 602
568: 1558 1142
569:
570: 1346
571: 1258 1231 1215 618
572: 682
573: 1372
574: 1646 1291
575: 1097 683
576: 1207
577: 585
578: 1699 1027
579: 1324 883
580:
581:
582: 1670 1235 951 578
583: 862
584: 1507 932 768
585: 621
586: 991
587: 1571 1272 1140
588: 934
589:
590: 847
591: 1307 973
592:
593: 1448 1375 1113 689
594: 1584
595: 720
596:
597: 1007 757
598: 968
599: 839 797
600: 852 707
601: 1103
602: 1022
603: 688
604: 1420
605:
606: 1731 862
607: 940
608:
609: 907
610:
611: 1385 1148 800
612: 1720 1339 930
613:
614:
615: 820 770 665
616:
617: 1016
618: 1189 1079
619: 1468 708
620: 1223
621: 1743 966
622:
623:
624:
625: 1748 1544 1371 1170 799 784
626: 1281 1111
627: 1196 1134 1066
628: 1657
629: 1010 835 762 704
630: 1268 1052 806
631: 674
632: 851 713
633:
634: 1266
635:
636: 858
637: 958 739
638:
639:
640: 719
641: 1620 1566
642:
643: 1328 886
644: 1683 1263
645: 1182 755
646: 1435
647: 696
648: 1412 1184
649: 1525
650: 794
651:
652:
653: 1353
654: 997
655: 1141 661
656:
657:
658: 809
659: 1561 1522 1277
660: 1654 880
661:
662: 922
663: 1658 1492 1024
664: 876
665:
666: 1737
667:
668: 1273
669: 1628 775
670: 1280 1023
671: 1494
672: 1042
673: 1051
674:
675: 853
676: 1109 950
677: 1244 1125 918 703
678:
679:
680:
681:
682:
683:
684:
685: 1122 796 701
686: 1224 1178
687: 1752 1282
688:
689:
690: 1075
691:
692:
693: 1619 1017
694: 1338 894
695:
696: 1661 947
697:
698:
699:
700: 1460 915 763
701:
702: 1168
703: 1247
704: 1738 1225
705:
706:
707:
708: 788
709: 694
710: 1275 1101 723
711: 1738 1225
712: 1712
713: 1596 1501 1102
714: 1349 982
715:
716:
717: 948
718:
719: 1080
720:
721: 827
722: 1645 1321
723: 1469
724: 1476 863 746
725:
726: 1364 1248 1133
727:
728: 1348 1313
729: 1718
730: 1417
731: 1308 1173
732:
733: 1412
734:
735:
736:
737:
738: 1227
739:
740: 1297
741:
742: 874
743: 936
744:
745: 822
746: 1636 1554
747:
748: 1520 1070
749:
750: 1396 783
751: 1045
752: 803
753: 836 828
754: 1337
755: 949
756: 814
757:
758: 767
759:
760:
761: 1459 1092
762:
763: 1287
764: 1301 1189 1079 748
765:
766:
767: 1361
768:
769: 1506 1191
770: 1082 894
771: 1481
772:
773:
774: 909
775: 1183
776:
777: 1654 1034
778:
779: 929
780:
781:
782:
783: 1572 977 825
784: 1532 1461 1033
785:
786: 1106
787: 879
788: 1486 1041
789: 1400 939 833
790: 1448
791: 1537
792:
793: 780
794: 1630 1548 981
795: 1457 795
796: 1740 1549
797:
798:
799:
800: 823
801: 1606 1503
802: 1519
803: 1656 913 804
804:
805: 912
806:
807:
808: 1029
809: 1592 1031 848
810: 1229
811:
812:
813: 1161
814: 1019
815: 978
816:
817:
818: 1508
819: 1309 1296 1190 1172
820: 808
821:
822:
823: 1678 1290 872
824:
825: 1104 924
826: 1536
827:
828: 985
829:
830: 1401 1399 1243
831:
832: 1539 1416 831
833: 1691 1040 846
834: 1450 1077 998
835:
836: 1382 1154
837: 1157
838: 1556 904 843
839: 1580 1436
840: 1322 992
841:
842:
843:
844:
845: 1267 1164
846: 1135 860
847: 1105
848: 1316
849: 912
850: 834
851: 1186
852: 1149 864
853:
854: 1593
855:
856:
857:
858:
859:
860: 1634
861: 1317
862:
863: 1668 1059 921
864: 937
865:
866:
867: 1597
868: 1542 1283
869: 1413 1179
870:
871:
872:
873:
874:
875: 1318 1214
876: 1751
877: 1334
878: 1165
879: 1601 1528
880: 1150 897
881:
882: 1333 1147
883: 919
884: 1068 1005
885: 1394
886:
887: 896
888: 1192 938
889:
890: 1694 1580
891:
892: 1638 1036 1030 911
893: 1344 881
894: 1666 1458 1453 1060
895:
896: 941
897:
898:
899:
900: 884
901:
902: 1171
903:
904:
905: 1612
906: 1583
907: 986
908:
909:
910:
911: 1385
912: 1084
913: 1588 1185 962
914:
915:
916:
917: 1543 970
918:
919:
920: 928
921:
922: 1132 952
923:
924:
925:
926:
927: 1682 1557
928:
929: 1169 1064
930: 1511
931: 1553 1062 979
932: 1460
933: 1427 1080
934:
935:
936: 1300
937:
938: 1121 1043
939: 1078
940: 1463 959
941: 1452
942:
943:
944:
945: 1068
946:
947:
948: 1241 1174 1109
949: 1355
950: 1488
951:
952:
953:
954: 1091
955: 1192
956:
957:
958:
959:
960:
961: 1070
962: 1067
963: 1094
964:
965:
966:
967:
968: 1299
969: 1107
970:
971: 1456
972:
973: 1480
974:
975:
976:
977:
978:
979: 1490
980:
981: 1673
982: 1725 1577
983:
984:
985: 1466
986:
987: 1615
988:
989: 1345
990: 1100
991:
992:
993: 1356
994:
995:
996: 1459
997: 1175 1158
998:
999:
1000:
1001: 1250 1063
1002:
1003:
1004:
1005:
1006:
1007:
1008:
1009:
1010:
1011:
1012:
1013: 1690 1579
1014:
1015:
1016: 1614 1455 1076
1017:
1018: 1664 1306
1019:
1020:
1021:
1022:
1023:
1024: 1048
1025:
1026:
1027: 1475
1028:
1029:
1030: 1721
1031:
1032:
1033: 1146
1034:
1035: 1044
1036:
1037: 1703 1377
1038:
1039:
1040:
1041: 1740
1042:
1043: 1489 1380
1044:
1045: 1350
1046: 1657
1047:
1048:
1049: 1483 1056
1050:
1051: 1495 1284
1052: 1204
1053: 1743
1054:
1055: 1395
1056:
1057: 1478 1303 1119
1058:
1059:
1060:
1061: 1360
1062:
1063: 1447 1239
1064:
1065: 1667
1066:
1067: 1230
1068:
1069: 1710
1070: 1674
1071:
1072:
1073: 1517
1074: 1115
1075: 1403 1088
1076:
1077:
1078:
1079: 1373
1080: 1085
1081: 1378
1082:
1083: 1351
1084:
1085: 1719
1086: 1620 1566
1087:
1088: 1726 1389
1089: 1582 1162
1090:
1091: 1515
1092:
1093:
1094: 1516
1095: 1631 1437 1238
1096:
1097:
1098: 1703 1475
1099:
1100:
1101:
1102:
1103:
1104: 1647 1434 1392
1105:
1106:
1107:
1108: 1298
1109:
1110:
1111:
1112:
1113: 1496
1114:
1115:
1116:
1117: 1226
1118: 1601
1119:
1120: 1637
1121: 1658 1410
1122: 1465
1123:
1124: 1502
1125:
1126:
1127:
1128:
1129: 1479
1130:
1131: 1240
1132:
1133:
1134:
1135:
1136:
1137:
1138: 1636
1139: 1585
1140: 1715
1141:
1142:
1143:
1144:
1145:
1146:
1147:
1148:
1149:
1150:
1151:
1152:
1153: 1326
1154:
1155:
1156: 1293
1157: 1696 1222
1158: 1408 1387
1159:
1160: 1671
1161:
1162:
1163:
1164:
1165:
1166:
1167: 1513
1168:
1169:
1170:
1171:
1172:
1173:
1174:
1175: 1388
1176:
1177:
1178:
1179:
1180:
1181:
1182:
1183:
1184: 1498
1185:
1186:
1187:
1188:
1189:
1190:
1191:
1192:
1193: 1623
1194: 1292
1195:
1196:
1197:
1198:
1199:
1200:
1201:
1202:
1203:
1204:
1205: 1361
1206:
1207:
1208:
1209: 1551
1210: 1751
1211: 1552
1212:
1213: 1511 1443
1214: 1590
1215:
1216:
1217:
1218:
1219: 1589 1288
1220:
1221:
1222:
1223: 1323
1224:
1225: 1286
1226:
1227: 1625 1594 1261
1228: 1451
1229:
1230: 1564
1231:
1232:
1233:
1234: 1705 1642
1235:
1236:
1237:
1238: 1731
1239: 1530
1240:
1241:
1242: 1255
1243: 1747 1658
1244:
1245:
1246:
1247:
1248:
1249:
1250: 1687
1251: 1655
1252: 1319
1253:
1254:
1255:
1256:
1257:
1258:
1259:
1260:
1261: 1497
1262: 1347
1263: 1651
1264:
1265:
1266:
1267:
1268:
1269:
1270:
1271: 1675
1272:
1273:
1274:
1275:
1276:
1277:
1278:
1279:
1280: 1423
1281:
1282:
1283: 1504 1332
1284: 1700
1285:
1286:
1287: 1430
1288:
1289:
1290:
1291:
1292: 1432
1293: 1315
1294:
1295:
1296: 1681 1362
1297: 1366
1298:
1299:
1300:
1301:
1302: 1595
1303:
1304:
1305:
1306: 1709 1369
1307:
1308:
1309:
1310:
1311:
1312:
1313:
1314: 1697
1315: 1327
1316:
1317:
1318: 1644
1319:
1320: 1574
1321:
1322:
1323: 1509
1324:
1325: 1598
1326:
1327: 1693
1328:
1329:
1330: 1510
1331:
1332: 1383
1333:
1334:
1335:
1336: 1538
1337: 1358
1338: 1330
1339:
1340: 1425
1341: 1531
1342:
1343:
1344:
1345: 1477
1346:
1347: 1599
1348:
1349:
1350:
1351:
1352:
1353:
1354:
1355: 1579
1356:
1357: 1617
1358:
1359: 1365
1360:
1361:
1362: 1648
1363:
1364: 1533
1365:
1366:
1367:
1368:
1369:
1370: 1521 1473
1371:
1372: 1405
1373:
1374:
1375:
1376:
1377:
1378: 1374
1379: 1548
1380:
1381:
1382:
1383:
1384:
1385:
1386: 1581 1474
1387: 1701
1388: 1652
1389:
1390: 1446
1391:
1392: 1563
1393:
1394:
1395:
1396:
1397:
1398: 1587
1399: 1449 1407
1400: 1440
1401:
1402:
1403:
1404:
1405:
1406:
1407:
1408: 1397
1409:
1410: 1724
1411:
1412:
1413:
1414:
1415: 1529
1416:
1417: 1749
1418:
1419:
1420:
1421:
1422: 1444
1423:
1424: 1546 1431
1425:
1426:
1427:
1428: 1462
1429:
1430:
1431:
1432:
1433:
1434: 1635
1435:
1436:
1437:
1438:
1439:
1440:
1441:
1442:
1443:
1444:
1445:
1446:
1447:
1448:
1449:
1450:
1451:
1452:
1453:
1454:
1455:
1456:
1457:
1458:
1459: 1512
1460:
1461:
1462:
1463:
1464:
1465:
1466:
1467:
1468: 1707
1469: 1723
1470: 1649
1471:
1472:
1473:
1474: 1717
1475:
1476:
1477:
1478: 1742
1479:
1480:
1481:
1482: 1491
1483:
1484:
1485:
1486:
1487:
1488: 1527
1489:
1490:
1491:
1492:
1493: 1611
1494:
1495:
1496:
1497:
1498: 1750
1499:
1500:
1501:
1502:
1503: 1672
1504: 1559
1505:
1506:
1507:
1508: 1555
1509:
1510:
1511:
1512:
1513:
1514:
1515:
1516:
1517:
1518:
1519: 1567
1520: 1706
1521:
1522:
1523:
1524:
1525:
1526:
1527:
1528:
1529:
1530:
1531:
1532:
1533:
1534:
1535:
1536:
1537:
1538:
1539:
1540: 1650
1541:
1542:
1543:
1544:
1545:
1546:
1547:
1548:
1549:
1550: 1541
1551: 1728
1552:
1553: 1659
1554:
1555:
1556:
1557:
1558:
1559:
1560:
1561:
1562:
1563:
1564:
1565:
1566:
1567:
1568:
1569:
1570:
1571: 1604
1572:
1573:
1574: 1600
1575:
1576:
1577:
1578:
1579:
1580:
1581:
1582:
1583:
1584:
1585:
1586:
1587:
1588:
1589:
1590:
1591:
1592:
1593:
1594:
1595:
1596:
1597:
1598:
1599:
1600:
1601:
1602:
1603:
1604:
1605:
1606:
1607: 1641
1608:
1609:
1610:
1611:
1612:
1613:
1614:
1615:
1616:
1617:
1618:
1619:
1620:
1621:
1622:
1623:
1624:
1625:
1626:
1627:
1628:
1629:
1630:
1631:
1632:
1633: 1669
1634:
1635:
1636:
1637:
1638:
1639:
1640:
1641: 1664
1642:
1643: 1640
1644:
1645:
1646:
1647:
1648:
1649:
1650:
1651:
1652:
1653:
1654:
1655: 1686
1656:
1657:
1658:
1659:
1660: 1704
1661:
1662:
1663:
1664:
1665:
1666:
1667:
1668:
1669:
1670:
1671:
1672:
1673:
1674:
1675:
1676:
1677: 1730
1678:
1679:
1680:
1681:
1682:
1683:
1684:
1685:
1686:
1687:
1688:
1689:
1690:
1691:
1692:
1693:
1694:
1695:
1696:
1697:
1698:
1699:
1700:
1701:
1702:
1703:
1704:
1705:
1706:
1707:
1708:
1709:
1710:
1711:
1712:
1713:
1714:
1715:
1716:
1717:
1718:
1719:
1720: 1736
1721: 1729
1722:
1723:
1724:
1725:
1726:
1727:
1728:
1729:
1730:
1731:
1732:
1733:
1734:
1735:
1736:
1737:
1738:
1739:
1740:
1741:
1742:
1743:
1744:
1745:
1746:
1747:
1748:
1749:
1750:
1751:
1752:
1753:
1754:
1755:
1756:
1757:
1758:
1759: 1746
1760:
1761:
1762:
1763:
1764:
1765:
1766:
1767:
1768:
1769:
1770:
1771:
1772:
1773:
1774:
1775:
1776:
1777:
1778:
1779:
1780:
1781:
