1: 2029 1653 1041 539 341 262 115 5 4 3 2 1
2: 3118 2790 1634 1481 838 483 428 369 216 188 186 113 99 98 40 14 6
3: 2790
4: 1634 10
5: 2461 1849 1542 1530 1409 906 612 423 372 266 256 232 201 196 177 175 143 106 68 7
6: 471 387 269 243 180 146 65 64
7: 937 836 833 518 69
8: 2539 2256 324 121 88 12 11 9
9: 3032 1334 910 662 394 293 162 8
10: 2790 369 113 17
11: 2516 922 164 16
12: 2333 2218 1882 1214 1161 927 459 384 123 71 46
13: 2496 1800 1001 830 738 470 144 21
14: 1922 699 312 276 70 66 18
15: 2466 443 91 23
16: 2517 2515 1359 1093 444 122 13
17: 2194 1502 869 679
18: 2171 2018 1923 110 22
19: 3143 2701 2522 1050 899 191
20: 551 251 50
21: 1241 800 136 135 15
22: 1244 868 686 249 172 20 19
23: 3152 2613 2322 1949 1117 779 616 452 437 189
24: 3044 2977 2600 2100 1968 1860 1848 1765 1664 1541 1478 1051 1049 1044 883 789 739 585 542 520 350 161 156 153
25: 2672 2515 2243 2152 1968 1891 1359 720 500 404 391 380 375 349 289 184 161 156 28 27 26 25
26: 1720 891 872 812 621 229 34 33 30
27: 2730 630 207 35
28: 3157 2935 2846 1236 403 284 114 37 36
29: 2396 811 77 42 39 29
30: 3144 2820 1842 1798 1796 1615 1210 912 319 204 173
31: 1742 1739 1131 1026 914 907 492 345 245 239 60 32 24
32: 1891 391 349 184 31
33: 1026 914 907 345 239 125 54 49 45 38
34: 2217 1438 1397 1388 1209 978 781 619 424
35:
36: 1826 301 132 104 62 44
37:
38: 1494 1361 652 48 47 41
39: 2324 1922 1051 699 585 542 499 350 312 276 153 116 74 55
40: 3143 2522 1462 1221 315 59 53
41: 1597 1436 873 858 85 75 72 52 51 43
42: 2977 2757 1957 1765 1754 813 57
43: 1863 1525 1164 1084 900 427 295 278 67
44: 1920 1742 1739 1466 1131 492 107 100 97 94 92
45: 3118 1481 838 395 331 279 206 205 195 178 129 87 56
46: 2600 1848 1569 1197 775 761 316 200 79
47: 1470
48: 2333 1882 1161 101 58
49: 2185 1966 1322 1316 631 548 111
50: 2059 327 63
51: 2064 285 108
52: 1185 1135 310 150
53: 3160 3128 2481 1493 1315 1133 1113 179 78
54: 3036 2141 1178 917 257
55: 2379 1654 1103 155 148 81
56: 384 71
57: 2880 2333 2016 1882 1161 798 359 199 160 112 61
58: 2667 1909 729 567 329 233
59: 3142 2479 1976 752 468 154 139 138 73
60: 535 326 142
61: 1755 1166 935 840 608 183 168 165 133 84
62: 3036 2368 2270 1178 917 255 126
63: 3084 2084 1834 952 410 95
64:
65: 2457 2160 2145 2075 2071 1294 828 290 288 89
66: 1558 157
67: 2461 2112 1849 1766 1542 1458 1219 1184 906 423 266 256 232 225 201 196 143
68: 706 574 202 83
69: 1662 1649 787 103
70: 1994
71: 1438 1388 1209 781 619 76
72: 727
73: 1076 794 671 96
74: 2067 1954 1842 1615 1368 1210 536 219 167 109
75: 1550 1406 1394 1109 1062 954 302 299 294 291 252 246 82
76: 372 177 175 106 80
77: 2325 1010 748 566 254
78: 382 197 102
79: 483 428 216 93 86
80: 2280 1706 862 819 118
81: 1132 697 313 305 236
82: 2099 1301 511
83: 3145 2772 117 90
84: 2690 325 140
85:
86: 1758 1712 1404 1141 320 268 260 226
87: 1223 676 461 198 120 105
88: 1541 1478 1049 789 158
89:
90: 2563 2010 1905 1391 1034
91: 2212 2142 2083 537 241 185
92: 1093 444 127
93: 2054 491 212 137
94: 1857 1784 1622 1249 1069 925 606 448 323 169
95: 1941 1641 1442 1166 935 608 141
96: 3075 2099 1708 1566 1301 532 431 338 237
97: 3019 2329 558 374 214
98: 2644 378
99: 3013 2982 2971 2834 2440 2302 1097 159
100: 2541 1179 879 871 806 598 393 334
101: 2863 2815 1767 1030 176
102: 3077 3075 1708 1566 237
103: 2630 2614 1289 1104 824
104: 2843 2771 2364 2228 1997 1768 147
105: 450 192
106: 124
107: 2366 2184 869 591
108: 1597 1436 992 873 858 488
109: 2614 1289 1104 497 209
110: 2100 1860 520
111: 1789 1709 1100 1070 281 145
112: 2176
113: 1683 1174 1000 119
114: 2803 2422 1613 1367 762 575 174 131 130
115: 1778 860 817 695 227
116: 2780 2225 2067 1954 1778 1368 860 817 510 415 352 227
117: 2705 1847 1164 1084 430 376 343 171
118: 3144 2819 2810 2190 2106 1801 1796 190 128
119: 2815 519 215
120: 194
121: 1181 633 303 222 217
122: 2600 1848 271
123: 3144 1796 912 152 149
124: 2112 1184 166 134
125: 982 163
126: 1367 762
127: 2257 1335 946 456 442 408
128: 1222 273
129: 2957 498 422 390 348
130:
131: 3174 2875 696 203
132: 2739 2319 1325 1196 644 466
133: 1458 1294 1219 890 828
134: 1892 867 576 522 509 480 292 242 230
135: 791
136: 2808 1066
137: 1850
138: 1087 802 786
139: 2028 1769 1745 1319 565 151
140: 2569 2278 1965 1337 663 351 328 311
141: 959
142: 478 283
143: 2183 1647
144: 2109 1931 796 224
145: 2997 1446 1172
146: 891 621
147: 2345 1908
148: 2025 515 317
149: 734 479
150:
151: 3022 2549 2341 1750 1679 1589 1553 1187 396 385
152: 680 445 287
153: 3075 2023 1708 1566 446 220
154: 1975 834 648
155: 1421 642 469 170
156: 2822 1983 701
157: 2422 1784 1411 323 250 234
158: 3019 2725 2329 1597 1436 1399 1306
159: 1191 705 559 362 336
160: 1671 1085
161: 2939 2819 2680 2469 2067 1954 1801 1368 536 297
162: 300 193
163: 1678 477 344
164: 1927 1274 776 688 407 282 280 182
165: 964 258 187
166: 2236 1350 703 416
167: 238
168: 3144 1796 1477 912 864 259 181
169: 2077 2069 1962 1936 1857 1622 1435 1354 925 606
170: 2900 2844 2807 892
171: 2769 1912 1617 769 261
172: 2733 1025 847 689 583 525 223
173: 2812 2332 948 827 493 412 388
174: 2243
175: 2059
176: 2762 2659 2482 2349 2099 1301
177: 923 494 414 318 286 221
178: 1143 628 346 277
179: 2541 1179 871
180: 2022 1619 1330 1052 785 763 213
181: 1516 1326
182: 2939
183: 2658 2396 2167 811
184: 2810 2190 2106 1855 757 590 306
185: 2554 2539 2224 2139 1158 839 540 526 517 411 361
186:
187: 3063 2577 1156 643 392
188: 1589 959
189: 2883 1651 835 685 627
190: 2557 231
191: 3089 3002 2928 2820 2284 1842 1712 1615 1266 1210 1134 634 228 208
192: 1339 1075 552 406 248
193: 879 806 308
194: 2162 473 386 322 210
195: 1879 506 240
196: 2678 1816 363
197: 1612 211
198: 1500
199: 1766 225 218
200: 2389 866 554
201: 2769 2705 1617 1033 247
202: 2819 2000 1801 264
203: 2849 2661 2160 1850 1684 1583
204: 2827 1748 1375
205: 2822 2818 2776 2556 2252 2231 971 821 792 778 701 381
206: 1921 1689 1585 1556 549
207: 2070 364 235
208: 3022 2109 1931 1702 1187 742 436 265
209: 2682 2607 2177 1746 1256 502 274
210: 2083 534 513
211: 1254 433 244
212: 1949 779
213: 1569 267
214: 2460 2437 2057 694 342
215: 1448 1308 938 926
216: 2244 397
217: 1983 611 354
218: 2607
219: 1518 524 495 484 263
220: 375
221: 2557 1765 1558 347
222: 1886
223: 2893 2766 987 745 664
224: 2705 1531 1499 795 527 435 304
225: 1785 1372 558 482 465
226: 2613 616 296
227: 1972 1018 692 463
228: 2975
229: 1539 962 528 472
230: 2915 2669 429
231: 2475 771 687 383
232: 3024 2448 548
233: 464
234:
235: 2948 2845 2561 2375 2340 2164 2078 1497 818 725
236: 1707 1590 1477 864 398
237: 2570 2074 1338 1054
238: 2238 1935 1053 672 409
239: 2895 1701 1584 743 270
240: 791 272 253
241: 3044 603
242: 2023 947 620
243: 486 441
244: 835
245: 2416
246: 1987
247: 2330 1129 521
248: 487
249: 2762 2366 2349 2184 1505 591 571 389
250: 2895 1584 275
251: 3088 2642 2225 510
252: 710 588
253: 1580 1305 503
254:
255: 514 457 418
256: 967 501 357 321 298
257: 2473 1644 893 657 358
258: 1008 851 573 556
259: 3010 754 726
260: 2879 2679 1063 373
261: 749
262: 1372
263: 1941 1641 1442
264: 1771 592
265: 1394 419
266:
267: 2817 1038 908
268: 2366 2184 2145 2075 1096
269: 3143 2522 899 557
270: 1167 624 333 307
271: 1855 1290
272: 2922 1662 1037 581 579
273: 1789 1100 1070
274: 309
275: 1232 885 799 475 335
276: 2430 2324 499
277: 1207 1055 629
278: 2283 1993 737
279: 2473 1869 356
280: 467 340
281: 1020 942
282: 2074 845 713 684 586 353
283: 3086 2836 2748 332
284: 2109 1931 1702 476
285: 1748 646
286: 2489 1031 622
287: 2422 575 339
288: 1271 653 314
289: 516
290: 1804 1213
291: 2708 2496 1800 1065
292: 3006 2378 2034 1385 371 330
293: 2700 462
294:
295: 2954 2606 1397 978
296: 1847 430
297: 541 367
298: 337
299: 607
300: 2339 2300 1260 454
301: 2570 1338 1054 401
302: 1995 704
303: 413
304: 365
305: 370 355
306: 1861 1802 1547
307: 1096
308: 2786 1810 1127 721 504
309: 2784 1040 765
310: 2709 1793 439 379
311: 2182 863
312: 2862 2043
313: 2634 2562 1989 903 432
314: 2948 2845 2375 2340 1497 1297 850 562 426
315: 3022 1187 507 425
316: 1537
317: 2012
318: 2145 2075 1281 1078 1075 702 665 399
319: 1121 936 489 438 360
320: 2806 1820 1371
321: 3062 2882 1035 368
322: 2904 2504 758
323: 1856 1231
324: 1296 496 377
325: 2297 875 753
326: 1102 930 508 366
327: 2418 2086 1664 1392 1044 739 440
328:
329: 3163 2555 2086 1533 1392 1239 902 732
330: 1003 655 453
331: 1098 1089
332: 2523 1963 1623 400
333: 1060
334: 856 613
335: 2849 2661 1684 1583 569
336: 560
337: 1693 880
338: 1220 801
339: 2899 2414 2194
340: 2854 2110 724 572
341: 968 420
342: 1217 826 531
343: 2933 2688 2173 1444 529
344: 1518
345: 1685 1006
346: 1972 1018 692
347: 3080 2895 2300 2186 1260 505
348: 996 782
349: 2765
350: 1082 564
351: 2760
352: 3133 2193 2049
353: 2240 631
354:
355: 2535 460
356: 2712 1413 1009
357: 1174 481
358: 2839
359: 928 897
360: 1272 716
361: 2554 1804 1213 1139 839
362: 2827 2299 1245
363: 1876 1479 1029 784 523 402
364: 2136 421
365: 1731
366: 3074 1269 1202 580
367: 2560 2328 1666 1416 600
368: 2818 2776 2556 971 792 778
369: 1389 625 512 458
370:
371: 2238 1935 1053 672
372: 1837 405
373: 3071 2708 2657 741 417
374:
375: 668
376: 2486
377: 2198 1067 709 708
378: 1950 717
379: 1225 568
380: 1511
381: 1664 1044 739 434
382: 3082 981 609 449
383: 2076 1519 1491 1476 774 578
384:
385: 3145 2772
386: 2206 1430
387: 2554 839 526 517
388: 2536 1508
389: 2344
390:
391: 1175 682 681
392: 2212 1776 730 698
393: 1185
394:
395: 810
396: 557
397:
398: 2812 2332 1391
399: 2512 1312 1234 920
400: 3145 2772 2148 1279 1013 718 702 665 614 597 589 447
401: 2085
402: 2831 2810 2190 2106 1156 757 669 590 485
403: 2708 490
404: 690 656
405: 2291 451
406: 604
407: 2092 1752 1727
408: 2729 2031 1077
409: 3119 2536
410: 3066 1398
411: 2041 455
412: 1168 1163
413: 2390 2006 1226 999 602
414: 842
415: 2017 980
416: 2648 1806 1656 877
417:
418:
419: 2560 2328 1666 1416
420: 1376
421: 2337 1677 1445
422: 2609
423: 2442 544
424: 1144
425: 2306 659
426: 640
427: 2717 1401 1287 975
428: 2912
429: 1204 822 530
430: 1534
431:
432: 2979 2046 1199 538
433: 1406 954
434: 1083 887 853 594
435: 2378 2034
436: 2685 546
437: 770 645 601
438: 3168 2352 582
439: 2958 895 474
440: 2627 2417 1738 1328 744 577 550
441: 2195 1956 1611
442: 2113 1717 874
443: 3036 1178 917
444: 2127 2005
445: 1835 1565 1498
446: 2844
447: 1636
448:
449: 2674 2287
450: 2315 1618 693
451: 584
452: 1807 1564 1440 1205
453: 3146 2803 1638
454:
455: 2219 1978 1804 1213
456: 2962 1833
457:
458: 3077
459: 2559 1509 767
460: 2804 2136
461: 998
462:
463: 2212
464: 3101
465: 2314
466: 3164 2746 2535 2213 2012 1473 1112
467: 1515 990
468: 2600 2559 1218 673
469: 1994 610
470:
471: 2823
472: 1526 1275
473:
474: 2643 2348 1561 599
475: 2351 2264 1364
476: 1283
477: 1316
478: 2688 2052 2038 1444
479: 1756 1699 1045
480: 2885 2822 2077 1962 1435 1354 701
481: 3091 3070 2890 2683 1743 1377 823
482: 1294 890 828
483: 3100 2114 829
484:
485: 848 649
486: 1903 1840
487: 2059 1186 964 957
488: 2284 1266 634
489:
490: 1766 1587
491: 2392 658
492: 3164 2957 2898 2746 2674 2287 641
493: 2547
494:
495: 2777 2313 2140 944
496: 759
497:
498: 1222
499: 2396 2291 1712
500: 1970 1605
501: 1676
502: 615
503: 2219 1978 1204 639
504: 736
505: 2965
506: 2674 2629 2287 1636 1046 807 533
507:
508: 1136
509: 1292
510: 2429
511: 623
512: 1606
513: 2496 1800 1290 1001 830
514: 788 545
515: 3116 3088 2642 1443
516:
517: 1793
518: 3134 2843 2794 1997 1768
519: 2873 2793 2745 991 934 647
520: 849
521: 2740 2242 2054 2007 593
522: 3026 1591 1480 1092
523: 1886 1380 1279
524: 2080 945
525: 1991 1494 1361
526: 547
527: 1012 746 605
528: 651 636 555 543
529: 869 666
530: 3145 2772 2537 2019 714
531: 2255 570
532: 2186 1691 896 595 563
533: 755 561
534: 2372 1228 1190
535: 1140
536:
537:
538:
539:
540: 2481 2159 1493 1315 1133 1113 772 707
541: 2227
542: 2014 1407 825
543:
544: 2673 1300
545:
546: 2134 1463 939 884
547: 2181 2125 1670
548: 2395 1632 1056 839 553
549: 1676 923
550: 2163
551: 2561 2164 2078 2028 818 725 617
552:
553:
554: 1902
555: 3165 2118
556: 3024 2448
557: 2756 2718 2454 2432
558:
559: 712
560: 2376 1192
561: 1834 1680 632
562:
563: 972
564:
565: 773
566: 2431 1613 889 820
567: 2490 1450 1016
568: 1366 1115 913
569: 683
570: 1370
571: 2627 956
572: 638
573: 2933 1434 1230
574: 932
575: 2042 1464 1422 943 728
576: 3152 3006 2881 1385 587
577: 3017
578: 3016
579: 3088 2642
580:
581: 2601 2145 2075 1544
582:
583: 2235 1592 886
584: 2668 1417 1028
585: 1651 1299 1015 777
586: 960
587: 2516 922
588: 2819 596
589: 1424
590: 2338
591: 966
592: 2388 1990 1598 1483 1475
593: 965 750
594:
595: 3016 1859 1620 1048
596:
597: 859
598: 2675 1992 635
599: 2637 2425 1471 1027
600: 2352 2305 1805
601: 1897 951
602: 2812 2706 2332 1625 1159 948
603: 2120 2077 1962 1449 1435 1354 674
604: 2069 1936 1640
605: 1150 861
606: 1744 855
607: 1661
608: 2653
609:
610: 843
611: 691
612: 2126 1889 768 626
613: 2354
614: 650 637
615: 2484 2338 1002
616:
617: 2705 719
618: 1346
619: 1947
620: 1408 1125
621:
622: 1599 1576 618
623: 2555
624: 3142 1671 660
625: 1281 1078
626: 2842 2224 2139 1555 677
627:
628: 2833
629: 1689
630: 2175
631: 2600
632: 1007
633: 2492 2020
634: 2825 2533 995
635: 1648 1177 876 751
636: 970 715 670 654
637: 1488 916
638: 2766
639: 1284 678 675 661
640: 983
641:
642: 747
643: 985
644: 1120
645: 2719 2417 1738 667
646: 2636
647: 846
648:
649: 3128
650: 2944 2633 790
651:
652: 2402 780
653: 2858
654: 2359 2091 1160
655: 1293
656: 2271 1873
657:
658: 2497
659:
660: 1736 1490 1128 878
661: 2558
662:
663: 2770 2352 1467 1379 1022
664: 2658 2630 2620 2325 2017 1949 1528 1193 1010 980 824 766
665: 2488 1257
666: 1295
667: 733
668: 2653 2230 1958 1363 1282
669:
670: 2935 2169
671: 1514 979
672: 2660 993 722
673:
674: 2181 2125 1740 1670
675: 2919 1465 700
676: 3126 2897 2763 2066 2004 1940
677: 2102
678: 2987
679: 2071
680: 2091 711
681: 1413
682: 2817
683: 3168 2507 2108
684: 2802 2468 1110
685:
686: 3102
687:
688: 2952 1686
689: 1724
690:
691: 2399 976
692:
693: 2339 1253
694:
695: 2749
696: 2534 2183 1091 1079 816 797
697: 2185 1313 1183 760
698: 2027
699: 1718 1106 740 723
700: 2751 2455
701: 3080 941 808
702: 815 735
703:
704: 2804
705: 1249 1069
706: 1944
707:
708: 731
709: 1986 1705
710: 3147
711:
712: 2381 1451
713:
714: 1951
715: 3130
716: 2712 2183 1009
717: 1215 1148 958
718: 2311
719:
720: 2937 2903 2197
721: 2641 1807 1725 1711 1564 1440 1157
722:
723: 2735 2183 1079
724:
725: 1134
726:
727: 2927 2754 2715 2702 2582 2438 2408 1515 1384 990
728: 3038 2138
729: 1817 1357 1264 1242
730:
731: 1304
732: 1894 898
733: 1101
734:
735: 2565
736: 1011
737: 2370 1910
738: 1805 1321
739: 2234 1549
740: 1946 1293
741: 1278 783
742: 2994 2667 2238 1935 1909 1171
743: 2973
744: 2257 1335 756
745: 2869 1120 905
746: 1448 1308
747: 1340 1036
748: 1023
749: 904 809
750:
751:
752: 2791 1291
753: 2730
754: 1195 865
755: 2983
756: 2133 1405
757: 2977 1765 1304 883
758: 1468
759:
760: 805
761: 2896
762: 3145 2772 2517 2080 1797 803
763: 2363 2335
764: 3110 1507 1224
765:
766: 1659
767: 2690 1410 955
768: 2952
769: 1250 1057 949
770:
771: 2894 1286
772:
773: 2962 953
774:
775:
776:
777: 1061 1017 984
778: 2428
779:
780: 3010
781: 2804 2431 1060
782:
783: 2893 2847 2835 2141 987
784: 1844 1687 1600 1348
785: 2765
786:
787: 1277 1273
788: 2262 1024 804
789: 2356 1194
790:
791: 1734
792:
793:
794: 1099 764
795: 909 837
796: 2070
797: 2996 2899 2414 1189
798: 2444 994
799: 1343
800:
801: 1528 1193
802: 1813
803: 1138
804: 2517 1797
805:
806:
807: 2605 2304
808: 857 854
809: 1663
810: 929
811: 2994 1171
812: 2640 931
813: 2610 1809 1428
814: 2374 1267
815: 1088
816: 2743 2320 1344 1285
817:
818: 2566 1602
819: 2470 2365 2098 1723 1007
820:
821: 1986 1705
822:
823: 2733
824: 3018 1039
825: 814
826: 793
827:
828: 2736 1433
829: 1328 852
830: 3029 2965 2204 832
831: 2830 1787 1118
832: 2136 1461
833: 2493 888
834: 2682 1746 1256
835: 2148
836: 2771 2364 2228 1352
837: 1741 1169 1042
838: 2874 2282 844
839:
840: 2051 1014
841: 2921 2759 2742 2678 2557 1816 919
842: 1324
843: 1898 1881 831
844: 3163 1811
845: 881
846: 2733 2410 2219 1978
847: 1938 1867 911
848: 1639 1047
849: 1347
850: 2155 1557
851:
852:
853: 1904 1574 1216 894
854: 1911
855: 3153 2545 2478 2371 1227 1188
856: 1439 1318
857: 1378
858: 1225
859: 2971 2834 2302
860: 2280 1155 841
861: 2823 1302
862: 2827 2706 1373 1159
863:
864:
865: 3020
866: 2762 2349
867: 2723 1431
868: 1320 988
869: 2460 2437 1535 1496 1126
870: 1769 1745
871: 1090
872: 2763 2066 2004 1940
873:
874: 2273 2143 1845
875: 1492 1455
876: 3074 2100 1860
877: 1489 1469 1342
878: 986 870
879: 2331 2196
880: 1206 918
881:
882: 1243
883: 1386
884: 3095 924
885:
886: 2807 2399
887: 1821
888: 2910 1610 1545
889: 1860
890: 2323 973
891:
892: 3118 3076
893: 2073
894: 2823 1369
895:
896: 2958
897: 1472 1323
898:
899: 2162 989
900: 1290
901:
902: 2752 2513
903: 1685 1006
904:
905: 2192 1906
906: 2308
907: 901
908: 3130 2061 1872
909: 1722
910: 2604
911: 2111 1593
912:
913:
914: 2762 2349 1946
915: 2011 1964
916: 1116
917: 1551
918:
919: 2996 2627 2093 1189 921
920: 2684 2275
921: 1795 1107
922: 1510
923:
924:
925: 1005 882
926: 3089 2928 977
927: 1246
928: 1362
929: 1353
930: 1004
931: 2509
932: 2954 2606 1604
933: 3167
934:
935:
936: 3013 2982 1660
937: 3176 2789
938: 1427 1058
939: 2842 1555
940: 2963 2924
941: 2588 1927 1212
942:
943: 2771 2364 2228 1352
944:
945: 2069 1936
946:
947:
948: 1238
949: 2240 1162 1123
950: 2012
951: 2401
952: 2880
953: 1826
954: 2951 961
955: 1262 1251
956: 1268
957:
958: 2927 2754 2582 1384
959: 969
960: 2691 2508 1130
961: 2306
962: 1896 1770
963:
964: 2440
965: 915
966: 1396
967: 1585
968:
969: 1170
970: 2374
971: 1792
972: 2393 1381
973: 2828 2434 2232 1412
974: 1930
975:
976: 1432
977: 2294
978:
979: 1969 1186 957
980: 2449
981: 2229 2042 1071 1059 940
982: 2680
983: 1248
984: 1114
985: 2506
986: 1180 950 933
987: 1086
988: 1758
989: 1646
990:
991: 1524
992: 1785 1235
993:
994: 1259
995:
996: 2969
997:
998: 2683
999: 1270 1019
1000: 1782
1001:
1002: 1879
1003: 2743
1004: 1176
1005: 2479
1006: 1108
1007: 2913 1715 1124
1008:
1009: 2758
1010:
1011: 2461 2440 1849
1012:
1013: 1173
1014: 1912
1015: 2909 2866 2647 1757
1016:
1017: 3091 3070 2890
1018: 2857 2500 1276
1019: 2726 1570
1020: 2953 2697 2535 1280
1021: 1071
1022:
1023:
1024: 3042 2724
1025: 1056
1026: 3042 2724 1999
1027: 1948
1028: 1099 963
1029: 2983 1830
1030:
1031: 2657
1032:
1033: 1596
1034: 2064 1737 1201
1035: 1111 974
1036:
1037:
1038: 1032
1039: 2231 1453
1040:
1041: 1552
1042:
1043:
1044: 2876 1582 1072
1045: 1696 1064 1043
1046: 2808 2040
1047: 2877 2149
1048: 2967 1182
1049:
1050: 3109 1317
1051:
1052:
1053: 2053 1783
1054:
1055:
1056: 1713
1057: 3108 3043
1058: 2069 1939 1936
1059: 2703 1459
1060: 2732 2147 1081
1061: 2824 2761 1775 997
1062: 2269 2051 1568 1484 1094
1063: 1307
1064:
1065: 2050
1066:
1067: 1609
1068: 2089 2062
1069: 1252
1070: 1460
1071: 1021
1072: 2370
1073: 2397 1667 1429
1074: 2816 1119
1075: 3174 2969 2875 1154
1076: 2317
1077: 1706
1078:
1079: 2272 1791 1137
1080: 3044 2525
1081: 1074
1082:
1083: 1533
1084: 1743 1377
1085: 2572 2519
1086: 2948 2845 1365
1087: 2757 1594
1088: 1843
1089: 1299
1090: 1288 1149
1091:
1092: 1200
1093: 1969 1629
1094: 1913
1095: 2165 1501 1437
1096: 1977 1329
1097: 1916
1098: 2922
1099: 1122
1100: 2290
1101: 2736 2256
1102:
1103: 2735 2288 1423
1104: 2480
1105: 3079 2947 2101
1106: 2541
1107:
1108: 2735 1310
1109: 2222 1504
1110:
1111: 1973 1942
1112: 1142
1113: 1749
1114: 3157 2846 1390
1115: 1527 1237
1116: 2312
1117: 2405 2187
1118:
1119: 1203
1120: 3169 2663 2168
1121: 2734 2597
1122: 2122 1753
1123: 2505 2131
1124: 3134 2794
1125: 3050 2622
1126: 3076
1127: 3002 1657
1128: 1874
1129: 3135 1486 1080
1130:
1131: 1588
1132: 2209
1133:
1134: 2289
1135:
1136: 2452 2088
1137:
1138:
1139: 1095
1140: 1624
1141: 1829
1142: 3045 2955 1073
1143: 2921 2847 2835 2759 2742 1727
1144: 2918 2409
1145: 1761
1146: 1068
1147:
1148:
1149: 2757 2344 1754 1402
1150:
1151: 3083 2048 1759 1579
1152: 1989 1298
1153: 2326
1154:
1155: 2623 1852
1156: 2260
1157: 1645 1165
1158:
1159:
1160: 2913 2380 1441
1161: 1355
1162: 2191
1163:
1164:
1165: 2489 1560
1166:
1167: 2581
1168:
1169: 2548
1170:
1171:
1172:
1173:
1174: 1247
1175:
1176: 2632 1899 1581
1177: 2362 1145
1178:
1179: 1652
1180:
1181: 2223 1387
1182: 1635
1183: 2044
1184: 1105
1185: 2226
1186: 2725 1399 1306
1187: 1331
1188: 2906
1189: 1151
1190:
1191: 1351
1192:
1193: 1924
1194: 2292
1195:
1196: 2933 2580
1197: 1240
1198: 3033 1400
1199: 2393 1146
1200:
1201: 1780 1621
1202: 1314
1203:
1204: 1695
1205: 2851
1206: 2521 1980 1211
1207: 2491 1265
1208: 1332
1209: 2001
1210: 2603 2589
1211: 2221 2150
1212:
1213: 3163
1214: 1577
1215: 3151 3121 2553
1216: 1786
1217:
1218: 2115 1831 1395
1219:
1220:
1221:
1222: 1360
1223: 2865 1147
1224: 1263
1225: 2097
1226:
1227:
1228: 1764
1229: 1735 1153
1230: 2167 1255
1231:
1232: 1928
1233: 1945
1234: 3035 2737
1235: 2353 1543
1236: 2899 2414
1237:
1238: 1152
1239: 1779
1240:
1241: 1506
1242: 2553
1243:
1244: 2567 2221 2150
1245:
1246:
1247: 1356
1248: 2346
1249:
1250: 1925 1704
1251: 3107 2723 2318
1252: 1229
1253: 2619
1254:
1255: 2878
1256: 2966
1257: 2531
1258: 2307 1883 1688
1259: 3164 2766 2746
1260:
1261: 1675
1262: 1303
1263: 2530 2233 1984 1349
1264: 3046
1265: 1697
1266: 2850 2546 2394
1267:
1268:
1269:
1270: 2840 2026 1929
1271: 2988 1309
1272:
1273: 2383 1603 1522 1345
1274:
1275: 1208
1276: 2686
1277: 1487
1278: 2104 1777 1689
1279:
1280:
1281:
1282:
1283: 1971 1895
1284: 1993
1285: 1865
1286: 2084
1287: 2163 1452
1288: 1714
1289: 3078 2721 2060 1773 1258
1290:
1291: 2154
1292: 1669
1293: 1420
1294: 2506 1327
1295: 1426
1296: 2298
1297: 2387 1198
1298: 1336
1299: 2105
1300:
1301:
1302:
1303: 1967 1341
1304:
1305: 1447
1306: 2000 1474
1307: 2153
1308: 1233
1309:
1310:
1311:
1312: 2575 1485
1313: 2132
1314:
1315:
1316: 2917 2463
1317:
1318:
1319:
1320:
1321: 2654 2109
1322:
1323: 2355 1628
1324: 1523
1325: 2758
1326: 1926 1637
1327: 1781 1358
1328:
1329: 2618 2081 1839
1330:
1331: 3013
1332: 1760 1521
1333:
1334: 2936
1335: 2735 1861 1719 1674
1336: 2726
1337: 1982 1665
1338: 2698
1339: 1932
1340: 3132
1341:
1342: 1383
1343: 2543
1344: 1380
1345:
1346:
1347:
1348:
1349:
1350: 2612 2511
1351: 2321
1352:
1353: 1952
1354:
1355: 3118 2077 1962 1481
1356:
1357:
1358: 2418
1359: 1578
1360: 1870 1261
1361: 2246
1362: 1559
1363:
1364:
1365:
1366: 3009 2327
1367:
1368:
1369:
1370: 2898 1884 1881
1371:
1372: 3019 2329
1373: 1832 1393
1374: 2487
1375: 1567 1529
1376:
1377:
1378: 2502
1379:
1380: 1627
1381:
1382:
1383: 3035 2305
1384:
1385:
1386:
1387: 2261
1388: 2310
1389: 2998 2662
1390: 2992 2979 2886
1391: 2707
1392:
1393: 2211
1394: 2146 1907 1900 1311
1395: 3072
1396:
1397: 1454
1398: 2569 1965 1642
1399:
1400:
1401:
1402: 2151
1403:
1404: 3012 1887
1405: 2694
1406: 1977
1407:
1408:
1409: 1333
1410: 1823
1411:
1412:
1413: 2792 2641 2321 2243 1725
1414: 1825
1415:
1416: 1774 1595
1417:
1418: 1614
1419: 2082
1420:
1421: 2720
1422: 1808
1423:
1424:
1425: 2765
1426: 1806
1427:
1428:
1429: 2856
1430: 2309
1431: 1695
1432: 2912 2172
1433: 2039 1633
1434: 1700 1503
1435: 2250
1436: 2144
1437: 1682
1438: 2334
1439:
1440: 2696
1441: 2576
1442:
1443:
1444: 2651 1866
1445:
1446: 3056 2586
1447:
1448:
1449: 3115 1672
1450:
1451: 2782 2002
1452:
1453:
1454:
1455:
1456:
1457: 3150 2976
1458: 2263
1459: 2813
1460:
1461: 1382
1462:
1463: 1374
1464:
1465:
1466:
1467: 3107 2318
1468:
1469: 1419
1470:
1471: 1710 1692
1472: 2526
1473: 1425
1474: 3060 1880 1403
1475:
1476:
1477: 2171
1478:
1479: 1482
1480:
1481:
1482: 3136
1483: 3047 1626
1484: 3049
1485:
1486: 1788 1673
1487:
1488:
1489:
1490: 2744
1491:
1492: 2435 1418
1493: 2898 1884
1494: 2568 2008
1495: 2167
1496: 1415
1497:
1498:
1499: 2627 1520
1500:
1501: 2377 1916
1502: 2692 1607 1548
1503: 3169
1504: 2892
1505:
1506:
1507: 2929
1508:
1509: 2751 2455
1510:
1511: 2752 2513
1512: 1751 1498
1513: 2833
1514: 2477 2277
1515: 2107 1985
1516: 2285 1538 1532
1517:
1518: 1732
1519: 1798
1520: 2718 2670 2454 2432
1521: 2617 1571
1522:
1523: 2407 2029
1524:
1525:
1526: 2220 1414
1527:
1528:
1529: 2254
1530: 1996 1554
1531:
1532: 2430 1512
1533:
1534: 2641
1535: 2699 1457
1536:
1537: 2360 2013 1836
1538:
1539: 2032 1608
1540: 2984
1541:
1542: 2693
1543:
1544: 2199
1545: 2433 2129 2047 1573
1546:
1547:
1548:
1549: 2787
1550: 1728
1551: 2135
1552:
1553: 2832 2704 2342
1554:
1555: 2449 1456
1556:
1557: 2037 1748
1558:
1559:
1560:
1561:
1562:
1563:
1564: 3134
1565: 2446 2403
1566:
1567: 2248 1818 1536
1568: 3097 1703
1569: 2157 1546
1570: 1575
1571: 2209
1572:
1573:
1574:
1575: 2176 1601
1576:
1577:
1578:
1579: 2512
1580: 3068 1495
1581: 2787 1562
1582:
1583:
1584: 3049 2986 2587 2564 1819
1585: 2353 1563
1586:
1587: 1540
1588: 1513
1589:
1590:
1591:
1592: 2210
1593:
1594:
1595: 2419
1596:
1597:
1598:
1599:
1600: 2058
1601: 3080
1602:
1603:
1604: 2406
1605: 2367 1998
1606:
1607:
1608: 2501 1846
1609: 2995
1610: 2113 1717
1611: 1934 1517
1612:
1613: 2249
1614: 2406
1615: 2259
1616:
1617: 2063
1618: 1828
1619:
1620:
1621:
1622:
1623: 3067 2920
1624: 1979 1961
1625: 2603 2484
1626:
1627: 3095
1628:
1629: 1698
1630:
1631:
1632:
1633: 3101 1814
1634:
1635:
1636: 2216
1637: 1630
1638: 2711 2652 2094
1639: 1799
1640:
1641: 2853
1642:
1643: 2494 2128
1644: 1610
1645:
1646: 2592 1841 1733
1647:
1648:
1649: 2469 2268 2009
1650: 3092
1651:
1652:
1653: 2033
1654:
1655:
1656: 2015
1657: 2676
1658: 2158 1901
1659:
1660: 1694
1661: 2645 2467 1917
1662:
1663:
1664:
1665: 1885
1666: 2646 1877 1572
1667: 2532
1668: 3069 2166 1586
1669: 3029 2540
1670:
1671:
1672: 3001 2598 2072
1673: 3152
1674:
1675: 2503
1676:
1677: 2552
1678: 2173
1679:
1680:
1681: 1650
1682:
1683:
1684: 1862
1685:
1686: 2214
1687: 2439 2384
1688: 2577
1689: 1812
1690:
1691: 2412 1721
1692: 2174
1693: 2100 1918
1694:
1695: 2664
1696:
1697: 2130
1698: 1915
1699: 2930
1700: 2727 2203 1730
1701:
1702: 2626
1703:
1704: 2204
1705: 2003
1706: 1631
1707: 2571 2527 2370 2111
1708:
1709: 1790
1710:
1711: 1616
1712: 1747
1713: 3003 2205
1714:
1715: 3156
1716:
1717: 3162
1718:
1719:
1720:
1721: 3153 3092 2478
1722: 1643
1723:
1724: 1890
1725: 2984
1726: 2293
1727: 2036
1728: 1854 1729
1729: 2884 2170 1658 1655
1730: 2021
1731:
1732:
1733: 1868 1668
1734:
1735:
1736: 2253 1762
1737:
1738:
1739: 3023
1740:
1741:
1742: 2713
1743: 2407
1744:
1745:
1746:
1747:
1748:
1749: 2357 1851
1750:
1751: 2524 1690
1752:
1753: 2904 1838
1754:
1755: 3140
1756:
1757:
1758: 1681
1759: 2241
1760:
1761:
1762:
1763: 2427 2208
1764:
1765: 2398
1766: 3031 1726
1767:
1768:
1769:
1770:
1771:
1772:
1773:
1774: 2303
1775:
1776:
1777: 2756
1778: 2159 1794
1779: 2542
1780: 2831
1781: 2336
1782: 2055
1783: 2797
1784: 2090
1785: 3166 1772
1786:
1787: 2605 2304
1788: 2753
1789: 3054
1790: 2956 2137
1791: 2655
1792: 2764
1793: 2471
1794: 2205 1716
1795:
1796: 1919
1797:
1798: 2451
1799: 2870 1878
1800: 2920
1801:
1802:
1803:
1804:
1805: 2298
1806:
1807:
1808: 3103 1858 1803
1809:
1810:
1811: 2999
1812:
1813:
1814: 1960
1815: 3096 2911
1816:
1817: 2579 2423 1763
1818: 1933
1819:
1820: 2667
1821: 2755
1822: 3149
1823:
1824:
1825: 1822
1826:
1827: 2696 2035
1828:
1829: 3054
1830:
1831:
1832: 2156
1833: 2713
1834: 2207
1835: 1824
1836:
1837:
1838: 1864
1839:
1840: 2464
1841:
1842:
1843:
1844:
1845: 2458
1846:
1847:
1848: 2056
1849:
1850: 2585 1853
1851: 2671
1852:
1853: 1974
1854:
1855: 2274
1856:
1857:
1858: 2702 2408
1859: 1815
1860:
1861:
1862:
1863:
1864: 3139 2476
1865: 3170
1866:
1867:
1868: 3045
1869: 2957 2413
1870:
1871: 1827
1872: 3057 2994
1873: 3150 2976
1874:
1875:
1876: 2867 2621
1877: 2931
1878:
1879: 3059
1880:
1881:
1882:
1883: 1871
1884: 1943
1885: 2103
1886: 2551
1887:
1888:
1889: 2472
1890:
1891:
1892: 2851
1893: 2583
1894:
1895:
1896: 1893
1897:
1898: 2079
1899:
1900:
1901:
1902: 2087
1903:
1904: 3161 2520
1905:
1906:
1907:
1908: 2320
1909:
1910: 3005
1911:
1912: 2996 2882
1913:
1914:
1915:
1916:
1917:
1918:
1919: 1959
1920: 2385 2295 2045
1921: 2820
1922: 3004
1923:
1924:
1925:
1926: 2888
1927:
1928: 1914
1929: 2665
1930: 1988
1931:
1932:
1933:
1934: 2116
1935: 2119
1936: 2420
1937:
1938:
1939: 3161 2638
1940: 3013 2982
1941:
1942:
1943: 2593 2445 1937
1944: 3173 2245
1945: 2616
1946:
1947:
1948:
1949: 1875
1950: 2450
1951:
1952:
1953:
1954:
1955: 2065
1956:
1957:
1958: 2639 2373
1959:
1960: 2179 2095
1961:
1962:
1963: 1888
1964: 2885
1965:
1966: 2941
1967:
1968: 2415
1969:
1970:
1971:
1972:
1973: 2800
1974:
1975: 2215
1976: 3053
1977:
1978:
1979:
1980:
1981:
1982: 2024
1983: 2258
1984:
1985:
1986:
1987: 1953
1988: 2968
1989: 2419
1990:
1991:
1992: 3119
1993: 1955
1994: 2628
1995:
1996:
1997: 2578
1998:
1999: 2551
2000: 3113 2602
2001: 2361 2237
2002:
2003: 2299
2004: 2873 2793 2745
2005: 3050 2622
2006:
2007:
2008: 2388
2009: 3171
2010:
2011:
2012:
2013: 2925 2854
2014:
2015: 2443
2016:
2017: 2918 2409
2018:
2019:
2020:
2021:
2022:
2023: 2239
2024:
2025:
2026:
2027: 2096
2028: 3096
2029:
2030: 2202
2031: 3025
2032:
2033: 2068
2034: 2117
2035:
2036: 2316
2037:
2038:
2039:
2040:
2041: 2251 1981
2042:
2043: 2235
2044: 3144
2045: 2178
2046:
2047:
2048: 3097
2049: 3153 2478 2371
2050:
2051:
2052: 2914
2053: 2180
2054:
2055: 2883
2056: 2855
2057: 3123
2058:
2059:
2060: 2911
2061:
2062: 2266
2063:
2064: 2391
2065: 3133
2066:
2067: 2960
2068:
2069: 3099
2070: 3093 2561
2071:
2072: 3041
2073:
2074: 2267
2075:
2076:
2077:
2078: 3055 2837
2079:
2080: 2945
2081: 2467
2082:
2083:
2084:
2085: 2404
2086: 2030
2087: 2301
2088: 2852
2089:
2090: 2687 2447 2124
2091:
2092: 2281
2093:
2094:
2095:
2096:
2097: 2358
2098:
2099:
2100: 2930
2101:
2102:
2103:
2104: 2695
2105: 2870
2106:
2107:
2108: 3126
2109: 2677 2279
2110:
2111:
2112:
2113:
2114: 3000
2115: 2649
2116:
2117:
2118:
2119:
2120:
2121:
2122:
2123: 2188
2124:
2125: 2121
2126:
2127:
2128: 2528
2129:
2130:
2131: 2998 2741
2132:
2133:
2134: 2624
2135: 2871
2136: 2768
2137:
2138:
2139: 2529
2140: 3098
2141: 2861
2142:
2143:
2144:
2145: 2123
2146:
2147:
2148:
2149:
2150: 2902 2421
2151: 2201
2152:
2153: 2499
2154:
2155:
2156:
2157:
2158:
2159:
2160:
2161:
2162:
2163:
2164:
2165:
2166: 2731
2167:
2168:
2169:
2170:
2171: 3090
2172: 3030
2173:
2174: 2950
2175: 2864
2176: 3000 2974
2177: 2872
2178: 2161
2179: 3161
2180: 2591
2181:
2182:
2183:
2184:
2185: 2993
2186:
2187:
2188:
2189: 2778 2728 2276
2190:
2191: 2748
2192:
2193:
2194: 2369
2195: 2495 2209
2196: 2343
2197:
2198:
2199:
2200: 3128 2474 2200
2201: 3037
2202: 2265
2203:
2204:
2205:
2206:
2207:
2208:
2209:
2210:
2211:
2212:
2213:
2214:
2215: 3124 2666
2216:
2217: 2710
2218: 3051
2219: 3109
2220: 2650
2221: 2465
2222:
2223:
2224:
2225:
2226:
2227:
2228:
2229:
2230:
2231:
2232:
2233:
2234:
2235:
2236:
2237:
2238: 2544
2239:
2240: 3155
2241: 2747 2716
2242: 2314
2243:
2244:
2245:
2246:
2247:
2248:
2249: 3138
2250: 2792
2251:
2252: 2653
2253:
2254: 2848
2255:
2256: 2946 2942 2518
2257: 2909 2866
2258:
2259:
2260:
2261: 2934
2262: 3158 2714 2596
2263: 2926 2779
2264: 2970
2265:
2266:
2267: 2821 2286
2268: 2775 2681
2269: 2785
2270: 2841
2271:
2272: 2436
2273:
2274: 2611
2275:
2276:
2277: 3175
2278: 2189
2279:
2280:
2281:
2282:
2283: 2590
2284: 2936 2350
2285:
2286:
2287:
2288:
2289: 2959 2594
2290:
2291:
2292: 2514
2293:
2294:
2295:
2296: 3085 2400
2297: 2573
2298:
2299:
2300:
2301: 2795
2302:
2303:
2304:
2305: 2550
2306:
2307: 2347
2308:
2309: 3105
2310: 2631
2311:
2312:
2313:
2314:
2315:
2316: 2441
2317:
2318:
2319: 2247
2320:
2321:
2322:
2323: 2955
2324:
2325:
2326: 2498
2327: 2737
2328:
2329:
2330:
2331: 2946 2942 2386
2332:
2333:
2334:
2335: 2805
2336:
2337:
2338:
2339:
2340:
2341:
2342:
2343:
2344:
2345:
2346: 2972
2347: 3164
2348:
2349:
2350: 2483
2351:
2352: 2790
2353:
2354:
2355:
2356:
2357:
2358:
2359: 3028
2360:
2361: 2788
2362: 2296
2363: 2656
2364: 2459
2365:
2366: 2908
2367: 2814
2368: 2798 2382
2369:
2370:
2371:
2372:
2373:
2374:
2375:
2376:
2377:
2378:
2379: 2426
2380:
2381:
2382:
2383:
2384:
2385:
2386:
2387:
2388:
2389:
2390:
2391:
2392:
2393:
2394:
2395:
2396:
2397:
2398:
2399:
2400:
2401:
2402:
2403:
2404: 3001 2595
2405:
2406:
2407:
2408:
2409:
2410:
2411:
2412:
2413:
2414: 2574
2415:
2416:
2417:
2418: 2943
2419: 2510
2420:
2421: 3104 3063
2422:
2423:
2424:
2425:
2426:
2427:
2428:
2429: 2538
2430:
2431:
2432: 2485
2433: 3137
2434:
2435: 2424
2436:
2437:
2438:
2439:
2440:
2441:
2442:
2443:
2444: 2462
2445:
2446:
2447:
2448:
2449:
2450: 2453
2451: 2899
2452: 2907
2453:
2454:
2455:
2456:
2457:
2458: 2608
2459: 2850
2460:
2461:
2462:
2463:
2464:
2465:
2466:
2467:
2468:
2469: 2932
2470: 2411
2471: 3127
2472:
2473:
2474: 2774
2475:
2476:
2477:
2478:
2479: 3027
2480:
2481:
2482: 2940 2767
2483:
2484:
2485:
2486:
2487:
2488:
2489:
2490:
2491:
2492:
2493:
2494:
2495:
2496:
2497:
2498:
2499:
2500: 2722
2501:
2502: 3021 2801
2503:
2504: 2456
2505:
2506:
2507:
2508:
2509:
2510: 2923
2511: 3073
2512: 3174
2513: 2826
2514: 3011
2515:
2516: 3154
2517:
2518:
2519:
2520: 2981
2521: 2689
2522:
2523:
2524:
2525:
2526: 3122
2527:
2528:
2529:
2530: 3094
2531:
2532:
2533: 2738
2534: 2815
2535:
2536:
2537:
2538:
2539:
2540:
2541:
2542:
2543:
2544:
2545:
2546:
2547:
2548: 2903
2549:
2550:
2551: 2773
2552:
2553:
2554:
2555:
2556:
2557: 3029
2558:
2559:
2560:
2561:
2562:
2563:
2564:
2565:
2566: 3087
2567:
2568: 2625
2569:
2570:
2571: 2781
2572:
2573: 2584
2574: 2615
2575:
2576:
2577:
2578:
2579:
2580: 2599
2581:
2582: 3034
2583:
2584:
2585:
2586: 3039
2587:
2588:
2589:
2590:
2591:
2592:
2593:
2594:
2595:
2596:
2597: 2916 2796
2598:
2599:
2600:
2601:
2602:
2603:
2604: 3159
2605:
2606: 2838
2607:
2608:
2609:
2610:
2611:
2612: 3063
2613:
2614: 3117
2615: 2990
2616:
2617:
2618:
2619:
2620:
2621: 3081
2622: 2635
2623:
2624:
2625:
2626: 2905
2627:
2628:
2629:
2630:
2631:
2632:
2633: 2783
2634:
2635: 2826
2636:
2637:
2638:
2639:
2640:
2641:
2642: 2901
2643:
2644:
2645:
2646: 2980
2647:
2648:
2649:
2650:
2651:
2652:
2653:
2654:
2655:
2656: 2868
2657:
2658: 3007
2659:
2660:
2661:
2662:
2663:
2664:
2665:
2666:
2667: 2889
2668:
2669:
2670:
2671:
2672: 2809
2673:
2674:
2675:
2676:
2677:
2678:
2679:
2680:
2681:
2682:
2683:
2684: 2750
2685:
2686:
2687:
2688:
2689:
2690:
2691:
2692:
2693:
2694:
2695:
2696:
2697: 2985
2698:
2699:
2700:
2701: 2961
2702: 2978
2703:
2704:
2705:
2706:
2707:
2708:
2709:
2710:
2711:
2712:
2713:
2714: 2811
2715:
2716:
2717:
2718:
2719:
2720:
2721:
2722: 2799
2723:
2724:
2725:
2726:
2727:
2728:
2729:
2730:
2731:
2732:
2733:
2734:
2735:
2736:
2737:
2738:
2739:
2740: 2938
2741:
2742:
2743:
2744:
2745:
2746:
2747:
2748:
2749: 3131
2750:
2751:
2752:
2753:
2754:
2755: 2887
2756:
2757:
2758:
2759:
2760:
2761: 3048
2762:
2763: 2859
2764:
2765:
2766:
2767:
2768:
2769:
2770:
2771:
2772:
2773:
2774:
2775:
2776:
2777:
2778:
2779:
2780:
2781:
2782:
2783:
2784:
2785:
2786:
2787:
2788:
2789:
2790:
2791:
2792:
2793:
2794:
2795:
2796:
2797:
2798:
2799:
2800:
2801: 3065
2802: 2863
2803:
2804: 2860
2805:
2806:
2807:
2808:
2809:
2810:
2811: 3129
2812:
2813:
2814:
2815:
2816:
2817:
2818:
2819:
2820:
2821:
2822:
2823:
2824:
2825:
2826:
2827: 2829
2828: 2989
2829: 2991
2830:
2831:
2832:
2833:
2834:
2835:
2836:
2837:
2838:
2839:
2840:
2841:
2842:
2843:
2844:
2845:
2846:
2847:
2848:
2849:
2850:
2851:
2852:
2853:
2854:
2855:
2856:
2857:
2858:
2859: 3112
2860:
2861:
2862:
2863:
2864:
2865:
2866:
2867:
2868:
2869:
2870:
2871:
2872:
2873:
2874:
2875:
2876: 2891
2877:
2878:
2879:
2880:
2881:
2882: 3125
2883:
2884:
2885:
2886:
2887:
2888:
2889:
2890:
2891:
2892:
2893:
2894:
2895:
2896:
2897:
2898:
2899:
2900:
2901:
2902:
2903:
2904:
2905:
2906:
2907:
2908:
2909:
2910:
2911:
2912:
2913:
2914:
2915:
2916:
2917:
2918:
2919:
2920:
2921:
2922:
2923:
2924: 3052
2925:
2926:
2927:
2928:
2929:
2930:
2931:
2932:
2933:
2934: 3172 3114
2935:
2936:
2937:
2938:
2939:
2940: 2964
2941:
2942:
2943:
2944:
2945:
2946:
2947:
2948:
2949: 3008
2950:
2951:
2952:
2953:
2954: 3120
2955:
2956:
2957:
2958:
2959:
2960: 3111
2961:
2962: 2949
2963:
2964:
2965:
2966:
2967:
2968:
2969:
2970:
2971:
2972:
2973:
2974:
2975:
2976:
2977:
2978:
2979:
2980:
2981:
2982:
2983: 3106 3058
2984:
2985:
2986:
2987:
2988:
2989:
2990:
2991:
2992:
2993:
2994:
2995:
2996:
2997:
2998:
2999:
3000:
3001:
3002:
3003:
3004:
3005:
3006:
3007:
3008:
3009:
3010:
3011:
3012:
3013:
3014:
3015:
3016:
3017:
3018:
3019: 3015
3020:
3021: 3064 3040
3022:
3023:
3024:
3025:
3026:
3027:
3028: 3014
3029:
3030:
3031:
3032:
3033:
3034:
3035:
3036:
3037:
3038:
3039:
3040:
3041:
3042:
3043:
3044:
3045:
3046: 3138
3047:
3048:
3049:
3050:
3051:
3052: 3148
3053:
3054:
3055:
3056:
3057:
3058:
3059:
3060:
3061:
3062:
3063:
3064:
3065:
3066:
3067:
3068:
3069:
3070:
3071:
3072:
3073:
3074:
3075:
3076:
3077:
3078:
3079:
3080: 3061
3081:
3082:
3083:
3084:
3085:
3086:
3087:
3088:
3089:
3090:
3091:
3092:
3093:
3094:
3095:
3096:
3097:
3098:
3099:
3100:
3101:
3102:
3103:
3104:
3105:
3106:
3107:
3108:
3109:
3110:
3111:
3112:
3113:
3114:
3115:
3116:
3117:
3118:
3119:
3120:
3121:
3122:
3123:
3124:
3125:
3126: 3141
3127:
3128:
3129:
3130:
3131:
3132:
3133:
3134:
3135:
3136:
3137:
3138:
3139:
3140:
3141:
3142:
3143:
3144:
3145:
3146:
3147:
3148:
3149:
3150:
3151:
3152:
3153:
3154:
3155:
3156:
3157:
3158:
3159:
3160:
3161:
3162:
3163:
3164:
3165:
3166:
3167:
3168:
3169:
3170:
3171:
3172:
3173:
3174:
3175:
3176:
3177:
3178:
3179:
3180:
3181:
3182:
3183:
3184:
3185:
3186:
3187:
3188:
3189:
3190:
3191:
3192:
3193:
3194:
3195:
3196:
3197:
3198:
3199:
3200:
3201:
3202:
3203:
3204:
3205:
3206:
3207:
3208:
3209:
3210:
3211:
3212:
3213:
3214:
3215:
3216:
3217:
3218:
3219:
3220:
3221:
3222:
3223:
3224:
3225:
3226:
3227:
3228:
