1: 489 91 66 18 15 2 1
2: 351 95 4 3
3: 565 455 451 416 330 321 243 196 189 20 6
4: 521 473 159 55 36 23 8 7 5
5: 72 17 13 12 9
6: 557 546 479 443 389 383 295 278 248 236 227 216 205 177 163 157 123 111 86 26
7: 410 133 88 35 22 11
8: 546 544 440 414 383 299 163 136 111 76 42 41 14 10
9: 477 364 284
10: 288 46 37 16
11: 317 206 98 74 70 65
12: 425 288 25 21
13: 507 415 364 165 129 64 62 28 19
14: 382 367 29
15: 467 447 398 50
16: 146 58
17: 527 312 250 149
18: 142 31
19: 438 255 32 24
20: 187 75 38
21: 546 383 163 111 33
22: 564 363 347 288 246
23: 483 256 164
24: 78 69 27
25: 237 207
26: 482 87 30
27: 339 239 73
28: 34
29: 116 107 106 40
30: 477 453 93
31: 335 314 297 291 276 225 147 105 79 54 53 44
32: 351 135 97
33: 108 82
34: 325 304 49
35: 213 48 39
36: 497 351 203
37: 551 487 408 104 51
38: 561 512 327 162 100 45 43
39: 379 166 120 110
40: 572 552 452 68
41: 542 438 339 335 314 291 276 239 225 197 147 128 79 73 47
42: 564 551 544 363 347 246 113 89
43: 553 417 179 52
44: 433 212
45: 557 479 216 205 177 86
46: 284 131 83 60
47: 364 304 290 231
48: 540 378 121 92 63
49: 335 314 291 276 225 147 79
50: 119 59
51: 556 324 176 139
52: 198 168 90 84 61
53: 451 330 321 243 189 67 57 56
54: 427 354 169 161 115
55: 556 399 172
56: 440 271 125
57:
58: 251 188
59: 528 412 81
60: 306 304 231
61: 565 436 416 183
62: 311 298 94
63: 505 446 342 339 325 109 96
64:
65: 505 446 342 277 273 229 140
66: 388 371 192
67:
68: 232 134 85
69: 451 330 321 279 264 243 220 189 117
70: 379 301 264 220 166 120 110 103
71: 178
72: 222 71
73:
74: 491 331 268 80
75: 395 349
76: 547 422 101
77: 266
78: 218 77
79: 182
80: 242
81: 520 99
82: 572 493 459 452
83: 493 467 459 281
84: 263 185 102
85: 122
86: 316 193
87: 389 157 123
88: 523 518 445 320 249 167 156 124
89: 352 344 328 309 230 130
90: 551 487
91:
92: 523 518 208
93:
94: 443 278 150
95: 366 303 137 112
96: 483 114
97: 505 446 373 215 144
98: 414 299
99: 376 180 155
100: 241 145 127
101: 443 132
102: 175
103: 249 148
104: 417 358 301
105: 323 221
106: 424 414 299
107: 391 279 126 118
108: 436 183
109: 340
110:
111: 427 354 224
112:
113: 337
114: 186
115: 508 151
116: 344 234 214 181 171
117:
118: 403 338 292
119: 528 493 412 241
120: 481
121:
122: 433 283
123: 333 152
124: 323
125: 391 199
126:
127: 343 260
128: 544 311 298 160 154
129: 526
130: 411
131: 448 244 222 195 173 138
132: 408
133: 514 228 141
134: 515 502 143
135: 426 377 345 201
136: 191
137: 209 153
138:
139: 399 217
140: 221
141: 363 246 158
142: 424 346 200 174
143: 572 170
144: 522 210 194
145: 226
146: 302
147: 560 534
148: 535 471 465 278 252
149: 280 267 265
150: 338
151: 433 377 287 235
152: 430 419
153:
154: 486 245
155:
156:
157: 184
158: 310
159: 211
160: 429 369 322
161: 476 254
162: 359
163: 202
164:
165: 267 265
166:
167: 329 269
168: 240
169: 566 441
170: 219
171:
172: 413
173:
174: 428
175: 384 262
176: 503 348 190
177: 386 318
178: 376 361
179: 492 332 238
180: 508 503 348 257
181: 407 253
182: 365
183: 514 285 275
184: 449 204
185:
186: 516
187: 532 350 315
188:
189: 309
190: 536 466
191:
192: 529 435
193:
194:
195:
196: 233
197: 550
198: 561 377
199: 421 393 247
200:
201: 533 241
202:
203:
204: 390 223
205: 319 307
206: 305
207:
208: 290
209: 377
210: 451 358 330 321
211: 286
212: 261
213:
214: 313 308
215: 392 272
216: 470 405 341
217:
218: 570 258
219: 407
220: 460 300
221:
222:
223:
224: 485
225: 450
226: 259
227: 306
228: 454
229: 547
230: 442
231: 490
232:
233: 274
234:
235: 530 511
236: 289
237: 449
238: 270
239: 500 437
240:
241: 516
242: 445 320
243:
244: 396
245: 450
246: 420
247: 503 381
248: 533
249:
250: 464
251: 282
252: 293
253: 461
254: 552 356
255: 535 471
256: 355
257:
258: 488
259: 515 502
260:
261:
262: 548
263: 357 326
264: 444 294
265:
266:
267:
268: 410
269: 296
270:
271:
272:
273:
274: 375
275: 475
276: 568 370
277:
278: 569
279:
280: 519
281:
282:
283:
284: 365
285: 394 368
286:
287: 558 538
288:
289: 505 465 446 334
290: 504 353
291:
292: 439
293:
294: 387
295: 517
296: 406
297: 478
298:
299: 480
300:
301:
302: 336
303:
304:
305:
306: 421 372
307:
308:
309:
310:
311:
312:
313: 402 374
314:
315:
316: 360
317:
318: 431
319:
320:
321:
322:
323:
324:
325:
326: 509 457
327: 461
328: 362
329:
330:
331:
332: 385
333:
334: 498 380
335:
336:
337: 434
338: 537
339:
340:
341:
342:
343:
344:
345:
346: 563
347:
348: 526
349:
350: 525 463 423 397
351:
352: 531
353: 531
354:
355: 513 499
356:
357: 400
358:
359: 432
360: 545 401
361:
362: 539 456
363:
364:
365:
366: 404
367: 458
368:
369:
370: 495
371: 562 559 409
372:
373:
374:
375:
376:
377: 537
378:
379:
380:
381:
382:
383:
384: 474 469
385:
386:
387:
388: 418
389:
390:
391:
392:
393: 555
394:
395:
396:
397: 472
398:
399:
400: 468 462
401:
402:
403:
404:
405:
406: 567
407:
408: 544
409:
410:
411:
412:
413:
414: 510
415:
416:
417:
418:
419:
420:
421: 494
422:
423: 541
424:
425:
426:
427: 484
428:
429: 496
430:
431:
432:
433:
434:
435:
436:
437:
438:
439:
440:
441:
442: 524
443:
444: 549
445:
446:
447: 501
448:
449:
450: 506
451:
452:
453:
454:
455:
456:
457:
458:
459:
460: 571
461:
462:
463:
464:
465:
466:
467:
468:
469:
470:
471:
472:
473:
474:
475:
476:
477:
478: 570
479:
480:
481:
482:
483:
484:
485:
486:
487:
488:
489:
490:
491:
492:
493: 543
494:
495:
496:
497:
498:
499:
500:
501:
502:
503:
504:
505:
506:
507:
508:
509:
510:
511: 554
512:
513:
514:
515:
516:
517:
518:
519:
520:
521:
522:
523:
524:
525:
526:
527:
528:
529:
530:
531:
532:
533:
534:
535:
536:
537:
538:
539:
540:
