1: 2535 1260 379 304 129 105 77 68 19 1
2: 3529 3079 1954 1572 1065 931 590 256 150 45 33 2
3: 903 873 527 180 136 67 49 36 32 27 21
4: 1739 474 176 26 16 6 5 4 3
5: 2322 1981 1286 1150 1119 283 236 57 41 18
6: 3292 3095 2880 2866 2753 1973 1861 1844 1650 1032 894 848 815 511 380 378 340 339 294 231 230 177 126 96 94 91 63 60 53 23 22 17 15 8 7
7: 3204 2984 2092 1967 1939 1529 884 752 639 369 227 83 10 9
8: 3227 2245 2083 1444 1005 674 659 381 74 50 11
9: 2052 1781 693 692 427 376 64 61 35 29 20 14
10: 2376 2131 1072 355 291 28 12
11: 3095 1032 894 511 23 13
12: 53 22 15
13: 3355 2918 2776 2769 2499 1689 1469 699 572 513 274 152 121 102
14: 2306 2234 514 148 38
15: 3353 3173 2393 1808 1795 1632 1615 1133 672 492 84 47
16: 2521 2322 1127 1115 1062 949 550 271 187 55 31
17: 3319 2736 2641 2156 1797 939 477 215 66 56 52 25 24
18: 2398 2047 1449 211 155 122
19: 2499 1689 1469 572
20: 2984 1352 448 393 168 151 78 39
21: 3151 1045 1022 257 202 125 92 44 42
22: 2880 2753 1676 1530 1397 1337 848 838 341 340 338 94 91 37
23: 2986 2880 2753 1650 1293 848 548 340 294 94 91
24: 3085 1769 1571 1382 164 51
25: 2480 884 227
26: 3482 2892 2384 1316 1104 978 262 112 73 70 62 40
27: 1134 1071 916 853 724 178
28: 813 429 72 30
29: 2320 1924 1526 658 530 364 226 206
30: 3056 3031 2293 844 710 107 48 46 34
31: 170 54 43
32: 3511 3078 2319 1880 1739 1434 1345 1154 1060 1057 855 621 569 474 360 245 228 220 201 183
33: 1968 219 100
34: 747 701 497 233
35: 3087 2601 2521 2116 1298 1279 1205 1015 831 800 723 681 595 555 390 287 268 146 143 128 58
36: 2521 65 55
37: 3459 3296 1581 1193 823 679 676 382 314 242 156
38: 3482 1316 1104 978 104 79
39: 3130 2799 2291 876 273 86
40: 2886 523 506 495
41: 3355 2776 2765 1378 947 137 59
42: 2090 820 685 175 163 131
43: 2830 1554 1507
44: 85
45: 1280 892 348 80 75 71
46: 3087 2909 1373 1372 1298 1015 889 800 665 663 533 470 406 298 214
47: 1075 713 425 366
48: 2615 1922 1873 1397 1337 1132 838 179
49: 3048 1429 115 113 111 97
50: 3085 1769 1382 93 69
51: 3417 1825 1331 500 246 172 157 110 106
52: 2322 1876 1409 1115 1062 749 524 241
53: 2797 98 87 76
54: 2439 639 475 321 311 306
55: 3126 2772 1949 1839 1694 984 487 461
56: 2180 1855 1127 949 550 271
57: 2062 1628 333 174
58: 2439 1861 1106
59: 2119 1941 1361 1011 807 571 248 89
60: 3466 1897 651 411
61: 2242 697 372 145
62: 3334 2772 2651 2492 2242 2005 1912 1694 1575 1467 1055 697 372 288 250
63: 2010 924 244 161 114
64: 2979 2586 1966 1869 1050 885 479 82
65: 119
66: 2808 2754 1041 559 350 207
67: 1893 1659 224
68: 307 290 229 195
69: 2672 2535 2324 2299 2177 2065 1984 1881 1823 1503 1419 1260 975 786 747 379 304 233
70: 2438 1947 1842 1417 952 649 108
71: 3346 3191 2972 2898 2646 2511 2333 2178 1548 1197 1080 1064 783 537 468 383 329 325 263 166 103 95 81
72: 2646 1955 1548 1197 1064 783 537 325 263
73: 3088 2485 1958 861
74: 1896 642 407 388 210 200 101
75: 3055 2891 2866 1973 1844 1412 231 230 177 126 96
76: 946 636 627 422 251 186 123 90
77: 2780 293 252 216 139 99
78: 722 483 237
79: 2566 1255 669 132
80: 2487 1857 1808 1615 1438 492
81: 1698 1367 1131 409 213
82: 2586 832 516 508 464 144 88
83: 2895 1717 707 147
84: 3511 3268 2601 2116 1205 245 201 116
85: 668 568 165
86: 3417 3181 3047 2646 2447 2003 1922 1873 1825 1611 1548 1331 1197 1132 1123 783 776 760 612 551 537 512 503 500 480 353 325 319 263 246 172 157 106
87: 2972 2898 2333 1080 468 329
88: 2425 2239 1502 1190 545 149
89: 1048 127
90: 1022 257 202
91: 2796 769 706 217
92: 309 308
93: 784 478
94: 1228 647 302 266 239
95: 1123 551 319
96: 3447 1102 935 666 109
97: 2510 1890 1703 555
98: 1279 831 268 146 130 118
99: 2393 1780 1584 1353 987 696 436 337 297
100: 2912 2539 1752 1179 617 557 171
101: 3094 1478
102: 3211 1543 1496 909 644 489 234 135
103: 701 497 159
104: 1841 1725 1663 1339 744 173
105: 3291 2119 1941 1361 797 270 141 133 124
106: 2825 2446 1347 738 562 327 160
107: 1676 1530 716 341 338
108: 959 560 134
109: 1863 587 292 260 235 162 117
110: 3330 2899 2878 2621 1718 863
111: 2790 2317 1901
112: 929
113: 2473 2000 1672 1538 1377 1368 1078 1002 704
114: 1364 1106 208
115: 120
116: 3213 2791 2563 2062 1695 1628 1103 660 496
117: 2052 1781 693 692
118: 142
119: 2805
120: 1922 1873 1132 480
121: 2819 2570 2525 2115 398 243 167
122: 750 494 191
123: 1795 1632
124: 2086 412
125: 1843 1561 1501 1194 622
126: 3087 1554 1507 1298 1015 800
127: 2095 1714 1643 1357 1311 1301 620 519 193
128: 1279 625 281
129: 3084 1153 845 394
130: 2487 1857 1438 377
131: 2970 2134 933 880 766 586 342 332
132: 3227 2499 1689 1469 1444 659
133: 2473 1672 1538 1377 704 153
134: 2693 1277 460 324 185
135: 832 516 508 464 138
136: 1108 1086 781 594 221
137: 3095 1585 1481 1032 894 616 511 316
138: 3049 2492 1575 1101
139: 2975 1754 1055 288 250 140
140: 1249 729 205 188
141: 3063 754
142: 826 154
143: 3175 1304 1129 948 735 688 335
144: 312 190
145: 860 355 267
146: 907 771
147: 493 459 238 181
148: 2825 2446 1050
149: 555
150: 732 323 225
151: 3496 2649 2561 1435 1176 862 509 269 218 169
152: 3482 2078 1316 1104 978 684 638 313
153: 986 814
154: 3482 1471 1316 1104 978 911 280
155: 674 158
156: 1379 192
157: 2807 1953
158: 3173 1557 1357 1301 1133 1081 732 672 553 323 259 225
159: 3346 3191 1742 1208 247
160: 3523 2258 992 977
161: 3303 2586 1774 980 447
162: 2838 2393 1265 1221 999 960 836 799 581
163: 2995 2020 1972 804 275 204
164: 606 331
165: 1758 648
166: 1249 729
167: 242
168: 2948 2357 2178 189
169: 2888 1479 1407 336
170: 2487 1857 1438 815 380 339
171: 3003 2323 2012 1976 543
172: 361 254
173:
174: 1273 608 518
175:
176: 3074 2594 1931 1180 1031 656 300
177: 2442 614 445 196
178: 2117 1388 1035
179: 2082 278 182
180: 3353 199
181: 3295 2135 2002 1370 485 255 203
182: 3284 2829 2707 1633 413 184
183: 2979 2059 222
184: 853
185: 3078 2457 2441 2286 2211 1345 1154 569 360
186: 2747 2493 1713 410 384 249 198
187: 2537 577 301
188: 2888 336 197
189: 1650 294 279
190: 507 466
191: 3140 3058 1926 1278 1270 421 399 194
192: 3293
193: 3385 3051 2895 1717 917 264
194:
195: 3469 3172 2879 2344 1910 1682 261
196: 1902
197: 1100 223
198: 3352 1471 1458 911
199:
200: 3076 2886 2783 1921 1619 1269 538 482 424 361 317 285
201: 415 408 253
202: 2410 1066 943
203: 1832 711 484 303 209
204: 2599 1885 818 728 358 357 351
205: 946 636 212
206: 2407 2254 1829 1198 1185 682 426
207: 2899 2699 955 695 567
208: 1636 286
209: 1101 632
210: 1463 510 282
211: 3375 1054 284
212: 810 726 452 387
213: 1755 627
214: 1125 386
215: 1946 505 451 322
216: 903 873 529 349 258
217: 2909 1373 1372 533 470
218: 3210 3133 570
219:
220: 2915 2667 2530 2476 1789 531 418 328
221: 1670 1560 1324 1169 564 502 462 395 310
222: 3331 712 589
223: 3458 2653 2423 1841 1725 1663 1339 680
224: 3261 1947 1842 1417 1007 945 812 232
225: 1817 1007 671
226: 3448 2833 2607 1728 1423 951 739 276
227: 2772 2266 2002 1694 1402 1370 982 946 806 636 485
228: 3287 2659 2515 2324 2177 1984 1850 1680 1626 905 597 592 265
229: 3192 2680 1026 846 431 405 320
230: 2948 2845 2357 1457
231: 2551 1675 1637 1042 441 240
232: 1648 637
233: 2761 1535 277
234: 442 391
235: 2615 859 362
236: 2282 2034 640 585 476
237: 3126 1949 1839 528
238: 2830 2634 318 296
239: 2373
240: 599
241: 3144 2089 954
242: 3306
243: 3465 3182 746 430 359 289
244: 3422 3198 2015 1935 1186 546
245: 633
246: 731
247:
248: 3394 2647 1748
249: 2825 2743 2446 1347 591 575 370 272
250: 2806 2795 2590 2290 1083 785
251: 2307 1783 1410 498 440 375
252: 1357 1301
253: 2937 1945 1369 1218 563
254: 2841 2175
255: 1408 1023 719
256: 3453 2608 2289 2275 2129 2117 1388 1139 1035 985 928 793
257: 2054 907 501 402
258: 3063 2727
259: 2362 2305 2266 657 299
260: 995 790
261: 3411 1611
262: 2063 1955 1816 1686 1147 969 596
263: 396
264: 2783 482
265: 1481 736
266: 1715 742 401
267: 347 295
268: 3357 2229 1867 1819 811 363
269: 3527 3181 3047 2447 2440 2003 957 503 315
270: 3231 3158 2768 2544 2350 1916 1077
271: 3294 1520 1468 1065
272: 868
273: 3186 2916 2057 1784 1426 346
274: 2341 796
275: 2576 1505
276: 2244 1230
277: 1981 1150 465
278: 3094 791
279: 2935 2797
280: 3327 2980 2301 1853 629
281: 3481 433
282: 2949 1907 1455 802 374 365 354
283: 1617 1424 997 761 305
284: 990
285: 2048 1836
286: 3389 2456
287: 2498 2017 1076 895
288: 2986 1293 548 458
289: 3244 2762 1928 1885 1753 1160 765 392
290: 1068
291: 1644
292: 3346 3312 3191 2310 2096 1112 544 404
293: 2628 2172 1358 860 755 580
294: 1847 1212
295: 3519 2419
296: 2659 940 890 583 330
297:
298: 1823 867
299: 919 787
300: 542
301: 397
302: 808
303: 3160 628
304: 1624 334
305: 2871 1746 1182 937 809 789 708 579
306: 1611 988 776 760
307: 2720 343 326
308: 2845 1158 714 437
309: 3055 2617 1987 1691 1542 1412
310: 3509 2739 1223 874
311: 3057 2844 2255 1639 526
312: 3453 2608 2275 2129 1139 985
313: 1052 939 779 477 373
314: 1179 753 700 588 520 491
315: 1618 1557 1081 439
316: 1264
317: 2862 2790 2538 2317
318: 2319 1880 855
319: 2987 2454 1518
320: 368
321: 1262 759
322: 3096 2233 1662 798 631
323: 1655 554
324: 3294 1520 1468 420 344
325: 3459 3296 2428 488
326: 3079 931 419
327:
328: 2869 2617 1987 1691 414
329: 1876 1409 504
330: 2320 1924 1526 530
331: 2011
332:
333: 3287 2831 2515 1626 770
334: 2316
335: 1780 987 696
336: 385
337: 1473 1411 927
338: 2249 1834 1029
339: 1060 621
340: 1801 856
341: 3524 1235 566
342: 1684 547
343: 2952 1088 602 525 454 345
344: 3223 921 371
345: 3007 2807 2682 1953 540
346: 2396 352
347: 2262 1532 367
348: 2680 1026 846
349: 1592 1211 605 481 469 356
350: 2869 2442 2039 1915 1731 1638 1149 1046 614 445
351: 1921 1619 1269 424
352:
353: 3518 2506 1523
354: 2843 2416 1120 687 603 535
355: 2615 2032 1516 1484 1309 891
356: 2962 1141 1110 886 522 438
357: 2439 1776 1189 986 837 515
358: 2024 740 634 368
359: 2988 2969 1849 1374
360:
361: 3357 2555 1849 1465 1249
362: 727
363: 3310 2189 2164 1804 1564 1414 1094 1027 983 875 627
364: 2315
365: 1322
366: 3111 2393 473
367: 1669 1110 942 539 467
368: 1714 1643 417 389
369: 2553 1061 624
370:
371: 3074 1931 774 768
372: 1752 486
373: 2280 2109 1486 1413 1117 1109 1024 444
374: 3024 2113 2012 1840 655
375: 3397 2974 2913 1772 741
376:
377: 1745 718
378: 2838
379: 1214 1156 456 434
380:
381: 1849
382: 2624 1336
383: 2070 1225 1201 1130 971 737
384: 2962 886 522 428
385: 552
386: 675 604
387: 403
388: 2032 1660 1516 1332 1200 455
389: 2218 2174 1232 416
390: 1106
391: 2597 2589 2090 1491
392:
393: 3240 3168 1589 1495 1358 446
394: 849
395: 3230 2955 1237 1234
396: 1952 1226 689 450
397: 3353
398: 1714 1643 829
399: 1581 1193 679 423
400: 2009 827
401: 2869 2195 2039 1638 435
402: 715
403: 1097
404: 1429 432
405: 2729 2710 2128 1991 453
406: 2093
407: 2006 400
408: 472
409: 1398
410: 840 490
411: 443
412: 2791 1103 660 496
413:
414: 3178 1965
415: 3310 2164 1804 983
416: 1552
417: 3429 2696 1196 1171 1043 792 691
418: 2822 1556
419: 2707 1955 1633
420: 1085 730 517
421: 968 900
422: 1487 449
423: 2109
424: 702
425: 2572 576
426: 3299 2133 1547 1440
427: 3426 3209 2661 611 561 471
428: 3399 1870
429:
430: 1811 1595
431: 3262 2733 2243 635
432: 3352 2207 1019
433: 2880 2753 1323 915
434:
435: 2872 1623
436: 2289 2017 1076 898 895
437: 2856 2309 932
438:
439:
440: 2672 2065 1503
441: 1443 944
442: 686
443: 3435 1678 1161 902 709
444: 2176 773
445: 1564 1414 1094 650
446: 1720 662
447: 1642 901 457
448: 2695 2209
449: 463
450: 2050
451: 2356
452:
453:
454: 2494 1570
455: 2786 2025 1730
456: 661 536
457: 1544
458: 2288 1919
459: 3268 2141 1480
460: 1783 1410 521
461: 3230 2955 1234
462: 3227 2932 1951 1767 1604 881
463: 1542 1287
464: 1286
465: 2698 1923
466: 1082 910
467: 3445 2627 2426 2359 2324 2177 1984 1850 1680
468: 3532 2351 1067 1058
469: 2115 499
470:
471: 1731 601 600
472: 2292 1646
473: 3213 2563 2101 1982 615
474: 3161 2954 1546
475: 3066 2576 1653 1459
476: 1618 778 652
477: 1974 864
478: 1967 1939
479: 1162
480: 694
481: 1688 1620 1428 653
482: 2738 2088 2052 1868 1781 1421 673
483: 3465 3182 2636 1046 877 584
484: 1990 1404 573
485: 1159
486: 2817 2466 2095 852
487: 2444
488: 2289 690
489: 619
490: 1583 1157 643
491: 2658 1206
492: 2229 1867 1819 811
493: 2252 609
494: 1766
495: 2825 2446 1347 641 541
496: 2480 556
497:
498: 819
499: 2556 912 593 578
500: 3475 2737 1985 534
501: 2660 1007 812
502: 3374
503: 896 607
504: 3510 2612
505: 1442 1181
506:
507:
508: 3041
509: 860
510: 2293 844
511: 974 835
512: 1818 1334 1122
513: 667 623
514: 1362 1227 930
515: 2053 1396 1214 1156 698
516: 3301 900
517: 2632 2560 630
518: 3421 3141 953
519: 3377 1003
520: 1985
521: 2356 733
522:
523: 3312 2310 965
524: 2484 1241
525: 2918 2769
526: 893
527: 3253 2030 1962 1577 1450 794
528: 1036
529:
530: 2215 1940 1645 882
531: 3421 1659
532: 3268 3201 2268
533: 1876 1409
534: 2412 1209 558
535: 2258 1980
536: 2396
537: 1512
538: 3259 3139 2014
539: 581
540: 3187 2997 2257 1276
541: 2964 1960 1498
542: 2942 2845 1393 1262 1158 714
543: 2503 1933 1004
544: 1749 1673 582
545: 3387 1082 532
546: 2904 2732
547: 744
548:
549: 2715 1499 610
550: 2519 1956 1642 1441
551: 1519 1143
552: 833
553: 2781 2299 1881 975 565
554: 962
555: 2996 926 914 748
556: 3240 1533 1415 989 654
557: 1403 1391 1359 1233 574 549
558: 3248 2026 1696 1418
559: 626
560:
561: 3205 618
562:
563:
564: 1184
565: 3088 2485 2298 1958 956
566: 2647 2045 645
567: 1342 1121
568: 2142 854
569: 1229
570: 3403 3337 897 879
571: 1155 941
572: 2176 773
573: 3311 1098 805
574: 2141 1480
575: 2911 2896 1812 1177 1028 683
576: 1128 734
577: 2988 2969 828 703
578: 2076 1376
579:
580: 3532
581: 2012 613
582:
583: 646
584: 2794 2755 1963
585: 2671 1708
586: 3008 3005 1883 1188
587: 751
588: 2927 2054 775
589: 2094 1864 1355
590: 2949 2872 1889 1346
591: 2656 2207 705
592: 1761
593: 2324 2177 1984 1850 1680
594: 3425 2584 1959 1750 1703 1207 743
595:
596: 3118 3086 1790
597: 1833 598
598:
599: 2327 2272 1944 1894 1679
600: 764
601: 3392
602: 1782 1220 1009
603: 908
604: 677
605: 3467
606: 3210 3133 2721 664
607: 3249 1827
608: 1129 948
609: 1166 858
610: 2625 2188 1472 1312 918
611: 3259 3139 2725 2230
612: 2063 1816 1686 1096
613: 1236 899
614: 1866 1555 887
615: 2277 966
616: 1601 1452 922
617: 2180 1855
618: 2543 1006
619: 3087 2483 1256
620: 2230
621: 1099 782
622: 3192 2500
623: 3354 2998 801
624: 2324 2177 1984 670
625: 3106 1243
626: 1152
627: 3111 1508 1008
628: 2723 2328 1703 1569 1448 1147 1118 981 969 830
629: 3239 1291
630: 2813
631: 3379 1938
632: 1047
633: 1200
634: 2795 1250 963
635: 2124 1760
636: 1136
637: 2475 2248 2018 1929
638: 2112 1800 1381 1013 758
639: 721
640:
641: 3217 1622 1257
642: 3228
643: 2727 1144 847
644: 2872 2246 2162 1623 678
645: 3451 841 767 762
646: 2887 2060 745
647: 3218 2674 2264
648: 2528
649: 3472 2757 2031 2001 788 772
650:
651: 780
652: 1267
653: 3201 2268
654:
655:
656:
657: 2340
658: 1078 1002
659: 3260 1871
660:
661:
662: 2000 1787 1650 1476
663: 2594
664: 1608
665: 1328 906
666: 1913
667: 1838 936
668: 2706
669: 2108 1709 1408
670: 2478
671:
672: 1135
673: 2700
674:
675: 1128
676: 1020
677: 3244 2762 1261
678: 958
679: 3343
680: 2217
681: 1396
682: 2877 1591
683: 3199 3179
684: 1622
685: 3093 2084 2032
686: 1697 834 720
687: 2618 923 843
688: 2598 1395
689: 1977 1204
690: 1815 1095 1049
691: 2973 1677 1148
692: 2417
693: 3127
694:
695: 3481 2807 1953
696: 3186 2916
697: 3324 2893 2197 2184 2042 717
698: 1420 1033
699: 2100 1674
700: 1494
701: 3282 1400 993 725
702: 3402 2399
703: 3462 3442
704: 869
705:
706: 1173 1167
707: 2940 2438 2023 1665 1137
708: 2472
709: 1586 1290 757
710: 3072 2481 2021
711: 3001 1460
712: 825
713: 3143 2081 1568 1274 1140
714: 1312
715:
716: 3332
717: 2077
718: 2425
719: 2783 2687 1281 777
720: 2809 857 824 795 763
721:
722:
723: 3116 872 756
724: 3395 3132 925
725: 3505 1658 1464
726: 2065 1503
727: 3199 3179 1966
728:
729: 3530 3176 1742 1706 1208
730:
731: 2123 1854 1030
732: 2953 1163
733:
734: 3533 2308
735: 3367 2648 920
736:
737:
738: 1394 850
739: 822
740: 2007
741: 1744 1493
742: 1053 816
743: 1164 871
744: 3023
745: 1640
746: 2143
747:
748: 1533
749:
750:
751: 2212
752: 2763 1934
753: 803
754: 2439 837
755: 3463
756: 1703
757: 2547 1240 1215
758: 1609 865
759: 1755
760: 2423 821
761: 3018 2867 2740 1283
762: 3241 1016
763: 2386 2125 1191
764: 2013 2006 1763 1113
765:
766: 3168 2380 1607 1589 817
767: 3116
768: 1288 1124 1070
769: 2588 2423
770: 2731 1477
771: 968
772: 1213
773: 2846 2394 1948
774: 1702
775: 2920 2267 1681
776: 2520 1014
777: 2891 1554 1507
778: 2520 1893
779: 3088 2485 1958
780:
781: 2223
782: 2123 1854 1801
783: 2891
784: 3493 2139 2132
785: 2862 2538
786:
787: 1336 842
788: 1199 851
789: 2644 2610
790: 2684
791: 2423 1849 1787 1563 1524
792:
793: 870
794: 2723 2328 904
795: 3009 1034
796: 3471
797: 883
798: 3013
799: 2896 1812 1636
800: 2903
801: 1305 1224 970
802: 3208 1239
803:
804:
805: 1510
806: 1151 964
807: 1950 1720 839
808: 1360 1091
809: 3317
810:
811: 2835 1380 1242
812: 1630 938
813: 3429 3122
814: 3520 3338 1074
815:
816: 1038
817: 2220
818: 2348
819: 1865
820: 3242 1930 1886 1759 1116
821: 1683 1344
822:
823: 1402
824: 2372 1051
825: 1040
826: 2337 2148 1490 1073
827: 2178
828: 1356
829: 2899
830: 2820
831: 3158
832: 3240 1495
833:
834: 2338
835: 1660 1332
836: 3437 1433
837:
838: 2843 2416 961
839: 1087
840: 2199
841: 2964 1960
842: 1164
843:
844: 1968 973
845: 2793
846:
847: 1063
848: 3496 2649 2626 2561 2298 1642 1435
849: 2895 1717 1392 976
850:
851:
852:
853: 1821 1735 1329
854:
855: 2153
856: 2252
857: 3263 1453
858: 2284 1765
859:
860: 878
861: 1741 991
862: 1142 866
863: 1432
864:
865:
866: 1817 996
867: 3509 1223
868: 3100 1904 1723
869:
870:
871: 1192 934
872: 1327 1247 1107 888
873: 1724
874: 2824
875: 1145
876:
877:
878: 3075 2798 1259 1246 1111
879: 3410 3347 2495 2210
880: 2386 2125 2013 1113
881: 2438
882:
883: 3074 1931
884: 2835 2744 1879 1474 1380
885: 2206
886: 2028 913
887: 1961 979 967
888: 2622
889: 3175 1304
890: 2463 2049
891:
892: 2736 1797
893: 1248
894: 2553 1711 1651
895: 2075 1603 1018
896: 2161
897: 2774 2742 2487 2409 1574
898: 1740
899: 1285
900: 3423 3061 1954
901: 1185
902:
903: 2930 2373
904: 1884 1044
905: 2351 1734 1271
906: 3411 2781 1195
907: 3522 2470 1348 1313
908: 1334
909: 1784 1349
910:
911: 3436 3308
912: 2524
913: 3166 2910 998
914:
915: 1489
916: 2348 1273
917:
918: 1997 1625
919: 2436
920:
921: 1416 1039
922: 3070 2151
923: 3256 2578 1917
924: 2665 2455 1989 950
925: 3476 1056
926: 3466 1897
927: 2043
928:
929: 2924 2508 1545
930: 2118 1613
931: 3277 2037 1178
932: 3357 1168
933: 2149 2024 1988 1983 1366 1037
934: 2269
935:
936: 1483
937: 1138 1001
938:
939:
940: 2853 2591 2339
941: 2938 1089 1021
942: 2947 1798
943: 3384 3251 2105 1266
944: 1649 1390 1314
945: 3185 1012
946: 2137 1932
947:
948: 1566
949: 1504 1498 1170
950: 3422 3077
951:
952: 1695
953: 1217
954:
955: 2975 1754
956:
957: 3389 3219 2686 1079
958: 2833 2607 1727 1000 972
959: 1859
960: 2666
961: 1203
962: 3469 1010
963: 2500 2271
964:
965: 2970 2134
966:
967: 3367 2219 1738 1596
968: 1514 1383
969: 2414 2120 1297
970: 3087 1759
971: 2140 1187
972:
973: 2701 1666 1263 994
974:
975:
976: 3440 2919
977: 2428 1437
978:
979: 3169
980: 2097 1422
981: 2511 1017
982: 1826 1365 1216
983:
984:
985: 2620
986:
987: 1183
988: 1959 1025
989: 1059
990: 1860
991: 2792 1756 1330
992: 1690 1295
993: 3310 2164 1804
994: 1835
995: 1684 1244
996:
997:
998: 1716 1210
999: 2612 1454
1000:
1001: 3234
1002: 3032
1003:
1004: 1641 1598
1005: 2367 1105
1006: 2774 2742 2409 1565
1007:
1008: 1445 1093
1009: 1451
1010: 2868 1338
1011:
1012: 1371
1013: 3507 1925 1805
1014: 2726
1015: 2044
1016: 1175
1017: 2812 1559 1272
1018: 1251 1165
1019:
1020:
1021: 1541
1022: 2786 2025
1023: 1802 1606
1024: 2480
1025:
1026: 1307 1172 1146
1027: 3218 2674 2264 1114
1028:
1029: 1254
1030: 2546 2079
1031: 2138
1032: 1806 1069
1033: 2676 1084
1034: 3458
1035: 1903 1799
1036: 1593 1540
1037: 1889
1038: 2690 2678
1039: 1687
1040: 2242
1041: 2430 1425
1042: 1937
1043:
1044: 2253
1045:
1046: 3210 3133 2408
1047:
1048: 3229 2830 2634 1599
1049: 2516
1050:
1051:
1052:
1053: 2180 1855
1054: 3450
1055: 3326
1056:
1057: 1587 1509
1058: 2564 1719 1092 1090
1059:
1060:
1061:
1062: 1908
1063: 2451 2152
1064: 2402 1325
1065: 3394 1594
1066: 2600 1126
1067: 3004 2995
1068: 2225 1990
1069:
1070: 1308
1071: 1537
1072:
1073: 3462 3442 1310
1074: 2280
1075: 1776 1189
1076: 1275
1077:
1078:
1079: 1877
1080: 1405
1081:
1082: 1726 1282
1083:
1084: 2977 1521 1387 1375
1085:
1086: 3180 3020 2507
1087: 3007 2682 1306
1088: 1174
1089: 3115 3012 2915 2222
1090:
1091:
1092:
1093: 3474 3152 1978 1743
1094: 1794 1258
1095: 1461
1096: 1488
1097: 2819 2570 2525
1098:
1099:
1100: 2066 1909
1101: 1763
1102:
1103: 3168 1589
1104: 2111 1732 1517
1105: 2892
1106: 3111
1107: 1980
1108: 3242 1930 1886
1109: 2718
1110: 2040 1534
1111: 2159
1112: 1685
1113: 3455
1114: 3473 1993 1704
1115: 1757 1447
1116: 2294
1117: 2224
1118: 3528
1119: 1335
1120: 2897
1121: 1427
1122: 1899
1123: 2457 2441 2286 2211 1771
1124: 2191 1736 1430
1125:
1126: 1492 1300
1127: 1992 1296
1128: 1399
1129:
1130: 2186 2169
1131:
1132: 2489 1238
1133: 2642
1134: 1202
1135:
1136: 2639 1747 1253
1137: 1222
1138: 3532 1219
1139: 3123 2941 2854 2380
1140:
1141:
1142: 2126
1143:
1144: 3130 2799 1610
1145:
1146:
1147: 2872 2430 1320
1148: 1384
1149: 1578
1150: 2427 2236 1317
1151: 3381 2214
1152:
1153: 3323
1154:
1155: 1558 1343
1156: 3364
1157: 2745 1525
1158: 1350
1159: 2779 2713 1705
1160: 2504 1943 1792
1161: 2951 2604
1162: 1500
1163: 2418 2378
1164:
1165: 2860
1166: 3386 1614
1167: 1712
1168: 3422 2015 1935 1302
1169: 2400
1170: 2238 1231
1171: 1952 1550
1172: 3293 1692
1173:
1174: 2557 1920 1252
1175: 1268
1176: 2467
1177: 1485
1178: 2562 1245
1179: 3387 2733 2351 2243 1734 1368 1271
1180:
1181: 1321
1182:
1183: 1333
1184: 2571
1185: 1657
1186:
1187: 1775
1188: 2150
1189: 1527
1190:
1191:
1192: 2589
1193: 1654
1194: 2763
1195: 3409
1196: 3330 2878 1718 1351
1197: 2628 1553
1198: 2802 1764
1199: 1796
1200: 3011 2760
1201: 2460 2241
1202: 1511 1389
1203: 1551
1204:
1205:
1206: 2392 1567
1207: 2517 1865
1208: 3335
1209: 2462 1292
1210:
1211:
1212: 3288
1213: 2214 1627
1214:
1215: 2027
1216: 2496
1217: 2363 1621
1218:
1219: 3036
1220: 2030
1221: 2914 2325
1222:
1223: 1284
1224: 1814
1225:
1226: 1466 1289
1227: 3521 3113 2375
1228:
1229: 2539 1385
1230: 2645
1231:
1232: 2533
1233: 2223
1234: 3356 2377
1235:
1236: 3446 1998
1237: 3266 1875 1354
1238: 3297 3108 2982
1239:
1240: 2354
1241: 1294
1242: 3398 2471 2182 1528
1243: 3461 2121 1315
1244:
1245: 2566
1246: 3141
1247: 1431 1299
1248:
1249: 2650 1303
1250:
1251:
1252: 2690
1253:
1254: 3209
1255:
1256: 3410 3348 2110 1957 1482
1257: 1497
1258: 1536
1259: 3326
1260: 2518 2401
1261: 3223 2681
1262:
1263: 2625 1699 1386
1264:
1265: 3530 2724 2069
1266: 2270 1605
1267: 3148 1513
1268:
1269:
1270: 3397
1271: 2774 2742 2409 1565
1272: 3489 3205
1273: 2754
1274: 1990
1275: 3284 2976 2829
1276:
1277: 2849 2360 2036 1701
1278: 2860 2313 1895
1279: 2365
1280: 3497 2391 1462
1281:
1282: 1319 1318
1283: 1341
1284: 1671 1363
1285:
1286:
1287: 3501 2312 2168 1791
1288:
1289:
1290:
1291: 3064
1292: 2153
1293:
1294: 2974 2913
1295:
1296: 2295
1297: 1830
1298: 2942 2411
1299: 2171
1300: 1668 1326
1301:
1302: 2800 1475 1436
1303:
1304:
1305: 3527 2440
1306:
1307: 1706
1308:
1309: 2653
1310:
1311: 2873
1312: 2665
1313: 2413 1751
1314: 1439
1315: 2559
1316:
1317: 2128 1401
1318:
1319: 1340
1320:
1321:
1322: 3096
1323: 3163 2967 2638 2449
1324: 2611 1576
1325: 1602
1326: 2045
1327: 2600
1328:
1329:
1330: 2719
1331: 1406
1332: 3107 2832 2429 2231 1579
1333: 1898
1334: 2510 1890
1335: 1961
1336: 2064
1337:
1338: 1456
1339:
1340:
1341: 2915
1342: 2580
1343: 2195
1344: 1969 1634
1345: 1994
1346: 2160 1531
1347:
1348:
1349: 2877 1986
1350: 2390 1846
1351:
1352: 2574 2068 1470
1353: 1807
1354:
1355:
1356: 3391 2297
1357:
1358: 3039 2803 1999
1359:
1360: 3299 1600
1361: 3398 2182
1362:
1363:
1364: 1918
1365: 3434
1366: 3384 3251
1367: 1906
1368:
1369: 3324 2893 2184 2042
1370:
1371: 2344 1910
1372:
1373: 2204
1374: 2445 1813
1375:
1376:
1377: 2542 2314
1378:
1379:
1380: 2016
1381: 1571
1382:
1383: 3082
1384: 2703
1385: 3018 2883 2740
1386: 2198
1387:
1388: 2004
1389: 2870
1390:
1391: 3475 2637
1392: 3355 2776
1393: 3155
1394: 3319 2641 2156 1582
1395:
1396:
1397:
1398:
1399:
1400: 3448
1401: 2945 2432 2029
1402:
1403:
1404: 3172
1405:
1406: 2855 2167
1407: 3295 2135
1408:
1409:
1410:
1411: 1539
1412: 1446
1413:
1414: 3164 2497
1415: 3028
1416: 1647
1417:
1418: 2450
1419:
1420: 3510
1421: 3328 2643 1722
1422:
1423:
1424: 1891
1425: 2696
1426:
1427: 1577
1428:
1429: 2371
1430: 3290 2201 1729
1431: 2519 2381 1862
1432: 2994
1433: 2610
1434: 2033 1522
1435: 2856 2309
1436: 2465
1437:
1438:
1439: 2192 1580
1440: 3054 2074
1441: 3222
1442:
1443: 2040
1444: 3136 2730
1445: 2944
1446: 3022
1447:
1448:
1449: 2565
1450: 1872 1631
1451:
1452: 3270 3236 2540
1453: 2213
1454:
1455: 3473 1588
1456:
1457: 3202
1458: 3305
1459: 2296
1460: 3327
1461: 3102
1462: 2145 2061 1506
1463: 1597
1464: 3379 1970
1465: 3341 3010 1856
1466: 1616
1467:
1468: 2771
1469:
1470: 1721
1471: 3040 2957 2019
1472: 3142 2596
1473: 2912
1474: 2906 2352 2336
1475: 1549
1476: 2599 1590
1477: 3231 2768 1667
1478:
1479:
1480: 2147 2073 1515
1481:
1482:
1483: 3125 2977
1484: 3370 1831 1773
1485: 3229
1486: 3397 3069 2035
1487:
1488: 2526
1489: 3285
1490:
1491:
1492:
1493: 2778 1927
1494: 3264 2146
1495: 2103
1496:
1497: 1820
1498: 3480
1499: 2901
1500: 2240
1501: 2023 1665
1502:
1503:
1504:
1505: 1878
1506: 1656
1507:
1508:
1509:
1510:
1511: 2730
1512:
1513:
1514:
1515: 2458
1516: 1824
1517: 3360
1518: 2202 1887
1519: 3401 1664
1520: 1936
1521: 2187
1522: 2256
1523:
1524: 3389
1525: 3372 3259 3139 2205 1573
1526: 1562
1527:
1528: 3068
1529: 2443
1530: 1975 1612
1531:
1532:
1533:
1534:
1535: 2837
1536:
1537: 3231 2768
1538: 1737
1539:
1540:
1541:
1542:
1543:
1544: 2080
1545: 3390 2228
1546: 2032
1547: 2875 2775
1548:
1549: 3140 3058
1550:
1551: 1914
1552: 2470
1553:
1554: 2190
1555:
1556:
1557: 1822
1558: 2738 2088 1868
1559: 2491
1560: 2941 2635
1561: 2670
1562:
1563:
1564: 2283 1661
1565:
1566: 3043
1567:
1568:
1569: 1810
1570: 3082
1571:
1572: 2008
1573: 2603
1574:
1575:
1576: 1730 1629
1577:
1578:
1579: 2997 1888
1580: 3283
1581: 3413 1851
1582: 2185 1786
1583:
1584: 3490 3080 2379
1585: 2384
1586:
1587: 3303
1588: 2602 1788
1589: 3254 3150 2263
1590: 2556 1858
1591: 1635
1592: 2099 1652
1593:
1594:
1595: 2474
1596:
1597:
1598:
1599: 2498
1600:
1601: 3112 2964
1602: 3497 3069 2349 1971
1603: 3149 1693
1604:
1605: 2038
1606:
1607:
1608:
1609: 2766 1848
1610:
1611:
1612: 2300
1613: 2482
1614:
1615: 1779
1616:
1617: 2193
1618:
1619: 2557
1620: 3170 1778
1621:
1622:
1623: 2368
1624:
1625: 2640 1710
1626: 3375 3272 2714 2663
1627: 2527 2122
1628:
1629:
1630: 2405
1631:
1632:
1633: 2631 1707
1634:
1635: 2114 1762
1636: 2997 2257
1637:
1638: 2509
1639:
1640:
1641:
1642: 2804
1643:
1644: 3016 2839
1645:
1646:
1647: 1700
1648: 2748
1649:
1650:
1651: 2424
1652: 3465 3182 2636
1653: 3346 3191
1654:
1655:
1656: 2992
1657:
1658:
1659: 3307
1660:
1661:
1662:
1663:
1664: 2179
1665:
1666: 3040
1667: 3278 2938
1668:
1669: 2935
1670: 2606
1671: 1874
1672: 2285 2226
1673: 1785
1674:
1675:
1676:
1677:
1678:
1679: 1809
1680:
1681: 2361
1682:
1683: 2815 2404 1995
1684: 1905
1685: 3188
1686:
1687: 2858
1688: 3518
1689: 2486
1690: 2216
1691: 2505
1692: 2138
1693: 3235 2104
1694:
1695: 2332
1696: 2431 2022
1697: 2821 2413 1770
1698: 2355
1699: 2990 2435 2098 1733
1700: 3501 2168
1701:
1702:
1703:
1704: 2669 2144
1705:
1706: 2801 1828
1707:
1708:
1709:
1710: 1996 1852
1711: 1865
1712:
1713: 3167 1777
1714: 2203
1715:
1716: 2989
1717:
1718: 3424
1719:
1720: 2197
1721:
1722:
1723:
1724:
1725:
1726:
1727: 3329 3237 3146 2154
1728: 3316 3219
1729: 3264
1730:
1731: 2218
1732: 2914 2325 2279 2157
1733: 3174
1734: 2321
1735:
1736:
1737: 2767
1738:
1739:
1740: 2107
1741: 2831 2366 1882 1837
1742: 2734
1743: 2923 2051
1744: 2395
1745:
1746:
1747:
1748:
1749:
1750: 1793
1751:
1752:
1753: 2403 1768
1754: 3211
1755:
1756: 2155
1757:
1758:
1759: 3108 2982 2334
1760:
1761: 2326 1892
1762:
1763:
1764:
1765:
1766: 3445
1767:
1768:
1769:
1770:
1771:
1772:
1773: 2353
1774:
1775:
1776: 3470 2106 1803
1777: 2861 2665
1778: 2261
1779:
1780: 2127
1781: 2939
1782:
1783:
1784:
1785: 3454 3280
1786:
1787: 2327 2272 1944
1788: 3318
1789: 2711 2136
1790:
1791: 2166
1792: 2208
1793:
1794: 1900
1795: 2173
1796: 2987 2454
1797:
1798: 3083 2662 1845
1799:
1800:
1801:
1802:
1803:
1804:
1805: 2960 2259 2251
1806: 3336
1807: 3479 2889 2814 2287 2158 1979
1808:
1809:
1810:
1811:
1812: 2865
1813:
1814: 2468 1911
1815:
1816:
1817: 2221
1818: 2170
1819:
1820:
1821:
1822:
1823: 2335
1824:
1825:
1826: 3452
1827: 2697
1828:
1829: 2950 2773
1830: 2961
1831: 2303
1832:
1833:
1834: 2374
1835:
1836:
1837: 2433 2130
1838: 3252
1839:
1840: 2085 2055 1942
1841:
1842:
1843: 3352
1844: 2422
1845: 2591
1846: 2906 2352 2336
1847: 3504 3225 2247
1848:
1849:
1850:
1851: 2514
1852: 3131 2420
1853: 2626
1854: 2592
1855:
1856:
1857:
1858: 3192 2223
1859: 3301
1860:
1861: 2587
1862: 3444
1863:
1864: 2541
1865: 2028
1866: 3002
1867: 3103 2331
1868:
1869: 2046 1964
1870: 2534 2273
1871:
1872:
1873:
1874: 2545
1875:
1876:
1877:
1878: 3263
1879:
1880:
1881: 3398 3336 3176
1882: 3159
1883: 2469
1884: 2389
1885: 3243 2071
1886:
1887: 2764
1888: 3484
1889: 3378 2735
1890:
1891:
1892:
1893: 2181
1894:
1895:
1896:
1897: 2579
1898:
1899:
1900: 3188 2991 2550
1901: 3512
1902:
1903: 2056
1904: 3342 2573
1905:
1906: 3317 2900 2479
1907: 2041
1908:
1909: 2652
1910:
1911:
1912: 2963
1913:
1914:
1915: 3323
1916:
1917: 2523
1918:
1919:
1920: 2746
1921:
1922:
1923: 2531
1924:
1925:
1926:
1927: 2857
1928:
1929: 2827
1930:
1931: 2165
1932: 2993
1933:
1934:
1935: 2448
1936:
1937:
1938: 2342 2194
1939: 2976
1940:
1941:
1942: 2623
1943:
1944:
1945:
1946: 3316 2347 2346
1947:
1948:
1949:
1950:
1951:
1952: 2058
1953:
1954:
1955: 3162
1956:
1957: 2750
1958: 3426 2661
1959: 2382
1960: 2087
1961:
1962:
1963:
1964:
1965: 3232
1966:
1967: 3311
1968: 2815
1969:
1970: 2281
1971: 2712 2330
1972: 2566
1973:
1974: 3381
1975:
1976:
1977: 3183
1978: 2897
1979:
1980:
1981: 3000 2067
1982:
1983: 3201 2370
1984:
1985: 3098 2452
1986: 3363 2657
1987: 2072
1988:
1989:
1990: 3192
1991: 3292 2091
1992:
1993: 3498 2677
1994:
1995: 3392
1996:
1997: 2605
1998:
1999: 3121 2536
2000:
2001:
2002: 3205
2003: 3101 2554
2004: 2716
2005: 2849
2006:
2007:
2008:
2009: 2751
2010: 2163 2102
2011: 2260
2012: 2826
2013: 2265
2014: 3417
2015:
2016: 3508 2421
2017: 3362
2018: 2705 2183
2019: 3279 2200
2020:
2021:
2022:
2023: 2329
2024:
2025:
2026:
2027: 3485
2028:
2029: 3073
2030: 3508
2031: 3216
2032:
2033:
2034: 2890
2035: 2278
2036:
2037: 3187
2038: 2388
2039: 3224
2040: 2238
2041:
2042:
2043: 3358
2044: 3030 2196
2045: 2572
2046: 2237
2047:
2048: 2583
2049:
2050:
2051:
2052:
2053:
2054:
2055:
2056:
2057: 3052 2274
2058:
2059:
2060:
2061:
2062:
2063: 2821
2064:
2065: 2741 2227
2066:
2067:
2068:
2069: 3065
2070: 3062 2276
2071:
2072:
2073: 2558
2074:
2075: 2975
2076:
2077: 2834
2078: 3489 2789 2756
2079:
2080:
2081: 2943
2082:
2083: 2464
2084: 2968 2770 2581
2085: 3018 2740
2086: 2383
2087: 3184
2088:
2089: 2630
2090:
2091:
2092: 3125
2093:
2094: 2311
2095:
2096: 3155
2097:
2098:
2099:
2100: 3165 3042
2101:
2102:
2103:
2104: 2513
2105:
2106:
2107:
2108:
2109:
2110:
2111:
2112: 3104
2113:
2114:
2115:
2116: 2983 2709 2358
2117: 2318
2118:
2119:
2120:
2121: 2425
2122: 3443
2123:
2124:
2125: 2632
2126:
2127: 2552
2128:
2129: 3325
2130: 3272 2663
2131: 2369
2132: 2708
2133: 2501
2134:
2135:
2136:
2137:
2138:
2139:
2140:
2141:
2142:
2143: 2828
2144: 2983 2709 2358
2145:
2146: 3171 2364
2147:
2148: 2811
2149:
2150: 3206
2151:
2152: 2848 2836
2153:
2154:
2155: 2946
2156:
2157: 3316
2158: 2235
2159:
2160:
2161:
2162:
2163: 2575
2164: 3154
2165:
2166:
2167: 3195 2437
2168:
2169:
2170:
2171: 3460
2172:
2173: 3454 2302
2174:
2175:
2176:
2177:
2178:
2179:
2180:
2181:
2182: 3097
2183: 2345
2184: 3271 2864 2232
2185: 3119 2593
2186: 3380 2529
2187: 3524
2188:
2189:
2190:
2191: 2585
2192:
2193:
2194:
2195:
2196: 3400 3019 2250
2197:
2198:
2199:
2200:
2201:
2202: 2743
2203:
2204: 2385
2205:
2206: 3531
2207: 3415 3023
2208: 3090
2209:
2210:
2211:
2212: 3410
2213:
2214: 3304
2215: 3286 2577
2216: 2679
2217: 3506 3238
2218:
2219:
2220:
2221:
2222: 2728
2223:
2224:
2225: 2370
2226: 2852 2655
2227: 2855
2228:
2229:
2230: 2977
2231:
2232:
2233:
2234: 2343
2235: 2633
2236:
2237: 3117 2850
2238:
2239:
2240: 3336
2241:
2242:
2243: 2434
2244: 3014
2245: 3331
2246: 3071
2247:
2248: 3408 3275
2249:
2250: 3229
2251: 2387
2252:
2253: 3302
2254: 3427
2255:
2256: 3416 3245
2257:
2258:
2259: 3483
2260:
2261: 3256
2262: 2958 2304
2263:
2264: 2881
2265:
2266: 2683
2267:
2268:
2269: 3429
2270:
2271:
2272:
2273:
2274: 3418
2275:
2276:
2277:
2278: 2847 2582
2279: 2397
2280:
2281: 2876
2282: 2985
2283:
2284: 2477
2285:
2286: 2939
2287: 2613
2288: 2406
2289: 3404
2290:
2291:
2292: 3214
2293: 3371
2294:
2295:
2296:
2297:
2298: 3044 2784
2299:
2300: 3129
2301:
2302:
2303:
2304:
2305: 3432 3215
2306:
2307:
2308:
2309: 3276 2490
2310: 2922
2311: 2752
2312:
2313:
2314: 2614
2315:
2316:
2317: 2654
2318: 2911
2319:
2320: 2685
2321: 2459
2322: 2660
2323: 3351 3269
2324:
2325: 2415
2326: 3029
2327: 3123 2854
2328:
2329:
2330:
2331:
2332:
2333:
2334: 2926
2335: 3248
2336:
2337:
2338:
2339: 2688
2340:
2341:
2342: 2673 2502
2343: 3194
2344: 3091
2345: 2512
2346:
2347:
2348: 3153 2691
2349: 3526
2350: 3474 3152
2351:
2352:
2353:
2354:
2355:
2356: 3157
2357:
2358:
2359:
2360: 3423 3061
2361:
2362: 3193 2894
2363:
2364: 3456
2365: 3207
2366: 2884
2367:
2368: 3265 2749
2369: 2488
2370:
2371: 3128
2372:
2373:
2374:
2375:
2376:
2377:
2378: 3486
2379: 2882 2619
2380: 2717 2453
2381:
2382:
2383:
2384: 2522
2385:
2386:
2387:
2388:
2389:
2390:
2391:
2392:
2393: 3081
2394: 3037
2395: 2532
2396: 2933
2397:
2398: 3468
2399:
2400:
2401:
2402:
2403:
2404:
2405:
2406:
2407:
2408: 2692
2409:
2410:
2411:
2412:
2413:
2414: 3124
2415:
2416: 3246
2417:
2418: 2702 2548
2419:
2420:
2421: 3329 2694
2422:
2423: 2461
2424:
2425: 2549
2426:
2427: 2874
2428: 2782
2429: 2675
2430:
2431:
2432:
2433:
2434:
2435: 3250
2436:
2437: 2569
2438:
2439:
2440: 3300 2629
2441:
2442:
2443:
2444: 2668
2445:
2446: 2704 2595
2447:
2448: 3502
2449:
2450:
2451:
2452:
2453: 3419
2454: 2863 2816
2455:
2456:
2457:
2458:
2459:
2460:
2461:
2462:
2463:
2464:
2465: 3289
2466:
2467:
2468:
2469:
2470:
2471: 3499
2472:
2473: 3034
2474:
2475: 3137
2476:
2477:
2478: 3320
2479:
2480: 3488
2481:
2482:
2483:
2484:
2485:
2486: 2810
2487:
2488: 2929
2489:
2490:
2491:
2492: 3049
2493:
2494:
2495: 3333
2496: 2616
2497:
2498: 3420
2499: 3046 2568
2500:
2501:
2502:
2503:
2504:
2505: 3200
2506: 3513
2507: 2956
2508:
2509:
2510:
2511: 2567
2512:
2513:
2514: 3021
2515: 3406 3220
2516:
2517:
2518: 3412
2519:
2520:
2521: 2788
2522:
2523: 3393 3147
2524:
2525:
2526: 2722
2527:
2528: 2609
2529:
2530: 3138
2531:
2532:
2533: 2689
2534: 3359 3190
2535:
2536:
2537:
2538: 3420 2966
2539:
2540:
2541:
2542:
2543: 3189
2544: 3369 3321
2545:
2546:
2547: 3197 2928 2664
2548: 3298 2759
2549:
2550:
2551:
2552:
2553:
2554:
2555: 2863 2816
2556:
2557:
2558:
2559:
2560:
2561:
2562: 2823
2563:
2564:
2565:
2566:
2567:
2568:
2569:
2570: 3025
2571:
2572:
2573:
2574:
2575:
2576:
2577:
2578:
2579:
2580:
2581:
2582: 2978
2583: 2965
2584: 3273
2585: 2921
2586:
2587: 3233
2588: 2999 2818
2589:
2590:
2591: 3017 2758
2592:
2593:
2594: 3284 2829
2595:
2596:
2597:
2598:
2599: 3344
2600:
2601:
2602:
2603: 3479
2604: 3106 2971 2777
2605:
2606:
2607:
2608:
2609:
2610:
2611:
2612:
2613: 2840
2614:
2615:
2616:
2617: 2917 2842
2618:
2619:
2620:
2621:
2622: 2902
2623:
2624: 3340
2625: 2787
2626:
2627: 3368
2628:
2629:
2630:
2631:
2632:
2633:
2634:
2635:
2636:
2637:
2638:
2639:
2640: 3500
2641:
2642:
2643: 2934
2644: 3221
2645:
2646: 3492
2647: 2785
2648:
2649:
2650:
2651:
2652:
2653:
2654: 3050
2655:
2656:
2657: 2904
2658:
2659:
2660:
2661: 2931
2662:
2663: 2925
2664: 3104
2665: 2981
2666:
2667:
2668:
2669:
2670:
2671:
2672:
2673: 3035
2674:
2675:
2676:
2677:
2678:
2679: 3522
2680: 3060
2681:
2682:
2683:
2684:
2685:
2686:
2687:
2688:
2689: 3045
2690:
2691: 3383
2692:
2693:
2694:
2695: 3180
2696:
2697:
2698:
2699:
2700:
2701:
2702:
2703:
2704:
2705:
2706:
2707: 3067 3026
2708: 3212
2709:
2710: 3441 3322
2711:
2712:
2713:
2714:
2715:
2716:
2717:
2718:
2719: 3118 3086 2959
2720:
2721:
2722:
2723:
2724: 3313
2725:
2726:
2727:
2728:
2729:
2730: 3350
2731: 3376
2732:
2733:
2734: 3490 3080
2735: 2885
2736:
2737:
2738:
2739: 3120
2740:
2741:
2742:
2743:
2744:
2745: 3487
2746:
2747:
2748: 3015
2749:
2750:
2751:
2752:
2753: 3006
2754:
2755:
2756:
2757: 3516
2758:
2759:
2760:
2761: 3255 2907
2762:
2763:
2764: 3388
2765: 2908
2766:
2767:
2768:
2769:
2770:
2771:
2772:
2773: 2859
2774: 2851
2775: 3373 3235
2776: 3274
2777:
2778:
2779: 3089
2780:
2781:
2782:
2783:
2784:
2785:
2786:
2787: 3315 3267
2788:
2789:
2790:
2791:
2792:
2793:
2794:
2795:
2796:
2797:
2798: 3156
2799:
2800:
2801:
2802:
2803:
2804:
2805:
2806:
2807:
2808:
2809: 3460
2810:
2811: 3099
2812:
2813: 2905
2814:
2815:
2816:
2817: 3414
2818:
2819: 3339
2820:
2821: 3389
2822:
2823: 3203
2824:
2825:
2826: 3105
2827:
2828:
2829: 2936
2830:
2831:
2832:
2833:
2834:
2835:
2836:
2837:
2838: 3109
2839:
2840:
2841: 3361
2842:
2843:
2844:
2845:
2846:
2847:
2848:
2849:
2850:
2851:
2852:
2853:
2854:
2855:
2856: 3092
2857:
2858:
2859:
2860:
2861:
2862:
2863:
2864:
2865:
2866:
2867:
2868:
2869:
2870:
2871:
2872:
2873: 3059
2874:
2875:
2876:
2877:
2878: 3477
2879: 3309 3135
2880:
2881: 3515
2882:
2883:
2884:
2885: 3365
2886:
2887:
2888: 3405
2889:
2890:
2891:
2892:
2893:
2894:
2895:
2896:
2897:
2898:
2899:
2900:
2901:
2902:
2903: 3027
2904: 3196
2905:
2906: 3314
2907: 3247
2908:
2909:
2910: 3053
2911: 3033
2912:
2913:
2914:
2915:
2916:
2917:
2918:
2919:
2920:
2921:
2922:
2923:
2924:
2925:
2926:
2927:
2928:
2929:
2930:
2931: 3433
2932:
2933:
2934:
2935:
2936:
2937: 3464
2938:
2939:
2940: 3205
2941:
2942:
2943:
2944: 3038
2945:
2946:
2947:
2948:
2949:
2950:
2951:
2952:
2953:
2954:
2955:
2956:
2957:
2958:
2959: 3134
2960:
2961:
2962:
2963:
2964: 3428
2965:
2966:
2967:
2968:
2969:
2970:
2971:
2972:
2973: 3145
2974:
2975: 3335
2976:
2977:
2978:
2979: 3114
2980:
2981:
2982:
2983:
2984:
2985:
2986:
2987:
2988:
2989:
2990:
2991: 3439
2992:
2993: 3407
2994: 3369 3321
2995:
2996:
2997: 3431
2998:
2999:
3000:
3001:
3002: 3110
3003:
3004:
3005:
3006:
3007:
3008:
3009:
3010:
3011:
3012:
3013:
3014:
3015:
3016:
3017:
3018:
3019:
3020:
3021:
3022:
3023: 3393
3024:
3025:
3026:
3027:
3028:
3029:
3030:
3031:
3032:
3033:
3034:
3035:
3036:
3037:
3038:
3039:
3040:
3041: 3177
3042:
3043: 3438
3044:
3045:
3046:
3047:
3048:
3049:
3050:
3051:
3052:
3053:
3054:
3055:
3056: 3257
3057:
3058:
3059:
3060:
3061: 3396
3062:
3063:
3064:
3065:
3066:
3067:
3068:
3069:
3070:
3071:
3072:
3073:
3074:
3075:
3076:
3077:
3078:
3079:
3080:
3081:
3082:
3083:
3084:
3085:
3086:
3087: 3457
3088:
3089:
3090:
3091:
3092:
3093:
3094:
3095:
3096:
3097:
3098:
3099:
3100:
3101:
3102:
3103:
3104:
3105:
3106:
3107:
3108: 3226
3109:
3110: 3430
3111:
3112:
3113:
3114:
3115:
3116:
3117:
3118: 3258
3119:
3120:
3121:
3122:
3123:
3124:
3125:
3126:
3127:
3128:
3129: 3281
3130:
3131:
3132:
3133:
3134:
3135:
3136:
3137:
3138:
3139:
3140:
3141: 3514
3142:
3143:
3144:
3145:
3146:
3147:
3148:
3149:
3150:
3151: 3382
3152:
3153:
3154:
3155:
3156:
3157:
3158:
3159:
3160:
3161:
3162:
3163:
3164: 3530
3165:
3166:
3167:
3168:
3169:
3170:
3171:
3172:
3173:
3174:
3175:
3176:
3177:
3178:
3179:
3180:
3181:
3182:
3183:
3184:
3185:
3186:
3187:
3188:
3189:
3190:
3191:
3192:
3193:
3194:
3195:
3196:
3197:
3198:
3199:
3200: 3517
3201:
3202:
3203:
3204:
3205:
3206:
3207:
3208: 3349
3209:
3210:
3211:
3212:
3213:
3214:
3215:
3216:
3217:
3218:
3219:
3220:
3221:
3222:
3223:
3224:
3225:
3226:
3227:
3228:
3229:
3230:
3231:
3232:
3233:
3234:
3235:
3236:
3237:
3238:
3239:
3240:
3241:
3242:
3243:
3244:
3245:
3246:
3247:
3248:
3249:
3250:
3251:
3252:
3253:
3254:
3255:
3256:
3257:
3258:
3259:
3260:
3261:
3262:
3263:
3264:
3265:
3266: 3495 3366
3267:
3268:
3269:
3270: 3449
3271:
3272:
3273:
3274:
3275:
3276:
3277:
3278:
3279:
3280:
3281:
3282: 3345
3283:
3284:
3285:
3286:
3287:
3288:
3289:
3290:
3291:
3292:
3293:
3294:
3295:
3296:
3297:
3298:
3299:
3300:
3301:
3302:
3303:
3304:
3305:
3306:
3307:
3308:
3309:
3310:
3311:
3312:
3313:
3314:
3315:
3316:
3317:
3318:
3319: 3525
3320:
3321:
3322:
3323:
3324:
3325:
3326:
3327:
3328:
3329:
3330:
3331:
3332:
3333:
3334:
3335: 3478
3336:
3337:
3338:
3339: 3517
3340:
3341:
3342:
3343:
3344:
3345:
3346:
3347:
3348:
3349:
3350:
3351:
3352:
3353:
3354:
3355:
3356:
3357:
3358:
3359:
3360:
3361:
3362:
3363:
3364:
3365:
3366:
3367:
3368:
3369:
3370:
3371: 3491
3372:
3373:
3374:
3375:
3376:
3377:
3378:
3379:
3380:
3381:
3382:
3383:
3384:
3385:
3386:
3387:
3388:
3389:
3390:
3391:
3392:
3393:
3394:
3395:
3396:
3397: 3494
3398:
3399:
3400:
3401:
3402:
3403:
3404:
3405:
3406:
3407:
3408:
3409:
3410:
3411:
3412:
3413:
3414:
3415:
3416:
3417:
3418:
3419:
3420:
3421:
3422:
3423:
3424:
3425:
3426:
3427: 3503
3428:
3429:
3430:
3431:
3432:
3433:
3434:
3435:
3436:
3437:
3438:
3439:
3440:
3441:
3442:
3443:
3444:
3445:
3446:
3447:
3448:
3449:
3450:
3451:
3452:
3453:
3454:
3455:
3456:
3457:
3458:
3459:
3460:
3461:
3462:
3463:
3464:
3465:
3466:
3467:
3468:
3469:
3470:
3471:
3472:
3473:
3474:
3475:
3476:
3477:
3478:
3479:
3480:
3481:
