1: 272 114 74
2: 207 203 41
3: 429 60 42 39 21 17 7 1
4: 506 461 398 373 350 224 111
5: 484 452 401 143 116 100 76 73 72 32 30 28 16 5
6: 325 147 53
7: 366 8
8: 36 35 33 22 9 6
9: 442 291 93 81 34 20 4 3 2
10: 110 66 49
11: 429 426 228 67 60 42 39 17
12: 263 201 143 100 73 72 30 28 16
13: 228 19
14: 161
15: 484 456 452 276 102 76 32 10
16: 26 12 11
17: 13
18: 228 152 52 31 23
19: 244 14
20: 412 144
21: 111 15
22: 432 269 200 123 18
23: 185 43 29 25
24: 240 156
25: 145
26: 180 160 151 118
27: 400 129 38
28: 497 106 103 90
29: 167 89 57 48 47
30: 176 162 85 27
31: 152 141 111 63
32: 492 323 288 226
33: 510 339 204 194 172 108
34: 117
35: 331 191
36: 464 330 312 256 168
37: 397 386 342 325 306 261
38: 388 370 285 275 246 120
39: 486 414 296 276 187
40: 456 412 144 102 24
41: 506 486 461 442 416 398 350 291 235 93 81 65 50
42: 400 181 174 169 165 129
43: 514 507 443 422 79
44: 486 403 153 119 69
45: 506 461 398 350 65 50
46: 379 68 46
47: 420 124
48: 463 444 400 367 219 196 176 162 149 129 104 85
49: 198 87 59
50: 373 224 55 37
51: 451
52: 253 166
53: 40
54: 136
55: 61
56: 418 263
57: 122 97 45 44
58: 434 75
59: 446 375 315
60: 371 349 305
61: 58
62: 352 173
63: 497 228 157 109
64: 403 373 107 105 71
65: 510 403 339 107 105
66: 436 77 54
67: 169
68: 223
69: 509 201 130
70: 56
71: 167 51
72: 170
73: 89
74: 513 307 303 282 275 214 154 131 62
75: 514 443 422 395 289 221 113 101
76: 148
77: 299 266 186
78:
79: 155
80: 283 245 243 206 115 70
81: 492 98 92
82: 235 91
83: 379 88
84: 393 171 64
85: 497 357 83
86: 444 367 149 96 78
87:
88: 510 339
89: 202
90: 496 466 459 433 286 254
91:
92: 158 82
93: 204 172 94
94: 446 390 302 205
95: 371 349 305
96: 507 121 86 80
97: 186
98: 303 154
99:
100: 426 347
101: 184 127
102: 150 138
103: 338
104: 460 252 128
105: 375 315
106: 443 422 395 369 126
107: 188 140 84
108: 476
109:
110: 287
111: 485 137
112: 517 463 455 404 298 164
113: 420 151 146
114: 430 326 95
115: 354 163
116: 415 229
117: 439 189
118: 473 241
119: 201 112 99
120: 278 179
121: 479 337 313 125
122: 142 133
123: 309
124: 326
125: 446 390 378 355 302 205 139
126: 438
127:
128: 495 301 285 246 239
129: 378 280
130: 474
131: 369 230 227 177
132: 175 132
133: 453 134
134: 237
135: 366 292
136: 135
137: 416 319 265 208
138:
139: 372 217
140: 192
141: 234
142: 341
143: 216 183 178
144:
145: 504 441 371 305
146: 268
147: 465
148: 355
149: 220
150:
151: 231 192
152:
153: 266
154: 414 296
155: 159
156:
157:
158: 368 320
159: 460
160: 479 337 313
161: 478 316
162: 278
163: 346 279
164:
165: 476 345 293 199
166: 387
167: 509 195
168: 491 467 314 270 257 218
169:
170: 334 233
171: 511 399 215 193
172: 470 299
173:
174:
175: 288
176:
177: 297 236 182
178: 512 498 358 210
179:
180:
181: 516
182:
183:
184: 190
185: 212
186:
187: 442 406 391 197
188: 363 360 356
189: 406 391 300
190: 431 242 225
191: 508 487 344 295
192: 267 251
193: 382 327
194: 209
195: 470 449 333
196: 318
197: 211
198: 380
199: 262 258
200: 359
201:
202: 213
203: 507 244
204:
205: 448
206:
207: 370 275
208: 321 310
209: 259
210:
211:
212: 222
213: 499 457
214: 469
215:
216: 378 280
217: 238
218: 464 232
219: 407 365 273 260 249 247
220: 436
221: 282
222: 504 441 248
223: 472 458 336
224:
225:
226: 250
227:
228:
229:
230: 361
231:
232: 464 330 312
233:
234: 505
235:
236: 383
237: 479 337 322 313 255
238:
239:
240: 348 343
241: 274
242: 388 308
243:
244:
245: 503
246: 396
247:
248: 271
249:
250: 294
251:
252: 515 362 264
253:
254:
255: 417 335 277
256: 508 487 344
257: 432
258: 481
259:
260: 384 340 290
261:
262: 433 426
263:
264: 442 332 284
265: 370 352
266:
267: 442
268: 281
269:
270:
271:
272: 351
273: 411 304
274:
275: 389 353
276:
277: 418
278: 425
279:
280:
281: 511 438
282: 480
283:
284: 482
285:
286: 519 392
287:
288: 311
289:
290:
291: 448 385
292:
293: 490
294: 517
295: 513
296: 427 329
297: 478
298: 471
299:
300: 409
301: 433
302: 424 376
303: 364 324
304:
305: 477 437
306: 405 328
307: 317
308: 474
309:
310: 423
311:
312: 500 413
313:
314: 374
315:
316: 499
317:
318:
319:
320:
321: 381
322:
323:
324: 410
325:
326:
327:
328:
329:
330: 483
331: 492
332:
333:
334:
335: 445
336: 440
337: 419
338: 394
339: 501
340:
341:
342:
343:
344:
345:
346:
347: 377
348:
349: 421
350: 462 428
351:
352:
353: 477 437
354:
355:
356: 402
357:
358:
359:
360:
361:
362:
363:
364:
365:
366:
367:
368:
369:
370:
371:
372:
373:
374:
375: 502
376:
377: 511
378: 408
379:
380:
381: 493
382:
383:
384:
385:
386:
387:
388: 454
389:
390: 489
391:
392:
393:
394:
395:
396:
397:
398:
399:
400:
401: 447
402:
403:
404: 450
405:
406: 453
407:
408:
409: 435
410:
411:
412:
413:
414:
415:
416:
417:
418:
419: 488
420:
421:
422:
423:
424:
425:
426:
427:
428: 518
429:
430: 494
431:
432:
433:
434:
435:
436:
437:
438:
439:
440:
441:
442: 468
443:
444:
445:
446:
447: 475
448:
449:
450:
451:
452:
453:
454:
455:
456:
457:
458:
459: 520
460:
461:
462:
463:
464:
465:
466:
467:
468:
469:
470:
471:
472:
473:
474:
475:
476:
477:
478:
479:
480:
481:
482:
483:
484:
485:
486:
487:
