1: 771 125 122 37 2 1
2: 834 826 501 9
3: 173 96 79 48 20 18 14 11 6 5 4
4: 884 625 177 163 144 104 16
5: 1230 978 560 59 57 15 13
6: 1267 1105 509 250 187 100 72 3
7: 1357 844 821 750 656 429 387 378 370 353 277 235 177 172 159 157 139 131 129 127 114 92 89 76 64 53 44 36 8
8: 923 675 492 424 299 269 170 77 66 38 23
9: 1082 954 533 282 205 49 22 7
10: 1357 370 353 159 139 129 89 36
11: 993 753 200 60
12: 923 821 790 562 387 344 313 273 269 207 151 66
13: 778 562 273 207 26
14: 1267 1105 821 509 433 387 254 250 131 127 100 53 52
15: 1115 940 549 473 225 28 25 21
16: 893 726 692 63 19 10
17: 1194 864 863 687 593 538 393 365 184 169 102 58 17 12
18: 345 204 198 40 30 24
19: 1177 931 907 527 81 27
20: 713 277 177
21: 1034 312 241 78
22: 994 972 921 604 422 211 55
23: 1224 1100 935 753 750 631 235 200 172 155 112
24: 1067 947 537 85 46 32 31
25: 1116 985 375 87 80
26: 1284 1267 1105 999 706 703 561 527 510 509 505 494 450 329 250 234 219 187 166 132 128 100 81 52
27: 675 492 234 170
28: 1039 531 160 91
29: 175
30: 676 675 614 577 525 494 492 485 450 237 191 190 170 47 42
31: 424 299 77 54 51 43 39
32: 324 240 231 197 68 33
33: 771 703 639 505 234 219 166 132 128 125
34: 321
35: 729 535 439 309 303 284 260 258 249 214 154 134 110 29
36: 1186 795 737 496 412 341 317 226 118
37: 653 355 268 251 62
38: 773 382 195
39: 666 309 303 260 214 119 35 34
40: 530 383 265 259
41: 1309 721 720 428 384 121
42: 274 147 101 82 41
43: 783 295 146
44: 656 285 262 181 157 150 142 115 108 98 75 67
45: 984 383 265 217 185 124 95 86 84 83 56
46: 1312 153 45
47: 1287 432 246 148 123 120
48: 815 363 360 174 126 97 50
49: 774 289 242 111 93
50: 703 505 416 356 272 203 166 164 132
51: 254 137 61
52: 1186 795 737 602 586 412 71
53: 378 325 107 105
54: 1176 1078 860 391
55: 864 593
56: 183 90
57: 217 185 124 95 84 83
58:
59: 136 65
60: 878 877 377 263
61: 385 355 268
62: 1295 1271 890 663 572 99
63: 853 140 117 88
64: 549 225 69
65: 656 157
66: 1168 1165 1032 181 150 142
67: 804 70
68: 340 165
69: 920 887 885 734 645 116 106
70: 761 369
71: 812 352
72: 815 563 541 425 363 360
73: 215
74: 1037 229 167 113
75: 857 851
76: 625 163 144 74 73
77: 1332 790 313 171 103
78: 1331 991 221
79: 1345 706 561 510 329 94
80: 1172 746
81: 529 335
82: 575 565 283 253
83: 998 909 848 583 193
84: 1125 701 559 364 298
85: 1295 1271 674 315
86: 1132
87: 529 257 176
88: 730 109
89: 1009 632
90: 1269 748 727 596 558 529 350 343 335
91: 304 192
92: 730 518 196 130
93: 1287 1127 926 843 679 667 432 246 135 133
94: 1291 1282 929 256
95: 1028 843 800 296 194
96: 903 811
97: 751 308 304 192
98: 429
99: 812 697 508 461 247
100: 1157 1073 532 267 199 143
101: 441 206 182
102: 999 156
103: 145
104: 1221 1172 1154 1127 1122 746 679 531 189
105: 459 394 230 152
106: 736 522 278 138
107: 686 418 342
108: 141
109: 216
110: 380 168
111: 1110 906 677
112: 416 272 203 164
113: 356
114: 926
115: 821 573
116: 1209 1139 1009 999 988 938
117: 1054 301
118: 279 264
119: 494 450
120: 629 397 336 281
121: 322 161
122: 423 149
123: 407 276
124: 1161 1113 1086 307 212 180
125: 162
126: 523 239
127: 286 248
128: 357
129:
130: 327
131: 1143 931 907 300
132: 1155 1106 624 581
133: 178 158
134: 1050 687 365 184
135: 341 317 304 226
136: 1045 208
137: 533 516
138: 305 293
139: 676 577 191 190
140: 603
141: 1029
142: 558 343
143:
144:
145: 460 244
146: 705 287
147: 993 575 573
148: 983 640 443
149: 560 417 236
150: 639 292 186
151: 683 288
152: 1329 1300 1133 992 842 798 682 532 414 409 399 385 358 290 238 188
153: 1010 824 368 294
154: 1107 210
155: 893 726 179
156: 1144 351
157: 1345 700 232
158: 702 547 331
159:
160:
161: 1143 300 227
162: 1143 428 384 202
163: 1352 1074 639 490 222
164: 1009 632
165: 1177 931 907 578 201
166:
167: 1338 898 337 218
168: 810
169: 417
170: 1168 707 454
171: 447
172: 871
173: 1296 1161 1086 453 310 280 223
174: 1339 853 516 498 497 474 233
175: 759 681 447
176: 832 784 730 531 463 373 209
177: 831 828 319 213
178: 431
179: 1246 937 228
180: 401 220
181: 1323 1145 930 870
182: 824
183: 1063 693 579 339
184: 224
185: 684 595 332 275
186:
187: 858 780 395 388
188: 751 721
189: 811
190: 1325 641 567 318
191: 1165 1032
192: 1052 487 469
193: 266
194: 823 348
195: 867 695 630 477 408 390
196: 451 440 436 435
197: 869 498 497 474 468 255
198: 367
199: 447 427
200: 817 566 464
201: 1138 381
202: 245
203: 1297
204: 587
205: 691 597
206: 448 413 347 302
207: 243
208: 330
209: 259
210: 943
211: 271
212: 344
213: 1182 770 421
214: 261
215: 899 721 371
216: 840 528 513
217: 779
218: 455 434
219: 992 842 798 399 358
220: 252
221:
222: 1281 918
223: 1149 1121
224: 503
225:
226: 499
227: 729
228:
229: 1279 458
230: 866 704 621
231: 667 270
232: 889 509 420 316
233: 1187 539 362
234: 881 692 674 359 354
235: 941 488
236: 1245
237:
238: 760 706 561 510
239: 1129 314
240: 411
241: 916 623 291
242: 555 320
243: 1152 911 856 772 376
244: 1187 797 539 403 349 297
245: 672 483
246: 695 630 477 374
247: 1162
248: 1329 1133
249: 820 584 532
250: 1052 563
251: 733 553
252: 1312 361
253:
254: 753 615 600 552
255: 939 366
256: 993 820 584
257: 519 507
258: 311
259: 564 467 306
260: 787
261: 1318
262: 820 584 475
263:
264: 1182 991 967
265: 1302 1292 1206
266: 1190
267: 1113
268: 673
269: 606 534 323
270:
271: 786
272: 611
273: 1221 1154 1122 532 523 334
274: 666
275: 755 526
276: 1171 647 589 415
277: 1300 414
278: 1116 985
279: 612 484 457
280: 433
281: 977
282: 1187
283:
284: 1070 644
285: 654 512 504
286: 946 515
287:
288: 1064
289: 1225 945 588 495
290:
291: 328 326
292: 1205
293: 739 392
294: 607 452
295: 1335
296: 546 379
297: 683
298: 1329
299: 1284 745 634
300: 1192 794 613
301: 980 796 544 338
302: 695 630 477
303: 1217 1147 1042
304: 333
305:
306: 1252
307: 1023 476
308:
309: 478 465
310: 747
311: 493
312:
313: 570
314: 1321 1262 1083 582 520
315: 1309 720 657 598 346
316: 1087 948
317: 1243 664 611 445
318: 1330 1329 1133 1130 660
319: 949 524 508 461
320:
321: 984 472 396
322:
323: 419
324: 1235
325: 873 865 690 652 601
326:
327: 1191 797 389
328:
329: 886 862 708
330:
331: 1323 1145 956
332:
333:
334: 626 386
335: 496 456 426 402
336: 622
337: 714 609
338: 778
339:
340:
341:
342: 1158 1142 658
343:
344: 1027 511
345:
346: 890 663 572
347:
348: 1146
349: 797 486 372
350:
351: 1028 800
352: 649 557
353: 514
354: 1110 677
355: 602 586
356: 1012
357: 1006
358: 696 540
359: 479
360: 767 728 717
361: 859 576 480
362: 551 398
363: 920 885 734 645
364: 406
365:
366: 859
367: 554
368: 1148 1112 1094 1046 924 915 550
369:
370:
371: 1116 985 745 634
372: 809 449
373:
374: 1321 1262
375: 793
376: 1128 1096 892
377: 1349 592
378:
379:
380: 545 521
381: 517
382: 1226
383: 1069 1024 868
384: 1294 983 960 854
385: 844
386: 1103 405 400
387:
388: 1096
389: 410
390: 811
391: 791
392: 543
393:
394: 438
395: 769 437
396:
397: 888
398: 1000 784
399: 1208 404
400: 637
401:
402:
403: 1173
404: 1191 620
405: 1100
406: 610
407: 731
408: 430
409: 1118 831
410: 705
411: 735
412: 1345 1186 599
413:
414: 736 522
415: 1035 617 542
416: 1039 990 531
417: 1055
418: 1254
419:
420: 743 446
421: 825 786 716 442
422:
423: 1012 709
424: 444
425:
426: 1185 1178 491
427:
428: 935
429: 636
430: 944 823
431: 836 471
432: 1150 536 482
433: 1358 481
434: 1101 861
435: 762
436: 659 636
437:
438: 982 805 740 732
439: 1265
440: 1229 999
441:
442:
443: 699 627 462
444: 1162
445:
446: 953 642 634 568
447: 502
448:
449: 812 804
450: 1246 937 917 662 646
451: 470
452: 850
453:
454: 880 875
455: 983
456: 569
457:
458: 998 848 806
459:
460: 1196 965
461:
462: 884 661
463:
464: 775
465:
466: 916
467:
468: 936
469:
470: 1253
471: 1019
472: 916
473: 1237 959 466
474: 557
475: 1148 915
476: 500
477: 837
478: 781 715
479:
480: 1356 1204 1164
481: 489
482: 1195 506
483: 1120
484: 1221 1154 1122
485: 548
486: 1190
487: 713
488: 1343
489: 788
490:
491: 996 954
492:
493: 834 826
494:
495:
496: 911 856 772
497: 1348 1320 1306 799 618
498:
499: 1346 1240
500:
501: 1000 784
502:
503:
504: 1357 1175 964 905 650
505: 590
506:
507:
508: 1159 628
509: 1209 1139 988 938
510:
511:
512: 1082
513: 1108
514: 1183 1047
515: 1325
516: 685
517: 752
518: 950
519:
520: 1324 1244
521: 696
522:
523: 1117
524:
525:
526: 990
527: 1326 1305 754 619
528:
529: 1099 605
530:
531: 657 598
532: 1022 1018 1001 698
533: 1350 1215 691 597
534: 678
535: 967
536: 574
537:
538: 1247 986
539: 571
540:
541: 710
542: 1003 689
543: 975
544:
545:
546:
547:
548: 1138 723
549: 845
550:
551: 697
552: 1088 841
553: 777
554:
555:
556:
557: 1168
558: 670 655
559:
560:
561: 1060 719
562: 981 556
563: 961 633
564:
565: 846
566: 711
567: 822
568: 1352 1074
569: 1186 903 585
570: 1091
571: 1223 807
572: 1152 701
573:
574:
575: 829 694
576: 1339
577: 917
578:
579: 1322
580:
581:
582: 814
583: 1033 801
584:
585: 1189
586: 1079 643
587: 580
588: 1276 951
589: 952 594
590: 1069 868
591:
592:
593:
594: 1213
595:
596:
597:
598:
599: 742
600: 1167
601: 782 591
602: 668
603:
604: 1227
605: 1239 608
606: 1197 872 738
607: 1021
608:
609: 1258
610: 1146
611: 933
612: 830 671 648
613:
614: 722 680
615: 1144
616: 749
617:
618: 1250 1071 763
619: 1027
620:
621: 1286 724
622:
623:
624:
625: 813 808
626: 725 616
627: 665 635
628: 1036 1008 970
629:
630:
631: 1006 902
632: 688
633: 1328 973
634:
635: 1041
636:
637: 764
638: 638
639:
640: 1119 1062
641:
642:
643: 976
644: 1236 1024 756
645:
646: 1319
647: 876
648: 946 651
649: 1104 827
650: 1242
651: 1218
652: 1241
653:
654:
655: 1216
656: 1342 1089
657: 1075
658:
659: 785
660: 1193 757
661: 914
662:
663:
664:
665: 1040
666: 1134
667:
668:
669:
670: 843 741
671:
672:
673:
674:
675:
676: 1124
677: 1310 855
678: 1044 839 669
679: 1274
680: 989
681: 1048 818
682:
683:
684: 919
685: 974
686: 1303
687: 1011
688: 838
689: 895 718
690: 852
691:
692:
693: 1043 971 968 765
694:
695:
696: 1297
697:
698: 1102 912
699: 1198
700:
701:
702: 1251
703: 1092 1004
704:
705: 1198
706: 847
707: 758
708: 897
709: 1020
710: 712
711:
712: 962
713: 1034
714:
715:
716:
717: 776
718: 1168
719: 1299
720: 744
721:
722:
723:
724:
725:
726:
727:
728: 1175 964 905 766
729: 1272 768
730: 1143
731:
732: 1242 883
733: 1050
734: 789
735:
736:
737: 835
738:
739: 1219 1156
740: 1170
741:
742: 1026
743: 1261
744: 979 969 934
745:
746: 1140 792
747:
748: 1249 816
749: 1101
750:
751:
752: 802
753:
754: 1273 1222
755:
756: 803
757:
758:
759: 1077 1072 995
760: 819
761: 944
762: 1141
763: 913
764: 1096
765:
766:
767:
768: 1233
769: 932
770:
771:
772:
773:
774:
775:
776:
777: 1228
778:
779: 1097
780: 927
781:
782: 1259
783:
784:
785:
786:
787:
788:
789: 1015
790:
791: 1137
792:
793: 833
794:
795:
796:
797:
798:
799: 1049
800:
801:
802:
803: 1182
804: 1098
805:
806:
807:
808:
809: 1038
810: 928 896
811: 900
812:
813:
814:
815:
816:
817:
818: 1031
819:
820:
821: 874
822:
823: 957
824:
825:
826:
827: 1266 849
828:
829: 1336
830:
831:
832:
833:
834:
835: 1081 987 908
836: 1030
837:
838:
839:
840:
841: 966 901
842: 1025
843:
844:
845: 1051 894
846:
847:
848: 879
849:
850: 1210
851:
852: 922
853:
854: 1017
855: 1208
856:
857: 1308
858:
859:
860:
861:
862:
863: 1068 1007
864: 1135
865:
866: 882
867:
868:
869:
870: 1174
871: 1327
872:
873: 1076
874: 1317 1188
875:
876: 1179
877:
878: 1301 942
879:
880:
881:
882:
883: 1061 904
884:
885: 1114
886:
887: 955 891
888:
889: 1065
890: 1111 1056 963
891:
892:
893:
894: 910
895:
896:
897:
898:
899: 1288
900:
901:
902:
903: 1140
904: 1258
905:
906:
907:
908:
909: 925
910:
911:
912:
913:
914:
915:
916:
917: 1289 958
918: 1232
919:
920: 1014
921:
922:
923:
924:
925:
926:
927:
928:
929:
930:
931: 1220 997
932:
933:
934:
935:
936:
937: 1066
938: 1181
939: 1212 1201
940: 1035
941:
942: 1344
943: 1059 1002
944:
945:
946:
947:
948:
949:
950:
951:
952:
953:
954:
955: 1275 1268
956:
957:
958:
959:
960: 1053
961:
962: 996
963:
964: 1212 1201
965:
966:
967:
968:
969:
970:
971:
972: 1278
973: 1184
974:
975: 1263
976:
977:
978: 1013
979:
980:
981:
982: 1016
983:
984:
985:
986:
987:
988:
989: 1085
990:
991: 1057
992:
993:
994:
995: 1123
996: 1109
997:
998: 1350 1215
999:
1000:
1001: 1153
1002:
1003:
1004: 1270
1005: 1064
1006:
1007:
1008: 1199
1009:
1010: 1299
1011: 1313 1093
1012:
1013:
1014:
1015: 1298
1016: 1336
1017: 1005
1018:
1019:
1020:
1021: 1058
1022: 1316 1248
1023: 1160 1037
1024: 1131
1025:
1026:
1027:
1028:
1029:
1030:
1031:
1032:
1033:
1034: 1115
1035:
1036:
1037:
1038:
1039:
1040: 1169
1041: 1255
1042:
1043: 1317
1044: 1163
1045:
1046:
1047:
1048: 1280
1049:
1050: 1351
1051:
1052:
1053:
1054:
1055:
1056:
1057:
1058:
1059:
1060:
1061:
1062:
1063:
1064:
1065:
1066:
1067:
1068:
1069:
1070:
1071: 1354 1207
1072:
1073:
1074:
1075:
1076:
1077:
1078:
1079:
1080: 1095
1081:
1082:
1083:
1084:
1085:
1086:
1087:
1088:
1089:
1090:
1091:
1092:
1093:
1094:
1095:
1096:
1097:
1098:
1099:
1100:
1101:
1102:
1103:
1104:
1105: 1084
1106:
1107: 1214
1108:
1109:
1110:
1111:
1112:
1113: 1080
1114:
1115: 1090
1116:
1117:
1118:
1119:
1120:
1121:
1122:
1123:
1124:
1125:
1126: 1194
1127:
1128:
1129:
1130:
1131: 1166
1132:
1133:
1134:
1135:
1136:
1137: 1260
1138:
1139:
1140:
1141:
1142:
1143: 1126
1144:
1145:
1146:
1147:
1148:
1149:
1150:
1151:
1152:
1153: 1238
1154:
1155:
1156: 1314 1200
1157:
1158:
1159: 1333 1283 1180
1160:
1161: 1256
1162: 1151
1163: 1136
1164:
1165:
1166:
1167:
1168:
1169: 1277
1170: 1341 1340
1171:
1172:
1173:
1174:
1175:
1176:
1177:
1178: 1290
1179: 1234
1180:
1181:
1182:
1183:
1184:
1185:
1186:
1187:
1188: 1211
1189:
1190:
1191:
1192:
1193:
1194: 1231
1195:
1196: 1202
1197:
1198:
1199:
1200:
1201: 1347
1202:
1203:
1204: 1257
1205: 1264
1206:
1207:
1208:
1209:
1210:
1211:
1212: 1203
1213:
1214:
1215:
1216: 1307
1217: 1285
1218:
1219:
1220:
1221:
1222:
1223:
1224:
1225:
1226:
1227:
1228:
1229:
1230:
1231: 1311
1232:
1233:
1234:
1235:
1236:
1237:
1238:
1239:
1240: 1315
1241:
1242:
1243: 1334
1244:
1245:
1246:
1247:
1248:
1249:
1250:
1251:
1252:
1253:
1254:
1255:
1256:
1257:
1258:
1259:
1260:
1261: 1293
1262:
1263:
1264:
1265:
1266:
1267:
1268:
1269: 1332
1270:
1271:
1272:
1273: 1355
1274:
1275:
1276:
1277:
1278:
1279:
1280:
1281:
1282:
1283:
1284:
1285:
1286:
1287:
1288:
1289:
1290:
1291:
1292:
1293:
1294:
1295:
1296:
1297: 1304
1298:
1299:
1300:
1301:
1302:
1303:
1304:
1305:
1306:
1307:
1308:
1309:
1310:
1311:
1312:
1313:
1314:
1315:
1316:
1317:
1318:
1319:
1320:
1321:
1322: 1353
1323:
1324:
1325:
1326:
1327:
1328:
1329:
1330: 1337
1331:
1332:
1333:
1334:
1335:
1336:
1337:
1338:
1339:
1340:
1341:
1342:
1343:
1344:
1345:
1346:
1347:
1348:
