1: 2330 599 122 84 51 11 6 5 3 2 1
2: 1234 58 40 22 17 12 4
3: 2143 1921 1136 1112 695 654 536 293 204 61 57 56 13
4: 384 374 160 101 29 10 8 7
5: 2735 2671 2550 2131 859 693 587 472 159 136 46 34 32 21 20 19
6: 2760 2699 1349 1090 715 179 100 48 23
7: 2306 1565 1067 1065 752 247 69 37 24 9
8: 1942 423 376 368 142 80 65 43 14
9: 2834 2224 1585 1553 1235 1233 1136 786 695 536 368 293 286 138 130 91 59 41 36
10: 2202 1285 640
11: 2196 1287 1178 1012 694 478 250 105 45
12: 2673 2289 1921 1350 1232 531 204 47 18 16 15
13: 1661 354 326 226
14: 2394 1160 1035 712 674 552 78
15: 2491 1864 314 310
16: 1388 1363 597 335 318 292 291
17: 1762 1334 967 787 480 111 109 83 27 26 25
18: 2313 2134 2089 1485 1371 1214 296
19: 2137 2007 1514 990 551 113 30 28
20: 2622 1966 1793 1553 1235 1233 1000 786 666 437 329 286 262 165 91 31
21: 1585 138 130
22: 1981 803 253
23: 196 166 55 35
24: 2475 355 157 143 33
25: 2552 959 747 554 506 243 135 123 39
26: 2398 1836 709 694 478 105 42
27: 2685 2539 1040 170 49 44 38
28: 2552 2282 1571 1171 959 637 243 190 175 103 60
29: 404 280 270 232 92 54 53 52
30: 2000 999 482 469 219
31: 368 80 59
32: 2760 2626 2333 1885 1580 1480 1423 1349 1113 1090 756 715 566 341 260 209 179 137 70
33: 1885 1580 1423 341 334 324 323 260 89 86
34: 2834 2224 159 50
35: 2782 2206 1297 533 507 176 120 73
36: 2676 2520 1566 988 985 164 156 82
37: 1418 751 147
38: 2310 1425 263
39: 2373 1532 1218 999 583 503 95 63 62
40: 2394 2254 1786 1310 1160 1032 1001 360 189 66 64
41: 1245 892 584
42: 2302 1965 1638 1028 714 611 567 544 501 390 361 74
43: 2004 1246 782 199 186 107 88 85 67
44: 2506 1568 1034 370 112
45: 2198 646 558 521 347
46: 2363 2128 1793 1492 1470 918 666 348 316 96 93
47: 2756 1501 1254 375 239 141 118
48: 2470 888 279 249 221 212 75
49: 1683 1642 458 455 416 150 117 116 71
50: 2744 1312 1241 721 194 106
51: 685 185 173 129
52: 2188 1298 1287 1283 1178 1012 962
53: 962 388 151 87
54: 1207 499 431 210 177 154 126
55: 1621 392 208
56: 2823 2501 393
57: 1171 637 190 90
58: 2380 1674 206 68
59: 2548 1737 167
60: 2390 1965 1638 714 689 622 611 544 501 462 361 72
61: 2596 1272 1018 407 139 119 81 79
62: 2705 2212 272 187 115 110
63: 2470 2315 2141 1954 1896 1362 888 279 249 221 212 181
64: 1793 1764 1289 1238 666 512 348 316 128 76
65: 2206 1724 1297 844 553 533 507 176 120 77
66: 2740
67: 172 171 98
68: 2473 2269 1815 1016 935 863 121
69: 2707 2297 1845 940 865 613 541 530 97 94
70: 2629 1532 1218 367 214 148 108
71: 2431 1130 527 439 203
72: 1273 114
73: 2583 2499 2482 1922 829 739 229 102
74: 454 301
75: 1377 1277 1110 412
76: 515
77: 163 144 99
78: 2815 1964 1311 1130 801 527 439 203 191 167
79: 2196
80: 2833 2565 2547 1239 529 450 252
81: 2134 1485 274 200
82: 2815 2611 2440 1964 1405 1299 1217 1136 801 695 628 536 293 145 124 104
83: 2508 2068 1683 1642 1612 455 416 150
84: 2206 1297 692 533 507 344 184
85: 1072 188
86: 2520 1566 1547 1363 988 772 627 597 164
87: 1520 180 162
88: 1112 654 198 161 132
89: 2762 1755 424
90: 1083 244 230 224 211
91: 2197 1681 1607 1060 893 760 615 574 463 425 195
92: 2787 2204 1185 1159 1107 843 366 258 251 245 237 125
93: 2815 2338 1964 1827 1127 998 817 801 675
94: 2670 2310 1979 1488 1425 1278 1152 1008 919 625 508 442 300 149 146 127
95: 1311 248
96: 2045 1307 382
97: 1649 1167 441
98: 1144 289 178 131
99: 2201 1765 1508 703 343 340 311
100: 1327 1087
101: 2679 2194 877
102: 458 140
103: 2189 2053 1999 1680 874 456 305 242 169 133
104: 2546 1572 223 134
105: 2279 2106 1980 1689 1660 585 320 174 168
106: 312 298
107: 2368
108: 1548 514 264 227
109: 321 155
110: 1900 632 496 201 183
111: 2396 2369 2341 2001 1632 710 351
112: 1128 681 216
113: 1133 308
114: 2766 2660 1502 1154
115: 1589 1058 1005 857 158
116: 1936 1089 464 152
117: 2534 1509 306 269 153
118: 2832 2180 1749 1626 1140 994 788 444
119: 1152 919 755 625
120: 2671 693 472 246
121: 2196 307
122: 2678 1014 696 636
123: 487 192
124: 2226 1257 987
125: 760 615 574 425
126: 1593 336
127: 2204 1185 366 258 251
128: 2293
129: 2546 2334 2114 1572 430 411 275 197
130: 1239
131: 793 766 304 182
132: 1693 914 432 317 234
133: 1664 1149
134: 1762 967 760 615 574 480 425 342 218
135: 2583 2499 664 217
136: 2390 689 231
137: 235 205
138: 1746 193
139: 561
140: 930 855
141: 2122 1596 1070 774
142: 2670 1488 1310 1008 300
143: 1152 919 625
144: 2209 241
145: 999 482
146: 548
147: 1532 1218
148: 1918 1041 297
149: 2270 2088 1558 277 225
150: 2644 957 545 233
151: 2449 2141 1896 1362 1049
152: 798 222
153: 727
154: 2138 2000
155: 2076 1880 651 255
156: 2508 1281 927 331 202
157: 2820 1617 1098 438 427
158: 315
159: 762 539 215
160: 2510 1826 619 436
161: 586 494
162: 2238
163: 2702 2669 1062 841 840
164: 2299 2133 2105 1900 632 420
165: 1136 834 695 401 261 213
166: 2108 470
167: 285 238 207
168: 2485 1533 579 519 405 389
169: 2629 1027 352 299
170: 2263 1510 1100 287 240
171: 2291 2251 1853 1792 662 467 236
172: 1495 771
173: 2782
174: 1309 1177 713
175: 749 259
176: 268 228
177: 1775 1696 653 631 452 303 288 220
178: 1760 1122 1021 570
179: 1571
180: 902 790 278 257
181: 1845 1643 1408 359
182: 346 302
183: 2397 1727 1597 1108 1103 428 369 266
184: 2402
185: 1319 475 294 290
186: 2361 2157 1675 1589 1348 1058 1005 857 363
187: 2423 2042 816 362
188: 2762 2738 2626 1948 1755 424 413 330
189: 2394 1295 1160 712 674 500
190: 365
191: 1620 1575 415
192: 2656 912 819 557 350
193: 2458 2241 1105 394 273
194: 2611 1405 1299 1217 628
195: 2816 937 332
196: 2228 2219 629
197: 2279 2097 1980 1660
198: 939 267
199: 2254 1335 1215 1018 748 407
200: 2356 1925 656
201: 2302 1028 567 282
202:
203: 2354 2191
204: 1483 754 526 465 265
205:
206: 2539 1796 1421 1271 1071 1040
207: 2371 2333 1113 756 319
208: 2572 2470 1150 295 256
209: 2739 2320 2028 1707 254
210: 2707 2076 1880 573
211: 2787 2644 367
212: 2414 1126 926 349
213: 2704 1355 510
214: 1502 1154 728 276
215: 2789 2667 1731 1666 1057 614
216: 1679 1369 1221 491
217: 2834 2224
218: 1268 618 327
219: 2713 2552 767 395 284
220: 2641 2471 489
221: 2387 1735 1571 1393 1270 1074 972 704 473 459 337
222: 1380 854
223: 2410 1659 383
224: 2828 2180 1749 1567 1365 960 944 474
225: 1064 1027 609 309 271
226: 2391 1361 379
227: 338 333
228: 2629 528
229: 2779 2761 2087 1946 1879 1719 837 607 283
230: 2795 2529 1170
231: 2533 849 509
232: 1241 825 540 445
233: 2150 1756 1039 814 711 608 371 339 281
234: 2253 1839
235: 747 554
236: 1601
237: 970 356
238: 911
239: 2641 1059 800 736
240: 2524 1839 1449 867 838
241: 1763 1654 1333 903 639
242:
243: 1893 1211 373
244: 1606 1326 457 409
245: 2679 2633 2194 700
246: 1658 313
247: 2434 1342 924
248:
249: 403 400 328
250: 2739 2028 1867 1707 543 490 447
251: 2745 1455 1358 1156 964 864 603
252: 2113 1977 1835 606
253: 1665
254: 1436 705 660
255:
256: 2441 2207 676 604 386
257: 1538 1434 851 783 699 556
258: 414
259: 2516 408 325
260: 2068
261: 364
262:
263: 1594
264: 2210 1623 516
265: 2331 684
266: 2651 1344 1166 505
267: 2510 1826 619 617 385
268: 2408 1614 1511 513
269:
270: 2340 1549
271: 1215 748 563 372
272: 1788 1688 1430
273: 896 891
274: 2827 2752 1995
275: 1716 620 525
276: 2756 1501 758
277: 2626
278: 669
279: 2673 2289 1350 1232 531
280:
281: 1507 1196 549 353 322
282: 1386 1172
283:
284: 1240 763 486
285: 1829 1652 1415 1358 1346 1203 1193 498 358
286: 670
287: 1947 909 588
288: 734 546 485
289: 1442
290: 659 657
291: 2443 1924
292: 2827 1789 1367
293: 1131 1048 357
294: 1398 773
295: 1351 947
296: 2547
297: 2794 2774 1899
298: 1646 380 345
299: 2355 1828 1324 1260 1029 945 858 716
300: 429
301: 402 397
302: 2391 2354 2191 883
303: 1633 624
304: 1237 410 396 381
305: 2197 1681 1607 1060 668
306: 2747 2733 2198 1693 966 914
307: 538
308: 1737 1721 1448 750 682
309: 600
310:
311: 1179 483
312: 1640 1519 1077 1022
313: 399 398 378
314: 377
315: 2363 2128 1492 1470 918 602 577
316: 808 805 523 468
317: 1265 996 446 443
318: 2406 633 511 387
319: 1645 1254 440
320: 1529 818
321: 1279 596
322: 1547 772 627 492
323: 2757 1979 508
324: 2725 581 575
325: 2652 1138 488
326: 2271 839 559
327: 2048
328: 921 758 534 477
329: 2731 2495 2320 1825 1821 1242 417 391
330: 2235 1495 1443 824 771 448
331: 2373 758
332: 1772 1699 1561 687 634 471
333: 2734 2372 479 419
334: 2188 1298 1283 532
335: 879
336: 2827 2202 1285
337: 2713 1487 1457 601
338: 2390 1386 1172
339: 1782 1336
340: 2424 2335 1620 1575 1365 1286 1197 1037 960 944
341: 542
342: 1270 972 704
343: 1181 451
344: 1773 1460
345: 2768 2731 2495 1242
346: 2123 1910 745 522
347: 1733 719 495
348: 2032 1352 1199 869 565 524 421
349: 2395 1162 435
350: 2779 2761 1879 1719 707 426
351: 1268 792 418
352: 1735 1074 473
353: 1204 520 461 433
354: 885 592
355: 2738 1948
356: 1733 1078 821
357: 1526
358: 612
359: 1086
360: 2431 2423 2042 753 720 484
361: 1927
362: 940 613 530
363:
364: 648
365: 644 626
366: 2752 2387 1995 1477 1393 1359
367: 2333 1935 1830 1686 1209 1113 894
368: 2651 2600 1344 1255 876 406
369: 2395 1162 916 594 481
370: 2473 2373 2269 1815
371: 2222 2115 1527
372: 2586 591 422
373: 2253 2134 1898 1816 828
374: 2441 2424 2335 2207 2193 1876 1417 1291 1286 1197 1073 1045 642
375: 2633 1483 754 700
376: 1748 1020
377: 2559 476
378: 1338 1063 449
379: 820 744
380:
381: 1819 1776
382: 1911 1402
383: 1493
384: 733
385: 1767 1535 873 616
386: 2788 1778 732 679
387: 1977 1835 1637 638
388: 1043 827
389: 783 699 556
390: 1725 1599 1163
391: 742
392: 1050 984 932
393: 1893
394: 2459 953 645
395: 1797 560 453
396: 2520 2420 2333 1566 1357 1113 968 730
397:
398: 1774 571
399: 871 809 647 493
400: 667
401: 1752 1633 1625 1516 1182 562 434
402: 2434 1342 924
403: 1158 779 497
404: 1902 466
405: 746
406:
407: 2626 1837
408: 2588 1915 1474 884
409:
410: 1946 1789 1367
411: 1444 1051
412: 2479 1180 1129 1083 460
413: 1304 550
414:
415: 1388
416: 1436
417: 2398 1836 709 572
418:
419: 1922 829 739
420: 1015 978
421: 1494 811 741
422: 2233 759 569
423:
424: 1578 1458
425: 2377 1260 1029 716 576
426: 1158
427: 1146
428: 2505
429: 2421 1316 1296
430: 672 671
431: 2116 1353
432: 2773 2237 2121 1682 1224 757 598
433: 663 535
434: 2626 1165
435: 2494 2312 2118 1889 1663 1293 1256
436: 2138
437:
438: 1635 578
439: 547
440: 2205 630
441: 1323 1102
442: 1915 1410 1173 769 504
443: 2366
444: 2758
445: 1781 1176 593
446: 1649 1167
447: 2610 710
448: 2558 2317 2102
449: 2596
450: 2577 1939 789 605
451: 1591 1503 1124
452: 1640 1519 1069 833 590
453: 1271 1071 784
454: 1695 661
455: 1219 1042 688 568
456: 2180 1749 788
457: 2767 1779 1469 1266
458: 1976 1396 724
459: 1663
460:
461: 2828 1567 717
462: 2660 2559 2353
463:
464:
465: 2106 1689 502
466: 2354 2193 2191 1876 1417 1073
467: 1477 1359 564
468: 1977 1835 1637
469:
470: 2624 2571 1977 1835 1643 1637 1408
471: 2700 887
472: 796 517
473: 2832 1692 518
474: 2103 848 698
475: 1531 701
476: 835
477: 872 621
478: 2414 1373
479: 2738 2417 2048 1948
480: 1942 764
481: 2079 1220 555
482: 2634 2577 2527 2000 1685 1618
483: 2065 810 735
484:
485: 768
486: 2423 2403 2042 580
487: 2309 1952 1101
488: 2083 623
489: 1970 1857 1653 743
490: 2196
491: 2592 846 655
492: 2636 1788 1688 1430 1334 787 635
493: 2779 2761 1879 1719
494: 1424
495: 2740 952 765
496:
497: 1175 1116 1036 673
498: 2677
499: 1444 1051
500: 2036 923
501: 2024 877
502: 761
503: 2718 1984 1516 537
504: 907
505: 1438
506: 2343 776 650
507: 1190
508: 2825 1933 1882 1753 1691 1275 1198 1081 797 610
509: 1351 947
510: 2805 1495 806 799 771
511: 2551 1500
512:
513:
514:
515: 2483 1961 1489
516: 2507 665
517:
518:
519: 2482
520: 826 643
521: 1275 860
522: 1704 1634 956 649
523: 2639 2294 847
524:
525: 2319
526: 1921
527: 2641 920 880
528: 1721 1448
529: 974 737
530: 973 582
531: 595
532: 2729 1562 975 897 890 770
533: 708 680
534: 1959
535: 2183 1762 1236 899
536:
537: 1310
538: 775
539: 2688 2117 1451 1347 1231 1169 898
540: 1263 1137 1109
541: 2419 2034 1118 794
542: 1346
543: 2177 2067 1600 915
544: 1736 1099 950 589
545:
546: 2221 725
547: 1467
548: 2254 1335
549:
550:
551: 1427 781
552: 2531 2139
553:
554: 2053 1412
555: 641
556: 1753 1081
557: 1577 842
558: 2438 2413 2345 2049 1697 1011
559: 942
560:
561: 1241
562: 1556
563: 2566 807
564: 1397
565: 1291 1045 683 658
566: 2828 2381 1567 1052
567: 706
568: 2135
569: 2333 875
570: 2660 1923 1624
571: 2690 1670 1608 948
572: 1337
573: 1440
574: 2494
575:
576: 1956 1383 1313
577: 2639 2294 847
578: 1905 1800 866
579:
580:
581: 2767 702
582: 1541 986 722
583: 2232 963
584: 1819
585: 2108
586: 1591 795 677
587: 928
588: 1246
589: 2423 2048 2042 2037 1812 1361 1228 831
590:
591: 813
592: 726
593: 1578 1458 678
594: 780
595: 1946
596: 2063 822 777 690
597: 2148 1030 933 740
598: 1114
599: 2216
600: 2460 2434 1342
601: 1428
602: 1970 1653 1004
603:
604:
605: 2234 1315
606: 1420 1230
607: 2013 1722 1142
608:
609: 2642 1874
610: 2052 652
611: 2485 1533
612: 2014
613: 1280
614: 1435 908
615: 1737 750
616:
617: 870
618: 1934
619:
620: 1770 836 791 738
621: 1053
622:
623: 2053
624: 1955
625: 2303 1913 697
626: 2555 2461 1892 1031 832
627: 2642
628: 1588
629: 1295 731
630: 1672 686
631:
632: 1554
633: 1381
634:
635:
636: 2712
637: 1920
638: 1577 1440 1269 913
639: 1604 1119
640:
641:
642: 812
643: 2652
644: 2438 2413 2345 2049 1697 1061 904
645: 1825 1821
646: 1111
647: 2698
648: 934
649: 2721 1951
650: 2823 2637 2343
651: 1867 804
652: 1818
653: 691
654:
655: 989 729
656: 1414
657: 906 823
658:
659: 2600 1255 876
660: 2033 815
661:
662: 2835
663: 2517 1636
664: 2177 2067
665: 1608
666:
667: 1139 1003 778
668: 1413
669: 1096
670: 1953 1732
671: 1092
672: 1229
673: 2699 1499 1421 853
674: 2527 1789 1685 1618 1606 1367 1326 1240
675: 2446 1988 723
676: 1677 830
677: 2633 1969
678: 2314 1047
679: 2354 2191 2071 931
680: 2457 1044
681: 2270 2088 1810
682:
683: 2195 1586 1555 1314
684: 1247
685: 2758 1356
686: 2183
687: 1738 954
688: 1504 862
689: 2615 718
690: 1497 1354 1033
691: 2465 2285
692: 1734
693: 1225 802
694: 2411 1711 1644 993
695:
696: 1201
697: 1850 1250 1189 1068
698: 980 961
699: 1569 1447
700: 2435 965
701: 2621 2027 1576
702:
703: 2631
704: 1026 943
705: 1171
706: 2504 1341 1249
707: 2558 2317 2102 1302 861
708: 2508 1612
709: 2071
710: 2011 1787 1192 1161
711:
712:
713: 2365 1616
714: 2753 2136
715: 2235 1539
716: 2378
717: 1441 969
718: 2357 1587
719:
720: 2599
721: 1766 951
722: 1174 1155
723: 2103
724: 1675
725: 1544 1330 1095
726: 1678 1491
727: 2803 1712 1243
728: 1960 1854 1024 856
729: 1794 1226
730: 2695 1009
731: 949
732: 929
733: 2318 1967 1822
734: 955
735: 1914
736: 2765 1023 889
737:
738: 2328 2055 1339
739: 1761 1411 981 971
740: 2826 2385 1186 1104
741:
742: 1290 946
743: 925
744:
745: 1769 1134
746: 2657 1611 1325 1261
747:
748: 1877
749: 2282 1542
750: 852
751: 2451 1829 1652 1415 1193
752:
753: 1151
754: 2420 1357 968
755: 1895
756: 1013 785
757: 2024
758:
759:
760: 1927 1517 997 881
761: 2070 1641
762:
763:
764: 2365 1616 886
765: 2804
766: 1079
767: 2819 2572 1946 1433 992 895
768:
769: 1935 1830
770: 1305
771: 1866 1729 1292
772: 2656 1930 878
773:
774: 1479
775: 2382
776: 1432 1205
777:
778: 850
779:
780:
781: 2318 1822 1264
782: 2666 2165 900 868
783: 1512
784: 1141 936
785: 964
786: 2348 958 852
787: 2271 1429
788: 2412
789: 2358
790: 2280 1628
791: 2144 1262
792: 2221
793: 2630 1805 1656
794: 2229 1088
795: 2216 977
796: 1883 1153
797: 2593 1075
798: 1890
799: 2279 1980 1660 1569 1447 958
800: 1360 1216 1066
801: 1818
802:
803: 1687
804: 1227
805: 2328 2055
806: 1054 941
807: 1668
808: 2737 2111 1928
809: 2181 1868 1649 1167 985
810:
811: 901
812:
813: 2455 2046
814: 1390
815: 2547 2177 2067 915
816: 1779 1266
817:
818:
819: 1369
820: 1125
821:
822:
823:
824: 1673
825: 2084 1714 979
826:
827:
828: 2399 1856 845
829: 1076 983
830: 2834 2709 2569 2155 1145
831: 1121
832: 2747 2733 1702
833:
834: 2262 2091
835: 2794 1259
836: 1019
837: 976 882
838:
839: 1244
840: 2154 1887 1865 1384
841: 2249 1582
842:
843: 1468 1017
844: 1213
845: 1459 910
846:
847:
848:
849: 1482
850:
851:
852:
853: 1093
854:
855: 2544
856: 2662 2612 2189 1680
857: 1540 982
858:
859:
860: 2574 2396 2369 2341 2001 1573
861: 2541
862: 2562 1832 922
863:
864: 1329
865: 2451
866:
867: 1454 1085
868: 2435 905
869: 2831 1571 917
870: 1918 1331
871: 2308 1723
872: 2303 1913
873: 1106
874: 2797
875: 1055 1007
876: 1138
877: 2130
878:
879: 1253
880: 1006
881: 2500 2291 2251 1853 1792
882: 1590
883: 2252
884: 2012 1894 1461 1322 1194
885: 2061
886:
887:
888:
889:
890:
891: 2076 1880 1038
892: 2047 1409 1025
893:
894: 1056
895: 1817 1210
896:
897: 1135 1084
898: 1870
899: 1840 1274 1206
900: 2731 2495 2332 1242 995
901: 1950
902: 1972
903: 2765 1706 1091
904: 1082 938
905: 2811
906: 1498
907: 2253 1187
908: 2265 2257 1505
909: 2511 1375
910:
911:
912: 2240 1157
913: 2717 1317
914: 2407 2382
915: 2057 1530 991
916: 2440
917: 1563
918: 1640
919: 2749 2579 1252
920: 1795
921:
922:
923: 1731 1666 1522 1482 1222
924: 1939
925: 1726
926:
927:
928: 2050 1824
929: 2168 2069
930: 2014
931: 2618 2245
932: 2268
933:
934:
935: 1163
936: 2009 1370
937: 2630 2533 1805 1002
938: 1629 1389
939: 2346 2132 1743 1490
940:
941: 2639 2294 2103 2090 1991 1771 1401
942: 1094
943: 1725 1599
944: 1742
945:
946:
947: 2584 2039 1667
948: 2692 1968
949: 2095
950: 1481
951:
952: 2825 1978 1382 1202
953: 1200
954: 2740
955: 2253 1899
956: 2732 1919
957:
958: 1308
959:
960:
961: 2162
962: 1655 1366
963: 2350
964: 1120
965:
966:
967: 1528
968:
969:
970:
971: 2646
972: 2703
973: 2455 2046 1472 1387
974: 2656 2200 1930 1605
975: 2576
976:
977:
978:
979:
980: 2635
981: 1676 1471 1148
982:
983: 2819 1433
984:
985:
986: 2315 1657
987: 2255 2153 1891
988: 2663 1844
989: 2439
990: 2138
991: 2397 2086
992:
993: 1080
994: 2632
995: 1143
996: 1954
997: 2686 2538 2214 1320 1212 1010
998: 2688 2117 1231 1117
999:
1000: 2186 2125 1708 1337
1001: 2062 1581 1248
1002: 1046
1003:
1004:
1005:
1006:
1007: 2491 2351
1008:
1009: 2677 2152 1376
1010:
1011: 2598 2425 2109
1012: 2577
1013:
1014:
1015: 1403 1223
1016: 2566 1456 1267
1017: 2430
1018: 2492
1019: 1395
1020: 2636 1473 1208
1021:
1022: 1915
1023: 2817 1404
1024:
1025: 2449 2032 1306
1026: 1251
1027: 2580 2003 1869
1028:
1029: 2190
1030: 2367 1931
1031: 2500 1318 1195
1032:
1033:
1034:
1035: 1188
1036: 1546
1037: 1993 1164 1132
1038: 2370 1929 1669
1039:
1040:
1041: 2833 2565
1042: 2247 1903
1043: 1518 1378
1044:
1045: 2066 1881
1046: 1284
1047:
1048: 2605 2383
1049:
1050: 2060
1051: 1613
1052: 2716
1053:
1054: 2650 2304
1055: 1855
1056: 1476
1057: 1123
1058:
1059: 2352 2073 1475
1060:
1061: 1340
1062: 1097
1063: 2081 1996
1064: 1184
1065: 2018 1524 1282
1066:
1067: 2360
1068: 2427
1069: 2596
1070: 2654 1871
1071: 1394
1072:
1073: 1332
1074: 2818 2173
1075: 2305 2290
1076: 1846
1077:
1078: 2010
1079: 2498
1080: 1258
1081:
1082: 2431
1083:
1084: 1452
1085: 1147
1086: 1823
1087: 1801
1088: 1328
1089:
1090:
1091: 1183 1168
1092: 1421
1093:
1094: 2091
1095: 1784
1096:
1097: 2320 2223
1098: 2650
1099: 2743 2708 1422 1115
1100:
1101:
1102: 1191
1103:
1104: 2211
1105: 1647
1106:
1107: 2787
1108: 1791
1109:
1110:
1111: 2075
1112: 1303
1113: 1450
1114:
1115: 2664
1116:
1117: 1288
1118: 2137 2007
1119: 2197 1681 1607
1120: 2286
1121:
1122:
1123:
1124:
1125:
1126: 2805 1521
1127:
1128: 2795
1129: 2107 1811
1130: 1294
1131:
1132: 1650
1133: 2008
1134: 1321
1135:
1136:
1137:
1138:
1139: 2622 2167 1560 1426
1140: 2056
1141: 1754 1392
1142:
1143: 2724
1144: 1718
1145:
1146:
1147:
1148:
1149: 2616
1150:
1151:
1152:
1153: 2237 1682
1154:
1155:
1156:
1157:
1158:
1159: 2008
1160: 2769 2559
1161: 2447 2258 1648
1162:
1163: 1406
1164:
1165:
1166: 2584 2039 1345
1167: 2737
1168: 1803
1169: 2169
1170: 2694 1744
1171:
1172:
1173:
1174: 2169
1175:
1176: 2259
1177: 2025
1178:
1179:
1180: 2696 2171
1181: 2606 2020 1958
1182:
1183: 2325
1184:
1185: 2361 2157 1551
1186: 2658 2379 1694
1187:
1188:
1189:
1190: 2723
1191: 1730 1630
1192: 2324 1741
1193: 2585
1194:
1195: 2475 2026 1515
1196: 2313 2089
1197:
1198: 2428
1199: 1453
1200: 2574
1201: 2606 2020 1574
1202: 1570 1372
1203: 1739
1204:
1205: 1300
1206: 1989 1276
1207: 2371
1208: 1584
1209:
1210:
1211:
1212:
1213: 2429
1214: 2203 1379
1215: 1698
1216: 2785 1849 1466
1217: 1769
1218: 2246
1219: 1343
1220: 2372 1985 1364
1221:
1222: 2361 2157
1223: 2071
1224: 2119
1225:
1226: 1905 1800
1227:
1228:
1229: 2311 1513 1368
1230:
1231:
1232:
1233: 1984
1234:
1235: 2503
1236:
1237: 1897
1238:
1239: 2288
1240: 2253
1241: 1728 1391
1242: 1437 1419
1243: 2297 1698
1244: 2636
1245: 2690
1246:
1247: 1802 1710 1671 1662 1579
1248: 1703
1249: 2017 1850
1250:
1251:
1252:
1253: 2709 2569
1254:
1255:
1256: 1958
1257: 2125
1258: 1301
1259:
1260:
1261:
1262: 2649 2323 2056 1610
1263: 2806 1439
1264: 2555 2461 1416
1265:
1266:
1267:
1268:
1269: 2652 2296
1270: 1724
1271:
1272:
1273:
1274:
1275: 1399
1276: 2601
1277: 1595
1278: 1790 1431 1374
1279:
1280:
1281:
1282: 1603
1283: 2475 2148 2026
1284: 2664 1745
1285: 2155
1286: 1506
1287: 1997 1407
1288: 2566 1950
1289: 2684
1290: 2547
1291:
1292:
1293:
1294: 2604 2019
1295: 1833
1296:
1297:
1298:
1299:
1300:
1301:
1302: 2204 1496
1303: 2693 2466 1631
1304:
1305:
1306:
1307: 2530
1308: 1557
1309: 2147
1310: 2370 1929
1311: 1445
1312:
1313: 2596 2077 1709
1314: 2415 1564
1315: 2674 2619 2060 1945 1543
1316:
1317:
1318: 2463
1319:
1320:
1321: 2022 1834
1322: 1400 1385
1323:
1324: 2097
1325: 2240 1462
1326: 2106 1537 1446
1327:
1328: 2161 1619
1329: 1651
1330: 2645
1331: 2486 2292 2145 1874
1332: 1465
1333:
1334: 1700
1335: 2281
1336:
1337:
1338:
1339:
1340:
1341:
1342: 2321
1343: 2456 1463
1344:
1345: 1776
1346: 2543
1347: 2519
1348: 1536
1349:
1350:
1351:
1352:
1353: 1684
1354:
1355:
1356: 1860 1859
1357:
1358: 2072
1359: 2471
1360:
1361:
1362:
1363: 1813 1713
1364:
1365:
1366:
1367: 2722
1368: 2438 2413 1715
1369: 2064 1989 1484
1370: 2681
1371: 2689 2100 2092
1372: 1883
1373: 2231
1374: 2683
1375:
1376:
1377:
1378:
1379: 2546
1380: 2476 2320 1940
1381:
1382: 1559
1383: 2178
1384: 1907
1385: 2059 2035
1386: 1783
1387:
1388: 2030 1831
1389: 1751
1390: 1804
1391: 2676
1392: 1861 1609
1393:
1394:
1395: 2337 1534
1396: 2409
1397:
1398:
1399:
1400:
1401: 2216 2061 1583
1402: 2697
1403: 2249 2141 1905 1896 1800 1464
1404: 1888 1552
1405: 2734
1406: 1478
1407: 2213
1408: 1998
1409: 2744 2555 2461
1410:
1411:
1412: 1809 1627
1413:
1414: 2789 2667
1415:
1416:
1417:
1418: 2104
1419: 1592
1420:
1421:
1422: 1525
1423: 2260
1424: 1757 1486
1425:
1426: 2732
1427:
1428: 2273 1990
1429: 2366
1430:
1431: 1777 1523
1432:
1433:
1434: 2750 1975
1435:
1436: 2681
1437: 1705
1438: 1916
1439:
1440:
1441:
1442: 2725 2508 2308 1806 1723
1443: 1667 1602
1444:
1445:
1446:
1447:
1448: 1705
1449: 2436
1450:
1451: 2175
1452:
1453: 1933
1454:
1455: 1550
1456:
1457:
1458:
1459:
1460:
1461: 2767 1904
1462: 2511 2375
1463: 2087 1750
1464: 2631
1465:
1466:
1467: 2680 2480
1468:
1469:
1470: 2800 2015
1471: 2434
1472:
1473: 2549
1474: 1545
1475: 2156
1476:
1477: 2727 1858
1478: 2511
1479:
1480:
1481: 1851 1615
1482: 1979
1483: 2783 1901
1484: 2085
1485: 2767
1486:
1487:
1488:
1489: 2493 1847
1490:
1491:
1492:
1493:
1494:
1495: 2404
1496:
1497:
1498:
1499: 2597 1639
1500:
1501: 2773 2121
1502:
1503:
1504: 1808
1505:
1506:
1507: 2784 2672
1508: 1622
1509:
1510: 1875
1511: 2488
1512:
1513: 2041
1514: 1807
1515:
1516: 2405
1517: 2187
1518:
1519:
1520:
1521: 2002 1720
1522: 2445
1523:
1524:
1525: 2484
1526:
1527:
1528:
1529: 1973
1530:
1531: 1690 1598
1532:
1533: 2234 2170
1534: 2208
1535:
1536: 2525
1537:
1538:
1539: 2512 2313 2089
1540:
1541: 2368 1884
1542:
1543: 1944
1544: 2278
1545: 2426 1799
1546:
1547:
1548: 2570
1549:
1550:
1551:
1552: 1878 1701
1553: 1841
1554: 1759
1555:
1556:
1557:
1558:
1559:
1560: 2719
1561:
1562:
1563:
1564: 1886
1565: 2486 2292
1566:
1567:
1568:
1569: 2127 1785
1570:
1571: 2376
1572:
1573:
1574:
1575: 1758
1576:
1577: 2418
1578:
1579:
1580:
1581:
1582: 1863
1583: 1963 1780
1584: 2171
1585: 1994
1586:
1587:
1588: 1814
1589:
1590:
1591:
1592:
1593: 2093 1983
1594: 2447
1595:
1596: 2728
1597:
1598:
1599: 2143
1600:
1601:
1602:
1603: 2610
1604:
1605:
1606: 2342
1607:
1608:
1609:
1610: 2411
1611:
1612: 1982
1613:
1614: 1798
1615:
1616:
1617: 2618 2245
1618: 1717
1619: 2192
1620:
1621: 2126
1622: 2673 2535
1623:
1624:
1625: 2377
1626:
1627: 1932
1628: 2720
1629: 2134
1630: 2239
1631:
1632:
1633: 2742
1634: 1740
1635:
1636:
1637: 2820 2526
1638: 1912
1639:
1640: 2659
1641:
1642:
1643:
1644:
1645:
1646: 1908
1647:
1648:
1649:
1650: 2725
1651: 1992
1652:
1653: 2801 2389 2349
1654:
1655: 2184
1656:
1657: 2166
1658: 1838
1659: 2223 1820
1660: 2489
1661: 2822 2336
1662:
1663:
1664:
1665:
1666:
1667:
1668:
1669:
1670: 2521
1671:
1672: 1891
1673: 2553 2502 2388
1674: 1917
1675:
1676: 1949
1677: 2099
1678:
1679: 1852
1680: 2512 2337
1681: 1873
1682:
1683: 2810
1684: 2356 1925
1685: 2261
1686: 2430 2364 1848
1687: 2702 2669 2496 1747
1688:
1689:
1690:
1691: 2384
1692: 2040
1693: 2591
1694: 1962
1695: 2513
1696: 2129 1843
1697: 2718
1698: 1842
1699: 1768
1700: 2326
1701:
1702: 2564 1909
1703: 2650
1704:
1705: 2227
1706:
1707: 2554
1708:
1709:
1710:
1711:
1712:
1713:
1714:
1715:
1716: 2662 2612
1717:
1718:
1719: 2444
1720: 2490
1721:
1722: 2322
1723: 2276
1724:
1725:
1726: 2275
1727: 2627
1728: 2344
1729: 2509
1730:
1731: 1898 1816
1732:
1733:
1734:
1735: 2072
1736: 2170
1737:
1738: 2613 2402 2029
1739:
1740: 2218
1741: 2477
1742:
1743:
1744:
1745:
1746:
1747: 2796
1748:
1749:
1750:
1751: 2812
1752:
1753: 2557 2478
1754:
1755: 2065
1756: 2462
1757:
1758:
1759:
1760:
1761: 1872
1762: 2094
1763:
1764: 2477 2101
1765:
1766: 2789 2667
1767: 2602 2575
1768:
1769: 2648
1770:
1771:
1772:
1773:
1774: 2185
1775:
1776:
1777:
1778:
1779: 2775
1780:
1781:
1782:
1783: 1923
1784: 2685 1986
1785: 2005
1786: 2798 2514
1787: 2078
1788:
1789: 2442
1790:
1791: 2146
1792: 2648
1793: 1941
1794:
1795:
1796:
1797:
1798: 2661
1799: 2172
1800:
1801:
1802:
1803:
1804: 2236
1805:
1806: 2515
1807: 1862
1808:
1809: 2772 2537
1810: 2124
1811:
1812:
1813: 2301
1814:
1815:
1816: 2149
1817:
1818:
1819: 2176
1820:
1821:
1822:
1823:
1824: 1937
1825: 2400
1826: 2792
1827:
1828: 2545
1829:
1830:
1831: 2393
1832: 2006
1833:
1834: 1938
1835: 2225
1836: 2264
1837: 2316
1838:
1839:
1840:
1841:
1842:
1843:
1844:
1845: 2230 2160
1846: 2730
1847: 2808 1926
1848:
1849:
1850:
1851:
1852: 2298 2112 1974
1853: 2164
1854: 2120
1855:
1856: 2182
1857: 2729 1906
1858:
1859:
1860:
1861:
1862: 2690
1863: 2747 2733
1864:
1865:
1866:
1867: 2634
1868: 2769
1869:
1870: 1971
1871:
1872:
1873: 2481
1874:
1875:
1876: 2464
1877: 2348
1878:
1879:
1880:
1881: 2589
1882:
1883: 2058 1943
1884: 2244
1885:
1886:
1887:
1888:
1889: 2536
1890: 1957
1891: 2623 2607 2327
1892:
1893:
1894:
1895: 2044
1896:
1897: 2400
1898: 2582
1899:
1900: 2217
1901:
1902: 2158
1903: 2617 2277
1904:
1905: 2825
1906:
1907:
1908:
1909:
1910: 2098 2082
1911:
1912: 2452
1913:
1914: 2362
1915:
1916:
1917:
1918:
1919:
1920:
1921:
1922:
1923:
1924:
1925:
1926: 2682
1927:
1928:
1929:
1930: 2657
1931:
1932:
1933: 2142
1934:
1935:
1936: 2021
1937:
1938:
1939:
1940:
1941: 2110
1942:
1943: 2295
1944:
1945:
1946:
1947:
1948: 1987
1949:
1950: 2151
1951:
1952:
1953:
1954:
1955: 2734 2096
1956: 2560
1957: 2732 2215
1958: 2497
1959:
1960:
1961: 2080 2016
1962:
1963:
1964:
1965:
1966:
1967:
1968: 2624 2571
1969:
1970:
1971: 2054
1972: 2583 2499
1973:
1974:
1975:
1976:
1977:
1978:
1979:
1980:
1981:
1982:
1983:
1984:
1985:
1986:
1987: 2043
1988:
1989: 2074
1990: 2023
1991:
1992:
1993: 2807
1994:
1995:
1996:
1997: 2386
1998:
1999: 2038
2000:
2001:
2002:
2003:
2004:
2005:
2006: 2611
2007:
2008:
2009:
2010:
2011:
2012: 2031
2013: 2518 2163
2014:
2015:
2016:
2017:
2018:
2019:
2020:
2021:
2022:
2023:
2024:
2025: 2051
2026: 2799
2027:
2028:
2029:
2030:
2031:
2032:
2033:
2034:
2035:
2036:
2037:
2038:
2039:
2040:
2041:
2042:
2043:
2044:
2045: 2636
2046:
2047:
2048:
2049: 2266
2050: 2742 2528
2051: 2487
2052: 2578 2179
2053:
2054:
2055:
2056:
2057:
2058:
2059:
2060: 2468
2061: 2608
2062:
2063:
2064: 2283
2065: 2755
2066:
2067:
2068: 2532
2069:
2070: 2829 2764 2640 2267
2071:
2072:
2073:
2074:
2075:
2076:
2077:
2078: 2808
2079:
2080: 2587
2081:
2082: 2272
2083:
2084:
2085: 2467
2086:
2087:
2088:
2089:
2090:
2091: 2140
2092: 2715
2093:
2094:
2095: 2378
2096:
2097:
2098:
2099:
2100:
2101: 2287
2102:
2103:
2104:
2105: 2256
2106:
2107:
2108:
2109:
2110:
2111:
2112: 2250
2113:
2114:
2115:
2116:
2117:
2118:
2119: 2307
2120: 2665
2121: 2714 2620 2590 2560
2122: 2609
2123:
2124:
2125:
2126: 2159
2127:
2128: 2392
2129:
2130:
2131:
2132: 2174
2133: 2637
2134:
2135:
2136: 2781
2137:
2138:
2139:
2140: 2741
2141:
2142: 2242
2143: 2300
2144:
2145:
2146:
2147: 2563
2148:
2149:
2150:
2151:
2152: 2472
2153:
2154:
2155:
2156:
2157:
2158: 2422
2159:
2160:
2161: 2401 2347
2162: 2199
2163: 2248
2164:
2165:
2166:
2167:
2168: 2220
2169:
2170: 2454
2171:
2172: 2830
2173: 2501
2174:
2175: 2736
2176:
2177:
2178: 2243
2179:
2180:
2181: 2542
2182:
2183:
2184:
2185:
2186:
2187:
2188:
2189:
2190:
2191:
2192:
2193:
2194:
2195: 2355
2196: 2714 2620
2197:
2198:
2199: 2450
2200:
2201:
2202:
2203:
2204:
2205:
2206:
2207:
2208:
2209:
2210:
2211:
2212:
2213:
2214:
2215:
2216: 2655 2284
2217:
2218:
2219:
2220:
2221:
2222:
2223:
2224:
2225:
2226:
2227:
2228:
2229:
2230:
2231:
2232: 2469
2233:
2234: 2339
2235:
2236:
2237:
2238: 2547
2239:
2240:
2241: 2448
2242:
2243:
2244:
2245: 2647
2246: 2638
2247:
2248:
2249: 2625
2250:
2251: 2813
2252:
2253: 2274
2254:
2255: 2374
2256:
2257:
2258:
2259: 2432
2260:
2261: 2556
2262:
2263:
2264:
2265:
2266:
2267:
2268:
2269: 2791
2270:
2271:
2272:
2273: 2522
2274:
2275:
2276:
2277:
2278:
2279:
2280:
2281: 2643
2282:
2283: 2359
2284:
2285: 2433
2286:
2287:
2288:
2289:
2290:
2291:
2292:
2293:
2294: 2777
2295: 2726 2416
2296: 2792
2297: 2329
2298: 2798 2514
2299: 2710
2300:
2301:
2302:
2303:
2304:
2305:
2306:
2307:
2308:
2309:
2310:
2311: 2540
2312:
2313:
2314:
2315:
2316:
2317:
2318:
2319:
2320:
2321:
2322:
2323:
2324: 2687
2325:
2326:
2327:
2328:
2329:
2330:
2331:
2332:
2333:
2334:
2335: 2594
2336:
2337:
2338:
2339:
2340:
2341:
2342:
2343:
2344:
2345:
2346: 2821
2347:
2348: 2437
2349: 2759
2350:
2351:
2352:
2353:
2354:
2355:
2356:
2357:
2358: 2474
2359:
2360:
2361:
2362:
2363:
2364:
2365:
2366:
2367:
2368:
2369:
2370:
2371:
2372:
2373:
2374:
2375:
2376:
2377:
2378:
2379:
2380:
2381:
2382: 2668
2383: 2776
2384:
2385:
2386:
2387:
2388:
2389:
2390:
2391:
2392:
2393:
2394: 2453
2395: 2754 2675
2396:
2397:
2398:
2399:
2400: 2748
2401:
2402:
2403:
2404: 2691
2405:
2406:
2407:
2408: 2523
2409:
2410: 2567
2411:
2412: 2780
2413:
2414:
2415:
2416:
2417:
2418:
2419:
2420:
2421:
2422:
2423:
2424:
2425:
2426:
2427:
2428:
2429:
2430:
2431:
2432:
2433:
2434:
2435:
2436:
2437:
2438:
2439:
2440:
2441:
2442:
2443:
2444:
2445: 2603
2446:
2447:
2448:
2449:
2450:
2451:
2452:
2453:
2454:
2455:
2456:
2457:
2458:
2459:
2460:
2461:
2462:
2463: 2711
2464:
2465:
2466:
2467: 2738 2595
2468: 2614
2469:
2470: 2653
2471:
2472: 2561
2473:
2474:
2475:
2476:
2477: 2548
2478:
2479:
2480:
2481:
2482: 2568
2483:
2484:
2485:
2486:
2487:
2488: 2573
2489:
2490:
2491:
2492: 2793
2493: 2814
2494:
2495:
2496:
2497:
2498:
2499:
2500:
2501:
2502:
2503: 2757
2504: 2746
2505:
2506:
2507:
2508:
2509:
2510:
2511:
2512:
2513:
2514:
2515:
2516:
2517:
2518:
2519:
2520:
2521:
2522:
2523:
2524:
2525:
2526:
2527: 2770
2528:
2529:
2530:
2531: 2790
2532:
2533:
2534:
2535: 2581
2536:
2537:
2538:
2539:
2540:
2541:
2542:
2543:
2544:
2545:
2546:
2547:
2548:
2549:
2550:
2551:
2552:
2553:
2554:
2555:
2556:
2557:
2558:
2559:
2560:
2561:
2562: 2751
2563:
2564:
2565:
2566:
2567:
2568:
2569:
2570:
2571: 2771
2572:
2573:
2574:
2575:
2576:
2577: 2778
2578:
2579:
2580: 2628
2581:
2582:
2583:
2584:
2585:
2586:
2587:
2588:
2589:
2590:
2591:
2592:
2593:
2594:
2595:
2596:
2597:
2598:
2599:
2600:
2601:
2602:
2603: 2701
2604:
2605:
2606:
2607:
2608:
2609:
2610:
2611:
2612:
2613:
2614:
2615:
2616:
2617:
2618:
2619:
2620:
2621:
2622:
2623:
2624: 2786
2625:
2626:
2627:
2628:
2629:
2630:
2631:
2632:
2633:
2634:
2635:
2636:
2637:
2638:
2639:
2640:
2641:
2642:
2643:
2644:
2645:
2646:
2647:
2648:
2649:
2650:
2651:
2652:
2653:
2654:
2655:
2656:
2657:
2658:
2659:
2660:
2661:
2662:
2663:
2664:
2665:
2666: 2706
2667:
2668:
2669:
2670:
2671:
2672:
2673:
2674:
2675:
2676:
2677: 2763
2678:
2679:
2680:
2681:
2682:
2683:
2684:
2685:
2686:
2687:
2688:
2689:
2690:
2691:
2692:
2693:
2694:
2695:
2696:
2697:
2698:
2699:
2700:
2701:
2702:
2703:
2704: 2802
2705:
2706:
2707:
2708:
2709:
2710:
2711:
2712:
2713:
2714:
2715:
2716:
2717:
2718:
2719:
2720:
2721:
2722:
2723:
2724:
2725:
2726:
2727:
2728:
2729:
2730:
2731:
2732:
2733:
2734:
2735:
2736:
2737:
2738:
2739:
2740:
2741:
2742:
2743:
2744:
2745:
2746:
2747:
2748:
2749:
2750:
2751:
2752: 2809
2753:
2754:
2755:
2756:
2757:
2758:
2759:
2760:
2761:
2762:
2763:
2764:
2765:
2766:
2767:
2768:
2769:
2770:
2771:
2772: 2824
2773:
2774:
2775:
2776:
2777:
2778:
2779:
2780:
2781:
2782:
2783:
2784:
2785:
2786:
