1: 1743 1191 852 127 39 4 2 1
2: 1208 871 588 409 304 206 27 14 5 3
3: 1967 1910 1678 1216 647 252 169 167 113 78
4: 836 247 129 53 46 36 21
5: 2526 1633 468 48 9 8 6
6: 2619 2609 1880 1842 1612 1362 714 703 575 566 396 289 259 172 150 136 63 60 29 7
7: 1621 163 77 71 10
8: 1442 993 98 61 38 18 16
9: 2699 1942 949 555 279 198 153 22
10: 2569 1162 149 92 57 23
11: 2201 1947 185 75 69 33 20 11
12: 2214 593 226 42 37 13 12
13: 2134 451 99 96 50 32
14: 2109 1880 1842 1445 1379 669 566 484 345 289 68 49 34 26 19
15: 795 148 25
16: 2663 2391 2368 1986 1574 1315 1192 909 808 651 244 55 51 45 24
17: 1704 268 84 83 79 54 30 17 15
18: 2210 2048 1628 1496 1474 1403 915 882 633 459 426 391 341 329 274 266 157 132 118
19: 2258 1491 1424 405
20: 2339 2274 1676 1256 1173 788 556 249
21: 1576 462 28
22: 2140 1505 1454 1365 1112 827 823 777 585 514 378 272 219 105 80 73 70 47 31
23: 2305 2085 1973 1505 1197 1109 1042 1041 926 827 677 421 397 346 331 128 43
24: 2536 2510 2378 2194 1776 1427 1295 1109 1041 771 475 430 401 67
25: 2505 1703 673 143 58 44
26: 1574 808 51
27: 2279 507 197 196 159
28: 1020 183 175 40 35
29: 2569 2314 2210 1474 1162 630 410 391 341 201 180 122 106 92 91
30: 1961 490 216 137
31: 2442 527 388 362
32: 650 451 440 398 229 62 52
33: 1030 529 528
34: 396 172 63 60
35: 2459 1972 1857 1710 1584 1511 686 255
36: 321 173 66 41
37: 1566 1405 1317 1242 1153 684 508 506 221 138 130 90 56
38: 2000 1983 1638 934 767 414 88
39: 1229 498
40: 2142 1956 1797 1678 1624 1389 1374 982 853 818 815 605 599 502 113 78 72
41: 2074 1730 854 748 81 74 59
42: 2380 1874 927 125
43: 86
44: 2236 1612 1362 507 339 333 328 259 208 197 196 136
45: 1890 1742 147
46: 1505 827 272 80 70
47: 2551 2177 2032 973 717 664 146 101 65
48: 2122 567 231 139 121
49: 2269 732 428 316 94
50: 2481 2054 1807 1008 829 745 516
51: 1395
52: 1237 553
53: 2523 313 158 151 123 116 112 89
54: 1600 1151 1133 64
55: 2551 2363 2032 1961 1876 1452 1378 851 714 575 490 108
56: 982 85
57: 1967 647 252 169 167 120 103
58: 1592 1456 1020 996 855 640 387 254 233 210 104
59: 1645 1452 1286 965 839 551 423 349
60: 1528 1482 269 179 174 154 110
61: 1973 677 397 128
62: 2675 2619 2609 2310 1770 703 82
63: 1583 406 338 193 176 95 93
64: 2260 2183 1578 1463 1078 1039 1032 814 638 538 537 457 368 87
65: 2370 1726 1568 571 420 342 217 111 107 76
66: 2624 930 740 109
67: 637 596 530 187
68: 2512 2001 1699 1450 1053 772 480
69: 220 195 145 144 134 126
70: 335 300 140 114
71: 161
72: 1267 285 222
73: 320 119
74: 2315
75: 2362 716 100
76: 2403 1833 1716 1711 1420 1331 1186 607 178 97
77: 412 117
78: 2570 2045 2023 1670 1607 1583 877 406
79: 2381 2340 2031 1872 479 166 152 141
80: 948 336 262
81: 1354 1188 1127 632 612 444 160
82: 2148 2083 1874 1262 927 675 497 358 124
83: 1252 1045
84: 2585 1604 1332 908 634 364 236 228
85: 2104 1585 789
86: 2183 1578 1463 102
87: 2418 587 564 256
88: 1912
89: 329
90: 2362 1777 829 716 188
91: 2139 1955 1628 1496 1267 915 403 285 222 215
92: 2237 881 453 177
93: 1589 1549 1126 203 199 115
94: 2176 2173 1937 1599 923 473 383 168
95: 2227 2210 1474 391 341 274 232
96: 2281 1598 1282 896
97: 2056 1590 1248 1159 1100 1060 1002 924 820 757 604 404 392 271 205 164
98: 2403 2220 2078 1711 1553 1331 1186 1018 761 643 433
99: 2740 333 328
100: 2740 1590 1183
101: 832 730 324
102: 2414 1073
103: 1976 1941 1325 1160 991 431 325 297
104: 2549 2524 2338 1831 1431 532 390 340 258
105: 1937 1656 1649 1599 1574 808 473 383
106: 2004 1870 1675 482 366
107: 2607 2496 1902 1716 1420 607
108: 1399 1022 792
109: 2564 1516 1123 931
110: 2074 1730 1208 1101 854 748 588 409 304 206
111: 2268 1924 1631 142
112: 2104 1585 133
113: 435
114: 1502 240 181
115: 2533
116: 245 165
117: 2654 2256 1363 1344 513 376 156 135
118: 1009 545
119: 1941 1527 1325 720 701 325 297 192
120: 1592 996 387 131
121: 1980 1352 1154 859 710 264
122: 2555 2378 2194 1874 1616 1295 1139 771 679 475 430 401
123: 2519 207
124: 2431 2343 2140 1461 823 585
125: 1365 1112 777 514 234 227
126: 2564 2558 2539 2370 2046 1997 1737 1541 1516 1149 1036 904 560 554 499 408 323 309 292
127: 1555 155
128: 2539 2046 1149 560 554 323
129: 1922 536 171
130: 1785 500
131: 1976 991 533 251 162
132: 2740 2362 1962 1183 995 716 545 191
133: 1303
134: 937 925 424
135: 2229 1843 1630 223
136: 225
137: 2047 873 298 238
138: 2214 1398 1147 1057 902 759 417
139: 2740 2397 1577 1514 1183 1061 1000 782 267 189
140: 2731 2629 2003 1705 1564 1389 1374 1327 719 241 212 170
141: 955
142: 2469 1222 243
143: 2520 224
144: 1984 1851 339 208
145: 727
146: 1552 619 427 380
147: 1777 1595 1436
148: 2413 1345 932 790 635 186
149: 2053 1821 1490 1267 1151 1133 765 657 190
150: 2314 1454 856 630 410 201 180
151: 2053 1490 765 657 278
152: 1628 1496 915 426 218 211
153: 1705
154:
155: 1667 544 407 275
156: 253
157: 1727 1023 446 250 184
158: 1382 878 712 294
159: 1766
160: 1533 402
161: 273
162: 1587 1044 348
163:
164: 2652 2142 1797 1624 1618 381 370 182
165: 1297 540 301
166: 2053 1490 765 657
167: 1937 1904 1888 1599 1343 1011 992 473 452 383 356 209
168: 1589 1126 655
169: 855 254 233 210
170: 1419 591
171: 2655 2424 2100 1693 1563 1190 821 449
172: 1625 888 682 549 525
173: 862
174: 2683 2037
175: 1855
176: 2591 1482 1445 1394 1379 1067 669 484 200
177: 2022 1014 750 726 685 415
178: 1683 1453
179: 2712 2374 964 817 443 360
180: 2196 1608 1542 1352 806 603 202
181: 2177 874 332
182: 2240 594 281 263
183: 526 481 213 204
184: 1101 422 295 194
185: 1250 307
186: 2551 2032 518 367
187: 1613 1519 1030 925 819
188: 1852 803 465 306 277 260
189: 2457 377
190: 2168 302
191: 923
192: 239
193: 487 312 261
194: 2498 242
195: 2730 2595 1212 754 672 400 265
196: 2256 1922 1469 827 825 602
197: 1367 844 214
198: 2540 1943 1661 1348 1124
199: 2456 2354 2325 1263 511
200: 2563 1151 1133 237
201: 2305 1197 926
202: 1949 1698
203: 1478 654 246
204: 1975 1603 483
205: 314 276 248
206: 758 552
207: 2314
208: 2469 1222 1188 632 612
209: 2069 350
210: 2241 1336
211: 2740 2414 2014 1911 1703 1183 1108 568 450
212: 2418 1256 1173 1146 944 830 667 374
213: 2148 497 284
214: 2652 1618 381 370 230
215: 1398 1147 902 759
216: 1286 905 577 425
217: 1976 1833 1726 1568 991 692 571 420 235
218: 829 516
219: 1057 417
220: 2520 621
221: 1431 942 270
222: 606 280
223: 2675 2341 311
224: 2490 1807 1478 824
225: 1960 783 447
226: 1838 1121 486 395 315
227: 1717 723
228: 2296 327
229: 2597 1887 1696 644
230: 1087 569 419
231: 2306 2154 2081 1475 875 393 343
232: 2365 2196 1917 1698 1571 1176 880 474 334
233: 382
234: 2558 1997 1541 286
235: 1343 1143 501
236: 2256 1478 1467 1382 980 925 878 825 712 654
237: 2256 2081 2009 875 825 806 718 393 343 257
238: 1799 1728 319
239: 2526 2519 1633 1039 783 668 638 597 538 537 457 447
240: 2584 2226 743 287
241: 590
242: 1510 1435 1107 461 282
243: 1269 1145
244:
245: 1380 296
246: 2731 2003 1327
247:
248: 1748
249: 2711 618 436 353
250: 2536 2510 2440 2362 2347 1776 1441 1427 642 629 548
251: 2120 1637
252: 1932 1905 1768 1669 627 361
253: 1793
254: 1924 1631 318
255: 2477 448 299
256: 2034 1616 956 679 337
257: 1054
258: 2326 1995 1614 1361 946 884 805 509
259: 1093 434 385 373 305
260: 1388 866 355 351
261: 2279 344 283
262: 485
263: 1630
264: 2183 1578 1463 322 310
265: 1452
266: 2295 2078 1553 1018 785 656 609 589 354 293
267: 2188 2085 346 331
268: 1977 1950 1385
269: 2520 890 303
270: 1546 1443 610
271: 1363 1344 742 565 288
272: 2256 825 718 467
273: 1590 363
274: 2629 1564
275: 2735 2524 1929 1831 1799 1728 780 592 372
276: 2293 2175 2033 1521 1259 913 523
277: 2738 2639 2182 1696 1363 1344 742 357
278: 1629 1193 1066
279: 1939 371 317
280: 1646 1278 1138
281: 1042 326
282: 2055 1069 1026 665
283: 2488 1333 365 291
284: 1954
285:
286: 2533 937 424
287: 946 884 805 509
288: 2573 1048
289: 2348
290: 330
291: 1807 745 503
292: 2598 2506 512
293: 1784 308
294: 2686 1040 737 429 411 359 290
295: 2069
296: 2232 2153 1366 563
297: 2365 1917 505 463
298: 2220 761 643
299: 1940 1179 921 558 384
300: 1970
301: 1601 455
302: 2555 1139 615
303: 2446 1125 961 649 576
304:
305: 1769 1569 1506 488 375
306: 753 491
307: 2613 2234 2096 626
308: 2571 2310 1770 1096
309:
310: 2318 1549 1428 492
311: 2322 1290 1068 698 522
312: 837 394
313: 774
314: 2597 2288 2103 1641 644
315: 2040 1439
316: 2115 1199 418
317: 2204 1895 812
318: 2697 1855 660 646
319: 386
320: 2730 2595 1298 613
321: 2138 816 737
322: 2512 1853 763
323: 1458 1020 534 399
324: 2317 2212 1964 584
325: 1343 992 445 413
326: 700 613
327: 2498 2361 2095
328: 1835 1291 1194 542
329: 2298 1540 1357 1016
330: 1383
331: 1106 861
332: 2490 1828 493
333: 1848 887
334: 2078 1553 1018 433
335: 1896 1289
336: 1747
337: 2326 2287 919
338: 2264 1480 1180 1071
339: 1608 1542 603 389 347
340: 947 786
341:
342: 782
343: 1952 1462 1433 352
344: 2001 1450
345: 2712 2374 806
346: 746 707
347: 2261 872
348: 470 369
349: 2550 2069 1560 1533 1370 890 572
350: 2606 898 706 441
351: 2519 668 597
352: 2537 2244 1634 622
353: 1286 496 456
354: 1313 580
355: 1725 1064 561
356:
357: 2027 1485 1159 604
358: 1029 458 379
359:
360: 2267 1799 1728 780
361: 2500 962
362: 520
363: 2588 2436 2276 1692 1494 1457 1426 1225 1155 715 581
364: 2338 1937 1599 1142 1051 473
365: 2712 2374
366: 2504 1092
367: 1029
368: 990 466
369: 1845 1593 1075 439
370: 1802 890 572 478
371: 2610 1471 860
372:
373: 2536 2510 1776 1427 642 629 548
374: 2382 2028 515
375: 989 802
376: 442
377: 1479 574 543
378: 477
379:
380:
381:
382: 1100 1002 820
383: 1573 1254 1213 578
384: 1737 738 535
385:
386: 631
387: 2654 784 519
388: 2517 1937 1695
389:
390: 2109 1793 917 676 517
391: 2354 2325 1263 489
392: 2418
393: 920
394: 634
395: 1837 914 736 438
396: 2493 793
397: 1821 1628 1496
398: 2191
399: 1255
400: 1558 432
401: 2201 1021
402: 1887 1597 699
403: 2708 2090 911
404: 527
405: 1886
406: 416
407: 2602 2481
408: 2693 1648 1483
409: 799
410: 2215 1952 1754 1440 464
411: 2456 974 613 546
412: 1099 687 681
413: 1189 460
414:
415: 1804 1031
416: 2251 1460 1307 1080 559
417: 623 620
418: 1477
419: 2338 2220 1244 1142 1051 761 643 531
420: 1748 1237 1003 553
421: 2440 476
422: 2450 1947
423: 2529 2096
424: 1756
425: 2339 2274 1996 1573 1314 1254 1213 1089 1019 810 521
426: 2275
427: 1980 1154 859 704
428: 794
429: 1938 624 437
430: 2202 1963 1184 766
431: 1852 910
432: 2666 2367 2148 1555 1503 1134 889
433: 1150 691
434: 1609
435: 2584 2226 1647 1507 1287 524
436: 2089 800
437: 975
438: 471
439: 2139 1955
440: 2658 2620 2316 1835 1377 705
441: 2648 1055 1050
442: 2373 779 562
443: 833 696
444:
445: 1045
446: 550
447: 1508
448:
449: 2069 1468 900 729 504
450: 2663 2391 2368 1986 1725 1315 625
451: 2505 886 680
452:
453: 798
454: 1706 469 454
455: 2335 1681 713
456: 2410 2357 2019 666
457: 2512 1013 614 494
458: 2381 2340 2031 2010 929
459:
460: 2189 1102 711
461: 2412 1341 744 694 601
462: 1283 937
463: 2363 1876 1378 851
464: 2380
465: 1262 675
466: 2651 2350 1987 1782 1106 678
467: 1897 1117 953
468: 2666 2649 617 472
469: 1265
470: 2540
471: 1635 1234 828
472: 2080
473: 2397 1577 1061
474: 826
475: 2299 586 582 557
476:
477: 2394 1517 985 510
478: 1958
479: 1416 1086
480: 2024 1288 1010 796
481:
482:
483: 2730 2595 1298
484: 2491 2100 1563
485: 1629
486: 2209 969
487: 2736 2421 822
488: 495
489: 1326 539
490: 1460 951
491:
492: 1968 847
493: 1260 1200
494:
495: 2260 661 659
496:
497: 1856 1570
498: 1503 889 663
499:
500: 1727 1023
501: 1047
502: 611
503: 2387 1694 1103
504: 2377 1758 1097
505:
506: 941 725
507: 895
508: 608
509: 2503 1349 928 639
510: 1699 1053
511:
512: 570
513: 2109
514:
515:
516: 1849 547
517: 974
518: 1067
519: 2517 1718 1695 628
520: 1580 773 541
521:
522: 1120 842
523:
524: 1665 721
525: 2670 2589 741
526: 1085 770
527: 645
528: 1580
529:
530: 1586 1082
531: 1105
532: 2566 1960 658 595
533: 1671 1492 1077 598
534: 1114 579
535: 2453 1977 1960 1385 734 690
536: 2561 1537 903 573
537: 2738 2285 2182 1132 1084 1037 801
538: 583
539: 2034 956 653
540: 1438
541: 2655 2424 1734 1693 1299 1243
542: 1347
543: 1144
544: 1390 662
545: 1390 636
546:
547: 1342
548: 1009
549: 1502 1399 1118
550: 1947
551: 2590 2119 600
552: 2339 2274 1314 652
553: 1800 1231
554: 2596 2386 2159 1712 670
555: 1734 1243 671
556: 2293 2175 1521 1259
557: 709 641
558: 1841
559:
560: 960
561: 1706 1614
562: 1527 720 701
563:
564: 708
565: 1546 970
566: 1338 813
567: 2611 1550 916
568: 2626 2479 1158 683
569: 1532 1335 958
570: 2442 897
571: 2336 1221 940 906
572: 1861
573: 1560 1370
574:
575: 912
576: 845
577: 2395
578: 1605
579: 2248 1512
580:
581:
582: 1417 999 616
583: 1182
584: 2587 1867 1811
585:
586: 1644
587: 1268 1187
588: 2647 2347 1441
589: 1723
590:
591: 2735 760
592: 1488 702
593: 2641 2465 1308
594: 731
595: 1072
596: 2623 2480 2476 1989 1177
597: 2118 2055 1026
598: 867 689
599: 1407 885 768
600: 2018 883
601: 2068 769
602: 1146
603: 2156 1880 1842
604:
605: 2383
606:
607: 728
608:
609: 1717 1544
610: 2685
611:
612: 1923 1763 695
613: 1486 1430 747 648
614:
615: 984
616: 2164 1538
617: 2480 1896 1168
618: 1250
619: 2072 755
620:
621: 2651 2350 1987 1782
622: 1918 739
623:
624: 674
625: 2658 2620 1377 899
626:
627: 1664
628: 1595
629: 1152 838
630: 2463 1049 781
631: 2721 2701
632:
633: 1277
634: 1490
635:
636: 2720 2113 1169 764
637:
638: 1122 972
639: 2246
640: 1209 1079
641: 1498
642: 2320 894
643: 2140
644: 1635 1234 936 848 828
645: 2600
646: 1977 1385 734
647: 1249 722 688
648: 1885
649: 2627
650: 2531 2277 1052
651: 697
652: 1767
653: 2640 2611 2420 1550 916 881
654: 1132 1084 840 787
655: 880
656: 2278 1627 987
657: 2169 1476 1028
658: 2574 986
659:
660: 1925 1583
661: 1814 724
662: 2710 2330 1520
663: 1279
664: 1859 1198 978
665: 693
666: 1432 752
667: 2670 2589 2004 1870 1805 1788 1591
668: 1216
669: 1721 1181
670: 2144 1881 943
671: 2200 756
672:
673: 2322 2188 1290 1068 870
674: 2693 2603 1418
675: 2543 1998 807
676: 1968 1717
677: 1136
678: 1499 791
679:
680: 1813 968
681:
682: 2317 1793 1619 1151 1133 858 850 811
683:
684: 2445
685: 2714 2491 1425
686: 1402 1369
687: 1878 1761 1339 1323 751
688: 1898
689:
690: 2155 1769 1569 1506 1359 901
691: 2423 1304
692: 1063
693: 1218 988 863
694: 1157
695: 1956 1401 876
696:
697: 2717 1074
698: 1908
699:
700: 1233 735
701: 1477
702:
703: 2675 1796
704: 869
705: 733
706:
707: 1050 797
708: 1174
709:
710: 945
711: 1130
712: 2349 762
713:
714: 2460 1033
715: 1910 1205 846 804
716: 2178 1650 1316
717: 1095
718: 849
719: 1789
720:
721: 2334
722:
723: 1792 1690 1275
724: 1523 843
725: 1562 1393 775
726: 2216 1944 1916 778
727: 2009
728: 918
729: 2067
730:
731:
732: 2559 2468 1337
733: 1141
734: 2082 1853 1612 1362
735: 1924
736: 2062 1740
737:
738:
739:
740: 2632 749
741: 1735 1626 966
742: 1746
743: 1572
744: 1522 1090 834
745: 1880 1842 1551 1524 1161
746:
747:
748:
749: 1284 1058
750: 1131
751: 2002 835
752: 1981 1065
753: 2310 1859 1770 1024
754: 1292
755:
756: 1596
757: 1854
758: 1676 788
759:
760: 1590 1540 1357 1313 776
761: 1017
762: 954
763: 841
764: 2643 857
765: 2715 2498 2117 1206
766:
767: 957
768: 1046
769: 1543
770: 1928 1732 1719 1376 977
771: 2096
772: 2446 1125
773: 2339 2274 1314
774:
775:
776: 907 809
777: 2408 1340
778: 2128
779: 1980
780:
781:
782: 933
783: 1648 1483
784:
785: 1647 1507 1287 831
786: 1251
787: 1677
788:
789:
790: 2689 1321
791: 994
792:
793: 1319
794:
795:
796: 2367 1798
797: 1059 879
798:
799: 1982 979
800: 2288 2103 1641 1062 864
801: 1219
802: 2640 2452 2420 1875 1264
803:
804: 1824 1423
805: 1224 1110
806: 2245
807: 2493
808:
809: 893
810: 2110
811:
812: 1700 1119
813: 2585 1604 922
814: 2132 1536
815: 2322 1852
816: 2052 868
817: 2236
818:
819: 2652 2136 2020 1618
820: 1518 938
821: 2512 1013
822: 1855 1672
823: 1005
824:
825: 2724
826:
827:
828: 1587
829: 1012
830: 1878 1761 997
831:
832: 1714
833: 1094
834:
835: 2686 1040
836: 1226
837:
838: 1682 1664
839: 939
840:
841: 2447 2417 952
842: 1415 865
843: 2020
844:
845:
846: 2656 2051
847: 2451 1863 1470
848: 2178 2156 959
849: 2334 2098 1294 1215 1137
850: 2450
851: 1301
852: 1203 892
853: 1367
854:
855: 1274 1081
856: 1369
857: 2455 1818
858: 1809
859:
860: 2411 1988 1422 1056
861: 2025 1994
862:
863: 1795
864: 2301 2066 1909
865:
866: 1101
867: 2134 1156
868: 2167 1884
869: 2691 1867 1670
870: 2272 967
871: 1500 1227
872:
873: 1802 1207
874:
875:
876: 2233 1971
877: 1469
878:
879: 2535
880:
881: 1280 1165
882: 1608 1542 950
883: 2671
884: 2672 1534
885:
886: 2345 1320 891
887: 1501 1397
888: 2042 971
889:
890: 1270 1178 1115
891: 2734 2448 1995
892: 2105 2064 1926 1204
893: 1015
894: 2311
895:
896: 2101
897: 1800 1577
898:
899:
900: 2301 1909
901: 1713
902: 2166
903: 2120 1637
904: 1266
905: 1579 1481
906: 2628
907: 2649
908: 1273
909:
910: 2341
911: 2733
912: 1567
913: 2706 1076 1025
914: 976
915: 1697
916:
917: 2114
918: 2027 1485
919:
920: 1070
921: 2127 1826 1581 1223 1113
922:
923: 1247
924: 2070 1381
925: 1801
926:
927: 935
928: 1653 1271
929: 981
930: 1004
931: 1725
932: 2267
933:
934: 1404 1356 1239
935: 1877
936: 1353
937: 1091
938:
939: 1346
940: 2463 1991 1545 1210
941:
942:
943: 2162 1434 1245 1166
944:
945: 1043
946:
947: 2556
948: 2436 1984 1851 1692 1494 1457
949: 2344
950: 963
951: 1196
952: 2268 1148
953:
954: 2607 2496 1902
955: 1471
956: 2489 1396
957: 1459
958: 2570 1820 1302
959: 2015 1724
960: 2263 1035
961: 1001
962: 1840 1358
963:
964:
965: 2008 1946 1749
966: 2592
967: 1180
968: 2190
969:
970:
971: 1535
972: 2319
973:
974:
975:
976:
977:
978: 1473
979:
980: 1465
981: 2087
982: 1821
983: 983
984: 2130
985: 1687
986: 1272
987: 1399 1022
988: 2000 1140 1111 1007 998
989: 2617 2364 1827
990:
991: 1882
992: 1338 1098 1038
993:
994:
995: 2269 1822 1006
996: 2698 1657
997:
998:
999:
1000: 1364
1001:
1002: 1938
1003:
1004: 1211
1005: 2422
1006: 1762
1007: 1559 1392
1008:
1009: 2451 1863
1010: 2517 1695
1011: 2189
1012: 2441 1027
1013: 1236
1014: 1310 1291 1194
1015: 1128
1016:
1017: 1164
1018: 1304 1195
1019: 1202
1020: 1656 1649
1021: 1116
1022: 1172
1023: 2639
1024: 2224 1283
1025:
1026: 1606 1083
1027: 1217 1034
1028: 2431 2343 2081 1606 1461
1029: 2408
1030:
1031: 2601 2383 1786 1339 1323
1032: 1372
1033: 2279
1034: 1645
1035: 2244 1883 1444
1036: 2338 1804
1037: 1134
1038: 2598 2506
1039:
1040: 2547
1041: 1518
1042:
1043:
1044: 1805 1591
1045: 2718
1046:
1047:
1048: 2255 1104
1049: 1971
1050:
1051:
1052:
1053: 1528
1054:
1055:
1056:
1057: 2611 1550
1058:
1059: 1439
1060: 1736 1684
1061: 1129
1062:
1063: 1421 1309
1064:
1065:
1066:
1067: 1744
1068: 2576
1069: 2309 1582 1328
1070: 1135
1071: 2029 1668 1414
1072: 2448
1073: 2217 1823 1446
1074:
1075:
1076: 2071
1077: 1788
1078: 1156
1079: 2452 1875
1080: 2038 1230
1081:
1082: 1276
1083:
1084: 1860
1085: 1167
1086: 2661 2642
1087: 1755 1451 1235
1088: 2686 1281
1089:
1090: 2640 2420
1091: 2242 1951 1936
1092: 1508
1093: 1825 1722
1094:
1095:
1096: 1651 1360
1097:
1098: 1900 1623
1099: 2473
1100: 1747
1101: 1939
1102: 2405 1387 1312
1103: 2207 1409 1201 1088
1104: 2619 2609 2351 2268 1588
1105: 1927
1106: 2711 2416
1107: 1487
1108: 2035
1109: 2664 1893 1611
1110: 1170
1111: 1504
1112:
1113: 2112 1919
1114: 1783
1115: 2119
1116: 2392
1117:
1118: 2633 1311
1119: 2425
1120: 2605 1285
1121:
1122:
1123: 1448 1253
1124: 2292 2030
1125: 2303 2197
1126:
1127: 1830
1128:
1129: 2661
1130: 2587 1811
1131: 1913
1132:
1133: 1293
1134:
1135:
1136: 1984 1851
1137: 2388
1138:
1139: 2653 2084 1408
1140:
1141:
1142: 1455 1238
1143:
1144:
1145: 1214
1146: 2199
1147:
1148: 1701 1246
1149: 1615
1150: 2581 1306 1185
1151: 1495
1152: 2224
1153: 1171
1154:
1155: 1175
1156:
1157: 2390 2297 1163
1158: 2467 1351
1159: 1582
1160:
1161:
1162: 2247 2086
1163:
1164:
1165: 2219
1166:
1167: 1232
1168:
1169: 2353
1170: 2372
1171: 1687
1172: 2490 1375
1173:
1174: 2241
1175: 2316 1322
1176: 2361 2095
1177: 1957
1178: 2660 2036
1179: 1240
1180: 2581 2252 2152
1181: 1738
1182: 2607 2496 1902
1183: 1257
1184: 2628 1334 1258
1185: 2178 2144 2129 1709 1650 1316
1186: 1903
1187: 2129 1709
1188: 2585 1829 1604
1189: 1241
1190: 1489
1191: 1602
1192: 2670 2589 2235
1193: 1411
1194:
1195: 2351
1196:
1197: 2430 2389
1198: 1753 1513
1199:
1200:
1201:
1202: 1228
1203: 2608 2286 1849
1204:
1205:
1206:
1207:
1208:
1209:
1210:
1211:
1212: 1792 1690
1213: 2398 2222 2060
1214:
1215: 2298 1540 1357 1305
1216:
1217:
1218: 2212 1964 1497 1329
1219: 1639
1220: 1619
1221: 2338
1222: 1809 1296
1223: 1391
1224: 1739
1225:
1226: 2680 2514 2169
1227: 1832
1228: 1884 1220
1229:
1230:
1231: 1261
1232: 2550
1233: 2682 2415
1234: 1493
1235: 2312 1412
1236:
1237:
1238:
1239: 1544
1240:
1241: 2647
1242:
1243:
1244:
1245:
1246:
1247: 1979 1557
1248: 2419 1466
1249: 1945 1556
1250: 2720 2631 1300
1251: 2476
1252: 1894
1253:
1254: 1817 1632
1255: 2323
1256: 2097
1257: 2369
1258:
1259: 1659
1260:
1261: 2635 2265
1262: 1373
1263:
1264: 1995
1265: 2232 2153
1266: 2737
1267:
1268: 2198 1781
1269:
1270: 2464
1271:
1272: 1318
1273:
1274: 1873 1654
1275: 2475
1276: 2221
1277:
1278:
1279: 2157 1610
1280: 2684
1281:
1282: 1410
1283: 1324
1284:
1285:
1286:
1287:
1288: 2526 2044
1289: 2294 1771
1290:
1291: 2649 1729
1292:
1293:
1294: 1429
1295: 2563 1655
1296:
1297: 2352 1868
1298:
1299: 1889
1300: 1879
1301: 1350
1302:
1303: 1472
1304:
1305:
1306: 1484 1384
1307: 2231 2211
1308:
1309: 2645 1679
1310: 2575
1311: 1368
1312: 1836
1313: 2216 1944
1314: 1449
1315:
1316:
1317: 1965 1529
1318: 2696
1319:
1320: 1857 1511
1321: 2449
1322:
1323: 2613 1330
1324:
1325: 1386
1326: 2471 1355
1327: 2709
1328:
1329:
1330:
1331:
1332: 1765
1333:
1334: 2166 1594
1335:
1336: 1688
1337: 2121
1338:
1339:
1340: 2571
1341:
1342: 2116
1343: 1670
1344: 2088
1345: 1864
1346:
1347:
1348:
1349:
1350:
1351: 1779
1352: 1787
1353:
1354: 2232 2172 2153 1680
1355: 1689
1356:
1357: 2398
1358: 2011
1359: 2118
1360:
1361: 1652
1362:
1363:
1364: 1949 1850 1806
1365: 1371
1366: 2140
1367: 1617
1368:
1369:
1370:
1371: 2041
1372:
1373:
1374:
1375: 2329
1376: 1839
1377: 2047
1378:
1379:
1380: 2494
1381:
1382: 1773
1383:
1384:
1385: 2176 2173
1386: 2352 1868
1387: 1901
1388: 2371 1733 1561
1389: 2676 2379
1390:
1391:
1392: 1791
1393: 2688
1394: 1437
1395: 2172 1515
1396: 1400
1397:
1398: 1531 1530
1399:
1400:
1401:
1402:
1403: 1969 1413
1404: 1959 1525
1405: 1406
1406: 2672 1935
1407: 1447
1408:
1409: 1708
1410:
1411:
1412:
1413:
1414:
1415: 2704
1416:
1417:
1418: 1658 1548
1419: 2645 1691 1679 1546
1420: 2005
1421:
1422:
1423:
1424:
1425: 1949
1426: 2337
1427: 2741 2650
1428: 2270
1429:
1430:
1431: 2192 1660 1554
1432: 2513
1433: 1999 1526
1434: 2243
1435: 2203
1436:
1437: 2643
1438: 2581
1439: 2013 1862
1440: 1759
1441: 2336
1442: 1812
1443:
1444:
1445: 2150
1446:
1447:
1448:
1449:
1450: 1757
1451: 2187
1452: 2591
1453: 2483 2251 1622
1454: 2181 2050
1455:
1456:
1457: 2428 1915
1458: 1464
1459: 2331 1914
1460: 1907
1461: 1636
1462: 1819 1509
1463: 2686
1464:
1465: 1810
1466:
1467:
1468: 2553
1469:
1470:
1471: 2647
1472: 1731
1473:
1474: 2604
1475: 2656
1476:
1477: 1640
1478:
1479: 2432
1480:
1481:
1482: 2351
1483:
1484: 2703
1485: 2612 2427
1486: 2308
1487:
1488: 2575 1539
1489:
1490: 2361
1491: 2443
1492:
1493:
1494: 2625
1495: 1720
1496:
1497: 1715
1498:
1499:
1500: 1547
1501: 1992
1502: 2511
1503: 2650
1504: 2634
1505: 2429 1673
1506:
1507: 2290
1508:
1509:
1510: 2366
1511:
1512:
1513:
1514:
1515: 2282 2061 1816
1516:
1517:
1518: 1752
1519:
1520: 2559 1575
1521: 2679 2636 1642
1522: 1921
1523:
1524:
1525: 2108
1526:
1527:
1528:
1529:
1530: 2193
1531: 1565
1532:
1533:
1534:
1535: 2254
1536: 2466
1537:
1538: 2230
1539:
1540:
1541: 1663
1542: 2402
1543: 2626 2479
1544:
1545: 2501 2416
1546:
1547: 2321 2271 2026
1548: 2133 1643
1549:
1550:
1551: 2151 1662
1552: 1745
1553:
1554: 1778
1555:
1556:
1557:
1558:
1559:
1560:
1561:
1562:
1563: 1847
1564:
1565:
1566: 2616
1567: 2093 1933
1568:
1569:
1570: 1707
1571:
1572:
1573:
1574: 2728
1575: 2266
1576:
1577:
1578:
1579: 1760
1580: 2106
1581:
1582: 2075 1674
1583: 1934
1584:
1585:
1586:
1587:
1588: 2375
1589: 2146
1590:
1591: 2065
1592:
1593:
1594:
1595:
1596:
1597: 2694
1598:
1599:
1600:
1601: 2713 1666
1602:
1603:
1604: 2437 1844
1605: 2739 2385 2077
1606:
1607:
1608:
1609: 2632
1610: 2621 2109 2043 1974
1611:
1612:
1613: 1891
1614: 1953
1615:
1616: 1794
1617:
1618:
1619: 2307
1620: 2454
1621: 2521
1622: 1686
1623: 2618 1620
1624:
1625: 1774
1626:
1627:
1628:
1629:
1630:
1631: 2662
1632: 1775
1633:
1634:
1635: 1899
1636: 2067
1637:
1638:
1639: 2313
1640: 2302 1966 1772
1641:
1642: 2128
1643: 1865
1644:
1645:
1646: 2016
1647:
1648: 1808
1649:
1650:
1651: 1685
1652:
1653: 1846
1654: 1892
1655:
1656:
1657:
1658: 2059
1659:
1660: 2253
1661:
1662:
1663: 2231
1664: 2377
1665:
1666:
1667: 2058
1668:
1669:
1670:
1671: 2525
1672:
1673: 2356
1674:
1675: 1741
1676:
1677:
1678:
1679: 2275
1680:
1681: 1930
1682:
1683:
1684:
1685: 1985
1686:
1687: 1751
1688:
1689:
1690:
1691:
1692:
1693:
1694: 2648
1695: 1702
1696: 2111
1697: 2353
1698:
1699: 2049
1700: 2239
1701: 2578
1702: 1790
1703:
1704:
1705:
1706:
1707: 1750
1708:
1709: 2736 2421 2102
1710:
1711:
1712: 2172 1866
1713: 2082 2000
1714:
1715:
1716: 2059
1717:
1718:
1719: 2006
1720: 2507 2433
1721: 2527 2355
1722:
1723: 2461
1724:
1725: 1931
1726:
1727:
1728:
1729: 2674
1730:
1731: 2515
1732:
1733: 1780
1734:
1735: 2353
1736:
1737: 2137
1738: 1803
1739:
1740: 2562
1741:
1742:
1743:
1744: 2158 2149
1745: 2435
1746: 2634
1747: 2240
1748:
1749:
1750:
1751:
1752: 2665 2249 2079
1753: 2644 2518 2351
1754:
1755: 1978
1756: 1764
1757:
1758: 2691
1759: 2205
1760:
1761:
1762:
1763:
1764:
1765: 1815
1766:
1767:
1768:
1769: 1871
1770: 2360
1771:
1772:
1773:
1774:
1775:
1776: 2076
1777:
1778:
1779:
1780:
1781: 2099
1782: 2722
1783: 2007
1784:
1785:
1786:
1787:
1788:
1789:
1790: 1906
1791: 2125
1792:
1793:
1794:
1795:
1796:
1797: 2342
1798:
1799: 2739
1800: 2276
1801:
1802:
1803:
1804: 2333 1869
1805: 2073 1834
1806:
1807: 2534 2160
1808: 2500
1809: 2124
1810:
1811:
1812:
1813:
1814: 2560
1815: 2495
1816:
1817:
1818: 2568
1819:
1820:
1821:
1822:
1823: 2497 2458 1858
1824:
1825: 2289
1826:
1827: 2250
1828:
1829:
1830:
1831:
1832:
1833: 1951 1936
1834:
1835:
1836: 2426 2404 2165
1837:
1838:
1839:
1840:
1841:
1842:
1843:
1844:
1845:
1846: 2346
1847:
1848:
1849:
1850: 2623
1851:
1852:
1853: 2472
1854: 2376 2185
1855:
1856:
1857:
1858: 2107
1859: 2213
1860:
1861: 2262
1862: 2304 2021
1863:
1864:
1865:
1866: 1920
1867:
1868:
1869: 2283
1870:
1871:
1872:
1873:
1874: 2092
1875: 2707
1876: 2131
1877: 2633
1878:
1879:
1880:
1881: 2170
1882:
1883:
1884:
1885:
1886: 2702
1887:
1888: 1990
1889:
1890: 2332 2063
1891:
1892:
1893: 2499
1894:
1895:
1896:
1897: 1993
1898: 2017
1899:
1900:
1901:
1902:
1903:
1904: 1948
1905: 2066
1906:
1907:
1908:
1909: 2126
1910:
1911: 2735
1912:
1913:
1914: 2257
1915: 2673 2012
1916:
1917:
1918:
1919:
1920: 2359
1921:
1922: 2474
1923:
1924: 2091
1925:
1926:
1927:
1928:
1929:
1930:
1931:
1932: 2522
1933:
1934:
1935: 2407
1936:
1937: 2238
1938:
1939:
1940:
1941:
1942:
1943:
1944:
1945: 2400
1946:
1947:
1948: 2039
1949:
1950: 2184
1951:
1952:
1953:
1954:
1955:
1956:
1957: 2393
1958:
1959:
1960:
1961: 2163
1962: 2145
1963:
1964:
1965: 2622
1966:
1967:
1968:
1969:
1970:
1971:
1972:
1973: 2135
1974:
1975: 2716
1976:
1977:
1978:
1979: 2057
1980: 2566 2123
1981: 2143
1982:
1983:
1984:
1985:
1986:
1987:
1988:
1989:
1990: 2206
1991: 2186
1992: 2291
1993:
1994:
1995:
1996:
1997:
1998:
1999: 2227
2000: 2723 2161 2094
2001:
2002:
2003: 2328 2147
2004:
2005:
2006:
2007:
2008:
2009:
2010:
2011:
2012:
2013:
2014:
2015: 2705
2016:
2017: 2223
2018:
2019:
2020: 2523
2021:
2022:
2023:
2024:
2025: 2727
2026:
2027:
2028: 2508
2029:
2030: 2722 2141
2031:
2032:
2033:
2034:
2035: 2631 2218
2036:
2037:
2038: 2594
2039:
2040: 2486
2041:
2042:
2043:
2044: 2513
2045:
2046: 2603 2179
2047:
2048:
2049:
2050:
2051:
2052:
2053:
2054:
2055: 2484 2228
2056:
2057: 2492
2058: 2583 2208
2059: 2552
2060:
2061:
2062:
2063:
2064:
2065: 2598 2506
2066:
2067:
2068: 2384
2069:
2070:
2071:
2072:
2073: 2195
2074:
2075:
2076: 2546 2171
2077:
2078:
2079:
2080: 2721 2701
2081:
2082:
2083: 2410 2324
2084:
2085: 2180
2086: 2273 2174
2087:
2088:
2089:
2090:
2091: 2485
2092:
2093:
2094:
2095:
2096: 2327
2097: 2401
2098:
2099:
2100:
2101:
2102:
2103: 2690
2104:
2105: 2439
2106:
2107:
2108:
2109:
2110:
2111:
2112:
2113:
2114:
2115:
2116:
2117: 2276
2118:
2119:
2120:
2121:
2122:
2123:
2124:
2125:
2126: 2586
2127:
2128:
2129:
2130:
2131: 2280
2132:
2133:
2134:
2135:
2136:
2137:
2138:
2139:
2140:
2141:
2142:
2143:
2144:
2145:
2146:
2147:
2148:
2149: 2300
2150:
2151: 2688
2152:
2153:
2154: 2542
2155:
2156:
2157:
2158:
2159: 2284
2160:
2161:
2162: 2358
2163:
2164:
2165:
2166:
2167:
2168:
2169:
2170:
2171:
2172:
2173: 2659 2438
2174:
2175:
2176:
2177: 2225
2178: 2549
2179:
2180:
2181:
2182:
2183:
2184:
2185: 2502
2186:
2187: 2577
2188:
2189:
2190:
2191:
2192:
2193:
2194:
2195:
2196: 2399
2197:
2198:
2199:
2200:
2201:
2202:
2203: 2532
2204:
2205:
2206:
2207:
2208:
2209:
2210:
2211: 2409
2212:
2213:
2214:
2215:
2216:
2217:
2218:
2219:
2220:
2221:
2222: 2259
2223: 2615
2224:
2225:
2226:
2227:
2228:
2229: 2719
2230: 2602
2231:
2232:
2233:
2234:
2235:
2236:
2237: 2554
2238:
2239:
2240:
2241:
2242: 2385
2243:
2244: 2657
2245:
2246:
2247:
2248:
2249: 2390
2250:
2251:
2252:
2253: 2509
2254:
2255:
2256:
2257:
2258: 2700
2259:
2260:
2261:
2262:
2263:
2264:
2265:
2266: 2646
2267:
2268:
2269: 2614
2270:
2271:
2272:
2273:
2274:
2275:
2276:
2277: 2580
2278:
2279: 2462
2280:
2281: 2548
2282:
2283:
2284:
2285:
2286:
2287:
2288: 2541
2289:
2290:
2291:
2292:
2293:
2294:
2295:
2296:
2297:
2298:
2299:
2300:
2301:
2302:
2303: 2444
2304:
2305:
2306:
2307:
2308:
2309:
2310:
2311: 2732
2312: 2637
2313:
2314: 2516
2315:
2316: 2470
2317:
2318:
2319: 2538 2434
2320:
2321:
2322:
2323: 2478
2324:
2325:
2326:
2327:
2328: 2669
2329:
2330: 2544
2331: 2396
2332:
2333:
2334:
2335:
2336: 2567
2337:
2338:
2339:
2340:
2341: 2579
2342: 2638
2343:
2344:
2345:
2346:
2347:
2348:
2349:
2350:
2351:
2352:
2353:
2354:
2355:
2356:
2357:
2358:
2359:
2360:
2361:
2362:
2363: 2406
2364: 2565
2365:
2366:
2367:
2368:
2369:
2370:
2371:
2372:
2373:
2374:
2375:
2376:
2377:
2378:
2379:
2380:
2381:
2382: 2678
2383: 2482
2384:
2385: 2487
2386:
2387:
2388: 2726 2530
2389:
2390:
2391:
2392:
2393:
2394: 2695 2667
2395:
2396:
2397:
2398:
2399: 2732
2400:
2401:
2402:
2403:
2404:
2405:
2406:
2407:
2408:
2409:
2410: 2593
2411:
2412:
2413:
2414:
2415:
2416:
2417:
2418:
2419:
2420:
2421:
2422: 2668 2599
2423: 2528
2424:
2425:
2426:
2427:
2428:
2429:
2430:
2431:
2432:
2433:
2434:
2435:
2436: 2572
2437:
2438:
2439: 2545
2440:
2441:
2442:
2443:
2444:
2445:
2446:
2447:
2448:
2449:
2450:
2451:
2452:
2453: 2630
2454:
2455:
2456:
2457:
2458:
2459:
2460:
2461:
2462:
2463:
2464: 2692
2465:
2466:
2467:
2468:
2469:
2470:
2471:
2472:
2473:
2474:
2475:
2476:
2477:
2478:
2479:
2480:
2481:
2482:
2483:
2484:
2485: 2725
2486:
2487:
2488:
2489:
2490:
2491: 2687
2492:
2493:
2494: 2557
2495:
2496:
2497:
2498:
2499:
2500:
2501:
2502:
2503:
2504:
2505:
2506:
2507:
2508:
2509:
2510:
2511:
2512:
2513:
2514:
2515: 2582
2516:
2517:
2518:
2519:
2520:
2521:
2522:
2523: 2677
2524:
2525:
2526:
2527:
2528:
2529:
2530:
2531:
2532:
2533:
2534:
2535:
2536:
2537: 2729 2681
2538:
2539:
2540:
2541:
2542:
2543:
2544:
2545:
2546:
2547:
2548:
2549:
2550:
2551:
2552:
2553:
2554:
2555:
2556:
2557:
2558:
2559:
2560:
2561:
2562:
2563:
2564:
2565:
2566:
2567:
2568:
2569:
2570:
2571:
2572:
2573:
2574:
2575:
2576:
2577:
2578:
2579:
2580:
2581:
2582:
2583:
2584:
2585:
2586:
2587:
2588:
2589:
2590:
2591:
2592:
2593:
2594:
2595:
2596:
2597:
2598:
2599:
2600:
2601:
2602:
2603:
2604:
2605:
2606:
2607:
2608:
2609:
2610:
2611:
2612:
2613:
2614:
2615:
2616:
2617:
2618:
2619:
2620:
2621:
2622:
2623:
2624:
2625:
2626:
2627:
2628:
2629:
2630:
2631:
2632:
2633:
2634:
2635:
2636:
2637:
2638:
2639:
2640:
2641:
2642:
2643:
2644:
2645:
2646:
2647:
2648:
2649:
2650:
2651:
2652:
2653:
2654:
2655:
2656:
2657:
2658:
2659:
2660:
2661:
2662:
2663:
2664:
2665:
2666:
2667:
2668:
2669:
2670:
2671:
2672:
2673:
2674:
2675:
2676:
2677:
2678:
2679:
