1: 2105 348 11 5 1
2: 2179 658 646 159 58 45
3: 2331 1848 476 277 190 162 100 41 38 34 12 9
4: 2464 2005 440 242 236 85 68 25 6 4 2
5: 210
6: 1618 1157 828 823 576 556 56 20 8 7 3
7: 1227 138 69 44
8: 2073 1965 1330 708 360 183 151 63 15
9: 509 61 57 30
10: 2426 2323 1126 1051 783 600 568 566 454 433 402 312 235 199 92 47 31
11: 2426 2418 2323 1734 1545 1126 865 416 400 313 283 278 235 47 10
12: 1404 527 427 359 237 165 158 67 35 13
13: 2538 594 50 23 21
14: 2196 2135 2100 1789 1438 1097 770 495 451 435 249 119 114 96 54 18 14
15: 2334 1737 1118 317 24
16: 1764 1491 1140 733 412 301 172 82 36 29 28
17: 260 166 32
18: 1601 298 168 102 40
19: 1548 1190 1052 1048 920 737 616 308 270 258 205 202 154 126 80 37
20: 2619 1411 966 620 174 148 17 16
21: 2759 902 233
22: 1677 1620 1412 448 330 290 19
23: 1494 783 600 566 132 107 104 94 43 27 26 22
24: 2771 961 880 358 145 83
25: 2728 2620 1222 1219 1164 1010 855 76
26: 2458 2329 2042 1995 1824 1798 1619 1543 1406 1337 1195 1047 379 337 268 131
27: 993 389 79 46
28: 2489 592 462 388 335 48
29: 60
30: 568 433 312 224 92
31: 1220 1116 1036 942 835 260 166 75 42
32: 2088 1958 1300 484 77 49 39 33
33: 2598 2517 1762 1231 1046 924 878 686 683 634 510 117 72
34: 1733 1489 1232 1144 1080 1069 845 735 688 667 611 446 106
35: 2599 1889 1847 1785 1659 1198 990 962 877 859 740 731 601 565 430 91 88
36: 2779 718 638 469 354 160 112 108
37: 2543 2454 2327 2087 2003 1983 1920 1685 1507 1274 1210 1108 760 723 383 342 304 81 65 53 52
38: 1274 723 304 248 65 52
39: 2706 2162 2060 1496 1451 864 779 480 467 291 194 59
40: 2035 1411 966 620 559 467 320 194 174 148 111 51
41: 2003 1108 838 472 342
42: 486
43: 2664 2598 2485 2374 1483 924 683 510 204 124 110 62
44: 656 363 325 296 153 141 134 73 55
45: 2538 2121 2085 594 436 353 262 240 164
46: 2364 1880 1865 1321 1050 311 284 201 150 136 64
47: 2782 2427 2251 2250 1536 937 849 629 545 508 426 123 70 66
48: 122 101 71
49: 2462 810 577
50: 2716 1123 1119 837 431 268 131 115
51: 2561 863 571 391 359 237 105 99 90
52: 2799 1451 1013 863 571 391 328
53: 935 520 392 288 253 98 93
54: 1969 1817 1603 787 554 405 129 103
55: 2334 1764 1737 1663 1491 1140 1118 971 733 694 412 351 324 317 301 274 193 144
56: 224
57: 1091 996 885 229
58: 2454 2087 1983 1201 883 415 303 292 130 113
59: 1124 1085 225 121
60: 2716 1813 1123 1119 837 655 578 431
61: 1618 823 535 230 211 140
62: 2617 1201 465 152 74
63: 2175 595 178
64: 1521 1479 1359 689 403 321 78
65: 944 196 137 118
66: 2396 761 638 446 280 251
67:
68: 1376 742 644 299 264 147
69: 1734 1545 234 179 89 87
70: 1072 1054 316 86 84
71: 659 515 410 338
72: 142 97
73: 2155 186 185
74: 2124 1116 942 798 157 135 125
75: 351 324 139
76: 362 95
77: 2325 404 156
78: 2501 1522 1373 1201
79: 1647 776 356
80: 1177 736 680 639 361 241 171
81: 169 149 127
82: 639
83: 383 266
84: 2538 2460 1265 109
85: 2495 1354 1298 362 182 177 155
86: 1553 259 219 170
87: 2801 1398 649 306 143
88: 476 277 223 200 187 176
89: 2418 1715 1686 946 865 416 414 400 213
90: 1929 1156 246
91: 2629 2565 2373 2253 1935 1639 1242
92: 2496 943 606 346
93: 1489 1232
94: 1334 895 711 669 514 250 191 116
95: 2249 2132 1240 1129 808 376 220
96: 464 184
97: 2757 1887 1781 894
98: 2557 1999 666 322 239 175 133
99: 165
100: 2361 2040 1965 1655 989 329 297 120
101: 2497 2382 1978 189
102: 1525 612
103: 261
104: 2575 245 238
105: 2688 1984 1899 461 271 265
106: 2490 1767 1338 1023 340
107: 2268 2082 492 396
108: 1347 702 671 212
109: 2192 1879 1736 1325 1094 701 181 128
110: 2765 2545 2475 2124 2122 730 590 269
111: 1427
112: 2198 390 374 208
113: 1434 216
114: 1782 1697 692 562
115: 1258 1052 1048 920 737 214 180 146
116: 195
117: 1996 1699 753 161
118: 1574 897 274
119: 946 414
120: 1758 890 853 522 504 439 163
121: 1909 1565 227
122: 2548 1165 543 206
123: 1785 1659
124: 2011
125: 1907 1739 1451 1335 1013 597
126: 2701 2102 1953 1424 1276 650 645
127: 1893 1862 1587 1192 502 488 350 336
128: 2042 1490 1173 379 337
129: 1231 686 634
130: 882 518 501
131: 2047 1647
132: 479 357
133: 1994 1585 1246 398 370 228
134: 2506 385 209
135: 2340 1155 583 188
136: 2189 1016 386 167
137: 2319 1965 1949 1500 1124 1097 1085 768 722 708 452 425 360 305 254 225
138: 1293 637 401 198 173
139: 2662 1987 1508 1383 908 826 816
140: 2304 1762 1087 1046 878
141: 2543 2327 1685 1507 760 218
142: 2293 2073 1649 1600 1330 540 382
143: 2243 1572 884 217 203
144: 2151 1897
145: 1647 859 776 740 565 430 310
146: 1089 681 429
147: 1451 1081 1013 950
148: 2233 1148
149: 1981 1748 1599 662 295 257
150: 1453 900 243 197
151: 1039 893 215 192
152: 1671 625
153: 1451 1013 752
154: 2625 2527 1872 1005 660 549 252
155: 406
156: 411 207
157: 2037 892
158: 2643 2497 1977
159: 1243
160:
161: 2293 1649 1600 540
162: 2792 2155 1967 1610 1494 1210 928 909 275
163: 985 443
164: 2799 328
165: 2337 2028 221
166: 1429 619 437 315 226
167:
168: 1097 490 305
169: 397
170: 1408 319
171: 673 380
172: 2733 1145 904 756 695 286 282 272 244
173: 2592 1684 474 441 318
174: 2634 2419 2170 1584 1583 1392 307
175: 1904 384
176: 2508 1780 1339
177: 1051 289
178: 1980 422 418 255 231
179: 2145
180: 2505 1518 647 539 536 302
181: 2580 1853
182: 2035 559 320
183: 384
184: 974
185: 2192 1736
186: 491 285
187: 2505 2158
188: 2153 1369 523
189: 2501
190: 1902 911 605 256
191: 1952 1213 546
192: 2397 2295 1511 314 232
193: 1909 1565 1216 276
194: 1981 1224 1180
195: 806 794 511 273 222
196: 2779
197: 2083 1247 1078
198: 2396 2010 761 251
199: 2250 1553 1536 1282 1268 801 764 641 458 453 373
200: 687
201: 313
202: 2387 1316 929 558 267
203: 1065 800 703 419
204: 2590 1919 1223 636
205: 1714
206: 1692 1363
207: 2278 529
208: 1532 736
209: 2205 921 247
210: 895 669 514
211: 615 497 424
212: 1187 743 500
213: 2580 2117 1858 1411 999 966 620
214: 2558 2101 1733 1144 824 667 628 449
215: 2084 1061 263
216: 1662 1003 651 552 341
217: 2475 2052 1661 1503 590 531
218: 851 423
219: 2664 2485 1483
220: 572 551
221: 990 877 281
222: 912 367
223: 840 544
224: 2662 2402 2205 1987 1186 1069 845 793 331
225: 2452 2029 279
226: 2291 2219 1611 1066
227: 2119 1860 1191 533 309 300
228: 2652 2037 1643 892 347
229: 2431
230: 2418 1301 865 512 416
231: 2493 905 829
232: 294
233: 1746 1176 852 813 782
234: 1381 572 551
235: 1263 447
236: 1212 532 287
237: 1825 1184 1073 489
238: 2185 355
239: 2161 1884
240: 1995 1767 1543 1406 496 460
241: 2629 1210 1094 505
242: 2083 2034 1247 921
243: 2421 901
244: 334
245: 1168 481 444
246: 783 600 566 323
247: 1859 1367 1088 777 560 344
248: 1187 1004 874 826 816 743 500
249: 1484
250: 2690 2286 1902 1858 1820 1418 1201 910 415 303
251: 2263 1894 1653 1632 1266 369 333 332 327
252: 738 652 598
253: 2625 2527 1005 660 293
254:
255: 2456 1732
256: 1859 560
257: 2762 2264 1198
258: 1602 1340 617 573 475 394
259: 1644 827 712
260: 1094 682 548 339
261: 1576
262: 2047
263: 1800 1718 1606 1090 769 744 691
264: 1813 655 578
265: 2366 1764 1491 1140 844 733 365
266: 473
267:
268: 1868 1790 1163 796 482
269: 2546 2364 1321 972 870
270: 1615 1371 1067
271: 1887 409
272: 2044 1175 831 477 381
273: 788
274: 345
275: 2729 2172 582
276: 2299
277: 2376 1776 393
278: 2539 2348 2113 1515 1081 950 413
279: 2579 1875 1784 1505 1201
280: 343
281: 2619 2268 2082
282: 1707 903 705
283: 407
284: 2371 395
285: 2701 2458 1798 1411 1276 1195 1102 966 898 719 620 550 542 464
286: 2338 1872 1309 933 912
287: 1934 1478 923 378
288: 2016 421
289: 1694 1372 889 494
290: 1511
291: 1677
292: 1889
293: 1591 1079 326
294: 564
295: 1421 765 599 377
296: 2617
297: 2407 940 366
298: 1494 726 516 442
299: 2680 1827 1500 722 452 364 349
300: 1177 490
301: 2728 1810 1010 855 485 417 399
302: 2250 1536 629 545 508 426
303: 2426 2323 2079 1834 1823 1689 1126
304: 732
305:
306: 1004 874 530 528
307: 926 879
308: 2768 1753 1717
309: 2246 2049 2037 1629 892 637
310: 2460 1265
311: 1690 992 570
312:
313: 1997 1500 818 747 722 452
314: 2049 450
315: 2553 2270 1351 728 517
316: 1718 1680 352
317:
318: 2196 2135 1789
319: 2792 1967 871
320: 445
321: 1104
322:
323: 2255 1896 1829 1752 1501 534
324: 2733 372
325: 2341 2083 1544 1247 547
326: 2325 1341
327: 2758 2635 991 773
328: 1719 955 887 839
329: 2072
330: 1743 954 586
331: 2296 2241
332: 1753 1717 984 956
333: 455
334: 1288
335: 972
336: 1194 1182
337: 1508 908 618 375
338: 2158 1528 810 577 368
339: 1827 685
340: 1574
341:
342: 2031
343: 2628 2585 1287 697 589
344: 2249 2073 1330 1240 808
345: 897 602 525
346: 627 459
347: 1840 1577 938
348: 2389 1413 1343 1183 371
349: 1509 608
350: 1065 800 703
351: 2509 1250 977
352: 2187 693 506
353: 2444 1965 795
354: 1205 1105
355: 1522 1373 553
356: 1524 1449 959 519
357: 1367
358: 1272 1202 721
359: 1384 758 581
360: 2411 841 526
361: 1368
362: 1169 387
363:
364: 2286 1820
365: 654 420
366: 1691
367: 1708
368: 2343 741 408
369: 596
370: 2701 1276 1102 898 542
371: 2709 569 456
372: 2194 2188 1024
373:
374: 1043 980 428
375: 2633 1475 1344 1328
376: 2185 1293
377: 1080 735 688 611
378: 2399
379: 1996 753 622
380: 952
381: 1608
382: 2197 1745
383: 2354 1903 1279 759 727 499 483
384: 2632 1673 1664 1044 791 626
385:
386: 1103 967 538
387: 1470 945
388: 866
389:
390: 2069 1631
391: 1255
392: 2458 1798 1195 719 550
393: 1675 970 857 457
394: 939 930
395: 2744 1338 1264
396: 1806 714
397: 1997 1073 818 747
398: 2025 547 468
399: 567 478
400: 2679 1546 607 470
401: 2489 750 524
402: 2275 1009
403:
404: 2298 1857
405:
406:
407: 2001 872
408: 2753 2715
409: 2389 2291 2219 1484 1413 1343 749 579
410: 2644 609
411: 838
412: 704
413: 1370 870
414: 2628 2489 1982 1568 1435
415: 843 513 493
416: 2364 932 614 593 503
417: 2634 1218 738 677
418: 1612 466
419: 982
420: 434
421: 1541 1029 438
422: 1836 541
423: 2758 2635 2255 2249 1767 1501 1240 1183 1007 991 822 808 773
424: 2733 2419 1929 1584 1583 1156 584
425: 2001 872 463
426: 1465 471
427: 821
428: 2407 2198
429: 603 561 432
430: 1666 1634 1524 1449 717
431: 1438 934
432: 1573 1196
433: 2494 2173 1479 1359
434: 1872
435: 1019 575
436:
437: 1824 585
438: 785
439: 2461 1417
440: 2699 2214 906 507
441: 2215
442: 2793 2681 2478 1949
443: 2774 2518 2450 1510
444: 2328 1976
445: 1120 557
446: 2313
447:
448: 954
449: 1661 1503 690
450: 2402 1186 969 793
451: 1791 1096
452: 1485 1458
453: 1258 809
454:
455: 2470 1799
456: 836
457: 856 498
458: 1278
459: 1492 1414 1094
460: 2308 752
461: 2759 2154 1990
462: 2509 2037 1103 967
463: 2580
464: 2415 1604 834
465: 1460
466: 1652 1086
467:
468:
469: 2384 2187 1185
470: 1738 700
471: 1825 1184 487
472:
473: 757
474: 969
475: 2106
476: 2177 1725 1498 630
477: 2740 778 563
478: 1237
479: 1490 815 763 633
480:
481: 1788
482: 2155 1610 928 591
483:
484: 1915 914 724
485: 1317 1221 958
486: 2726
487:
488: 2221 1721 653
489: 2709
490:
491: 1315
492: 2228 1835 792
493: 1278 623
494: 2444 1467 1159 1132
495: 2802 1855 755 748
496: 1427
497: 2279 1462 1235 804
498: 2509 918 613
499: 774
500: 1443 751
501: 983 868
502: 2265 1613 867
503: 2269 2234 2119 1860 1191 979
504: 2490
505: 1719 955 521
506: 2164 1385 698
507: 2170 1392 944 604
508: 999 631 574
509:
510: 1220 1036 835 715
511: 684
512: 1527
513: 2571
514: 2586 948
515: 2571 2430 709
516: 640
517: 2743 2131 537
518: 678
519: 2311 1627 805
520: 2431 1110
521:
522: 2139 1917 1611
523: 2689 2621 2437 1723 1535 1459 1289
524: 2534
525: 875 648
526:
527: 1766
528: 2136 1754 1704 1294 621
529:
530: 1387 927 814
531: 1397
532: 2321 2203 2158 1681 1288 1271 789 674
533: 1064 891 555
534: 2010 797 661
535: 2565 2253 1273 1143 812
536: 1474
537:
538: 2329 1619 1337 1047
539: 2378 1716 988
540:
541: 2676 716 675
542: 1383
543: 1706 848 781
544: 1929 1156
545: 941
546: 762 657
547: 580
548: 1566 1396
549: 2610 2247 1270
550: 1880
551: 2699 1020
552: 2690 1418 910 663 588 587
553:
554: 1998 1821 1033
555:
556: 2037 892
557:
558: 1915 914
559:
560: 1296 786
561: 1934 1478 923
562: 1063
563: 801 641
564: 2036 1188 1172 862
565: 2243 1677 1581 1456 1312 679
566: 2330 1226
567: 817
568: 2743 2351 2131 1053 643
569: 2490 1058 886
570: 2518 2484 632
571: 1597 1062
572: 1839 1786 1623 784 706
573: 1871 915 899
574: 2510 1911 1831 772
575: 2556 1481 1292 981
576: 1595 825
577: 2203 2194 2188 1271 1024 789 674
578: 1988
579: 2424 1101 1092 947
580: 1711 1517 1208 1115
581: 707
582: 2717 1506 986 734 725
583: 2129 1122
584: 931 642
585: 1516
586: 1216 987 842
587: 1002
588: 2301 1158 610
589: 1934 1924 1899 1478
590: 2045 850 696 635
591: 2350 1804 1792 1728 1139
592: 2152 2097 2092 1152
593: 2080 2017 1893 1862 1852 1587 1192 1179 668 664 624
594: 2546
595: 2356 2107
596: 2599 1879 1847 1325 962
597: 2637 1628
598: 1350
599: 2339
600: 2787 1107 1095 854 775
601:
602: 1773 1209
603: 1882 1621
604: 2495
605: 2367 670
606: 1262 676
607: 1284 995
608: 1800 1606 769 744
609: 2309 1657 1035
610: 2718 1355 1045
611: 1375 1093
612: 1229
613: 2606 2168
614: 1464
615: 665
616: 1136
617:
618: 1751
619:
620: 888
621: 2063
622:
623: 847
624:
625:
626: 2674 807
627: 2741 2162 2060 999
628: 2508 1780 1339
629: 2615 1775
630:
631: 2542
632: 2325 1620 1412
633:
634:
635:
636: 976
637: 1318
638:
639: 1348 957 767
640: 1884
641:
642:
643: 1969 1817 1603 998
644: 2257 1074
645: 2022 1365 919
646: 2775 2037 1946 1740 1672 943 739
647: 1381 1254
648: 1142
649: 1057 710
650: 672
651: 2136 1754 1704 1238
652: 2567 820
653: 2670
654: 2574 2390
655: 1385 1127 1125 729
656: 1624 907
657:
658: 2620 2305 2102 1953 1549 1391
659: 1026 713
660: 1432 1349
661:
662: 1022 790
663: 860
664:
665: 2385 1873
666: 1670
667:
668: 2788
669: 951
670: 2621 1289
671:
672: 1225
673: 1844
674: 1646
675: 2459 2171
676: 2143
677: 1943 1082
678: 1995 1543 1406 754
679:
680:
681: 994
682: 1275 699
683: 2287 1898 1871 1432 1349 1099 1030
684:
685: 2582 1241
686: 1532 1167 1146
687: 1777 803
688: 746
689: 832
690: 720
691:
692: 2505
693:
694: 1881 1726 1252
695: 1709 1397
696:
697: 2080 1763
698: 1552
699: 2023 1795
700: 1433
701: 2305 1391
702:
703: 1849 1555
704: 2456 1530 1261
705: 2130 1770 1410
706:
707: 2265 1613 1408 963
708: 799
709:
710: 2727
711: 1712 1520
712: 2264
713: 2379 2267 2244 960 745
714: 2370
715: 1476
716:
717: 2456 2309 2120 1657 1530 1261 1035 766
718:
719: 819
720: 1260 1055
721: 2602
722: 1495 1060
723: 2282
724: 2682
725: 2468 1985 1735 1537 811
726: 1486 1178
727:
728: 1548
729: 2794 2747 1593 1028
730: 1358
731: 2095 1040
732: 2492 2224 833
733: 846
734: 2184 1313
735: 2666 1193
736: 2490
737:
738:
739: 2428
740: 1133 771
741: 1703
742: 1267
743: 1579 1281 1111
744: 2366 2179
745: 2083 1966 1247
746: 1100
747:
748: 896
749:
750: 1307
751: 2243 1581 1456
752: 2384 1185
753:
754: 2008 1200 1137
755: 2697
756: 1512 1138 1068
757: 1378
758: 2007 1637
759: 968
760: 2523 2393 2349 858 780
761: 2169 997 873
762: 2071 1870 1308
763:
764:
765: 2190 1497 953
766: 2721
767: 1405
768:
769:
770: 1743 802
771:
772:
773: 2678
774: 1765
775: 2273
776: 1531 949 916
777:
778: 2321 1681
779: 2745 2240 1819 1450 1042
780: 1625
781: 1920
782: 2662 1987 1929
783: 2440 1306 1234
784: 1134 881
785: 1207
786:
787: 1948 1469 1447
788: 936
789: 2294 2205 1816 1466
790: 861
791: 2730
792: 2438 1979
793: 1077
794: 922
795: 2145
796:
797: 1945
798: 830
799: 973
800: 1669 1542
801: 1070
802: 1150 1041
803: 1590
804: 1486 1178
805: 2530 2503
806: 1228
807: 2621 2421 2321 1681
808: 2324 1954 1845 1083
809:
810: 2227 1166
811: 2654
812: 1173
813: 2116 869
814:
815: 2520 1382
816: 2720 1937
817: 2687
818: 1199
819: 2506 2016 1533 1018
820: 1748 1599 1113
821:
822: 2550 1034
823: 1642 913
824:
825: 1955 1538
826: 1706 1487
827: 2185
828: 2565 2253
829: 1878 1444
830: 1203 876
831: 2669 1448 1401
832:
833:
834: 2425
835: 2236 2115 1098
836: 2557
837:
838: 1332
839:
840: 2331 1848
841: 2011
842: 1370
843: 2643 1977 1620 1437 1327 1076 1025
844: 1700
845:
846: 1403
847: 1787 975
848: 1755
849: 1356 1121 1001
850: 1280
851: 2754 1075
852:
853:
854: 2708 2587 2537
855: 2631 1153
856: 1251
857: 1141
858:
859: 2315 2003 1618
860: 2789 1607
861: 2511
862: 1861 1320
863: 917
864:
865: 1668
866: 1660
867: 2271
868: 1598
869:
870: 1442
871: 1648
872: 1112
873: 1324
874:
875: 1204
876: 2647 2480
877:
878: 1630 1589 1551
879: 2574 2511 2140 1913 1905 1772 1741 1017
880:
881: 2774 2450 1523 1510
882: 2601
883: 1037
884:
885: 2254 1463
886:
887: 2751 1171
888: 2039 1696 1445
889: 2741
890: 2214
891: 1833
892:
893: 1554 1345
894: 2068
895:
896:
897: 2367 1679 1304 1000
898: 2659
899: 2202 1407 1181 925
900:
901: 1149
902: 1031
903: 2341 1519
904:
905:
906: 2259 1135
907: 2275 979
908: 1902 1534 965
909: 1687
910: 2055 1297
911:
912:
913:
914: 1162 1038
915:
916: 2059 1636 1015
917:
918:
919:
920: 1935
921: 2796 2612 2289 1248
922: 2061 1992
923: 1924
924: 2406
925: 1562
926:
927:
928: 1256
929:
930:
931: 2452
932: 1493 1109
933:
934:
935:
936:
937: 2573 2512 1217
938: 1768
939: 2657 1887 1781 1596 1106 964
940: 1622
941: 1722
942: 1499 1303
943: 1567
944:
945: 2502 1890
946: 2038 1683
947: 1664
948: 2126
949: 2643 1977
950: 1059
951: 1336
952:
953:
954: 2718
955:
956:
957: 2120
958: 1756 1540 1012
959: 978
960: 2579 1875 1784 1505 1014
961: 2752 1071
962:
963: 1233 1006
964:
965: 2345 1302
966: 2166 1160
967: 2381 1021
968:
969:
970:
971:
972: 1629
973:
974: 2374
975:
976: 2756 2132
977: 1638
978: 1011
979:
980:
981:
982:
983:
984:
985: 1285
986: 1130
987: 2746 2364 1750
988:
989: 2381 1336
990: 2313 1863
991: 1722 1635
992: 2530 2503 1008
993: 1614
994: 1027
995:
996:
997: 2496
998:
999: 2371 2281
1000: 1571 1556 1249
1001: 2759 2139 1917 1757
1002: 2037
1003:
1004: 2539 2348 2113 1515
1005: 1117
1006: 1988
1007: 1032
1008:
1009: 1253 1147
1010:
1011: 1887 1781
1012: 2763 1364
1013: 1056 1049
1014:
1015: 1197
1016: 2561
1017: 1703
1018: 1348
1019: 2229 2163 1836 1616
1020: 2288 2277 1888
1021:
1022:
1023: 1747 1526
1024:
1025: 2229 1529 1374
1026: 1131
1027:
1028: 1544
1029:
1030:
1031:
1032: 1698 1187
1033:
1034: 1402
1035:
1036: 1386 1379
1037:
1038:
1039:
1040: 1333
1041: 2310
1042: 2626 2581 1815 1665
1043: 1801
1044: 2563 2137 1314
1045:
1046: 1331
1047: 1257
1048: 2787 2553
1049: 1399 1114
1050: 2108
1051: 2391
1052: 2667
1053:
1054: 1570 1504
1055:
1056: 1715
1057:
1058: 2481 1488
1059: 2185 1436
1060:
1061:
1062: 1305 1161
1063: 2522 2062
1064: 1994 1585
1065: 2340 1155
1066: 2147 2103 1189
1067: 2469
1068:
1069: 2724 1760
1070: 2022 1535
1071:
1072: 1922
1073:
1074: 1326
1075: 2346 2297 1395 1277
1076:
1077: 1084
1078: 2597
1079:
1080: 2408 1211
1081:
1082: 2280
1083: 1673
1084: 2144
1085: 1944
1086: 1609 1245
1087: 2750 1290
1088: 1882 1621
1089: 1748 1599
1090: 1259 1154
1091: 2032 1236
1092: 2508 1780 1339
1093: 2449 1428
1094: 1439
1095:
1096: 2788
1097:
1098: 2139 1917
1099: 2209
1100: 1128
1101: 2138
1102: 2269 2234
1103: 1803 1580
1104:
1105:
1106: 1936
1107:
1108:
1109: 2294 1816
1110: 2045 1440
1111:
1112: 1807
1113: 2407
1114: 1856 1214
1115: 2388
1116: 1513
1117: 2609
1118:
1119: 2221 1721
1120:
1121: 1579 1206
1122:
1123: 1283
1124: 2648 1705
1125: 2484
1126: 2612 1951 1430
1127: 2633 1344
1128: 1946
1129: 2089 1676 1366
1130: 1170
1131:
1132:
1133: 1827
1134: 1394
1135:
1136:
1137:
1138: 2680 2410 1563 1547
1139: 2096 1761
1140:
1141: 2638
1142:
1143:
1144: 2685 2225
1145: 2610 1455 1174
1146: 1640
1147: 1151
1148: 1720 1480
1149:
1150: 1286
1151: 1830
1152: 2276
1153: 1942 1514
1154: 1431
1155: 2643
1156: 1311
1157: 1291
1158: 2630 2054
1159: 2430
1160: 1822 1578
1161:
1162:
1163: 2755
1164: 2299
1165: 2640
1166: 2026 1299
1167: 2713 1420
1168: 1951
1169: 1452
1170:
1171: 2270
1172:
1173: 2210
1174: 1323
1175:
1176:
1177: 1310 1230
1178:
1179: 2560 2239 1814 1269
1180:
1181: 2678 1686 1319
1182:
1183: 1446
1184: 1215
1185: 2796 2317 2207
1186: 1607
1187:
1188:
1189: 1918
1190:
1191:
1192: 2596
1193: 2657 1596
1194: 2337 2028 1426
1195: 1353
1196: 2580 1441
1197: 1457 1357
1198:
1199: 2311
1200: 2796 2317 2207
1201: 1477
1202: 2781 1560
1203: 1329
1204: 2290 2186
1205:
1206: 2096
1207:
1208:
1209: 2769 2078
1210: 1914
1211: 2263
1212: 2646 2098 1239
1213:
1214: 1558
1215:
1216:
1217: 2411
1218: 1654
1219: 2764
1220: 2468 1985 1735 1537 1244
1221: 1769
1222:
1223: 2736 1912
1224:
1225: 1702
1226:
1227: 2728 1778 1710
1228: 2612 1713
1229:
1230: 2629 1971 1639
1231:
1232: 1832
1233: 1605
1234: 2390 1729
1235:
1236:
1237:
1238: 1843
1239:
1240:
1241: 2483 2111
1242: 2318 2086 2009
1243: 2022
1244:
1245:
1246: 2176
1247: 2494 2173
1248:
1249:
1250: 2322
1251: 2064
1252: 1471
1253:
1254: 1342
1255:
1256:
1257: 1361
1258: 1389
1259:
1260:
1261:
1262:
1263:
1264:
1265: 2482 1362
1266: 2072
1267: 1850
1268:
1269: 1730
1270: 2077 1380
1271:
1272:
1273:
1274:
1275:
1276:
1277:
1278: 2677
1279: 1472 1393
1280:
1281: 2076 1419 1295
1282:
1283: 2416
1284: 2043
1285:
1286: 1473 1416
1287: 1352
1288:
1289: 1539
1290: 1731
1291:
1292:
1293:
1294: 2201
1295:
1296:
1297: 2149
1298: 2271
1299: 2395
1300: 2694
1301: 2162 2060
1302:
1303:
1304:
1305:
1306: 2681 2478
1307:
1308: 2516
1309:
1310:
1311:
1312:
1313:
1314:
1315: 2777 2500 1956
1316:
1317: 1346
1318:
1319: 1645 1388
1320: 2555 2075
1321:
1322: 1895
1323:
1324:
1325:
1326:
1327: 2052
1328: 1360 1322
1329: 2087 1983
1330: 2472 2352
1331: 2496 2486 2208 2200
1332:
1333: 2665 2320 2112
1334: 1931
1335: 2289
1336:
1337:
1338: 1701
1339: 1430
1340: 1454
1341: 1528
1342: 1423 1409
1343: 2033 1783
1344:
1345:
1346: 2056
1347: 2517
1348: 2274
1349: 2467
1350:
1351:
1352: 2268 2256 2082
1353:
1354: 2593 2070 1793
1355: 2575
1356: 1854
1357: 2420
1358: 2473 2238 1919
1359: 1910
1360:
1361: 2756
1362: 2167 2090
1363: 2607
1364: 1390
1365:
1366: 2110
1367: 2326 1561
1368:
1369: 1594
1370: 2004
1371:
1372:
1373:
1374: 1933
1375:
1376:
1377: 1377
1378:
1379:
1380: 2504
1381: 1592 1415
1382:
1383: 2578
1384:
1385:
1386: 2216
1387: 2300
1388: 2457
1389:
1390:
1391: 2499 1400
1392: 2547
1393:
1394:
1395:
1396: 2759 1757
1397: 1559 1425
1398:
1399:
1400:
1401: 2048
1402: 2233 1972
1403: 2672 2199 2051 1877 1575 1422
1404:
1405:
1406:
1407:
1408:
1409:
1410: 1771
1411:
1412:
1413:
1414:
1415: 2274 1803 1650
1416:
1417: 1841
1418:
1419: 1866
1420:
1421: 2798
1422:
1423:
1424: 2025
1425: 1468
1426: 2220 1812
1427: 2570 2359 2332 1947
1428: 2017
1429: 2714 2347
1430:
1431: 2757
1432: 1569
1433: 2545 1695
1434: 2002
1435: 1674
1436: 1461
1437:
1438:
1439:
1440:
1441: 2761
1442:
1443: 2399 1945
1444: 2183
1445: 1564
1446:
1447: 2454 2087 1983
1448:
1449:
1450: 2642 2012
1451:
1452:
1453: 2232
1454:
1455: 2767 2753 1974 1808
1456:
1457: 1550
1458: 2451 2036
1459: 2213
1460:
1461: 2651
1462: 2531
1463:
1464:
1465:
1466:
1467: 2104
1468: 2683
1469: 2125
1470: 2539 2348 2113
1471: 2195
1472: 1923
1473:
1474:
1475:
1476: 2704
1477: 2684 1693
1478:
1479: 2673 2515
1480:
1481:
1482: 2651 1749
1483: 1794
1484:
1485:
1486:
1487: 1874
1488:
1489: 2671
1490: 1724
1491: 1482
1492:
1493:
1494: 2577
1495: 2514 2492 2224
1496: 1582
1497: 2027
1498: 1925
1499: 2231
1500: 2524 1586
1501:
1502: 2266
1503:
1504: 2283
1505: 2441
1506:
1507: 1502
1508: 1779
1509:
1510: 2476
1511: 2302 1838
1512: 1557
1513: 1667
1514: 1828
1515: 1633 1626
1516: 1651
1517:
1518:
1519:
1520:
1521:
1522:
1523:
1524: 2734 2314
1525: 2520
1526:
1527: 2380
1528: 1940
1529: 2363
1530: 2622 2243 2134
1531:
1532:
1533:
1534:
1535: 2591 2280 2050
1536: 1742
1537: 2308
1538:
1539: 1900
1540: 2715 1962
1541: 2780 2248
1542:
1543:
1544: 2081
1545:
1546: 1896 1829 1752
1547: 1656
1548:
1549:
1550:
1551: 1541
1552: 2012 1617
1553: 2487 1999 1727
1554:
1555: 2673
1556: 2536
1557: 2065
1558: 2067
1559:
1560: 2696
1561: 1658
1562:
1563:
1564: 1939 1930 1802 1588
1565: 1932
1566: 2436
1567: 2725 1744
1568: 2446
1569: 2656
1570: 2041
1571:
1572:
1573: 2333 1941 1774
1574: 1928
1575: 2066
1576:
1577: 2707
1578:
1579:
1580: 2623
1581:
1582:
1583: 2624
1584:
1585: 2362 1797
1586:
1587:
1588: 2533
1589:
1590: 2354 1903
1591: 1886 1641
1592: 2637
1593:
1594:
1595: 2021
1596:
1597:
1598:
1599: 2133
1600: 1908
1601:
1602:
1603: 2463 2148
1604: 2360
1605:
1606:
1607: 2698 2414 2193
1608: 2266
1609:
1610:
1611:
1612: 2292
1613: 2762
1614:
1615:
1616: 2146 1811
1617:
1618: 2732 1989 1818
1619:
1620: 2143
1621: 2181
1622:
1623:
1624:
1625:
1626:
1627: 1809
1628: 2426 2415 2323
1629:
1630:
1631:
1632:
1633:
1634: 2568 2312 2118
1635:
1636:
1637:
1638:
1639: 2417
1640: 2636
1641:
1642: 2675
1643:
1644: 2439
1645:
1646: 2576
1647: 2015
1648:
1649:
1650:
1651:
1652:
1653:
1654:
1655:
1656: 2000 1826
1657:
1658:
1659:
1660:
1661: 2744
1662:
1663:
1664:
1665: 2053
1666:
1667:
1668: 2578 1682
1669:
1670:
1671:
1672: 1678
1673:
1674:
1675:
1676:
1677:
1678:
1679:
1680: 1975
1681: 2020 1846
1682:
1683: 2521
1684:
1685: 2164
1686: 1688
1687: 2212
1688:
1689:
1690:
1691:
1692: 2610
1693:
1694:
1695:
1696:
1697:
1698:
1699: 2589
1700:
1701: 2365
1702:
1703:
1704: 2408 2074 1921
1705: 2165
1706: 2688 1984
1707: 1926
1708: 2106
1709:
1710:
1711:
1712: 1957
1713: 2142 2013
1714: 2605 2409
1715:
1716:
1717: 2422
1718:
1719: 2704
1720:
1721: 2464
1722:
1723: 2793
1724:
1725: 2422 1867
1726: 2123
1727:
1728:
1729:
1730: 2561
1731:
1732:
1733:
1734:
1735: 2650
1736:
1737: 2150
1738: 2777
1739:
1740:
1741: 2466 1805
1742: 2230 2007
1743:
1744:
1745:
1746:
1747: 2094 1906
1748: 1950
1749: 2093
1750:
1751: 2683
1752:
1753:
1754:
1755: 2710
1756:
1757:
1758:
1759:
1760: 2432 2018
1761:
1762: 2443
1763:
1764:
1765:
1766: 2796
1767: 2549 1759
1768:
1769: 2655
1770:
1771:
1772: 2488
1773:
1774:
1775:
1776:
1777:
1778: 2738 2627
1779:
1780:
1781:
1782:
1783: 2336
1784:
1785:
1786: 2786 2141
1787:
1788: 2128 1927 1869
1789:
1790: 2702
1791:
1792:
1793: 2182
1794:
1795:
1796:
1797:
1798:
1799: 1842
1800:
1801:
1802:
1803: 2089
1804: 1796
1805:
1806: 2455
1807: 1964
1808: 1810
1809:
1810:
1811:
1812:
1813:
1814:
1815:
1816:
1817: 2423 2058
1818: 2157
1819:
1820:
1821:
1822:
1823:
1824:
1825:
1826: 2653
1827:
1828: 2288
1829:
1830: 2594 2222
1831: 1873
1832:
1833:
1834:
1835: 2260
1836:
1837: 2160
1838: 2342 1851
1839: 2159
1840:
1841:
1842:
1843: 2211
1844:
1845:
1846:
1847: 1876
1848:
1849: 2109 1901
1850: 1837
1851: 2552
1852: 1883
1853: 2607
1854:
1855:
1856: 2127 1961 1864
1857:
1858:
1859: 2435 2375
1860:
1861:
1862:
1863:
1864: 1960
1865: 2099
1866: 2443
1867: 2765
1868:
1869:
1870:
1871:
1872:
1873: 1892
1874: 2204 1968 1891
1875: 2156
1876:
1877:
1878:
1879:
1880:
1881:
1882:
1883: 2401
1884:
1885:
1886: 2223
1887:
1888:
1889:
1890: 2604 2392
1891:
1892:
1893:
1894: 2006
1895:
1896: 2242
1897: 2448 1991
1898:
1899: 2442
1900: 2372
1901: 2686 2445
1902: 1993
1903: 1973
1904:
1905:
1906:
1907:
1908:
1909: 2355
1910:
1911:
1912:
1913:
1914:
1915: 1963
1916:
1917:
1918:
1919: 2019 1938
1920:
1921:
1922: 2344
1923:
1924:
1925: 2526
1926:
1927:
1928:
1929:
1930:
1931: 1885
1932: 2235
1933:
1934: 2368
1935: 2057
1936:
1937:
1938:
1939: 2429
1940: 2447
1941:
1942:
1943:
1944: 1916
1945:
1946:
1947:
1948: 1959
1949: 2284
1950: 2642
1951: 2711
1952:
1953:
1954:
1955:
1956: 2737 2668 2434 2252
1957:
1958:
1959:
1960:
1961: 2692
1962: 2753
1963:
1964:
1965:
1966: 2703
1967: 2507
1968: 2479
1969:
1970:
1971:
1972: 2308
1973:
1974:
1975:
1976:
1977:
1978:
1979: 2523 2349
1980: 2217 2014
1981:
1982:
1983: 2477
1984:
1985:
1986: 2705
1987:
1988:
1989:
1990:
1991: 2373
1992:
1993: 2380
1994:
1995: 2046
1996: 2614
1997: 2469
1998:
1999:
2000:
2001: 2206
2002:
2003:
2004:
2005:
2006: 2024
2007: 2030
2008:
2009:
2010:
2011:
2012:
2013:
2014:
2015: 2613 1970
2016:
2017: 2525 2433
2018:
2019:
2020:
2021:
2022:
2023:
2024:
2025: 2191
2026: 2285
2027:
2028:
2029:
2030: 2400 2091
2031:
2032: 2309
2033:
2034:
2035: 2377
2036: 1986
2037:
2038:
2039: 2398 2369
2040:
2041: 2394
2042: 2603
2043:
2044:
2045:
2046:
2047:
2048:
2049:
2050:
2051:
2052:
2053:
2054:
2055:
2056:
2057:
2058:
2059:
2060:
2061: 2705
2062: 2403
2063:
2064:
2065:
2066:
2067: 2599
2068:
2069:
2070:
2071: 2353 2245
2072:
2073:
2074:
2075:
2076:
2077:
2078: 2550
2079:
2080:
2081: 2572
2082:
2083:
2084: 2696
2085: 2358
2086: 2695
2087:
2088:
2089:
2090:
2091:
2092:
2093: 2375
2094: 2691
2095:
2096: 2559
2097:
2098:
2099: 2535
2100: 2776 2608
2101:
2102: 2471
2103:
2104:
2105:
2106:
2107:
2108:
2109:
2110:
2111:
2112:
2113:
2114:
2115: 2405
2116:
2117:
2118:
2119:
2120:
2121: 2174
2122: 2218
2123:
2124:
2125:
2126:
2127:
2128: 2258
2129: 2770
2130:
2131: 2693
2132: 2791
2133:
2134: 2661
2135:
2136:
2137:
2138:
2139: 2180
2140:
2141:
2142:
2143:
2144: 2114
2145: 2660
2146:
2147:
2148: 2772 2226
2149:
2150:
2151:
2152:
2153:
2154: 2413
2155: 2663
2156:
2157:
2158:
2159:
2160:
2161: 2178
2162:
2163:
2164: 2600
2165:
2166:
2167:
2168:
2169: 2357
2170:
2171: 2753
2172:
2173:
2174:
2175:
2176:
2177:
2178:
2179: 2237
2180:
2181:
2182:
2183:
2184:
2185:
2186:
2187:
2188:
2189:
2190:
2191:
2192: 2717
2193: 2544
2194:
2195:
2196: 2261
2197:
2198:
2199:
2200:
2201:
2202:
2203: 2766
2204:
2205:
2206:
2207: 2272
2208:
2209:
2210:
2211:
2212:
2213:
2214:
2215:
2216:
2217:
2218:
2219:
2220: 2262
2221:
2222:
2223:
2224:
2225:
2226:
2227:
2228:
2229:
2230: 2293
2231:
2232:
2233: 2765
2234:
2235:
2236:
2237: 2562
2238:
2239:
2240:
2241: 2784
2242:
2243:
2244:
2245:
2246:
2247:
2248:
2249: 2712 2383
2250:
2251:
2252: 2763
2253:
2254:
2255: 2778
2256:
2257:
2258:
2259:
2260:
2261:
2262:
2263: 2569
2264:
2265: 2316
2266: 2616
2267:
2268: 2307
2269:
2270: 2593 2474
2271:
2272:
2273:
2274: 2639
2275:
2276: 2335
2277:
2278: 2603
2279:
2280: 2658
2281: 2732
2282:
2283:
2284:
2285:
2286:
2287:
2288:
2289: 2412
2290:
2291:
2292:
2293:
2294:
2295: 2730
2296:
2297: 2306
2298:
2299: 2551
2300:
2301:
2302:
2303:
2304:
2305:
2306:
2307:
2308:
2309:
2310:
2311:
2312:
2313:
2314: 2303
2315:
2316:
2317:
2318:
2319:
2320: 2746
2321:
2322:
2323:
2324:
2325:
2326:
2327: 2386
2328:
2329:
2330:
2331:
2332:
2333:
2334:
2335:
2336:
2337:
2338:
2339:
2340:
2341:
2342:
2343:
2344: 2498
2345: 2785
2346:
2347:
2348:
2349:
2350: 2532
2351:
2352:
2353:
2354:
2355:
2356:
2357:
2358:
2359: 2722
2360:
2361:
2362:
2363: 2491
2364:
2365: 2749
2366:
2367:
2368:
2369:
2370:
2371:
2372:
2373:
2374:
2375:
2376:
2377: 2588
2378:
2379:
2380:
2381:
2382:
2383: 2645 2529
2384:
2385:
2386: 2800
2387:
2388:
2389:
2390:
2391:
2392:
2393:
2394:
2395:
2396:
2397:
2398: 2404
2399:
2400: 2554
2401: 2719
2402:
2403:
2404:
2405:
2406:
2407:
2408:
2409:
2410:
2411:
2412:
2413:
2414:
2415:
2416:
2417:
2418:
2419: 2583
2420:
2421: 2453
2422: 2465
2423: 2611
2424:
2425:
2426:
2427:
2428:
2429:
2430:
2431:
2432: 2513
2433: 2723
2434:
2435: 2760 2564
2436:
2437:
2438:
2439:
2440: 2739
2441:
2442:
2443:
2444:
2445:
2446:
2447:
2448:
2449:
2450:
2451: 2566
2452:
2453:
2454:
2455:
2456:
2457:
2458:
2459:
2460: 2790
2461:
2462:
2463: 2541
2464:
2465:
2466: 2519
2467:
2468:
2469:
2470:
2471:
2472:
2473:
2474:
2475:
2476:
2477:
2478:
2479:
2480:
2481:
2482:
2483:
2484:
2485:
2486: 2618
2487:
2488:
2489:
2490:
2491:
2492:
2493:
2494:
2495:
2496:
2497:
2498:
2499:
2500:
2501:
2502:
2503:
2504: 2641
2505:
2506:
2507:
2508:
2509:
2510:
2511:
2512:
2513:
2514:
2515:
2516:
2517: 2584 2528
2518:
2519:
2520:
2521:
2522:
2523:
2524:
2525: 2595
2526:
2527:
2528:
2529:
2530:
2531:
2532:
2533:
2534:
2535:
2536:
2537:
2538:
2539:
2540:
2541:
2542:
2543:
2544:
2545:
2546:
2547:
2548:
2549:
2550: 2735
2551:
2552: 2649
2553:
2554:
2555:
2556:
2557: 2540
2558:
2559: 2768
2560:
2561:
2562:
2563: 2700
2564:
2565:
2566:
2567:
2568:
2569:
2570:
2571:
2572:
2573:
2574:
2575:
2576:
2577:
2578:
2579:
2580:
2581:
2582:
2583:
2584:
2585:
2586:
2587:
2588:
2589:
2590:
2591:
2592:
2593:
2594:
2595:
2596:
2597:
2598:
2599:
2600:
2601:
2602:
2603:
2604:
2605:
2606:
2607:
2608:
2609:
2610:
2611:
2612:
2613:
2614:
2615:
2616:
2617:
2618:
2619:
2620:
2621:
2622:
2623:
2624:
2625:
2626:
2627:
2628:
2629:
2630:
2631:
2632:
2633:
2634:
2635:
2636:
2637:
2638:
2639:
2640:
2641:
2642:
2643:
2644:
2645:
2646:
2647:
2648:
2649:
2650:
2651:
2652:
2653:
2654: 2748
2655:
2656:
2657:
2658:
2659:
2660:
2661:
2662:
2663:
2664:
2665:
2666:
2667: 2795
2668:
2669:
2670:
2671:
2672:
2673:
2674:
2675:
2676:
2677:
2678:
2679:
2680:
2681:
2682:
2683:
2684:
2685:
2686:
2687:
2688:
2689:
2690:
2691:
2692:
2693:
2694:
2695:
2696:
2697:
2698:
2699:
2700:
2701:
2702:
2703:
2704:
2705:
2706: 2783
2707:
2708:
2709:
2710:
2711:
2712:
2713:
2714:
2715:
2716:
2717:
2718:
2719:
2720:
2721:
2722:
2723:
2724:
2725:
2726:
2727:
2728:
2729:
2730:
2731: 2742
2732:
2733:
2734:
2735:
2736:
2737:
2738:
2739:
2740:
2741:
2742:
2743:
2744:
2745:
2746:
2747:
2748:
2749:
2750:
2751:
2752:
2753: 2773
2754:
2755:
2756:
2757:
2758:
2759:
2760:
2761: 2797
2762:
2763:
2764:
2765:
2766:
2767:
2768:
2769:
2770:
2771:
2772:
2773:
2774:
2775:
2776:
2777:
2778:
2779:
2780: 2731
2781:
2782:
2783:
2784:
2785:
2786:
2787:
2788:
2789:
2790:
2791:
2792:
2793:
2794:
2795:
2796:
2797:
2798:
2799:
2800:
2801:
2802:
2803:
2804:
2805:
2806:
2807:
2808:
2809:
2810:
2811:
2812:
2813:
2814:
2815:
2816:
2817:
2818:
2819:
2820:
2821:
2822:
2823:
2824:
2825:
2826:
2827:
2828:
2829:
2830:
2831:
2832:
2833:
2834:
2835:
2836:
2837:
2838:
2839:
2840:
2841:
2842:
2843:
2844:
2845:
2846:
2847:
2848:
2849:
2850:
2851:
2852:
2853:
2854:
