1: 964 451 371 239 19 8 4 3 1
2: 612 155 125 53 39
3: 3294 1981 1237 1222 1085 587 438 430 148 51 34 18 15 13 9 7 2
4: 2436 903 425 345 50 20 5
5: 3178 2114 659 79 36 12 6
6: 3169 2849 2435 2434 2276 2251 2113 1913 1155 1044 1040 355 38 28 26 25
7: 2810 2297 2086 1845 1211 901 864 776 481 319 80 17 10
8: 663 177 44 22 16 11
9: 3362 2561 1941 1704 786 699 515 506 107 40
10: 1545 1203 252 175 109 93
11: 3297 2712 1202 899 599 101 63
12: 3417 676 132 14
13: 3297 2712 2651 1801 1783 1206 1202 899 663 625 599 473 323 101 68 67 52 44 23 22
14: 2820 2584 2304 2171 2016 1525 1309 1169 1162 918 858 838 805 628 513 499 494 493 422 412 382 349 328 220 213 202 172 30
15: 1558 1059 411 292 46 21
16: 2826 2810 2809 2621 2086 1845 1310 1272 1258 1211 864 529 481 137 128 80 55 24
17: 276 84 78 56 54 47 35 31
18: 3308 2651 473 32 29
19: 1788 763 662 421 75 27
20: 3107 570 231 103
21: 1222 185 77 37
22: 361 200 169 66 33
23: 3519 3514 3193 3053 1850 1505 1064 717 327 275 41
24: 288 265 86
25: 3457 2777 1162 918 628 494 493 483 259 249 120 73 58
26: 3356 3268 2591 2174 1694 1429 491 461 426
27: 3309 3306 1824 703 582 477 296 217 207 138 133 87 82
28: 1212 994 287
29: 3356 3268 2591 2128 1694 461 244 104 83
30: 2286 979 766 199 123 114 113
31: 2121 1431 143
32: 3070 2547 1010 861 688 670 151 72 45
33: 2314 966
34: 3402 1783 1206 323 289 95 57 42
35: 2747 2283 1831 1198 588 279 222 126
36: 2152 2065 1687 1478 1160 723 654 264 145 131
37: 3085 1118 258 191 183 171 74 59 48
38: 3208 2441 675 640 580 577 503 218 134 64
39: 465 65 61 43
40: 3204 2436 1528 1490 903 425 345
41: 3401 1268 784 665 242 221 153 98
42: 735 678 384 203
43: 3193 3053
44: 3045 2676 2132 1786 1039 825 76 71
45: 2199 1673 835 753 562 282 176 49
46: 2624 2280 1981 1738 490
47: 2401 1382 1116 608
48: 3394 3165 1829 812 363 320
49: 2596 2433 2120 1855 1141 932 789 100 99 85
50: 2255 1491 294 112
51: 3291 3178 2114 1968 1675 1486 831 768 718 659 644 533 503 147 134 62
52: 3291 1675 718 533 280 96 89 60
53: 2621 1277 1272 529 128
54: 2284 1812 1377 378 166 106
55: 2374 961 690 614 156 152 111
56: 1212 94 88
57: 3246 2447 844 173 164
58: 3180 179 91
59: 2451 2401 1755 1664 1592 1446 1001 935 731 674 606 595 433 397 367 188
60: 70
61: 3291 2850 1675 1007 901 718 533 319 227 219
62: 916 728 538 238 127
63: 1531 1076 1069 922 787 257 251 245
64: 2785 2223 144 135 115
65: 1106 816 174 69
66: 1162 918 628 494 493
67: 3218 2944 2801 2606 1730 1404 193
68: 2327 1089 615 468 309 303 298 210 190 81
69: 3292 2745 1690 1669 357 197 105
70: 3298 2381 253
71: 2374 690
72: 2689 2339 194
73: 3353 3342 2084 575 256 136
74: 2148 2019 1805 619 398 119
75: 2172 1172 1096 509 321
76: 3266 3180 362 179 92
77: 2307 2103 1840 1190 760
78: 3292 2238 1768 1173 1171 942 331 317 124
79: 1410 859 215
80: 3491 3169 355
81: 3542 3288 2300 1297 556 393 178
82: 3200 3187 2694 2404 2212 1966 1849 1192 1061 977 756 189
83: 3420 3301 2941 2222 1732 697 626 423 102
84: 3008 1007 118
85: 2304 2286 1980 1715 1359 1185 986 979 766 349 235
86: 768 223 90
87: 3456 241 116 97
88: 2878 2296 1308
89: 3531 3524 1430 1171 683 555 361 200 163 142
90: 3259 1841 1772 1770 574 431 149 122
91: 2286 1935 1931 1713 1149 979 912 766 598 464 379 117
92: 3073 721 472 263 182
93: 1249 262
94: 2921 108
95: 471 160
96: 2016 1309 328 213 202 172
97: 3218 2944 2801 369
98: 1968 1486 644 233
99: 2319 1806 1752 416 375 146 141
100: 3536 2478 2362 2158 2037 1681 579 285 283 158 139 129
101: 2953 2775 2140 1523 1046
102: 1941 786 699
103: 3323 2599 1842 1811 1439 656 442 247 204 110
104: 3012 1947 1939 1657 1629 1385 978
105: 1664 1446 595 284
106: 2687 737 180 154
107: 3309 1824 1336 1305 1129 1027 972 964 209 186 130
108: 1164 255
109: 3325 2752 1890 1426 1032
110: 1407 1322
111: 2666 1964 1620 1546 1118 326 307 277 268 258 191 183 171
112: 999 170
113: 3032 1066 417 192
114: 795
115: 1169 150
116: 2847 2227 1610 807 121
117: 968 905 346 315 266 212
118: 3534 2725 2236 2075 1321 867 852 386 211
119: 2800 558 236
120: 3204 491
121: 2171 422 412 220
122: 2296 1308 889 492 181
123: 3510 3484 3345 3217 2903 1762 1427 593 571
124: 2172 1788 1172 1096 882 763 662 540 509 421 321 162
125: 2846 2301 273 184 157
126: 3301
127: 3332 2608 2580 507 198
128: 3299 1918 1453 988 959 782 140
129: 897 771 734 281
130: 546 454 406 365 322 187
131: 3401 665 242
132: 2697 1533 1282
133: 2619 2065 1478 1160
134: 3530 3420 2941 1042 232 208 167
135: 3165 1897 1273 569 502
136: 700
137: 3394 1829 812
138: 3486 1313 1229 924 860 716 168
139: 3270 3172 2763 2394 1767 1097 1012 585 300
140: 2484 1890 1426 1032 216
141: 2284 1812 1377 161
142: 1974 901 319 159
143: 2827 2313 467 405 333 226
144: 2688 2600 1236
145: 2725 2236 2075 443 395 229
146: 1120
147: 3385 1484 1298 778 270 165
148: 1419 546 454 406 394 365 322
149: 3246 2447 2370 2215 1888 1571 1475 1257 1056 863 706
150: 3293 3267 2897 2664 2179 1107 201
151: 2174 1981 1429 490 465
152: 2471 2286 1622 1033 979 766 600 553
153: 1910 1469 1425 710 374 301 195
154: 3535 1774 1593 661 424
155: 1182
156: 3354 2632 2436 1750 1733 1094 1006 937 903 621 269
157: 2881 1716 368
158: 1842 1777 827 376 295
159: 2656 1685 1604 971 675 640 580 577 304
160: 278
161: 2596 2120 1855 1141 932
162: 3318 2527 1466 762 729 631
163:
164: 3330 2425 2363 1728 897 771 734 281
165: 1842 827
166: 832 777 629 523
167: 1464 854 485 313
168: 3419 2687 2428 1653 1589 1111 839 383 337 205
169: 688 482 450
170: 3002 2710 1888 1360 1328 1323 1259 457 228
171: 3126 409 248
172: 2105 894 206
173: 691
174: 930 311
175: 3086 2938 1341 196
176: 1559 666
177: 928 793 390
178: 1094 1006 621
179: 3208 2441
180: 3318 3074 2918 2642 2527 2435 2294 1466 1060 1050 1040 891 865 729 561 354 297 250
181: 2473 1723 1269 738 617 478
182: 2690 1859 1334 1008 427 402 343 214
183: 3156 2030 828 399 271
184: 3409
185: 1630 1232 1016 419
186: 2327 1089 468 340
187: 2661 584
188: 1265 856 496
189: 1136 370
190: 651 344 325
191: 3497 3120 2226 957 243 234
192: 3243 2717 2551 2202 1255 475 456 225
193: 3494 2249 1871 1340
194: 2232 1931 912 598 347
195: 671 589 458
196: 3535 3065 2244 376 295
197: 3396 2628 2297 2016 1309 776 339 328
198: 2651 2278 2046 1898 1714 1419 520 429 396 394 224
199: 3107 2079 274
200: 1671 1237 1085 587 438
201: 526 453 293 246
202: 937
203: 1166
204: 611 291
205: 2430 254
206: 334
207:
208: 3073 2778 2500 373
209: 2272 2225 727 403 332
210: 2726 366
211: 3036 2953 1787 1527 230
212: 3523 3400 2860 358
213: 645 310 272 240 237
214: 3461 3413
215: 3286 2080 1994 1300
216: 1502
217: 2510
218:
219: 306
220: 2401 935 731 342
221: 2703 1991 1947 1910 1677 978 586 385
222: 2782 667 518 495
223: 2584 1525
224: 1849 756 469 460 410 260
225: 3204 1931 1853 1528 1237 1222 1085 912 598 356
226: 3484 3217 1427
227:
228: 3254 479
229: 3366 2411 1914 261
230: 2654 1468 329
231: 3470 2064 626 423 267
232: 2623 2183 1015 559
233: 1408 775 308
234: 3173 2562 377
235: 3074 1060 891 865 297
236: 3259 2289 2041 965 452 391 305
237: 2428 1653 1334 635 488
238: 3478
239: 2428 2279 1653 1644 774 330 299
240: 3277 1689 1625 1075 1074 921 862 539
241: 3159 2705 1758 1483 1193 1176
242: 895 815 752 510
243: 1698 336
244: 803
245: 2922 2025 1391 1009 799 713
246: 435
247: 3332 2608 2580 1662 726
248: 444
249: 2703 1997 1991 1677 1371 314
250: 522 455 318 290
251: 2734 1416 549
252:
253: 1145 898 572 286
254: 2810 2086 1845 1211 864 783 554 481
255:
256: 1011
257: 1632 1293 1194 780 341 302
258: 3427 2107 1596 632 609
259: 3439 1080 711
260: 2174 1429 415 380
261:
262: 557 364 324
263: 1567 970 618 459 316
264: 2980 2535 980
265: 2927
266: 1581 1275 312
267:
268: 1298 778 381
269: 1582 1390 1105
270: 919
271:
272: 3484 3217 1427 668 399
273: 2209 1909 514 441 401
274: 2703 1991 1677 1411
275: 2364 1125 823 801 605
276: 2366 1330 1261 1170
277: 1393 1295 926 504 434
278: 2609 1726 1695 992 497
279: 2056 1412 404
280: 3103 1187 578 466
281: 1842 1294 821 660
282: 800 350
283: 877
284: 2252 1403 792 474
285: 3402
286: 3036 1787 1527 994 715 712 594
287: 3466 2489 1999 1238 1113
288: 732 447 432 359
289: 2753 2597 2391 1949 1685 1163 971
290: 2368 834 511 505
291: 843
292: 3212 498 338
293: 2619 519
294: 1755 1001 335
295: 1853 356
296: 3533 2336 1470 967
297: 563 413 388
298: 1633 1590 1370 1330 1261 1170 687 591 448
299: 1901 1312 871 636
300: 790
301: 2250 1414 943 672
302: 1411 352
303: 1876 536
304: 850 532 531 408 392 353
305: 1182
306: 1197 702
307: 2676 489
308: 2288
309: 749 550 351
310: 3118 2904 2889 2513 1467 842
311: 2543 348
312: 1918 988
313:
314: 2595
315: 1974 414
316: 2845 852
317: 2930 2728 1005 360
318: 2214 708 633
319: 2317 1452 813
320: 3427 2658 2107 1359 1185 986 437
321: 3204 1528
322: 1044 517
323: 1376 484 372
324: 1693 1184
325: 3084 2475 2050
326: 2422 2004 1729 1234 440
327: 2417 2177 1233 1221 400
328: 2372 811 528
329: 2007
330: 3024 2450 1788 900 446
331: 931 500
332: 1754
333: 1438
334: 3345 418
335: 2572 916 728 538
336: 1646 1002
337: 3441 2622 2393 695
338: 2462 2297
339: 2963 1858
340: 2400 2349 2145 1028 1019 853 638 543
341: 2081 1231 686
342: 1908 1411 1189 544
343: 2235 545
344:
345: 3222 668
346: 2597 1163 389 387
347: 755
348: 1988 1819 1579 769 658
349: 2961 1088 566
350: 3536 3032 3002 2478
351: 2483 747 657 541
352: 2202 1255
353: 2739 2630 1243 673 534 445
354: 2891 1843 1263 1130 1099 915
355: 2220 2162 1276 1144
356: 3213 1321 867
357:
358: 1174 1165 829 512 462
359: 3367 2412 873 623
360: 2370 1257
361: 637 501
362: 2172 664
363: 2854 929
364: 1648 627
365:
366: 2123 681 407
367: 3322 2851 1474 1026 833 428
368: 1864 1455 1153 866 439
369: 3339 486
370: 1671
371: 3482 2771 2163 1421 1335
372: 1720 1179
373:
374: 2505 984
375: 2956
376: 1347
377: 3222 2703 2314 1991 1677
378: 2995 2805 2222 1127
379: 3273 2545 2528 420
380:
381: 2688 2600 1415
382: 3469 2397
383: 3226 1711
384: 2309 826 677 610
385: 3313 2988 1228 987
386: 1599 788 516 487
387: 3375 3271 2483 2040 1990 983 917 896 767
388: 714
389: 2771 1421
390: 1951 653
391: 1772 1770 934 521
392: 3187 2212 1062
393: 2248 1740 886 750 525
394: 1502 806 449
395: 2611 2552 2258 436
396: 3002 2552 2258 1897 1328 1273 548
397: 1254 1068 547
398: 3297 2712 2305 1237 1085
399: 2731
400:
401: 2027 887
402: 1934 1534 527
403: 2755
404: 2061 1260
405: 564 463
406: 3041 1432
407: 3092 1719 1441 1045 480
408: 3353 2084 1890 1426 1032
409: 1082
410: 3097
411: 1386
412: 2572 1823 1157
413:
414: 3372 3022
415: 2197 1352 1350
416: 3395 1332 1191
417: 1359 1185 986
418: 3045 2132 825
419:
420: 1742 1242
421: 743
422:
423: 3040 2889 1467 946 920 842
424: 2228
425: 2609 1695 1671 881
426: 2305 1029 648 590
427: 2988 987 583
428: 2213
429: 3538 1602
430: 1872 602
431: 2054 997
432: 3308 941
433: 2367
434: 3065 2244 576
435: 3114 1372 888
436: 2530 1101 470
437: 2386 1381
438: 2695 601
439: 552
440: 1592
441: 1442 1023 535
442: 2096 1252 878
443:
444: 761 647
445: 2556 620
446: 3233 2658 995
447:
448: 2897 2407 2179 2070 476
449: 2639 2505 1756 733
450: 1213
451: 2170 1821 880
452: 1194
453: 2669 1612 704
454: 2245 893 524
455: 2581 1937
456: 3339 3308 2172 1172 1096
457: 2881 2727 2498 1716 1112 725
458: 3100 3008 2137 1420 530 508
459: 3494 2249 1988 1819 1637 1545 1203
460: 3486 798
461: 779 764 642
462: 2206 622 537
463: 1838 1307
464: 3133
465: 3026 2128 652
466: 2896 2766 1159 996 849
467: 1823 1157 685
468:
469: 3025 2433
470: 3289 2698 2180 820
471: 2572 705
472:
473: 3511 1697 1437 1126 950
474: 3021 1119
475: 1981 1712 542
476: 2350
477: 2688 2600
478: 3367
479: 597
480: 1710
481: 3455 3292 3163 1676 568
482: 2652 604
483: 1065 868
484: 2819 2438 1667 573
485: 998
486:
487: 1364
488: 1050
489: 956 709 682
490: 2710 1323 1259
491: 2887 745 649
492: 2563 1405 1051 1024 902
493: 2464 2110 551
494: 1472 1230 948 904
495: 751 639
496: 669
497: 3011 1951 1786
498: 3368 634
499:
500: 2883 2531 2047 689
501: 603
502: 3299 1552
503: 2158 1983 1681 1365 1090
504:
505: 3126 2327 848 739
506: 3176 2468 2450 900
507: 3117 758
508: 3533 2812 1868 1613 1492
509:
510: 3341 2675 592 567
511: 1818
512:
513: 1093
514: 3328 2318 607
515:
516: 1575 797 596
517: 1903 1647 1079
518: 1070 740
519: 1696
520: 2690 1859 613
521: 2678 2058 1296
522: 2368
523: 3470 2064
524: 2603 2029 1168
525: 3360 3296 560
526: 2779 1195
527:
528: 1382 855
529: 3238 2076 1832 1615 847 810 565
530:
531: 1166 630
532: 2007 696 616
533:
534: 765 742
535: 3036 2620 1886 1734 1440 641
536: 974 876 581
537: 990
538: 1968 1486 1413 655 644
539: 3058 2278 2046 1898 1714 851
540: 1976 1557 1513 1324
541: 3025 1395 1200 1199 684
542: 2248 2238 1768 1740 1173 942
543: 1902
544: 3469 2904 2397 1981
545: 1790 679
546: 1373 1281
547: 1980 1715
548: 2919 2431
549: 2535
550: 2952 1686
551:
552: 1500 1473 885
553: 3289 2698 2638
554: 3420 2941
555: 3211 1078 1043
556: 963 845
557:
558: 2824
559: 2023 1488
560: 1398 624
561: 2238 1768 1641 914
562: 2881 2815 1716
563:
564: 3379 3335
565: 3441 2739 2630 2622 1366
566: 3024 2847 2227 1610 1279
567: 2198
568: 2332 794 773
569: 3438 1910 1780
570:
571: 646
572: 1287 1219
573: 3143 2883 1583 1563
574: 3059
575: 2946 2481 1181 693
576: 692
577:
578: 2367 1763
579: 1635 1280
580: 875
581: 2982 1588 1244
582: 2587 1498 1067
583: 2350
584: 783
585: 2902 2857 2747 2296 2283 1831 1830 1814
586: 1976
587: 2878 1860 879 781 694
588: 2308 2198 1225 1034 1004
589: 1175
590:
591: 2398 1741 1020
592: 2726
593: 2882 1235
594: 1765 1029
595: 2484 1037
596: 2135
597: 2878 1132
598:
599: 1018 951 949
600: 2033 1104 757
601: 2571 1529 982
602: 2317 1325
603: 2388 1745 985 650
604: 1379 938
605: 2182 643
606: 2390 1368
607: 2950 925
608: 2897 2371 2179
609: 3531 2418
610: 2788 1682 1322
611: 744
612: 2914 2692 730
613: 2210 1721 1543 952 746
614: 2404 1966 1731 1192
615: 1110
616: 2644 2604 909
617:
618: 1804 1460
619:
620:
621:
622: 754
623: 1022
624: 2756 869
625: 2232 1239 741
626:
627: 2896 2766 1159
628: 2435 1040
629: 2333
630:
631: 2529
632: 3251 3216 2714 701
633: 1146 817
634: 2020 1493
635: 1946
636: 3432 1857
637: 2226 720 698
638: 2362
639: 2655
640: 1927 1826 680
641: 1156 719
642: 2686 1967 1797 1209 973 940
643: 2982
644: 3051 2908 1952
645: 2624 2280 1738
646: 2746
647:
648: 2673 2598 2467 2295 1151
649: 2865 2740
650: 3278
651: 1979
652: 1409 724
653: 2000 1912 1569
654: 3354 2632 1270
655: 1336 1305 1027
656: 1400 1369 808
657: 3457 3375 3315 3271 2040 1990 1073 983 917 896
658:
659: 2271 1217 770 722
660: 3450
661:
662: 1317 1188 976 958
663: 775 707
664:
665: 2160 1869 1539 1035 857
666: 3540 2139 2117 804
667: 3019 736
668: 2676 2529 1039
669:
670: 2232 1606 1048 1025
671: 2535 980
672: 3390 2309
673:
674: 2229
675: 2861 2298 1218
676:
677:
678: 3429 2073 1530 1459 1401 1262
679: 1920 1214 969
680: 947 907 836
681: 1906 1512 1397
682:
683: 2947
684: 3087 1877 1585 1320 1223
685: 2793
686: 910
687: 2526 1784 1161 1109
688: 1274
689: 3136 2186 2087
690: 2423 2241 1660 1384 1338 1117
691: 2422 1306 1095 814 809
692: 2915 2565
693: 2354
694: 3011 2152 1893 1687
695: 2592
696: 3289 2698 1549
697: 3246 3193 2668 2447 1588 1553 1091
698: 3297 2712 1617
699: 772
700:
701: 2363 1407 1036
702: 908
703:
704: 2466 1140
705: 3455 1737
706:
707: 2859
708: 791
709: 2980 2215 1571 1475 1056 863 748
710:
711: 3260 2895 1751 1201
712: 2909 1423 1288 846
713: 2413 1250
714: 1933 1795 1247
715: 3076 1316
716: 3378 2102 1961
717: 2794 1374 1196 819
718: 3315 1021 955 840 785
719: 2850 2803 2492 1152
720:
721:
722: 1086 911 759
723: 1865
724: 1978
725: 2161 2031 1875 1399
726: 2021 1621
727:
728: 3039 2429 841
729: 822
730: 2821 2510 2277 2257 1863
731: 3261 3016
732: 1038
733: 2706 2356 1128
734:
735: 1948 1499
736: 2603 2558 2029 883 802
737: 3200 2694 830
738:
739: 3177 2062
740: 3385 1484
741: 2987 1678
742: 3355 1852
743: 3339
744: 944 818
745: 2340 870
746: 2204
747: 3457 796
748:
749: 2809 1503 1310 1290 1258 1137
750: 3500 1928 1605 1520
751: 2170
752: 1634 1489 927 874
753:
754: 1003
755: 2597 2530 1879 1760 1101
756: 1851 1743 933
757: 3248
758: 2882 2824 1235
759: 2674 824
760: 3377 2688 2600
761: 2718 1739 1578 1560
762: 3374 2917 1595 1329 1210
763: 1566
764: 1516
765:
766: 2976 2610 2491 945 837
767:
768: 1923
769: 3516 2233 2181 1551
770: 3099
771: 2782 2746 2733
772:
773:
774: 2634 1081
775: 1736
776:
777: 2961 1224
778: 1973 1058
779:
780: 3228 884
781: 1245
782: 3087 1320 1223 913
783: 1205
784: 3066 2443 960
785: 1540
786: 892
787: 3251 3216 1388 1030
788:
789: 1277
790: 3477
791: 1774 1593 906 872
792: 2999 1143
793: 3026
794:
795: 3419 1589 1111
796: 2808 1548
797:
798:
799:
800: 2606 1730 1404
801: 3405
802: 1698
803: 2754 1291
804: 3476 2787 2127 1614 1436 1186 993
805: 1798
806:
807: 1457 975
808: 1985
809: 1558 1059
810: 2270 1150
811: 2911
812: 3392 3340 1311
813: 2079
814: 3166 923
815: 1424
816: 1637
817: 1139 1049
818: 2965
819:
820: 1047
821: 2448 1616
822: 3153
823: 1274
824: 3012 1939 1657 1629 1385 1204
825: 1754 1154 1142
826: 2590 1392 1057
827: 2224 1133
828: 1013
829: 1992 1885
830: 3525 2200 936
831: 2090 1572 1556 1449 1347 1108
832: 3394 3294 1829 953
833: 2950 2613
834: 1957
835: 1815
836: 1993 1976 1215
837:
838: 2215
839:
840: 3224 1958
841: 2568 1598 1123
842: 1562
843: 1524 890
844: 2866 2636 2387 2221
845:
846: 2452
847:
848: 1482 1102
849: 1588 1055
850: 3534
851: 3014 2732
852: 2365 1148 1083
853: 3259 2994 2861 2298 1053
854:
855:
856: 1935 1864 1014
857: 2207 1895 1114 1077
858: 2452 1533
859: 3323 2599 2055 1811
860: 1289
861: 1945
862: 1087
863: 2403 1564
864: 1346
865: 2497
866: 3052 1292
867: 2799
868: 3038 2093 1938
869:
870: 3246 2447
871: 1887
872: 1180
873:
874:
875: 2537
876: 1521
877: 1688 1487 939
878:
879:
880:
881: 1810
882: 3077 1507
883: 2196
884: 2974 2951 1822
885:
886: 1344
887: 1856
888: 1778 954
889: 1052
890: 2108
891: 2396 2024
892: 1541
893:
894:
895: 2224
896: 1362 1124
897: 2795 1921 1207
898: 2877 1418
899:
900: 2162 1167
901: 1674 1356 991
902: 3025 1383
903:
904: 1668 1100
905:
906: 3075
907: 1511 1303
908:
909: 1782
910: 3526 3515 3153 981
911:
912: 3075 2346 1844 1799 1656
913: 1654 1301 1000
914: 2980
915: 1538
916: 3467 3202 1461
917: 1835
918: 1958
919: 2461
920: 2636 2221
921: 1355
922:
923: 1387
924: 2731
925: 3167 2639
926:
927:
928: 1158
929: 3507 1586
930: 962
931: 2656 1604 1134
932: 2262
933: 1054
934:
935: 2471 1622 1033
936: 2791 1481
937: 2240
938: 3071 2831 2228 1508 1406
939: 3165 2010 1555
940: 3286 2080
941: 3069
942: 3414 2225 1471 1354
943: 3358 2542 1240 1041 989
944: 1251
945: 2680 1766 1031
946: 3304 1705 1271
947: 1793 1072
948: 3212 2948
949: 2881 1702 1283
950: 2710 1375 1241
951: 2660 1521
952: 1664 1494 1220
953: 1334 1017
954: 2753 2391 2224 1713
955: 1302 1092
956: 3403 1256
957: 3387
958: 2780 2091 1833
959: 2602
960: 1131
961: 1917
962:
963: 2702 2266 1452
964: 2555
965:
966: 2463 2398 2259 2234 1451
967: 3376
968: 1800
969: 1351
970: 2520 1554
971: 3244
972: 2082 1138
973:
974: 2017
975:
976: 3519 1850
977: 2037 1458
978: 3374 2917 2122 2100
979: 1063
980:
981: 1225
982: 3440 1684 1444
983:
984: 2149 2074 1950
985: 1975
986:
987: 2889 2777
988: 1789
989: 3014 2732
990: 3256
991: 2427 1627
992: 2575 2263 1953 1428
993:
994: 2831 1661
995: 2253
996: 1278
997: 3159 2705 1480
998:
999: 2756 1628 1178
1000: 1637
1001: 2262 1573
1002:
1003:
1004: 1084
1005: 1862
1006: 1496
1007: 3339 3123 2589 2588 1834
1008: 2826 1532
1009: 1896 1649 1597
1010: 2156 1550 1098
1011:
1012: 2369
1013: 1537
1014: 2089
1015: 3228 2349
1016: 3483 2178 1135
1017: 2225 1103 1071
1018: 1463 1396
1019:
1020:
1021: 3529 3439 1765
1022: 1753
1023:
1024:
1025: 2830 2814 1314 1122
1026:
1027:
1028: 2618 1501
1029: 3402 2929 2881 1916 1722 1716 1485
1030: 3417 3239 1949 1706
1031:
1032:
1033:
1034: 2556
1035: 1149
1036: 1253
1037: 2002
1038: 1315
1039: 1747 1357 1348
1040: 2078
1041: 2614 2053
1042: 1949
1043: 3237
1044:
1045: 1380
1046:
1047: 1877 1585
1048:
1049: 2825 1353
1050: 3483 2730 2178 1691 1121
1051: 1531
1052: 2934 2018
1053:
1054:
1055: 2067 1699 1447
1056: 2679 2442 1881 1115
1057: 2552 2258
1058: 2524 1580
1059: 2885
1060:
1061:
1062:
1063: 2265 2230
1064: 3214 1623
1065: 1448
1066: 1925 1785
1067: 3018
1068: 1497
1069: 2829 2502
1070: 2770 1147
1071: 1790
1072:
1073: 2514 1363
1074: 1984 1284 1266
1075: 1367 1216
1076: 3233
1077: 3358 1996
1078: 2577 1490
1079: 3235 2293
1080: 1454
1081:
1082: 1456
1083: 1264
1084: 3222
1085: 1601
1086:
1087:
1088: 3038 2486 1517 1183
1089:
1090:
1091:
1092: 3323 2599 1811
1093: 1326
1094: 1880
1095: 2995 2805
1096: 3090
1097:
1098:
1099:
1100: 1655
1101:
1102:
1103:
1104:
1105: 1445
1106: 2260
1107: 2559 1318
1108:
1109: 2650
1110: 2343 1177
1111:
1112:
1113: 2457 2104
1114:
1115: 1700
1116:
1117: 2034 1956
1118: 2069
1119: 2867
1120:
1121: 3043 1345
1122: 3491 1837
1123: 1943 1515
1124: 2656 2154
1125:
1126: 1208
1127: 3459 2870 1584 1435
1128: 1299
1129:
1130:
1131:
1132: 3405
1133: 2384
1134: 1267
1135: 1479
1136:
1137: 2234 1343 1227
1138: 1358
1139: 2000 1912
1140: 1701
1141:
1142: 2342
1143: 1349
1144:
1145: 1727 1708
1146: 3250 3035 3005
1147:
1148:
1149: 2548 2357 2057
1150:
1151: 3155 2039 1905
1152:
1153: 3447 1854
1154: 2629 1570 1246
1155:
1156:
1157:
1158: 2752
1159: 1690 1669
1160: 1670
1161: 2577
1162:
1163: 3369 2970
1164:
1165: 3209 2949
1166: 1820
1167:
1168: 3443 2098 1248
1169: 3248 1226
1170:
1171: 3108 1683
1172: 2355 1609
1173: 3086 3066 2938 2443
1174: 2510 2257
1175: 1942 1846 1664
1176:
1177: 3305 3225 2631
1178: 2439 2375
1179: 3360
1180: 3467 3202 1461
1181: 1509
1182: 1433
1183:
1184: 2689
1185: 2971 2928 2097 1469 1378
1186:
1187: 2802
1188: 3004 2338
1189:
1190:
1191: 2116 1337
1192: 2867 2772 2701 1960
1193: 3396 2628
1194:
1195: 1327
1196: 2902 2857 1830
1197: 3518 2036
1198:
1199:
1200: 3131 1951 1707
1201: 2003 1749
1202: 1771
1203: 2625 1342
1204: 2101
1205: 2583 1603
1206:
1207: 1977 1361
1208:
1209:
1210:
1211: 1799 1656
1212: 2968 2574
1213: 3514 2126
1214:
1215: 1591
1216:
1217: 1626
1218:
1219: 3094
1220:
1221:
1222: 1526
1223:
1224:
1225:
1226: 1618
1227: 3488 3057 2071
1228: 1333
1229: 1582
1230: 3432 1857 1739 1578 1560 1434 1286
1231: 1577 1422
1232: 1319
1233:
1234:
1235: 1659
1236:
1237: 2830 2814 2751
1238:
1239: 1750 1733
1240: 3033 2977
1241:
1242: 3275 1636
1243: 2017 1506
1244: 3044
1245: 2125
1246: 1465
1247: 3071 1285
1248:
1249: 2703
1250:
1251: 2445
1252: 3080 2657 2503
1253: 3084 3029
1254: 2965 1331
1255: 1304
1256: 3248 2168 1542
1257: 3442 3431
1258: 2096 1339
1259: 1709 1547
1260:
1261:
1262: 1650
1263: 1643
1264: 3089
1265: 3236
1266: 3372 1744
1267: 3377 2714
1268: 2714
1269: 2396 2274 1970 1510
1270: 2586
1271: 2950 2554 2023
1272: 3100 1911
1273: 3531
1274: 2823 2150
1275: 1536
1276: 2659 2187
1277: 2485
1278:
1279: 3513 2416
1280:
1281: 2720 1676
1282:
1283: 2506
1284: 2371
1285:
1286: 3378 2102
1287: 2607 2315
1288:
1289: 3437 3080 2657
1290: 3059
1291:
1292: 1658
1293:
1294: 2721
1295: 2729
1296: 1894 1522
1297: 2858 2157
1298: 2153
1299: 2417 2177
1300: 3283 2868 2176 1389
1301: 1807 1652
1302: 3185
1303:
1304:
1305:
1306: 2400
1307: 2353 1998
1308: 2749 1638
1309:
1310: 2588 1764 1746
1311: 1672
1312: 3450 2804 1924
1313: 1779
1314: 2708 1642
1315: 3034
1316: 1402
1317: 3357 2883 2677 2531 1995
1318:
1319:
1320: 3118 2513 2323 2256
1321:
1322: 2660
1323: 3386
1324: 2326
1325:
1326:
1327: 1608 1476
1328: 2998 2793
1329: 2341
1330: 2302
1331:
1332: 2935
1333: 3404 2567 2311 1619
1334:
1335: 2681 2203
1336:
1337: 1663 1394
1338:
1339:
1340: 3346 2109 1417
1341:
1342: 2335
1343: 2165 1792
1344: 2217
1345:
1346: 3542 3288 2300
1347:
1348: 2022 1587 1462
1349: 2935
1350: 1624
1351:
1352: 1477
1353: 1504
1354: 1725 1450
1355:
1356:
1357: 3038 2093 1938 1735 1443
1358:
1359: 2916 2796
1360: 3269
1361: 2844 2133
1362:
1363: 3468 3115
1364: 2978 1962
1365: 3114 2692 1518
1366: 1954
1367: 3135 1899
1368:
1369: 3307
1370: 3437 1936 1692
1371:
1372:
1373: 1535
1374: 2406 1495
1375: 1944 1568 1544
1376:
1377: 3144
1378: 2790
1379: 2910 2408
1380: 1519
1381: 3257 2083
1382:
1383: 2898 2569
1384: 1680
1385: 3314 3108
1386: 2842 2704 1883
1387: 2014 1565
1388: 2776
1389: 3456
1390:
1391: 3395
1392: 3387
1393: 3075
1394: 2377
1395: 2962 1919
1396: 2733
1397:
1398:
1399:
1400: 2521
1401: 3428
1402:
1403:
1404: 2144
1405: 3220 2496
1406: 1932
1407: 3063 2643
1408: 3406
1409: 1611
1410:
1411:
1412:
1413: 2047
1414:
1415:
1416: 3189 2943 1809
1417:
1418: 3084
1419: 3116
1420:
1421: 3356 3268 1955 1666
1422:
1423: 3001 2678 2058
1424: 3248 2668 1773 1553
1425:
1426: 1848
1427:
1428: 2454
1429: 2385
1430:
1431: 3109
1432:
1433: 3405
1434: 3341 2675 1866
1435:
1436:
1437:
1438: 2269
1439: 1781 1703
1440:
1441: 3096
1442:
1443:
1444: 3163 1576
1445:
1446: 3172 2763
1447: 3188
1448:
1449: 1867
1450: 2052
1451:
1452: 2592
1453: 2816 2479
1454:
1455:
1456:
1457: 3369
1458: 1827
1459: 1639
1460: 2507 1514
1461: 3360
1462:
1463: 2833
1464: 1718
1465:
1466: 3344
1467:
1468: 2475 2050
1469:
1470:
1471: 1776 1769
1472: 1989 1847
1473: 2652 1645
1474:
1475:
1476:
1477: 1929
1478: 2788 1682
1479:
1480: 3001
1481:
1482:
1483:
1484: 2647 2188
1485:
1486: 2545
1487: 3518
1488:
1489:
1490: 2635
1491: 2138 1882
1492: 2593 2008 1594
1493:
1494:
1495:
1496: 3273 2528 2189
1497:
1498: 3261 3016
1499: 3276 1561
1500: 2119 2066
1501: 3046 2035
1502: 1835
1503: 3489 2185 1926
1504:
1505: 3093 2501 1574
1506: 2662
1507: 2495
1508:
1509: 2828 2440 2420
1510: 2776
1511:
1512:
1513: 3081
1514: 2544 2131
1515:
1516:
1517: 3008
1518:
1519: 2146
1520:
1521:
1522: 2329 1665
1523: 2299 2043 1965
1524:
1525:
1526:
1527: 2211
1528: 3329 3290 2727 2337 1971
1529: 2516
1530:
1531:
1532: 2500
1533:
1534: 2503
1535: 3145 2926 1889
1536:
1537: 2741 2653
1538: 1915
1539:
1540:
1541: 2112
1542: 3072 2504
1543: 3041 2713
1544:
1545:
1546:
1547:
1548: 3046
1549:
1550:
1551:
1552: 3324 2969
1553:
1554: 2306 2045
1555: 2042 2011
1556: 2891 1803 1600
1557: 1907 1825
1558:
1559: 3211
1560:
1561: 3167
1562: 2487
1563: 1607
1564:
1565:
1566: 3197 2649
1567:
1568: 3418 2986 2545 2015
1569:
1570:
1571:
1572: 1796
1573:
1574:
1575:
1576: 3421 1922 1839
1577:
1578:
1579: 2044
1580: 3479
1581: 1679
1582: 1640
1583:
1584:
1585:
1586: 1884
1587: 3054
1588: 2164 1631
1589: 2460
1590: 2546
1591: 2767
1592: 2129
1593: 2993
1594: 2742
1595: 2784
1596: 2167 1904 1717
1597:
1598: 1874
1599: 2560 2099
1600:
1601: 2026
1602:
1603:
1604: 2063
1605: 2683
1606:
1607: 2894 2890
1608:
1609:
1610: 2287
1611: 1651
1612: 2925 2360
1613: 2707 2458
1614: 2579 2470
1615: 3480 3107
1616:
1617: 3154
1618: 2616 2518
1619:
1620:
1621: 3309
1622:
1623: 2320
1624: 1718
1625:
1626:
1627:
1628:
1629:
1630:
1631: 2617
1632:
1633:
1634: 2243 2088 1791
1635:
1636: 3013
1637: 2670 2573
1638:
1639: 2254
1640: 2512 2292
1641:
1642:
1643:
1644:
1645: 2872 2012 1794
1646: 3455
1647:
1648: 2525
1649: 2515
1650: 2835 2330
1651: 2768
1652: 3282
1653: 3247 2059
1654:
1655: 3120
1656: 1761
1657:
1658: 2550
1659:
1660:
1661: 3369 1802
1662:
1663: 2761
1664:
1665: 2582
1666:
1667: 3163 2473
1668:
1669: 2456
1670: 3355 2837
1671:
1672: 3492 3178 1813
1673: 2392
1674:
1675:
1676: 3094
1677: 3264 2789
1678:
1679: 1817
1680:
1681: 3104
1682: 3521
1683:
1684: 2130
1685: 3123 3037 1891
1686: 2111
1687:
1688: 3201 2855
1689:
1690: 1861
1691:
1692:
1693: 2883 2531 1757
1694: 2743
1695: 3266 1900
1696:
1697: 2147
1698:
1699:
1700: 3337 1775
1701: 2469
1702:
1703: 3481
1704: 3219
1705:
1706:
1707:
1708: 1982 1808 1759
1709:
1710: 1724
1711: 3015
1712:
1713: 2155
1714: 1986
1715:
1716: 3115
1717: 3198 3171
1718: 3483
1719: 1748
1720:
1721:
1722:
1723: 2239
1724:
1725: 3048
1726:
1727: 2601
1728: 1836
1729:
1730: 2664
1731: 1987
1732: 2153
1733:
1734: 2839 2477
1735: 2038
1736: 3411
1737: 2396
1738:
1739: 2633
1740:
1741:
1742: 1870
1743: 2028
1744:
1745:
1746: 3364
1747: 1969
1748:
1749: 2201 1963
1750:
1751: 3030
1752:
1753: 3537
1754: 2936
1755: 2141
1756:
1757: 2715 2576
1758: 2955
1759:
1760:
1761:
1762: 2237
1763:
1764: 2002
1765:
1766:
1767:
1768: 3074 2876 2564 1816
1769: 3367
1770:
1771: 2379
1772:
1773:
1774: 2205
1775: 2434 2276 2113 1913
1776:
1777: 3192
1778: 3227 2541 2242
1779:
1780:
1781:
1782: 2051
1783: 3194
1784:
1785:
1786: 3459 2870
1787: 3006
1788:
1789:
1790:
1791: 2748 1828
1792: 3280 2925 2729 2360
1793: 2971 2928 2241
1794: 2219
1795:
1796:
1797: 3122
1798: 3111
1799:
1800: 2060
1801:
1802: 1892
1803:
1804: 3057
1805:
1806:
1807: 2083
1808: 2772 2701
1809:
1810: 2118
1811:
1812:
1813: 2810
1814:
1815:
1816:
1817: 2285
1818:
1819:
1820: 2785 2519 2223
1821:
1822:
1823: 2190
1824:
1825:
1826: 2013
1827: 2988
1828: 2453
1829: 2960
1830: 3102
1831: 2009
1832: 3260
1833: 2193 1959
1834: 3450 3170
1835: 3231 2540
1836: 2611 2358
1837:
1838:
1839:
1840:
1841: 2246
1842: 3105
1843:
1844: 3399 3055 2838 2735 2542
1845: 1940
1846:
1847: 2216
1848:
1849: 3522
1850:
1851: 1878
1852:
1853:
1854: 2334
1855: 2316 1873
1856: 1972
1857: 2517
1858: 3503 2389
1859:
1860:
1861:
1862: 2913
1863:
1864:
1865:
1866:
1867: 3101 2937 2553
1868: 2006
1869:
1870: 2191
1871: 2718 1930
1872: 2136
1873:
1874:
1875: 2049
1876:
1877:
1878: 2966 2879
1879:
1880:
1881:
1882:
1883: 2693
1884: 3498
1885: 2915
1886:
1887: 2923 2444
1888:
1889: 2637
1890:
1891: 2640
1892:
1893:
1894: 2032
1895: 3132
1896: 3082
1897:
1898: 2465
1899:
1900:
1901:
1902:
1903:
1904: 2615 2424
1905:
1906: 2638 2267 2085
1907: 3295
1908: 3430 2312 2005
1909:
1910: 2884
1911:
1912: 3061
1913: 2347
1914: 2549
1915:
1916:
1917: 2836 2723
1918: 3258
1919: 3526 3515 3383
1920: 1975
1921:
1922: 3113 2432 2328
1923:
1924: 2648 2077
1925:
1926: 3330 2425
1927:
1928:
1929: 2612 2382
1930:
1931:
1932: 2820
1933: 3173 2562
1934: 3291
1935: 2290
1936: 2335 2151
1937: 3342
1938:
1939:
1940:
1941:
1942:
1943:
1944:
1945:
1946: 2415
1947: 2261
1948:
1949: 3247
1950:
1951:
1952: 2975 2532
1953: 2744 2001
1954: 2437 2395 2175
1955: 2208
1956: 2954
1957: 2426
1958: 2134
1959: 3061 2366
1960:
1961:
1962: 3134 2685
1963: 3091
1964: 3099
1965:
1966: 3297 3284
1967:
1968: 2691
1969:
1970:
1971:
1972:
1973:
1974:
1975: 3433
1976: 2933
1977: 3124
1978:
1979:
1980:
1981:
1982:
1983: 2092
1984: 3175
1985:
1986:
1987:
1988: 2737
1989:
1990: 2811 2476
1991: 2773
1992:
1993: 2862 2383 2303
1994: 2094
1995:
1996: 3311 2645
1997:
1998: 2095
1999: 3003
2000: 3445 2331
2001: 2570
2002: 2924
2003: 2173 2068
2004:
2005: 2536
2006:
2007:
2008: 3383
2009: 2072
2010: 2738 2419 2184
2011:
2012: 2946
2013:
2014:
2015:
2016: 3384
2017: 2508 2048
2018:
2019: 3230
2020: 2736
2021: 2124
2022:
2023:
2024: 3207
2025: 2159
2026:
2027: 2418
2028:
2029: 2192
2030: 2803
2031:
2032:
2033:
2034: 2115
2035:
2036:
2037: 3285 2218
2038:
2039:
2040:
2041:
2042:
2043: 2523
2044: 2991
2045: 2106
2046: 3152 2247
2047: 3000
2048:
2049: 2361 2166
2050:
2051:
2052:
2053:
2054: 3297 2712
2055: 2869
2056:
2057: 2974 2951 2351
2058: 3149 2282 2231
2059: 3231
2060:
2061: 2843 2663 2566
2062: 3383
2063:
2064: 3465
2065:
2066:
2067:
2068:
2069: 2786
2070: 3263
2071:
2072:
2073: 3028
2074:
2075: 2783 2696
2076: 3010 2373
2077:
2078: 3250
2079: 2482
2080: 3425 3252 2875
2081:
2082:
2083: 2832
2084:
2085:
2086:
2087:
2088:
2089:
2090: 3255
2091:
2092:
2093: 3527 3281 2472
2094: 3327 2940
2095:
2096:
2097: 3310 3176
2098:
2099: 2169
2100:
2101:
2102: 2281
2103: 3106
2104: 3047
2105: 2967 2641
2106:
2107: 3020 2324
2108:
2109:
2110: 3475
2111: 3412 2410
2112: 3449 2380
2113: 3095
2114:
2115: 3321 2873 2143
2116: 2268
2117:
2118: 3241
2119:
2120: 2759 2195
2121:
2122: 3210 3164 2405
2123:
2124: 2352
2125: 3522
2126: 2672
2127: 3352 2499
2128:
2129: 2291
2130: 2142
2131: 3355
2132:
2133:
2134:
2135:
2136:
2137:
2138: 3160
2139: 3300 3272 2273
2140:
2141: 3347
2142:
2143:
2144:
2145: 3229
2146:
2147: 3382
2148:
2149: 2321
2150:
2151:
2152:
2153:
2154: 2459
2155: 2983
2156:
2157:
2158: 3125
2159:
2160: 3358
2161:
2162:
2163: 2402
2164:
2165: 2958
2166: 2325
2167:
2168: 3205
2169:
2170:
2171:
2172: 2275
2173:
2174:
2175:
2176:
2177: 2344
2178:
2179:
2180: 2798
2181: 2720
2182:
2183: 3265
2184: 3473 3383
2185:
2186: 2493
2187:
2188:
2189: 2713
2190: 2194
2191: 3372
2192:
2193:
2194:
2195:
2196:
2197:
2198: 3269 3191
2199:
2200:
2201:
2202:
2203:
2204:
2205:
2206:
2207:
2208:
2209:
2210: 2507
2211: 2709
2212:
2213:
2214:
2215:
2216:
2217: 2813
2218: 3361
2219:
2220: 2359
2221: 2409
2222: 2498
2223:
2224: 2760
2225:
2226:
2227:
2228: 3525 3325
2229: 3418 3350
2230:
2231:
2232: 3243
2233:
2234:
2235:
2236:
2237: 2264
2238: 3424
2239: 3364
2240:
2241:
2242: 3381
2243:
2244:
2245: 3181 3161 2874
2246: 2848
2247: 2494
2248: 3389 2864
2249: 3334
2250: 2863
2251: 2830 2814
2252:
2253:
2254:
2255:
2256: 3463
2257:
2258:
2259:
2260:
2261:
2262:
2263:
2264: 3495 2626
2265:
2266:
2267: 2511
2268: 2348
2269: 2900
2270:
2271:
2272: 3390
2273:
2274: 2345
2275: 2665 2376
2276:
2277:
2278: 2781
2279:
2280:
2281:
2282:
2283: 3365
2284: 3464 3320
2285:
2286:
2287:
2288:
2289:
2290:
2291: 2310
2292:
2293:
2294:
2295: 3150
2296:
2297:
2298: 2817
2299: 2856 2322
2300:
2301: 2762
2302: 2557
2303: 2595
2304:
2305:
2306: 3500
2307:
2308: 2378
2309:
2310:
2311:
2312:
2313: 2449
2314: 3363
2315:
2316:
2317:
2318:
2319:
2320: 2414
2321:
2322: 3215 2841
2323:
2324:
2325: 2522
2326:
2327: 3062
2328:
2329: 3151
2330: 3232 2421
2331:
2332:
2333:
2334:
2335: 2646
2336:
2337:
2338:
2339:
2340:
2341:
2342:
2343: 3453
2344:
2345:
2346:
2347: 3203
2348: 2446
2349:
2350:
2351:
2352:
2353: 3140
2354:
2355: 3234
2356: 3129
2357:
2358: 3300 2533
2359: 2474
2360:
2361:
2362: 2845
2363:
2364:
2365:
2366: 3022
2367:
2368: 2700
2369:
2370:
2371: 3137
2372:
2373: 2899
2374:
2375:
2376:
2377:
2378:
2379: 2671 2490
2380:
2381:
2382:
2383:
2384:
2385: 3487
2386:
2387: 2509
2388: 2399
2389:
2390: 3221
2391:
2392:
2393:
2394: 2892
2395: 2605
2396:
2397:
2398: 3472
2399:
2400:
2401:
2402:
2403: 2682
2404: 2907 2585 2455
2405:
2406: 2863
2407: 3541 2488
2408:
2409: 2794
2410:
2411:
2412: 2480
2413: 2807
2414:
2415:
2416:
2417:
2418:
2419:
2420:
2421:
2422:
2423:
2424: 3426
2425:
2426:
2427:
2428: 3157 2939
2429: 3183
2430: 2699
2431: 2578
2432: 2896 2766
2433:
2434:
2435:
2436:
2437:
2438:
2439:
2440:
2441: 3093
2442:
2443:
2444:
2445:
2446:
2447:
2448: 2985
2449: 3333
2450: 3009
2451: 2972
2452:
2453:
2454:
2455: 2893
2456:
2457:
2458: 3195
2459: 2538
2460: 2765
2461:
2462:
2463: 2912
2464: 2931
2465:
2466:
2467:
2468:
2469:
2470:
2471: 2594
2472: 3128
2473:
2474:
2475:
2476:
2477:
2478:
2479:
2480:
2481: 3182 3049
2482:
2483: 3119
2484: 2822
2485:
2486:
2487:
2488: 3158 2852
2489:
2490: 2716
2491:
2492:
2493:
2494:
2495: 2880
2496:
2497: 3543
2498:
2499:
2500: 3540
2501:
2502:
2503:
2504:
2505:
2506:
2507:
2508:
2509:
2510:
2511: 2818
2512:
2513: 2534
2514: 3315 2964 2667
2515: 3027
2516:
2517: 2627 2539
2518:
2519:
2520: 2997
2521: 3200 2694
2522:
2523: 3442 3431
2524:
2525:
2526:
2527:
2528:
2529:
2530:
2531: 3336
2532:
2533:
2534: 3485
2535: 2792
2536:
2537:
2538:
2539:
2540: 2719
2541:
2542:
2543:
2544:
2545:
2546: 2758
2547:
2548:
2549:
2550:
2551:
2552: 3199
2553:
2554:
2555:
2556: 3316
2557:
2558:
2559:
2560:
2561:
2562: 3398 3245
2563:
2564:
2565:
2566:
2567:
2568: 3511 2797
2569: 3183 2684
2570:
2571:
2572:
2573:
2574:
2575: 2989
2576:
2577:
2578:
2579:
2580:
2581:
2582:
2583: 3307
2584: 2973
2585: 3162
2586:
2587:
2588:
2589: 3380
2590: 3130
2591:
2592: 2769
2593:
2594:
2595: 3206
2596: 3064
2597:
2598:
2599:
2600: 3141
2601: 3317
2602:
2603: 3448
2604:
2605:
2606: 2757
2607:
2608: 3476
2609:
2610:
2611:
2612:
2613:
2614:
2615:
2616: 3351 2853
2617:
2618: 3184
2619:
2620:
2621: 2899
2622: 3312
2623:
2624:
2625:
2626:
2627: 3017
2628: 2806
2629:
2630: 3532
2631:
2632: 3506
2633:
2634:
2635: 3379 3335
2636:
2637:
2638:
2639: 2981
2640:
2641: 3530
2642:
2643:
2644:
2645:
2646:
2647:
2648:
2649:
2650: 3050 2888
2651:
2652:
2653:
2654:
2655: 3110
2656:
2657:
2658:
2659:
2660:
2661: 3056
2662:
2663:
2664:
2665:
2666:
2667:
2668:
2669:
2670:
2671: 3482
2672:
2673: 2711
2674: 3435 3349
2675:
2676:
2677:
2678:
2679:
2680:
2681:
2682:
2683: 3179
2684: 3423
2685: 3186
2686:
2687:
2688: 3410
2689:
2690:
2691: 3388
2692:
2693:
2694: 2724
2695: 2750
2696:
2697:
2698:
2699:
2700: 3343
2701: 3262
2702: 3446
2703:
2704:
2705:
2706: 3168
2707:
2708:
2709:
2710: 3444 3098
2711:
2712:
2713: 2764 2722
2714:
2715:
2716:
2717:
2718: 2871 2774
2719:
2720:
2721:
2722: 3306
2723:
2724:
2725:
2726:
2727:
2728:
2729:
2730:
2731: 3319
2732:
2733: 3174
2734:
2735:
2736: 3249
2737:
2738:
2739:
2740:
2741:
2742:
2743:
2744:
2745:
2746: 3474 3196
2747:
2748:
2749:
2750:
2751: 3544
2752:
2753:
2754: 3505
2755:
2756: 2886
2757: 3490
2758: 2901
2759:
2760: 3042
2761:
2762:
2763: 2840
2764:
2765:
2766:
2767:
2768: 2994
2769:
2770: 2932
2771: 2834
2772:
2773: 3147
2774:
2775:
2776:
2777:
2778:
2779:
2780:
2781:
2782:
2783:
2784:
2785: 2942
2786:
2787:
2788: 2945
2789:
2790:
2791:
2792:
2793:
2794:
2795:
2796:
2797:
2798:
2799: 3397 2990
2800:
2801:
2802: 2905
2803: 3023
2804:
2805:
2806:
2807:
2808:
2809:
2810: 3177
2811:
2812:
2813:
2814:
2815: 2984
2816:
2817:
2818:
2819:
2820:
2821: 2959
2822: 2957
2823:
2824:
2825:
2826: 3371
2827:
2828:
2829:
2830:
2831:
2832:
2833: 3454 2906
2834:
2835:
2836:
2837: 3031
2838:
2839: 3083
2840: 3449
2841:
2842:
2843:
2844:
2845:
2846:
2847:
2848:
2849:
2850:
2851:
2852:
2853:
2854:
2855:
2856:
2857:
2858:
2859:
2860:
2861:
2862:
2863: 3223
2864: 3138 3067
2865:
2866:
2867:
2868: 3112
2869:
2870:
2871:
2872:
2873: 3545
2874:
2875: 3078
2876: 3422
2877: 2920
2878:
2879:
2880: 3306
2881:
2882:
2883:
2884:
2885:
2886:
2887:
2888: 3325
2889:
2890:
2891:
2892: 3139
2893: 2979
2894:
2895: 3501
2896:
2897:
2898: 2996
2899:
2900:
2901:
2902:
2903:
2904:
2905:
2906:
2907: 3146
2908:
2909:
2910:
2911:
2912:
2913:
2914:
2915:
2916:
2917:
2918:
2919:
2920:
2921:
2922:
2923:
2924:
2925:
2926:
2927:
2928:
2929:
2930:
2931:
2932:
2933:
2934: 3331
2935: 3007 2992
2936:
2937:
2938:
2939:
2940:
2941:
2942:
2943: 3148
2944:
2945:
2946:
2947:
2948:
2949:
2950:
2951: 3398
2952:
2953:
2954: 3127
2955:
2956: 3436
2957:
2958:
2959:
2960:
2961:
2962: 3242
2963:
2964:
2965:
2966:
2967:
2968:
2969: 3493 3068
2970:
2971:
2972:
2973:
2974:
2975: 3088
2976:
2977:
2978:
2979:
2980: 3142
2981: 3190
2982:
2983:
2984:
2985:
2986:
2987:
2988: 3060
2989:
2990:
2991:
2992:
2993:
2994:
2995:
2996:
2997:
2998: 3478
2999:
3000: 3079
3001:
3002:
3003:
3004:
3005:
3006:
3007:
3008:
3009:
3010:
3011:
3012: 3121
3013:
3014:
3015:
3016: 3391
3017:
3018: 3302
3019:
3020: 3287
3021:
3022:
3023:
3024:
3025:
3026:
3027:
3028:
3029:
3030:
3031:
3032:
3033:
3034:
3035:
3036:
3037:
3038: 3487
3039:
3040:
3041:
3042:
3043:
3044:
3045:
3046:
3047:
3048:
3049:
3050:
3051:
3052: 3407
3053:
3054:
3055:
3056: 3512
3057:
3058: 3303
3059:
3060:
3061:
3062:
3063:
3064:
3065:
3066: 3471
3067:
3068:
3069:
3070: 3451
3071:
3072:
3073:
3074:
3075:
3076:
3077:
3078:
3079: 3373
3080:
3081:
3082:
3083:
3084:
3085:
3086:
3087:
3088:
3089:
3090:
3091:
3092:
3093:
3094:
3095:
3096:
3097:
3098:
3099:
3100:
3101:
3102:
3103:
3104:
3105:
3106:
3107:
3108:
3109:
3110:
3111:
3112:
3113:
3114:
3115:
3116:
3117:
3118:
3119:
3120: 3499 3240
3121: 3502
3122:
3123: 3408
3124:
3125:
3126:
3127:
3128:
3129:
3130:
3131:
3132:
3133:
3134:
3135:
3136:
3137:
3138:
3139:
3140:
3141: 3370
3142:
3143:
3144:
3145:
3146:
3147: 3279
3148:
3149:
3150:
3151: 3458
3152:
3153:
3154:
3155: 3434
3156:
3157:
3158:
3159:
3160:
3161:
3162:
3163:
3164:
3165:
3166:
3167:
3168:
3169:
3170:
3171:
3172:
3173:
3174:
3175:
3176:
3177:
3178:
3179:
3180:
3181:
3182:
3183:
3184:
3185:
3186: 3338
3187:
3188:
3189:
3190:
3191:
3192:
3193:
3194:
3195:
3196:
3197:
3198:
3199:
3200:
3201:
3202:
3203:
3204:
3205: 3393 3253
3206:
3207:
3208:
3209:
3210:
3211:
3212:
3213: 3274
3214: 3326
3215:
3216:
3217:
3218:
3219:
3220:
3221:
3222:
3223:
3224:
3225:
3226:
3227:
3228:
3229:
3230:
3231:
3232:
3233:
3234: 3359
3235:
3236:
3237:
3238:
3239:
3240: 3416
3241:
3242:
3243:
3244:
3245:
3246:
3247:
3248: 3415
3249:
3250:
3251:
3252:
3253:
3254:
3255:
3256: 3539
3257:
3258:
3259:
3260:
3261:
3262:
3263:
3264: 3460
3265:
3266:
3267:
3268:
3269:
3270:
3271:
3272:
3273:
3274:
3275:
3276:
3277: 3462
3278:
3279:
3280:
3281:
3282:
3283:
3284:
3285:
3286:
3287:
3288:
3289:
3290:
3291:
3292:
3293:
3294:
3295:
3296:
3297:
3298:
3299:
3300:
3301:
3302: 3348
3303:
3304:
3305:
3306:
3307:
3308:
3309:
3310:
3311: 3386
3312:
3313:
3314:
3315:
3316:
3317:
3318:
3319:
3320:
3321:
3322:
3323: 3520
3324:
3325:
3326:
3327:
3328:
3329:
3330:
3331:
3332:
3333:
3334:
3335:
3336:
3337:
3338:
3339:
3340:
3341:
3342:
3343:
3344:
3345:
3346: 3452
3347:
3348:
3349:
3350:
3351:
3352:
3353: 3496
3354:
3355:
3356:
3357:
3358:
3359: 3511
3360:
3361:
3362:
3363:
3364:
3365:
3366:
3367:
3368:
3369:
3370:
3371:
3372:
3373:
3374:
3375:
3376:
3377:
3378:
3379:
3380:
3381:
3382:
3383:
3384:
3385:
3386:
3387:
3388:
3389:
3390:
3391: 3509
3392:
3393:
3394:
3395: 3528
3396:
3397:
3398:
3399:
3400:
3401:
3402:
3403:
3404: 3504
3405:
3406:
3407:
3408:
3409:
3410:
3411:
3412:
3413:
3414:
3415:
3416:
3417:
3418:
3419:
3420:
3421:
3422:
3423:
3424:
3425:
3426:
3427:
3428:
3429:
3430:
3431:
3432:
3433:
3434:
3435:
3436:
3437:
3438:
3439: 3508
3440:
3441:
3442:
3443:
3444:
3445:
3446:
3447:
3448:
3449:
3450:
3451:
3452:
3453:
3454:
3455:
3456:
3457:
3458:
3459:
3460:
3461:
3462: 3517
3463:
3464:
3465:
3466:
3467:
3468:
3469:
3470:
3471:
3472:
3473:
3474:
3475:
3476:
3477:
3478:
3479:
3480:
3481:
3482:
3483:
3484:
3485:
3486:
3487:
3488:
3489:
3490:
3491:
3492:
3493:
3494:
3495:
3496:
3497:
