1: 23 9 5 4 1
2: 834 663 523 111 81 46 35 14 3 2
3: 65 61 58 28 17 12 10
4: 1343 1239 1171 969 962 793 232 118 102 95 47 42 8
5: 1343 1239 962 859 793 426 398 345 308 230 229 118 98 93 73 47 27 16 13 11 7 6
6: 1123 836 771 766 709 685 665 568 539 538 396 343 318 215 211 185 145 82 79 55 52 21 19 15
7: 975 532 434 417 393 303 212 100 77 44 22 18
8: 1138 1016
9: 450 299 266 221 203 162 126 110 104 62 24 20
10: 650 541 470 146 115 51 43 32
11: 1195 778 635 543 466 430 263 261 31
12: 1417 1015 908 762 738 725 423 283 170 122 63 54 30
13: 1100 837 575 406 76 59 29
14: 359 354 113 64 34 26 25
15: 1010 594 204 197 53 37
16: 1307 1250 940 809 668 536 506 239 206 94 45 40 38 36
17: 1200 1189 1109 896 676 591 585 407 402 399 363 242 235 223 180 119 88 87 86
18: 709 690 682 641 79
19: 1381 968 686 485 443 429 323 295 120 96 69 68 60 57 50 48 39
20: 1319 1040 468 348 243 140 139 33
21: 861 776 129 97 92 49
22: 1291 820 626 385 56
23: 1174 850 83 70
24: 182 172 84
25: 1123 538 318 145 41
26: 1236 925 845
27: 220 165
28: 1228 1176 783 344 123
29: 1413 1177 1171 1129 866 521 514 488 380 251 232 107 102
30: 1212 777 626 560 549 476 385 205 117
31: 1349 1204 295 193 151 96
32: 988 841 813 760 260 201
33: 1309 416
34: 1431 1384 1114 909 899 853 716 91 90 72
35: 787 669 334 121 74 67 66
36: 1259 770 614 411 99
37: 798 134
38: 408
39: 676 180 88 87 86
40: 1392 1195 778 543 466 263 261
41: 1392 699 495 469 407 399 379 349 333 281 271
42: 380
43: 1376 1312 678 426 398 345 324 159 156 109 73
44: 447 270 267 135
45: 1025 771 343 78
46: 1332 1236 1034 925 109
47: 382 71
48: 1258 1193 1152 871 697 635 500 430 351 316
49: 439
50: 175 168 112
51: 1264 1075 890 874 824 731 467 458 224 176
52: 695 502 105 75
53: 1423 1316 613 194
54: 732 214 164
55: 1312 678 324 159 156 89
56: 1246 1021 814 302 291 282 174 150
57: 861
58: 641 95
59: 1349 1204 193 151
60: 830
61: 649 228 80
62: 1250 940 506 420 249
63: 591 242
64: 128
65: 933 786 557 413 352 187
66: 1381 485 413 85
67: 982 448 371 325 272 210
68: 1414 897 621 555 182 172 171 127
69: 1413 1177 1129 868 866 721 676 521 514 488
70: 1367 963 754 734 479
71: 766 685 131 108
72: 1215 300
73: 178
74: 1109 872 376 363 275 264 158
75: 1264 1075 874 458
76: 254 208
77: 1364 199 106
78: 1216 996 994 647 622 101
79: 1073 660 635 430
80: 1242 507 490
81: 1336 1122 1062 688 634 569 475 189 130
82: 1258 542 262 233
83:
84: 639 604 155 103
85: 809 479 274 206
86: 1359 1230 1174 1063 850 187 183 173 142 137
87: 285
88: 587 528 509 369 147 116
89: 1437 536 338 138
90: 1230 1063 413 187 114
91: 1307 668
92: 1208 723 573 517 453 160
93: 1066 258
94: 479 186
95: 315 240
96: 1410 544 132 125 124
97: 1077 730 729 465 335
98: 1423 1265 996 808 613 133
99: 1437 1101 338
100: 680 596 136
101: 1066 955 881 246
102: 1265 996 611 384
103: 1155 825 610 297 289 179
104: 907 752 507 490 487 463 412
105: 1319 1306 902 842 816 643
106: 548
107: 942 662 437
108: 1178 309 161
109: 968 498 339 144
110: 1062 688 634 569 207 167
111:
112: 306 190
113: 1190 1149 553
114: 559 163 153
115: 1233 920 471
116: 1248 536
117: 1168 259 169 143
118: 288 227 202 198 148
119: 699 379 333 281 271
120:
121: 797 586 516 269 191
122: 1332 149
123: 845 141
124: 1212 549 489 476 456 375
125: 1306 902 698 623 491 440 397 252 250 218
126: 1381 485 416
127: 1160 651 607
128: 609 468 348 243
129: 1005 483 386
130: 1355 620 451 332
131: 504
132: 1120 563 377 222
133: 1429 1215
134: 1259 770
135: 1086
136: 1092 898
137: 1332 696 481 317 310 166
138: 296
139: 1292 1193 474 316
140:
141: 843
142: 1435 1276 836 530 503
143: 1386 1320 822 728 582 540 208 152
144: 562 231
145: 1410 988 841 834 817 813 760 698 623 544 491 465 440 154
146: 612 513 200 177
147: 1118 786 742 557 352 306 216 157
148: 1228 1176 933 783 589 356 344
149: 769 219
150:
151: 1223 322
152: 1422 1057
153: 1287 305 277 248
154: 614 411
155: 971 900 814 606
156: 1435 1276
157: 777
158: 421 401 244
159: 1118 766 742 698 623 613 491 440 181
160: 636 301 196
161: 1070 422 326
162: 657 570 457
163: 477 366 347
164: 400 280 213
165: 693
166: 946 473 428
167: 1131 700 671 381 286 278 217
168: 1377 1243 638 188
169:
170: 1391 1077 730 729 335 255 226
171: 522 415
172: 455 245 209 184
173: 1396 690 682
174: 192
175: 1356 653 501 257
176: 1376 497
177:
178: 1040 913 558 238
179: 1339 1042 314 307
180: 489 456 375 342 265
181: 1206 1187 1002
182: 611 384 327 195
183: 358
184: 965
185: 1271 461
186: 1249
187: 1071
188: 1413 1177 1129 866 521 514 488 251
189: 1042
190: 1392 495 469 465 349
191: 1360
192: 805 225
193: 689
194: 1377 1243 638
195: 531 389
196: 1169 1080 1018
197: 1386 822 505 293
198: 1193 817
199: 1180 1029 360 312
200: 994
201: 1369
202: 524 367
203: 1428 1425 1419 1155 825 610 550 237
204:
205: 1172
206: 645
207: 703 449
208: 304
209:
210: 1343 1239 962 793 350
211:
212:
213: 839 663 564 523
214: 1195
215: 1086 654 650 541 470
216:
217: 625 391
218: 1241 968 429 323 274 236
219: 1171 696
220: 1353 986 241
221: 789
222: 855
223: 1109 363 235
224: 691 667 526
225: 744 404
226:
227: 446 287
228: 1431 868 721 716 511
229: 1083
230:
231: 647
232: 816
233: 1370 1175 294
234: 878 847 441 234
235: 1363 717 292
236: 1242 253
237:
238: 1356 653 501 247
239: 854 486 364 337
240: 1131
241: 1422 1282 860 640 519 328
242: 362 353
243: 1233 1212 920 549 476 471 395
244: 1334 750 735 472 331
245: 857 551
246: 1082 256
247:
248: 734
249: 378 319 313
250: 383
251: 1265 655 373 355
252: 726 714
253: 834
254: 1312 1279 1079 985 821 678 457 452 320
255: 1359 1222 1147
256: 854 486 364 337 273
257: 1206 1187 387
258: 821 452
259: 1283 745 609 433
260:
261: 1350 1180 935
262: 948 855 718 556
263: 763
264: 781 361
265: 1274 1255 1179 773 268
266: 846 624 424 298
267:
268: 599
269: 284
270: 1241 772 370
271: 759
272: 1256 720
273:
274:
275: 1334 735
276: 912
277: 442
278: 1206 1187 1002 321
279: 512 508 279
280: 875 480
281: 276
282: 926 795 758
283: 1188
284:
285:
286: 657 577
287: 479 419
288: 633 329
289: 1391 1292 987 894 863 849
290:
291: 1397 903 598
292: 1048 952 648 618 438
293: 851
294: 537
295: 983
296: 1306 902
297: 1130 1049 980 891 290
298: 661 464 432
299: 1285 1004 336
300: 590 459
301:
302: 1153 1045 515
303:
304: 665 539
305:
306:
307: 1379 394 311
308: 1168 926 795 758 686 656 443
309: 1200 1189 896 585
310: 1117
311:
312: 1165 341 330
313: 1325 1072 492 484
314:
315: 431 390
316: 578 565
317: 1261 1202 753
318: 1258 871 697 500 447
319: 496
320: 692 579 478
321: 1320
322:
323: 1315 687
324: 681
325: 1316 885 340
326:
327:
328: 587 528 509
329: 659
330: 1156 405
331: 1365 1284 1150 435
332: 1319
333: 934 867 674
334: 1423 1053 833
335: 1309 1052
336: 1337 425
337:
338: 971 900 606
339: 1215 1133 567 462 403 365
340: 890 824 467 357
341: 1325 1072 368
342: 1009 346
343: 879
344:
345: 929
346: 1030
347: 753 527
348: 474
349:
350: 1134 801
351: 1107 1027 684 632 576
352:
353: 1090 858 771 566 374
354:
355: 1398
356: 1122 388
357:
358: 418
359: 499
360: 712 592
361: 941 833 642
362:
363: 1350 1152 935
364:
365: 1344 971 900
366:
367: 1188 702
368: 830
369: 410
370: 702
371: 555
372: 1036 974 608 436 372
373: 835
374:
375: 637
376:
377: 1034
378:
379:
380: 979 414
381: 868 721
382:
383: 1357 876
384:
385: 1167 949 409
386: 1319 1134
387: 1135
388:
389: 1087 943
390:
391: 646
392: 1305 947 870
393:
394: 1192
395:
396: 1133 929 392
397:
398: 1163
399:
400:
401: 984 957
402: 584
403: 482
404: 980 891
405: 1184 652
406: 898
407:
408:
409: 990 829 561
410: 751
411: 749
412:
413: 1095 445
414: 807 605
415: 906
416: 1402
417: 1414
418: 1019 427
419: 1248 664
420:
421: 1000
422: 1066 911
423: 444
424: 1074 460
425:
426: 997
427:
428: 1040 454
429: 1060 844
430:
431: 960 827
432:
433: 1164 936 545
434: 972 784
435: 1145
436: 1244 1174 972 873 535
437: 1156 1041 679
438: 1209
439: 1291 820
440: 1137 629
441: 792 779
442:
443: 1218 800 493
444: 581 534
445: 904 755
446:
447: 1029 715
448:
449: 1384 909 899
450: 1028
451: 1219
452: 1211 1035
453:
454: 765
455: 1398
456: 1179
457: 741
458: 1420 1313 1136
459: 588
460: 494
461: 1181 880 525
462: 1266 1183 838
463: 1329 1270
464: 919
465: 1285 1004
466: 855 554 510
467: 1144 864
468: 1366
469: 1262
470:
471: 1346
472: 580 552
473:
474: 967
475:
476: 1104 724
477: 572
478: 767
479:
480:
481: 701 520
482:
483:
484: 1196 616
485: 533
486: 981 595
487: 1315
488: 1227
489: 1139 1121 893
490: 768 747
491:
492:
493:
494:
495: 628
496: 970 924
497:
498: 954 631
499: 1332 1053
500: 597
501: 1179
502:
503: 1357 1081 932
504: 529 518
505: 1303 821
506: 1167 949
507: 1001
508: 1049
509: 1085
510:
511: 658
512: 852
513:
514: 1235 677
515: 1003
516:
517:
518: 785
519:
520:
521: 1336 571
522: 1298
523: 870
524:
525: 883 644
526: 1263 704
527: 615
528: 1092
529:
530:
531:
532: 1225
533: 818
534:
535:
536: 796
537: 743
538: 1288 707
539:
540:
541: 1392
542: 546
543:
544: 1166
545: 547
546:
547: 1358 1190 1149 1070
548:
549: 1274 1255 931 773 761 675
550: 583
551: 1138 1016
552: 1025
553: 1163
554:
555:
556:
557: 710
558: 1186 756
559: 672
560: 973
561:
562: 934 867 674
563: 1194 673
564:
565: 664
566: 804 630
567: 1107
568: 1282 1231 601
569:
570: 873
571: 1380 706 593
572: 1391 941 642
573: 967
574:
575: 602
576: 927 719
577: 574
578: 619 603
579:
580: 1292 987 894 711
581: 683 600
582: 995
583: 1268 1035 955
584: 1202 887
585:
586: 737
587:
588: 1308 1213 748 739 733
589:
590: 1024
591: 1326
592: 1247
593: 1387
594: 1113
595: 815
596:
597:
598:
599:
600: 1136 812
601: 617
602:
603: 1260 884 666
604: 1399 1236
605: 1224 975 877 627
606:
607: 1102
608: 1047 946 746
609: 1238
610:
611: 1308 1213 1103
612:
613:
614: 1400 1158
615: 1099
616:
617: 1125
618: 1342 1214 794
619: 1105 930
620:
621: 1116
622: 1030
623: 1153 1045 1008 831 713
624: 1395 1362 1076
625:
626: 856
627: 1420 1313 1055
628:
629:
630: 1361
631: 992
632:
633:
634: 1369
635: 1286
636: 1419 1059 892
637:
638: 1411 1217
639: 788
640: 1426
641:
642: 1116
643: 1277 1022 977
644: 1198 810 694
645:
646:
647:
648: 740
649: 670
650: 985
651: 1423
652: 1115 999
653:
654: 1096
655: 1093
656:
657:
658:
659: 1395 1362 1282
660: 1218
661: 806
662:
663: 1252
664:
665: 1405
666: 1141 811
667: 923
668: 1403 1170
669:
670: 1436 1197
671: 759
672: 1281 916
673: 1014
674: 937
675: 1401
676: 1396 722
677:
678: 1341 828 791
679:
680: 869
681: 1007
682: 736 708
683:
684: 1314
685:
686: 705
687: 823
688: 1136
689: 1399
690: 991
691:
692: 1051
693: 1216
694: 950
695: 1289 757
696:
697: 1374 1162 1146 782
698: 1065
699:
700: 727
701: 1037 918
702: 780
703: 1207
704:
705: 1098
706:
707:
708:
709:
710: 1020
711: 1224
712:
713: 1406
714: 1409
715:
716:
717: 1165 764
718: 1058
719:
720:
721:
722: 803
723: 1181
724:
725:
726:
727: 1388 1234
728:
729:
730: 1438
731:
732: 848
733:
734:
735: 882 774
736: 1432 1333 1294 1218 775
737:
738: 1203 1038 799
739:
740: 819
741:
742:
743:
744:
745:
746: 1436 1197
747:
748:
749: 971 928
750: 966 802
751: 1408
752:
753: 989
754: 1064
755:
756:
757: 832
758: 1430 1299 886
759:
760: 1430
761: 889
762: 944
763: 1345 1254
764: 1383 1245 1007 921
765: 1205 958
766:
767:
768:
769:
770: 1161 993 922 790
771: 1095
772:
773: 888
774:
775:
776: 1054
777:
778: 1324
779:
780:
781:
782: 840
783:
784:
785: 917
786:
787:
788:
789:
790: 1352 1251 862
791: 1011
792:
793: 1168 826
794: 905 865
795:
796: 1310
797:
798:
799:
800:
801: 978
802: 1421 914
803: 1032 959
804: 969
805: 1132 938 910
806:
807: 1272 1043
808:
809: 895
810: 939
811:
812:
813: 1288
814:
815:
816:
817: 1069
818:
819: 1257 1050
820:
821:
822: 1222 1147
823:
824: 1431
825: 1068 1046
826:
827:
828:
829: 1412 1078
830: 915
831: 1151
832: 1173 998
833: 956
834:
835: 1148
836:
837:
838: 1084
839:
840:
841:
842:
843:
844:
845:
846:
847: 1106
848: 1306
849: 1031
850: 1394 1199
851:
852:
853: 1226
854:
855: 1127
856: 1094
857: 951
858: 1278
859:
860: 1142 953 901
861: 1017
862: 1269
863: 964
864: 1154
865:
866: 1348
867:
868:
869:
870:
871: 1006
872:
873:
874:
875:
876: 1380 1013
877: 1415
878: 1297
879:
880: 1159 1143
881: 1089
882: 1429 1110
883: 1111
884:
885:
886: 1026
887:
888:
889:
890:
891:
892:
893: 1157
894:
895:
896: 1261
897: 945
898:
899: 1191
900: 976
901: 1033
902:
903:
904:
905: 1088 1012 961
906:
907:
908:
909: 1306
910:
911: 1192
912: 1309
913: 1389 1304
914:
915: 1044
916:
917:
918:
919: 1112
920:
921:
922:
923: 1039
924:
925:
926: 1056
927:
928: 1317
929:
930:
931:
932: 1126
933: 1268
934:
935:
936: 1067
937: 1185
938:
939:
940:
941:
942:
943:
944:
945:
946: 1023
947:
948:
949: 1424
950:
951: 1323
952:
953:
954:
955:
956:
957:
958:
959:
960:
961:
962:
963:
964:
965:
966:
967:
968:
969:
970: 1201
971: 1365
972:
973:
974:
975:
976:
977:
978:
979: 1273
980:
981:
982:
983:
984: 1321 1108
985:
986:
987:
988: 1322
989:
990:
991:
992:
993:
994:
995: 1301
996: 1201
997:
998: 1354
999: 1335
1000: 1373 1221
1001: 1368
1002:
1003:
1004: 1432 1333 1294
1005:
1006:
1007:
1008: 1140 1097
1009: 1296
1010:
1011: 1061
1012:
1013:
1014: 1227
1015:
1016:
1017:
1018:
1019: 1390
1020: 1232
1021:
1022: 1182
1023: 1091
1024: 1240
1025: 1302
1026:
1027:
1028:
1029:
1030:
1031:
1032: 1119
1033: 1318
1034:
1035: 1124
1036: 1427
1037:
1038:
1039:
1040:
1041:
1042: 1382
1043: 1351
1044: 1347 1253
1045:
1046:
1047:
1048: 1128
1049:
1050:
1051:
1052: 1339
1053: 1322
1054:
1055:
1056:
1057: 1375
1058:
1059:
1060:
1061:
1062:
1063:
1064:
1065: 1280
1066:
1067: 1290
1068:
1069:
1070:
1071: 1330 1220
1072:
1073:
1074:
1075: 1295
1076:
1077:
1078:
1079: 1378
1080: 1229
1081:
1082: 1393
1083:
1084:
1085:
1086: 1210
1087:
1088: 1394
1089:
1090:
1091:
1092:
1093:
1094: 1331
1095:
1096:
1097: 1370
1098:
1099:
1100: 1311
1101:
1102:
1103:
1104:
1105:
1106:
1107:
1108:
1109:
1110:
1111:
1112:
1113:
1114: 1385
1115:
1116:
1117:
1118:
1119: 1300
1120:
1121:
1122:
1123:
1124:
1125: 1340
1126:
1127:
1128:
1129:
1130:
1131:
1132: 1328
1133:
1134:
1135:
1136:
1137:
1138:
1139:
1140:
1141:
1142:
1143:
1144:
1145:
1146:
1147:
1148:
1149:
1150:
1151:
1152:
1153:
1154:
1155:
1156:
1157:
1158:
1159:
1160:
1161:
1162:
1163:
1164:
1165:
1166:
1167:
1168:
1169:
1170:
1171: 1237
1172:
1173:
1174: 1404
1175:
1176:
1177:
1178:
1179:
1180:
1181:
1182:
1183: 1418
1184:
1185:
1186:
1187:
1188:
1189:
1190:
1191:
1192:
1193:
1194:
1195:
1196:
1197:
1198: 1434
1199:
1200:
1201:
1202: 1267
1203: 1275
1204:
1205:
1206:
1207:
1208:
1209:
1210: 1338
1211:
1212:
1213:
1214:
1215:
1216:
1217:
1218:
1219: 1327
1220:
1221:
1222:
1223:
1224:
1225:
1226:
1227:
1228:
1229:
1230:
1231:
1232:
1233:
1234:
1235:
1236: 1293
1237:
1238:
1239:
1240:
1241:
1242:
1243:
1244:
1245:
1246: 1371
1247:
1248:
1249:
1250:
1251:
1252: 1433
1253:
1254:
1255:
1256:
1257:
1258:
1259:
1260:
1261:
1262:
1263:
1264:
1265:
1266:
1267:
1268:
1269:
1270:
1271:
1272:
1273:
1274:
1275:
1276:
1277:
1278:
1279:
1280:
1281:
1282:
1283:
1284:
1285:
1286:
1287:
1288:
1289:
1290:
1291:
1292:
1293:
1294:
1295:
1296:
1297:
1298:
1299:
1300:
1301:
1302:
1303:
1304:
1305:
1306:
1307:
1308:
1309:
1310:
1311:
1312:
1313:
1314:
1315:
1316:
1317:
1318:
1319:
1320:
1321:
1322:
1323:
1324:
1325:
1326:
1327:
1328:
1329:
1330:
1331:
1332:
1333:
1334:
1335: 1372
1336:
1337:
1338:
1339:
1340:
1341:
1342:
1343:
1344:
1345:
1346:
1347:
1348:
1349:
1350:
1351:
1352:
1353:
1354:
1355:
1356:
1357:
1358:
1359:
1360:
1361:
1362:
1363:
1364:
1365:
1366:
1367:
1368:
1369:
1370:
1371:
1372:
1373:
1374:
1375: 1407
1376:
1377:
1378:
1379:
1380:
1381:
1382:
1383:
1384: 1416
1385:
1386:
1387:
1388:
1389:
1390:
1391:
1392:
1393:
1394:
1395:
1396:
1397:
1398:
1399:
1400:
1401:
1402:
1403:
1404:
1405:
1406:
1407:
1408:
1409:
1410:
1411:
1412:
1413:
1414:
1415:
1416:
1417:
1418:
1419:
1420:
