1: 547 433 345 335 129 24 2 1
2: 2849 2801 1372 1287 1077 1011 997 920 867 776 191 145 141 38 37 35 9 8 7 6 5 4 3
3: 3181 3039 2574 1222 1193 353 42 28 22 15 10
4: 2215 1383 1073 485 454 425 13
5: 3126 3109 286 144 113 86
6: 1907 1804 1157 830 716 623 576 321 291 289 266 87 80 74 63 29 11
7: 2464 586 328 317 112 75 23 14 12
8: 2509 2225
9: 3192 3186 2639 2553 2172 1759 1608 1321 1118 904 901 616 605 512 500 464 378 267 192 176 122 110 73 48 44 20 19 18 17
10: 2727 2227 1297 1231 1170 1021 734 473 83 70 21
11: 3157 3020 1443 1087 753 486 115 58 43 39 26
12: 3099 2849 1121 1118 904 901 775 378 278 192 191 190 145 121 44 34 32 20
13: 2880 2118 2097 2040 1743 987 399 332 134 111 85 82 81
14: 612 362 274 16
15: 775 278 190 121 34 32
16: 2118 2040 1939 399 332 111 79 50 47 41 36
17: 1558 1220 890 27
18: 3099 1305 1121
19: 2801 776 579 154 53
20: 3070 2849 2724 2277 1556 1277 191 145
21: 3157 3020 2978 1266 1093 1087 1044 948 466 233 72 25
22: 1991 1948 755 476 447 153 114
23: 1988 519
24: 342 324 283 146 136 124 55
25: 2902 2502 2472 1283 1140 918 799 640 309 147 84 59 33
26: 2640 2548 2215 1840 1639 1383 1073 485 454 446 425 404 245 208 49
27: 3129 2448 2433 1940 1497 1226 989 691 533 347 185 128 103 99
28: 1907 1804 919 830 623 291 266 57
29: 3016 1198 1164 1163 673 611 521 504 306 273 76 54 30
30: 2428 1890 1662 523 189 186 31
31: 3192 3186 2639 2172 1759 616 605 512 500 464 267
32: 1444 604 559 152 139 71 51
33: 2963 2912 1714 929 492 96 40
34: 2425 885 566 475 343 325 64 46
35: 1906 1165 253 140 65
36: 3129 1940 1910 1351 347 185 160 99 45
37: 1669 1520 1442 1350 346 92
38: 1800 727 665 230 195
39: 285 197 52
40: 2525 1602 1227 571 224 138 120 106 62
41: 3213 1979 1938 1409 1150 526 410 94
42: 2390 2250 1667 1469 1288 1045 279 178
43: 2957 2727 2114 1543 1481 119 77 66
44: 2271 2161 2141 2103 2076 1885 1525 886 820 691 533 434 163
45: 3221 2616 1696 1329 1158 965 643 548 419 312
46: 110 73 48
47: 2890 2539 2471 2427 1939 1868 1252 1207 1205 1005 650 530 459 406 259 234 211 202
48: 2658 2462 1676 1586 287 100
49: 2674 2304 1174 451 428 411 237 117
50: 957 613 56
51: 1950 1581 1218 752 617 418 177
52: 2932 2404 1284 954 188 164
53: 2920 1295 1083 837 337 327 88
54: 2807 986 527 445
55: 2357 1580 1563 1311 1015 339 108 102 68 67
56: 3074 2931 2308 2292 2221 1942 1939 1892 1437 848 694 374 372
57: 3188 2528 1183 972 858 501 438 384 143 142 137 78 61 60
58: 2554 2127 1878 1378 1272 1198 1164 1163 958 932 876 596 504 379 306 284 225 179
59: 2941 2896 1473 1139 916 737 724 580 489
60: 2801 1233 336 69
61: 2879 2726 2518 2257 2213 1598 1474 1407 1108 673 653 611 528 521 305 241 156
62: 3129 1940 1186 347 185 99
63: 2811 2248 2002
64: 2652 1742 480 293 231 93 89
65: 2790 2305 1503 246 207 109
66: 940 725 355
67: 2393 505 320 290 226 170 135
68: 3141 2928 2840 2636 2578 2519 2419 1962 1454 1172 800 449 421 311 272 133
69: 2521 2193 377 261 149 132 91 90
70: 2894 2058 1451 1041 220 151 127
71: 2070 812
72: 1801 635 244 159
73: 3073 2078 541 256
74: 3066 2957 2630 2114 2077 1765 1481 1462 1215 1036 1014 981 977 414 386 371
75: 1308 704 358 250
76: 3134 2039 408
77: 1711 181
78: 2516 2000 1223 739 229 104
79: 779 705 691 533 128 103 95
80: 2894 2652 2058 1451 1041 1020 774 390 232 169 130 97
81: 2276 1848 1545 205 116
82: 2721 2666 2650 1939 1000 902 406 259 211 202 98
83: 2906 2802 1226 989
84: 2878 1632 1347 365 101
85: 2869 341 242 235 148
86: 1860 1153 843 319 315
87: 741 361 301 210 126 105
88: 1283 596 463 193
89: 3179 2636 2578
90: 1183 972 384 143
91: 1086 622 581 423 223
92: 1687 629 248 168 107
93: 2838 2764 968 661 427 351
94: 3225 1601 1071 563 165 155
95: 590
96: 162
97: 2366 1650 240 182 131 123
98: 2666 2650 552 271
99: 899 808 236 183 158
100: 3016 273
101: 2270 570
102: 1462 1461 1360 1036 371 118
103: 2376 2135 1750 340 200 125
104: 1731 1717 555
105: 3013 2558 264 166
106: 2471 1868 459 234
107: 1890 1504 983 558 369 218
108: 2920 1295 1083 837 247 227 157
109: 3084 2211 1522 1392 1313 1116 957 919 807 624 613 607 537 455 294
110: 3024 1839 1430 1284 212
111: 2294 1897 175
112: 1077 867
113: 2397 1524 1432 1261 413 376
114: 2933 2318 255
115: 2213 1598 1474 1108 653 553 528
116: 326 295 209
117: 3066 2940 2597 2144 2077 1763 806 386
118: 2330 308 171
119: 2424 854 412 334 215
120: 3017 2867 816 578 206
121: 2691 768
122: 1669 1350 346
123: 1634
124: 3181 1328 950 430 254
125: 2067
126: 1255 1063 597 549 280
127: 2842 1989 268 214 150
128: 2313 2234 844 477 350
129: 2711 2688 2209 1056 1028 532 174
130: 1185 733 628 269
131: 1193 945 913 882 415 322 303 239 213 161
132: 2996 2805 2527 1754 1033 959 937 804 758 746 265
133: 2658 2462 1676 1586 287 187
134: 3222 2962 2658 2462 2271 2076 1885 1523 969 896 743 714 641 409 167
135: 502
136: 2541 1434 1111 893 810 520 184
137: 2616 1696 1329 348 180 172
138: 437 300 296
139: 2890 2427 2012 1994 1252 998 838 764 257
140: 553 204
141: 2308
142: 2884 2306 1699 435 173
143: 2628 818 702 221
144: 1768 822 288
145: 2723 1142 620
146: 2737 1447 1292 712 595 199
147: 3192 3186 2174 1600 1592 1422 1221 201
148: 2866 1166 967 882 391 338 303 213
149: 2838 1631 742 556 487 395 196
150: 2628 652 314 216
151: 2271 2076 1885 1255 1192 1063 627 597 549 219
152: 2554 1272 958 379 284
153: 2516 1537 557
154: 3155 1950 1581 1218 251 228
155: 1620 696 525 471 462 263
156: 282
157: 1086 622 581 423 217
158: 2748 2274 402 360
159: 1391 1230 895 592
160: 2329 2115 422
161: 2723 1142 203
162: 865 497
163: 401 194
164: 2317 1114 913 415 239
165: 2271 2076 1885 434
166: 2854 2625 1605 1182
167: 1394 909 826 606 588
168: 470 366
169:
170: 2715 1606 1542 1122 744 392 198
171: 3001 2043 363
172: 2364 2339 1757 1619 1506 1216
173: 398 344
174: 925
175: 260
176:
177: 382
178: 2609 2307 1003 777
179: 2388 481
180: 2957 2114 1745 1647 1481 1425 1327 1193 677
181: 1099
182: 1418 330
183: 544
184: 3017 2944 2272 222
185: 3157 3020 1087 486
186: 857 852 277
187: 3034 2158 1694 450 331
188: 2824 855 824 718 601 514
189: 3005 2849 1447 1391 1292 1230 895 592 249
190: 912
191: 2884 2306 1941 1699 840
192: 2698 2111 2013 1725 243
193: 3124 2794 2621 2282 1596 931
194: 2439 2421 1269 1124 864 518
195: 2890 2427 1252
196: 2441 443
197: 2528 858 501 393 298
198: 1993 1709 1661 1023 798 297
199: 407
200: 322
201: 3122 2930 2787 2098 2073 1307 1299 1274
202: 919
203: 1541 499
204: 1522 1313 624 455 238
205: 1423 1348 1251 493 381 299
206: 952 688 676 498
207: 1770 1194 1046 275
208: 2484 1878
209: 3083 1198 1164 1163 730 708
210: 1819
211: 2695 2567 951 738 444
212: 1198 1164 1163 504 306
213: 933 488 316
214: 2600 1009 934 540 310
215: 2852 2511 1553 313 281
216: 350 252
217: 2564 1850 262
218: 1544 862 761
219: 1126 603 270
220: 258
221: 2763 2380 2070 1772 978 851 728
222: 2383 1745 1647 1620 1425 1327 677 385
223: 2586 1123 660 354 352 307
224: 2363 1590 781 709 333
225: 466 329
226: 1175 792
227: 835 370 349 302
228: 2696 1136
229: 429
230: 1132 1030
231: 1678 1229 988 942
232: 1765
233: 1846 1438 869 783 574
234: 1773 1591 1570 1379 817 685 491 323
235: 3028 2920 2802 2282 2170 2013 1725 1596 1487 1295 1083 837 669
236: 967 391 338
237: 2816 1297 473
238: 773 318
239:
240: 2592 2408
241: 2783 1618 894
242: 3107 2592 2408 1806 1025
243: 839 405
244: 2651 2519 1962 1441 982 853 453 394
245: 2998 1533 542
246: 2743 2184 947 795
247: 3148 1137 573
248: 1102 1067 680
249: 1706 1226 989 513
250:
251: 3016 981 414
252: 3002 2528 2402 2223 1533 1162 968 858 809 661 501 438 427
253: 2708 1137 1130 720 651 461 458 276
254: 2390 2250 1667 1305 1045 292
255: 2048 1528
256: 1748
257: 2999 1695 850
258: 649 420
259: 3007 1436 811 679 442 383
260:
261: 2281 1358 1098
262: 1143
263: 1485 1259 1089 689 671
264: 3039 782 756 686 367
265: 534
266: 3070 2277 1556 1277 610
267: 994 945
268: 2768 561 416 304
269: 2879 2726
270: 2727 1021 529
271: 3124 2621 962 508
272: 452
273:
274: 579
275: 1498 936 861
276: 3073 2592 2525 2408 2078 1602 1227 400 373
277: 656
278: 417 364
279: 3212 887 664 619 589 510
280: 3124 2621 1280
281: 1599 1488 957 539
282: 2698 2124 2111 1970 710 690
283: 1390 645 531
284: 1049
285: 3035 2958 1476
286: 2659 440 426
287: 1078 938 615 602
288: 3010 796 575
289: 1773 1379
290: 2521 375
291: 2944 2528 2485 2190 2148 1594 1226 989 858 722 501
292: 1750 535
293: 1032 672 465
294: 683 642 630 396
295: 2147 1933 1159 927
296: 980
297:
298: 2448 359
299: 2764 2472 2316 1618 1355 918 894 857 852 640
300: 3187 1195 717 564 495
301: 2161 1720 1525 1246 436
302: 3145 2913 2317 1303 703
303: 469 424
304: 2950 2499 2448 1053 620
305: 1357 494
306: 1903 1315 698 380
307: 2381 760 754 388
308: 3219 2275 2069 1654
309: 1910 883 524
310: 3107
311: 1662 523 357
312: 1972 1401 1120
313:
314: 2762 2661 2189 985 432
315: 2544 636 511
316: 2044
317: 2561 1681
318: 3191 3051 2595 509 472 441 356
319:
320: 2316 1994 1653 1355 1066 998 872 832 460 387
321: 3110 484
322: 1809 1783
323: 745 368
324: 2441 1987 1038 389
325: 2759 1043 644
326: 1984 873
327: 2525 1309 1227 1141 1102 1067 571
328: 701
329: 1770 1046
330: 1396 1204 397
331: 941 814
332: 779 705
333: 801 766
334: 2616 1696 1329 551
335: 2627 731
336: 878 403
337: 3076 1365 591
338: 2539 1005 655
339: 2950 2499 1053 723
340: 2941 1688 1022 831 507
341: 2652 1742 727 691 665
342: 2678 897
343: 2363 999
344: 1256 572 565
345: 3074 2316 2292 1892 1437 448
346:
347: 2830 2182 1013 956
348: 2715
349:
350: 2410 1406
351: 2194 1918 740
352: 970
353: 2327 1517 1018 678
354: 2000 431
355: 2638 849
356: 3062 2675 1059
357: 515
358: 2399 1435
359: 1608
360: 2601 1551 863 634
361: 1358 1098
362: 3225 2429 1539 456
363: 1770 1046
364: 536 483
365: 474 439
366: 2852 2080 1973 788 457
367: 2949 2423
368: 3189 2193 2102 1614
369: 1339 765 554 490
370: 2288 1797 503 482
371: 3137 1465 1458
372: 1637
373: 582
374: 3082 2963 2237 1776 1714 929
375: 516
376: 2852 1131
377: 1283 1195
378: 506
379: 1806 1025
380: 2827
381: 3080 2509 2225 1271 1211 584
382: 2451 1574 749
383: 2340 1267 1247
384: 1002 648
385: 3187 670
386: 2383 1330
387: 2755 1852 1729 1566 1421 1228 1109
388:
389: 1875 478 467
390: 3213 2246 1625 526
391: 674
392: 947
393: 3147 3031 1169
394: 1060
395: 1373
396: 2382 1483 1029
397: 543
398:
399: 2743 1269 1124
400: 2409 1178 859 788
401: 3123 1941 1718 1686 1335 1314
402:
403: 2065 1936
404:
405: 3053 847 468
406: 1305
407:
408:
409: 1357
410: 2162 2127
411: 2826 2646 2527 803
412: 2491
413: 1872 1112
414: 2836 2483 1755 1710 1703 1700 1548
415: 2318 961
416: 2194 1475 1263 949 842
417:
418: 3084 607 537
419: 587
420: 1080
421: 1703 1700 479
422: 2852 2080 1973
423: 3045 2931 2479 2249 2221 1942 1431 990 848 695 694
424: 3108 2777 2063 2062
425: 3154 1499 662
426: 941 814
427: 569
428: 2568
429:
430: 2787 1801 1307 1299 772 684
431: 1631 496
432: 1994 998
433: 2551 1042
434: 2494 2396 1911 1448 846 633
435: 2805 1754 1033 937 758 746 598
436: 1629 1106
437: 608
438: 1526 1496
439: 3063 2843 2670 2096 1484 1377
440: 2894 2744 2465 2058 1907 1804 1467 1451 599 585
441: 2649 715
442: 2091 1012 866
443: 2195 1979 879 845
444:
445: 2519 1962 1441
446: 2428 1814 793 748
447: 726 517
448: 891 567
449: 2619 1860 1682 1153
450: 3222 1523 1408 743
451: 1512
452: 1656 868
453: 2998 1573 786
454: 2316 1355 1066
455:
456: 522
457: 2197 2075 1219 593 550
458: 1052 905 659
459: 3212 2029 1076 834
460: 1928 538
461:
462: 2506 1201
463:
464: 2984 1671 1334 750 747 600
465: 1398 1134
466: 2464 1607 1562 763 562
467: 2264 668
468: 2212 697 609
469: 3161 2104 2070 1376 812 545
470: 2740 2507 1774 1254
471: 3040 1190
472: 2308
473: 994
474: 2385 1527 821
475: 2005 875
476: 2141 2103 886 820 706 631
477:
478: 3054 2658 2462 1676 1586
479: 971 546
480: 2838 759
481: 1149 568
482: 2789
483: 1007
484: 2778 2731 2129 2054
485: 2484 1956
486: 1943 675
487: 1357 975 914
488: 1293
489: 2789 1088
490:
491: 1417
492: 2147 1933 626
493: 2978 1093 1044
494: 560
495: 2864 2346 2263 1995
496: 2190 1461 1360
497:
498: 3005
499: 2678 897
500: 1809 1783
501: 856
502: 721 654
503: 2121 1250 836
504: 1509 1213 632
505: 2577 1877 1781 707
506: 693
507: 1638
508: 2599 577
509: 939
510: 2754 1568 719 657
511: 729
512: 2630 2344 1872 1652 647
513: 911
514: 2749 2559 2370
515: 1459
516: 1339 638 583
517: 1764
518: 2051 1736 1692
519: 2583 1167
520: 1884 1048
521:
522: 1977 900
523:
524: 2543 2156 2037 1992 805
525: 1370 1356 1200 943 682 614
526: 2645 2246 1993 1869 594
527: 2341 1876 1245
528:
529: 771
530: 1812
531:
532: 1336 1151 785
533: 3051 2595 794
534: 1090
535: 1310
536: 2308 908
537:
538: 1129 687
539: 1485 1478 1259
540: 3028 2170 1487
541: 1648 881
542: 1395 621
543: 1817 658 639
544:
545: 3188 2864 1750
546: 829
547: 1119 618
548: 1161 930 789
549: 2136 2113 1912 1270 833 663
550: 1920 1196
551: 1851 1349 1177 1010
552:
553: 1615 1587
554: 3057 2392 2243 1889
555: 2827 2669 625
556: 2811 2248 2002 1340
557: 637
558: 1655
559: 3123 1928 1718 1686 1335 1314
560: 2525 2144 1763 1677 1423 806
561: 2873 1425 1332 921 646
562: 1659
563:
564: 2670 2388
565: 2746
566: 2677 976 910 835
567:
568: 1923
569:
570: 1408
571: 1709 1113
572: 1660 877 823
573: 2721 1000 902
574: 2193 667
575: 961
576: 2735 2391 1919
577: 3105
578: 2174 1600 1592
579:
580: 1664
581: 1324
582:
583: 2376 2135 1156
584: 3205 666
585: 1345
586: 1239 1040
587: 1817
588: 1814 793
589: 2405 1017
590: 2652 2120 2116 1742 1138
591: 1893 963
592: 2976
593: 1958 984 797
594: 3189 1386
595: 763
596: 3065 1104 732
597: 2827 2632 1604 1399 1039
598: 1652
599: 2551 1195 1042 790
600: 2265 1460 1155 802
601: 1961 1762 870
602: 3213 2960 2564 2188 1337
603: 1617
604: 1082 762
605: 922
606: 2385 699
607: 1074 736
608: 1186
609: 2086
610: 2199 1549 787
611: 2770 1507
612: 1938 1409 1150
613: 2430
614: 880
615: 2109 2047
616: 1796 711
617: 2764
618: 2293
619: 1194 889
620:
621: 2716 2693 1766
622: 2207 1550 1285 815
623:
624: 2855 2117 1001 979
625: 1785 692
626: 2978 2589 2565 2142 2140 1093 1044
627: 1621 1215 1014 977 681
628: 1298 735
629: 3207 2325 1426
630: 1317
631: 1278
632: 1341 1301 1027 791
633: 2901 813
634: 1948
635: 3210 3172 2954 2377 713
636: 2772 2575 2341 1876 1533 1162 700
637: 1433 1206 874
638: 751
639: 1941 1854
640: 2618
641: 2275 2069 1654
642: 1809 1783
643: 1346 1133 928
644: 1423
645: 1521
646: 2197 1684 1264 1035
647: 991
648: 3062 2675 1777 1059
649: 2972 1343
650: 1514 1316
651: 1796
652: 903
653: 2930 2022 1932
654:
655: 3212 1076 834
656: 3032 2144 1982 1763 973
657: 955
658: 2186 841
659: 2780 1072
660: 2846 2843 769
661: 1957
662: 3211 2126
663: 1062
664: 1860 1153
665: 2565 2142
666: 2636 2578 2439 2421 1874
667: 2777 2063 2062
668: 2577 1906 1877 1781
669: 2308
670: 949 784
671: 1232
672: 767
673: 2691 2528 1679 1096
674:
675: 2926 915
676: 2619 2491
677: 1004 935
678: 2457
679: 2666 2650 1069
680: 3106
681: 1675
682: 2317 1918 1509 1114 884
683: 3200 1768 1646 1397 926
684: 3112
685: 2800 1735
686: 2268 1238
687: 1439
688:
689:
690: 1273 1092
691: 2194 842
692: 2970 2562 2549 2537 1248
693: 1516
694:
695: 778 757
696: 2349 770
697: 3023 2986 2968 2591 2312
698: 819
699: 2832 2353 2247
700: 1543 1189 828
701: 2699
702: 2534 1616
703: 1924
704: 2927 2125 2045
705: 2366 1440
706: 2874 2371
707: 1234
708: 3230 2514 2391
709: 1978 1782 1702 1363 1244
710: 1224
711: 2273
712: 2743 2671 2184 1306
713: 2714 1564
714:
715: 2195
716: 1639
717: 3173 1999 1024 780
718: 2547
719: 1821 1536
720: 3220 3018
721: 1026
722: 1309
723: 2700 1726 1094
724: 1788 1262
725: 2288
726:
727: 2440
728:
729: 2972 1343 974 923
730: 2772 2575
731:
732: 1510
733: 2180 825
734: 2372
735: 2337 2145
736: 1393 1352
737: 2686 2571 1956 1338 1214 1064
738: 1867
739: 2429 1539
740:
741: 2772 1446
742: 1187 827
743:
744: 1678 1282
745: 3067 2540 2324 1917 1843 1385 1278
746: 2484
747: 2309 2041 1604
748: 1625
749: 1983 907
750:
751: 3225
752: 1629
753: 2861 1410 1178
754: 1057
755: 2230
756:
757: 2028 1665
758: 1776
759: 2914 2778 2731 1916
760: 1117
761:
762: 2057
763: 3179
764: 2495 2468 1680 1674 1657
765: 2365
766: 2444
767: 1333
768: 1294
769:
770:
771: 3188 2840 2588 2419
772: 1990
773: 2555 2360
774: 1296
775: 2729 1672
776: 1412
777:
778: 2095 1740 1518 1054 966
779: 2761
780:
781: 3196 3000 1110
782: 1661
783:
784:
785:
786: 2081
787: 1857 1061
788: 2006 1832 1325
789:
790: 1970
791: 3199 2296
792: 2865 2152 2122 1466
793: 2833 1257
794: 1290
795: 1610 1505 1097
796: 2509 2453 2225
797: 2866 1166 892
798: 1050 993
799:
800:
801: 2436 2407 1623
802: 1713 860
803: 2510
804: 3122 2098 2073 1274
805: 2862 871
806: 1810 924
807: 1075
808: 2108 1538 1388
809:
810: 2686 2571
811: 2960 2188 1128
812: 2823 917
813: 1886 1704 1403
814: 1508 1095
815:
816: 3027 1930
817: 2286 1658 1529 1405
818: 2664 2009
819: 3034 2855 2158 2117 1694
820:
821: 2817 2605 1419 1006
822: 1047 992 888
823: 2625
824: 2716 2434 1320 953
825: 1455 995
826:
827: 1803 1584
828: 2433 1497
829:
830: 2812 1552 1260 898
831:
832:
833: 1353 1258
834: 2217 1287 1011 997 920
835: 2888 2185 1950 1581 1070
836:
837:
838: 3154 2487 1795 1362
839:
840: 1236 1100
841: 2355 1180
842: 2660 1908 1749 1058
843: 1173
844:
845: 1060
846: 1495 1331
847: 906
848: 2815 2487 1668
849:
850: 1894 1841
851: 1016
852: 1034
853: 2636 2578 2216
854:
855:
856: 3075 2953 1168 1031 944
857: 2693 1127
858:
859: 1464
860:
861: 1565
862: 2380 1008
863: 3210 3172 3090 2377
864:
865: 2637 2620 2334
866: 2061
867: 2409 1084 964
868: 2867 1103 1079
869: 2824
870: 2163 1721
871: 2815 1490
872: 2175
873: 2333 2066
874: 3168 1902
875: 2514 2053
876:
877: 2738
878: 2550
879: 2192
880:
881: 2546 946
882:
883: 2816 1561 1145
884: 3231 1276 1065 996
885: 3022 2532
886: 2217
887: 2157
888:
889: 2984
890: 3051 2595
891: 1500
892:
893: 1519
894: 1934
895: 3177 1822
896: 1620 1568 1209 1144
897: 1903 1315 1179
898: 1470
899: 1738
900:
901: 3032 2524 960
902: 1937 1697 1371 1199
903: 2755 1729 1566 1421 1109
904: 2354
905: 1975
906: 2522
907:
908:
909: 1387 1055
910: 3090 2301 2211 2081
911: 2920 2580 2148
912:
913: 3149
914: 2179 1191
915: 2020 1147
916: 2520 2017 1413
917:
918: 1176 1171
919:
920: 2169 1404
921: 1146
922: 1772
923:
924:
925: 2903 2233 1068 1019
926: 1148
927: 3147 2872
928: 1833
929:
930: 2833
931: 3170 2859 2671
932: 3050
933: 2826 2646
934: 2992
935: 3024 1839 1430
936: 2177 1555
937:
938:
939: 2853 2733 2643 1477
940:
941: 2173
942:
943:
944: 2899 1775 1326
945: 2267
946: 3161
947: 1641
948:
949: 1051
950: 2940 2597 1492
951: 1704 1679 1403
952: 2450
953: 2915 1323 1105
954: 1325
955: 1037
956:
957: 2289 2107
958: 1344
959: 1318
960:
961:
962:
963: 1823
964: 2177 1555 1085
965:
966: 2585
967: 1501
968: 1663
969: 2055
970: 3023 2547 2312 1862 1707
971: 1181
972:
973: 2817 1402
974:
975:
976: 2533
977: 2977
978: 2794
979: 2439 2421
980:
981: 2457
982:
983:
984:
985: 2742 2260 1273 1092
986: 2052
987:
988: 1380
989: 2224 1881
990: 2231 2219
991: 2220 2005
992: 3091 2336
993:
994: 1831 1135
995:
996: 2587 2003
997: 1655
998: 1577
999: 1744 1597
1000: 2739 1626 1513
1001: 3128
1002: 3079 2660 2376 2135 1908
1003: 1275 1243
1004: 2286 1154 1101
1005: 3204 2796 2394
1006:
1007: 1671 1334
1008: 1266
1009: 2961 1291
1010: 1836
1011: 1202
1012: 2937
1013: 2580
1014: 1091
1015: 2229 1847 1312
1016: 2361
1017:
1018: 3021
1019:
1020:
1021: 2279 2034
1022: 2571
1023:
1024:
1025: 2817 2495 1674 1657 1402
1026: 3119 2987 2576 1786 1595
1027: 1535
1028:
1029: 2222 1366
1030: 2246
1031: 1985 1829 1690
1032:
1033: 2955 2795 2476
1034:
1035: 2732
1036: 1454 1115
1037:
1038: 3130 1152
1039: 3063 2495 1674 1657 1081
1040: 2550 1107
1041: 2056 1511 1427
1042: 2105 1571
1043: 3087 1888
1044:
1045: 1756
1046: 2826 2646
1047: 1457
1048: 2144 1763
1049:
1050: 1971
1051:
1052: 2486 1361
1053:
1054:
1055: 1720
1056:
1057: 2447
1058: 1125
1059:
1060: 1208
1061: 2454
1062: 1203
1063: 2515 1896
1064: 1249
1065: 3226 2133 1160
1066:
1067:
1068: 3138
1069: 2776 1420
1070: 1852 1382
1071:
1072: 1996
1073: 3082 2237 1212
1074: 1778 1589
1075: 2512 2379 1184
1076:
1077: 2655
1078: 2244
1079:
1080: 2954
1081: 2644
1082:
1083: 3022 2532 1468
1084: 2021 1649
1085: 2955 1739 1416
1086: 1445 1225
1087: 1281
1088: 1268
1089:
1090:
1091:
1092:
1093: 1527 1369
1094: 2648 2598 2153 1242
1095: 1583
1096: 2517
1097:
1098:
1099: 2580
1100:
1101:
1102: 3208 1698 1424
1103: 1882 1482
1104: 1381 1253
1105: 2950 2499
1106: 2959
1107:
1108: 2898 2717 2351
1109:
1110: 1751 1289 1241
1111: 1197
1112: 2709 1643
1113: 2446 2092 1968
1114: 2905
1115: 2989
1116: 2521
1117: 1210
1118: 2201
1119:
1120: 3188 2375 2012
1121: 1211
1122: 2093
1123: 2810
1124: 2877 2669 1240
1125:
1126: 1237
1127: 2859 2502 2444
1128: 1954 1322
1129: 1830
1130: 2268
1131:
1132: 2327 1517
1133:
1134: 2018 1964
1135: 1683
1136: 2428
1137: 2888 2185 1724
1138: 1188
1139: 2985
1140: 2886
1141: 2902 1374
1142: 3140 3040
1143: 2485 1594
1144: 1970
1145: 3116
1146: 2885
1147: 2808
1148: 2820
1149: 3147 3039
1150:
1151: 2286 1670
1152: 1593 1286
1153:
1154:
1155:
1156: 2883 1845 1708 1644 1502
1157:
1158: 2807
1159: 2338 1304 1217
1160:
1161:
1162:
1163: 2664
1164: 2698 2111
1165:
1166: 2552 2128
1167: 1621
1168:
1169: 2072 1905
1170: 2518 1870
1171:
1172: 1807
1173: 1693
1174: 1747
1175:
1176: 2798 1572
1177: 2764 2269
1178: 3032 2390 2250
1179:
1180: 3079 1761
1181: 1946
1182:
1183:
1184: 2563 2236 1428
1185:
1186:
1187: 1799 1300
1188: 1821 1635 1265
1189:
1190: 2164 2036
1191: 3158
1192:
1193: 1302
1194: 2151 1947 1789
1195: 2917
1196:
1197:
1198: 2594
1199:
1200:
1201: 1547
1202: 2672 2095 1767 1740
1203:
1204:
1205: 2632
1206: 1887
1207: 2894 2668 2058 1779 1585
1208: 1985 1829
1209:
1210: 1560 1235
1211:
1212:
1213:
1214: 1627
1215: 1368
1216: 1279
1217: 2864
1218: 2952
1219: 2846
1220: 2935
1221:
1222: 2343
1223: 1828
1224:
1225:
1226: 1319
1227: 3205
1228: 2074 2001
1229: 2322 2019 1722
1230: 2430
1231:
1232: 1359
1233:
1234: 3030
1235: 2474 1453
1236: 3101 1741
1237:
1238: 1651 1384
1239:
1240:
1241: 1456
1242: 3192 3186 1354
1243: 1915 1802
1244: 1805
1245:
1246:
1247: 1771
1248: 1769 1342
1249: 2895 2722
1250:
1251: 2866 1607 1562
1252:
1253: 1429
1254: 2847 2656 2498 2359
1255: 2861
1256:
1257: 3087 2168 1731 1717
1258: 1567
1259: 2112 2071
1260: 2278 1963
1261:
1262:
1263: 2745
1264: 1753 1375
1265:
1266: 2395
1267: 3060 2806
1268:
1269:
1270: 3052 2533
1271: 3218 2662 1859
1272:
1273: 2443
1274: 1719 1612
1275:
1276:
1277:
1278: 2687
1279: 2804
1280: 2486
1281: 1569
1282:
1283:
1284: 2880 2097 1534
1285: 2947
1286: 2893 1486 1411
1287: 1927 1914 1673 1611
1288:
1289: 1947 1820
1290: 2031 1931
1291:
1292:
1293: 3008 2467 1633
1294:
1295: 2914 1723
1296:
1297:
1298: 2782 1609
1299: 1827
1300:
1301: 2178
1302:
1303: 1912
1304:
1305: 1389
1306: 1418
1307: 1494
1308:
1309: 1530
1310:
1311: 1959
1312: 2503
1313: 2918 1900
1314: 1733
1315:
1316: 2143
1317: 1452
1318: 2328
1319: 2615
1320: 2995
1321: 2438 1645 1415
1322:
1323: 2876
1324: 1414
1325: 2226 2016
1326: 2572 1758 1715 1559
1327: 3210 3172 1798
1328: 2205
1329:
1330: 3200 2244
1331:
1332: 3132 2740 2507 2411
1333: 2455
1334:
1335: 2921 1779
1336: 3051 2595 2198 1367
1337: 1588
1338: 2737
1339: 3052
1340:
1341: 2980
1342: 3014 2100
1343:
1344: 2321 1791
1345:
1346:
1347: 2110 1463
1348: 2818 2702 2123 1479
1349:
1350: 2879 2726
1351: 2458 2042
1352: 3046 1863
1353: 1364
1354:
1355: 1406
1356: 2300 2149
1357: 1624
1358: 3227 1853 1701
1359:
1360:
1361:
1362: 2631 2626
1363:
1364: 1450
1365: 2791
1366:
1367: 2710 1546
1368:
1369: 1603
1370: 3032
1371: 2720
1372:
1373: 2214
1374:
1375:
1376: 2863
1377: 1622
1378:
1379: 2176 2038 1734
1380: 2314
1381:
1382: 2060
1383: 1480
1384: 1400
1385:
1386:
1387:
1388: 1531
1389: 2130
1390:
1391:
1392:
1393: 3057 1689
1394: 2760
1395:
1396:
1397:
1398: 1815
1399: 2829 2324 1917
1400:
1401:
1402:
1403:
1404: 2979
1405:
1406: 2773 1489
1407: 2883 2781 1845
1408: 3106
1409: 1677
1410: 2025
1411:
1412: 2871 2799 1472
1413: 1515
1414:
1415: 2119 2083
1416:
1417:
1418: 2302
1419: 2676 1891 1793 1685
1420:
1421: 2837 2160
1422: 1952
1423: 3194 2758
1424:
1425: 2763 1818
1426: 1640
1427: 1787
1428:
1429:
1430:
1431: 2346 1995
1432: 1824
1433:
1434: 2291
1435:
1436:
1437: 1582 1449
1438: 1871
1439: 2895 2722 2588
1440: 3214
1441: 1471
1442: 2879 2741 2726 2154 1901
1443:
1444: 2817
1445:
1446: 1491
1447: 1792
1448:
1449:
1450: 1813 1808 1554
1451: 2513
1452:
1453: 1965 1493
1454: 1636
1455:
1456: 1825
1457:
1458: 2263
1459:
1460: 2667
1461:
1462:
1463:
1464: 1557
1465: 2522 2432
1466: 3203 1998
1467:
1468: 1666
1469:
1470: 2406
1471:
1472: 2240 1532
1473: 2263
1474: 1630
1475: 2857 2473
1476: 2545 1716
1477: 2990
1478:
1479: 2008
1480:
1481: 3184
1482: 3019
1483: 2861 2838
1484:
1485: 2882
1486:
1487:
1488:
1489: 2760 1953
1490: 2939
1491: 2942
1492: 2593 2373
1493: 3190 2488 2386 1575
1494: 1855
1495:
1496: 2032
1497: 1826
1498:
1499: 2492 2167 2010
1500: 2205
1501:
1502: 2131
1503:
1504: 2820
1505: 2426
1506:
1507: 1979
1508: 1730
1509:
1510: 2735 1919 1540
1511: 2779
1512: 2889 1925 1578
1513: 2664
1514:
1515: 2323 1642 1579
1516: 2670 1727
1517: 1879
1518: 1960
1519:
1520: 2272 1737
1521:
1522:
1523: 2604
1524: 2840 2419
1525:
1526:
1527: 2857 2235 1909 1691
1528: 1728
1529: 2809 2303
1530: 2196 1838
1531: 2134
1532:
1533: 2442
1534:
1535:
1536: 2874
1537: 2934
1538: 2689
1539: 2460 1760
1540: 2574
1541:
1542: 2851
1543: 2310
1544:
1545: 1576
1546: 2146
1547: 3201
1548: 2368
1549: 3091 2251
1550: 2159
1551: 2619 2232
1552: 2997 2612
1553: 2642 2482 2380 1613
1554: 2004
1555:
1556:
1557:
1558: 1883
1559: 2730
1560: 2461 1837
1561: 1913
1562:
1563: 2843 2280
1564: 1780
1565: 2124
1566:
1567: 2966
1568: 3132 2411
1569: 2347
1570: 2477 2262
1571:
1572:
1573:
1574: 2463 1849
1575: 3069 1994
1576: 3108
1577:
1578:
1579: 2369
1580:
1581: 3183 2738
1582:
1583: 1752
1584: 2422
1585: 2762 2661 2189 2084
1586:
1587:
1588: 1628
1589: 2481
1590:
1591: 3026 2692
1592: 3017 1974
1593: 2354
1594: 3025
1595: 3083
1596:
1597: 3159
1598: 2252
1599:
1600: 2610
1601: 2923
1602:
1603: 2405
1604: 2555
1605: 3055
1606: 2367 2335 2150
1607: 2654
1608: 2447
1609: 2314
1610:
1611: 2332 1856
1612:
1613: 2007
1614: 2276 1848
1615:
1616:
1617:
1618: 3113 1895
1619:
1620: 3013 2558 1844
1621: 3108 2362
1622:
1623:
1624: 1921
1625: 2948
1626:
1627:
1628:
1629:
1630: 2106
1631: 1935
1632: 2085
1633:
1634: 2139
1635:
1636: 2786
1637:
1638:
1639: 3109
1640: 2284
1641:
1642:
1643:
1644: 3002
1645: 2560
1646:
1647: 1705
1648: 2324 1917
1649: 2068
1650: 3109
1651:
1652: 1712
1653:
1654:
1655: 3118 2943
1656: 3155
1657:
1658: 2640
1659:
1660: 1842
1661:
1662:
1663: 2025
1664: 2026
1665: 3204
1666:
1667: 2501
1668: 2079 1864
1669: 2319 2137
1670:
1671: 3127 1784
1672: 1794
1673: 2027
1674:
1675: 2681 2602 1746
1676: 2011
1677: 2939 1816
1678:
1679:
1680: 2921
1681:
1682: 2614
1683: 2557
1684: 2059
1685: 1865
1686:
1687: 1790
1688: 3120 2734
1689: 2033
1690:
1691: 2536
1692: 2099 2087
1693:
1694: 2976
1695:
1696: 1898
1697: 2024 1951 1861
1698: 1811
1699: 2452
1700:
1701: 2769 1980
1702:
1703: 1732
1704:
1705: 2685 2050
1706:
1707:
1708:
1709:
1710:
1711:
1712:
1713:
1714: 3043
1715: 2712 2418 2210 1981
1716: 3047 2856
1717:
1718:
1719:
1720:
1721:
1722:
1723:
1724: 2530
1725: 2120 2116
1726: 2635
1727: 2523
1728:
1729: 2089
1730:
1731: 2015 1835
1732:
1733:
1734: 3080
1735: 1966 1899
1736:
1737:
1738:
1739:
1740: 2299
1741:
1742:
1743:
1744:
1745:
1746:
1747: 1834
1748: 3207 2325 1976
1749:
1750: 2951
1751:
1752:
1753: 2179
1754: 2029
1755:
1756:
1757:
1758: 1945
1759: 2535
1760: 2918 1900
1761: 2868
1762:
1763: 2803
1764:
1765: 2155
1766:
1767:
1768: 2398
1769: 2202
1770:
1771:
1772:
1773:
1774: 2971 2538 1967
1775:
1776: 2705 2622
1777: 2697
1778:
1779:
1780: 2985 1858
1781:
1782: 2416
1783:
1784:
1785:
1786: 2906 2680 2542
1787:
1788: 3149
1789:
1790:
1791:
1792:
1793: 2966
1794: 2669 2191 1873
1795:
1796: 3036 2573 2512 2379
1797:
1798: 2218
1799: 2493
1800: 2228 2094
1801: 2132
1802: 3015 2030 1922
1803:
1804:
1805:
1806:
1807: 1904
1808:
1809:
1810: 2793 2181
1811:
1812: 2653 2082
1813: 2836 1866
1814: 2825 2590
1815:
1816:
1817: 3044 2330
1818: 2740 2507 2101
1819: 2242 1969
1820: 1880
1821: 3169 2294
1822:
1823: 2401
1824: 1955
1825: 2431 2417
1826:
1827:
1828:
1829:
1830: 1944
1831: 2023
1832:
1833: 2245
1834:
1835:
1836:
1837: 2241
1838:
1839: 2757
1840:
1841:
1842: 1926
1843: 2256
1844:
1845: 2712 2552 2418 2210 1981 1949
1846: 2686 2571
1847: 2287
1848: 2387
1849:
1850:
1851: 2676
1852:
1853:
1854:
1855:
1856: 2875
1857:
1858:
1859:
1860:
1861:
1862:
1863:
1864: 2298
1865:
1866: 1986
1867: 2466
1868: 2657
1869:
1870: 3005 1997
1871: 2475
1872:
1873: 2617 2166
1874: 2504
1875:
1876: 2808
1877: 2919
1878:
1879:
1880:
1881:
1882:
1883:
1884: 2608
1885:
1886:
1887: 2301
1888:
1889:
1890: 2860 2329
1891:
1892:
1893: 2187
1894:
1895: 3091 2545
1896: 2788 2497
1897: 2619 1929
1898: 2100
1899: 3225
1900: 3059
1901: 2858
1902:
1903:
1904: 2203
1905:
1906: 2378
1907:
1908:
1909: 2046
1910: 2553
1911: 2916
1912:
1913: 2922 2255 2014
1914:
1915: 2695 2430
1916:
1917: 3062 2049
1918:
1919:
1920: 2869
1921: 2819 2090
1922:
1923: 2606 2300
1924:
1925:
1926: 2138
1927:
1928:
1929: 2374
1930:
1931:
1932: 2238
1933:
1934:
1935:
1936:
1937: 2749 2559
1938:
1939:
1940: 2208
1941:
1942: 3114
1943: 2703
1944:
1945:
1946: 2964
1947: 2035
1948:
1949:
1950:
1951: 3146
1952:
1953:
1954:
1955:
1956:
1957: 2684
1958: 2809
1959:
1960:
1961:
1962: 3182 2623
1963:
1964:
1965: 2200
1966:
1967:
1968: 2569
1969:
1970:
1971: 2556
1972:
1973: 2489
1974:
1975:
1976:
1977:
1978: 3125
1979:
1980:
1981:
1982:
1983:
1984:
1985: 2775 2400
1986:
1987: 2297 2165
1988:
1989:
1990: 2239
1991:
1992:
1993:
1994:
1995:
1996:
1997:
1998:
1999: 2088 2064
2000: 3228 2900
2001: 3061 2449 2285
2002:
2003:
2004: 2751
2005:
2006:
2007: 2266
2008:
2009: 2356 2204
2010:
2011: 2663
2012: 3217
2013:
2014:
2015: 3085
2016: 3012
2017: 3171 2261
2018:
2019:
2020:
2021: 2206
2022: 2320
2023:
2024:
2025:
2026:
2027:
2028:
2029:
2030:
2031:
2032:
2033:
2034: 2415
2035: 3152
2036:
2037:
2038: 2579
2039:
2040:
2041:
2042:
2043:
2044: 3148
2045:
2046:
2047:
2048:
2049: 2496
2050: 2871 2799
2051: 3053
2052:
2053: 2258
2054:
2055: 2784
2056: 2647
2057:
2058: 2290
2059: 3142 3139
2060:
2061:
2062:
2063: 2480
2064: 2584
2065: 2936 2835
2066:
2067:
2068:
2069:
2070: 2315
2071:
2072:
2073:
2074: 2634
2075:
2076:
2077: 2358
2078:
2079: 2693
2080:
2081:
2082:
2083:
2084: 2766
2085: 2563 2171
2086: 3078
2087:
2088: 2526
2089: 2183
2090: 3123
2091: 2469
2092:
2093:
2094:
2095: 2683
2096:
2097: 2253
2098:
2099:
2100: 3175
2101:
2102:
2103:
2104: 3216
2105:
2106:
2107:
2108:
2109:
2110:
2111: 2887
2112:
2113:
2114:
2115: 3167
2116:
2117:
2118:
2119: 2566 2259
2120:
2121:
2122:
2123:
2124:
2125:
2126: 2350
2127: 2907
2128: 2607 2478
2129: 2629
2130:
2131: 2311
2132:
2133: 2459
2134:
2135: 2813
2136:
2137:
2138:
2139:
2140: 2352
2141: 2679
2142:
2143:
2144:
2145:
2146:
2147:
2148:
2149:
2150:
2151:
2152:
2153: 2254
2154: 3232
2155:
2156: 2747 2673
2157:
2158:
2159: 3047 2295
2160:
2161: 2403
2162:
2163:
2164:
2165:
2166:
2167:
2168: 2345
2169:
2170:
2171:
2172:
2173:
2174:
2175:
2176:
2177:
2178: 3068
2179:
2180: 3093
2181:
2182:
2183:
2184:
2185: 2897
2186: 3088
2187: 2500
2188:
2189:
2190:
2191:
2192: 2707
2193:
2194:
2195:
2196:
2197:
2198:
2199: 2633
2200:
2201: 3230 2326
2202: 3198
2203:
2204:
2205:
2206:
2207: 2925
2208: 2413
2209:
2210: 2283
2211:
2212: 2822 2384
2213: 2437
2214:
2215:
2216:
2217:
2218:
2219:
2220:
2221:
2222: 2717
2223:
2224: 2973
2225: 2641 2456
2226:
2227: 2908 2848
2228:
2229:
2230:
2231:
2232:
2233:
2234:
2235:
2236:
2237: 3094 2342
2238:
2239: 2779
2240:
2241:
2242:
2243:
2244:
2245:
2246: 3111
2247: 2783 2470
2248: 2611
2249:
2250: 2797
2251:
2252:
2253:
2254:
2255:
2256: 2690
2257:
2258:
2259: 2445 2348
2260:
2261: 2420
2262:
2263:
2264:
2265:
2266: 2850
2267: 2331
2268:
2269: 2682
2270:
2271:
2272:
2273: 3166
2274:
2275: 2694
2276: 2724
2277:
2278:
2279:
2280:
2281:
2282:
2283:
2284:
2285:
2286:
2287:
2288: 3066
2289:
2290:
2291: 2711 2688
2292:
2293:
2294:
2295:
2296:
2297:
2298:
2299: 2706
2300:
2301:
2302:
2303: 2412
2304:
2305:
2306:
2307:
2308:
2309: 2991
2310:
2311: 2929
2312:
2313:
2314:
2315: 2881
2316:
2317:
2318: 2389
2319:
2320:
2321:
2322: 2967
2323:
2324:
2325:
2326:
2327:
2328:
2329:
2330:
2331:
2332:
2333:
2334:
2335:
2336:
2337:
2338:
2339:
2340:
2341:
2342: 2928
2343:
2344:
2345:
2346:
2347:
2348: 2910
2349:
2350:
2351:
2352:
2353:
2354:
2355:
2356: 2414
2357:
2358:
2359:
2360:
2361:
2362:
2363: 2997
2364:
2365:
2366:
2367:
2368: 2839
2369: 2891
2370:
2371:
2372: 3176 3164
2373:
2374: 2435
2375:
2376:
2377:
2378:
2379:
2380:
2381:
2382:
2383:
2384: 2719
2385:
2386:
2387:
2388: 3136
2389: 3037
2390:
2391:
2392: 2701
2393:
2394:
2395: 2725
2396:
2397:
2398:
2399:
2400:
2401:
2402:
2403: 2505
2404: 2845
2405:
2406:
2407:
2408:
2409:
2410: 2570
2411:
2412:
2413:
2414:
2415:
2416: 2581
2417:
2418:
2419: 2531
2420:
2421:
2422:
2423:
2424: 2869
2425:
2426: 3064
2427: 3185 3098 2924
2428:
2429:
2430:
2431: 3156
2432:
2433:
2434:
2435:
2436:
2437:
2438:
2439:
2440:
2441:
2442:
2443:
2444:
2445:
2446:
2447:
2448: 2969
2449: 2582
2450:
2451: 2765
2452:
2453:
2454:
2455:
2456: 3135
2457: 2624 2508
2458: 2490
2459:
2460:
2461: 3206
2462: 3150
2463:
2464:
2465:
2466:
2467:
2468:
2469: 3033
2470:
2471:
2472: 3178 2596
2473: 2700
2474: 2753
2475:
2476:
2477: 2603
2478:
2479:
2480:
2481:
2482:
2483:
2484:
2485:
2486: 2870
2487:
2488:
2489:
2490:
2491:
2492:
2493:
2494:
2495:
2496: 2785
2497:
2498:
2499:
2500: 2529
2501:
2502:
2503:
2504: 2965
2505:
2506:
2507:
2508:
2509:
2510:
2511:
2512:
2513:
2514:
2515:
2516:
2517:
2518:
2519:
2520:
2521:
2522:
2523: 3117
2524:
2525:
2526:
2527: 2983
2528:
2529:
2530: 3188
2531:
2532:
2533:
2534: 2613
2535:
2536:
2537:
2538:
2539:
2540:
2541: 2911
2542:
2543: 3144 2834
2544:
2545: 2792
2546:
2547:
2548:
2549:
2550:
2551:
2552: 2831 2665
2553: 2756
2554: 3004
2555:
2556:
2557:
2558:
2559:
2560:
2561:
2562:
2563:
2564: 2774
2565:
2566:
2567:
2568:
2569:
2570:
2571:
2572:
2573: 2713
2574:
2575:
2576:
2577:
2578:
2579:
2580: 3223
2581: 2892
2582:
2583:
2584:
2585: 2721
2586:
2587:
2588:
2589: 3134 2904
2590:
2591:
2592:
2593:
2594:
2595:
2596:
2597:
2598:
2599: 3209
2600:
2601:
2602:
2603:
2604:
2605:
2606: 3095
2607:
2608:
2609:
2610:
2611: 3229
2612:
2613:
2614:
2615: 2704
2616: 2993
2617:
2618:
2619: 3133
2620:
2621:
2622: 3151
2623: 2718
2624:
2625:
2626:
2627:
2628:
2629: 2841
2630:
2631: 3038
2632:
2633:
2634:
2635: 2767
2636:
2637:
2638:
2639:
2640:
2641: 2736
2642:
2643:
2644:
2645:
2646:
2647:
2648:
2649:
2650: 2933
2651:
2652:
2653:
2654: 2909
2655:
2656:
2657:
2658:
2659:
2660:
2661:
2662:
2663:
2664:
2665:
2666:
2667: 3006
2668:
2669: 2956
2670:
2671:
2672:
2673:
2674:
2675: 2771 2752
2676:
2677:
2678:
2679:
2680: 2982
2681: 3180
2682: 3103 3089
2683:
2684:
2685:
2686:
2687:
2688:
2689:
2690: 2938
2691:
2692:
2693:
2694:
2695:
2696:
2697:
2698:
2699: 2974
2700: 3029 2728
2701:
2702:
2703: 2821
2704:
2705:
2706:
2707: 2994 2946
2708:
2709: 3009
2710:
2711:
2712:
2713:
2714:
2715:
2716:
2717:
2718: 3096
2719:
2720:
2721: 3159
2722:
2723:
2724: 3121
2725:
2726: 2828
2727:
2728:
2729: 2750
2730:
2731:
2732:
2733: 3072
2734:
2735:
2736:
2737:
2738:
2739:
2740:
2741:
2742: 3058
2743:
2744:
2745:
2746:
2747:
2748:
2749:
2750:
2751:
2752:
2753:
2754:
2755:
2756:
2757:
2758:
2759:
2760:
2761: 2814
2762:
2763:
2764:
2765:
2766:
2767:
2768:
2769:
2770:
2771: 3081
2772:
2773:
2774:
2775:
2776: 3143
2777: 2838
2778:
2779:
2780:
2781:
2782: 2975
2783:
2784:
2785:
2786:
2787: 2988
2788:
2789:
2790:
2791:
2792: 3131
2793:
2794:
2795:
2796:
2797:
2798:
2799:
2800:
2801:
2802:
2803:
2804:
2805:
2806:
2807:
2808:
2809:
2810:
2811: 2844
2812: 3104
2813: 3092 3041
2814:
2815:
2816:
2817: 3197
2818: 2945
2819:
2820:
2821:
2822: 3056
2823:
2824:
2825:
2826: 3097
2827:
2828:
2829:
2830:
2831:
2832:
2833:
2834:
2835:
2836:
2837:
2838:
2839:
2840: 2981
2841:
2842:
2843:
2844:
2845:
2846:
2847:
2848:
2849:
2850: 3193
2851:
2852:
2853:
2854:
2855:
2856: 3162
2857:
2858:
2859:
2860:
2861:
2862:
2863: 3174
2864:
2865:
2866:
2867:
2868:
2869:
2870:
2871: 3160
2872: 3163
2873:
2874:
2875:
2876:
2877:
2878:
2879:
2880:
2881:
2882:
2883:
2884:
2885:
2886:
2887: 3003
2888:
2889:
2890:
2891:
2892:
2893:
2894:
2895:
2896:
2897:
2898:
2899:
2900:
2901:
2902:
2903:
2904:
2905:
2906:
2907:
2908:
2909:
2910:
2911:
2912: 3042
2913:
2914:
2915: 3102
2916:
2917: 3100
2918: 3170
2919:
2920: 3086
2921:
2922: 3215
2923:
2924: 3202
2925:
2926:
2927:
2928:
2929:
2930:
2931:
2932:
2933: 3071
2934:
2935:
2936:
2937:
2938:
2939:
2940: 3011
2941:
2942:
2943:
2944:
2945: 3048
2946:
2947:
2948:
2949:
2950:
2951:
2952:
2953:
2954: 3153
2955:
2956: 3165
2957:
2958:
2959:
2960:
2961:
2962:
2963:
2964: 3077
2965:
2966:
2967:
2968:
2969:
2970:
2971:
2972:
2973:
2974:
2975:
2976:
2977:
2978:
2979:
2980:
2981:
2982:
2983: 3049
2984:
2985:
2986:
2987:
2988:
2989:
2990:
2991:
2992:
2993:
2994:
2995:
2996:
2997:
2998: 3115
2999:
3000:
3001:
3002:
3003:
3004:
3005:
3006:
3007:
3008:
3009:
3010:
3011:
3012:
3013:
3014:
3015:
3016:
3017:
3018:
3019:
3020:
3021:
3022:
3023:
3024:
3025:
3026:
3027:
3028:
3029:
3030:
3031:
3032:
3033:
3034:
3035:
3036:
3037:
3038:
3039:
3040:
3041:
3042:
3043:
3044:
3045:
3046:
3047:
3048:
3049:
3050:
3051:
3052:
3053:
3054:
3055:
3056:
3057:
3058:
3059:
3060:
3061:
3062:
3063:
3064:
3065:
3066:
3067:
3068:
3069:
3070:
3071:
3072:
3073:
3074:
3075:
3076:
3077:
3078:
3079:
3080:
3081:
3082:
3083:
3084:
3085:
3086:
3087:
3088:
3089:
3090:
3091:
3092:
3093:
3094:
3095: 3224
3096:
3097:
3098:
3099:
3100:
3101:
3102:
3103:
3104:
3105:
3106:
3107:
3108:
3109:
3110:
3111:
3112:
3113:
3114:
3115:
3116:
3117:
3118:
3119:
3120:
3121:
3122:
3123:
3124:
3125:
3126:
3127:
3128:
3129:
3130:
3131:
3132:
3133:
3134:
3135:
3136:
3137:
3138:
3139:
3140: 3195
3141:
3142:
3143:
3144:
3145:
3146:
3147:
3148:
3149:
3150:
3151:
3152:
3153:
3154:
3155:
3156:
3157:
3158:
3159:
3160:
3161:
3162:
3163:
3164:
3165:
3166:
3167:
3168:
3169:
3170:
3171:
3172:
3173:
3174:
3175:
3176:
3177:
3178:
3179:
3180:
3181:
3182:
3183:
3184:
