1: 30 18 17 13 10 2 1
2: 541 533 519 503 118 4
3: 1025 818 737 632 518 395 110 104 100 35 26 16 12 3
4: 973 567 545 357 275 185 158 95 54 14
5: 779 567 285 95 36 5
6: 848 574 169 132 111 57 19 11 9 8 7 6
7: 988 958 906 443 337 290 266
8: 1045 1033 992 973 914 719 700 545 380 357 340 328 176 158 54 24 23 22
9: 428 42
10: 471 265 62 56 47 45 28
11: 994 962 567 414 95 36
12: 652 450 263 240 60 51
13: 337 38 34 27
14: 572 55
15: 483 425 133
16: 719 615 380 340 251 176 164 106 70 15
17: 839 527 124 66 21
18: 761 742 716 350 271 221 75 29 25
19: 1027 994 955 868 812 507 501 489 414 99 32 20
20: 614 594 331
21: 988 443 405 98 39 33
22: 224 122 41 31
23: 1016 884 834 752 537 400 297 249
24: 342 159 130 121 92 77 59
25: 915 269 64
26: 590 128 85 58
27: 601 283 82 71
28: 730 715 464 361 234 198
29: 722 703 87 52 37
30: 762 726 630 496 471 464 389 361 303 178
31: 637 601 573 283 135 43 40
32: 625 90 86 78
33: 607 596 418 101
34: 80 67 49
35: 559 430 382 351 345 108
36: 758 665 654 612 561 516 476 323
37: 1007
38: 905 346 223 195 68
39: 924 53
40: 843 334 74
41: 740 300 205 61 44
42: 533 460 230 201 140
43: 107 63
44: 493 48
45: 252 194 120 89 73 50 46
46: 994 665 612 414
47: 942
48: 374 311
49: 69
50: 958 824 514 469 409
51: 812 489 127
52: 1006 563 206 97
53: 850 778 624 487 142
54: 115
55: 450 183 93
56: 977 958 601 283 197 112 105
57: 315 188 103
58: 517 393 182
59: 322 302
60:
61: 810 484 229 179
62: 180 65
63: 815 726 227
64: 646 584 433 371 138
65: 365 145
66: 1029 920 686 588 428 299 257
67: 1007 904 659 569
68: 699 304
69: 654 561 516 323 76
70: 958 749 737 632 590 464 361 308 207 156 72
71: 740 573 412 300 264 205
72: 83
73: 586 458 372 166
74: 702 477 405
75: 906 290 266
76: 273 258 136 91
77: 118
78: 899 459 397 79
79: 1013 925
80: 730 715 684 450 268 183 81
81:
82: 1013 204 94
83: 930 247 168 137 84
84: 671 460 410 396 278 230 220 203 201
85: 977 873 742 716 686 350 299 271 257
86: 933 743 609 336 232
87: 333
88: 559 430 382 88
89: 933 630 389 303 96
90: 228 191 170 125 102
91: 351
92: 595
93: 963 113
94: 719 380 340 176 106
95: 926 810 272
96: 600 362 141
97: 276
98: 671 410 262
99: 151
100: 754 525
101: 739 473 436 339
102: 884 297
103: 202 172 153
104: 728 630 600 583 399 362
105: 542 280 171
106: 588 196 117 109
107: 767 483 425 255 248 235 213
108: 725 274
109: 370 369 116
110: 1007 426 143
111: 998 160
112: 538 462 445 134
113: 777 222 163
114: 152
115: 770 635 568 464 442 375 361 165 139
116: 977 776 537 483 425 401 394 249
117: 767 235
118: 865 114
119: 1008
120: 1043 1010 199 119
121: 938 155
122: 599 573 312
123: 812 157
124: 1017 976 161 150
125: 167 146
126: 1014 573 281
127: 1045 992 914 869 848 808 700 574 328
128: 1045 992 914 880 700 328 181
129: 615 566 333 215
130: 729 466 349
131: 186 173 144
132: 615 215 162
133: 565 148 131
134: 216 208 147
135: 823 287 270 123
136: 665 612 126
137: 740 300 205 129
138: 873 190
139: 435
140: 883 192
141:
142: 895 705 253 184
143: 772 256
144: 1002 292
145: 759 605 498
146: 826 381 243
147: 541 503 273 258 193 187
148: 720 277
149: 885 810 714 664 383 175
150: 1041 491 486
151: 855 745 480 427 228
152: 488
153: 268
154:
155:
156: 479 291
157: 806 364 212 154
158: 1005 941 242 236
159: 468
160: 1024 988 911 429
161:
162: 858 734 599 571 461 438 388 286 149
163: 818 518
164:
165: 1044 214
166: 523
167: 244
168: 219 218
169: 1026 285
170: 411 378
171: 452
172: 409
173: 961 301
174: 1035 174
175:
176: 955 507 501
177: 964 824
178: 887 598
179: 540 461 286 226
180: 681 470 355
181: 768 440
182: 678
183: 820 556
184: 855 745 480 427 246
185: 774 667 591
186: 1037 238
187: 835 432 330
188: 1028 513 484 177
189: 652 263 240
190: 873 742 716 350 271
191:
192: 968
193:
194: 239
195:
196: 741 413 327 217
197: 877 403
198: 642 189
199: 345 225
200: 578 552 289
201: 573
202:
203: 966 945 241
204: 231
205: 788 472 267 210
206:
207: 618
208: 953 314
209: 857 645
210: 838 295 259 237
211: 325
212: 728
213: 469 314
214: 335 307
215: 354
216: 209
217: 643 456 233 200
218: 511 424 408 282
219: 1034 587
220: 840 575 254
221: 519 260
222:
223: 940
224: 261
225: 793
226: 416
227: 316
228: 309 211
229:
230:
231: 1040 332 329
232: 398
233: 957
234: 991 956
235:
236: 639 539 313 298
237: 921 279
238:
239: 602
240: 775 250
241: 811 343
242: 893 725
243: 386 385 358
244: 367
245: 761 284
246: 326
247: 864 245
248: 980 422
249: 1000
250: 506
251: 1033
252: 990 965 635
253: 983 449
254: 991 663
255: 626 391 356
256: 467
257: 902 558
258: 702
259: 891 649 317
260: 899 593
261: 984
262: 635 568 442 375
263: 510 494 379 324
264: 1044 1006 923 450
265: 918 755 615 402
266: 958 500
267:
268: 363 319
269: 1027
270: 353
271:
272:
273:
274: 797 581
275: 954 906 294
276:
277:
278: 983 693 526 449 293
279:
280:
281: 580
282: 741 413 327
283: 1026 463
284: 1037
285: 412
286: 922 876 554 465
287: 989 482 448
288: 532 296
289: 770
290:
291: 928 368
292:
293: 759 605 498
294: 522
295: 352
296: 864 681 505
297: 781 724 344
298: 306
299:
300: 423
301: 1038 546
302: 806 750 544 364
303: 773 318 288
304: 659 644
305: 791
306:
307: 475 320
308:
309: 727
310: 541 503
311: 1010
312: 1039 956 846 348
313: 800 420
314: 585
315:
316: 481
317:
318: 437
319: 392
320: 1016 834 752 400 321
321: 589 377
322:
323: 835 692 432
324:
325: 613 310
326: 406 305
327: 532
328: 775
329: 662
330: 735 360
331: 629 384
332: 909
333: 1028 513
334: 956
335: 805
336: 1004 566
337: 421
338: 695 688
339: 579 490 359
340: 807 668
341: 619
342: 418
343: 637
344:
345:
346:
347: 509
348: 842
349:
350:
351:
352: 887
353:
354: 784
355: 1030 608
356:
357: 890 492
358:
359: 889
360: 824 514 338
361:
362: 347
363: 404
364:
365: 944
366: 341
367:
368: 753 674 536
369: 697
370: 833 828
371: 1030 894
372: 376
373: 771 611 530
374: 639 539
375: 1001 415
376: 950 949 901
377:
378: 672
379: 708
380: 774 718 670 633
381:
382: 549
383: 510
384: 495
385: 439 387
386: 958 733 515
387: 373
388: 748
389: 845 679
390: 963 782 696
391: 1024 977 911
392: 621
393: 366
394: 677 622
395: 871 805 709
396: 528 444
397:
398: 849 552
399: 447
400:
401: 732
402:
403:
404: 672 485 446
405:
406:
407: 543
408: 499
409: 902 651 641 640 558
410: 927 570
411:
412: 874
413: 1002
414:
415:
416:
417: 390
418: 711
419:
420:
421: 886 560
422: 975 451
423: 862 613
424:
425:
426: 836 604
427:
428: 844 683 555
429: 614 594 419
430:
431: 721 417
432: 1014
433: 892 407
434: 673
435: 856 434
436: 1015 620
437:
438:
439:
440:
441:
442:
443:
444:
445:
446:
447: 455
448: 938 899
449:
450: 887
451: 885 562
452:
453:
454: 931 454
455: 512 431
456: 551 441
457: 980 524
458: 736 453
459: 677
460:
461: 762 496
462: 1025
463:
464: 529
465: 991 670 633
466:
467:
468:
469: 815
470: 929
471: 962
472: 497
473:
474: 457
475: 809
476: 913 592
477: 831 628
478:
479:
480: 710 478
481:
482: 502
483: 1004
484:
485: 936
486: 723
487: 553
488: 942
489: 722
490:
491:
492: 520
493: 508
494:
495:
496:
497: 644
498: 814
499:
500: 757 751
501: 780 631
502:
503:
504: 474
505: 802
506: 804 660 547
507: 805 759 709 535
508:
509: 577
510:
511:
512: 947 504
513:
514: 778
515: 603
516:
517: 1039 984
518:
519: 550
520:
521: 787
522: 764
523: 845
524: 798 636 616
525:
526:
527:
528:
529:
530: 707
531:
532: 821
533:
534: 557
535: 634 597
536: 690
537: 881
538: 918
539:
540: 548
541:
542: 1039 765
543:
544:
545:
546: 582
547: 731 531
548: 638
549:
550: 993
551:
552: 799
553: 827
554:
555: 1021 986 971 650
556: 792 627
557: 521
558:
559: 805 709
560: 1005 941 796
561:
562: 675
563: 618
564:
565: 907
566:
567:
568: 769
569:
570: 866 801 756
571:
572: 534
573: 853
574:
575: 1022 1019
576:
577:
578: 623
579: 657
580: 995 617
581:
582: 1029 920
583: 1012
584:
585: 1032 830
586: 610
587:
588:
589: 987
590:
591: 809
592: 691
593: 837 576
594: 882
595:
596: 648
597:
598: 748
599:
600:
601:
602:
603: 978 564
604:
605: 832 669
606: 704
607:
608:
609:
610:
611:
612: 1004
613:
614: 606
615: 985 867 712 655
616: 888
617:
618:
619:
620:
621:
622:
623:
624:
625: 869 808 717
626:
627: 934 841
628:
629: 1023
630:
631:
632:
633:
634:
635:
636: 937
637:
638:
639: 939
640: 1042 956 878 676 653
641: 974 766
642:
643:
644: 982 956 946 763
645:
646: 666
647:
648: 916
649:
650: 1017 976
651:
652: 980
653:
654:
655:
656: 969 795
657:
658: 825 785
659: 760 687
660:
661: 912
662: 800
663:
664:
665: 747
666: 959 658
667: 1003
668: 783 713
669: 694 647
670:
671:
672:
673: 744
674: 698
675:
676: 952
677:
678: 932
679:
680:
681:
682: 790
683: 963 782
684:
685: 1039
686: 851
687:
688: 813
689:
690:
691:
692: 656
693: 900 738
694:
695:
696:
697:
698:
699:
700:
701: 895 705
702: 863 661
703:
704: 979
705:
706: 685
707:
708:
709:
710:
711:
712: 682
713: 943
714: 746
715:
716: 689
717: 847
718:
719: 881
720: 910 875 680
721:
722:
723:
724: 900 701
725:
726:
727:
728:
729:
730: 706
731:
732:
733: 877
734:
735: 789
736: 794
737:
738:
739:
740:
741:
742: 978
743: 919
744: 919
745:
746:
747:
748:
749:
750: 861
751:
752:
753: 997
754:
755:
756:
757:
758:
759: 822
760:
761:
762: 816
763:
764: 897
765:
766: 951 803
767:
768: 872
769:
770:
771:
772:
773:
774:
775:
776:
777:
778:
779:
780:
781:
782:
783:
784:
785:
786:
787:
788:
789:
790:
791: 786
792:
793:
794: 879
795:
796:
797:
798:
799:
800:
801: 859
802: 1011 981
803:
804:
805: 829
806:
807: 1031
808:
809:
810:
811:
812:
813:
814: 996
815:
816:
817:
818: 870
819: 854
820:
821: 1018
822: 1020
823:
824: 819
825:
826:
827:
828:
829:
830:
831:
832: 972
833: 926
834:
835:
836: 852
837: 903
838:
839:
840: 948
841: 950 949
842:
843:
844: 908 817
845: 1009
846:
847:
848:
849:
850: 896
851:
852: 1027
853:
854:
855:
856:
857:
858:
859:
860: 1046
861:
862:
863:
864:
865:
866:
867:
868:
869:
870:
871:
872:
873: 860
874:
875:
876:
877:
878:
879:
880: 963
881: 917
882:
883:
884:
885:
886:
887:
888:
889:
890:
891:
892:
893:
894:
895:
896:
897:
898:
899:
900:
901:
902: 898
903:
904:
905:
906:
907:
908:
909:
910:
911:
912:
913:
914:
915: 970
916: 999
917:
918:
919:
920:
921:
922:
923:
924:
925:
926:
927:
928:
929: 935
930:
931:
932: 929
933:
934:
935:
936:
937:
938: 927
939:
940:
941:
942:
943:
944:
945:
946:
947:
948:
949:
950:
951:
952:
953:
954:
955:
956: 967
957:
958:
959:
960:
961:
962:
963:
964:
965:
966:
967:
968: 972
969:
970:
971:
972:
973:
974:
975:
976:
977:
978:
979:
980:
981:
982:
983:
984:
985:
986:
987:
988:
989:
990:
991:
992:
993:
994:
995:
996:
997:
998:
999:
1000:
1001: 960
1002:
1003:
1004:
1005:
1006:
1007:
1008:
1009:
1010:
1011:
1012:
1013:
1014:
1015:
1016:
1017:
1018:
1019: 1036
1020:
1021:
1022:
1023:
1024:
1025:
1026:
1027:
1028:
1029:
1030:
1031:
1032:
1033:
1034:
1035:
1036:
1037:
1038:
1039:
1040:
1041:
1042:
1043: 1043
1044:
1045:
1046:
1047:
1048:
1049:
1050:
1051:
1052:
1053:
1054:
1055:
1056:
1057:
1058:
1059:
1060:
1061:
1062:
1063:
1064:
1065:
1066:
1067:
1068:
1069:
1070:
1071:
1072:
1073:
1074:
1075:
1076:
1077:
1078:
