1: 978 71 13 10 6 1
2: 2964 2673 664 470 250 48 26 2
3: 682 593 448 165 154 14 8 7 5
4: 2439 1212 1141 1112 850 799 759 640 541 467 349 296 283 270 268 257 209 99 84 72 60 58 51 49
5: 1937 1229 301 9 4
6: 3532 984 780 527 426 265 144 95 39 36 32 3
7: 3364 2519 1820 1789 967 831 468 440 421 54 34 16
8: 382 241 110 37
9: 2276 704 536 356 124
10: 3513 3249 1972 1738 978 492 69 35 18
11: 3278 3249 2981 2775 1996 1738 1655 1542 1254 908 624 418 237 197 21
12: 2155 1010 420 373 166 149 93 79 57 11
13: 1679 1609 595 277 242 43 40 22
14: 3414 3063 2009 1676 1111 592 561 434 364 157 97 23
15: 1112 541 349 58 51 12
16: 3623 2666 1257 1141 517 466 391 283 84 72 49 38 24 15
17: 1212 640 467 20
18: 3297 2819 2401 1431 985 917 914 563 408 395 372 339 55 19
19: 941 580 481 56 33 28 17
20: 757 113 90 42 31 30
21: 999 590 449 428 266 137 96 63
22: 3017 2882 2322 1838 1407 976 713 584 576 427 424 417 236 121 106 27
23: 1719 1074 189 66 62
24: 1979 227 171 59 25
25: 2419 2415 1049 346 299 119 53
26: 957 471 400 291 132 44 29
27: 2947 2062 1896 1663 70 65 41
28: 1473 271 194 78 74 46
29: 1980 222 184
30: 3080 3023 648 163
31: 893
32: 2582 1290 1278 806 482 130 75
33: 3267 2191 2169 1181 864 696 553 221 214
34: 3174 3029 2634 1574 1453 770 198 88
35: 2797 1562 573 172 111 64
36: 2774 582 343 126 105
37: 2441 755 77 68 47 45
38: 970 352 274 213 145 52
39: 2057 1908 1805 73 61
40: 3287 2464 1530 1498 370 101 76 50
41: 3637 3047 1565 123
42: 3163 2856 2549 2420 1176 1095 1005 970 934 712 352 274 213 156 145
43: 2439 850 99
44: 2889 1627 1102 1041 625 592 528 480 433 202 195 129
45: 2906 2347 2236 2104 1672 824 819 606 333 255 175 102 100 81
46: 1619 1023 962 857 581 521 384 258 247
47: 2950 2808 2121 2022 1596 439 116 67
48: 3322 1113 935 131 107 82
49: 597
50: 494 234
51: 3600 3153 1514 1249
52: 1645 321 147
53: 3627 2931 2778 2662 2097 1467 1334 1254 983 624 618 431 294 217 160 109 87
54: 1467 431 239 160 135 109 83
55: 1307 776 357 335 128 86
56: 2393 2235 617 607 286 152 89
57: 1138 929 367 190 94
58: 3222 1647 1241 518 125 115
59: 944 786 602 500 416 345 80
60:
61: 1548 288 193 146
62: 3294 3129 2608 1866 1414 1209 1041 625 528 480 85
63: 1765 256
64: 3627 2931 2778 1334 983 294
65: 1120 92
66: 2855 1254 766 624 418 188
67: 3485 2028 871 183 104
68: 3437 2317 2181 1545 945 695 631 616 545 509 410
69: 3066 799 296 270 268 118 91
70: 3151 3078 2918 2724 2347 2217 1996 1722 1655 819 529
71: 1483 1166 588 318 210 133 112
72: 2889 2063 1627 1102 202 195
73: 2219 673
74: 1270 742 216 179 162 139
75: 3635 3633 2717 1208 748 394 134
76: 3404 3366 2837 2236 2104 1672 824 333 255
77: 1576 375
78: 2684 2676 1581 900 297 114
79: 3261 1980 1793 738 332 248
80: 2991 2765 1749 1513 323
81: 559 459 192 170 103
82: 2434 1399 577 148 108
83: 3406 2063 644
84: 2199 1790 1164 223 120 98
85: 2906 1637 1348 1233 930
86: 2322
87: 3600 3317 3153 3135 2838 2818 2756 1925 1514 1271 937 303 174 142
88: 2243 1006 945 592 433 159
89: 1524 915 525 499
90: 2873 2604 2109 622 414 245
91: 3310 2416 1949 1938 857 521 384 258 247
92: 3448 3267 3168 2191 2169 1181 1141 696 221 214 150
93: 2666 466 391 117
94: 2856 2420 934 156
95: 2806 2497 2433 1161
96: 584 236 185 176
97: 136
98: 2846 2624 1829 1583 1006 143 141 140 127 122
99: 2400 246
100: 2291 1254 1222 1014 671 624 418
101: 3567 2472 2262 1600 1573 1400 362 243
102: 1007
103: 3625 3081 3073 3017 2357 1572 424
104: 3567 1707 1665 1202 638 196
105: 3058 1702 1219 263
106: 1851 846 632 161
107: 666 401 312 307 272
108: 2797 2539 1965 1814 1562 1377 1029
109: 1111 561 434 157
110: 2829 1579 1068 520 445 252 151
111: 3384 3196 2809 2757 1501 1067 957
112: 2981 324
113:
114: 1222 1014 469 340 153
115: 2196 1122
116: 3170 490
117: 1834 138
118: 2215 1335 235 230
119: 325 306
120: 2228 2174 435
121: 1661 905 816 379
122: 3396 407 228
123: 3449 3367 1940 1863 1002 678 240 178 164
124: 2662 2159 2097 618 605 457 187 182
125: 3112 1023 309
126: 2991 1749 1513 1422 684 496 348 293 289 200
127: 2372 1404
128: 3576 2598 1279 1126 338 259 215
129: 3567 329 173 167
130: 2172 2032 1945 1618 1358 630 615 587
131: 1618 1358
132: 1261 1052 564 273
133: 2372 1986 1710 1509 1028 918 805 623 475 334 212
134: 3328 2864 2684 1581 1578 1497 900 847 506
135: 1829 224
136: 3615 2173 1997 1464 1366 524 208 203
137: 3360 3018 2480 2364 1830 1368 1050 1016 836 519 415 169 158
138: 2209 895 282 279 260
139: 1133 278
140:
141: 1302 669 510 302 181 177
142: 3278 2775 2096 908 204
143: 3357 1716 670 226 168
144: 1306 558
145: 1261 186
146: 2436 2372 1509 1028
147: 2674 1435 155
148: 1980 555
149: 1954 1735 395 372 211
150: 759 249
151: 3335 2094 2042 1108 1106 963 679
152: 3265
153: 2525 380
154: 2349 922 783 491 460
155: 635 385 229
156: 1253 1144 1041
157: 1693 1132 995 853 353 316 191 180
158: 1354 341
159: 3112 2739 2391 1968 1780 1110 766 498 476 396
160: 2739 1795 1722 1191 1178
161: 2953 2544 886 750
162: 2427 2236 2104 1811 1672 1500 936 413 365 295
163: 3033 1035 378 225
164: 2753 2038 1409 656 578
165: 3624 3473 3084 2996 1467 462 284 276
166: 1314 979
167: 3500 3438 2542 1240 1215 537 275
168: 3438 1240 485 358
169: 2581 2216 1795 1178
170: 1757 501 205
171: 2733 2265 888 389
172: 3378 3297 3123 3011 2908 2401 917 201
173: 2484 675 218
174: 2385 337 310 269
175: 3506 2178 826 262 206
176: 2782 1883 1142 708 322
177: 3077 2130 1966 1291 1188 1048
178: 3021 1621 1594 366 328 244
179: 2287 951 906 199
180: 2809 1587 662 585 575
181: 3496 3387 3086 2391 2175 1589 1518 1080 947 725 701 627 233
182: 2245 2177 2114 1832 921 733 676
183: 1268 887 692
184: 2230 1454 1097 727 238
185: 829 403
186: 3540 3113 1932 1285 1154
187: 2927 2163 1180 752 207
188: 381 231
189: 543
190: 1471 253
191: 858 402
192: 2242 1782 1628 1472
193: 3483 3101 1705 1418
194: 2422 1044 642 505
195: 2648 548 261 219
196: 1088 377
197: 2843 2251 317 311
198: 2539 1377 220
199: 1836 1412
200: 3467 3112 3073 1816 736 693 438 341 313
201: 1675 1025 472 264
202: 3480 2820 2148 1617
203: 3260 2786 1745 287
204: 478 452
205: 3495 2180 342 285
206: 2726 2498 2391 513 351
207: 2827 817 292
208: 3396 3003 2016 1756 1549 1302 1251 1195 669 645 510 302 254 232
209: 3018 2364 1830 1290 1278 806 304
210: 2547 641
211: 3335 2094 2042 1106 963 397 300 290
212: 368
213: 882 406 305
214: 831 440 421
215: 3550 1937 1790
216: 251
217: 1703 813
218: 1238 1093 677 601 376 354
219: 1965 1814 1767 1029 973 717 298
220: 1855 1525 1359 753 319
221: 3216 544 331 267
222: 3065 2966 729
223:
224: 993 571 359
225: 1811 1252
226: 2245 1832 733
227: 2921 1843 514
228: 2984 2886 1077 1073 621
229: 1206 474
230: 3435 2358 680
231: 2898 2802 2675 1968 1713 1110 498 476 396
232: 1652 1299
233: 1076
234: 3466 3181 1835 1351 443
235: 2303 1754 1449 622
236: 3068 2552 794
237: 3484 1783 477
238: 3040 369
239: 3265 788 589
240: 1557 760
241: 1321 652 489 483
242: 3556 2107 636
243: 1921 706 422 361
244: 556
245: 3089 2253 869 432 281
246: 3578 280
247: 3531 1162
248:
249: 2950 2808 2376 2335 2008 1890 1382 547
250: 3003 1251
251: 2586 639
252: 2747 2566 2421 2403 1865 1763 1101 1036 808
253:
254: 2811 2751 2512 2147 867 344
255: 446
256: 3291 3233 959 530
257:
258: 1188 596
259: 1277 464
260: 2896 1861 1451 522
261: 3414 3063 2009 350 315
262: 2054 387 308
263: 2938
264: 3414 3063 2009 364
265: 1904 1288 710
266: 3291 2133 884
267: 1498 453
268: 3085 2475 2452 2446 2392
269: 2753 2038 1409 718 484
270: 2205 1250 987 535
271: 3066 989 897 355 336
272: 3635 2897 2717 1208 796
273: 3135 2659 969 628
274: 3224 1552 1039 700 399 390
275: 805
276: 789 579 455 437 409
277: 3357 2422
278: 3411 1631 1623 1550 860 532 425
279: 1005
280: 3234 2534
281: 1773 314
282: 3572 3229 2171 1786
283: 3184 2437 2305
284: 2546 1185 574 388
285: 2303 2242 1754 1449 330
286: 3256 2729 1472 327
287: 1086 820 668 355
288: 2421
289: 1817
290: 2576 2544 2226 804
291: 2119 412
292: 3053 1606
293: 2668 1935 1421 392
294: 3226 2232 1408 569
295: 3073 736
296: 2699 1983 1898 1720
297: 3437 2317 1545 695 616 545
298: 1463 1258 320
299: 1201
300: 2566 2403 1036 404
301: 1519 728 604
302: 1151 674 326
303: 2197 2098 2003 716 493 360
304: 687 516 393
305: 790
306: 2455 1621 1594
307: 3163 1528 1095 834 712 465
308: 3054 3017 2873 2604 2413 2308 2109 1071 722 683
309: 2304 1468
310: 427 417
311: 3088 1244 938 821 810 744
312: 3389 3004 2719 560
313: 381
314: 3216 2813 2746 2704 2078 1899 1211 544 441
315: 3261 2117 2059 1793 1659 741 738
316: 1687 1175 1003 651 374
317: 1933 1277 515
318: 3388 3304 1084
319: 1730 948
320: 1775 1688 1214 611 570
321: 2529 1266 347
322: 1156 1145 901 787 523
323: 1836 1412 1143 371
324: 3096 2636 1735 799
325: 2289 423
326: 1934 1694 1401 1340
327:
328: 3265 1837 714 442
329:
330: 2132 1906 629
331: 1171 658
332: 2757 2018 1450
333: 1646 566 454
334: 3360 1050 1016 512
335: 975 878 608 502
336: 3635 3222 2717 2397 1647 1484 1241 1208 1107 748
337: 2134 1062 724
338:
339: 3623 1257 517
340: 2515 1523 649 599
341: 2812 2360 711
342: 1965 1814 1029 717 495
343: 3388 3304 1422 1084 845
344: 2834 363
345:
346: 2898 2312 1022
347: 3406 3096 2906 2636 2299 2024 1231
348: 2084 2058 2051 1729 870
349: 1954 488 444
350: 2480 1368 450
351:
352: 2199
353: 935 398
354: 907
355: 1939 1915
356:
357: 2618 2562 1985 1924
358: 977 383
359: 2232
360: 3588 3520 3137 2404 1677 1667 852
361: 2637 2346 2329 2036 1054
362: 3516 3248 3051 2476
363: 3171 2828 2490 2322 1988 1919 1679 1609 971 790 419 386
364: 3065 430
365: 2852 1098 447
366:
367: 3313 1726 1390 1188 1167 1096 782 507 411
368: 3634 539
369: 1150
370: 2063 1675 461
371: 801 405
372: 2217 586 529
373: 2540
374: 3176 2482 2224 1785
375: 2113
376: 3212 2999 2514 2381 2208 1929 609 429
377: 2934 2582 1762 1384
378: 2725 1099
379:
380: 3504 1217 991
381: 3506 2178
382: 1592
383: 764 637
384: 1081
385:
386:
387: 1531 1461 854
388: 3473 3198 1782 1656 1628 1481 797
389: 3429 3341 1393
390: 3018 2906 2364 2024 1830 1231 836
391: 565 479
392: 1739
393: 1582 1129 660
394: 1555
395: 1411
396: 3617 659
397: 3198 2019 1608 610
398:
399: 1004
400: 984 688
401: 823
402:
403: 1789 951 906
404: 2058 870 511 473
405: 3008 1796 709
406: 1546 761
407: 2455 557
408: 1735 550 487
409: 1912 1714 815 456
410: 2517 1688 814
411: 1263 1087 503
412: 1833 1806
413: 3274 1103 902
414: 2016 1549 1195
415: 654 497
416: 3500 1215 699 619
417: 838
418: 1773 1345 1000
419:
420: 1781 1027
421: 2000 1331 792 665
422: 1705
423: 436
424: 2486
425: 2849 2733 2320 888
426: 3305 2436
427:
428: 1910
429: 800 554
430: 3438 1243 1079
431:
432: 2965 2929 2391 912 486
433: 2007 1329 1298 1033
434: 3578 1800 1516 612 451
435: 2464 1727 1424 894
436: 2823 1305 890 868 691
437: 2901 2371 1564 931
438: 2877 933
439: 2378 1599 1512 538
440: 1822 1328 1091 653
441: 1474 549
442: 2497 2433 723
443: 3218
444:
445: 3514 3424 2356 1001
446: 2376 2215 1890 1571 1382 1335 547
447: 1976 1011 458
448: 1881
449: 2894 2145 1090 998 694
450: 3567 2633 2266 1971 1951 1801
451: 1873
452: 1353
453: 2654 1884 1635
454: 893 463
455: 1732 1323 1149 779
456: 3424 982 551
457: 1828 1165 1034 784 758
458: 3186 2569 1805 613
459: 2782 1883 1645 1431 1142 985 563
460: 1948
461: 2767
462: 913 735
463: 3099 2273 643
464: 3211 1031 802 751
465: 1066 885
466: 3202
467: 2096 620
468: 3045 2869 2190 1158 1057 1024
469: 3541 1218
470:
471: 3591 2798 879 546
472: 3578 3315
473: 861 707
474: 2031 1970 702
475: 3170 1693 1587 995 853
476: 1727 1364 1296 667 504
477: 3467 693 567
478: 1689 1536
479: 2991
480: 924 661 614 533
481: 2131 1670 583
482: 1026
483: 2732 2471 2378 1875 1599 1512 966
484: 2871 1541 1466 508
485: 996 956
486: 3209 2847 1092
487: 3435 1927 1715 1601 743 540
488: 1535 891
489: 1916 1344 591
490: 1917 773
491: 1187 844 663
492:
493: 1654
494: 3454
495: 1767
496: 526
497: 3363 3276 3241 2470 2311 1588 1529 1432
498: 1828 1165 1034 784 758
499: 1262 552
500:
501: 2182 1391
502: 1828 1253 1165 1034 875
503: 734 705 685
504: 2446 2254 1235 1136
505: 3583 3299
506: 2991 2259 1749 837
507: 2125 1303 1189
508: 1364 1296 1262 1115 913 735
509: 1379 1300 1089 568
510: 534
511: 3313 1726
512: 2803 925 803
513: 2745 1556 1123 807 531
514: 3558 2701 2124 1040
515: 2576 2226 1943 1508 542
516: 2025 1447
517: 3454
518: 1928 600
519: 2278
520: 1362 1337
521: 859
522: 2824 1666
523: 729
524: 3140 1170
525: 953 672
526: 3549 1197
527: 2307
528: 3631 3260 2897 2786 2677 2015 1907 1745 1367 1315 1059
529: 2916 1009
530: 2892 2600 2271 719
531: 3211 3099 2273 1690 795
532: 910 768 634 562
533:
534: 952
535: 1456
536: 3169
537:
538: 892
539: 3417 2558
540: 3561
541: 2306 903
542: 3224 2813 2704 2078 1899 1552 1039
543: 2508
544: 2188 1505
545: 3197 777 657
546: 2107 1854 1673 1339
547:
548: 2286
549: 812 756 646
550: 3615 3273 3052 1602 1124
551: 3576 2823 1279 1126 855 822
552: 2518 1046
553: 3415 3280 3079 1918 940 763 650
554: 3016 1448 1330
555: 2835 2214 839 781
556: 1086 820 668
557: 645
558: 3495 1972
559: 2788 2487 2432 2089 572
560: 3184 899
561: 2637 2329 2036 1551 1317 1054
562: 2237
563:
564: 3240 2795 2734 1055 872 865 594
565: 2982 1346 1119
566: 3019
567: 2099 1121 843
568: 797
569: 3575 3250 958 949
570: 2656 1597 1365 968
571:
572: 2777 2290 1537 686
573: 2747 2397 1484 1107 1101
574: 1702 1455 1116 832 598
575: 3518 1322 1200
576: 3205 2561 1444
577: 3068 1756
578: 904
579: 1869
580: 1304 603
581: 3486 2556
582: 2341 2223
583:
584: 2295 928
585: 3223 1540 946
586: 2714 1415 1060
587: 3613 1405 633
588: 1741 1274
589: 2090 1115
590: 3294 3129 1866 1414 1209 740
591: 2816 1978
592: 3207
593: 2293 626
594: 1966 1291
595:
596: 3553 2203
597: 3312
598: 2383
599: 3193
600:
601: 3572 3229
602:
603:
604: 2530
605: 2653 1522 818
606: 811
607: 1043
608:
609: 3145 1270 1232 1045 911
610: 3575 3250
611:
612: 3045 1158 1057 1024 774
613: 3265 2819 1326
614: 3240 2795
615: 1313 1157 916
616: 2968 2829 2379 1856 1579
617: 2856 2333 1847 1735
618: 2656 1597 1284
619: 2632 1237 1227 927 749
620: 1782 1628
621: 1242
622: 3508 2826 965
623: 3050 1943 1687 1508 876 771 739
624: 1912
625: 3283 747
626: 3608 2893 647
627: 1766
628: 3186 2569
629: 3130 2960 681
630: 3197
631: 2452 2161 1546 1419 1404 655
632: 873
633: 1877
634: 3107
635: 2269
636: 2301 1934 1804 1694 1396
637: 3473
638: 833 715
639: 1354
640:
641: 2830 1941
642: 1580 785
643: 1182
644:
645:
646: 841
647: 3587 3451 3175 3174 3029 2800 2520 1453
648: 2948 1163
649: 3455 2310 1426 1192 849
650: 3211 3024 1690
651: 3177 2606 1207 778
652: 1128
653: 848
654:
655: 1778
656:
657: 1776 877
658: 2074
659: 2716 2374
660:
661: 3088
662: 2484 689
663: 737
664:
665:
666: 2689 2628 720
667: 2892 2271 2047 1234
668: 3116
669:
670: 697
671: 1152 825 775
672: 1402 690
673: 3495 2909 1930 1221
674: 2718 2328 889
675: 1590 1032 703
676: 1660 762
677: 1824
678: 3244
679: 2495 898
680:
681: 1436 1021
682: 1538
683: 1494 920
684:
685: 2261 2255 1058
686: 2111 1013
687:
688: 2530 1769 1671 698
689: 1398 1255 827
690:
691: 3415 3079 1918 1349
692:
693: 3036 2661
694: 1762
695: 1864 726
696: 1104
697:
698: 2731 2041 1575 909
699: 1900
700: 2218
701: 3083 1699
702: 3631 2232 1851 1646
703: 746
704: 2663 1104
705: 2851
706: 943
707: 1135 754
708: 1489
709: 2726 2498
710: 2740 809 765
711: 3625 3081 1633 730
712: 3518 1827 1731 1615 731
713: 2879 2582 2272 1790 862
714: 2684 1736 863
715: 1191
716: 2159 1308
717: 3615 2173 1997 1464 1366
718: 1373
719: 3491 772
720: 2858 2643 1993
721: 2176 2088 856 840
722: 2581 2216 721
723: 2739 1780
724: 1792 1742 745
725: 3494 896
726: 2057 1908
727: 3521
728: 2911
729: 2404
730: 2521 1267
731: 1758 732
732: 3514 2632 2356 1603 1247 1237 1227
733: 1651 1286
734: 2431 2402
735: 2727 2425 1922 1137
736: 3112
737:
738: 1360 1311
739: 1226 994 954
740: 2324 1442
741:
742: 1578 798
743: 3478 3472 2796 2292 2072 769
744:
745:
746: 1611
747: 3499 3326 3151 2642 1957 1413 791
748: 1053
749: 1871 939
750: 2619 1069
751:
752: 1768
753: 3547 1063
754: 3167 2540 1503
755: 3478 3472 2822 2796 2292 2072 842
756: 3475 1818
757:
758: 1264 1260
759: 2284
760:
761: 3310 2416 1949 1938
762: 2131 1670
763:
764: 2645 2250 1770
765: 3448 3168
766: 2987 767
767: 2619
768: 2256
769: 3025 2774 1889 1193 851
770: 950
771: 3516 3051 2476 1734 1724 1577
772: 2676
773: 3283 3072 2558 1650 1295 1100
774: 2898
775: 1911
776: 2570 2536
777: 1701 1297 986
778: 3212 2999 2381
779: 1778 793
780: 2168 1085 964
781: 1174 961
782: 1434
783: 881
784: 2228 2174
785: 3186 2569 2542 874
786: 2268 1236 980
787: 3635 2750 2717 1706 1626 1397
788: 3624 3084
789: 3385 1173
790: 1807
791: 1487
792: 3413 2589
793:
794: 3288
795:
796: 3518 1914 1827 1731 1615 1160 990
797: 3450
798: 2544 1500 1177 1159 828
799: 3374 3279 1880
800:
801:
802: 2357 1572
803: 1766
804:
805: 3292 1168 942
806: 3271 2467 1204
807: 866
808: 3352 1704
809:
810: 1282
811: 2170 1561 1375
812: 3451 2800 2520
813: 2473 2472 1573
814: 3255 2539
815: 3301 830
816: 955
817: 3363 3276 3241
818: 3286 1318 1148 992 880
819: 3463 1440 835
820: 1477
821:
822: 2531
823:
824:
825: 3495 3287 3176 2482 2279 2224 1785 1622 1221 981
826: 3077 2166 1760
827: 988
828: 1999
829: 1499
830:
831: 1401
832: 2578 2035 1868 1430
833: 3493 1669 1248
834: 3216 1961
835: 1571
836:
837: 1926
838: 1410 923
839:
840: 2526 1038 926
841:
842: 2686 1705
843: 1732 1149
844: 2413
845:
846:
847: 2978
848:
849: 3005 1826 1223 932
850: 3260 2786 1745 1059
851: 3069 1336 1047
852:
853: 1146
854:
855: 3612 3556 1909 1641
856: 1325 1114 1056 1030
857: 2436 1347 1134
858: 2243 1094
859:
860: 2899 1740 1491
861: 1844 1681
862: 2443
863: 3280 1476
864: 2335 2008
865: 3080 3023
866: 3213 1697 1342
867: 2625 2086 1723
868: 2151 1301
869:
870: 2563
871: 2591 1746 1078 883
872: 3211 1690
873:
874:
875: 3342 2465 2281 1083
876:
877: 2366
878: 1744
879: 1478
880: 2956 1522
881: 3405 2966 2855 1872 1341
882: 3150 2389 2198 2073
883: 1486
884: 2757 1501
885: 3377 2406
886: 2367 2193
887: 1860
888: 2675
889: 3474 2549 1176
890: 3609 3272 1975 1547
891: 3581
892: 1139
893: 3374 3279 2002 1923 1880
894: 1292 1118 1082
895: 3014
896: 1956
897: 3428 3135 2659
898: 3240 2795
899:
900: 1371
901: 1551
902:
903:
904: 2180 1433
905: 1338 1037
906: 2802 2116 1718
907: 1147
908: 1533
909: 2577
910:
911:
912: 3547
913:
914: 2744 2707
915: 3515 3359
916: 3239 2663
917: 3268 1886
918:
919: 2900 2842 2637 2346 2329 1198
920:
921: 3446 1017 919
922: 2926
923: 1372
924: 1425
925: 3612 1015
926: 1020
927:
928: 3600 3153 1514
929:
930: 3040 1470 1239
931: 2315
932: 2246 1428
933: 1205
934: 2882 1310 1153
935: 3583 3463 2763 1753
936: 1196
937: 997
938: 2858 2643 2339 1993 1736
939: 2886
940: 3606 2225 2165
941: 2766 1725 1245
942: 1355
943:
944:
945: 2294 1791
946: 1862
947: 2580
948: 3536 2857 1012
949: 3166 1272
950: 1369 1105
951: 3015
952: 1674 1210
953: 3156
954:
955: 1959 1316
956:
957:
958: 1070
959: 3566 3091 2183
960:
961: 1352 974 960
962: 2493 1061
963: 3280 2768 2408
964: 3387 3086
965: 3496 3306 2590 2396 1589 1518 1228
966: 1380 1179
967:
968: 2391
969: 3634 1383
970: 1799
971:
972: 2629 2122 1625
973:
974: 2628
975: 1485 972
976:
977: 1203 1075
978: 3406
979: 1378
980:
981:
982: 2021 1962 1184
983: 1042
984: 3286 1318
985:
986: 3418 2972 2350 1155
987: 2247 1392
988: 2841 1065
989: 3093 1797 1008
990: 1019
991: 3278 3028 2775 2632 1895
992: 3101 1418 1283
993: 3195 2739 2108 1780 1616 1064
994: 3423 1813
995: 3009
996: 1567 1072
997: 2015 1988 1907
998: 3076 2598 1127
999: 1705
1000: 1309
1001: 2953
1002: 3388 3304
1003: 1765 1051
1004: 2157 1506
1005:
1006: 3615 2816 2173 1997
1007:
1008: 2955 1381
1009: 3400
1010: 2474 1406
1011:
1012: 2930
1013: 1544
1014: 1507
1015: 1709 1416
1016:
1017: 3174 3029 1964 1453
1018: 3255
1019: 1695 1686 1018
1020: 2573 1117
1021: 3584 2916
1022: 2919 2066 1750 1743
1023: 2754 2614 2494
1024: 3542 2805
1025: 3486 2387 1543
1026: 1804 1396 1186
1027: 3593
1028: 3417 2740
1029: 1169
1030:
1031: 2145
1032: 3572 3229
1033: 1747 1680 1527
1034: 1224
1035: 2886
1036:
1037: 3016 2738 2568 2143
1038: 3349 1131
1039:
1040: 2409 1220
1041: 2558 2248
1042:
1043:
1044: 3514 2356 1463 1258
1045: 2846 2624 1583
1046: 3439 3275
1047: 2334 1639
1048:
1049: 1429 1265
1050:
1051:
1052:
1053: 3319 3070
1054: 1417
1055:
1056: 3319 3070
1057: 2503 1515
1058: 3344
1059: 2338
1060: 2075 1140
1061: 3480 3378 3123 3011 2908 2820 1324
1062:
1063:
1064: 3148 1441
1065: 3436
1066: 3256 2729
1067: 3128 2026
1068: 2709 1794 1438
1069: 1863
1070:
1071: 1294
1072: 3050
1073: 3461
1074: 3125 2120 1931
1075: 2370 1539 1332
1076: 2407 2154 1733 1664 1125
1077: 2337
1078: 2023
1079: 2060
1080: 2884 2136
1081: 3286 1293 1194 1130
1082: 1684
1083: 2516 1991
1084: 2361
1085:
1086:
1087: 3566 2020 1281
1088: 2343
1089: 2641
1090: 2787 1604 1109
1091: 2909
1092: 1960
1093:
1094:
1095: 2955
1096: 2923 2683
1097: 1256
1098: 1620
1099: 3583
1100:
1101: 2039
1102: 1977
1103: 1920
1104: 3333 2187 1683
1105: 1481 1259
1106: 2980 1356
1107:
1108: 3171 2828 2490
1109: 3397 2383
1110: 1492
1111:
1112:
1113:
1114: 2227 1462
1115: 2296 1420 1246 1213
1116: 2950 2808 2121 1596
1117: 3447 1643
1118: 1280
1119: 3345 2510
1120:
1121: 1386 1327
1122: 3471 3189 1554 1357
1123: 2915 1389
1124: 1466
1125: 3566 2183 1289
1126: 1930
1127: 1183 1172
1128:
1129: 2854 2015 1907
1130:
1131: 2172 2032
1132: 3107 1787
1133:
1134: 1876 1593 1320
1135: 3285 2876 2241
1136: 2821 2776
1137:
1138: 2647
1139: 1734 1724 1577
1140: 1385 1273
1141:
1142:
1143: 2611 1190
1144: 3285 2876
1145: 3607
1146:
1147: 2832 1275
1148: 2033 1452
1149: 3315 2234 1950 1595
1150: 3336 3046 1446
1151: 1230
1152: 3344
1153: 1702
1154:
1155: 3034 1569
1156: 3016 1225
1157: 1820 1815
1158: 3523 3392
1159: 1269
1160: 1751 1199
1161:
1162: 2849 2320
1163: 2588
1164: 2979 2139 1857
1165: 2763
1166: 3423
1167: 2233
1168: 3106
1169: 3126 1287
1170:
1171: 3559 3490 2468 1388
1172: 2194 2070 2001
1173: 3589 3570 2890 1852
1174:
1175: 2054
1176: 2341 2223
1177:
1178:
1179: 2861 2532
1180: 1913
1181: 2599
1182: 1818
1183: 3074 2340
1184:
1185: 3328
1186: 2261 2255 1946
1187:
1188:
1189: 2657 1638
1190:
1191:
1192: 3393 1216
1193: 1792
1194: 3568
1195: 2411
1196: 2982
1197:
1198: 3462 3311 2825 2687 1698
1199:
1200: 3233
1201: 3616 1361
1202: 1841
1203: 2809
1204:
1205: 2074
1206: 1276
1207: 1887 1823
1208: 2507 1984 1558
1209: 2732 2645 2471 2040 1770
1210: 3492
1211: 3037 1437 1374
1212: 1981
1213:
1214: 2040
1215:
1216: 1687
1217: 2081 1630
1218:
1219:
1220: 1809
1221:
1222: 2031 1970 1566
1223:
1224: 1376
1225:
1226:
1227:
1228: 2853
1229: 2242
1230: 2765 1629
1231:
1232:
1233: 2444
1234: 3009
1235: 2417 1761
1236: 1479
1237: 3047
1238:
1239: 1458
1240: 3271 2467 2448
1241: 2703
1242: 1819
1243: 3278 2775 1964
1244: 2891 2222 1387
1245: 3571
1246: 2743
1247:
1248:
1249:
1250: 3060
1251: 1605
1252: 3288 2083
1253: 2537
1254:
1255: 2612
1256: 2394 1885
1257: 2156 1312
1258: 2822
1259: 2706 2146 1570 1496
1260:
1261:
1262:
1263:
1264:
1265: 3254
1266: 1944
1267:
1268:
1269: 1874 1333
1270:
1271: 2204
1272:
1273:
1274:
1275: 2742 1423 1394
1276:
1277: 2722
1278: 1343
1279:
1280: 2469
1281: 2450
1282: 3339 2321 1779
1283: 1721 1403
1284: 1526
1285: 1541
1286: 2938
1287: 1459
1288:
1289: 1511
1290: 2909
1291: 1427
1292: 3498
1293: 3030
1294:
1295: 2866 1591
1296: 2757 1319
1297: 1772 1737
1298: 3411 1631
1299:
1300:
1301:
1302: 1759 1439
1303: 2871
1304: 3335 2094 2042
1305: 2499
1306: 1816
1307: 3584
1308:
1309:
1310:
1311: 2368 1607
1312: 3301
1313: 3559
1314: 2259
1315: 3188 2445 2004 1708 1510
1316: 2100 1517
1317: 2949 1624
1318:
1319: 1773 1370
1320: 1395
1321: 2664 2493
1322: 2966 1872
1323: 2781 1658
1324: 1614
1325: 2535
1326: 3151 2162
1327:
1328:
1329: 1443
1330: 2548 2158 1490
1331: 2014
1332: 2049 1488
1333: 3309
1334:
1335: 1350
1336:
1337: 3302
1338: 3204 3019
1339:
1340:
1341: 3277 3199
1342: 1653 1469
1343: 1849
1344: 1457
1345: 3057 2079 1936
1346: 3499 3326 2642
1347: 1992
1348: 2830 1648
1349: 3319 3070 2680
1350:
1351:
1352: 2945 1810
1353: 2087 1755 1502
1354:
1355:
1356:
1357: 3049 1685 1363
1358: 1642
1359: 3321 2963
1360:
1361: 2424 1482
1362: 3605 3334
1363: 2323
1364: 2644 2127 2027 1942
1365: 3097 3033
1366: 3031
1367: 2302
1368: 2057 1908
1369:
1370: 3163
1371:
1372:
1373: 3475
1374: 3025
1375: 2760 2244 1563
1376:
1377: 3594 2395
1378:
1379: 2077 1493
1380: 2910
1381: 3156
1382: 2220
1383: 2330
1384: 3391 3060
1385: 2306
1386:
1387: 2567
1388: 2869 2190 1534 1504
1389: 2398
1390: 3282
1391: 2952 2011
1392:
1393: 2968 2379
1394: 2595
1395:
1396: 1559
1397: 2631
1398:
1399: 1475
1400: 2649
1401: 2369 2326 1465
1402: 2600
1403: 2167 1480
1404:
1405: 2286
1406: 2473
1407: 2518
1408: 3405
1409: 3215 2888
1410:
1411: 3637 2502
1412: 2769
1413: 1553
1414: 3042 2128 1712
1415: 2961 2415
1416: 3236 2715
1417: 2814 1644
1418: 1990
1419: 2544 2388 1657
1420: 1445
1421: 2142 1613
1422: 3139
1423:
1424:
1425: 3008 1796 1560
1426: 3555 3030 1831
1427: 3183 2466
1428:
1429: 1584 1568
1430: 2043 1700
1431: 2418 2037
1432:
1433: 1976 1815
1434: 3433 3258
1435:
1436: 1839
1437:
1438: 2738 2143
1439: 1649
1440:
1441: 3355 1879
1442: 1775
1443:
1444: 3530
1445: 3042 2128
1446: 3121 2461 1678
1447:
1448: 3637 2502
1449: 2138 1460
1450:
1451: 3116 2681 2249 2160
1452: 1696
1453: 3154
1454: 3517 1495
1455: 3246
1456: 3230
1457: 3380
1458:
1459:
1460: 2528
1461: 1748
1462: 2771 2700
1463: 2994
1464: 2594 1846
1465:
1466: 2034
1467:
1468:
1469:
1470: 3492
1471: 3556
1472:
1473:
1474:
1475: 2238
1476:
1477: 1682
1478:
1479: 3495 2953 1521
1480: 3238 1947 1808
1481:
1482: 1892 1784 1612
1483: 2815 2259
1484:
1485: 3478 3472 2836 2091
1486: 1598 1585
1487: 2560
1488: 3548 2504 1717
1489: 3416 3152 1995
1490:
1491: 2770
1492:
1493: 2181 1520
1494:
1495: 2505
1496:
1497:
1498: 2553
1499: 3477 2770
1500: 3367
1501: 1859 1634
1502: 1902
1503: 2919 1750
1504: 2565
1505: 2541 2186
1506:
1507: 1972
1508:
1509:
1510: 3586
1511:
1512:
1513: 2688
1514:
1515:
1516: 3510 2887
1517: 1691 1632 1532
1518:
1519:
1520: 3018 2760 2599 2364 2244 2105
1521:
1522: 2126 2052
1523:
1524:
1525: 3006 2975 2942
1526:
1527:
1528: 1692
1529:
1530:
1531:
1532:
1533: 3580 3117 2831
1534:
1535: 2414
1536: 2650 1640
1537: 2405
1538:
1539:
1540: 1850
1541: 2280
1542:
1543:
1544: 3306 2590 2396
1545: 2760 2409
1546:
1547: 3367
1548:
1549: 1771
1550: 2150
1551:
1552: 3234 2654 2596 2534 2071 2045
1553:
1554: 1752
1555:
1556:
1557: 1636
1558: 3622
1559:
1560:
1561:
1562:
1563: 2386 2093
1564: 2671 2046
1565:
1566: 2428 1891 1586
1567:
1568:
1569: 1711
1570:
1571:
1572: 3286
1573:
1574: 2300
1575: 3159 2353
1576: 2660
1577: 3181 1802 1774
1578: 3501 1728
1579: 3076
1580: 3035 2708 2377 1905
1581: 2492 2206
1582:
1583:
1584: 3579 2399
1585: 2922
1586:
1587: 3247 1662
1588: 2189
1589: 1926
1590:
1591:
1592: 3517 1952
1593:
1594: 3586
1595: 2817
1596:
1597:
1598: 1969
1599:
1600:
1601: 3626 2382
1602: 2440
1603: 3307
1604:
1605: 2872
1606: 3184 2092
1607: 1764
1608: 2858 1610
1609: 3330 2658
1610: 1845
1611: 1858
1612:
1613:
1614:
1615:
1616:
1617: 2185
1618:
1619:
1620: 2751 2512 2147
1621: 2212
1622:
1623: 2351
1624:
1625: 3194 1668
1626:
1627:
1628:
1629:
1630: 2870 2129
1631: 2513 2076 1840
1632:
1633: 1903
1634: 3608
1635:
1636:
1637: 3567 2095
1638: 3082
1639: 2342 2106 1994 1777
1640:
1641:
1642: 2758
1643: 2231
1644:
1645:
1646: 2990 2384
1647: 1901
1648:
1649:
1650: 2061
1651:
1652: 2115
1653: 2850
1654:
1655: 2730
1656:
1657:
1658:
1659:
1660: 3488
1661: 3143
1662:
1663:
1664: 3000 2380
1665: 3565 2316
1666: 2123
1667:
1668: 1982
1669:
1670: 2210
1671:
1672: 2441
1673:
1674: 2940
1675:
1676: 2065
1677:
1678:
1679: 3477
1680: 2426
1681: 3102
1682: 3307 2806
1683: 2283 1853
1684:
1685:
1686: 2840 2489 2430
1687: 3166 2875
1688: 3587 2506
1689: 2344
1690: 2869
1691:
1692: 3059 2951 2615
1693:
1694: 2538
1695:
1696: 1798
1697: 2859 2435 2229
1698: 1974
1699: 1812
1700: 2905 2239
1701:
1702:
1703: 2667 1893
1704:
1705: 2312
1706: 3031 1963
1707: 2968 2593 2379
1708: 1842
1709: 3407 2164 1955
1710:
1711: 2744 2707 2213
1712: 3542 1980
1713: 2483 2184
1714:
1715: 3514 2995
1716: 2969 2240
1717: 3219
1718: 2451
1719:
1720: 2598
1721: 2299
1722:
1723:
1724:
1725:
1726:
1727: 2705
1728:
1729: 1803
1730:
1731: 3318 2638
1732: 2769
1733:
1734:
1735:
1736:
1737: 2453 2345
1738:
1739:
1740: 3305 2373 2252
1741: 2596 1825
1742: 2617 2195
1743:
1744: 2272
1745:
1746: 3550
1747: 3384 3196
1748: 2201 1894
1749:
1750:
1751:
1752: 2082
1753:
1754:
1755:
1756:
1757: 2696 2627
1758: 1788
1759: 3361 2438
1760: 1867
1761: 3496 1870
1762:
1763: 2793
1764:
1765: 2153
1766: 1953
1767:
1768:
1769:
1770: 3198
1771: 2067 1848
1772: 3175 2784
1773:
1774:
1775: 2348
1776: 2422
1777: 2904 2030
1778: 3364 2519
1779: 2622 1967
1780: 2211
1781: 2613
1782:
1783:
1784: 2538 2017
1785: 2101
1786:
1787:
1788:
1789:
1790: 3553
1791: 2523 1878
1792:
1793:
1794: 2749
1795: 3224
1796:
1797:
1798:
1799:
1800: 2936
1801:
1802:
1803: 2459 2318
1804: 1821
1805: 3078
1806: 2702 2069
1807: 3435 3366 2275
1808:
1809:
1810: 2777 2290 2056
1811:
1812: 2631 2050
1813: 2462 2053
1814:
1815:
1816: 3062 2639 2152
1817:
1818:
1819: 2006 1958
1820:
1821: 2454
1822: 3211
1823: 3482
1824: 2013
1825:
1826: 2005
1827:
1828:
1829: 2574 1989
1830: 2881
1831:
1832: 2864 2666 2135
1833: 3220 2998 2935
1834:
1835:
1836: 3161
1837: 3557 3278 2775
1838:
1839: 2834 1973
1840: 3551
1841: 2875 1888
1842: 3227
1843:
1844: 3143 1987
1845:
1846: 2447
1847:
1848:
1849: 3131 1998
1850:
1851: 2804 2149
1852: 2601
1853:
1854: 2179
1855:
1856: 2456 2110
1857:
1858:
1859:
1860:
1861: 2678 2583
1862:
1863:
1864: 3399
1865: 2935 2419
1866:
1867: 2012
1868: 3048
1869: 2801 2336
1870: 1897
1871: 3502 2934 2221
1872:
1873:
1874:
1875: 2200
1876: 3632 3032 2640
1877:
1878:
1879: 2496 2390 2144
1880: 2874
1881:
1882: 3581
1883: 3465 2314
1884: 2260
1885:
1886: 3324 3237 3115
1887: 2509
1888: 2282
1889: 1882
1890:
1891:
1892: 3410
1893: 2103
1894: 3537 2721
1895: 2655
1896:
1897:
1898:
1899: 3412
1900:
1901: 2985 2202
1902:
1903:
1904:
1905:
1906: 2080
1907:
1908: 2481
1909: 2698 2313
1910: 2698 2044
1911:
1912: 2353
1913: 3633
1914: 2029
1915: 2741
1916: 2137
1917:
1918:
1919: 2410
1920: 2085
1921: 3562 2988
1922:
1923:
1924:
1925: 3382 2288 2064 2048
1926:
1927: 2270
1928:
1929: 3604
1930:
1931: 2895
1932: 3366 3009 2837
1933:
1934: 3513
1935: 3314 2986
1936:
1937:
1938:
1939: 2993 2297
1940: 3160 2880 2375
1941:
1942:
1943: 3057 2957
1944:
1945:
1946: 3178
1947:
1948:
1949:
1950:
1951:
1952:
1953:
1954:
1955:
1956: 3177 2606
1957: 3453 3337 2844 2267
1958:
1959:
1960:
1961: 2325
1962: 2412
1963: 3587
1964: 3616 2608
1965:
1966: 3316
1967: 3412
1968:
1969: 3540
1970: 2429
1971:
1972:
1973: 2610
1974: 3588 3520 2575 2118
1975: 3515 3359 3307
1976: 3616 2675
1977: 3611 2372
1978:
1979:
1980: 2792
1981:
1982:
1983:
1984:
1985: 2961
1986:
1987: 2140
1988:
1989:
1990:
1991: 2962 2500 2463 2068
1992:
1993: 2772 2309
1994:
1995:
1996:
1997: 3094
1998: 3634
1999: 2712
2000:
2001: 2365
2002:
2003: 3323
2004: 3529
2005:
2006:
2007: 2327
2008: 2971
2009:
2010:
2011: 2626 2258
2012:
2013: 2257
2014:
2015: 3345
2016:
2017: 2354
2018: 3138 2055
2019:
2020: 3527
2021:
2022: 3133 2010
2023: 2635 2524
2024: 3426 3419
2025: 2762
2026:
2027:
2028: 2112
2029:
2030:
2031:
2032:
2033:
2034:
2035:
2036:
2037: 3001
2038: 3208
2039:
2040:
2041:
2042: 2685
2043:
2044:
2045:
2046: 2207
2047:
2048: 2192
2049: 2274
2050: 2555
2051:
2052:
2053:
2054:
2055:
2056: 2477
2057: 3526 3180
2058: 3097
2059:
2060:
2061:
2062:
2063:
2064:
2065:
2066:
2067: 2488
2068: 2863 2141
2069: 2102
2070:
2071:
2072:
2073: 3048
2074:
2075: 3110
2076: 2924
2077: 3341
2078:
2079:
2080:
2081:
2082: 2460
2083: 3290
2084: 3637
2085: 3372 3147
2086:
2087: 2920
2088:
2089: 3331
2090:
2091:
2092: 3021
2093:
2094: 2652
2095:
2096: 2491
2097:
2098: 3252
2099: 3371
2100: 2755 2359
2101:
2102: 2863
2103:
2104: 2485
2105: 2882 2592
2106:
2107: 3606
2108: 3220 2998
2109: 3095 2623
2110: 2363
2111:
2112:
2113: 2277
2114:
2115: 3404
2116: 2748
2117:
2118: 3097
2119: 2522
2120: 3101
2121:
2122: 2263
2123: 3546
2124: 2785 2620
2125: 3603 3395
2126:
2127:
2128:
2129:
2130: 3590 3525 2585
2131: 3534
2132: 2819
2133:
2134: 2352
2135:
2136: 3246
2137:
2138:
2139:
2140: 2868 2607
2141: 2972
2142:
2143:
2144:
2145: 3284 2867
2146:
2147:
2148:
2149:
2150: 2928 2697
2151: 2651
2152: 3398
2153: 2918 2724
2154: 3185
2155:
2156: 2479
2157:
2158:
2159:
2160:
2161: 2602 2449
2162:
2163:
2164:
2165:
2166: 2670
2167:
2168: 3588 3520 2630 2575
2169:
2170:
2171:
2172:
2173: 3362
2174:
2175: 2925
2176: 3554
2177: 2264
2178: 2584
2179: 2681
2180:
2181: 2298
2182:
2183:
2184:
2185: 3295 3155
2186:
2187:
2188:
2189: 3564
2190: 2458
2191: 2612 2285
2192:
2193: 3114
2194: 2545
2195:
2196: 3464 3056
2197:
2198:
2199:
2200:
2201: 2442
2202: 3558 2701
2203:
2204: 3507
2205: 3479
2206:
2207: 3636
2208: 3133 2938
2209:
2210: 2860 2690
2211:
2212:
2213:
2214:
2215: 3083
2216: 2882
2217:
2218:
2219: 2713
2220:
2221:
2222:
2223:
2224:
2225:
2226:
2227: 2543
2228: 3100
2229: 3596
2230:
2231:
2232: 2989
2233:
2234: 2902
2235:
2236: 3462 2825 2687
2237:
2238: 3458 2996
2239: 2711
2240:
2241:
2242:
2243: 3601
2244:
2245: 3519 2780
2246: 2692
2247: 2803
2248:
2249:
2250:
2251: 2799
2252:
2253:
2254:
2255:
2256:
2257:
2258:
2259:
2260:
2261: 3064
2262:
2263: 2571
2264: 2669
2265:
2266: 2848
2267:
2268:
2269:
2270: 3289
2271:
2272:
2273: 3379
2274: 2691
2275:
2276: 3356
2277: 2362
2278:
2279:
2280: 2911 2355
2281:
2282: 3624
2283: 2694
2284: 2332
2285:
2286:
2287: 3560
2288:
2289:
2290:
2291: 3092 2791
2292:
2293: 2551 2511
2294:
2295:
2296:
2297:
2298:
2299: 2603 2331
2300: 2764
2301:
2302: 3442 2917
2303: 3098
2304: 3300
2305: 2319
2306:
2307:
2308:
2309: 3459 3201
2310: 2759
2311:
2312: 2423
2313: 2789
2314:
2315:
2316: 2682
2317:
2318:
2319:
2320:
2321:
2322:
2323:
2324: 2885
2325:
2326:
2327:
2328:
2329:
2330:
2331: 2853 2457
2332:
2333:
2334:
2335:
2336:
2337: 2790
2338: 3262
2339:
2340:
2341: 3238
2342:
2343:
2344: 2779
2345: 2903 2672
2346: 3312
2347:
2348: 3061
2349:
2350:
2351:
2352:
2353:
2354: 3296 2564
2355:
2356: 3075
2357:
2358: 2839 2609
2359:
2360:
2361:
2362:
2363:
2364: 2679
2365:
2366:
2367: 3505
2368:
2369: 2794
2370:
2371:
2372: 3211
2373: 3308
2374: 2997
2375:
2376:
2377:
2378:
2379:
2380: 2683
2381:
2382: 3569
2383:
2384:
2385: 3373
2386:
2387:
2388:
2389:
2390: 3239
2391:
2392:
2393: 2992
2394:
2395:
2396:
2397:
2398:
2399:
2400:
2401:
2402:
2403: 2737
2404:
2405:
2406: 3146
2407:
2408: 2597
2409:
2410: 2527
2411: 2554
2412:
2413:
2414:
2415:
2416: 2579
2417: 2478
2418: 3381
2419: 3434
2420: 2533
2421:
2422:
2423:
2424:
2425:
2426:
2427:
2428:
2429:
2430: 2967
2431:
2432: 3193
2433:
2434:
2435:
2436: 2728
2437: 3127
2438:
2439:
2440: 2550
2441:
2442: 3266
2443: 3390 2665
2444:
2445:
2446:
2447: 2810
2448:
2449:
2450:
2451: 3620 2557
2452: 3582
2453:
2454:
2455:
2456: 2501
2457:
2458:
2459:
2460:
2461:
2462:
2463: 3038
2464:
2465:
2466: 3214
2467: 3206
2468:
2469:
2470:
2471: 3157
2472:
2473:
2474:
2475: 2616
2476: 2587
2477:
2478:
2479:
2480:
2481:
2482: 3041
2483:
2484: 3408
2485: 3242 3191
2486:
2487:
2488: 3539
2489:
2490:
2491:
2492:
2493:
2494: 2854
2495:
2496:
2497:
2498:
2499:
2500: 3104 3020 2913 2883
2501: 3512 2937
2502:
2503:
2504: 3231 2559
2505:
2506: 2621
2507:
2508:
2509:
2510: 2572
2511: 2723
2512:
2513:
2514: 2710
2515: 3007
2516:
2517: 3375
2518:
2519:
2520:
2521: 2977
2522:
2523: 3458
2524:
2525: 3365 2605
2526:
2527:
2528: 2736
2529: 2946
2530:
2531:
2532:
2533:
2534: 3200 2959
2535:
2536:
2537:
2538:
2539:
2540: 3456
2541:
2542:
2543:
2544:
2545: 3534
2546:
2547:
2548:
2549:
2550:
2551:
2552:
2553:
2554:
2555:
2556: 2933
2557:
2558: 2914
2559:
2560:
2561:
2562: 3618
2563: 3598
2564:
2565: 3136 2735
2566:
2567: 2720
2568: 3444
2569: 3555
2570: 3457
2571: 3338
2572:
2573:
2574: 3621
2575:
2576:
2577:
2578: 3358 2695
2579:
2580:
2581: 2878
2582:
2583:
2584: 3026
2585:
2586:
2587:
2588:
2589:
2590:
2591:
2592: 3384 3269 3196
2593:
2594:
2595:
2596: 3251
2597:
2598: 2773
2599:
2600:
2601:
2602: 2973
2603: 3440
2604: 3010
2605:
2606:
2607:
2608: 3192
2609:
2610:
2611: 2761
2612:
2613: 3253
2614:
2615: 3592 3203
2616:
2617:
2618:
2619:
2620:
2621:
2622:
2623:
2624:
2625:
2626:
2627:
2628:
2629: 2974
2630:
2631:
2632: 3162 2980
2633:
2634:
2635: 3401
2636:
2637:
2638:
2639: 3347
2640:
2641:
2642:
2643: 2646
2644:
2645:
2646:
2647:
2648: 2752
2649:
2650:
2651: 2783
2652:
2653:
2654: 3187
2655: 3619
2656: 3012
2657:
2658:
2659:
2660:
2661:
2662:
2663:
2664:
2665:
2666:
2667:
2668:
2669: 3087
2670:
2671:
2672:
2673:
2674:
2675:
2676:
2677: 2941
2678:
2679:
2680: 2693
2681:
2682:
2683:
2684: 3179
2685:
2686:
2687: 2944
2688:
2689:
2690:
2691:
2692:
2693:
2694:
2695:
2696:
2697: 3305
2698:
2699: 2807
2700:
2701:
2702: 2939
2703:
2704:
2705:
2706: 3210
2707:
2708:
2709: 3043
2710:
2711:
2712:
2713: 3111
2714:
2715: 3394
2716:
2717:
2718: 3443 3103
2719:
2720:
2721: 3332
2722: 3002
2723:
2724:
2725:
2726:
2727:
2728:
2729:
2730:
2731: 3474
2732:
2733:
2734:
2735:
2736:
2737: 3013
2738:
2739:
2740:
2741:
2742:
2743:
2744:
2745:
2746:
2747: 3421
2748: 3067
2749:
2750:
2751: 3090
2752:
2753:
2754:
2755: 3376 3221
2756:
2757:
2758: 3281
2759:
2760: 3149
2761: 3369
2762: 2862
2763:
2764:
2765: 3329
2766:
2767:
2768: 3245
2769:
2770:
2771:
2772:
2773:
2774:
2775:
2776:
2777:
2778:
2779: 3108
2780:
2781:
2782:
2783:
2784:
2785:
2786:
2787: 3284 2867
2788:
2789: 3597
2790:
2791:
2792:
2793: 2976 2907
2794: 3538
2795:
2796: 3257
2797:
2798:
2799: 2943
2800: 3127
2801:
2802: 3039
2803:
2804:
2805: 3118
2806:
2807: 2958
2808:
2809:
2810:
2811:
2812:
2813:
2814:
2815:
2816: 3577
2817: 3343
2818:
2819:
2820:
2821:
2822: 2845
2823: 2833
2824:
2825: 3158
2826:
2827:
2828:
2829:
2830:
2831:
2832:
2833:
2834:
2835:
2836:
2837:
2838:
2839:
2840:
2841:
2842:
2843:
2844:
2845: 3420
2846:
2847:
2848: 2970
2849:
2850: 3545
2851:
2852: 3215 2888
2853: 3124
2854: 3354
2855: 2865
2856:
2857: 3022
2858: 2954
2859:
2860:
2861:
2862:
2863:
2864: 3509
2865:
2866:
2867: 2932
2868:
2869:
2870:
2871:
2872: 3544
2873:
2874: 2912
2875:
2876:
2877: 3403
2878:
2879:
2880:
2881:
2882: 3630
2883:
2884:
2885: 3164
2886:
2887:
2888:
2889:
2890:
2891:
2892:
2893:
2894:
2895: 3427
2896:
2897:
2898:
2899:
2900: 3432
2901:
2902:
2903: 3476
2904:
2905:
2906:
2907: 2983
2908:
2909: 3503
2910:
2911:
2912:
2913: 3487
2914: 3541
2915:
2916: 3431
2917:
2918:
2919:
2920:
2921: 3027
2922:
2923:
2924: 3585
2925:
2926: 3348
2927: 3351 3293
2928:
2929:
2930:
2931:
2932: 3122 3071
2933: 3468
2934:
2935: 3471 3189 3055
2936: 3232
2937: 3441
2938:
2939:
2940:
2941:
2942:
2943:
2944:
2945: 3134
2946: 3422
2947:
2948:
2949:
2950:
2951:
2952:
2953:
2954: 3353
2955: 3105
2956:
2957:
2958:
2959:
2960:
2961:
2962:
2963:
2964:
2965:
2966: 3386
2967:
2968:
2969:
2970:
2971:
2972:
2973:
2974:
2975:
2976:
2977:
2978:
2979:
2980:
2981: 3349
2982: 3119
2983: 3182
2984:
2985: 3132
2986:
2987: 3172
2988:
2989:
2990:
2991:
2992:
2993:
2994:
2995: 3498
2996: 3144
2997:
2998:
2999:
3000:
3001: 3044
3002:
3003:
3004:
3005:
3006:
3007:
3008: 3259
3009:
3010: 3235
3011:
3012:
3013: 3370
3014:
3015:
3016:
3017:
3018:
3019:
3020: 3522
3021:
3022:
3023:
3024:
3025:
3026:
3027:
3028:
3029: 3325 3320
3030:
3031:
3032:
3033:
3034:
3035:
3036:
3037:
3038:
3039:
3040:
3041:
3042:
3043:
3044:
3045:
3046:
3047: 3217
3048: 3159
3049:
3050:
3051: 3629
3052: 3173
3053: 3430
3054:
3055: 3397
3056:
3057: 3402
3058:
3059:
3060:
3061:
3062:
3063:
3064:
3065:
3066:
3067:
3068:
3069:
3070:
3071:
3072:
3073:
3074:
3075:
3076:
3077: 3141
3078:
3079:
3080:
3081:
3082: 3142
3083:
3084:
3085:
3086:
3087:
3088:
3089:
3090:
3091:
3092:
3093:
3094:
3095:
3096:
3097:
3098:
3099:
3100:
3101: 3109
3102:
3103:
3104:
3105:
3106:
3107:
3108:
3109:
3110:
3111: 3595 3225
3112:
3113:
3114:
3115:
3116:
3117: 3120
3118:
3119:
3120:
3121:
3122:
3123:
3124: 3602
3125:
3126:
3127:
3128:
3129:
3130: 3243
3131:
3132:
3133: 3270
3134:
3135:
3136:
3137: 3383
3138:
3139:
3140:
3141:
3142:
3143:
3144:
3145: 3165
3146:
3147:
3148:
3149:
3150:
3151:
3152:
3153:
3154: 3303
3155:
3156:
3157: 3190
3158:
3159:
3160:
3161:
3162:
3163:
3164:
3165:
3166:
3167:
3168:
3169:
3170:
3171:
3172:
3173:
3174:
3175: 3563
3176:
3177: 3327
3178:
3179:
3180:
3181:
3182:
3183:
3184:
3185:
3186:
3187:
3188:
3189:
3190:
3191:
3192:
3193:
3194:
3195:
3196:
3197:
3198:
3199: 3452
3200:
3201:
3202:
3203:
3204:
3205:
3206:
3207:
3208: 3228
3209:
3210:
3211:
3212:
3213: 3573 3535
3214: 3628
3215:
3216:
3217:
3218:
3219:
3220:
3221:
3222:
3223:
3224:
3225:
3226:
3227:
3228:
3229:
3230:
3231:
3232: 3445
3233:
3234: 3460
3235:
3236:
3237:
3238:
3239: 3264
3240:
3241:
3242:
3243:
3244:
3245:
3246:
3247:
3248:
3249: 3263
3250:
3251: 3340
3252:
3253:
3254:
3255:
3256:
3257:
3258:
3259:
3260:
3261:
3262:
3263:
3264:
3265:
3266:
3267:
3268:
3269:
3270:
3271:
3272:
3273:
3274:
3275:
3276:
3277:
3278:
3279:
3280:
3281:
3282: 3583
3283:
3284:
3285:
3286:
3287:
3288:
3289:
3290:
3291:
3292:
3293:
3294:
3295:
3296:
3297:
3298:
3299:
3300:
3301:
3302: 3298
3303:
3304:
3305:
3306:
3307:
3308:
3309:
3310:
3311:
3312:
3313:
3314:
3315:
3316:
3317:
3318:
3319:
3320:
3321:
3322:
3323:
3324:
3325:
3326:
3327:
3328:
3329:
3330:
3331:
3332:
3333:
3334:
3335:
3336:
3337:
3338:
3339:
3340:
3341:
3342: 3409
3343:
3344:
3345:
3346: 3350
3347:
3348: 3469
3349:
3350: 3497
3351:
3352:
3353:
3354:
3355:
3356:
3357:
3358:
3359:
3360:
3361:
3362: 3614
3363: 3346
3364: 3470
3365:
3366:
3367:
3368:
3369:
3370:
3371:
3372:
3373:
3374: 3481
3375:
3376: 3368
3377:
3378:
3379:
3380:
3381:
3382:
3383:
3384:
3385: 3574
3386:
3387:
3388:
3389:
3390:
3391:
3392:
3393:
3394:
3395:
3396:
3397:
3398:
3399:
3400:
3401:
3402:
3403:
3404:
3405:
3406:
3407:
3408:
3409:
3410:
3411:
3412:
3413:
3414:
3415:
3416:
3417:
3418:
3419:
3420: 3552
3421:
3422:
3423:
3424:
3425:
3426:
3427:
3428:
3429:
3430:
3431:
3432:
3433:
3434:
3435: 3425
3436:
3437:
3438:
3439:
3440:
3441:
3442: 3533
3443:
3444:
3445:
3446:
3447:
3448:
3449:
3450:
3451:
3452:
3453:
3454:
3455:
3456:
3457:
3458:
3459:
3460:
3461:
3462:
3463: 3599
3464:
3465:
3466:
3467:
3468:
3469:
3470:
3471:
3472:
3473:
3474:
3475:
3476:
3477:
3478:
3479:
3480:
3481: 3524
3482:
3483:
3484:
3485:
3486:
3487:
3488:
3489:
3490:
3491:
3492:
3493:
3494:
3495:
3496:
3497:
3498:
3499:
3500:
3501:
3502:
3503:
3504: 3610
3505:
3506:
3507:
3508:
3509: 3511
3510: 3489
3511:
3512:
3513:
3514:
3515:
3516:
3517:
3518:
3519:
3520:
3521:
3522:
3523:
3524:
3525:
3526:
3527:
3528:
3529:
3530:
3531:
3532:
3533:
3534:
3535:
3536:
3537:
3538:
3539:
3540:
3541:
3542:
3543:
3544:
3545:
3546:
3547:
3548:
3549:
3550:
3551: 3543
3552:
3553:
3554:
3555:
3556: 3528
3557:
3558:
3559:
3560:
3561:
3562:
3563:
3564:
3565:
3566:
3567:
3568:
3569:
3570:
3571:
3572:
3573:
3574:
3575:
3576:
3577:
3578:
3579:
3580:
3581:
3582:
3583:
3584:
3585:
3586:
3587:
3588:
3589:
3590:
3591:
3592:
3593:
3594:
3595:
3596:
3597:
3598:
3599:
3600:
3601:
3602:
3603:
3604:
3605:
3606:
3607:
3608:
3609:
3610:
3611:
3612:
3613:
3614:
3615:
3616:
3617:
3618:
3619:
3620:
3621:
3622:
3623:
3624:
3625:
3626:
3627:
3628:
3629:
3630:
3631:
3632:
3633:
3634:
3635:
3636:
3637:
3638:
3639:
3640:
3641:
3642:
3643:
3644:
3645:
3646:
3647:
3648:
3649:
3650:
3651:
3652:
3653:
3654:
3655:
3656:
3657:
3658:
3659:
3660:
3661:
3662:
3663:
3664:
