1: 2297 1590 1314 5 2 1
2: 1691 609 164 97 66 8 6 4 3
3: 584 573 152 119 54 7
4: 2365 1401 40 12 9
5: 1685 527 341 20 10
6: 1681 1596 990 719 668 529 353 107 26 23 19
7: 1022 938 757 712 552
8: 2506 2455 2181 576 450 160 48 13
9: 1509 126 85 16 11
10: 2287 316 122 67 31 18
11: 1477 163 111 15
12: 1829 1189 157
13: 1553 1030 695 189
14: 2348 1296 1260 1132 1084 1028 1001 916 795 764 740 718 647 642 619 532 501 439 412 292 284 224 223 96 29 24
15: 2479 2400 1327 88 17 14
16: 2107 2080 930 124 102 53
17: 2557 1818 896 412 192
18: 136 34 25
19: 2198 1104 763 556 537 307
20: 1436 765 22
21: 1943 805 489 351
22: 916 647 619 224 211 77 24
23: 2367 1756 1010 904 52 28
24: 1784 582 534
25: 2352 1187 62 36 21
26: 1063 874 592 197 148 64
27: 2550 1617 1284 658 569 520 366 317 158 79
28: 2575 1869 1829 1189 1162 593 442 336 283 259 144 114 32
29: 1538 1279 890 834 688 145 70 63 55 45
30: 1687 492 335 287
31: 1206 1150 336 283 114
32: 1225 672 606 459 110
33: 1007 810 539 288 216 133 42 37 27
34: 2706 2625 2293 1108 1009 617 403
35: 2255 1790 156 92 33
36: 1802 1452 1129 690 131 51
37: 642 532 439 284 57 46
38: 30
39: 279 272 237 137
40: 2702 1701 1177 1172 1036 794 548 282 83 80 69 56 35
41: 2281 936 205
42: 2543 2506 2455 2196 2041 1749 1534 1424 1415 596 576 551 450 364 177
43: 2575 1162 593 144
44: 2720 171
45: 1817 996 234 228
46: 1675 769 264 243 183 93 43
47: 1605 1370 906 231 169 125 60 50
48: 1138 41
49: 2687 1862 1225 1007 810 800 759 672 606 550 539 459 367 253 206 199 49
50: 1565 738 557 427 299 261 38
51: 1058 1044 109 94
52: 1538 1270 890 834 688 436 168 95
53: 1892 1085 76 39
54: 2407 1880 1322 762 84
55: 1749 1138 1007 842 810 539 216 139 61 44
56: 2470 1519 1058 1044 519
57: 2672 1863 1687 937 492 335 287
58: 1701 1177 1036 548 83 59 47
59: 2655 2080 967 725 474 268 181 115
60: 2413 683 218 68
61: 2667 499 293
62: 1338 823 805 372 128 117
63: 1400 338 275
64: 1464 352 86 58
65: 2138 1551 1271 1019 849 791 733 604 198
66: 2578 2441 2268 560 245 98 72
67: 1793 1172 1091 1076 673 540 411 187 167 104
68: 2044 1932 1547 1121 1073 827 377 65
69: 1098 71
70: 2308 2255 1816 909 130 127
71: 849 733 354 238 219 188 182 179 175 87
72: 2448 1562 715
73: 1181 603 290 74
74: 2383 1909 1014 521 419 409 320 305 296 89
75: 626 396 255 100
76: 2067 1476 380
77: 123
78: 949 923 265
79: 2633 247 190
80: 712
81: 1483 1412 151
82: 215
83: 1689 214 195
84: 2440 2365 1401 1294 1033 1021 693 274 91
85: 2667 1255 987 499 293 176 82
86: 2687 2652 1862 812 800 753 600 367 206 199
87: 2010 659 118 73
88: 2667 1922
89: 2360 2061 1448 1155 154
90: 1947 1849 785 641 162
91: 2417 371 210
92: 1685 99 75
93: 1749 1607
94: 2186 266
95: 1794 775 203 81
96: 2643 1313 1069 368 257 143
97: 2696 2307 1998 1836 1526 1442 510 467 402 357 212 208 184 90 78
98: 2521 1753 1204 232 112 103
99: 2067 1816 1783 1476 1270 1172 909 827 595 436 411 380 377 168 95
100: 2109 1884 1067 755 482 416 291 241 225
101: 1988 1706 1584 739 706
102: 2373 1670 1633 1598 1595 385 262 141 121
103: 1914 1077 495 298 108
104: 2546 2536 1986 981 319 191 186
105: 2308 1856 1350 1159 675
106: 2365 1401 878 819 700 200 116
107: 562 373 165 101
108: 1697 1146 991 889 645 132
109: 374
110: 402 184
111: 467 357 208 147 129
112: 1488 816 430 311
113: 2383 821 441 419 415 409 320 244
114: 138
115: 2190 2099 792 485 236
116: 2280 1987 1847 1052 845 678 173 149
117: 2580 1794 775 486 432 196
118: 2706 2625 2293 2067 1824 1767 1476 978 803 529 353 159 120
119: 2475 2383 2369 419 409 320
120: 2234 1760 1605 1231 356 263 260
121: 106
122: 2548 2541 750 258 209
123: 611 185
124:
125: 2369
126: 2295 815 602 464 174 105
127: 1930 1613 623 395 172
128: 347
129: 354 238 175
130: 2654 2159
131: 2669 2295 1581 1145 398
132: 2316 516 407
133: 2728 2340 1158 815 602 464 422 374 242 113
134: 2525 2489 2185 1193 636 397 217
135: 2519 2485 1829 1189 1065 759 550 431 227
136: 2530 2057 294 193
137: 178 155
138: 449 150
139: 553 435
140: 1215 612 201 166 161
141: 1022
142: 1110 605 388
143: 2284 1135 1114 361
144: 1911 1674 654 322
145: 358 251
146: 308 295
147: 1372 681 285 146
148: 2460 2028 331
149: 1944 1079 815 602 464 142 135
150: 2607 1717 1415 475 153
151: 2003 1925 1782 1573 1006 240 207 140
152: 1115 202
153: 2519 2485 1852 1293 1065 538 134
154: 728 376
155: 1405 1335 1190
156: 2546 1097 943 832 729 590
157: 248 226
158: 2234 2063 1760 410 340 230
159: 2573
160: 1884
161: 2652 753 600
162: 286
163: 1296 1028 1001 795 718 292 223
164: 812 440 404 304
165: 1350 675 425 170
166: 1661 484 481 323 318 271
167: 1967 1690 696 682
168: 330
169: 2031 565 233
170: 2427
171: 1003 421 406 252
172: 1645 758 511 180
173:
174: 2421 1513 1492 1424
175: 303 267
176: 2536 768
177: 1097 832 827 377
178: 1224
179: 2706 2625 2365 2293 1401 506
180: 2280 2124 2027 1987 1847 1591 1052 845 687 524 312
181: 1479 1093 1045 850 821
182: 1824 803 222
183: 1519 443 306
184: 621 315 269
185: 857 674 563 220
186: 1642 723 583
187: 513 309
188: 1145 398 194
189: 2715 1735 1690 696 342 337 213
190: 204
191: 2357 2337 1632 764 740 420
192: 1813 1328
193: 2474 2381 1806 453
194: 1968 1475 447
195: 676 663
196: 1687 490 328
197: 2185 1055 661
198: 1361 709 278
199: 1321 289 235
200: 506 417 254
201: 2546 981
202: 943 590 221
203: 1245
204: 1321 879 634
205: 2444 1546 956 649 297
206: 640 256
207: 2440 1294 1021 462
208: 1333 444
209: 2700 1399 1285
210: 2191 1838 918 825 250
211: 2541 2284 1944 1619 1135 750 610 561 531 229
212: 1914 751
213: 458
214: 2516 2098 1908 1615 898 333
215: 2728 2340 1158 422
216: 2153 1355 1344 1255 987 662 598
217: 888
218: 1035 627 246
219: 1880 762
220: 2704 2645 2559 2502
221: 1936 1631
222: 1938 1536 920 899 666 239
223: 2545 1617 1284 366 327
224: 1813 1328 310
225: 523 478
226: 2194 913 767
227: 1522 1130 836 477 378 375
228: 2556 1425 749 655
229: 2152 2124 1018 928 487 468 302 270
230: 1813 1328 249
231: 1316 831
232: 1775 851 660 601 344 326
233: 2698 1445 541
234: 2076 476
235: 2537 2038 1599 1196 1100 670 508
236: 1354 1321 844 530
237: 2109 1822 1810 1642 1157 723 583
238: 2114 1505 1208 424 418
239: 2541 1523 1070
240: 399 281
241:
242: 346 276
243: 2361 957
244: 754 426
245: 2653 2192 2102 1296 1028 1001 795 718
246: 2425 2058 1754 1695 554
247: 1982 1874 988
248: 1404 456 446 280
249: 1997 1192 325 321
250: 2511 1728 400 343
251: 2421 1513 408
252: 1318 1092 500 277
253: 454 448
254:
255: 2129 799 273
256: 1258 756 392 329
257: 2063 950 914
258: 1757 1011 566
259:
260: 2406 984 503
261: 2478 2472 929 736 470 314
262: 2714 2385 2177
263: 2510
264: 1456 1288 360
265: 2234 1760 356
266: 1642 723
267: 2560 1634 702
268: 2156
269: 2623 2478 2472 929 736 470 313
270:
271: 2376 517
272: 1853 1250 651 558
273: 494 480
274: 2342 1375 334 324
275: 1796 997
276: 964 363
277: 1607 694 463 429
278: 2308 1661 481
279: 2634 1166 865 348
280: 305
281: 934
282: 2283 1798 1122 777 451
283: 1113 1096
284: 1923 1455
285: 2177 796
286: 1777 1168 731 559 493 355 300
287: 2260 2243 1342
288: 705 433
289: 1607 1598
290: 2557 896
291: 2214 2146 1755 1159 974 860
292: 2470 924 597 580
293: 721 644 339
294: 577 301
295: 2734 1444 624
296:
297:
298: 1424 332
299: 1516 610 561
300: 2537 2344 2038 572
301: 2716 2065 1368
302: 2609 1322 1280 1237 365
303: 741 369
304: 2479 1866 837 578
305: 824
306: 2155 1998 1836 543
307: 2156
308: 2543 1534 551 384
309: 2698 1646 1503 1242 988 926 908 797 748 568
310: 1292 650
311: 2572 2556 1425 1186 1175 616
312: 2633 1747 1624 760
313: 2687 1862 1524 1039 872
314: 1889 1668 737 345
315: 1263
316: 2730 1236 1111
317: 1799 1507
318: 595
319: 2634 2481 2331 2048 1839 1797 1463 1166 865
320: 2357 2166 1799 1507 1445 522 390
321: 1255 987
322: 2710 1303 362
323: 531
324: 1817 996
325: 957
326: 2679 1680 387
327:
328: 993 394
329: 1761 935 828 383
330: 505 349
331: 2392 2302 2226 536 389
332: 1893 1416 437 382
333: 1202 843 625
334: 2556 1425 749 438
335: 491 466
336: 2497 1438
337:
338: 1053 507 401 350
339: 2607
340: 379
341: 526 359
342: 1697 1399 1146 413 370
343: 2260 1342 656 613
344: 769 614 571
345: 1706 739
346: 895
347: 1855 1437 1371 509
348: 1182
349: 1230
350: 1865 1804 1495 1017 835 772 381
351: 1677 428
352: 2682 1825
353: 1094 414 391
354: 2170 2130 2069 1832 1394
355: 2332
356: 503
357: 704 646
358: 2313
359: 2591 1971 1815 1392 985 958 954 940 892
360: 1444
361: 1498 1183 764 740 386
362: 2466 1913 887 460
363: 2499 1883 983 813 497
364: 1748 1174 867
365:
366:
367: 2044 1975 1932 1073 1007
368: 2251 2242 1828 1292 650 528 504
369: 1943
370: 2129 1429 799
371: 1430 1221 535
372: 1175 616
373: 2672 703
374: 986
375: 1525 1205 730 469
376: 2710
377: 2326 1641
378: 2364 1819 1801 1793 1172 673 540
379: 1257 393
380: 2317 2105 859 445
381: 643
382: 1318 676 669 663 639 488
383: 682
384: 405
385: 2637 2041 596 575 423
386:
387: 2297 545 498
388: 814 587
389: 502
390: 878 819 455
391:
392: 2215 787
393: 2637 2034 1617 1284
394: 2006 1999 1643
395:
396: 2251 1828
397: 1331
398: 1686 1317 1310 1226 1217
399: 1992
400: 2082 1629 1432
401: 734
402: 2272
403: 2489 2280 1987 1847 1748 902 697 615
404: 1794 802 775
405: 1196 735 631 457
406:
407: 2214 2146 1755 974 860
408: 1547 1121 744
409: 1676
410: 1026
411: 2027 1591 687
412: 1102 472
413: 1042
414: 2538 1893 1178 747 746
415: 2041 596
416: 2494 1493
417: 2588 724 461
418:
419: 1933 1298 1117 925 782
420: 903 434
421: 1990 1343
422: 1160
423: 483 452
424: 1813 1328
425: 2194 882
426: 2609 1379 677
427: 945
428: 2110 546
429: 1692 1644 1090 471
430: 2731 2546 2540 1659
431: 2297 1533 591
432: 570
433: 1131
434: 1411 1020 607
435: 2034 1351 893 473
436: 1489 1283 1123 717 547
437: 2150 2115 1198 1196 735 714
438: 1716 1149 830
439: 2250 1934 1727 886
440: 2311 1863 1712
441: 1483 1412
442: 2359 1054 972
443: 2053 1657 620 479 465
444: 2531 1937 1282 743 633
445: 2591 1971 1848 1815
446: 2068 1103
447: 2653 2192 2102 549
448: 748 585 544 496
449:
450:
451: 2565 2475 847 518
452: 2015 574
453: 1830 1015
454: 2693 1692 1644 1344 1114
455: 2080 515 512
456: 1114
457:
458: 2015 855
459: 2424
460: 2183 1746 1584
461:
462: 1717 581
463: 2281 1572 1482 1471 1406 1016 915 742
464: 2479 2400 1267 961 686
465: 1802 770 567
466: 2525 2185 1055 514
467: 2002 579
468: 1152 1143
469: 2481 1367
470: 1279 833 732
471: 1384
472: 2370
473: 1963 1597 1515 944
474: 1133
475: 1909 564
476: 1137
477: 1195 784
478:
479: 2715 1735 1128 913 767 657
480: 1900
481: 1622 630
482:
483: 2295
484: 1240
485: 2496
486: 1700 710
487: 2575 2061
488: 2311 871 701 608
489: 2223
490: 2678 2103 1786 1239 982 952
491: 1214
492:
493:
494: 2513 2327 2219 2004 727
495:
496: 1726 1566 1501 1012 852 586
497: 1388
498:
499: 2238 1074 1032 811 759
500: 2097 1122 533
501: 2143 1391 1389
502: 1219
503: 2247 589
504: 978 652
505: 2205 1470 1112
506: 525
507: 722
508: 2147 555
509: 2278 1636 1248 973 684
510:
511: 1795 1745
512: 926 908 665
513: 726
514: 2157 1994 1468 1180 1163 685
515: 1518 1402
516: 2347 975
517: 1319
518: 897 599
519: 1712
520: 2076
521: 2580 2482 1721 1611 658
522: 1929 1209 632
523: 1648 542
524: 2094 1837 1444 1326 1307
525: 1308 1305
526: 618
527:
528: 1334
529: 2039
530: 894 786
531:
532:
533: 2477 1024 745
534: 965 680
535: 2021
536: 1892 1085 779
537:
538: 2540 1732
539: 1584 966 942 588
540:
541: 2713 2486
542: 2718 2650 1841
543: 2321 1564 1141
544: 2005 1253
545: 1365 1156
546:
547: 2124 1245 995
548: 2229 1078 868 628
549: 861
550:
551:
552: 1626 1256 1075
553: 2604
554: 2364 1819 1801
555: 2047 2033 1794 775
556: 1973 774
557: 2108 1062 946
558: 1855 1437 1371
559: 1982
560: 2432 752
561: 2117 1272 891
562: 2140 622
563: 1888 1088 698
564: 1357
565: 1191
566: 2276 1663 1500 870 817
567: 2511 2292 1728 713
568: 1946 1392 1116 1034
569:
570: 2535 1965 1241 790
571: 2127
572: 661
573:
574: 866 793 653
575: 826 798
576: 879
577:
578: 1741 1606 1082 699
579: 1492
580: 2677
581: 1322
582:
583: 2009 853 689
584: 2021
585: 2534 980 637 635
586: 938
587:
588: 2368 1857 1498 1183
589: 1035 629 594
590: 2250
591: 1975 1558
592:
593: 2407 1865 1804 772 667
594: 1744 869 862
595: 1211 1000 969
596: 901
597:
598: 2634 2172 2062 1276 865
599: 1924
600: 1381
601:
602: 1201 1176 1087 781
603:
604: 856
605:
606:
607: 1208
608: 1527 1454 716
609: 788 773
610: 2195 638
611: 1887 1457 932 931 648
612: 1957 1604 1197 1147
613: 1247
614:
615: 1060 977 951
616: 2536
617: 2731 1659
618: 2714 2385
619:
620: 1767 1678
621:
622: 2275 1550 1549 1506
623: 806
624: 1191 1056
625: 2172 2062 1276 1130
626: 952
627: 1875 1345
628: 992 711
629: 2488
630: 1206 1150
631: 691
632: 1890
633: 1008 707
634:
635: 1584 960
636: 1926 1901 1792 1043
637: 1683 1167
638: 1548 971
639: 1369
640: 968
641: 1510
642: 2706 2625 2293 1108 1009
643: 671
644: 1309 846
645: 1265 911
646:
647:
648: 1681
649: 2402 2253
650: 876
651: 829
652: 1344 1095 662
653:
654: 766
655: 2109 1822
656: 1185 873
657: 2397 2228 822
658: 854 809 783 778
659:
660: 1482 1471
661: 780
662: 2220 2199 1850 1494 664
663: 976
664: 771
665: 2443 2197 1109
666: 953
667: 1575 927 910
668:
669: 2131
670:
671: 2255 2066 1921 1776 692
672:
673: 1489 1283 1123
674: 1598 1530 720
675: 2057
676: 2419 1218
677:
678: 2678 679
679: 1418 1144
680:
681: 1850
682: 2358 900 863 708
683:
684: 1274 1048 905
685: 1867 1688 1461
686: 1608 1598 1173 962
687: 2681 2601 801
688: 1861 1099
689: 2218 881
690: 947
691: 1778 1025 840
692: 1179
693: 2717 2392 2226 970
694:
695: 2540 1732
696:
697: 1046 761
698: 2332 1995
699: 1952 804
700: 1081
701: 1390 1126
702: 2079
703: 2277
704: 2411 1427 998
705: 948
706: 1582 883
707: 2453
708: 921 789
709:
710: 1420
711:
712: 2529 955
713:
714: 1866
715:
716: 1939
717: 1426 1423
718: 1387 1049 1038
719: 932
720: 2627 1472
721: 2100
722:
723: 2708
724: 2430
725: 2174
726: 1604 1245 1101
727:
728:
729: 2700
730: 2032 1511
731: 2259 1300
732:
733: 2363 2231 1772 1050
734: 833
735: 2535 2275 1064
736: 2265
737: 1528 884
738: 2737
739:
740: 1584 818
741: 1477
742:
743: 2180 1289
744: 2502
745: 1037
746: 2298 1517
747: 2530
748:
749:
750: 1702 1521 885
751: 2583 1136 1061 1002
752: 2352 2273 1187 1180 1163
753: 1840 841
754: 776
755: 2544 1485
756:
757: 1950
758: 1352 880
759:
760:
761: 1091 1076
762: 984
763: 922
764: 2299 1337 959
765: 2086 1653
766: 1689 1484
767: 1363 1047
768: 1559 1481
769: 2153
770: 1469 912 858
771:
772: 2363 2231 2039
773:
774: 1435
775:
776: 2696 2336 1627 1417
777:
778: 963
779: 2289
780: 1856
781: 838
782:
783: 2703 2617 2289 1071 1066
784: 2673 1445
785: 2276
786: 1531
787: 2669
788: 2581 2212 807
789: 2586 1638 877 808
790: 1790 989
791:
792:
793: 2675 1764 1072 1031
794: 2051 1723
795: 1545
796: 1570
797: 2649 1311
798:
799: 820
800:
801:
802: 1577
803: 1818 1304
804: 2170 1394
805: 2378 1450
806:
807: 2281
808:
809:
810: 2644
811: 2434
812: 1220
813: 2160 1273
814: 1059
815: 2637 1312 1118
816: 1433
817:
818:
819:
820: 2083
821:
822:
823:
824: 1095
825: 875
826: 2463 839
827: 2497 1438
828:
829: 2159
830: 2703 2617 2481 1839 1160 1071 1066
831: 1871 1086
832: 1232
833: 1027
834:
835: 2174
836: 2682 1825 1684
837:
838: 1924
839:
840: 1913 848
841:
842: 2274 1647 919
843:
844: 1594 1550 1549 1506
845:
846:
847: 2341 1491
848: 1296 1028 1001 999
849: 1554 1004
850: 1460
851: 1905 1578 1320
852: 1843
853: 1252
854: 1407
855: 1620
856: 1098 907
857: 1935
858:
859: 1286
860: 2074 1855 864
861: 1226
862: 1154
863: 1023
864: 2402 2253
865: 1868 1227
866:
867:
868:
869:
870: 1115
871:
872: 1709 1336
873: 2222 1439
874:
875: 2547
876:
877: 1120
878: 2084
879: 1057
880: 2698 1646 1490
881: 2085
882: 2591 1971 1815 958 940
883:
884:
885:
886: 2212 1713
887: 1262
888: 2553 2291 2133 1325 917
889:
890: 1567 1449
891: 1089
892:
893:
894:
895: 2706 2625 2293
896:
897:
898:
899: 2056
900:
901:
902: 1427
903: 1592
904: 2079
905: 2477 1858
906: 2087 1977
907:
908: 2600
909: 2325
910: 2311
911: 2437
912:
913: 1824 1576 1539 933
914:
915:
916: 1580 1508 1216
917:
918: 2031 1765 1561 1385 1287
919:
920: 1142
921:
922: 1558
923: 939
924: 1737 1730
925: 2283 1798
926:
927:
928:
929: 2138 1994 1551 1271 1259 1180 1163
930: 2189
931: 2690 2593 2014
932: 2147 1107 1005
933: 2072 1041
934:
935: 1441 1013
936: 2482 1721 1611 1266 941
937:
938: 1821 1740
939: 2731 2091
940:
941: 1205
942: 2227 1540 1106
943:
944: 1555 994
945:
946: 2429
947:
948: 2438 1170
949:
950: 1169
951: 1928 1532
952: 1431 1403 1151
953:
954:
955: 1083
956: 1679
957: 2093 2059 1882 1766 1667
958:
959:
960: 2722
961:
962: 1373 1339
963: 1200 979
964:
965: 1029
966: 2338
967:
968:
969: 2707 2620
970: 1080
971: 1708
972:
973:
974: 2554
975: 2046
976: 1860 1635
977:
978: 2271
979: 2310
980: 2017
981:
982: 1383
983: 1125
984: 1278
985: 1781
986: 1640 1409
987: 2712 2312
988: 1612
989: 2659
990: 1474 1277
991: 2078 2019 1165 1105
992:
993: 1246
994: 1795 1745
995: 2510
996: 1265
997:
998: 2564
999: 1238
1000: 1051
1001: 2396 2306 1587
1002: 1127
1003:
1004: 2446
1005: 2195
1006: 2186 1194
1007: 1157
1008:
1009:
1010:
1011:
1012: 2330
1013:
1014: 1844
1015:
1016: 1410
1017: 2354 1277
1018: 2126
1019:
1020:
1021:
1022: 1419
1023: 2200 1870 1068
1024: 1497
1025:
1026:
1027:
1028: 1467 1291
1029:
1030: 1897 1323
1031: 1856 1703
1032: 1614
1033: 2503
1034:
1035:
1036:
1037: 2629
1038:
1039: 1944 1622
1040: 1557 1251 1223
1041: 1484
1042:
1043:
1044: 2294 1040
1045: 1814
1046:
1047:
1048:
1049: 1329
1050: 1332
1051: 2142 2060 1780
1052: 2689
1053: 2713 1863 1229
1054:
1055: 2305 1541
1056:
1057:
1058: 2008
1059:
1060: 1285
1061:
1062:
1063:
1064:
1065: 2029
1066:
1067: 1560
1068: 1686 1317 1217
1069: 2619 1512 1268
1070: 1348
1071:
1072: 1564
1073: 2165 2123
1074:
1075: 1970
1076: 2648 2512 1451
1077: 2123 1139
1078: 2222 1439
1079: 2696 1627
1080:
1081: 1346
1082: 1976
1083: 1408 1207
1084:
1085:
1086:
1087: 2094 1837 1307
1088:
1089: 2567 2442 1603
1090: 1941
1091:
1092:
1093: 1153
1094:
1095: 1742
1096:
1097: 1228
1098:
1099: 2122 1233
1100:
1101: 2139 1380
1102: 2675 2519 2485 1148 1140
1103: 1919
1104:
1105: 1171
1106:
1107: 1502 1330
1108: 1212
1109: 1213
1110: 1210
1111: 2196
1112: 2671 2273 1568
1113: 1579 1119
1114: 2542 1621
1115: 2469 1297 1164
1116: 2043 1698 1465 1397
1117: 2592
1118: 1773 1734 1715
1119: 2612 2610 2349 2248 1203
1120: 2416 2045 1660
1121:
1122:
1123: 1360 1188
1124:
1125:
1126: 1184
1127: 2430 1650
1128: 1264 1249
1129: 1269
1130: 1918
1131: 1301
1132:
1133: 1906 1340 1134
1134: 1619
1135: 1789
1136: 1535 1447
1137: 2355
1138:
1139: 2435
1140:
1141:
1142:
1143: 1840 1124
1144: 1295
1145: 2468
1146:
1147: 2502 2373 1670 1633 1595
1148: 1490
1149:
1150:
1151: 2509 2480 1289
1152: 2113
1153:
1154: 2245
1155:
1156: 1951 1743
1157: 1827 1537
1158: 1881 1673
1159: 1453
1160: 2414
1161:
1162: 2691
1163: 2394 1907
1164:
1165: 1912 1395
1166: 2436
1167: 1353
1168: 1608 1243
1169: 2714 2385 1585
1170:
1171: 2296
1172: 2662 2264 2013 1763
1173:
1174: 2676
1175: 1883
1176: 2507 2278
1177:
1178: 1891
1179:
1180:
1181: 2538
1182:
1183: 1362
1184:
1185:
1186: 1356
1187: 1769
1188: 1487
1189: 1161
1190:
1191:
1192: 1718
1193: 1571
1194:
1195:
1196:
1197: 1376
1198: 2088
1199: 2635
1200: 1589
1201:
1202: 2487 1254
1203:
1204: 2173 2134
1205: 1954 1199
1206: 2145 1235
1207:
1208: 2303 1584
1209: 2700
1210: 2187 1714
1211: 1752
1212: 1886 1378
1213: 1956 1725
1214:
1215:
1216: 1805
1217: 2681 2601
1218:
1219: 2251
1220:
1221: 2454
1222:
1223: 2236
1224:
1225: 1514
1226: 1393
1227:
1228: 1645
1229:
1230: 2595
1231: 1428
1232:
1233: 2481 2408 2208 1839
1234: 2273
1235: 2171 1234
1236: 1413
1237:
1238:
1239: 1662
1240:
1241:
1242:
1243: 2441
1244:
1245: 2535 1965 1222
1246:
1247: 1261
1248:
1249:
1250:
1251:
1252: 1873 1845
1253: 2103
1254: 1843
1255:
1256:
1257:
1258: 1652 1542
1259:
1260: 2204
1261: 1896
1262: 1366 1290
1263:
1264: 2563 2549 1462
1265: 2179
1266: 2655
1267: 2267
1268:
1269:
1270:
1271:
1272:
1273: 1751
1274: 2518
1275: 1922
1276: 1655
1277: 1398
1278:
1279:
1280:
1281: 2514
1282:
1283:
1284: 2286 2020 1826
1285: 2581 1359
1286:
1287: 2548 1809
1288:
1289:
1290:
1291: 2611 1341
1292: 2339
1293:
1294: 2549 1462
1295:
1296:
1297:
1298: 1898 1785
1299: 1281
1300: 2493
1301: 2550
1302: 1299
1303: 2106 1989
1304: 1904
1305: 1649
1306: 1616
1307: 1529
1308:
1309:
1310: 1765 1244
1311: 1779
1312:
1313: 1831
1314:
1315: 2141 1440
1316: 1610
1317:
1318: 2001 1324
1319:
1320:
1321: 2334 1347
1322: 2545
1323:
1324:
1325: 2296 1770 1731
1326: 1979
1327: 1722
1328: 2237
1329:
1330:
1331: 2116 1823 1275
1332: 1552
1333:
1334: 2596 1386
1335: 2715 1735
1336: 1382
1337: 2135
1338:
1339:
1340: 1759
1341:
1342:
1343:
1344:
1345:
1346: 1364
1347:
1348: 2344
1349: 1525
1350: 2163
1351:
1352: 1315
1353:
1354: 1556
1355: 2040 1637
1356:
1357:
1358: 1824
1359: 2555
1360:
1361: 2664
1362: 2207 1473 1396
1363: 2157
1364:
1365:
1366: 2646 2279
1367:
1368:
1369: 2372 1711
1370: 1374
1371: 2224 1446
1372: 1930 1613 1358
1373: 1693
1374: 1302
1375:
1376: 2136
1377: 2309 1443
1378: 1478 1434
1379:
1380: 1306
1381: 1666
1382: 1466
1383: 2692
1384: 1961
1385:
1386: 1974
1387: 1969
1388:
1389:
1390: 2052 1750
1391: 2569 1733
1392: 2527 1854 1504
1393: 1953 1729 1720 1349
1394: 2500
1395:
1396: 1899
1397: 1902 1738
1398: 2733 2007
1399:
1400: 2206
1401:
1402: 1867 1688 1461
1403: 2301
1404: 2545
1405: 2144 2023
1406: 2121
1407:
1408:
1409: 2361 1840
1410:
1411:
1412: 2319 1968 1917
1413:
1414: 2054
1415: 2732
1416: 2132
1417:
1418:
1419:
1420: 1985
1421: 1480
1422:
1423:
1424: 2216
1425:
1426: 1654
1427: 2447
1428: 2379
1429: 1800
1430: 1377
1431:
1432:
1433: 1563
1434:
1435: 1651
1436: 2161 1931
1437: 1574
1438: 2213
1439:
1440:
1441:
1442: 2393
1443: 2522
1444:
1445: 2631 2042 1787
1446:
1447: 1609
1448:
1449:
1450: 2648
1451: 2661
1452: 2635 2263 1422
1453: 1414
1454: 1942
1455:
1456: 1808
1457: 1736
1458:
1459:
1460:
1461:
1462:
1463:
1464: 1762
1465: 2732
1466:
1467: 2093 2059 1882 1766 1667
1468: 2000 1877
1469:
1470:
1471:
1472:
1473: 1499
1474: 2685 1694
1475:
1476: 2164 1903
1477: 2621 1682
1478: 2579
1479: 2049
1480: 2639 2011 1945
1481: 2596 1669
1482:
1483:
1484:
1485: 1421
1486: 2649
1487: 2137 1459
1488:
1489:
1490:
1491: 2026
1492: 1894
1493:
1494:
1495: 1568
1496: 1544
1497:
1498: 2018
1499: 2622 2041
1500:
1501: 2585 1602
1502:
1503:
1504:
1505: 2712
1506: 2698 1646
1507:
1508:
1509: 2602
1510:
1511: 2697
1512:
1513: 1543
1514:
1515:
1516:
1517:
1518:
1519:
1520:
1521:
1522:
1523: 2309
1524:
1525: 2546 1940
1526:
1527:
1528: 1872
1529: 1984
1530: 1895
1531:
1532:
1533: 1719
1534:
1535:
1536: 2520
1537: 1586
1538: 1458
1539:
1540:
1541:
1542: 1618
1543:
1544: 2391
1545:
1546:
1547:
1548:
1549:
1550: 1696
1551:
1552: 2594 1851
1553:
1554:
1555:
1556:
1557:
1558:
1559: 1879
1560: 2335
1561: 2623
1562: 2288 2125
1563:
1564:
1565: 2609
1566:
1567:
1568:
1569: 2238
1570:
1571: 2306
1572:
1573: 1486
1574:
1575:
1576:
1577:
1578: 2114 1496
1579: 2571
1580: 2533 2119
1581:
1582:
1583:
1584: 2263
1585:
1586:
1587: 1520
1588:
1589: 1588
1590:
1591:
1592:
1593: 2407
1594: 2562
1595:
1596: 2314 1593
1597: 2246
1598:
1599:
1600:
1601:
1602:
1603:
1604:
1605:
1606: 2712 2312 1920
1607: 1583
1608:
1609: 2582
1610:
1611:
1612: 1623
1613:
1614: 2638 1672
1615: 2439
1616:
1617:
1618:
1619:
1620:
1621: 2490
1622: 1601
1623:
1624:
1625:
1626:
1627:
1628: 2204
1629:
1630:
1631: 2628 2311 2217 2210 2158
1632: 2724 2431 1664
1633:
1634: 1569
1635:
1636:
1637:
1638: 2574 2178 1910
1639: 2570
1640:
1641: 1699 1630
1642:
1643:
1644:
1645:
1646: 1758
1647:
1648:
1649:
1650: 2389
1651:
1652: 2577
1653: 1656
1654:
1655: 2584
1656: 2695
1657: 2736 2711
1658: 1600
1659:
1660:
1661:
1662: 2254 1960
1663:
1664: 2374
1665:
1666: 1774
1667: 1724
1668:
1669:
1670: 1625
1671:
1672: 2563
1673: 2064
1674:
1675:
1676: 2368 1857
1677:
1678: 2426
1679: 1958
1680:
1681:
1682: 1658
1683: 1972
1684: 1842
1685:
1686: 1665
1687: 2547 2149 2148 1707 1628
1688: 2167
1689: 2589
1690: 2120 1864
1691:
1692: 2626
1693:
1694: 2201
1695:
1696:
1697:
1698:
1699:
1700: 2449
1701: 2329 1876
1702:
1703: 2729
1704: 2022
1705: 2517 1639
1706: 2640
1707: 1834
1708: 1788
1709: 1791
1710: 1812
1711: 2148
1712: 1959
1713:
1714: 2193 1993
1715: 1925 1671
1716: 2403
1717:
1718: 2203 1704
1719:
1720:
1721:
1722: 1710
1723: 2162
1724:
1725: 2354
1726:
1727:
1728: 2687
1729:
1730:
1731:
1732:
1733: 2462
1734: 2450
1735: 2699
1736:
1737: 2181
1738: 2452
1739:
1740:
1741:
1742: 2036 1983 1705
1743:
1744: 2096
1745:
1746: 1846
1747:
1748:
1749:
1750:
1751:
1752: 2523 1739
1753: 1833
1754:
1755:
1756: 2539 1835
1757:
1758: 2431
1759: 2616
1760: 2565 2190 2099
1761:
1762: 2461
1763:
1764:
1765:
1766:
1767:
1768: 2507
1769: 1916
1770:
1771:
1772: 2040
1773:
1774:
1775:
1776: 2169
1777:
1778:
1779: 2151
1780:
1781:
1782:
1783:
1784:
1785: 2168
1786: 2728 2090
1787: 2257
1788: 2377
1789:
1790: 2206
1791:
1792: 2315
1793:
1794:
1795:
1796: 2353
1797: 2111
1798:
1799: 1955 1811
1800:
1801: 2101
1802:
1803:
1804:
1805: 2614 1768
1806: 2324
1807: 2261
1808:
1809: 2509 2480
1810:
1811:
1812:
1813:
1814: 2370
1815:
1816:
1817:
1818: 1980
1819:
1820:
1821:
1822: 2636 2075 1771
1823: 2656
1824:
1825:
1826:
1827:
1828: 2351
1829: 2459
1830:
1831: 2233
1832: 2258
1833:
1834: 1962
1835:
1836:
1837:
1838:
1839: 2568
1840: 2651
1841:
1842: 2399
1843: 2343
1844:
1845:
1846:
1847: 2471
1848:
1849:
1850:
1851:
1852:
1853: 2492
1854: 1927
1855: 2092
1856: 1803
1857:
1858: 2380
1859:
1860:
1861:
1862:
1863:
1864:
1865:
1866:
1867:
1868:
1869:
1870: 2515 2016 2012
1871:
1872:
1873: 2524 1807
1874:
1875: 2479 2400
1876: 1878
1877:
1878:
1879:
1880: 2346
1881:
1882: 2451
1883: 2210 2158
1884: 1820
1885:
1886:
1887: 2235
1888: 1859
1889:
1890:
1891:
1892:
1893:
1894:
1895: 1946
1896:
1897:
1898: 1915
1899: 2658 1991
1900:
1901: 2037
1902:
1903:
1904:
1905:
1906:
1907: 1981
1908:
1909:
1910: 1885
1911: 2501 2025
1912: 1978
1913:
1914:
1915:
1916:
1917:
1918:
1919:
1920:
1921:
1922:
1923: 2073
1924:
1925: 2705
1926: 2333
1927:
1928:
1929:
1930: 2366 2035
1931:
1932:
1933:
1934:
1935:
1936: 1948
1937:
1938:
1939:
1940: 2055 1949
1941: 2350
1942:
1943: 2300 1964
1944: 2269
1945:
1946: 2154
1947: 2626
1948:
1949: 2089 1996
1950:
1951:
1952:
1953: 2670 1966
1954:
1955: 2657 2188 2077
1956: 2606 2428
1957:
1958:
1959: 2558
1960:
1961:
1962: 2285
1963:
1964:
1965:
1966: 2322
1967:
1968: 2095
1969: 2665
1970:
1971:
1972:
1973:
1974: 2030
1975:
1976:
1977:
1978:
1979:
1980:
1981:
1982:
1983:
1984:
1985: 2388
1986:
1987: 2613
1988:
1989: 2495
1990: 2290
1991: 2304
1992:
1993:
1994: 2104
1995:
1996: 2626 2490
1997:
1998:
1999: 2175
2000: 2266
2001: 2420
2002:
2003: 2070
2004: 2387
2005:
2006:
2007:
2008:
2009: 2371
2010:
2011:
2012:
2013:
2014:
2015:
2016:
2017:
2018:
2019:
2020:
2021: 2186
2022: 2318
2023: 2232
2024: 2081
2025:
2026:
2027:
2028: 2470
2029:
2030: 2505
2031:
2032:
2033: 2249
2034:
2035: 2722
2036:
2037:
2038: 2270 2184
2039:
2040:
2041:
2042:
2043:
2044:
2045:
2046:
2047:
2048: 2651
2049: 2024
2050:
2051:
2052:
2053: 2225 2071
2054:
2055:
2056:
2057:
2058:
2059:
2060: 2176
2061:
2062:
2063:
2064:
2065:
2066:
2067:
2068:
2069: 2398 2240 2202
2070:
2071:
2072: 2050
2073: 2464 2155
2074:
2075:
2076: 2561
2077:
2078:
2079:
2080: 2118
2081:
2082:
2083:
2084:
2085:
2086: 2520
2087:
2088:
2089:
2090:
2091:
2092: 2476
2093:
2094: 2182
2095:
2096:
2097: 2706 2625
2098: 2282
2099:
2100: 2128
2101: 2458 2239
2102:
2103: 2112
2104:
2105:
2106: 2576
2107:
2108:
2109:
2110: 2209
2111: 2641
2112:
2113:
2114:
2115:
2116:
2117:
2118:
2119:
2120:
2121:
2122:
2123: 2694
2124:
2125:
2126:
2127: 2642
2128:
2129: 2647
2130: 2599 2465
2131:
2132: 2415
2133:
2134:
2135: 2375
2136: 2401
2137: 2356
2138:
2139:
2140: 2552 2491
2141:
2142: 2689
2143:
2144:
2145:
2146:
2147:
2148:
2149: 2211
2150:
2151:
2152:
2153:
2154:
2155:
2156:
2157:
2158: 2252
2159:
2160:
2161:
2162:
2163: 2230
2164: 2262
2165:
2166:
2167:
2168:
2169: 2484
2170:
2171:
2172: 2521
2173:
2174:
2175: 2684
2176:
2177:
2178:
2179:
2180:
2181: 2378
2182:
2183:
2184:
2185:
2186:
2187:
2188:
2189: 2256
2190:
2191:
2192:
2193:
2194:
2195:
2196:
2197: 2473
2198:
2199:
2200: 2323
2201:
2202:
2203:
2204:
2205:
2206: 2597
2207:
2208: 2244
2209:
2210:
2211:
2212:
2213: 2526
2214:
2215:
2216:
2217:
2218: 2345
2219:
2220:
2221: 2572
2222:
2223:
2224:
2225:
2226:
2227: 2384
2228:
2229:
2230:
2231:
2232: 2362
2233:
2234:
2235:
2236:
2237: 2528
2238:
2239:
2240:
2241:
2242:
2243:
2244:
2245: 2674
2246:
2247:
2248: 2395
2249:
2250: 2221
2251:
2252:
2253:
2254:
2255:
2256:
2257:
2258: 2382
2259:
2260:
2261: 2320
2262:
2263: 2632
2264:
2265:
2266:
2267:
2268:
2269:
2270:
2271: 2590
2272:
2273:
2274:
2275: 2532
2276:
2277:
2278:
2279:
2280:
2281:
2282:
2283:
2284: 2422
2285:
2286: 2701 2241
2287: 2405
2288: 2498
2289:
2290:
2291:
2292: 2328
2293:
2294:
2295:
2296:
2297:
2298:
2299:
2300:
2301:
2302:
2303: 2683
2304:
2305:
2306:
2307:
2308:
2309:
2310:
2311:
2312:
2313:
2314:
2315: 2668
2316:
2317:
2318:
2319:
2320:
2321: 2375
2322:
2323:
2324:
2325:
2326:
2327:
2328: 2423
2329:
2330:
2331:
2332: 2386
2333:
2334:
2335:
2336:
2337:
2338:
2339:
2340:
2341: 2390
2342:
2343:
2344:
2345:
2346:
2347:
2348:
2349: 2608
2350:
2351:
2352:
2353:
2354:
2355: 2660 2508
2356:
2357:
2358:
2359:
2360:
2361:
2362:
2363:
2364:
2365:
2366:
2367:
2368: 2467
2369:
2370:
2371:
2372:
2373:
2374:
2375:
2376:
2377:
2378:
2379:
2380:
2381:
2382:
2383:
2384:
2385: 2603
2386: 2457
2387:
2388:
2389:
2390:
2391:
2392:
2393:
2394:
2395: 2456
2396:
2397:
2398: 2409
2399:
2400:
2401: 2735
2402:
2403:
2404:
2405:
2406:
2407:
2408:
2409:
2410:
2411:
2412:
2413:
2414: 2433
2415:
2416:
2417:
2418:
2419: 2566
2420:
2421:
2422:
2423:
2424:
2425:
2426:
2427:
2428:
2429:
2430:
2431:
2432:
2433:
2434: 2404
2435:
2436: 2638
2437:
2438:
2439: 2410
2440:
2441:
2442: 2418
2443:
2444:
2445:
2446:
2447:
2448:
2449:
2450:
2451: 2412
2452:
2453:
2454:
2455:
2456:
2457:
2458:
2459:
2460:
2461:
2462:
2463:
2464:
2465: 2587
2466:
2467:
2468:
2469:
2470: 2483
2471:
2472:
2473:
2474:
2475:
2476:
2477: 2524
2478:
2479:
2480:
2481:
2482:
2483: 2723
2484:
2485:
2486:
2487:
2488:
2489: 2605
2490:
2491:
2492: 2445
2493:
2494: 2663
2495:
2496: 2680
2497:
2498:
2499:
2500: 2664
2501:
2502:
2503:
2504:
2505:
2506:
2507:
2508:
2509: 2615
2510:
2511:
2512:
2513:
2514:
2515:
2516:
2517:
2518:
2519:
2520:
2521:
2522: 2688
2523:
2524: 2551
2525:
2526:
2527:
2528:
2529:
2530:
2531:
2532: 2598
2533:
2534:
2535:
2536:
2537:
2538:
2539:
2540:
2541:
2542:
2543:
2544:
2545:
2546:
2547:
2548:
2549:
2550: 2721
2551:
2552:
2553:
2554: 2504
2555:
2556:
2557:
2558:
2559:
2560: 2686
2561:
2562:
2563: 2727
2564:
2565:
2566:
2567: 2624
2568:
2569:
2570:
2571:
2572:
2573:
2574:
2575:
2576:
2577:
2578:
2579:
2580:
2581:
2582:
2583:
2584:
2585:
2586:
2587:
2588: 2719
2589:
2590:
2591:
2592:
2593:
2594:
2595:
2596:
2597:
2598:
2599:
2600:
2601:
2602:
2603:
2604:
2605:
2606:
2607:
2608:
2609:
2610:
2611:
2612:
2613:
2614:
2615:
2616:
2617:
2618:
2619:
2620: 2630
2621:
2622:
2623:
2624: 2738
2625:
2626:
2627:
2628:
2629:
2630:
2631:
2632:
2633:
2634:
2635:
2636:
2637:
2638:
2639:
2640:
2641:
2642:
2643:
2644:
2645:
2646:
2647:
2648:
2649:
2650:
2651:
2652:
2653:
2654:
2655:
2656:
2657: 2618
2658:
2659:
2660:
2661:
2662:
2663:
2664:
2665:
2666:
2667:
2668:
2669:
2670:
2671:
2672:
2673:
2674:
2675:
2676:
2677:
2678:
2679:
2680:
2681:
2682:
2683:
2684:
2685:
2686:
2687:
2688:
2689:
2690:
2691:
2692:
2693:
2694:
2695:
2696:
2697:
2698:
2699:
2700:
2701:
2702:
2703:
2704:
2705:
2706:
2707:
2708:
2709:
2710: 2666
2711:
2712:
2713:
2714:
2715:
2716:
2717:
2718:
2719:
2720:
2721:
2722:
2723:
2724:
2725:
2726:
2727:
2728:
2729:
2730:
2731:
2732:
2733:
2734:
2735:
2736:
2737:
2738:
2739:
2740:
2741:
2742:
2743:
2744:
2745:
2746:
2747:
2748:
2749:
2750:
2751:
2752:
2753:
2754:
2755:
2756:
2757:
2758:
2759:
2760:
2761:
2762: 2726
2763:
2764:
2765:
2766:
2767:
2768:
2769:
2770:
2771:
2772:
2773: 2709
2774:
2775:
2776:
2777:
2778:
2779:
2780:
2781:
2782:
2783:
2784:
2785:
2786:
2787:
2788: 2725
2789:
2790:
2791:
2792:
2793:
2794:
2795:
2796:
2797:
2798:
2799:
2800:
2801:
2802:
2803:
2804:
2805:
2806:
2807:
2808:
2809:
2810:
2811:
2812:
2813:
2814:
2815:
2816:
2817:
2818:
2819:
2820:
2821:
2822:
2823:
2824:
2825:
