1: 46 1
2: 105 61 13 9 8
3: 758 350 282 126 121 66 38 4 3 2
4: 400 166 128 44
5: 758 510 486 464 400 282 166 126 108 105 61 59 45 42 41 38 37 22 13 11
6: 626 569
7: 547 538 420 390 218 192 118 106 93 92 81 57 49 48
8: 536 361 350 275 171 125 121 66 12
9: 119 87 32 16 10 7 6
10: 540 311 304 107 26 5
11: 613 449 184 36
12: 108 45 42 41 11
13: 809 205 50 14
14: 29 24 23
15: 810 212 122 52 35
16: 277 258 79 40
17: 360
18: 500 215 207 109 15
19: 371 141 139 76 18 17
20: 600
21: 275 171 125 55
22: 222 27 25 21
23: 753 371 274 102 28
24: 420 106 93 81 48 43 34
25: 654 496
26: 828 407 387 211 203 39 30 19
27: 368 322 170 137 111 47
28: 680 160
29: 817 492 196
30: 763 741 545 491 329 20
31: 851 279 103
32: 815 530 221 197 136
33: 295 31
34: 530 197
35: 821 802 378 342 75 51
36: 748 222 80 54 33
37: 846 723 614 542 381 366 315 246 230 206 181 117 104
38: 735 632 624 571 264
39: 473 315 96 91
40: 708 686 600 531 524 234 208
41: 508 471 309 183
42: 315 96
43: 748 514 357 301 293 292 247 228 195 80 53
44: 209 138 98
45: 351 129
46: 794 362 270 187
47: 604 315
48: 494 419 418 380
49: 230 64
50: 216 77
51: 680 160
52: 761 640 62 56
53: 193 65
54: 390 92 57
55: 297 67
56: 767 610 421 418 70
57: 709 223 204 60 58
58: 726 446 219
59: 713 710 653 162 157 132 113 110 63
60:
61: 69
62: 792 473 210 164 100
63: 695 488 271 189 146 73
64:
65: 703 268
66: 773 72
67: 688 238 95
68: 792
69: 799 480 295 155
70: 828 211 203 115
71: 114 89
72: 649 254 71
73: 423
74: 464 413 398
75: 793 781 88
76: 451 377 345 329 161 127 86 68
77: 419 380 294 269
78:
79: 191 78 74
80: 293 292 228
81: 566
82: 130
83: 604 85
84: 159
85: 261
86: 192 175
87: 681 356 319
88:
89: 114 89
90: 427 355 343 190 140 124
91: 312
92: 759 590 337 84
93: 773 320 198
94: 828 211 203 83
95: 296 173 156 135
96: 534 163 99 97
97: 145 144
98: 94
99: 667 573 524 484 402 346 239 82
100: 820
101: 723 614 381 246 206 90
102: 771 508 471 309 214 145 144
103: 131
104: 639 506 478 376 120
105: 338
106: 748 277 258 242 158
107: 300 180 168
108: 151 101
109: 396 276 241 133
110: 261 247 188 154
111:
112: 626 618 569 311 245 199 149 142
113: 664 447 435 353 305
114: 324
115: 612 560 116
116: 678 493 464 413 399 284 112
117: 367
118: 325
119: 737 715 582 419 380 354 294 269
120: 722 231 225
121: 787 675
122: 143
123: 834 543 261 134 123
124: 622
125: 525
126:
127: 588
128: 438 153
129: 720 467 174
130:
131: 650
132: 286 233
133: 747 495
134: 581 302
135: 426 404 369 253 250 147
136: 788
137:
138: 184
139:
140: 720
141: 217
142: 349
143: 791 599 520 383 235
144: 632 624 204 152
145: 740 148
146: 639 506 376
147: 172
148: 289 262 185
149: 739
150: 513 249 169
151: 762 630
152: 785 513 375 249 224 178
153:
154: 234
155: 524 208
156: 603 371
157: 489 186
158: 313
159: 449
160: 750 544 397 194
161: 654 496 150
162: 710 653 266
163: 593 366
164: 798 771 763 741 545 491 425 411 370
165: 447 435
166: 543
167: 273 232
168: 512 255
169: 640
170: 517 391
171: 798 425 370 330 313 226
172: 674 176
173: 842 165
174: 842 341
175: 464 413 284
176: 744 167
177: 784 765 729 455 259
178: 769 389 240 182
179: 827 682 418
180: 723 614 432
181: 482 314
182:
183: 842 746 260
184: 667 402
185:
186:
187: 359 256
188: 478 267
189: 851 279
190: 737 715 582 179
191: 527 180
192: 565 426 404 369 250
193:
194:
195: 459 200
196: 635 441 263
197: 229
198:
199: 612 560 177
200:
201: 842 280
202: 708 686 531 310 248
203: 202
204: 655 574 533 340 291 285
205: 519 220
206: 436
207: 303
208: 237
209: 407 387
210: 839 430 424
211: 517 391 288 244
212: 388
213: 598 227 201
214:
215:
216: 358
217: 756
218:
219: 581 302
220:
221: 336
222: 347 307
223: 386 290
224: 398
225: 257 213
226: 252
227: 710 653
228: 853 422 236
229: 428
230: 524 405 328 308
231:
232: 392
233:
234:
235: 331
236:
237: 655 574
238: 317
239: 463
240: 632 624
241: 448
242: 609 412
243:
244: 487 265
245:
246:
247:
248:
249:
250:
251: 502
252: 777 518 333
253: 623 243
254: 632 624
255: 642 278
256: 421
257: 755 251
258:
259:
260: 791 334
261:
262:
263: 840 326
264:
265: 679 437
266: 501 335 272
267: 836
268: 457 433 374
269: 770 665 529
270:
271: 483
272: 721 537
273: 416 348
274: 344
275: 401
276: 779 444
277:
278: 299
279:
280: 745 298
281:
282:
283:
284: 439
285:
286:
287: 668 382
288: 515 485 318 316
289: 596
290: 763 741 545 491
291: 650
292: 377 345 283
293: 589 516 470 287
294:
295:
296: 834
297:
298: 281
299: 332 321
300:
301: 465
302: 664
303: 570 363
304: 442
305: 400
306:
307: 460
308: 772 477
309: 501 477 335
310: 526
311: 771 411 306
312:
313: 323
314: 575
315:
316: 490 339
317:
318: 617
319: 850 690 551 507 459
320: 456 414
321:
322:
323: 365
324: 731 466
325: 409
326:
327: 384
328: 410 327
329:
330: 620 454
331: 364
332:
333: 559
334:
335:
336:
337:
338: 536 361
339: 519 499
340:
341: 817 494
342:
343:
344: 385
345:
346: 797
347: 709 542 394
348: 767 610
349: 352
350: 623
351:
352:
353: 810
354: 818 429
355:
356: 403 372
357:
358: 840 684
359: 408
360: 481
361: 629
362: 846
363: 472
364:
365: 705 415
366: 498
367: 796 379
368:
369: 732 730
370: 522
371:
372: 692
373: 443
374: 619
375:
376: 669 552
377: 768 462 406
378:
379: 606 393
380: 816 591
381: 638
382:
383: 503
384:
385: 840
386: 587
387:
388:
389: 837
390:
391: 469
392: 801 743 705 532 373
393:
394:
395: 479
396:
397:
398:
399: 558
400:
401: 453
402:
403: 564
404:
405: 458
406: 395
407:
408: 476
409: 565 426 404
410: 568
411:
412:
413:
414: 597
415:
416: 704 445
417: 838
418: 712 647
419:
420: 742
421:
422:
423:
424:
425: 685 535 467
426: 775 751
427:
428:
429:
430:
431: 726 716 446
432:
433: 693 663
434: 711
435:
436: 452
437:
438: 615
439: 655
440: 701 562 431
441: 505
442:
443:
444:
445:
446:
447: 625
448: 804 676
449: 557
450: 631 549
451: 692 434
452: 749 699 573 511 484
453:
454:
455: 714
456: 563 468 450
457: 417
458:
459:
460: 585
461: 616
462:
463:
464:
465:
466:
467:
468:
469: 817 772
470:
471: 590
472: 776 440
473: 594
474: 497
475:
476: 833 639 509
477: 796 568
478:
479: 605
480:
481: 849
482: 812
483: 554
484: 550
485: 474
486:
487: 636
488:
489: 553 541
490: 602
491:
492: 576
493: 578
494: 572
495:
496: 670
497: 461
498: 725
499:
500:
501: 736 717
502:
503: 683
504:
505:
506:
507:
508:
509: 774 696
510:
511: 523
512: 504
513:
514: 829 539
515:
516: 805
517:
518:
519:
520: 475
521: 856
522: 727 698 628 592
523:
524:
525: 577 555
526: 666 660
527:
528:
529: 808
530: 523
531:
532: 641
533:
534:
535:
536:
537:
538: 608
539:
540: 757
541:
542:
543:
544:
545: 734
546:
547: 718
548:
549:
550: 546
551:
552: 674
553:
554:
555: 672 607
556: 611
557:
558:
559:
560: 521
561:
562:
563:
564:
565: 556
566:
567:
568: 580 548 528
569: 700 601
570: 634
571:
572:
573:
574: 707 694 584
575:
576: 706
577:
578: 648 643
579: 583
580:
581:
582: 662
583:
584:
585:
586: 845
587:
588: 704
589: 824
590:
591:
592: 728
593: 795 561
594:
595:
596: 567
597: 811
598:
599: 733
600: 659 586
601: 645 627
602:
603:
604:
605: 579
606: 691
607:
608:
609:
610:
611: 828
612: 675
613: 848
614:
615: 621
616:
617:
618:
619: 813 595
620:
621: 644
622:
623:
624: 673
625:
626:
627:
628:
629:
630: 841 671
631:
632:
633:
634: 677
635: 764
636:
637:
638:
639:
640:
641: 687
642: 754
643: 830 719
644:
645:
646:
647:
648:
649: 671
650:
651: 656
652:
653: 835
654: 800 657
655: 844
656:
657:
658:
659:
660:
661:
662: 708
663:
664:
665:
666:
667: 782
668:
669: 786
670: 651 633
671:
672:
673:
674:
675: 637
676:
677:
678:
679:
680:
681: 738
682:
683: 661
684: 658
685: 857 646
686:
687:
688:
689:
690: 769 652
691:
692:
693:
694: 803
695: 689
696:
697:
698: 789 752 724
699:
700:
701:
702:
703:
704:
705:
706: 697
707: 828
708:
709:
710:
711:
712:
713: 807
714:
715:
716:
717:
718:
719:
720:
721:
722:
723:
724: 702
725:
726:
727:
728:
729:
730:
731:
732:
733:
734: 782
735:
736:
737:
738:
739:
740:
741:
742:
743:
744:
745:
746:
747:
748:
749:
750:
751:
752:
753:
754:
755:
756: 855 819 806
757:
758:
759:
760:
761:
762:
763:
764: 783
765:
766:
767:
768:
769:
770: 854
771:
772: 760
773:
774:
775:
776: 823
777:
778: 814
779:
780:
781:
782:
783:
784:
785:
786:
787: 780
788:
789:
790:
791:
792:
793:
794:
795:
796:
797: 825
798: 787 766
799:
800:
801: 831
802:
803:
804:
805:
806:
807:
808:
809:
810:
811:
812:
813:
814: 790 778
815:
816:
817:
818:
819:
820:
821: 843
822:
823:
824:
825:
826:
827:
828:
829:
830:
831:
832:
833:
834:
835:
836:
837:
838:
839:
840:
841: 822
842:
843:
844:
845:
846:
847:
848:
849:
850:
851: 852
852:
853:
854:
855:
856:
857:
858:
859:
860:
861:
862:
863:
864:
865:
866: 832
867:
868:
869:
870:
871:
872:
873:
874:
875:
876:
877:
878:
879: 826
880:
881:
882:
883:
884:
885:
886:
887:
888:
889:
890:
891:
892:
893:
894:
895:
896:
897:
898:
899:
900:
901:
902: 847
903:
904:
905:
906:
907:
908:
909:
910:
911:
912:
913:
914:
