1: 577 483 404 249 36 24 6 2 1
2: 581 238 136 21
3: 1457 1224 602 162 32 26 25 7 5 4 3
4: 699 195 146 81 38
5: 732 413 190 132 44 37
6: 574 164 76 46
7: 545 105 66 47 16 15 14 11
8: 1250 870 707 628 452 340 242 48 33 9 8
9: 1487 151 140 137 99
10: 1324 1012 498 298 291 281 223 85 13 12 10
11: 667 254 182 130 17
12: 1587 1464 1293 1090 518 496 487 371 360 329 290 145 67 20 18
13: 1419 1293 371 329 50 49
14: 1564 1281 373 257 193 118 22
15: 1017 261 100 60 30 28 27 23 19
16: 1330 1295 1090 1055 878 678 650 496 474 360 290 39
17: 1383 1212 840 43
18: 481 135 108 87
19: 1140 1123 1108 655 543 516 505 327 317 311 218 216 201 159 154 153 148 126 123 122 102 89 88 77 54 31
20: 1539 1049 876 120
21: 704 524 59 51 34
22: 1571 1517 1330 1322 1236 1174 1136 1055 1028 562 423 270
23: 1299 896 347 155 98 92 41
24: 1633 1457 1419 1224 1123 1108 784 684 655 602 543 505 379 323 308 277 276 191 174 154 153 123 121 102 45 40
25: 1110 888 134 91
26: 1415 912 659 316 268 165 117 35
27: 1419 1418 1389 1245 1227 1032 684 621 536 399 277 276 213 191 174 133 55 29
28: 784 121
29: 365 203 116 114
30: 765 513 393 263 70
31: 1565 642 522 271 127 86 56 53
32: 1185 315 75 63
33: 1506 1203 613 438 65 61
34: 1543 1152 680 590 570 375 103 42
35: 1419 1414 684 518 516 351 277 276 191 174 104
36: 1093 895 742 685 336 224 178
37: 1607 451 275 235 62
38: 486 356 333 73
39: 159 148 77 54
40: 1618 1537 440 323 308
41: 1027 501 208 69 58 52
42: 706 196 128
43: 1419 890 684 526 277 276 191 174 72
44: 1018 920 367 179
45: 1286 406 312 252 74 57
46: 327 317 218 216 126 89 68
47: 272 78
48: 399 213 141 101
49: 839 671 363 348
50: 124 112 107 106
51: 1564 1281 257 193 152 80 71
52: 530 429 370 64
53: 1519 372
54: 538 334
55: 516 119 90 84
56: 856 302 113
57: 811 306 200
58: 1274 607 439 402 95
59: 1019 589 441 314 79
60: 184 82
61: 956 620 558 83
62: 170
63: 228 219 194 138 125
64: 1537 440 188 187 150
65: 1537 1210 756 440 361 319 115
66: 1553 1422 109
67: 1204 806 93
68: 802 507 369 211
69: 736 720 554 279 247 94
70:
71: 1436 1377 1351 1119 1002 847 647
72: 1616 1465 833 149
73: 1565 1449 1427 1352 776 717 642 269 212
74: 291 281 223 97
75: 1602 955 355 111
76: 1595 1475 1242 814 791 673 322 170 166
77: 1235 255 139 96
78: 1414 611 351
79: 1129 1089 346
80: 340 242
81: 326 227
82: 676
83: 1583 730
84: 888 583 395 110
85: 938 362
86: 1519 1488 1290 935 603 372 304 296
87: 587 278 232 142
88: 265 258
89: 206 156
90: 977 871 632
91: 1138 748 652 468 256 143
92: 1249 608 572 167
93: 185 181 176 173 171
94: 1064 977 871 632 595 131
95: 1457 1224 1020 739 175 129
96:
97: 1633 1388 1304 1249 981 608 572 379 199 158
98: 161
99: 504 231
100: 1162 935 865 859 640 603 304
101: 1292 1051 915 683 357 255 233 228 219 197 194
102: 1088 403 377 320 287 259
103: 1490 1075 680 590 570 461 236 177
104: 1290 296 183
105: 1070 947 865 450 274 262
106: 1296 886
107: 1192 1005 682 499 493 463 390
108: 1279 382
109: 144
110: 202
111: 1065 1014 508 221
112: 410 222 198
113: 1354 985 339 207
114: 771
115: 1566 1183 1168 1153 735 331 204 157
116: 1208 1159 1029 251
117: 1618 240 147
118: 1209 1009 637
119: 1622 1562 789 415 407 266 168
120: 822
121: 926 921 588
122: 1577 1568 547 405 186 172
123: 1272 1198 321 264 248 234 215 160
124: 630
125: 1181 303
126: 591 163
127: 1388 981 557 556 319
128:
129: 609 460 230 209
130: 1614 1471 1452 973 877 592
131: 881
132: 933 771
133: 1046 848 836 606 335
134: 1344
135: 1382 353 324 217
136: 961 931 542 486 344 244
137: 1557 1497 971 169
138: 829 267
139: 1584 826 396 294
140: 1146 842 566 445 245
141: 1297 648 286
142: 522 488 271
143: 970
144: 471 387
145: 1553 1422 1104 781
146: 1012 298
147: 961 946 931 366
148: 1286 180
149: 966 383 250
150: 735 416
151: 1561 1371 328 192
152: 807
153: 1271 210
154: 1633 368
155:
156: 893 299 253 239 189
157: 643 409
158: 870 707 309
159: 637
160: 1633 1425 921 406
161: 1377 1119 1002 847 284 229
162: 1104 300
163: 1614 1452 973 877 846 358 205
164: 1315 770 550 289
165: 1595 1475 1288 1223 887 577 398
166: 1458 932 528 491 282
167: 1081 1076 829 477
168: 1614
169: 611
170: 1461 1210 756 361
171: 737
172: 1232 1095
173:
174: 887 225
175: 564 503 397
176: 1501 780 658
177: 1450 1239 1105 827
178:
179: 1567 1221 779 443 297
180: 237
181: 1624 1258 433
182:
183: 750 354 330 292
184: 1120 622 283 220
185: 1152 1146 546 517 343 280
186: 1331 1274 1061 489
187: 1107 618 599 288 214
188: 887
189: 1273 816 350 342
190: 1209 1009 418
191: 1602 955
192:
193: 963 430 426 243 226
194: 1047 734 431
195: 527 473 466 412 380
196: 991 478 396
197: 740
198: 736
199: 470
200: 1015 766 246
201: 890 526
202:
203: 782
204: 1223
205: 1257 821 448
206:
207: 821 388 359
208: 888
209: 520
210:
211: 970 738 579 341
212: 1431 1152 375 285
213: 295
214: 1288
215:
216: 1601
217: 912 764 719 479
218: 1005 493 463 260
219: 1319 700 625
220: 1614 1452 973 877 592
221: 1121 699 692 534 420 325
222: 559 378
223:
224: 1575 455
225: 1032 307
226: 1036 575 436 349 345
227:
228: 1024 880 745 612
229:
230: 1177 838 241
231: 1443 1423 384
232: 915
233:
234: 820 751 721
235: 1385 386
236: 1161 541
237: 1470 960
238: 941 531 428
239:
240: 512 425
241: 987 974 905 754
242: 1022 965
243: 273
244: 1117 485
245: 1628 1129 1089 408
246: 1175 844 725 511
247: 644
248: 1280 1225 986
249: 1524 701 552 376
250: 1615 605
251:
252: 352 338 293
253: 1350 318 305
254: 926
255: 1287 769
256:
257: 945 902 519 391
258:
259: 1459 851 661
260: 1404 869 832
261: 389
262: 1307 1100 641 301
263: 1415 1137 634 549
264: 1001 925 411
265: 1344 1187 1007 434
266: 1010 901
267: 1435 830 619
268: 1051 683
269: 381
270:
271: 759
272: 1339 998 762
273: 1609 1396 1150 337
274: 1154 841 567
275: 708 313
276: 1103 755 535
277: 1236 1028 423 310
278: 1620 1342 1308 1147 854 444 332
279: 874
280:
281: 1605 523
282: 1035 900 385
283: 1300 1231 765 513 393
284: 1595 1475 1107 703 657 611 584 480 476 469 462
285: 364
286: 1304 805 414
287: 1239 1105 827
288:
289: 1179
290: 1342 1308 515 497
291: 1568 405
292: 1466 939 934 831
293: 799 627
294: 1024 745
295:
296: 649
297: 1302 1299 1246 1045 896 667
298: 1065 1014 909
299: 1488 687
300:
301: 1295 878 678 650 474
302: 1177 1041 838
303: 1077 672 435
304: 1517 1412 1322 1257 1174 1019 993 733 589 441
305: 1330 1302 1246 1055 1045
306: 845
307: 1576 1564 1383 1281 936 840
308: 1417 1094 472 454
309:
310: 645 490
311: 1284 1125 494
312: 500
313: 1544 1181 670 442
314: 1333 374
315: 1073 856 537
316:
317: 1312 937 798 792
318: 1032 621 536 422
319: 1373 1035 900 629 453
320: 1088 1042 403
321: 1284 1125 494
322: 997
323:
324: 1052 885
325: 1331 1061
326: 976
327: 1557 1337 971 446
328: 1271 1241 1176 506
329: 419
330: 1130 732 413
331:
332: 964
333: 551
334: 1418 1167 813 788
335: 1151 475
336: 1194 794
337: 1622 548
338: 1362 394
339:
340: 392
341: 424
342:
343:
344: 495
345: 1310 1222 879
346: 1179 677
347: 1388 981 557 556
348: 962 482
349: 860 617
350: 1377 1119 1002 847 492
351:
352: 1069
353: 812 714 458
354: 555
355:
356: 1184 635 604
357: 1251
358: 1546 1134 894 539
359: 674 529
360: 586 510
361:
362: 814 791 673
363: 1111 709 653
364: 1233
365: 1252 698
366: 1230 464 400
367:
368:
369: 465 447
370: 1316 864
371: 1215 598
372: 1333
373: 401
374: 484
375: 1351
376: 1435 456
377: 467
378: 998
379: 1587
380:
381:
382:
383:
384:
385: 1518
386:
387: 1214
388: 1300 1124 437
389: 1522
390: 560 427 417
391: 978 432
392: 766 615
393: 868 665
394: 1543
395: 1270 923 449
396: 1103 755 469
397: 1361 1031 943
398: 664
399: 910
400: 803
401: 1509 722 669 553
402: 502
403: 1251 802
404: 421
405: 1394 916 533
406: 1378 690
407: 1054
408:
409: 950
410: 1550 1226
411:
412: 760 638
413: 1425 926 741
414: 764 719 600
415: 924 702 580
416:
417: 1453
418: 1638 633
419: 532
420: 1067
421: 1178 593 544
422:
423: 459
424: 1169 1107 1078
425: 457
426: 1576 936 737
427: 1321 957 810
428:
429: 914
430: 514
431: 837
432: 1271 873
433: 908
434: 1445 1416 1173
435: 1250 990 628 452
436:
437: 1353 1330 1055
438: 1256 857
439: 1083 908
440: 1461
441: 1276 1148 1053 729
442: 1562 1434
443: 1539 1537 1478 1049 876 783 614
444: 792
445: 1275 975
446:
447: 1355 919 758
448:
449: 1581 953 949 691
450: 601
451: 970 952 828 626
452: 1503
453: 944 596 525
454: 1412 733
455: 1043 576
456:
457: 1330
458: 1430 1352 773 656 646
459:
460: 798
461: 1574
462: 1601 959
463: 616 540
464: 1126
465:
466: 1485 1406 1378 1257 1213
467:
468: 1276 1200 1148 1121 1074 1057 1053 729 692
469: 1169 1139
470: 585 571
471: 980 757
472: 1389 1227
473:
474: 897 718
475:
476: 578 565
477: 1449 1427 1290
478:
479: 1571 1136
480: 1346 767 573
481: 1474 1323 686
482: 654
483:
484: 1536 1412 1043
485:
486: 892 728
487: 1441
488:
489:
490: 1004
491:
492: 1503 509
493: 1483 1478 582
494: 1437 1365 1364 1240
495: 930 898 594
496: 1047 734
497: 1437 1365 1364 1245 1240
498: 720 554
499: 1202
500: 899
501:
502: 1166 1099
503: 763
504: 772
505: 1113
506: 749
507: 1581 679
508: 1523
509: 1037
510: 1496 1097 662
511: 1489 862
512: 689
513: 819
514: 1434
515: 1025 713
516: 836 606
517: 1565 861 521
518: 610
519:
520:
521: 807
522: 1338 863 569 568
523:
524: 1278 1040
525: 1348
526: 1554 1026 929
527: 1118 1102 858 694
528: 1459
529: 778
530: 918
531: 1551
532:
533: 660
534: 597
535: 1522
536: 724
537: 567
538: 1610 1296 1229 886 688
539: 1257 752
540: 783
541: 1394 1011 992 916
542: 1599 1206
543:
544: 1048 711
545: 1553 1422 1264 1115
546:
547: 911
548:
549: 1360 1358 1332
550: 983
551:
552: 1608 1415
553: 800 631
554: 855 727
555: 1201 796
556: 1062
557: 1630
558: 1409 995 882
559: 917 790 697
560:
561: 1135
562: 1286 1204
563: 1631 1428
564:
565: 1248 563
566:
567: 1606 1006
568: 939 831
569: 561
570: 1021 764
571:
572: 1080 1012
573: 1388 981
574: 1437 1365 1364 1240 716
575: 825 785
576: 804
577:
578: 1579 1143
579: 1121 743
580: 1312
581:
582: 1064 705
583: 1591 1262
584:
585:
586: 1082
587: 1011 992
588:
589:
590: 843
591: 774 768
592:
593: 1034
594: 1141
595:
596: 677
597: 1550 1226 972
598:
599: 1528
600: 994
601: 675 651
602: 668
603: 1187 1086
604: 1409 1111 1091 995 849 709 653
605: 946
606: 1430 1336 773
607: 1487 1400
608: 1359
609: 1384
610: 696
611:
612: 861
613: 969
614: 1098
615: 693
616:
617: 1113
618: 1610 1229 688
619:
620: 875 712 666
621:
622: 663
623: 1613 815 695
624: 1076 834 624
625: 1200 1074 1057
626: 1343
627:
628: 623
629:
630:
631:
632:
633:
634:
635: 1428
636:
637:
638: 1114 1083 818
639:
640:
641: 1156 824
642: 889 793
643: 636
644:
645: 681
646: 1087 954 903
647: 1085
648:
649: 639
650: 928
651: 1484 723
652: 1448
653:
654: 1193
655: 872
656: 1070 947
657: 1241
658: 795
659: 1494 1426
660: 1127
661:
662: 1597
663: 1498
664:
665:
666:
667: 1581 949
668: 1004
669: 1182
670: 1592 1349
671: 1485 1406 1213 883
672: 1311
673: 1520
674:
675:
676: 1495
677:
678: 1060 731
679: 761
680: 715
681:
682:
683: 1531 1476
684: 1581 949
685:
686: 1327 1196 884 809
687: 1638
688:
689:
690:
691:
692: 1483
693: 1405
694:
695:
696: 1142
697: 777
698: 1469 1413 710
699:
700:
701: 1305 1277
702: 744
703: 956
704: 1491 1458
705:
706: 1180
707: 753
708: 746
709: 726
710:
711: 1116
712:
713: 1101
714: 1199 942
715: 1232
716: 1501
717: 907
718: 1605 1050
719:
720: 1471
721:
722:
723: 1326 747
724:
725:
726:
727:
728: 1421 1402 1386 1329 1144
729:
730: 1636
731: 1439 1013
732: 852 786
733: 801
734: 1122
735: 1178
736: 787
737: 1280 1225
738:
739: 1197 927
740: 1218 775
741: 1542
742: 823
743:
744: 913
745: 1375
746:
747: 1337
748: 1127
749:
750: 1520
751:
752: 835
753: 817
754: 1235 1016 1000 979
755:
756:
757:
758: 940 797
759: 1541
760: 1071
761:
762: 1183 1168 1153
763:
764: 1038
765: 906
766: 904
767: 1320 1313 967
768: 1347
769: 984
770:
771:
772:
773: 1268
774: 808
775:
776:
777: 1563
778: 1597 1401 1131
779: 968 853
780:
781: 1238
782: 1570
783: 987 974
784:
785:
786:
787: 1084
788:
789: 1170
790:
791:
792: 1478
793:
794:
795: 951
796:
797: 1555
798:
799:
800:
801:
802: 1392 1253
803:
804:
805:
806: 1451 1369 1228 1068
807:
808: 1072 891 867
809:
810:
811:
812:
813:
814:
815: 1432
816: 1210
817: 850
818:
819: 1033
820: 1551 1356
821: 1370
822: 982
823: 1581 1317 1165 1003
824: 1163 989
825:
826: 1522
827:
828: 1563
829: 1532
830:
831: 1155
832:
833:
834:
835:
836:
837: 1043
838:
839:
840: 996
841:
842:
843: 866
844:
845:
846: 1220 1039
847: 1255
848: 948
849:
850:
851: 1456
852:
853: 1078
854:
855:
856:
857:
858:
859: 1030
860: 1637 1578 1263
861: 988
862:
863:
864:
865:
866: 1538 1458 1244
867: 1393 1008
868:
869: 1473 1066
870:
871:
872:
873:
874: 1441
875: 1625
876:
877: 1381 958
878:
879: 1399
880: 1310 1222
881: 1617
882:
883: 922
884:
885: 1314
886:
887: 1600
888: 1511 1391
889:
890:
891:
892: 1586
893: 1558
894:
895:
896: 1512
897: 1079
898:
899:
900:
901:
902:
903: 1514
904:
905:
906:
907:
908: 1598 1499 1247
909: 1474 1323
910: 1486
911:
912: 1410 1058
913: 1465
914:
915: 1442
916:
917:
918: 1023
919:
920:
921:
922: 1106
923:
924:
925: 1631 1374 1205
926: 1526 1479
927:
928:
929:
930: 1098
931:
932:
933: 1460 999
934:
935:
936:
937: 1267
938: 1372
939: 1467
940:
941:
942: 1217 1157
943:
944:
945:
946:
947:
948: 1134
949:
950: 1164
951:
952:
953:
954:
955:
956: 1549 1513
957:
958: 1207
959: 1044
960: 1611
961:
962:
963: 1112
964:
965: 1356
966:
967: 1063
968:
969: 1429
970:
971: 1376
972:
973: 1149 1056
974:
975: 1580 1493
976:
977: 1331
978: 1447 1363
979:
980:
981: 1303
982: 1556
983:
984:
985: 1289
986: 1438
987:
988: 1211
989:
990:
991:
992: 1582
993: 1266
994:
995: 1161
996:
997:
998:
999: 1309
1000:
1001:
1002: 1059
1003:
1004:
1005:
1006: 1387
1007: 1433
1008:
1009:
1010:
1011: 1596
1012:
1013:
1014: 1283
1015:
1016: 1298
1017: 1171
1018:
1019: 1612 1133 1128
1020: 1092
1021: 1075
1022:
1023: 1450
1024:
1025: 1268
1026:
1027: 1589 1480
1028:
1029:
1030:
1031:
1032:
1033:
1034:
1035: 1424 1411
1036:
1037: 1560 1328
1038: 1530
1039:
1040: 1525
1041: 1345 1269
1042:
1043:
1044: 1189
1045:
1046: 1283
1047:
1048:
1049:
1050: 1096
1051:
1052:
1053: 1569 1508
1054:
1055: 1630
1056: 1216
1057: 1537
1058: 1559
1059: 1160
1060:
1061: 1195
1062: 1219 1172 1132
1063:
1064:
1065:
1066: 1516
1067:
1068:
1069:
1070:
1071: 1505
1072: 1109
1073:
1074:
1075:
1076:
1077: 1145
1078:
1079:
1080:
1081: 1403
1082: 1379 1301
1083:
1084: 1593 1482
1085:
1086:
1087: 1390 1188
1088:
1089:
1090:
1091:
1092: 1158
1093: 1529 1191
1094: 1578 1263
1095:
1096:
1097:
1098: 1629
1099: 1460
1100:
1101:
1102: 1260
1103:
1104:
1105:
1106:
1107:
1108:
1109:
1110: 1291
1111:
1112:
1113:
1114:
1115:
1116:
1117:
1118:
1119:
1120: 1285 1234
1121:
1122:
1123: 1186
1124:
1125:
1126:
1127:
1128:
1129:
1130:
1131:
1132: 1520
1133: 1566
1134:
1135: 1527
1136: 1190
1137:
1138:
1139: 1254
1140:
1141: 1368
1142: 1237
1143: 1502 1334
1144:
1145:
1146: 1463
1147:
1148:
1149: 1495
1150:
1151:
1152:
1153: 1577
1154: 1552 1380
1155:
1156:
1157:
1158:
1159: 1259
1160: 1547
1161:
1162:
1163:
1164: 1367
1165:
1166:
1167:
1168: 1628
1169:
1170: 1587 1464 1375
1171:
1172: 1468 1306
1173:
1174: 1325
1175: 1261
1176:
1177:
1178:
1179:
1180:
1181:
1182: 1500
1183:
1184: 1492 1335
1185:
1186:
1187:
1188: 1521
1189: 1599 1470
1190:
1191: 1243
1192:
1193:
1194: 1265
1195: 1340
1196:
1197:
1198:
1199:
1200:
1201: 1431 1282
1202:
1203: 1294
1204: 1408
1205:
1206:
1207:
1208:
1209:
1210:
1211: 1573
1212: 1421 1402 1329
1213:
1214: 1594
1215:
1216: 1574
1217:
1218:
1219: 1318
1220:
1221:
1222:
1223:
1224:
1225:
1226:
1227:
1228:
1229:
1230:
1231:
1232:
1233:
1234:
1235:
1236:
1237:
1238:
1239:
1240:
1241:
1242:
1243: 1590
1244: 1587
1245:
1246:
1247:
1248:
1249:
1250:
1251:
1252: 1462
1253:
1254:
1255:
1256: 1604
1257:
1258:
1259:
1260: 1357
1261:
1262: 1603 1366
1263:
1264:
1265:
1266: 1420
1267:
1268:
1269:
1270:
1271:
1272:
1273:
1274:
1275:
1276:
1277: 1572
1278: 1341
1279:
1280:
1281:
1282: 1397
1283:
1284:
1285:
1286: 1477
1287:
1288:
1289:
1290:
1291: 1619
1292: 1534 1472
1293:
1294: 1504
1295:
1296:
1297: 1395
1298:
1299:
1300:
1301:
1302:
1303:
1304:
1305:
1306:
1307:
1308:
1309:
1310:
1311:
1312:
1313:
1314: 1628
1315: 1613
1316:
1317:
1318:
1319:
1320:
1321:
1322:
1323:
1324: 1623
1325:
1326:
1327:
1328:
1329:
1330:
1331:
1332: 1588
1333:
1334:
1335:
1336: 1444
1337: 1446 1440
1338:
1339:
1340:
1341: 1585
1342:
1343:
1344:
1345: 1454
1346:
1347:
1348:
1349:
1350:
1351: 1398
1352:
1353: 1632
1354:
1355:
1356: 1540 1407
1357:
1358:
1359:
1360:
1361:
1362:
1363:
1364:
1365:
1366:
1367:
1368:
1369:
1370:
1371:
1372:
1373: 1455
1374: 1561
1375:
1376:
1377:
1378:
1379:
1380:
1381:
1382: 1535
1383:
1384:
1385: 1635 1634
1386:
1387:
1388:
1389: 1545
1390:
1391:
1392: 1533
1393:
1394:
1395:
1396:
1397:
1398:
1399:
1400:
1401:
1402:
1403:
1404:
1405:
1406:
1407:
1408: 1510
1409:
1410:
1411:
1412:
1413:
1414:
1415:
1416:
1417:
1418:
1419:
1420:
1421:
1422:
1423:
1424:
1425:
1426:
1427:
1428: 1481
1429: 1621
1430:
1431:
1432:
1433:
1434: 1507
1435:
1436:
1437:
1438:
1439:
1440:
1441: 1515
1442:
1443:
1444:
1445:
1446:
1447:
1448:
1449:
1450:
1451:
1452:
1453:
1454:
1455:
1456:
1457:
1458:
1459:
1460:
1461:
1462:
1463:
1464:
1465:
1466:
1467:
1468:
1469:
1470:
1471:
1472:
1473:
1474:
1475:
1476:
1477:
1478:
1479:
1480:
1481:
1482:
1483:
1484: 1626 1548
1485:
1486:
1487: 1627
1488:
1489:
1490:
1491:
1492:
1493:
1494:
1495:
1496:
1497:
1498:
1499:
1500:
1501:
1502:
1503:
1504:
1505:
1506:
1507:
1508:
1509:
1510:
1511:
1512:
1513:
1514:
1515:
1516:
1517:
1518:
1519:
1520:
1521:
1522:
1523:
1524:
1525:
1526:
1527:
1528:
1529:
1530:
1531:
1532:
1533:
1534: 1631
1535:
1536:
1537:
1538:
1539:
1540:
1541:
1542:
1543:
1544:
1545:
1546:
1547:
1548:
1549:
1550:
1551:
1552:
1553:
1554:
1555:
1556:
1557:
1558:
1559:
1560:
1561:
1562:
1563:
1564:
1565:
1566:
1567:
1568:
1569:
1570:
1571:
1572:
1573:
1574:
1575:
1576:
1577:
1578:
1579:
1580:
1581:
1582:
1583:
1584:
1585:
1586:
1587:
