1: 1849 1823 275 48
2: 1926 570 435 108 31 8 4
3: 958 271 65 43 22 1
4: 565 18
5: 1559 110 46 16 11 7
6: 756 175 114 2
7: 2006 1627 813 657 28 15
8: 120 100 99 64 33
9: 1780 769 507
10: 1431 1015 226 107 78 30 6 3
11: 1145 1062 839 388 89 80 62
12: 1402 505 502 395 343 233 87 60 36 12 10
13: 1868 1519 1428 831 700 592 589 147 45 14 5
14: 649 44 25
15: 1381 930 918 708 395 233 87 9
16: 1488 1076 1047 310 246
17: 394 148 47
18: 1584 1045 132 103 13
19: 1567 746 638 395 214 201 141 90
20: 1992 1447 551 176 115 61 27 23
21: 54 42 17
22:
23: 1612 1196 1045 766 132 103 54 42 35
24: 989 900 363 20
25: 1578 1525 1469 1332 377 111 38
26: 1613 1399 49
27: 1583 1286 1259 1125 684 480 258 195 191 180 121 98 86 77 50 39
28: 369 21
29: 1977 1891 1586 1472 1169 783 411 219 206 192 70 66 41 19
30: 1404 324
31: 975 436 344 183 59
32: 1123 878 149 75 58 34
33: 543 463
34: 1792 451 235 26
35: 1347 1082 1033 756 470
36: 1225 415 391 264 135 74 56
37: 1984 1906 916 716 271 85 40 37
38: 1381 930 918 708 514 392 331 210 79 24
39: 339 82 81 69 67 29
40: 130
41: 1817 1537 1086 1057 32
42: 586 371 354 241 162 125
43: 1717 1439 94
44: 1488 1076 1047 246
45: 2072 1659 1172 666
46: 514 392
47: 389 352 63
48: 1541 1486 1277 699 493 412 221 190 151 119 76 52
49: 72
50: 1704 53
51: 1564 1117 1020 983 408
52: 1795 1401 1261 1147 1112 1034 951 691 626 319 185 113 84
53: 1969 1636 1459 1043 1037 795 763 475 393 385 225
54: 1539 1277 493 412 221 190
55: 1655 1622 1386 1302 68
56: 1496 1268 973 127
57: 1534 308 259 202 118
58: 1545 549 513 428 168
59: 552 266 55
60: 473 218 51
61: 579 418 313 194 178 109 102 57
62: 935 755 620 265 88 71
63: 1576 1106 880 799
64: 1876 1545 1025
65: 2075 1630 1254 907 834 762 693 361 325 117
66: 139
67: 288
68: 1147 691 626
69: 1354 607 600 560 465 243
70: 1925 1649 1384 1090 198 174 154 123 96 91 83
71: 1620 720 116 73
72: 1315 1091 917 566 477 426
73: 1252 1050 1027
74: 710 597 423 104
75: 534 124 112
76: 772 212 134
77: 1703 1502 1219 1180 469 273 236
78: 1555 1526 1420 1153 1150 772 714 594 375 252 212 93
79: 1888 1877 1766 1643 1080 579 418 376 311 126
80: 971
81: 2023 1984 1906 1184 845 716 248
82: 1795 1401 1112 998 951 710 597 423 319 317 254 185 113 104 92
83: 1798 1574 809 316 181
84: 1316 901 262 197
85: 1326 607 600 173 122
86: 706 165 95
87: 1771 1736 1014 760 733 328
88: 1032 869 187
89: 1091 566
90: 1891 1586 411
91: 940 97
92: 1759 617
93: 502 343
94: 1235 1173 1099 306 250 101
95: 1453 1138 448
96: 2039 1523 1134 939 798 704 404 163
97: 1555 799 748 741 594 527 375 292 242
98: 800 420 105
99: 554
100: 1977 1342 1169 885 488
101: 2012 953 694 662 516 300 131
102: 1307 491
103: 1447 1326 916 509 196 176 173 170 164
104: 1697 1656 1645 1182 1030 476 444 323
105: 1973 779 251
106: 746 638 214 141
107: 1765
108: 160 106
109: 1952 1838 1128 724 696 602 413 379 360 357 355 143
110: 1351 862 405 182
111: 1907 1801 1691 1553 1179 546 283
112: 1181 957 658 362 142
113: 286 156
114: 1449 1353 1054 748 741 554 527 478 374 297 292
115: 1106 639 157
116: 1155 732 336 136
117:
118: 1867 1845
119: 1854 991
120: 985 562
121:
122: 1249 608 576 520 291 140
123: 231 203
124: 1613 852 799 288 128
125: 137
126: 988
127: 998 875 317 254 144 133
128: 1582 1179 1001 842 504 188
129: 1386 1302
130: 409 276 199
131: 1762 745 332 129
132:
133: 1261 1034 595 150
134: 1151 883 461 416 296 257 193
135: 1988 1891 1586 1472 1080 1079 376
136: 835 598
137: 883 386 380 146
138: 402 382 200
139: 255
140: 1771 603 222
141: 333
142: 1796 1428 1130 676 578 525 470 345
143: 1868 1059 280
144: 1483
145: 925 511
146: 586 397
147: 205 138
148: 810 772 739 521 481 186 184 159
149: 320 208 152
150: 1363 1271 1251 509 240 196 170 164
151: 647 153
152: 1789 302
153: 1678 1672
154: 1514 935 755
155: 1347 1082 1033
156: 1233 866 757 678 663 474 358 211
157: 2053 1740 1353 1272 1066 1053 698 679 650 540 478 374 297 145
158: 1705 1029
159: 1868 230 169 166
160: 1432 204
161: 1803
162: 457 279
163: 758 715
164: 1618 1596 1210 919 746 638
165: 1713 1580 177
166: 1417 1349 1106 585 172
167: 239
168: 1888
169: 1105 500
170: 439 261 223 220
171: 616 249
172: 2072 1883 1712 1659 1579 1172
173:
174:
175: 1951 605 466 277
176: 1100
177: 1697 476 444 295 229 155
178: 2077 318 171
179: 891
180: 1944 1852 969 161
181: 1702 267
182: 1881 1512 635
183: 1919 1192 791 616 612 314
184:
185: 882
186: 2068 2054 1669 1358 1347 1306 1258 1082 1033 799 643 637 390
187: 1716 158
188: 543 447 321 274 237 216
189: 905 734 384 270
190: 924 740 629 304 245
191: 2055 1096
192: 1146 821 348
193: 1255 1081 278
194: 1707 228
195: 1948 775
196: 346
197: 1907 1691 1553 1416 1184 1109 845 546
198: 406 179
199: 2065 895 523 213 167
200: 281
201: 1230 1227 667 189
202: 1686
203: 1472 217
204: 648
205: 1287 1211
206: 1121 558
207: 1159 1016 536 356
208: 1576 880
209: 1350 449 440
210: 484 289 268
211: 783 206
212: 1721 521
213: 1410 796
214: 1563 709 653 519 341
215: 1953 1638 1616 1237
216: 940 372
217: 1788
218: 1669 1358 1306 643 637 390 209
219: 1838 1128 820 724 355
220: 1654 1318 776 347
221: 789 674 548 349
222: 472 315
223: 754 350
224: 1826 1749 207
225: 773 298
226: 2075 1135 1024 907 834 361 325
227: 2025 1961 1141 410
228: 1840 1551 1479 1379 1351 1250 1100
229: 1876 1804 1289 1160 1025 299
230: 430
231: 1623 1602 1074 572 215
232: 852
233: 1390 1364 1146 821
234:
235: 1222 253
236: 1461 1291 1185 1120 1070 996
237: 2035 1605 1002 881 584 269
238: 1565
239: 721
240: 1761 604 359 334
241: 1732 1685 1258 1051 224
242: 2056 1147 691 685 626 545
243: 608
244: 1442 844 752 244
245:
246: 1784 1416 1398 1109
247: 1828 293
248: 479 442 335
249: 578 227
250: 596 303 287
251: 1718
252: 1966 1301 614 351 234
253: 1081 911 819 764 544 290
254: 815 623
255: 1516 501 456
256: 284
257: 867 682 672
258: 1149
259: 431
260: 1341 665
261: 2011 1865 1677 1550 1341 1258 1051
262: 1971 1787 1617 990 987 971
263:
264: 1137 941 751
265: 1246
266: 2030 506 327
267: 2072 1776 1659 1440 1324 1172 1056 893 859 753 651 247
268: 1835 263
269: 294
270: 1398 1012 515 494 232
271: 2040 938 609
272: 917 477 426
273: 655 531 467
274:
275: 282 238
276: 1772 599 518
277: 353
278: 1952 602 357 307
279: 975 409 398
280: 1519 589
281: 1087 1073
282: 1874 683 312
283: 2061 401
284: 1593 782
285: 301 256
286: 1006 767
287: 573 458
288: 2060 1931 1520 1504 1498 864 611 496
289: 365
290: 1197 904 387 272
291: 2001 1894 1354 618 517
292: 641 508 260
293: 1759
294: 559
295: 1094 949 935 849 755
296: 1258 1242 1051
297: 1776 1440 1287 1211 1056 753
298: 1325 528
299: 1492 784 437
300:
301: 366
302: 1837 970
303: 1367 1124 340
304: 1116 959 533
305: 1655 1135
306: 2059 1922 453
307: 1788 1260 1209
308:
309: 1647
310: 1895 285
311:
312: 1639 370
313: 1637 492
314: 432
315: 1992 551
316: 1117 1020 419
317: 2072 1659 1172 326 305
318: 699
319: 1503
320: 1651 532
321:
322: 1514 530
323: 1533 1470 1243 1008
324: 943 373 342
325:
326: 2055 309
327: 1541 1486 1394 1200
328: 1894 1354 560
329: 338
330:
331: 413 379
332: 1483
333:
334: 2000 487 329
335: 1202
336: 1369 664 407 322
337: 1576
338: 445 441
339: 2065 847 750 675
340: 983 422
341: 886 583 364
342: 2039 1804 1289 1160 771 368
343: 1263 866 678 663 474 358
344: 1815 1450 1366 788
345: 1613 1399
346:
347: 1481 1156 1122 625 553 424
348: 1438 1317 1046 510 429 367
349: 1520 1498 496
350: 769
351: 1274 681
352: 875 330
353: 1583 1286 1259 1125 684 468
354: 1873 1807 1588 1155 732 450
355: 1285
356: 1235 1137 941 751
357: 1874 683
358: 1603 1127
359:
360:
361: 434
362: 1704
363: 1424 814
364: 833 337
365:
366: 1735 381
367: 1618 1596
368: 725
369:
370: 547
371: 736 587
372: 452
373: 712
374: 1619
375: 1840 1379 1250
376:
377: 1741 1495 1108 717
378: 974
379: 1094 949 849 417
380: 1917 1625 1393 1367 1124
381: 2046 1582 692 485 433
382: 1877 621 427
383: 956
384: 1718
385: 378
386: 1141
387: 1260 1209
388: 539
389: 1312 1041 863
390:
391: 890
392: 931 913
393: 670
394: 1402 1189 697 471 464
395: 1420
396: 840
397: 1992 1005
398: 656
399: 383
400: 906
401: 1685 1143 787 777
402: 1912 926 865 590
403:
404: 1661 1360
405: 1577
406: 1801 1455 932
407:
408: 1837 872
409: 1329 855 818 759
410: 1763
411: 1796 1130 676 525 460
412: 593
413: 588
414: 522
415: 1615 1305 630 624 446 438
416: 1398 515 494
417: 1963 1708
418: 1968 1788 1738 1184 845 497
419:
420:
421: 831 700 689 592 524
422: 992 400
423: 698
424: 1280 1054
425: 1847
426:
427: 2053 1740 1272 396
428: 1601 640 628
429: 1705 1202 1029 399
430: 645
431:
432: 1161 915 568 425
433:
434: 1901 1846 1769 1590 1559 1445 1323 858
435: 953 694 662 403
436: 850 848
437: 826 537
438: 964 825 631
439: 414
440: 1460 1408 960
441: 1893 1021
442: 1053 679 540
443: 1270 1065
444: 1290
445: 577
446: 443
447: 1623 1602 1074 561 535 489
448: 1253 830
449: 1542
450: 1063 920 526 454
451: 661 580 421
452:
453: 462
454: 1959
455: 1876 1183 774
456: 2012 803 644 606
457: 713
458: 1238 1164 837
459: 1280
460: 994 809
461:
462:
463: 1836 730
464: 1853
465: 1989
466:
467: 1750 1463 495
468: 1792 910 863 765 542
469: 550
470: 1004 976 455
471:
472: 1687 582
473: 1943 1934
474: 1840 1379 1250
475: 1024
476: 1472 914 838 483
477: 1355 1205
478: 636
479: 1734 1010
480: 2070 1017 687
481: 1366 1011 999 788 490
482:
483: 1221
484: 1798 1574 1191
485: 1768 1406 921
486: 1920 1437 1352
487: 1850 1728 1345
488: 1769 773
489:
490:
491: 642 591
492: 1189 697 512
493: 459
494: 1288
495: 1431 1015
496:
497: 1184 845
498: 846 633
499:
500: 1444 726 567
501: 1667 686 564
502: 538
503: 965
504: 1654 910 765
505: 1546
506:
507:
508: 2031
509: 486
510: 1422 703
511: 1170 613
512: 1980 1516
513: 1252 1050 1027
514: 1683 1148 1088 868
515: 1991 1665 615
516: 1643 529
517:
518: 1006 997 903 767 482
519: 1926 820
520:
521: 1597 1103
522: 1330 1098
523: 1052 569
524:
525:
526: 1270 1065 652
527:
528: 1444 1194 726 619 567
529: 1787 1455 971 809 499
530: 1729 1084
531:
532: 1846 1445 1323 654
533: 1591 722
534: 1292 902 632 610 556
535: 1959 1343 1207
536: 1539 669
537: 950
538: 1911 1482 498
539:
540: 1212
541: 1506
542: 1751 1723 1508
543:
544: 1828
545: 2044 1824 571
546: 928 824
547: 962
548: 1989 1972
549: 1772 1058 503
550: 1519 961 701 668
551: 1717 1439
552: 1179 842
553: 1413 1294 581
554:
555: 713
556: 804
557: 660
558:
559: 1113 646
560: 1529 1346 894 761
561: 1888 1449 1145 1062
562: 1661 1360
563: 1523 1134 939 798 704
564:
565: 1039 977
566: 817
567:
568: 555
569: 1755
570:
571: 563
572: 1038 993 802
573: 1632 1473
574: 981 768
575:
576: 1441 1389 1239 856 738
577: 1867 1235 557
578: 1174
579: 1623 1602
580: 702
581: 1066 650
582: 2045 1150 714
583: 1578 1469 1165
584: 1630
585:
586: 1939
587:
588:
589:
590: 1840 1813 1379 1250
591: 1739 1619 574
592:
593: 1284 1281 1187
594: 575
595: 541
596: 1628
597: 1727 1610 601
598:
599:
600: 1835
601:
602:
603: 1985 873
604: 954 711
605: 966 743
606: 627
607: 1978
608: 1245
609: 896
610: 1412 841 778
611:
612:
613: 861 794
614: 1903 673
615: 2022
616: 2022
617: 898
618: 1939
619: 1307 780
620: 1136
621: 1287 1211
622: 1895
623: 2082 1811 1676 1657 816 807 727
624: 1973 779
625:
626: 793
627:
628: 744
629: 1009
630: 1971 1377
631: 1431
632: 995
633: 1646
634: 1816 1547
635: 1055
636: 1536
637: 790 742 729
638:
639: 1363
640: 1452 737
641:
642:
643: 1974 1544 1248 1118 690 659
644: 2038 622
645: 946
646: 1269
647: 920
648: 808
649: 1104 749 671
650: 1569
651: 1800
652:
653: 811
654: 827
655: 822
656: 1101
657:
658: 1747
659: 1938
660: 1022
661: 1806
662: 634
663: 978
664: 2062 2007 1871 1396
665:
666: 1942 1158 933
667: 1769
668: 1263 705
669: 1749
670: 1600 1458
671:
672: 889
673: 1470 1243
674: 857
675: 1240 942
676: 936 892
677: 806
678: 947
679: 2006
680: 2065 1476
681: 2049 1522
682: 718
683: 889 695 688
684:
685:
686: 1923 1035 792
687: 1975 1421 1337
688:
689: 677
690:
691:
692: 955 785
693: 1788 719
694: 1530 1201
695: 2017
696: 923
697: 1416
698: 1648 1276
699:
700: 1083 1069
701: 1397 1319
702:
703: 1204
704: 1175 836
705:
706: 1429
707: 1072 797
708: 2034
709: 1199
710: 707
711: 1267
712: 1827 1599 1462
713: 1111
714: 1681 781
715: 2011 1865 1677 1550 980
716: 1178
717: 1715 1585
718: 1815 801
719: 1546 1223 870
720: 1637 786
721:
722: 1854 1228 928
723: 805
724: 1517
725: 1561 1464
726: 1794
727:
728: 908 770
729: 1403 680
730: 1176
731: 1494 823 747
732: 1383
733: 832 829
734: 1548 1518 1092 1042 972
735:
736:
737: 1575 1055
738:
739: 1000
740: 1979 1234 853
741: 1660 1348 1085 934 843
742:
743: 1590
744: 1114 731
745:
746:
747: 1875 982
748: 1572 1154 1019
749: 2000 1262
750: 1373 1313 1023 1007
751:
752: 2033
753:
754: 1110
755: 1485 1478 728
756: 1018
757: 2042
758: 1461
759: 1378 1067
760:
761: 1231
762:
763: 1774
764: 1975
765: 1882 1786 860
766: 1782
767: 1039 977
768: 1075
769: 1265
770: 1312 1028
771:
772:
773: 1175
774:
775: 812
776: 735
777: 1943 1934
778: 2083 1662 1107 877 723
779:
780:
781:
782: 1654 1318 851
783: 945 899
784: 1532
785:
786:
787: 1265
788:
789: 944 874
790: 1171
791:
792: 1770 1565 828
793: 871
794:
795: 1499
796: 921
797:
798: 1582 1264
799: 1833
800:
801:
802: 1044
803: 1058
804: 2071 1698
805: 1162
806: 1638 1237
807: 1140 888
808: 1611
809: 1311 929
810: 1951 1093
811:
812: 1818
813:
814: 1581 1454 1126
815: 1295
816: 1892 1883 1579 1353
817:
818: 1244
819: 1298 1144
820: 897
821: 990 987
822: 1790
823: 1814
824:
825:
826: 1068
827:
828: 1567
829:
830: 1320
831: 958
832:
833:
834: 1448 1236 1031
835:
836: 2046 1390 1364
837: 1862 1374
838:
839: 1327
840: 1673
841:
842:
843: 1612
844:
845: 1183 884
846:
847: 1425 1208
848: 1772
849: 1257 1040
850: 1589 879
851: 1460 1408
852: 1624
853:
854:
855: 1371
856:
857: 1279
858: 1097
859: 1851
860: 1497
861:
862: 2016
863:
864: 1841
865:
866: 1615 979
867: 1963 1708 1213 1119
868:
869:
870:
871: 1892
872:
873: 1011 999 886
874:
875: 2079 1166
876: 912
877:
878: 1535 1361
879:
880: 1831 1587 876
881:
882: 1778
883:
884: 1694 1300 952
885:
886:
887: 1375 1365
888:
889:
890: 1509 1224
891: 1807 1588
892:
893: 2001 1077
894:
895:
896: 1342
897: 1484
898:
899: 1991 1665
900: 1714
901:
902: 1060
903: 2017 1847
904: 1967
905:
906: 937
907: 1571
908:
909: 1949 1382 968
910: 1391
911: 1344
912:
913:
914:
915:
916:
917:
918: 1266 854
919: 1898
920:
921: 1003
922: 1745
923: 1743 1419 1049
924:
925: 1850 1345 1071
926:
927:
928:
929:
930:
931:
932:
933:
934:
935: 1409 1387 1226
936: 1217 984 909
937:
938: 1139
939: 1808 1797
940:
941:
942: 1767
943: 1455 1064
944:
945:
946:
947:
948: 2003 927
949: 1168
950:
951: 1314
952: 1726 887
953:
954: 1342
955: 1614
956:
957:
958: 1962 1013
959: 1283
960:
961:
962: 2023
963: 1266
964: 2068 2054 1617
965:
966:
967: 2076 1914
968: 922
969: 1930 1311
970: 1340
971: 1929
972: 1395
973: 1693 1309
974:
975:
976:
977:
978:
979: 1758
980: 1819
981:
982: 1976
983: 1866 1711 1491 1372 1167
984: 1336
985: 1581 1454
986: 1011 999
987: 1232
988: 1557 1214 1061
989:
990: 967 963
991:
992:
993: 1362
994: 2016 1920 1682 1437 1352 1303
995: 1688
996: 948
997: 1880 1507 1132
998:
999: 1970 1948
1000:
1001:
1002: 1900 1089
1003:
1004:
1005:
1006: 1357
1007: 1453 1442
1008:
1009:
1010:
1011: 1332
1012:
1013:
1014: 1675
1015: 2050
1016: 1411
1017: 1095
1018:
1019: 1750
1020: 1426
1021: 986
1022:
1023:
1024:
1025: 1407
1026:
1027: 1131
1028: 1729 1443
1029:
1030:
1031: 1203
1032:
1033: 1751 1723 1508
1034: 1810
1035: 1215
1036: 1528
1037: 1157
1038:
1039: 1036
1040: 2028
1041: 1913
1042: 2012 1817 1086
1043:
1044: 2004
1045:
1046:
1047: 1960
1048: 1792
1049:
1050:
1051: 1641 1241
1052:
1053:
1054: 1682 1303
1055: 1152 1048
1056:
1057: 1993
1058: 1887 1457
1059: 1617
1060: 2046
1061: 1668
1062: 1524
1063:
1064:
1065:
1066:
1067: 1623 1602 1572
1068:
1069: 1521
1070: 1622 1078
1071: 1133
1072:
1073:
1074:
1075: 1256
1076: 1554
1077: 1663 1026
1078: 1255
1079:
1080:
1081: 1418
1082: 1887 1755 1457
1083:
1084: 1229
1085: 1308
1086:
1087:
1088:
1089: 2006 1627 1568
1090: 1102
1091:
1092:
1093:
1094: 1789 1275
1095: 1252
1096:
1097: 1405
1098: 1815 1450
1099: 1690
1100: 1468
1101:
1102:
1103:
1104: 1558
1105: 1230 1227
1106:
1107:
1108:
1109:
1110:
1111: 1933
1112:
1113: 1946 1752
1114: 1650
1115:
1116: 2051 1198
1117:
1118: 1129
1119: 1987
1120:
1121:
1122:
1123:
1124:
1125: 1434
1126:
1127:
1128: 1540 1190 1115
1129: 1924 1304
1130:
1131: 1957
1132: 1177
1133:
1134: 1186
1135:
1136: 1937 1608
1137: 2010
1138: 2063
1139: 1142
1140: 1857 1805 1773 1414
1141:
1142:
1143: 1642
1144:
1145: 1706 1594
1146:
1147:
1148:
1149: 1446
1150:
1151:
1152: 1995
1153: 2041
1154: 1775 1709 1310
1155: 1563
1156:
1157:
1158:
1159:
1160:
1161: 1480
1162:
1163: 1436
1164: 1692 1296
1165:
1166:
1167:
1168:
1169:
1170:
1171:
1172: 2015 1218
1173:
1174: 1451 1247
1175:
1176: 1466
1177:
1178:
1179: 1652
1180: 1322
1181:
1182: 1674 1188
1183: 2009
1184: 1965 1400
1185:
1186: 2027
1187: 1728
1188:
1189: 1527
1190: 1333 1163
1191:
1192: 1854 1719 1385
1193:
1194: 1983
1195:
1196:
1197: 1904 1724
1198:
1199:
1200:
1201: 1552
1202:
1203:
1204:
1205:
1206: 1278
1207:
1208: 1678 1672 1359
1209:
1210:
1211:
1212: 1710
1213: 1653
1214:
1215: 1427
1216:
1217: 1297
1218:
1219: 2008
1220: 1376 1206
1221: 1490
1222:
1223:
1224: 1918 1273
1225:
1226: 1489
1227: 1562
1228: 1415
1229:
1230:
1231:
1232:
1233:
1234: 1438 1317
1235:
1236: 1871
1237:
1238: 1543 1370
1239:
1240: 1375 1365 1193
1241:
1242: 1380 1195
1243:
1244:
1245: 1475
1246:
1247: 1560
1248:
1249:
1250: 2073
1251:
1252: 1335
1253:
1254:
1255: 1644 1220
1256: 1861
1257:
1258: 1997
1259:
1260:
1261: 2035
1262:
1263:
1264:
1265:
1266:
1267: 1584
1268: 1216
1269:
1270:
1271: 1631
1272:
1273:
1274: 1816 1547
1275:
1276:
1277:
1278: 1791
1279:
1280:
1281: 1293
1282:
1283:
1284: 1356
1285: 1671 1515
1286:
1287:
1288: 1917 1625
1289: 2077 1321
1290: 1737
1291:
1292:
1293:
1294:
1295:
1296:
1297: 1664
1298:
1299:
1300: 1634
1301: 1328
1302: 1282
1303: 1626
1304:
1305:
1306: 1785
1307: 2084 1834
1308: 2067 2014
1309:
1310: 1598
1311: 1299
1312:
1313: 1730
1314:
1315:
1316: 1971 1377
1317:
1318: 1522
1319:
1320: 1757 1430
1321:
1322:
1323:
1324: 1392
1325: 1822
1326:
1327:
1328: 1511 1474
1329: 1676
1330: 1501 1477
1331:
1332:
1333: 1741 1495
1334:
1335:
1336: 1339
1337:
1338:
1339:
1340:
1341:
1342:
1343: 1338
1344: 2057
1345:
1346: 1456
1347: 1780
1348: 2002
1349:
1350:
1351: 1842
1352:
1353:
1354:
1355:
1356:
1357:
1358:
1359:
1360:
1361: 1530
1362:
1363:
1364:
1365:
1366:
1367: 1999
1368: 1799
1369:
1370:
1371:
1372: 1897
1373:
1374:
1375: 2052
1376: 1802 1701 1423
1377: 1334
1378: 1748 1331
1379:
1380:
1381:
1382:
1383: 1433
1384:
1385:
1386: 1720
1387: 1633
1388: 1945 1566
1389:
1390:
1391: 1487
1392: 1918 1570
1393: 1531
1394: 1635
1395:
1396:
1397:
1398: 1368
1399:
1400: 2029 1388
1401:
1402:
1403:
1404:
1405:
1406:
1407:
1408: 1844
1409:
1410:
1411:
1412: 2019 1986
1413:
1414:
1415: 2043
1416:
1417:
1418:
1419: 2047 1746
1420:
1421:
1422:
1423: 1940
1424:
1425: 2058
1426:
1427:
1428:
1429:
1430: 1856
1431:
1432: 1721
1433: 1778
1434:
1435:
1436:
1437:
1438:
1439:
1440: 1960
1441:
1442:
1443: 1864
1444:
1445:
1446:
1447: 1689
1448: 1756
1449: 1760
1450:
1451: 1860
1452: 1493
1453:
1454:
1455:
1456:
1457:
1458:
1459: 1549
1460:
1461: 1467
1462:
1463: 1435
1464: 1821 1696
1465:
1466: 1700
1467:
1468:
1469: 1947 1505
1470:
1471:
1472: 1747 1510
1473:
1474: 1666
1475:
1476:
1477:
1478: 1513
1479:
1480: 1872
1481: 1764
1482:
1483:
1484:
1485:
1486: 1465
1487:
1488:
1489: 1500
1490:
1491: 1884 1595
1492:
1493:
1494:
1495: 1812
1496:
1497:
1498:
1499: 1742
1500:
1501:
1502:
1503:
1504:
1505: 1964
1506:
1507:
1508:
1509: 1592
1510:
1511:
1512:
1513:
1514:
1515: 1936
1516:
1517: 1471
1518:
1519: 2050
1520:
1521:
1522:
1523: 1607
1524:
1525:
1526: 1848 1604
1527:
1528: 1820
1529:
1530:
1531: 1679
1532: 1981
1533:
1534: 1818
1535: 2073
1536:
1537:
1538:
1539: 1910
1540: 2018
1541:
1542:
1543:
1544:
1545:
1546:
1547:
1548:
1549: 2026 1889
1550: 1606
1551: 1722
1552:
1553: 2032
1554:
1555: 2035
1556:
1557:
1558:
1559:
1560:
1561:
1562:
1563: 1680
1564:
1565:
1566:
1567:
1568:
1569:
1570:
1571:
1572:
1573:
1574: 1538
1575:
1576:
1577:
1578:
1579:
1580:
1581: 1831 1699
1582:
1583:
1584: 1556
1585:
1586:
1587: 2078
1588: 2080
1589:
1590:
1591:
1592:
1593: 1829
1594:
1595:
1596:
1597:
1598:
1599:
1600:
1601:
1602:
1603:
1604: 1766
1605:
1606:
1607:
1608:
1609:
1610:
1611:
1612:
1613: 1785
1614:
1615:
1616:
1617:
1618:
1619:
1620:
1621:
1622:
1623:
1624: 1863
1625:
1626: 1870
1627: 1621
1628:
1629:
1630:
1631:
1632:
1633:
1634:
1635:
1636:
1637: 1573
1638:
1639:
1640: 2020
1641: 1832 1609
1642: 1725
1643:
1644:
1645: 1640
1646:
1647:
1648:
1649:
1650: 1684
1651:
1652: 1921
1653:
1654: 1754
1655:
1656:
1657:
1658:
1659:
1660: 1859
1661: 1753
1662: 1670
1663:
1664:
1665: 1629
1666:
1667:
1668:
1669: 1869 1830 1733
1670:
1671:
1672: 1927
1673:
1674:
1675:
1676:
1677: 1879
1678:
1679:
1680:
1681: 2025 1961
1682:
1683:
1684:
1685:
1686:
1687:
1688:
1689: 2013
1690:
1691:
1692: 2064
1693:
1694:
1695: 1695
1696:
1697:
1698:
1699:
1700:
1701:
1702:
1703:
1704:
1705:
1706:
1707:
1708:
1709:
1710:
1711:
1712: 1658
1713:
1714:
1715:
1716:
1717: 1935
1718:
1719:
1720:
1721:
1722:
1723: 1916
1724: 1890
1725:
1726:
1727:
1728:
1729: 1998
1730:
1731:
1732: 1839
1733:
1734:
1735:
1736: 1955
1737: 1781
1738: 1994
1739:
1740:
1741:
1742:
1743:
1744:
1745:
1746:
1747:
1748:
1749:
1750:
1751:
1752: 1731
1753:
1754:
1755: 1855
1756:
1757:
1758:
1759:
1760:
1761: 2024
1762:
1763:
1764:
1765:
1766:
1767: 1843
1768:
1769:
1770:
1771:
1772:
1773: 1896
1774:
1775:
1776:
1777: 1783
1778:
1779:
1780:
1781:
1782: 1744
1783:
1784:
1785:
1786: 1793
1787:
1788:
1789:
1790:
1791:
1792:
1793: 1777
1794:
1795: 1825 1779
1796:
1797:
1798:
1799: 1899
1800:
1801:
1802:
1803: 2002
1804: 1956
1805: 1858
1806:
1807:
1808:
1809: 1902
1810:
1811:
1812:
1813:
1814:
1815: 1905
1816:
1817:
1818:
1819:
1820:
1821:
1822:
1823: 1908
1824: 1878
1825:
1826:
1827:
1828:
1829: 2074
1830:
1831:
1832:
1833:
1834:
1835:
1836:
1837:
1838:
1839:
1840: 2021
1841:
1842:
1843:
1844: 1996
1845:
1846: 1915
1847:
1848:
1849:
1850:
1851:
1852: 1885
1853:
1854:
1855:
1856:
1857:
1858:
1859:
1860:
1861:
1862:
1863:
1864:
1865:
1866:
1867: 1809
1868: 2037
1869:
1870:
1871: 1932 1909
1872:
1873:
1874:
1875:
1876:
1877:
1878:
1879:
1880:
1881:
1882:
1883:
1884:
1885:
1886:
1887:
1888:
1889:
1890:
1891:
1892:
1893:
1894:
1895:
1896:
1897:
1898:
1899:
1900:
1901:
1902: 1958
1903:
1904:
1905:
1906:
1907:
1908: 2005
1909: 2048
1910:
1911:
1912:
1913:
1914:
1915:
1916:
1917:
1918:
1919:
1920:
1921:
1922:
1923:
1924: 1990
1925:
1926: 1886
1927:
1928:
1929:
1930:
1931: 2085
1932:
1933:
1934:
1935:
1936:
1937:
1938:
1939:
1940:
1941:
1942:
1943:
1944: 1950
1945:
1946:
1947:
1948:
1949:
1950:
1951:
1952: 1982
1953:
1954:
1955:
1956:
1957:
1958:
1959:
1960:
1961:
1962:
1963:
1964:
1965:
1966:
1967:
1968:
1969:
1970:
1971: 1941
1972:
1973:
1974:
1975:
1976:
1977:
1978:
1979: 2024 1928
1980:
1981:
1982:
1983:
1984:
1985:
1986:
1987:
1988:
1989:
1990:
1991:
1992:
1993:
1994:
1995:
1996:
1997:
1998:
1999:
2000:
2001:
2002:
2003:
2004:
2005:
2006:
2007:
2008:
2009:
2010:
2011:
2012:
2013:
2014:
2015:
2016:
2017: 2066
2018:
2019:
2020:
2021:
2022:
2023:
2024:
2025:
2026:
2027: 2045
2028:
2029:
2030:
2031:
2032:
2033:
2034:
2035:
2036:
2037:
2038:
2039:
2040:
2041: 1954
2042:
2043:
2044:
2045:
2046:
2047:
2048:
2049:
2050:
2051:
2052:
2053:
2054:
2055:
2056:
2057:
2058:
2059:
2060:
2061:
2062:
2063:
2064:
2065:
2066:
2067:
2068:
2069:
2070:
2071:
2072:
2073:
2074:
2075:
2076:
2077:
2078:
2079:
2080:
2081:
2082:
2083:
2084:
2085:
2086:
2087:
2088:
2089:
2090:
2091:
2092:
2093:
2094:
2095:
2096:
2097:
2098:
2099:
2100:
2101:
2102:
2103: 2036
2104:
2105:
2106:
2107:
2108:
2109:
2110:
2111:
2112:
2113:
2114:
2115:
2116: 2069
2117:
2118:
2119:
2120:
2121:
2122:
2123:
2124:
2125:
2126:
2127:
2128:
2129: 2081
2130:
2131:
2132:
2133:
2134:
2135:
2136:
2137:
2138:
2139:
2140:
2141:
2142:
2143:
2144:
2145:
2146:
2147:
2148:
2149:
2150:
2151:
2152:
2153:
2154:
2155:
2156:
