1: 3202 2683 393 318 46 24 21 5 1
2: 2723 2386 2177 1108 882 232 112 105 85 65 59 11 8 7 6 4 3 2
3: 1965 1883 1593 983 712 554 522 299 264 18
4: 3141 2741 2573 2158 2001 1527 1346 1289 1285 1190 1149 698 490 386 375 367 362 340 336 296 286 277 261 243 235 194 107 94 39 35 15 10 9
5: 3273 1102 938 780 605 161 137 29 17 14
6: 1035 485 250 208 190 49
7: 3141 2345 1969 1476 1222 403 274 261 235 197 172 118 104 96 80 37 28 13
8: 2137 907 548 499 480 410 301 293 288 287 270 215 42 12
9: 2832 2158 2107 1289 1285 1211 1196 707 599 502 490 375 292 286 284 123 113 22
10: 3141 296 261 235 118 96 47
11: 499 410 215 66 31
12: 1578 1549 79 64
13: 1877 229 170 54 33
14: 3182 460 306 199 131 57
15: 2120 1424 1408 1346 1317 1242 1148 1120 764 698 283 182 176 146 128 55 25 19 16
16: 2967 2374 1982 1451 491 156 38 20
17: 2484 2273 2098 1897 1307 1292 848 814 746 643 640 582 492 316 311 298 275 234 222 201 193 179 177 108 71 52 41 30 26
18: 2354 1375 836 268 181 162 51 43 27
19: 2945 1868 1682 848 746 643 316 275 234 222 201 108 26 23
20: 2587 2559 2129 1679 1349 1092 1085 1053 851 785 612 551 542 486
21: 2944 2741 2573 2001 1190 477 367 362 298 179 107 45
22: 298 179
23: 924 155 144 133
24: 2745 1931 1886 1552 927 662 601 246 53
25: 2312 1990 1115 984 400 307 240 142 134 77 70 69 48 32
26: 2072 1251 986 556 405 352 130 109 91 84
27: 672 140 34
28: 3288 2005 111
29: 2509 2498 2381 1471 579 347 214 205 164 145 132 101 76 72 44 36
30: 2906 1713 1526 369 211 173 40
31: 3270 1869 1753 1043 1040 679 620 611 269
32: 3190 2694 2312 2272 2137 1990 1799 1690 1603 1405 1307 984 582 307 77 50
33: 2538 2072 1251 986 556 406 405 352 198 56
34: 3190 3052 1799 1430 1177 516 231 117 88
35: 3141 2595 2441 2289 1818 1636 1463 1392
36: 2280 1098 778 58
37: 675 62
38: 453 203 99
39: 3073 1307 582 177 63
40: 1560 150 68
41: 3289 1418 666 466 289 103
42: 2393 2191 2137 548 480 287 270 138 97 61 60
43: 2071 1422 1041 723 453 253 203 102
44: 1157 772 136
45: 2587 2559 2558 1679 1359 1349 1085 1017 892 851 785 614 563 202
46: 263 135
47: 2588 2582 2241 2218 1444 866 809 371 345 329 169 166 98 67
48: 2103 1139 745 262 175 122 95
49: 2628 1616 385 114 78
50: 3289 666 289 192 160 93 75 73
51: 2619 1348 497 389 106
52: 2229 1668 864 815 672 478 426 74
53: 2644 191 115
54: 1573 1372 1137 622 81
55: 2913 2216 2006 1953 1908 1594 1145 1112 1001 923 258 256 116
56: 3030 1371 1005 821 587 459 381 206 121 83
57: 2832 705 596 571 338 210 200 159 110
58: 2747 1997 1953 1861 1602 1287 1185 189 149
59: 2804 1501 916 282
60: 163 153 151 89
61: 2126 1848 1271 219 184 183
62: 2120 1515 1148 1111 764 260 92
63: 2478 906 552 504 335 185
64: 3080 2541 2070 936 154 86 82
65: 3048 2725 831 655 507 251 218
66: 1373 396 254
67: 3157 2995 2218 809 345 169 166 100 98
68: 2616 1745 1744 1724 1146 445 224
69: 1675 1423 87
70: 3163 2964 2896 2199 1358 1140 588 171 90
71: 3124 2506 1346 1057 937 698 182 176
72: 889 290 265 223 186
73: 3256 2440 879 500 227 141 119
74: 2924 1644 1635 1125 1091 726 454 337
75: 1174
76: 2390 2308 1651 458
77: 2837 125
78: 3224 477
79: 2880 1383
80: 2216 1112 1001
81: 487 147
82: 3145 2087 1707 1239 1212 1119 850 659 488 252
83: 2524 1304 768 126
84: 3060 1412 939 629 257 238
85: 553 448 216 120
86: 2418 2101 2057 1684 317 124
87: 3273 1102 938 780 605 161 137
88: 1953 258
89:
90: 2319 1853 1563 1408 1390 1317 1291 1193 1120 934 388 378
91: 750 143
92: 3225 988 514 508 315
93: 2956 2944 1912 1789 1113 900 893 413 221 148
94: 2353 358 187 129
95: 3030 1843 1485 1371 1005 821 686
96: 245
97: 2675 2246 2204 1264 1222 1207 403 274 174
98: 2504 2242 1407 356
99: 1593 522 299 157
100: 3285 2646 2487 294 158
101: 2339 1747 1355 1052 668 236
102: 865 462 127
103: 2699 2390 2308 2208 1651 1197 784 392 168
104: 792
105: 2937 1755 239
106: 2470 1692 991 401 387 249
107: 2451 2255 1589 1382 1220 727 634 513 422 228
108: 1563 1291 1193
109: 2691 786 359
110: 1995 1477 1312 868 437 178 167
111: 1297 1009 806 619 380 370
112: 1379 642
113: 2962 2427
114: 2448 2406 690 664 602 272 165 152 139
115: 3252 2762 2733 2690 2272 805 744 585 242
116: 1053 612
117: 438
118: 3163 670 323 195
119: 3270 3048 2674 2666 1814 655 507 251 218
120: 2647 1976 1292 492 193
121: 2642 2295 1461 1046 334 188
122: 230
123: 1693 1269 434 213
124: 3156 3153 2938 2445 2103 1659 1240 1139 1078 745 279
125: 1482 1241 1010 471 309
126: 2322 917 877 506 397 209
127: 618 592 501 384 354 314
128: 3139 2587 2559 2072 2030 1727 1679 1349 1251 1085 986 851 785 598 556 542 408 303
129: 1319
130: 2981 1516 373
131: 3140 1582 519 457
132: 2090 1736
133: 2254 2009 1396 407 241
134: 2312 2222 2044 1990 1925 1816 1646 1048 1047 984 801 647 442 325
135: 3173 1781 1685 844
136: 890 683 180
137: 3173 2611 2295 1909 1685 1569 1189 1046 844 731 390
138: 2181 1303 1072 451 368 212
139: 943
140: 2451 1589 1393 1030 593 535 366 328 285
141: 2958 2956 1912 1789 1307 1113 943 900 893 582
142: 693 432
143: 482 204
144: 1538 1487 725
145: 3270 3211 2679 2378 1488 1395 1300 1299 1282 1097 816 813 611 424 321 305 273 269
146: 3089 2602 1075
147: 3193 845 233
148: 3080 2541 2529 2070 2067 1162 936 597 398 196
149: 1964 1386 1179
150: 1274 740
151: 3109 2482 1544 581
152: 3186 2575 402 330
153: 1869 1040 679 512 383
154: 2581 2238 1548 267
155: 2976 2528 2269 441 248
156: 3190 2448 2406 2021 1823 1799 446 231
157: 2392 1504 322 207
158: 1668 449 225
159: 2599 1538 1487 1327
160: 1777 618 592 501 384 354
161: 1882 1231 790 412
162: 1300 1282 424 305
163: 1694
164: 3222 2867 2473 1935 1658 1597 1481 586 429 266
165: 2507 2168 2092 1381
166: 1299 816 273 220
167: 711
168: 2937 2007 1755
169: 3033 2734 2668 2167 1834 1522 505 376
170: 1048 1047
171: 2254 2226 2009 1446 1426 1396 1366 988 729 697 465
172: 2121 1795 1703 339
173: 2104 1672 1332 616 483 237
174: 1736 444 416 255
175: 3222 3190 1799 540
176:
177: 2389 2261 1895 1394 1356 624 443
178: 1170 333 217
179: 1248 1103 510 319
180: 2753 2051 1954 1542 1051
181: 791 696
182: 2558 1359 870
183: 837 557 280
184: 931 226
185: 2186 1888 1759 391
186: 2241 1506 1444 866 297 276
187: 2793 2631 2225 1239 1212 1119
188: 1642 722 295 281
189: 2040 1150 878 832 739
190: 2118 771 327
191: 2745 1931 1763 1709 662
192: 2370 2272 1464
193: 3093 2478 2339 1747 1439 1355 1262 1052 898 433
194: 3027 518
195: 363
196: 2216 1001 703 452
197: 2912 244
198: 2570 1622 962 648 604 476
199: 2271 1939 997 967 908 259 247
200: 463 326
201: 2577
202: 1785
203: 3174 1871 1003 853 661
204: 1122 660 584
205: 1780 1585 1417 1401 1157 932 772 300 271
206: 1918
207: 1553 1284 365
208: 3125
209: 2832 707 599 502 292 284
210: 3283 524 382
211: 2030 408 303
212: 1550 962 802 470
213: 718
214: 2794 2268 2197 1778 1178 456 431
215: 3253 3141 2734 2668 343 310
216: 2265
217:
218: 2272 693
219: 1482 1241 1010 471
220: 2667 2609 1453 972 278
221:
222: 2036 1915 1131 754 641 409 394
223: 955 332
224: 2929 2255 1591 1570 1382
225: 2090 404
226: 1220 727 634
227: 2146
228: 1369 1131 754 641 394
229: 1099 515
230: 2786 2211 364
231: 2585 677 494
232: 911 561 428
233: 2029 867 752 621
234: 2777 748
235: 3248 721
236:
237: 2302 1687 291
238: 3290 1969
239: 1230 716 606
240: 2544
241: 3087 2878 969 346
242: 2138 1184 425
243: 2941 2226 1448 839
244: 1732 1204 498
245: 1380 351 342
246: 2676 1714 1596 1117 595
247: 1986 1169 693 432
248: 2937 1755 1515 417 312 302
249: 2997 723
250: 2471 1728
251: 2821 2037 1671 951 905
252: 2958 2287 1742 1315
253: 1328
254: 1509 925 496 436 415
255: 2979 2456 1462
256: 1009 806 619
257: 3113 1715 735 692 650 565
258: 3252 1276 744 585
259: 1745 1744
260: 2570 1941 313
261: 308
262: 3102 2003 1114 819 360
263: 3122 430
264: 1226 636 377 304
265: 3139 1727 598 348 331
266: 3038 1127 562 341
267: 3016 2360 657
268: 564
269: 2138 1184 1151
270: 2877 2670 355
271: 3210 468
272: 2610 1375 353
273: 3253 2595 2441 1818 1392
274: 3156 2938 1240 1078 915 320
275: 2867 2473 1658 1597 586
276: 3069 1906 1397
277: 2924 2283 1905 1210 789 555 530 324
278:
279: 876 842
280: 1827 957 912 751
281: 916 531 481
282: 1443
283: 3209 2926 1932
284: 2505 2331 2172 1738 989 527 469
285: 3289 1576 1198 855
286: 1842 594
287: 1994
288: 2557 2512 2287 2125 1748 1742 1352 1315 1309 461
289: 3210 1966 1827 1696 1562 1171 1048 1047 957 912 751 533 350
290: 1814
291: 1152
292: 886
293: 2943 2620 2419 357 349
294: 1172 569 427
295: 3242 1674 1101 770
296:
297: 1043 620
298: 2913 2006 1594 1145 923
299: 1495 344
300: 1763 1709 489
301: 1111 947 503
302: 2628 2443 1568 645
303: 3261 3081 2511 917 911 877 737 561 506
304: 3237 3095 450
305: 2879 2370 1464 656 558 423 361
306: 2200 1209
307: 1044 971 871 529 421 411 399
308: 1147 861 724 628
309: 1195 997 967 820
310: 2826 1599 1365 681
311: 2246 420
312: 2794
313: 803
314: 3173 1971 1685 844 731
315: 2219
316:
317: 2574 2459 1869 1484 1040
318: 992 589 464
319: 1743 1675
320: 372
321: 3124 2506 1057 937
322: 2095 769
323: 2857 517 395
324: 2543 2317
325: 3260 2041 639
326: 2814 2090 1473
327: 525
328: 3035 2217
329: 1536 959 678
330: 885 573
331: 2489 1275 631 630
332: 3028 3005 2931 2342 1901
333:
334: 2640
335: 1327 773
336: 2717 2511 2288 1980 1878 737 649 644
337: 2630 2039
338: 374
339: 1919 1856 1260 574
340: 1690 1603 607 545
341: 974
342:
343: 2222 2044
344:
345: 2043 2008
346: 2713 2508 1154 824 455 379
347: 2607 980
348: 2369 1652
349: 3225 3008
350: 1828 475
351: 2021 1823 1403 1286 872 575
352:
353: 741
354: 2563 2471 1728 946 884 609
355: 3153 2046 1410
356: 3036 3013 2379 1307 863 582
357: 702 418
358: 2368
359: 1271
360: 1511
361: 2567 2472 1873
362: 2871 2475 2461 2402 2072 1251 1151 986 808
363: 1446 1366 729 465
364: 2945 1868 1682 966 543 521 414
365: 2574
366: 3289 2922 2261 624
367: 1347 419
368: 2805
369:
370: 1334 467
371: 446
372: 3266 2963 2135 1790 559
373:
374: 997 967
375: 2871 2461 2402 2293 474
376: 862 762 591
377: 1448 839 472
378: 2618 697
379: 2566 1274 532
380: 2426 1926 1267 1192 854 638
381: 2514 1234 669
382: 1385 1007
383: 1933 795
384: 3066 1549
385: 1611 1008 987
386: 1784 1222 897 883 779
387: 3122 1354
388: 2478 2152 1036 906 495 439
389: 1941 484
390: 1716 1573 1372
391: 2681 1737 1521 493
392: 1426 673
393: 1400 625 509
394: 1252
395: 2335 2286 1876 933
396: 1851
397: 1414 879 447
398: 2780 719
399: 3207 2095 669
400: 3030 1562 1371 1171 1005 821 587
401:
402: 1515
403: 2883 956 534
404: 1769
405:
406: 1208 717 646
407: 2111 1741 1557 676 435
408: 2869 2547 2464 1135
409: 800
410: 3114 2799 1757 610
411: 3291 3280 3002 2753 2144 1414 713
412: 1999 794 567
413: 1397
414:
415: 2576 2385
416: 1699
417: 1474 1426 663
418: 2802 1507
419: 2780
420: 1413 440
421: 2452 2182 1826 1450 603
422: 974
423: 2917 2703 1771 1458 1360
424: 749 715
425: 2980 2414 1993 1416 1330 810 578
426: 3144 3073 2611 2045 1569 1189
427: 2923 1033 852 747 653
428: 550
429: 1917
430:
431: 2149 1882 1231
432: 570 547
433: 3106 479
434: 982
435: 3145 2883 2087 1707 850
436: 2694 1405
437: 1644 1635
438: 1739 1598 473
439: 680 617
440: 3180 1884 580 536
441: 901 538
442: 2454 1060
443: 1437 1110 1059 695 568
444: 2475 1133 995 781
445:
446: 875
447: 2964 2199 1358 588
448: 3112 2854 2589 1185
449: 2747 1997 1861 1602
450: 2026
451: 658
452:
453: 3169
454: 3078 2791
455: 2183 1580
456: 2088 1550 802
457: 1849 1413
458: 2945 1868 1682
459: 2868 2010
460: 2997 2011 787 776
461: 1718
462: 2362
463: 1024
464: 1391 1296 667
465: 706
466: 2427
467: 1814 1048 1047
468:
469: 3152 2742 1750 539
470: 566
471: 2034 1204 975
472: 1409 1063 760
473: 2552 2442 1316 948 858 827
474: 3062 1851 753
475: 3292
476: 1025 766
477: 511
478: 2345 1476 1320 843
479: 2288 1980
480: 2725 831
481: 3225 544
482: 1014 894 833 767
483: 1919
484: 3171 2881 671
485: 2535 2232 1459
486: 2872 1925 647
487: 1571 1039 965 523
488: 2840 759
489:
490: 686
491: 3149 1623
492: 2895 2222 2044 999
493: 3164 2608 1660 1479 1388 797 549
494: 2166 665
495: 2150 1279 613
496: 3092 1155
497: 756
498: 704
499:
500: 1815 1049 954 590
501: 3287
502: 2468 1080 1065
503: 777
504: 2771
505: 2533 1087 738
506: 826 528
507: 710 537
508: 1028
509: 2953 2382 812
510: 3104 2737 2094 1881 1624 1123
511: 1406
512: 763
513: 1686 755 520
514: 2744 1803 1730
515: 1596
516: 1839 968
517:
518: 960
519: 2107 1211 1196
520: 2929 1591 1570 541
521: 1249 1183
522: 3202 2683 2576 2385 2365 1865 1543 1472 1351 761
523: 2183 1580
524: 2883 526
525: 2917 1360
526: 1336
527: 2288 1980 682
528: 2357 2014 1367 1322 985 687
529: 2261 1796 1064
530: 1549 654
531: 1016
532: 2590 920
533: 1604
534: 1416 651
535: 3207
536: 2281 1256 1202 627 600
537: 3169 2980 2816 2494 1993
538:
539: 3250 2252 811 694
540: 2645 2404
541: 2228
542: 2042 560
543: 2872 1784 897 779
544: 2681 1737 1521 848 746 546
545: 1130 1082 1012 846
546: 903 714
547: 2918 1489
548: 1420 1246
549:
550: 2632 1639 1457
551: 2269 720
552: 2971 2662 2251 1454
553: 2804 700
554: 2811
555:
556: 804
557: 2512 847
558:
559: 2490 1866 1720 1645 1523 1301 828
560: 1215
561: 1845 1802 1255 1055
562: 2790 2696 2106 1896 1339
563:
564: 1629
565: 1787 793
566: 3145 2810 1811 1428
567: 944 880
568: 1426 783
569: 1947 1587
570: 2895 2237 1368
571: 1529 572
572: 1083 978 685
573: 2669 626 583 576
574: 3266 3253 2963
575: 2291 1711 1236 904
576: 3167 652 637
577: 1967 1884 1524
578: 2664 1940 1920
579: 1357
580: 2426 1926 1267 1192 854
581: 3029 2726 2711 1708 1510 1257 782 730
582: 3116 1480 1334
583: 689
584: 2641
585: 3123 2460 1077
586: 1543
587: 2800 1678 577
588:
589: 2956 1912 1789 1477 1312 1113 1048 1047 900 893
590:
591: 1706 788
592: 2354
593: 1956
594: 3101 1574 1533 775
595:
596: 3225 1422 1041
597: 1766 1367 1322 985
598: 2060 1697
599:
600: 2085 1681 949 874
601: 1233
602: 3261 817
603: 1741 1557
604: 1318
605: 1915 1280 1219 943 674
606: 941
607: 2367 1800 1627 945
608: 2054 1648
609: 2985 2648 2550 1874
610: 1847 1323 733
611: 3281 2680 2209
612: 869
613: 1429
614: 1164
615: 3212 3116 623
616:
617: 2941 608
618: 1723 1505 1205
619: 1641
620: 1258 1088 615
621: 2503 1186
622: 3120 2969 1991 796
623: 2594
624: 3243 2638 2205 1924 1760 1278 964 818
625:
626: 3101 2550 1778 1574 1533
627: 1268
628:
629:
630: 2081 873
631: 3211 2679 2522 1488 1395 1097
632: 3219 1534
633: 1417 1401 632
634:
635:
636: 1609
637: 734
638:
639: 1901 1411 633
640: 3164 1660 1388 684
641: 2212 1975
642: 1986 1169 860 635
643: 1314
644: 2195 2033 1019
645: 2486 2024 691
646: 2431
647: 2261 1105
648: 1228
649: 1805 1175
650: 2726 2711 1510 1257 782 730
651: 1438
652:
653: 2533 1194
654:
655: 2617 1649 1116
656: 3106 2557 1281 1042 688
657: 2501 1911 1870 1295
658: 887
659: 926
660: 3229 2671 1788 1421 1331 1089
661: 1973
662: 3229 1788 1421
663: 2661 2356
664:
665: 2321 2055
666: 3231 2509 2498 2381 1955
667: 3010 2206 1960 1530 1374 902
668: 2389
669: 2101 2057 1684 1027 743
670: 2989 1460 1344 993
671: 1096 838
672: 1050 709
673: 2618 1772 1514 1168 1000 829
674: 1595 758
675:
676:
677: 1650 807
678: 2602 1075 835
679: 2998 2356 2288 1980 1859
680:
681:
682: 2653
683: 1883
684: 2123
685: 2942 2000
686:
687: 3261
688: 884 736
689: 3268 3047 1441
690: 1508
691: 3216 1866 1720 1645 1466 823
692: 1452 1294 1156 1021 701
693: 2792 2298
694: 2469 1577
695: 3149
696: 1877 1670
697: 2924 757
698: 1680 1227
699: 2414
700:
701: 1370 1106
702: 2266 1839 1161 765
703: 1604
704: 1626 950
705: 3181 1307 1037 956 728
706: 1475
707: 2903
708: 1621
709: 1630
710: 2260 732
711: 2920
712: 1288
713: 1002
714:
715: 699
716: 1329 1066 970
717: 2563 2273
718:
719: 2058 981
720: 2409
721: 2825 1132 919
722: 2871 2461 2402 1036
723: 2081 942
724: 2118 708
725: 2642 1461
726:
727: 774
728:
729:
730: 2500 1793 1500
731:
732:
733:
734: 742
735: 1180
736:
737: 2509 2498 2381 1471
738: 918
739: 2880 2102
740: 1617 1310
741: 928
742:
743: 3206 2955 2279 1200
744: 2822 1584
745: 973
746:
747:
748: 1833
749: 841
750: 2918 1263
751: 1391 914
752: 2214
753:
754:
755: 3258
756: 2452 2182 1746 1013
757: 2734 799
758:
759: 859
760:
761: 2463 2358
762: 2685 2468 2193 830
763: 3127 2440
764: 3154 2514 2310 2169 1182 994
765: 2922
766: 798
767: 2878 2641 1995
768: 2953
769:
770: 3144 1011
771: 2239
772: 3072
773: 1191
774: 1774 1069
775: 2273
776: 1950
777: 1440
778: 1754
779: 1163
780: 2583
781: 1693 1269 822
782: 2119 1934 1831
783:
784: 2224
785: 2939
786: 2361 1384
787: 1188
788: 2350
789: 2672 1565 1546 1517 1074
790: 3202 2683 1480
791: 3236 1945 1435 1058
792: 3125 2957 1872 998
793: 1889 1307
794: 1821 1173 834
795:
796: 2075 1293
797: 2445 1659 958
798: 1698 1600 1230
799: 2567 2472 2059 896
800: 888 856
801: 895
802: 2319 1853 1390
803:
804: 3271
805: 1866 1720 1645 1523 913
806: 1277
807: 2794 2268
808: 3078 2791 1068 909
809: 1606
810: 2258
811: 2051
812: 3021 2974 1654
813:
814: 963 940
815: 1032
816: 2410
817: 2025
818: 1004
819:
820: 1071
821: 3205 2383
822: 2396 977
823: 1528
824: 849
825: 2685 2193 2090 1671 951
826: 825
827: 2386 1551
828:
829: 1244
830:
831: 1389
832: 1213
833: 1031 881
834: 2661 857
835: 2022
836: 961
837: 2050 891
838:
839: 1822 1124
840: 1740 1324 1126 1061
841: 1816 1646
842: 2327 1094
843: 2220
844: 3220 1666
845:
846: 1306 1023
847: 1187 1107
848:
849: 2467 1875 1020
850: 3177 1776 840
851: 2953
852:
853: 1592 930
854: 2411 1129
855: 1564
856: 2950 1826 1450
857: 2410 1158
858: 1863 1199
859: 1399
860: 3235 3149 2437 1118
861: 1144 1054
862: 3207 2513
863: 2527 953
864: 2007
865: 3155 2485 2347
866: 2242 1583 1347
867: 3250 2252
868: 2966 1136
869: 1319
870:
871: 2540
872: 1350 1134 952
873: 2872 2696 1056
874: 1453 1223
875: 3006 1992
876: 3111 1159
877: 2639 1166 935
878: 1070
879:
880:
881: 2284
882: 2002 1343
883: 1470
884: 1647 922
885:
886: 2311 1266
887: 2028 910
888: 2649
889: 3143 1342 1229
890: 3270 3259 2958 2457 929
891:
892:
893: 1498
894: 3061 1951
895: 996
896: 3130
897: 3245 3230 3021 2547 2464 1081
898:
899: 1892 1631 976
900: 2064 1664
901: 2651 2275
902: 2724 1153 1100 1045
903:
904: 1836 1779 1663 1225
905: 1086
906: 1665
907: 2281
908:
909: 1442
910: 1996
911: 2361 1588 1419 1384
912:
913: 899
914: 3119 1073
915: 2613 1090
916: 1433
917:
918: 3067 2531 2299 2113 1333
919: 3074 2599 1647
920:
921:
922: 1353
923: 2657 2047
924:
925: 3221 2851 1911 1121
926: 1761
927: 2084 1566 1478 979
928: 2099 1721 1006
929: 2752 921
930: 2756 1377 1026
931:
932: 2154
933: 2542 2059 1167
934:
935: 2561
936: 1141
937: 1614
938:
939:
940: 1809 1062
941: 2095 1447 1034
942: 1273
943:
944: 2522
945: 2626 2403
946: 1732
947:
948: 2890 990
949: 2123 1559
950: 2705
951: 1259
952: 1369
953:
954:
955: 1283 1084
956:
957:
958: 3058 1586 1076
959: 1851
960: 3113
961: 3034 1792
962: 2165 1038
963:
964: 3275
965:
966: 2671
967: 2695 2267 2192
968: 2413 2257
969: 2189 1798
970: 2675 2204 1264 1207
971: 1657 1143
972: 1243
973: 2970 1984
974: 2830 1456
975: 1756
976: 1998 1502 1160
977: 2685 1529
978: 1923 1326
979: 1716
980: 1512
981: 1245
982: 3285 1138
983: 2720
984: 2120 1622
985:
986: 1362
987: 2551
988: 2517
989: 1804
990:
991: 1496
992:
993: 3253 2688 2537 1531
994: 3261 3256 1079
995: 2075 1203
996:
997: 1431
998: 1556
999: 3179
1000: 2501 1806
1001:
1002: 3063
1003:
1004: 2764 2243 1535 1483
1005: 2902
1006:
1007: 2807 2788 1029
1008: 1766
1009: 3256
1010: 2715 2027 1015
1011: 1276
1012: 1022
1013: 1908
1014: 1653
1015: 2011 1338 1335
1016: 3212 1683 1415
1017: 2782 2686 1525 1018
1018:
1019: 2293
1020:
1021: 2074 1503
1022: 2537
1023:
1024: 1554 1455
1025: 2136
1026: 1265 1206
1027:
1028:
1029: 1345
1030: 2594 1880 1726 1520
1031: 1126
1032: 2935
1033:
1034: 2547 2464 2068
1035: 1909
1036: 1519 1221
1037:
1038: 2496 2100 1247
1039: 1977
1040:
1041:
1042:
1043: 1067
1044: 2368
1045:
1046:
1047:
1048: 2557 1748 1352 1309
1049: 3185 2910 1619 1364
1050:
1051: 2425 1890 1142
1052:
1053: 2641 1104
1054:
1055: 1378
1056: 2344
1057: 1733
1058: 2163 1637
1059:
1060: 3165
1061:
1062: 2688
1063: 3187 2477 2117
1064: 1815 1540
1065: 1740 1324
1066: 2680 2209
1067: 1638
1068:
1069:
1070:
1071: 2157
1072: 1643 1445 1093
1073: 3242 1797
1074: 1216
1075:
1076: 2181
1077:
1078:
1079: 3087 1250
1080: 1253 1095
1081: 2944 1109
1082:
1083: 1862 1254
1084:
1085: 2420 1376
1086: 3186 2964 2678 2575 2247 2199
1087:
1088: 2704
1089:
1090: 2313
1091:
1092: 2834
1093: 1176
1094: 3271
1095: 3291 3280 3002 1465
1096:
1097: 3042
1098: 2747 2580
1099:
1100: 2959
1101: 1224
1102: 2844 1423
1103: 3130 2504 2267 2192
1104:
1105: 2893 2864 2820 2707 1961 1930
1106:
1107:
1108: 3221
1109:
1110:
1111: 1753
1112: 2699 2208 1567
1113:
1114: 3126 2109
1115: 3142 2455 2158 1539 1341
1116:
1117:
1118:
1119: 2716
1120:
1121:
1122:
1123:
1124: 1895
1125: 2322
1126: 2560 1363 1270
1127: 3265 1545
1128: 2346
1129:
1130: 1261
1131: 3212 2792
1132: 2795 2213 2091
1133: 2557 2399 2161 1513
1134: 2887 2714 2096 1775 1214 1128
1135:
1136:
1137: 1989
1138: 3217 2377 2160
1139:
1140:
1141: 1532
1142: 1581
1143: 3021 2974
1144:
1145: 1427 1201
1146: 2768 2351
1147:
1148: 2114
1149: 3288 2812 1579
1150: 3105 2005
1151: 1181
1152: 2793 2631 2225 1434
1153: 1232
1154:
1155: 1302
1156: 1704
1157: 3288 3093 1959 1705 1321 1305
1158: 2190 1493 1404
1159: 1619 1364
1160:
1161:
1162: 2270 1325
1163: 2515 1610
1164: 1914
1165:
1166:
1167: 1963
1168: 2336
1169: 1165
1170: 1965 1887 1883
1171: 3205 2383
1172: 3021 2974 2806
1173: 1751 1387
1174: 2706
1175: 1238
1176:
1177:
1178:
1179: 3020
1180: 1313
1181: 2479
1182: 2428 2154
1183: 2876
1184:
1185:
1186:
1187: 2971 2662 2507 2092 1402
1188: 3054 1237
1189: 2244 1749 1541
1190:
1191: 2720
1192: 2004
1193: 1340
1194:
1195:
1196: 2320 1929 1762
1197:
1198:
1199:
1200:
1201: 2283 1905 1688 1337
1202: 1290
1203: 2432
1204:
1205: 1942
1206:
1207: 2399 2161
1208: 2901 2581 2238
1209:
1210: 1662
1211:
1212: 2597
1213: 1786
1214: 3212 1961 1683
1215: 2181
1216: 2936 1913 1783
1217: 1860
1218: 2647 2050 1976 1361
1219:
1220: 1486
1221: 1235
1222:
1223: 2224
1224: 3220 1566 1272
1225: 1217
1226: 1218
1227: 3081 1655
1228: 1706
1229:
1230: 3099
1231: 2731 2458
1232: 2337
1233: 3178
1234: 2907
1235: 2775
1236:
1237: 2903
1238:
1239:
1240:
1241: 1855 1817 1298
1242:
1243: 3136 3107 2397
1244: 2834
1245: 2790 2106 1896 1608
1246: 1974 1575
1247: 3157 2995
1248: 1700
1249:
1250: 1676
1251:
1252: 1735 1632
1253: 1473
1254: 1806
1255:
1256:
1257: 3116 2363 1492 1436
1258:
1259: 2215
1260:
1261: 2924 2184
1262: 1612
1263: 1615
1264:
1265: 3129 2277
1266: 2109 1398
1267:
1268: 2529 2067 1490
1269: 2550
1270: 2036
1271: 2614
1272: 2148
1273: 1633
1274: 2077 1308
1275:
1276:
1277:
1278: 3170
1279: 3228
1280: 1966
1281: 2088
1282: 2201 2130
1283: 2267 2192
1284: 2660 2307 2078
1285: 2913 2006 1594
1286:
1287:
1288: 1819
1289: 2194 1854
1290: 1547
1291: 1962 1311
1292: 2089 1764
1293: 1449
1294:
1295:
1296:
1297: 1425
1298: 3159 3023 2983 2784
1299: 2105
1300:
1301: 2754 2375
1302: 3036 3013 2379
1303:
1304: 2495
1305: 2349
1306: 2334 1899
1307: 2839 2643 2474 1962
1308: 2814
1309:
1310:
1311: 3000 2746 2332 2015
1312: 1820
1313: 3167
1314:
1315: 3290 1782
1316: 2954 1673
1317:
1318: 2292
1319: 2526 2324
1320:
1321: 1494
1322: 3045
1323: 2811 2696 2061
1324:
1325:
1326: 2833
1327:
1328: 1607
1329: 1677
1330:
1331:
1332: 2080 1835
1333:
1334: 2276
1335: 3237 3095
1336: 3267 2719
1337: 2827 2343
1338: 2357 2014
1339:
1340:
1341:
1342: 1850
1343:
1344: 2821 2612 2380 2155
1345: 2128 1689
1346:
1347:
1348:
1349: 2012 1938 1661
1350:
1351:
1352:
1353:
1354: 2638 2205
1355: 2916 1634 1432
1356: 3187 3070
1357:
1358:
1359: 3112 2871 2854 2589 2461 2402 2131
1360:
1361: 3008 2593
1362:
1363: 1613
1364: 1491
1365:
1366: 2453
1367:
1368: 3227
1369: 2247 1628
1370: 1807
1371: 2071
1372: 2421
1373: 3267 2719 2549 1729
1374:
1375: 3244 1846
1376: 1898
1377: 1910
1378: 1838 1468
1379: 2896
1380:
1381: 2045
1382: 2847 2434
1383: 1590 1561
1384: 2896
1385: 1927
1386: 2634
1387: 3114 2230 2223 1618
1388: 2850 2018
1389: 3055
1390: 2753 1954
1391:
1392:
1393:
1394: 2989
1395: 2235 1983
1396: 2067 1941
1397: 2604
1398:
1399: 3204 2727
1400: 2697
1401: 1467
1402: 2250
1403:
1404:
1405: 2667 2609
1406: 2388 1558
1407: 3223 2020 1656
1408:
1409: 1936 1701
1410: 2140 1946
1411:
1412: 2483
1413: 2859
1414: 2463 1933
1415:
1416: 2459
1417: 2864 1497
1418:
1419: 1987 1469
1420:
1421: 2174
1422: 2127 1712
1423:
1424:
1425:
1426: 1852
1427:
1428: 2147 1717
1429: 2666
1430: 2221
1431:
1432:
1433: 2756 2310
1434: 3259 1848
1435:
1436:
1437:
1438:
1439: 1832
1440: 1499
1441: 1601
1442:
1443: 3259 2715 2027 1731
1444: 2892
1445: 2534 2073 1518
1446:
1447: 2625
1448: 3089
1449: 2016
1450: 2617 1649
1451: 1957
1452: 1729
1453:
1454: 3057
1455: 1572
1456:
1457: 3081 2906 2521
1458: 1719
1459:
1460: 3112 2854 2589
1461: 2416
1462: 2948 2600 2062
1463: 2844
1464:
1465:
1466: 1555
1467: 1537
1468: 3005 2931
1469: 3282 2433
1470: 2514 2169
1471:
1472:
1473:
1474: 2384
1475: 3074
1476: 2648
1477:
1478:
1479: 2728 1722
1480: 1958
1481: 2873
1482: 2650
1483: 2569
1484: 2899
1485: 2212
1486:
1487:
1488: 2017
1489: 2797 2584 2244 1749
1490: 1773
1491: 1923 1669
1492: 1928 1667
1493: 1943
1494: 2783
1495:
1496: 2708 2565 1894
1497: 3166
1498: 2415
1499: 2141
1500:
1501: 2735 2032 1640
1502: 1813
1503: 3257
1504: 2838
1505:
1506: 2752 2083
1507:
1508: 2628 2492 2355
1509:
1510: 3246 1840
1511:
1512:
1513: 1911
1514: 3003 1879 1767
1515:
1516: 2718
1517:
1518: 3291 3280 3002 2144
1519: 1981
1520: 2173
1521:
1522: 2259
1523:
1524: 3025 2515
1525:
1526: 2132
1527: 1620
1528: 2869 2463
1529:
1530: 1844
1531: 2362 2066
1532: 1625
1533: 2588
1534: 3091
1535:
1536: 3079
1537:
1538: 2770
1539: 3065 1937
1540: 2774
1541:
1542: 2568
1543:
1544: 1794
1545: 3203
1546: 1605
1547: 2824 2300
1548:
1549: 2596
1550: 3138
1551:
1552: 2813
1553: 1801
1554:
1555: 1956
1556:
1557: 1691
1558: 2153
1559:
1560: 2156 2049
1561: 2234 2110
1562: 1791
1563: 2048
1564: 3066
1565: 1710
1566:
1567: 2604
1568: 1970 1891 1695
1569:
1570:
1571:
1572:
1573:
1574:
1575: 2734 2668 2167
1576: 2877 1770
1577: 2578 2466
1578:
1579:
1580: 2407
1581:
1582: 2178 1725
1583:
1584: 3156 2938
1585:
1586:
1587:
1588:
1589: 3177 2393 2191
1590:
1591:
1592:
1593: 2296
1594: 2107 1758
1595:
1596: 3155 2485 1902
1597:
1598: 2301 2196 1829
1599: 2972
1600:
1601: 2545
1602:
1603: 2709 1830
1604: 3241 2171
1605:
1606:
1607:
1608:
1609: 2961 2738 2207
1610:
1611:
1612: 3118
1613:
1614: 2476
1615:
1616:
1617:
1618: 2262
1619: 2162 1968
1620: 2555
1621:
1622: 3053
1623: 2710 2554
1624:
1625:
1626: 1949
1627: 3060 3040 2842
1628: 3085
1629:
1630: 3195 2176
1631: 2251 1702
1632: 2187
1633:
1634:
1635: 2644
1636:
1637:
1638: 2665
1639:
1640: 2143
1641: 2424 1885
1642: 3192
1643:
1644:
1645:
1646: 3009 2481
1647: 2516 2391
1648:
1649:
1650: 3189
1651:
1652: 1837
1653: 3161 2860
1654:
1655:
1656: 2929 2336
1657:
1658: 3161
1659:
1660:
1661: 2282 1900
1662:
1663:
1664: 1893
1665: 2328 1768
1666: 2740
1667: 3121
1668: 2202 2139
1669:
1670:
1671: 1867
1672: 2264
1673: 3123 2460
1674:
1675: 2521
1676: 3019
1677:
1678: 1902
1679: 2801
1680: 1734
1681: 2353
1682: 2957
1683:
1684: 2982 2687 1916
1685: 2256
1686:
1687: 3127
1688:
1689: 2810
1690:
1691:
1692:
1693:
1694:
1695:
1696: 3064 1841
1697: 2861 2422 2203
1698:
1699:
1700: 1752
1701: 2836
1702: 1988 1864
1703: 2122
1704: 2904
1705:
1706: 2164
1707:
1708: 2376
1709:
1710: 2082 1858
1711: 1903
1712: 2778 2423
1713: 2843
1714:
1715:
1716: 2693 2340
1717: 1979 1765
1718:
1719:
1720: 2305 2112
1721: 2639
1722:
1723: 2108
1724:
1725:
1726:
1727:
1728: 2264
1729: 2605
1730:
1731: 3275 2695
1732: 2729 2598
1733: 2325
1734: 1824
1735: 2309
1736: 3293 2520
1737:
1738:
1739:
1740:
1741:
1742: 2991
1743: 2465
1744: 2630 2013
1745: 3119
1746:
1747:
1748: 2863
1749: 3033 2535
1750: 1810
1751: 2240
1752:
1753: 2891 1808
1754: 2290
1755:
1756:
1757: 3175
1758: 3150
1759: 1825
1760: 3094
1761: 2928
1762: 1812
1763: 2408 2076
1764:
1765:
1766: 3011
1767: 2019
1768:
1769:
1770: 2086
1771:
1772: 2023
1773:
1774:
1775: 2248 2198
1776:
1777:
1778: 2493
1779: 2056 2038
1780:
1781: 2417 1922
1782:
1783: 1969
1784: 2525
1785: 3216
1786:
1787: 2925 2722
1788: 2882
1789:
1790: 2695
1791:
1792:
1793: 3269
1794:
1795:
1796: 3041 2684 2366
1797:
1798:
1799:
1800:
1801: 3153 2046
1802:
1803: 2523
1804: 2701
1805: 2502 2450 2429
1806:
1807:
1808: 3263
1809:
1810:
1811:
1812: 2846 2134
1813:
1814: 3073
1815:
1816:
1817: 1857
1818: 2894
1819:
1820:
1821: 3201
1822: 2516 2391
1823: 2779 1904
1824: 2830
1825:
1826:
1827:
1828: 2806
1829: 2341 1985
1830:
1831:
1832:
1833: 2898
1834: 2179
1835: 2986 1952
1836: 3211 2679 2645 2404 2323 2145
1837: 2430
1838:
1839: 2815
1840:
1841: 1944
1842: 3243
1843: 2658
1844:
1845:
1846:
1847: 2480 2233
1848: 3128 3110 2097 1972
1849: 2635 2227
1850:
1851: 2439
1852: 2921
1853:
1854:
1855: 2079
1856: 2705
1857:
1858: 2306
1859:
1860:
1861: 2274
1862: 2654 2546
1863:
1864:
1865: 2978 1907
1866:
1867:
1868: 2510
1869: 2364 2035
1870: 2372
1871: 2655
1872: 1921
1873: 3071
1874: 2297
1875:
1876:
1877:
1878: 3018 1948
1879:
1880:
1881:
1882:
1883:
1884: 2480 1978
1885:
1886: 2736
1887:
1888:
1889: 2621
1890: 3007
1891:
1892:
1893:
1894: 2616
1895: 2823 2553 2482
1896:
1897:
1898:
1899:
1900:
1901:
1902:
1903: 2865
1904:
1905:
1906: 2116
1907: 3051 2841 2052
1908: 2659 2348
1909:
1910: 2210
1911: 3073
1912: 2947
1913:
1914:
1915: 3238 2571
1916: 3287
1917:
1918: 3172
1919: 2318
1920:
1921:
1922: 2093
1923:
1924:
1925: 2387
1926:
1927:
1928: 2977 2629 2330 2188
1929: 3056
1930: 2133
1931: 2829 2516 2391
1932:
1933: 3091 2653
1934: 3274 2763
1935: 2031
1936:
1937: 2885
1938:
1939:
1940:
1941:
1942:
1943: 2069
1944:
1945:
1946:
1947:
1948:
1949: 2652
1950:
1951: 2751 2518
1952:
1953:
1954: 3224
1955:
1956: 2395
1957: 2857
1958: 2314
1959: 2394 2338
1960:
1961: 2656
1962:
1963:
1964: 3196
1965: 2124
1966:
1967:
1968:
1969: 3086 2180 2170
1970: 3250
1971: 3269
1972:
1973:
1974:
1975:
1976: 2875 2185
1977:
1978:
1979:
1980:
1981:
1982:
1983:
1984:
1985: 2773
1986:
1987: 3026
1988: 2236 2053
1989:
1990: 3022
1991:
1992: 2556
1993: 2682
1994:
1995:
1996:
1997:
1998: 2497
1999:
2000:
2001: 2803
2002:
2003: 2401
2004: 2750
2005:
2006: 2856
2007: 2488
2008:
2009: 3084
2010:
2011:
2012: 2909
2013: 3115
2014:
2015:
2016:
2017: 3038
2018: 3014 2444 2151
2019:
2020:
2021:
2022:
2023:
2024:
2025:
2026:
2027:
2028:
2029: 3012 2065
2030:
2031: 3117
2032:
2033:
2034:
2035: 2960
2036:
2037: 2582 2115
2038:
2039: 2063
2040: 2764
2041: 2772
2042: 2572
2043:
2044:
2045: 2851
2046:
2047:
2048:
2049: 2408
2050:
2051:
2052: 2933
2053:
2054: 3249
2055:
2056: 2415
2057:
2058:
2059:
2060: 2359
2061:
2062:
2063:
2064: 2436
2065:
2066:
2067: 2732
2068:
2069:
2070:
2071:
2072: 3254
2073:
2074: 2263
2075:
2076: 3297
2077:
2078:
2079:
2080: 2855
2081:
2082:
2083:
2084:
2085: 2987
2086: 2754
2087:
2088:
2089:
2090:
2091: 2636
2092: 2934
2093:
2094:
2095: 2249
2096: 2491
2097:
2098: 2438 2142
2099:
2100:
2101:
2102: 2159
2103:
2104:
2105: 3131 2449
2106:
2107: 3070
2108:
2109: 3269
2110:
2111: 3109
2112:
2113: 2231
2114: 3158
2115:
2116: 3059
2117:
2118:
2119:
2120:
2121:
2122:
2123:
2124: 2789
2125:
2126: 2942
2127:
2128:
2129:
2130:
2131: 2805
2132:
2133: 2601
2134: 2315
2135: 2285
2136:
2137: 2994
2138:
2139: 2940 2905
2140: 2673
2141: 2175
2142: 2840
2143:
2144:
2145:
2146:
2147: 2294
2148: 3090
2149: 3135 2952 2692 2303
2150:
2151: 2532
2152:
2153:
2154: 2412
2155:
2156:
2157:
2158:
2159:
2160:
2161:
2162:
2163:
2164:
2165:
2166: 3253
2167: 2622
2168:
2169:
2170:
2171:
2172: 3120 2969 2796 2316
2173:
2174:
2175: 2627
2176:
2177: 2530
2178: 2757
2179: 3231
2180: 2677
2181: 2333
2182: 2766 2371
2183: 2499
2184:
2185:
2186: 2624
2187: 2862
2188:
2189:
2190: 2304
2191:
2192:
2193:
2194: 2606
2195: 2968
2196: 2329
2197: 2562
2198:
2199: 2278
2200:
2201:
2202: 2760
2203: 3218
2204:
2205:
2206:
2207: 2446
2208:
2209:
2210:
2211:
2212: 2245
2213: 2253
2214: 2809
2215: 3032
2216: 3076
2217: 3160
2218:
2219: 2373
2220: 2759
2221:
2222:
2223:
2224: 3266 2963
2225: 2586
2226:
2227: 3279
2228: 2927
2229:
2230:
2231:
2232:
2233:
2234: 2743
2235:
2236:
2237:
2238:
2239:
2240:
2241:
2242:
2243: 3143
2244:
2245:
2246:
2247: 2767
2248:
2249:
2250:
2251:
2252: 3051 2841
2253: 2615 2398
2254:
2255: 3180
2256:
2257:
2258:
2259: 2831
2260:
2261: 3147
2262:
2263: 2326
2264:
2265:
2266:
2267: 3250 3053 2435
2268: 2932 2400
2269: 3252 2835
2270:
2271: 3277
2272:
2273:
2274:
2275:
2276: 3046
2277:
2278:
2279:
2280: 3133
2281:
2282:
2283:
2284:
2285:
2286:
2287:
2288:
2289:
2290: 2984 2765
2291: 3104 2462
2292:
2293:
2294:
2295:
2296: 2352
2297:
2298:
2299:
2300: 2603
2301: 2536
2302: 3014
2303:
2304:
2305: 2776
2306: 3285
2307: 3157 2995
2308:
2309:
2310: 3249
2311:
2312: 3068
2313:
2314: 3031
2315: 3200
2316: 2965
2317:
2318:
2319:
2320: 2915
2321:
2322:
2323:
2324: 2579
2325:
2326:
2327:
2328: 2447
2329:
2330:
2331:
2332: 2862
2333:
2334:
2335:
2336:
2337:
2338:
2339: 2405
2340:
2341:
2342: 2798
2343:
2344: 2781
2345: 3077
2346:
2347:
2348:
2349: 2951
2350:
2351:
2352:
2353:
2354: 3134
2355:
2356:
2357:
2358: 2748
2359:
2360:
2361: 2698
2362: 3151 3088
2363:
2364: 3276
2365:
2366: 2633
2367:
2368:
2369:
2370: 3295
2371: 2519
2372:
2373:
2374:
2375:
2376: 3050
2377: 3137
2378: 2700
2379:
2380:
2381:
2382:
2383:
2384:
2385:
2386:
2387:
2388:
2389: 2689
2390: 3162
2391:
2392:
2393:
2394:
2395:
2396:
2397:
2398:
2399: 3234 2858
2400:
2401:
2402: 2712
2403: 3204
2404:
2405: 2992
2406:
2407:
2408:
2409:
2410:
2411: 3294 3198
2412:
2413:
2414:
2415:
2416:
2417:
2418:
2419:
2420: 2949
2421:
2422: 2702
2423:
2424:
2425:
2426: 3229 2919
2427:
2428: 3097
2429: 3197
2430:
2431:
2432:
2433:
2434:
2435: 2886
2436:
2437: 2990
2438: 3017
2439:
2440:
2441: 2670
2442:
2443:
2444: 3083
2445: 2539
2446: 2591
2447:
2448:
2449:
2450:
2451: 3241 3188
2452: 2721
2453: 2848
2454:
2455:
2456:
2457:
2458:
2459:
2460:
2461:
2462:
2463:
2464: 2866
2465: 2758
2466:
2467:
2468:
2469: 2914
2470:
2471: 3129
2472:
2473:
2474:
2475:
2476: 2897
2477:
2478:
2479:
2480: 3194
2481: 2548
2482:
2483: 2663
2484:
2485:
2486:
2487:
2488:
2489:
2490:
2491:
2492:
2493:
2494: 2637
2495:
2496: 3226 2592
2497:
2498:
2499:
2500:
2501:
2502:
2503:
2504: 2870
2505:
2506: 3108
2507:
2508:
2509:
2510:
2511:
2512:
2513:
2514:
2515:
2516:
2517:
2518:
2519:
2520:
2521: 2799
2522:
2523:
2524:
2525: 2900
2526:
2527: 2564
2528:
2529:
2530:
2531:
2532:
2533:
2534:
2535:
2536: 2623
2537:
2538:
2539: 2930
2540: 3219 2849 2785
2541:
2542:
2543: 2690
2544:
2545:
2546:
2547: 3049
2548:
2549:
2550: 2755
2551:
2552:
2553:
2554:
2555: 3098
2556: 2884
2557:
2558:
2559:
2560:
2561: 2739
2562: 3262
2563:
2564:
2565:
2566:
2567:
2568:
2569:
2570:
2571:
2572:
2573:
2574:
2575:
2576:
2577:
2578:
2579: 2993
2580:
2581:
2582:
2583: 2852 2808
2584:
2585:
2586:
2587:
2588:
2589: 2828 2819
2590:
2591:
2592:
2593:
2594:
2595: 3084
2596:
2597:
2598:
2599:
2600:
2601:
2602:
2603:
2604: 2874
2605:
2606:
2607:
2608:
2609:
2610:
2611: 3025
2612: 2999
2613: 2845
2614:
2615:
2616:
2617:
2618:
2619:
2620:
2621:
2622: 2818
2623:
2624:
2625: 3037
2626:
2627:
2628:
2629:
2630:
2631:
2632:
2633:
2634:
2635:
2636:
2637:
2638:
2639:
2640:
2641:
2642:
2643:
2644:
2645:
2646:
2647:
2648:
2649:
2650:
2651:
2652: 3148
2653:
2654:
2655:
2656:
2657: 3294
2658: 3208
2659:
2660:
2661:
2662:
2663:
2664:
2665: 3015
2666: 2769
2667:
2668: 2853 2817
2669:
2670:
2671:
2672:
2673:
2674:
2675: 3240
2676: 2749
2677:
2678:
2679:
2680:
2681:
2682:
2683:
2684:
2685:
2686:
2687:
2688:
2689: 2761
2690:
2691:
2692: 2888
2693:
2694:
2695:
2696:
2697: 2730
2698:
2699:
2700:
2701:
2702: 3296
2703:
2704:
2705:
2706: 3100
2707:
2708:
2709:
2710:
2711:
2712:
2713:
2714:
2715:
2716:
2717:
2718:
2719:
2720:
2721:
2722:
2723:
2724:
2725:
2726:
2727:
2728:
2729:
2730:
2731:
2732:
2733:
2734:
2735:
2736:
2737:
2738:
2739:
2740:
2741:
2742:
2743:
2744:
2745:
2746: 3245 3230
2747:
2748:
2749:
2750: 2787
2751:
2752:
2753:
2754:
2755:
2756:
2757:
2758:
2759:
2760:
2761:
2762:
2763:
2764: 2988
2765:
2766:
2767:
2768:
2769: 3039
2770:
2771:
2772:
2773:
2774:
2775:
2776:
2777:
2778:
2779:
2780:
2781:
2782:
2783:
2784:
2785: 2889
2786:
2787:
2788:
2789: 3214
2790:
2791:
2792:
2793:
2794:
2795:
2796:
2797: 3079
2798:
2799:
2800: 3255
2801:
2802:
2803:
2804:
2805:
2806:
2807: 3044
2808:
2809:
2810:
2811:
2812:
2813:
2814:
2815: 3105
2816:
2817:
2818:
2819: 2975
2820:
2821:
2822:
2823:
2824: 2908
2825:
2826:
2827:
2828:
2829:
2830:
2831:
2832: 2911
2833:
2834:
2835:
2836: 3082
2837:
2838:
2839:
2840:
2841: 3004
2842:
2843:
2844:
2845:
2846:
2847:
2848: 3232
2849:
2850: 3247
2851:
2852:
2853:
2854: 2973
2855:
2856:
2857:
2858:
2859:
2860:
2861:
2862:
2863:
2864:
2865:
2866: 2946
2867:
2868:
2869:
2870:
2871:
2872:
2873:
2874:
2875:
2876: 3184
2877:
2878:
2879:
2880:
2881:
2882:
2883: 3176
2884:
2885:
2886:
2887: 3233
2888:
2889:
2890: 3167
2891:
2892:
2893:
2894:
2895:
2896:
2897:
2898:
2899:
2900:
2901:
2902:
2903:
2904: 3103 3043
2905:
2906:
2907:
2908:
2909:
2910:
2911:
2912:
2913:
2914:
2915:
2916:
2917:
2918:
2919:
2920: 2996
2921:
2922:
2923:
2924:
2925:
2926:
2927:
2928:
2929: 3239
2930:
2931:
2932:
2933:
2934:
2935:
2936:
2937:
2938:
2939:
2940:
2941:
2942: 3146
2943:
2944:
2945:
2946:
2947:
2948:
2949:
2950:
2951: 3001
2952:
2953:
2954:
2955:
2956:
2957:
2958:
2959:
2960:
2961:
2962:
2963:
2964:
2965:
2966:
2967:
2968:
2969:
2970:
2971:
2972:
2973:
2974:
2975:
2976:
2977: 3272
2978:
2979:
2980:
2981:
2982:
2983:
2984:
2985:
2986: 3215 3024
2987:
2988:
2989:
2990:
2991:
2992:
2993:
2994:
2995:
2996:
2997:
2998:
2999:
3000:
3001:
3002:
3003:
3004:
3005:
3006:
3007:
3008:
3009: 3183
3010:
3011:
3012:
3013:
3014:
3015:
3016: 3096
3017:
3018:
3019:
3020:
3021:
3022:
3023: 3075
3024:
3025:
3026:
3027:
3028:
3029:
3030:
3031:
3032:
3033:
3034:
3035:
3036:
3037:
3038:
3039:
3040:
3041:
3042:
3043:
3044:
3045:
3046: 3251
3047:
3048:
3049:
3050:
3051:
3052: 3213
3053:
3054:
3055:
3056:
3057:
3058:
3059:
3060:
3061:
3062:
3063:
3064:
3065:
3066:
3067:
3068:
3069:
3070:
3071:
3072:
3073:
3074:
3075:
3076:
3077: 3132
3078:
3079:
3080: 3284
3081:
3082:
3083: 3199 3191
3084:
3085:
3086: 3264
3087:
3088:
3089:
3090:
3091:
3092:
3093:
3094: 3278
3095:
3096:
3097:
3098:
3099:
3100:
3101:
3102:
3103:
3104:
3105:
3106:
3107:
3108:
3109:
3110:
3111:
3112:
3113:
3114:
3115:
3116:
3117:
3118:
3119:
3120:
3121:
3122:
3123:
3124:
3125:
3126:
3127:
3128:
3129:
3130:
3131:
3132:
3133:
3134:
3135:
3136:
3137:
3138:
3139:
3140:
3141:
3142:
3143:
3144:
3145:
3146:
3147:
3148:
3149:
3150:
3151:
3152:
3153:
3154:
3155:
3156:
3157:
3158:
3159:
3160:
3161:
3162:
3163:
3164:
3165:
3166:
3167:
3168:
3169:
3170:
3171:
3172:
3173:
3174: 3168
3175:
3176:
3177:
3178:
3179:
3180:
3181:
3182:
3183:
3184:
3185:
3186:
3187:
3188:
3189:
3190:
3191:
3192:
3193:
3194:
3195:
3196:
3197:
3198:
3199:
3200:
3201:
3202:
3203:
3204:
3205:
3206:
3207:
3208:
3209:
3210:
3211:
3212:
3213:
3214:
3215:
3216:
3217:
3218:
3219:
3220:
3221:
3222:
3223:
3224:
3225:
3226:
3227:
3228:
3229:
3230:
3231:
3232:
3233:
3234:
3235:
3236:
3237:
3238:
3239:
3240:
3241:
3242:
3243:
3244:
3245:
3246:
3247:
3248:
3249:
3250:
3251:
3252:
3253:
3254:
3255:
3256:
3257:
3258:
3259:
3260:
3261:
3262:
3263:
3264:
3265:
3266: 3286
3267:
3268:
3269:
3270:
3271:
3272:
3273:
3274:
3275:
3276:
3277:
3278:
3279:
3280:
3281:
3282:
3283:
3284:
3285:
3286:
3287:
3288:
3289:
3290:
3291:
3292:
3293:
3294:
3295:
3296:
3297:
3298:
3299:
3300:
3301:
3302:
3303:
3304:
3305:
3306:
3307:
3308:
3309:
3310:
3311:
3312:
3313:
3314:
3315:
