1: 41 31 3 1
2: 378 170 46 5 2
3: 292 93 54 15
4: 460 241 192 156 19 9
5: 150 138 59 8
6: 537 516 143 60 53 52 45 6
7: 563 425 382 368 280 263 143 27 24 7 4
8: 345 327 253 243 236 214 159 145 126 124 81 73 22
9: 548 460 327 241 192 156 150 138 81 59 22 19 11 9
10: 551 443 439 429 63 16
11: 586 509 277 249 210 181 64 48
12: 507 492 283 51 38 18 13 12 10
13: 560 152 34 17
14: 143 60 29 14
15: 330 319 255 111 65
16:
17: 345 243 214 159 124
18: 360 195 189 135 47
19: 563 382 367 310 280 263 204 132 131 44 28
20: 201 76 36 20
21: 536 435 404 100 49 21
22: 137 92 42
23: 478 345 243 214 159 124 43 26
24: 362 289 199
25: 575 282 227 23
26: 62 56 37
27: 66
28: 489 484 296 172 157 69 30
29: 423 274 233 33 25
30: 484 172 40 32
31: 428 408 402 400 375 297 173
32: 489 309 296 71 67
33: 190
34: 226
35: 75
36: 365 286
37: 61
38: 487 449 443 439 429 362 308 295 231
39: 310 131 35
40: 483 455 249 39
41: 502 458 328 291 141
42: 127 77
43: 522 333 119
44: 398 68
45: 270 50
46: 585 557 329 269 116
47: 593 494 57
48: 157 69
49: 508 461 142 112
50: 376 365 343 286 212 174 119
51: 561 399 336 234 165 89 55
52: 301 78 58
53: 320 82 74
54: 561 536 399 376 343 234 174 165 100 89
55: 571 185 130 70
56: 553 295 231 114 113
57: 408 400 375 297 251
58: 247 128 115
59: 418
60: 420 221
61: 352 337
62: 315
63: 545 407 328 133
64: 435 322
65: 440 206 86
66: 420 147 91
67: 188
68: 227 171
69: 381 255 154 123
70: 539 446 412 380 144
71: 387
72: 512 443 439 429 310 163 128 115
73: 348 332
74: 134
75: 106
76: 146 98 97
77: 458 440 378 366 338 291 191 170 141 139
78: 545 407 212
79: 341 288 278 85 83
80: 567 540 501 193
81: 244 184 84
82: 547 72
83: 210
84: 440 79
85: 378 367 204 170 132 110 80
86: 377
87: 588 552 510 357 346 312 102 99
88: 220 125
89:
90: 129 87
91: 450 428 402 117
92: 413 122 103
93: 153 96
94: 436 109
95: 379 354 118
96: 105
97: 229
98: 88
99: 362 199
100: 318 95
101:
102: 516
103: 548 352 337
104: 566 287
105: 101 90
106: 398
107: 198
108: 151 149
109: 379 354 107
110: 363 309 166 108 94
111: 397 370 271
112: 575 564 431 416 298 273 257 253 236 217 213
113: 445 395 389 335 290
114: 471 344 254
115: 271
116: 543 323 136 104
117:
118: 266
119: 575 564 552 431 416 282
120: 264 140
121: 457
122: 321 161 158
123: 121
124: 554
125: 209 120
126: 285 208
127: 355
128: 450
129: 455 450 148
130:
131:
132: 251
133: 319
134: 525 246
135:
136: 240 182
137: 432
138: 155
139: 473 349 155
140:
141: 425 368
142: 187 160
143: 293
144: 221 216
145: 463
146: 178
147: 500 317
148: 512 167
149: 552
150:
151: 522 333
152: 572 175
153: 344
154: 403 347
155:
156:
157: 582 225
158: 339 162
159: 491 294
160: 489 296
161: 164
162: 203
163: 567 554 306
164: 359 262 215
165: 541
166: 194
167: 477 467
168: 512 224 205 177
169:
170: 550
171:
172: 328
173: 316
174:
175:
176: 411
177: 541 472 342
178: 258
179: 483 281
180: 274
181: 353
182: 405
183: 579 183 169 168
184: 437 372
185: 304
186: 529 373 179
187: 576 519 201
188:
189: 414 242
190: 265 186
191:
192: 461 176
193:
194: 434 410
195: 207
196: 281
197: 496 222
198: 180
199: 252
200: 435 404
201: 538
202: 591 464 239
203: 314
204: 396 218
205: 361
206:
207: 420 351 196
208:
209:
210: 384 311
211:
212: 268
213: 531 456
214: 197
215: 200
216:
217: 223
218: 462 237
219: 295 272
220: 515 469 405 232
221: 279
222:
223:
224:
225: 219
226:
227: 575 282
228:
229:
230: 559 313
231:
232: 532
233: 299 261 228 211
234: 588 346
235: 465 248 202
236: 454
237: 480
238: 469
239: 513 371
240: 421 419 275
241: 445 395 389 290
242:
243: 583 527 303
244: 498 493 324 320
245: 385
246: 259
247: 245
248:
249: 235
250: 305
251: 423 233
252:
253: 502 302
254: 267
255: 260
256: 593 518 494
257: 591 464 427
258:
259:
260: 299 228
261:
262:
263: 300
264: 331 230
265:
266:
267: 583 530
268: 583
269: 238
270:
271: 276
272:
273:
274: 394
275: 392
276:
277: 401 334 250
278: 504
279:
280: 340
281: 577 543 453 284
282:
283: 510
284:
285:
286:
287: 451
288: 358
289: 566
290:
291: 565 531 456
292: 546 256
293: 524
294:
295:
296:
297:
298:
299: 459
300:
301: 494
302:
303: 551
304: 390
305: 586
306: 589
307: 560
308:
309: 589 553
310:
311: 513
312: 568
313:
314:
315: 385 325
316:
317:
318: 486
319:
320: 381 307
321:
322:
323:
324: 424
325:
326: 542 430
327: 417
328: 442
329:
330:
331: 415
332:
333: 433
334: 374
335: 568 495
336:
337:
338: 570 369 350
339: 478
340: 544 511 468 383 364
341:
342:
343: 517 476
344: 326
345: 482
346:
347: 426
348:
349:
350: 406
351:
352:
353: 356
354:
355: 485 475 388
356:
357: 580 386
358:
359: 567 540 501
360: 444 409
361:
362:
363: 569
364:
365:
366:
367: 448
368:
369: 549
370:
371:
372: 474 470
373: 441
374: 528 488
375:
376: 521
377:
378:
379: 587 481
380:
381:
382:
383:
384:
385:
386:
387:
388: 506 391
389: 535
390:
391:
392: 573
393: 393
394:
395:
396:
397: 401
398:
399: 580
400:
401:
402:
403:
404:
405: 447
406:
407: 466
408:
409:
410:
411:
412:
413: 499
414:
415:
416: 559
417: 438
418:
419: 558
420:
421: 503
422:
423: 592 490
424:
425: 422
426:
427: 505
428:
429:
430:
431:
432: 520
433:
434: 479
435:
436:
437:
438:
439:
440: 514
441:
442:
443:
444:
445:
446:
447:
448: 452
449:
450:
451:
452:
453:
454:
455:
456:
457: 555
458:
459:
460:
461:
462:
463: 523
464:
465:
466: 497
467:
468:
469:
470:
471:
472:
473:
474:
475:
476:
477: 533
478:
479: 562
480:
481:
482:
483:
484:
485:
486:
487:
488:
489:
490:
491: 526
492: 578
493:
494:
495:
496:
497:
498:
499:
500:
501:
502:
503:
504:
505:
506:
507:
508:
509:
510:
511:
512:
513:
514:
515:
516:
517: 590 556
518: 534
519:
520:
521:
522:
523: 584
524:
525:
526: 581
527:
528:
529:
530:
531:
532:
533:
534:
535:
536:
537: 574
538:
539:
540:
541:
542:
543:
544:
545:
546:
547:
548:
549:
550:
551:
552:
553:
554:
555:
556:
557:
558:
559:
560:
561:
562:
563:
564:
565:
566:
567:
568:
569:
570:
571:
572:
573:
574:
575:
576:
577:
578:
579:
