1: 146 56 55 9
2: 1371 415 81 66 15 12 10
3: 1569 974 969 621 457 362 328 121 100 11 4 3 2 1
4: 503 186 49 28 5
5: 1527 1031 392 357 240 153 152 82 52 31 8 6
6: 218 92 27 7
7: 1190 1178 851 528 502 285 275 219 215 103 21 19
8: 916 894 125 115 23
9: 1093 761 569 541 325 264 263 257 165 91 14 13
10: 1405 1255 403 354 184 70 17
11: 969 664 569 450 305 159 138 131 106
12: 1638 1249 1027 980 932 793 559 314 208 80 18
13: 97 41 32
14: 1599 1230 1117 1113 920 825 441 406 385 291 150 141 117 16
15: 698 439 33 20
16: 569 450 305
17: 1599 1230 825 779 499 483 200 139 54 51 36
18: 1666 1628 1239 985 463 336
19: 1434 1254 1197 931 792 649 562 548 370 170 164 43 39
20: 1546 1298 851 580 501 285 284 275 189 35
21: 1433 1126 1072 809 787 716 691 533 469 388 375 331 321 273 175 159 138 119 26
22: 1441 943 775 670 613 443 427 389 232 22
23: 909 380 296 168 38
24: 734 582 489 448 373 351 292 202 176 140 101 75 74 48
25: 464 230 47
26: 416 236
27: 1429 1125 653 324 266 187 172 24
28: 1399 1033 701 591 491 352 30
29: 1296 1294 1045 896 697 398
30: 516 449 262 120
31: 814 701 591 491 352 298 255 61 57 46
32: 652 73 69 68 25
33: 1072 388 381 119 37
34: 237 111 40 29
35: 716 691 533 469 375 273 175 77 34
36: 1596 886 334 277 276 63
37: 480 402 79
38: 1034 574 493
39: 580 501
40: 1613 1190 1178 471 425 289 59 50
41: 1638 1027 980 932 80
42: 85 65 64
43: 1626 1138 1003 949 108 96 88 87 71
44: 1242 212 210 151 142 126 42
45: 127 114 110
46: 1569 621 457 362 328 137 44
47: 541 325 264 263 169 162 160 158 157 156 104 45
48: 1117 441 150 117
49: 996 129
50: 732 370 122 86
51: 1566 779 499 483 333 76
52: 947 936 863 754 206 58
53: 1126 809 331 321 72
54: 1492 520 397 149
55: 309 95 93 53
56: 1391 1259 664 85 65 64
57: 1406 1338 1023 992 465 272 161 112
58: 1458 1197 880 814 562 255 170 164 57
59: 1381 933 817 497 433 417 360
60: 1499 1247
61: 584 320 173 84 62 60
62: 649 286
63: 1423 515 444 349 174
64: 1620 1014 1012 818 83
65: 1381 1073 933 817
66: 597 363
67:
68: 1626 1138 949 163
69: 1193 872 496 382 67
70: 636 492
71: 1003
72: 118 107
73: 713 679 590
74: 422
75: 1645 672 302 196 166 99 89
76: 1454 1317 963 481
77: 829 651 646 575 526 195
78: 1414 889 256 252 211 147 124 105
79: 1442 400 133 94
80: 839
81: 992 409 312 134 116
82: 1162 943 702 613 580 443
83: 987 739 604
84: 357 240
85: 1285 623 109
86: 299 216 188 78
87: 294
88: 1589 1196 452 405
89: 1535 629
90: 1631 1224 852 608
91: 1539 1000 901
92: 686 224 209 205
93: 1466 1047 724 323 265 193
94: 734 582 489 351
95: 528 502 219 215 98
96: 991 850 421 344 326 281
97: 1406 1338 1023 634 465 272 161 123
98:
99: 858 684 335
100: 367 145 90
101:
102: 1657 1220 1005 800 517 456 423 418 347
103: 1559
104: 102
105: 1222 841 177
106: 1649 1051 784
107: 377
108: 1435 293
109: 612 518 241
110: 225
111: 1416 1088 358 167
112: 274 113
113: 1512 1319 1111 1054 927 882 171 148
114: 1376 839 386 261 234
115: 1172
116: 473 436
117: 144 128
118: 222 201 155
119: 503
120: 192
121:
122: 1651 1296 1294 1051 1045 1041 1005 603 560 507 136
123: 1473 1171 1084 572 557 485 356 250
124: 1274 235 130
125: 1047 724 394 267 227 197
126: 190 143
127: 268
128: 1441 132
129:
130: 1209 729 290 259 179
131: 1034 953 922 921 868 453 378 249 207
132: 1360 1021 599 563 511 503 283 135
133: 1403 885 218
134: 690 642
135: 1259 251 154
136: 1147 747 692 678 445 407 399 308
137: 1381 933 817
138: 1470 490 476 226 204
139: 1581 1440 310 223
140: 509 311 269 260
141: 1353 1270
142: 804 586 401
143: 923 558 534 482 419 247
144: 1599 1230 825 383
145: 1219 1188 987 604 558 497 475 433 417 366
146: 1586 764
147:
148: 753 246
149: 337 180
150: 689 282
151: 318
152: 1389
153: 1632 1512 1119 832 633
154: 1277 217
155: 676
156: 712 506 181
157: 766 709
158: 1424 836
159: 974 730 641
160: 490
161: 1623 198
162: 1582 962 258 203 182
163: 1596 1278 886
164: 1112 1060 1022 387 359 348 213
165: 1651 1467
166: 1290 1182 632 214
167: 1034 329 278
168: 1645 777
169:
170: 811
171: 229
172: 943 338
173: 928 178
174: 1489 1021 965 555 530 270 245
175:
176: 1416 1414 464 358 211
177: 1535
178: 1062 482
179: 1572 674 673 668 330 199
180: 1107 185
181: 1576 1546 1298 1064 658 556 521 183
182: 304 242
183: 1660 1619 1483 1467
184:
185: 1286 350
186: 1505 791
187: 254
188: 303
189: 228
190: 1600 408 307
191: 1313 1080 964
192: 1032 495
193:
194: 1473 1468 1332 1084 907 514 472
195: 407
196: 1576 723 715 714 610 430 239
197: 421 381 281 191
198: 1034 574 493 329
199: 767 750 667
200: 775 670 427 389 232
201: 1446
202: 1529 1248 1169 564 253
203: 1102 788 744
204: 664 194
205: 345 220
206: 1473 1460 1447 1369 1329 1214 1084 989 867 740 689 485 356 306
207: 1473 1084
208: 1321 1253 1193 1041 603 280
209: 1204 753
210:
211: 1144 1141 694
212: 1058 332
213: 1360 599 563 319 238
214: 671 374
215: 1414 1157 1105 1058 395 233
216: 1626 1138 949 666 244
217: 379
218: 1601 1266 908 411 339
219: 1668 1535 1021 511
220: 746 368 316
221:
222: 494 369
223: 1299 1115 659
224:
225: 1251 287
226:
227: 1656 649 548 340 231
228: 1113 920 406 385 221
229: 991 850 421 281
230: 1147 747 692 308
231: 1572 674
232:
233: 1576 723 715 610
234: 284 243
235: 1459 983 656 426
236:
237: 1493
238: 968 297
239:
240: 856 717 365 361
241: 1068 248
242: 666 584 541 325 264 263
243: 1062
244: 1191 849 763 317 315
245: 271
246: 628 288
247: 1626 434
248: 926 924 508 327
249: 681 631
250: 1055 759 431
251: 1112 301
252: 1192 879
253: 1556 1452
254: 1552 1416 1088 672 358
255:
256: 1277 1276 1072 637
257: 1657 1523 800
258: 1473 1084
259: 1322
260: 1467 391
261: 942 587 279
262: 755 705
263: 1634 1384 1287 671 627 606 376
264: 1300 716 691 624 588 454
265:
266: 1455 845 428
267:
268: 1403 976 885 577
269: 1449
270: 412 353
271: 1434 1254 931 792
272: 1405 403
273: 1596 1183 886
274: 799
275: 728 500 446
276: 986 783 546 313
277:
278: 1010 370
279:
280: 1627 978 848 778
281: 364
282: 488
283:
284: 1597 1213 585 510 479
285: 1623 486
286: 1002
287: 540
288: 1226 984 640 487
289:
290: 295
291: 1263
292: 1609
293: 1016 820 719 549
294: 1276 1206 1059 455 300
295: 1605
296: 1650 884 718 688 544
297: 1532 566 550 531
298: 935
299: 1618 885 661 602 470
300: 322
301: 1276 1059 638
302: 1655 1267 758
303:
304: 1061 477
305: 837 371
306:
307:
308:
309:
310: 1468 1368
311: 1670 1557 1127
312: 785 460
313:
314: 1313 1142 1046
315: 1168
316: 516 414
317: 1422 1280 828 554
318:
319: 1064 658 556
320: 880
321: 1486 844
322: 1022
323:
324: 535
325: 1173 1100 902 393
326: 468 384
327:
328: 915 893
329: 1207
330: 342
331: 341
332: 1635 346
333: 355
334: 1648 1480 1471 1142
335: 1615
336: 1251 832 752 648
337: 1618 639 413
338: 726 343
339: 1479 1296 1294 1045 896 697
340: 1629
341: 519
342:
343: 840
344: 1671 1308 458
345: 1351 1324
346:
347: 914 432
348: 1499 726
349: 1195 404 390
350: 957 529 451
351: 478 396
352:
353: 776
354:
355: 887 565 466
356: 551
357: 1015
358: 736
359: 678 445 399
360: 543 372
361:
362: 1526 821 570 498
363:
364: 875 798 644
365: 1601
366: 1462 410
367: 1574 831 547
368: 1594 1039
369: 808
370: 1661 619
371: 1278 720 598
372: 1322 781
373: 537
374: 1517 1380 842 685
375: 950
376: 1473
377: 672 532 440
378: 966 796 594
379: 1578 1528 545
380: 1504
381: 1225
382: 1086
383: 1353 1270 536
384: 1286 827
385: 1629 1251 1210
386: 795 765
387: 770 539
388: 669
389: 918 424
390: 650
391: 1621 1616 807 737
392: 459
393: 794 731
394: 710
395: 780 553 437 429
396:
397: 1067 782
398: 1505 1238
399: 1130 615 513 435 420
400:
401: 1169 853 826
402: 1611 1402
403: 1038 600 438
404:
405: 1433 938
406:
407: 558
408: 1644
409:
410: 1391
411:
412: 616
413:
414: 1123
415: 1029
416: 965 595
417:
418: 1622
419: 1482 1075
420: 663 474
421: 1463
422:
423: 630
424:
425: 945 614
426: 1070
427: 1265
428: 1351 484
429:
430: 462
431: 1617
432: 1399 1033
433: 447
434:
435: 1387 870
436: 862 583
437:
438: 601 442
439: 1237 1194
440:
441:
442:
443: 894
444: 467
445: 527 461
446: 803
447:
448:
449: 1007 904
450: 1262 971 889
451: 1469
452: 876 607
453: 1663 1526 1466 1403 865 620
454: 1112 1060 622
455: 538
456:
457:
458: 1403 885
459: 1668 812 757 542
460: 573 523
461: 1077
462: 675 592 524 505
463:
464: 997 982
465: 655
466:
467: 1516 979 512
468: 662
469:
470:
471: 1644 1607
472: 1357
473: 1265 1172
474: 1545
475: 1101 522
476: 897
477:
478: 1390 1124 802
479: 1286 819
480: 1351 1350 1324
481: 1607
482: 1385
483: 1472 1004
484: 1641 884
485: 552
486: 1655 1267
487: 1415
488: 1337
489: 1005
490: 617
491: 838
492: 645
493:
494: 1257 1114
495: 1622 1306 1207 1203 572
496: 578
497: 1565 1265
498: 1464 700
499: 1355 1148 567
500: 1200 952 771
501:
502:
503: 1378 706
504: 1534 625 605
505: 1630
506: 571
507: 1653 732
508:
509: 1319 1111 1054 927 882 504
510: 1011
511: 1219 1188 1163
512: 787
513:
514: 561
515: 1641 1044 815
516: 1451 1309
517: 855
518: 1590 1335 1164
519: 1622
520: 1621 1616 902 807 737
521:
522: 1530 1318 786
523:
524: 1613
525: 1550 892
526: 596
527: 960
528: 1445
529: 1527 1434 1254 1031 931
530: 1521 790
531:
532: 835
533: 1326
534: 525
535: 1592
536: 1236
537: 1408 774 593
538:
539:
540: 1279 677
541: 1269
542: 1136
543: 1577 1356 1245
544: 721
545:
546:
547: 626
548: 1354 1062 751 742 693
549:
550: 1554
551: 1666 1339 1239 985 930 576
552: 1383
553: 1332
554:
555:
556:
557: 1069 866 699 589
558: 657
559: 772 611
560: 1382 999
561: 1485 711
562: 878 581
563: 913 873
564:
565:
566: 1461
567:
568: 1174 703
569:
570:
571:
572: 1556 1478 1452
573: 1662 1260 929
574: 660
575: 568
576: 1134
577: 1554
578:
579:
580: 1656 687
581:
582: 801
583: 1593
584:
585: 579
586: 609
587: 769 722
588: 1312 961 707
589: 1523 860 643
590: 1368
591:
592: 1514
593:
594:
595: 1568 647
596: 1127
597: 1204 695
598: 1095
599:
600:
601: 1369 989
602: 1486
603: 1450 1284 618
604: 1374 1020
605: 824
606: 1118 741
607:
608: 1282
609: 1555 635
610:
611: 1594
612:
613: 1173 1100
614: 1400
615: 883 756 735
616:
617:
618: 1349 973 846
619: 1078 708
620: 1611 1304 1048
621:
622:
623: 1669
624: 843
625: 959
626: 785
627:
628: 1390 1238 1153 1124 802
629: 1231
630: 1533 680
631: 1394 733
632: 1622 1319 797
633:
634:
635: 727
636: 1158 823
637:
638:
639:
640: 1275 1026
641: 919
642: 871
643: 1475 1216
644: 895 755 665
645: 1349 1035 990 682
646: 1536 1273 1215
647:
648:
649:
650:
651:
652: 1217
653:
654: 1636
655: 1271 834
656: 968 654
657:
658: 1206
659: 1393 1024
660: 1379
661: 1368 767 750 667
662:
663: 1262 971
664:
665:
666: 1460 1447 1329
667: 955 762
668: 1517 1380
669:
670:
671:
672: 1554 745
673: 945
674: 988
675:
676: 795
677: 1293 1244
678: 1517
679: 1623 1305 683
680: 1437 1198
681: 1488
682: 1349
683:
684: 1650 725
685:
686:
687: 1361
688: 704
689: 1000
690:
691:
692: 816
693: 1609 1533 1530 1318 786
694: 813
695:
696: 1608
697:
698: 861 810
699:
700: 1222 841
701: 1432
702: 1157 1105 937
703: 1397 1305
704:
705: 1518 911 743
706:
707:
708: 1066
709:
710:
711: 1504
712:
713:
714:
715:
716:
717: 1632 1119
718: 1122 917
719:
720: 1311 1146
721: 1211
722: 696
723:
724: 1512
725:
726: 1187 948
727:
728:
729:
730:
731: 1258
732:
733: 993
734: 1409
735:
736: 1345
737:
738: 1110
739: 1037 749
740:
741: 1240 1223 1189
742: 1459 1401
743: 987 954
744:
745: 847
746: 1233 748
747: 1575
748: 1163
749: 891
750:
751:
752:
753:
754:
755:
756: 1561
757: 1257
758: 738
759:
760:
761: 1633 1268 1163
762: 774
763: 1448
764: 1400 1340 1278 768
765: 1255
766: 1061
767: 1622 1025
768:
769: 1331 890
770:
771: 1018 789
772:
773: 1103
774: 1672 1560 1156 822
775:
776: 1630
777: 1520 1120
778: 1068 830
779: 1500 1411 1199
780: 773
781: 1308 760
782: 1672 925 910
783: 1365
784: 1633 1268
785:
786:
787:
788:
789: 1097
790:
791:
792: 1457 1425 912 903
793:
794: 806
795:
796:
797: 1490
798: 1030
799:
800: 1420
801: 1076
802:
803: 869
804:
805: 1620
806: 1456 1074
807: 1600
808:
809: 854
810: 1657 1049
811: 1362
812:
813: 1458 899
814: 857
815: 1410 1405
816: 1050
817: 1436 956
818: 944
819:
820:
821: 1180
822:
823: 1235
824:
825: 1562
826: 1428
827: 1409 1107
828: 1342 1256 874
829:
830: 877
831: 1203
832: 1091 940
833: 1393 1024
834: 1092
835:
836:
837: 1514 970 859
838: 1573
839:
840: 1177
841: 881
842: 1628
843: 919 805
844: 941
845:
846: 1170
847: 1161 1140 1043
848: 1227
849: 1509 1272
850: 1342 1256
851:
852:
853: 1501
854: 1438 1135 905
855:
856:
857: 1369
858:
859: 864
860:
861: 1401
862: 1564
863:
864:
865: 981
866: 1028
867: 1056
868:
869: 1670 1557 833
870:
871: 1406 1338
872:
873: 1359
874: 1289
875: 1154
876:
877:
878: 1121
879: 939
880: 1570 1090
881: 1502
882: 1087 1008
883: 1341 1264
884: 1081
885:
886: 1036
887:
888: 1306
889: 1640 1431
890: 1593
891:
892: 1465
893:
894: 1184 1155
895: 1083 946
896: 898
897:
898: 1057 1042
899:
900: 1142
901: 1649
902:
903:
904: 1106
905: 1418 1232
906: 951 888
907: 1642
908: 1417
909:
910:
911:
912:
913:
914:
915:
916: 1558
917: 1150 975
918: 1375
919:
920:
921:
922:
923: 1310 1133
924: 1404 1176
925:
926: 1633 1268
927: 1214
928:
929:
930:
931: 1552
932:
933:
934:
935: 1529 1248
936: 1605
937:
938: 1108
939:
940:
941:
942:
943:
944:
945: 1532 1165 958
946: 1328
947:
948: 1128 900
949: 1409
950:
951:
952: 906
953:
954:
955: 1412 1395
956:
957: 1013
958: 1610 1208 1201 1053
959: 1580
960:
961:
962:
963: 1434 1254
964: 994
965:
966:
967: 1325
968: 1139
969:
970: 934
971:
972: 995
973: 1333
974: 1587 1315
975: 1089
976: 1019
977:
978:
979: 1137
980: 1009
981:
982: 1094
983: 1347
984:
985:
986:
987: 967
988:
989:
990:
991:
992: 1494 1281
993: 1664
994:
995: 1658 1085
996: 1001
997:
998:
999:
1000: 977
1001:
1002:
1003: 1538 1303 1079
1004: 1581 1440
1005:
1006:
1007:
1008:
1009:
1010: 1496
1011: 1179 1017
1012: 1387
1013:
1014: 1653 1109
1015: 1323
1016: 1661
1017:
1018:
1019:
1020:
1021:
1022:
1023:
1024: 1212
1025:
1026:
1027:
1028: 1202
1029:
1030:
1031: 1006 998
1032:
1033:
1034:
1035:
1036:
1037: 1392
1038:
1039:
1040: 972
1041: 1221 1143
1042:
1043:
1044: 1330 1291
1045: 1478 1246
1046: 1228
1047: 1307
1048:
1049:
1050:
1051: 1063
1052: 1145
1053: 1660 1619
1054: 1477
1055: 1096 1071
1056: 1377
1057: 1444 1099
1058:
1059:
1060: 1098
1061: 1624
1062: 1367
1063:
1064:
1065: 1366 1352
1066: 1065
1067:
1068:
1069:
1070: 1426
1071:
1072: 1665 1657
1073:
1074:
1075:
1076:
1077:
1078: 1082
1079:
1080:
1081: 1132
1082: 1378
1083:
1084: 1524 1320
1085:
1086:
1087:
1088:
1089:
1090:
1091:
1092:
1093:
1094:
1095:
1096:
1097: 1654
1098:
1099: 1658 1321 1253
1100: 1540
1101: 1283 1040
1102:
1103:
1104:
1105:
1106: 1343
1107:
1108: 1104
1109: 1052
1110: 1506
1111:
1112:
1113:
1114:
1115:
1116: 1610
1117:
1118:
1119:
1120:
1121: 1185
1122:
1123:
1124: 1314 1149
1125: 1116
1126: 1205
1127:
1128:
1129:
1130:
1131:
1132:
1133:
1134: 1503
1135:
1136:
1137: 1531 1160
1138:
1139:
1140:
1141:
1142:
1143:
1144: 1129
1145:
1146:
1147:
1148:
1149:
1150:
1151: 1131
1152:
1153:
1154:
1155:
1156:
1157:
1158: 1167
1159: 1159
1160:
1161: 1651 1567 1541
1162:
1163:
1164: 1297
1165: 1372
1166:
1167:
1168:
1169:
1170:
1171: 1151
1172:
1173: 1563
1174: 1648 1480
1175:
1176: 1346
1177:
1178: 1602
1179:
1180: 1549
1181:
1182: 1639 1243
1183: 1583 1344
1184:
1185:
1186: 1388 1261
1187:
1188: 1229
1189:
1190: 1439
1191:
1192: 1421
1193: 1430
1194:
1195:
1196:
1197:
1198:
1199:
1200: 1358
1201:
1202:
1203:
1204: 1166
1205:
1206:
1207:
1208: 1427 1152
1209: 1218
1210:
1211:
1212:
1213: 1250
1214:
1215: 1181
1216:
1217:
1218:
1219: 1386
1220:
1221:
1222: 1559
1223: 1398
1224: 1175
1225: 1357
1226:
1227: 1484
1228:
1229: 1537
1230:
1231: 1591 1547
1232:
1233:
1234:
1235:
1236:
1237:
1238:
1239: 1511
1240:
1241:
1242: 1288
1243: 1336
1244:
1245:
1246:
1247: 1363
1248: 1519
1249:
1250: 1186
1251: 1603 1316 1241
1252: 1510
1253:
1254:
1255: 1371
1256:
1257:
1258: 1252
1259:
1260:
1261:
1262:
1263:
1264: 1542
1265:
1266:
1267:
1268:
1269:
1270: 1571
1271:
1272:
1273:
1274:
1275:
1276:
1277: 1292
1278: 1373
1279:
1280: 1334
1281: 1476
1282:
1283:
1284:
1285:
1286:
1287:
1288: 1614
1289: 1585 1234
1290: 1397
1291: 1564 1370
1292:
1293:
1294: 1348
1295:
1296:
1297: 1606
1298:
1299:
1300:
1301:
1302:
1303:
1304:
1305:
1306:
1307:
1308:
1309:
1310:
1311:
1312: 1443
1313:
1314:
1315:
1316:
1317:
1318:
1319:
1320:
1321: 1407
1322:
1323: 1550
1324:
1325: 1634
1326: 1396 1364
1327: 1453
1328:
1329: 1302
1330:
1331:
1332:
1333: 1327
1334:
1335:
1336:
1337:
1338:
1339:
1340:
1341: 1495
1342:
1343: 1295
1344:
1345:
1346:
1347:
1348:
1349:
1350:
1351: 1301
1352:
1353:
1354:
1355:
1356:
1357:
1358:
1359:
1360:
1361:
1362: 1413
1363: 1544
1364:
1365:
1366:
1367:
1368:
1369:
1370:
1371: 1604
1372:
1373:
1374:
1375:
1376:
1377:
1378:
1379:
1380:
1381:
1382:
1383:
1384: 1551
1385: 1553
1386:
1387:
1388:
1389:
1390: 1543
1391:
1392: 1663
1393:
1394:
1395:
1396:
1397:
1398:
1399:
1400:
1401:
1402:
1403:
1404:
1405:
1406:
1407:
1408:
1409:
1410:
1411: 1522
1412:
1413:
1414:
1415:
1416:
1417: 1474
1418:
1419: 1667
1420:
1421:
1422:
1423:
1424:
1425:
1426:
1427:
1428:
1429:
1430:
1431:
1432:
1433: 1497
1434: 1525
1435:
1436:
1437:
1438:
1439:
1440:
1441:
1442:
1443:
1444:
1445:
1446:
1447:
1448: 1661
1449: 1598 1419
1450:
1451:
1452:
1453: 1507
1454:
1455: 1491
1456:
1457: 1612
1458:
1459:
1460:
1461:
1462:
1463:
1464:
1465:
1466:
1467:
1468:
1469:
1470:
1471:
1472:
1473:
1474: 1481
1475:
1476:
1477:
1478:
1479:
1480:
1481:
1482:
1483: 1615 1487
1484:
1485: 1508
1486:
1487:
1488:
1489:
1490:
1491:
1492:
1493:
1494:
1495:
1496:
1497:
1498:
1499:
1500:
1501:
1502:
1503:
1504:
1505:
1506:
1507: 1513
1508:
1509: 1515
1510:
1511:
1512:
1513: 1498
1514:
1515:
1516:
1517:
1518:
1519:
1520:
1521:
1522:
1523:
1524:
1525:
1526:
1527: 1595
1528:
1529:
1530:
1531:
1532:
1533:
1534:
1535:
1536:
1537:
1538:
1539:
1540:
1541:
1542:
1543:
1544:
1545:
1546:
1547:
1548:
1549:
1550:
1551: 1652
1552: 1647
1553:
1554:
1555: 1625
1556:
1557:
1558:
1559:
1560:
1561:
1562:
1563:
1564:
1565:
1566:
1567:
1568:
1569:
1570:
1571:
1572:
1573:
1574:
1575: 1643
1576:
1577:
1578:
1579:
1580:
1581:
1582:
1583:
1584:
1585:
1586:
1587:
1588:
1589:
1590: 1548
1591:
1592:
1593:
1594:
1595:
1596:
1597:
1598:
1599:
1600: 1584
1601:
1602:
1603:
1604:
1605:
1606:
1607:
1608:
1609:
1610: 1579
1611:
1612: 1588
1613:
1614:
1615:
1616:
1617:
1618:
1619:
1620:
1621:
1622:
1623:
1624:
1625:
1626:
1627:
1628:
1629:
1630:
1631:
1632:
1633:
1634:
1635:
1636:
1637:
1638:
1639:
1640:
1641:
1642:
1643:
1644:
1645:
1646:
1647:
1648:
1649:
1650:
1651:
1652:
1653: 1637
1654:
1655:
1656:
1657:
1658:
1659:
1660:
1661:
1662:
1663:
1664:
1665:
1666:
1667:
1668:
1669:
1670:
1671:
1672:
1673:
1674:
1675: 1646
1676:
1677:
1678:
1679:
1680:
1681:
1682:
1683:
1684:
1685:
1686:
1687:
1688:
1689:
1690:
1691:
1692:
1693:
1694:
1695:
1696:
1697:
1698:
1699:
1700:
1701:
1702:
1703:
1704:
1705:
1706:
1707:
1708:
1709:
1710:
1711:
1712:
1713:
1714:
1715:
1716:
1717:
1718:
1719:
1720:
1721:
1722:
1723: 1659
1724:
1725:
1726:
1727:
1728:
1729:
1730:
1731:
1732:
1733:
1734:
1735:
1736:
1737:
1738:
1739:
1740:
