1: 688 44 29 19 11 6 5 4 3 1
2: 445 367 107 45 40 39 38 2
3: 166 55 20 16
4: 713 628 356 184 133 118 31
5: 760 560 454 231 176 48 26 25 18 8
6: 225 206 190 161 76 51 14 7
7: 633 297 275 237 197 182 136 52 46 43 36 34 30 24 22 9
8: 691 639 559 407 205 23 10
9: 538 409 324 67 41
10: 751 713 538 501 409 370 357 356 324 268 184 133 131 111 98 95 91 67 41 37 13
11: 772 385 71 50 32 21 12
12: 751 501 131 37 33 17 15
13: 539 434 79 72
14: 573 525 432 380 368 290 139 62 27
15: 706 653 399 379 334 318 198 145 53
16: 109 106 54 49
17: 665 627 569 479 404 221 146 70 59
18: 66 63 28
19: 817 545 199 171 114 97
20: 370 357 111 47 35
21: 819 680 442 226 201 132
22: 333 229 173
23: 760 645 566 560 454 365 231 188 176
24: 726 650 375 194 122 42
25: 730 602 492 372 348 110 56
26: 156 105
27: 713 356 184 133 82 81 77
28: 731 497 285 240 157 84 73 61 60
29: 407 337 151 125 74 58
30: 566 365 138 88 80 75 64 57
31: 508 490 479 404 104
32: 279 167 130 113 99
33: 547 86 69 68
34: 754 556 467 352 320 213 187 144 135 117
35: 808 793 636 333 279 253 229 212 173 167 166 162 85
36:
37: 276 65
38: 756 676 527 423 273 181 168 164 158 127 120
39: 808 222 93
40: 734
41: 694 225 206 190
42: 92
43: 679 504
44: 341 142 141 96
45: 761 571 392 330 308 154 153
46: 405 359 236 137 100 78
47: 237 182 136
48: 566 489 138 94 89
49: 429 128
50: 739 562 215
51: 815 561 364 347 265 262 170 115
52: 675 519 424 256 255 242 217 209 134
53: 473 83
54:
55: 365 188 103 90
56: 817 545 394 200 126 87
57: 210 143
58: 637 345 233 101
59: 380 366 102
60: 688 601 427 367 350 259 108
61: 592 573 532 390 368 290 139
62: 239
63: 446 232
64: 534
65: 521 425 346
66: 670 392 307 269 216 215 181 168 164 158 120 116 112
67: 124
68:
69: 473 351 223 165 150 142 141
70: 123
71: 260 121
72: 815 808 573 553
73: 591 351 295
74: 399 334 198
75: 713 556 467 356 355 243 213
76:
77: 435
78:
79: 556 500 467 311 148
80: 417 369 191 174 119
81: 438 286
82: 323
83: 328 272 129
84: 706 653 648 575
85: 524 264
86: 817 545 544
87:
88: 325 304 299 284 261
89: 175
90: 217 209 195 152 149
91: 204 179 155
92: 823 663 607 572 535 250 241 183
93: 312
94: 177 169
95: 618 189 140
96: 182
97: 775 278 247 246
98: 469 430 219 172 160
99: 329 316 282 244
100: 661
101: 548 159
102: 147
103: 817 765 344 331 313 202
104: 193
105: 808 253 162
106:
107: 643 642 635 608 508 490 475 471 422 163
108: 735 538 395 288
109: 699
110: 754 352
111: 813 796
112: 267
113:
114: 775 752 538 278 247 246 203
115:
116: 567 542
117: 593 499 386 305 280 270
118: 817 548 545
119: 208
120:
121: 548 289
122: 491 301 237 178
123:
124: 192
125: 445 186
126: 724 677 254 218
127: 761 330 308
128: 690
129: 583 581 392 251 227 185
130: 773 207
131: 785 381 287 180
132: 667
133: 715 378
134: 813 756 645 607 572 527 273 224 204
135: 585 289
136: 694
137: 301
138: 360 263
139: 343 315 310 271
140: 739 562 266 235
141: 784 721 531 433
142:
143: 801 410 373
144: 214
145:
146: 445 277 274 196
147: 813 458 327 302 293
148: 509 474 249 248
149:
150: 618 519 256 255
151: 626 552
152: 797 689 614 466
153: 672
154: 672 594
155: 429 298
156: 696 619 354
157: 447 415
158: 281 220
159:
160: 690
161: 676 342
162: 245
163: 707 338
164: 427
165: 541 436
166: 211
167:
168:
169: 691 639 559
170: 455
171: 675
172:
173: 393 336
174: 498 456
175: 594 402
176: 465 460 258
177: 603 234
178: 294 291
179: 238
180: 389
181: 818
182: 321
183: 551
184: 800 762 459
185: 423
186: 585 228
187: 303
188:
189: 452
190: 482 257
191:
192:
193:
194: 815 364 347 265 262 230
195: 821
196: 746 583 581
197: 332
198:
199:
200: 431
201: 549
202: 699 283
203: 355
204: 791 725
205:
206: 813 327
207: 413
208: 801 528 358
209:
210: 252
211: 353
212: 796
213: 557 300
214: 823 663 535
215: 770
216:
217: 765 577 401
218: 564 383
219: 419
220: 627 569
221: 506
222:
223: 615
224: 525 432
225: 765 718
226: 339
227: 717 631
228: 803 720 553 412
229:
230: 382
231: 643 642 635 608 515 508 490 475 471 388
232: 614 387 361 340 296
233:
234: 464 391 335
235: 489 319
236: 693 420
237:
238: 586
239: 539 434
240: 403 396
241: 472 349 314
242:
243: 711 444
244: 529 441 398
245: 637
246: 306
247: 752 610
248: 555
249: 461
250: 494 292
251: 538 366
252: 411
253: 819 680
254: 796 769 612
255:
256:
257: 685 623 617 439
258:
259: 743 684 549
260: 695 488
261: 731
262: 400
263:
264: 374 363 329
265: 821
266: 734 634
267: 757 675 448 309
268: 505 377
269: 495 451
270:
271:
272: 740 317
273:
274: 730
275: 322
276: 799
277: 326
278:
279: 693 420 397 366
280:
281:
282:
283: 533 384
284: 362
285: 741 671 463
286:
287: 522
288: 749 622 590 518 421
289: 749
290: 582 477
291:
292: 735
293: 579 514
294:
295: 571 406
296: 638
297: 450
298: 502
299: 640 543 503 470
300: 654
301: 701 520 500 462
302: 819 680 619 442
303:
304:
305: 657 578 443 437
306: 554 376
307: 763 546
308:
309:
310: 802 445
311: 428
312: 371
313:
314:
315:
316: 804
317:
318: 608 508 490 475 471 422
319: 600 418
320: 778 745
321:
322: 668
323: 756
324: 789 548
325: 563 536
326: 791 431
327: 742
328:
329:
330: 733 620
331:
332: 692 568
333: 667
334: 780
335: 576
336:
337: 782 510
338:
339: 648
340: 777
341:
342:
343: 743 684
344: 416
345: 526
346: 664 414
347: 783
348:
349: 540
350:
351: 570 550
352: 786 625
353:
354: 408
355:
356: 440
357: 606
358:
359:
360:
361:
362:
363:
364: 481
365: 449
366: 426
367:
368:
369:
370: 613
371:
372: 507
373: 737 700
374:
375: 674
376: 493
377: 523
378: 816
379:
380:
381:
382: 683 599 587
383:
384: 816 496
385:
386:
387:
388: 644
389: 660
390: 679
391:
392: 810 453
393: 656
394:
395: 574
396:
397:
398: 712 662 597 485
399: 584
400: 725
401: 457
402: 511
403:
404:
405:
406:
407: 811
408: 698 598 516
409:
410:
411: 621 512
412: 666 624 478
413: 704
414:
415:
416:
417: 755 476
418: 630
419:
420: 812 723
421: 468
422: 798
423: 480
424: 486
425: 799
426:
427: 651
428: 483
429:
430:
431:
432: 616
433:
434: 657
435: 595
436: 732 484
437: 746 611 554
438: 755 530
439: 646
440:
441:
442:
443:
444: 487
445: 786 666 625 624
446: 746 565
447:
448:
449: 628
450: 807
451:
452:
453:
454:
455:
456:
457:
458:
459: 748
460: 596
461:
462: 649 609 513
463:
464:
465:
466:
467: 517
468: 735 715 605
469:
470: 774
471:
472: 558
473:
474: 779 744
475:
476:
477: 710 673
478:
479:
480:
481:
482: 824
483:
484: 821
485: 580
486: 719
487:
488:
489:
490:
491:
492:
493:
494:
495: 632
496: 736
497: 537
498:
499:
500:
501:
502:
503:
504: 795
505:
506: 702
507:
508: 768
509:
510:
511:
512:
513:
514:
515:
516: 658
517:
518: 604
519:
520: 629
521:
522: 717 631
523: 820
524: 655
525:
526:
527: 589
528: 659
529: 728 703
530: 652
531:
532:
533:
534: 588
535:
536: 758
537: 753
538:
539:
540: 718
541:
542:
543:
544: 669
545:
546: 804
547:
548:
549:
550: 716
551:
552:
553:
554:
555: 641
556: 727
557:
558: 709
559:
560:
561: 793 647
562:
563: 766
564: 681 678
565:
566:
567:
568:
569:
570:
571:
572:
573:
574: 708
575:
576:
577:
578:
579:
580:
581:
582: 686
583: 747 738
584:
585:
586:
587:
588:
589: 722
590:
591:
592:
593: 776
594:
595:
596:
597: 697
598:
599:
600: 729
601:
602:
603:
604:
605:
606: 705
607: 767
608:
609: 737
610:
611: 682
612:
613:
614:
615:
616:
617: 687
618: 809
619:
620:
621:
622:
623:
624:
625:
626:
627:
628:
629:
630:
631:
632:
633: 805
634:
635: 714
636:
637: 787 750
638:
639:
640:
641:
642:
643:
644:
645:
646:
647:
648: 764
649:
650:
651:
652:
653:
654:
655: 759
656:
657:
658:
659:
660: 822 790
661:
662:
663:
664:
665: 783
666:
667:
668: 771
669:
670:
671: 806
672:
673:
674:
675:
676: 788
677:
678:
679:
680:
681:
682:
683:
684:
685:
686:
687:
688:
689:
690:
691:
692:
693:
694:
695:
696:
697: 766
698:
699:
700:
701:
702:
703:
704: 792
705:
706:
707:
708:
709:
710:
711: 781
712:
713:
714: 814
715:
716:
717: 794
718:
719:
720:
721:
722:
723:
724:
725:
726:
727:
728:
729:
730:
731:
732:
733:
734:
735:
736:
737:
738:
739:
740:
741:
742:
743:
744:
745:
746:
747:
748:
749:
750:
751:
752:
753:
754:
755:
756:
757:
758:
759:
760:
761:
762:
763:
764:
765:
766:
767:
768:
769:
770:
771:
772:
773:
774:
775:
776:
777:
778:
779:
780:
781:
782:
783:
784:
785:
786:
787:
788:
789:
790:
791:
792:
