1: 473 420 333 247 200 83 5 1
2: 3340 3249 2098 790 32 7 6
3: 3115 2455 2436 2346 1803 1429 1240 1085 983 708 652 237 110 54 52 42 4 3
4: 3136 1820 1813 1657 1610 1482 1416 1412 1213 1053 724 379 152 129 39 38 31 27 26 20 2
5: 2583 1136 1039 938 911 393 312 276 263 17 14
6: 3577 3544 2543 2441 2349 1617 1193 592 381 321 240 66 18 13 10 9
7: 3410 1857 767 30 8
8: 1418 1002 25 21
9: 3491 3139 2809 2556 2517 2349 2302 2197 1990 1742 1736 1671 1483 1369 1193 1058 957 873 860 580 475 474 421 321 240 11
10: 1813 379 88 81 61 20
11: 3236 2727 2666 2046 1703 1294 1102 749 641 614 515 438 398 330 223
12: 396 65 16 12
13: 3393 3240 2168 2074 589 322 266 92 89 40 34 33
14: 3237 2221 1928 1376 1136 911 870 801 800 643 393 281 276 263 67 62 39 31 26 17 15
15: 3435 1103 1012 1003 318 99 57 48 19
16: 3384 2705 2459 441 177 122 120 47
17: 3109 1163 74 36 22
18: 3412 3336 403 205 138 128 64 29 23
19: 3026 2930 815 198 165 24
20: 3415 3111 1872 1453 1231 915 827 783 126 104
21: 1416 1213 724 373 78 70
22: 2081 1391 459 374 265
23: 3491 3225 2716 2556 2386 1843 1483 1369 957 244 211 131 96
24: 2956 2688 2339 876 267 253 251 204 28
25: 1120 901 450 314 103 55 44
26: 244 211 179 117 46 37
27: 3067 2558 2337 753 255 231 134 50
28: 1270 617 509 264
29: 3089 1795 1269 1252 918 647 607 503 419 241 180 105
30: 2183 171 144 59
31: 1776 1602 1347 1326 824 512 273
32: 2538 1454 1279 1216 772 384 361 303 140 102 68 35
33: 545 228 147 100 72
34: 2358 2203 870 437 316
35: 1301 959 91
36: 113 41
37: 2881 1851 1777 539 408 296
38: 3367 77 43
39: 2569 1136 911 393 276 263 62
40: 3384 1818 1605 191 177 122 120
41: 1080 320 142
42: 3330 2917 2332 1863 1647 1091 939 757 596 194 60 45
43: 2793 742 308 306
44: 3023 3003 2642 1323 789 492 163 73 58
45: 2426 1120 551 90
46: 1960 1826 1333 1184 812 63
47: 1891 1850 458
48:
49: 1095 948 578 236
50: 2541 2275 323 125 51
51: 94 82
52: 3566 1813 1586 542 379 292 199 168 49
53: 1414 166
54: 2221 1376 801 800 643 281 156 86 76 53
55: 3581 3258 3107 2450 2345 2312 2085 1836 1388 573 529 435 282 271 169 85 75
56: 2480 2248 1614 1292 245
57: 1151 622 517 309
58: 3111 915 827 79
59: 2249 287 259 218 56
60: 599 214
61: 155 146 118 109
62: 1269 607 419 71
63: 620 516 115 108
64: 1093 842 446 285 145 93
65: 3441 954 866 738 657 443 345 174 151 98
66: 3002 2288 1934 1914 1907 1871 1097 212 207 175
67: 2703 2216 2122 1625 1553 1078 1050 749 641 614 398
68: 2044 577 274 132 114 97
69: 2526 1423 1157 931 594 564 297 173 69
70: 2440 2328 2187 2156 1975 1468 1237 1194 807 436 386 124 112 106
71: 2474 2015 1231 783 406 153 84 80
72: 2168 322 111
73: 589 266
74: 568 528 428 270 213 187 133
75: 2961 2282 370 338 262 190 119 87
76: 658 206 157
77: 438 330 223
78: 3566 859 275 161
79: 2768 1989 1393 579 402 302 248 101 95
80: 496 168
81: 2160 371 170 127
82: 2389 1788 1542 904 823 817 728 427 355 201
83: 244 211 107
84: 2460 1932 906
85: 2187 1194 807 386 230
86: 3034 2411 2388 2221 2184 1991 1376 426 417 130 116
87: 2368 2069 953
88: 1518 1513 1096 1082 486 235 234 186
89: 1991 1260 655 417 150
90: 2491 1926 664 183
91: 3025 2449 2033 331 227
92: 3344 3080 1990 921 154 121
93: 3410 1857 767
94: 2891 2857 2573 2527 369
95: 2835 1633 1204 874 787 403 249
96: 3084 1757 1720 1112
97: 942
98: 2035 1147 336 334 250
99: 2744 1139
100: 2536 1978 994 242 184
101: 2582 518
102: 2226 221 135
103: 2833 1732 964 572
104: 3568 3026 2930 2113 1031 422
105: 2168 1506 1374 1211 743 344 283
106: 2537 1059 485 224 210 136
107: 3085 2481 1267
108: 2583 1039 938 312
109: 2346 1240 983 196 123
110: 1820 1657 1610 1482 152
111: 3577 1617
112: 3139 2979 667 645 404 159 137
113: 3403 3099 479
114: 1756 1624 1465 1229 311 269
115: 870 178
116: 2474 2015 293
117: 2349 1975 1468 1260 1193 696 475 436 321 240
118: 2248 1942 1614 1151 739 622 517
119: 887 410
120: 1412 149
121: 2378 1067 606
122: 3193 2927 2587 947 798 713 646 524 343 272 239
123: 3119 2068 1312 1130 506 188 143
124: 2184 2076 141
125: 873 860
126: 3571 3454 2973 354
127: 2785 1408 139
128: 2433 2237 1742 1736 1671 1591 1058 220
129: 1409 1291 499
130: 3490 2884 2305 1908 148
131: 3323 1031 422
132: 1046
133: 1127 919 429 298 277 181 176
134: 1772 1496 425 378
135: 2200 1308
136: 2349 1193 475 321 240 193 189 164
137: 439
138: 1811 1608 814
139: 291
140: 2474 2015 737
141: 2732 1994 1963 1378 1207 711 533 414 172 158
142: 2697 1426 432 305
143: 2110 2008 1690 1435 1001 454 280
144: 307 162
145: 1976 1486
146: 2488 1432 761 260 185 160
147: 3073 2703 2474 2404 2216 2015 619 167
148: 2514 1446 669 653 238
149: 3248 2315 754 350
150: 2994 2986 2414 1145 1029 989 722 587 514 353
151: 2209 1260 1168 655
152: 1279 1216 665
153: 3142 390
154: 2073 839 816 328
155: 1380 1206 409
156:
157: 3252 2716 2386 549
158: 3466 2684 2065 1381 1187 500
159: 694 595
160: 1294 1102 215
161: 294 192
162: 1552 1235 1057 225 209
163: 2335 2122 1725 1716 1625 1553 1466 758 719 203
164: 3358 971 232 182
165: 440 358
166: 3497 3293 1910 1764 464 335 246
167: 2135 1761 590 531
168: 3319 3090 2952 2752 2587 1886 1230 806
169: 1114 922 768 716 372
170: 1982 1702 1607 258 217
171: 1165
172: 3268 2966 2860 1912
173: 2602 1350 1024 779 604 525 376 256 197
174: 3491 2977 2556 2412 2178 2171 1483 1369 957 580 474
175:
176: 2779 1545 1183
177: 3453 2647 2480 1890 1781 1401 1292 202
178: 3319 3184 3090 2986 2843 1268 1076 687 598 559
179: 3497 1764 1409 1291 1084 499 497 307
180: 1656
181: 2297 1289 226 216
182: 1587 1100 950 785 782 534 392
183: 2268 1422 1413 557 540 391
184: 1795 1252 918 647 503 229
185: 2734 2365 1352
186: 2108 363
187: 1895 885 706 682 581 195
188: 3495 3056 407
189: 418 411 304 219
190: 3057 1366 1244 1241 793 317 222
191: 2846 1861 1652 1642 546 299
192: 2980 2676 1451
193: 2184 831 507 310
194: 1749
195: 3319 3090 1966 1268 1076 703 562
196: 1863 1647
197: 1659
198: 2840 2654 1143 208
199: 2130 1224 569 387
200: 671 300
201: 1279 1216 937 279
202: 3453 2647
203: 2538 1359 1353 772 413
204: 3133 1523 1316 284
205: 3393 3240 543 401
206: 962 773 610 505
207: 1776 824 512 257
208: 2639 416 399 268
209: 2954 2937 469 348
210: 2703 2216 1078 1050 313
211: 2719 1487 1011 895 315
212: 254
213: 2351 1480 618 493
214: 3019 2696 1511 944 880 774
215: 2514 1772 1496 1446 826 669 653 510 286
216: 3367 1366 1244 1241
217: 2636 2094 2052 1533 854 548 337
218: 651 415 288
219: 2624 636
220: 2617 2314 1460 1389 1239 1208 290 233
221: 2162 1601 1531 1383 851 375 278
222: 3057 1822 1146 563
223: 3213 2540 1856 1562 1517 1159 1035 690 624
224: 3067 382
225: 794 325 324
226: 2074 588 482 412
227: 3133 1161 394 243
228: 1688 1172 554
229: 1899 388
230: 2979 667 645 404
231: 1630 654 556
232: 1327 366 362 252
233: 916
234: 2833 2750 1732 261
235: 2270 2006 1382 560 538
236: 2865 2518 1784 1321 872 863
237: 3503 2207 1885
238: 383 326
239: 2723 2652 952
240: 3424 3072 2648 2169 1919 1583 1536 1259 547
241: 2329
242: 347
243: 1106 519 364
244: 3143 2266
245: 3589 3017 786 289
246: 2190 1109
247: 3140 2372 893
248: 1986 357
249:
250: 3537 2613 2452 2221 1776 1175 824 512
251: 3259 3081 2257 1913 1744 340
252: 3563 2460 1992 1290
253: 2796
254: 2553 1247 424
255: 1130
256: 2609 818 466 295
257:
258: 2028 1539 881 850 575
259: 1842
260: 725
261: 1604 1300
262: 2518 1862 1562 1517 1269 872 863 660 649 608 456 380
263:
264: 2803 385
265: 2612 1377
266: 2551 1114 922 768 716 339
267: 3453 2961 2647 1159 1035
268: 2719 1487 1011 895 688 329
269: 3315 2320 1189 819 319
270: 2427 550 400
271:
272: 784 490
273: 1678 1661 958 301
274: 2035 1489 1359 1353 686
275: 2805 2587 2404 368
276: 2046 1703
277: 586
278: 1767 1018
279: 3409
280: 3178 1200 935
281: 2517 2302 2197 2108 1027 914
282: 3361 3067 2558 2337 1825 1755
283: 1865 1805 352
284: 2956 2339 2241 1747 876
285: 1602 359
286: 796 532
287: 2731 2478 2209 1168
288: 1708 1403 747 462
289: 1661 958 628 535
290: 974 504
291: 2203 342
292: 1587 950 785 782 392
293: 2211 1199 967 795 553 489
294: 2057 1317 883 750
295: 3008 2822 2518 1973 1087 936 872 863 861
296: 2101
297: 2726 756
298: 3169 1034 871
299: 1345 997 908 648 487
300: 3268 2966 1752
301: 1596 1261 978 637 423
302: 2192
303: 1033 699 632 460
304: 1795 1327 1252 918 848 766 647 452 341
305: 1277 741 349
306: 2426 2419
307: 2539 1355 723
308: 1746 1568
309: 3430 2109 2027 1348 1123 692 593 332
310: 2490 360
311: 356
312: 3024 1166 999
313: 3279 2608 1742 1736 1671 1587 1058 950 785 782 453
314: 2702 730
315: 3339 3230 2307 1385 705 327
316: 3120 2475 829
317: 2046 1703 567
318: 3476 1716 629
319: 3544 2543 917
320: 2877 1191
321: 2921
322: 3361 3143 2266 2041 1825 1755
323: 3548 2632 746 715 389
324:
325: 3497 1764 1608 431
326: 2256 1974 611 552
327: 3169 3124 2392 2282 2126 1068 1034 871 668
328: 2897
329: 2985 2863 2622 2261 1654 1045 633
330: 1199 795 365
331: 3461 2876
332: 905 346
333: 1988 1471 1297 351
334: 3526
335: 1414 662
336:
337: 2717 397
338: 2029 1457
339: 3452 984 523 447
340: 2692 2517 2302 2197
341: 1498
342: 834 634 591 442
343:
344:
345: 3044 1691 1056 1040
346: 3149 2961 1079 405
347: 1699 455 367
348:
349: 2322 2193 2135 1935 1138
350: 3182 3173 650
351: 2631
352: 3587 3522 3073 910 448
353: 2879 2661 1930 395 377
354: 2856 457 445
355: 2490
356: 613 602
357: 2999 2448 1519 1251 434
358: 2922 1979 1686 1449 1088
359: 3073 941
360: 2256 1974
361: 3085 2481 2458 2099 1267 929 627
362:
363: 656
364: 433
365: 2717 2524 2219 2109 1598
366: 1731 1195 1000 752
367: 603
368: 508
369: 1581 1116 717 666
370: 3167 2832 609
371:
372: 3199 2802 2585 1960 1956 813 710 695
373: 2344 1155
374: 3072 2169 1919 1536 1361 867
375: 1354 608
376: 1232 718 689 461 444
377: 3400 1812 1621 847
378: 3303
379: 3125 2883 2038 1844 1311 955 903 897
380: 1623
381:
382: 2082 765 570
383: 2118 472
384: 2293
385: 1972 996
386: 3217 2807 1084
387: 2133 635
388: 1209 877
389: 470
390: 2379 945 451
391: 1783
392: 1853 1729
393: 430
394: 3104 1105 477
395: 2786 2586 2488 1432 675
396: 2526 1423 491
397: 1613
398: 1037 677 536
399: 3398 2833 2588 1732 1278
400: 2988 2333 2274 1070 642
401: 731
402:
403: 1099 762
404: 3291 3202 3006 1371
405: 3184 2843 840
406:
407: 3585 3209 3101 2662 2498 1284 684
408: 1285 673
409: 1594
410: 2917 2697 2356 2332 2067 1426 1411 1331 701 683 596
411: 1205
412: 2624 2580 513
413: 1158
414: 3184 2843 1683 1323 972 598
415: 1992 1505 1492 1226 1069 891 811
416: 2418 1953 1941 1363 476
417: 1474 940 776
418: 1473
419: 2194
420: 3295 685 597 520
421: 2950 2678 1620 1475 582
422: 3119
423: 853
424: 3403 3099 2206 1865 1805 527
425:
426: 3489 1254
427: 2163 1958 830 771
428:
429: 960 471
430: 2822 1973 1087 936 861 775 530
431: 680
432: 1107 924 778 541 488
433: 2268 956 494
434: 2067 1411 1331 683
435: 2951
436: 3010 1384 468
437: 2554 1870 1774
438: 2259 2218 781 770
439: 3497 2335 1764 1725
440: 1676
441: 2982 2888 1340
442: 3278 1036 841
443: 2173 1759
444: 2241
445: 2122 1625 1553 566 521 502
446: 3248 2594 2315 1600 1339 889
447: 3134 2669 2296 1903 1420 1227
448: 3258 2312 2307 1836
449:
450: 2997 1859 1628 857 616
451: 2782 2115 981
452: 1514
453: 1713 1272 803
454: 704 483
455: 3264 2968 1306
456: 3581 2598 2254 1984 1573 963 932
457: 1664 694 595 465
458: 1685
459: 1796 744 480
460: 2835 1633 1204 874 787
461: 1081
462:
463: 2672
464:
465: 1077 449
466: 2637 2504 2194
467: 2528 467
468: 526
469: 2408 1571
470: 2165 802
471: 1593 697 615
472: 2994 2414 989 722
473: 3023 2642 1319 769 498
474: 3388 2202 1724 495 463
475: 1747 1711 558
476: 2592
477: 1404 1286 481
478: 1994 1963
479: 2206 638 537
480: 3598 1137
481: 3026 2994 2930 478
482: 875 791
483: 2488 1432
484: 1631 1521 821
485: 2617 1389 1208
486: 3005 1578
487: 3307 3238 3108 2101 900 583
488: 3125 2304 1887
489: 2378 1337 1067 626 484
490: 3028 2882 1173
491: 3319 3090 1538
492: 3416 2957 2060
493: 3007 2379 2068 1312 1026 751
494: 3237 1928 764
495: 2054
496: 3000 2979 1968 1965 1055 804
497: 858 828 574
498: 698
499:
500: 2093
501: 3323 3010 2591 1396 780
502: 2927 2042 2012 713
503: 1726 1562 1517 640
504: 2871 1700 740
505: 2246
506: 2555 777
507: 1531 1383
508: 1970 674
509: 1932 1592 1042 1005
510: 1094 663
511: 3182 2825 2176 1498 1324 555
512: 1867 601
513: 1992 1956 1505 1492 1336 1226 1069 925
514:
515: 2318 1484 584
516: 1214 1038
517: 3311 3057 1829 1800 1233 975 702
518:
519: 659 511
520:
521: 501
522: 3566 1691 1056 1040 859
523: 3022 1564 1332 693 639 571
524: 3148 1293 760
525: 2227 2152 1988 862 623
526: 755 709 625
527: 3293 1910
528: 3431 3022 1951 576
529: 3581 2254 1984 522
530: 1706 1262
531: 612 600
532: 2952 1886 1230
533: 1349 678
534: 1828 1544 991
535: 2498 1961
536:
537: 3136 2519 565
538: 3567 885 706 682
539:
540: 3119
541: 2427
542: 2356
543: 2276
544: 3374 2416
545: 3525 2881 1851
546: 1565 1372 864 799
547: 3501 2906 1905 644
548: 2088 1956 1398 1336 1287 1153 1021 925
549: 3233 2712 1962 732
550: 1486 544
551: 896
552: 2278 1122 736
553: 2594
554: 3337 3019 2696 1696 1511 1445 944
555: 3212 1068
556: 1684 1108 681
557: 1664
558: 3263 1820 1657 1610 1482 833
559: 2752 1889
560: 2745 2141 561
561: 3175 1683 1565 1372 864
562: 2151 1325 1179 585
563: 1013
564: 2905 2477 1314
565:
566: 748 670
567: 2373 1765 676
568: 3232 3077 2815 1104 852
569: 734
570: 1019
571: 3402 2542
572: 2668 2423
573:
574: 2602 2551 2146 1523 1350 1316 1024 779
575: 3354 1643
576: 3151 1318
577: 1815
578: 2793
579:
580: 3059 3022 2804 945
581: 2950 2678
582: 1946 1866 1779 1464 605
583: 3531 3272 2409 700
584: 2521
585: 3101 2662 1899 1066 621
586: 3339 2451 2441 2106 2048
587: 3412 3367 890
588: 2440 1219
589: 630
590: 2385 1117 845
591: 1683 972
592:
593: 3490 2884 1086 1007 763
594: 1955 1452
595: 1117
596: 965 882 805
597: 1839 930
598: 3466 2065 1187 631
599: 3563 679
600: 3419 3093 2734 1672
601: 2509 2145 1838
602: 728
603: 3408 2758 2322 2193 1135 835
604: 2740 1526
605: 833
606: 3069 2509 2145 1838
607: 1271 1098
608: 2322 2193 868
609: 672
610: 1302 661
611: 721
612: 1274 1062
613:
614: 2358
615: 2433 1591 846 808
616: 726
617:
618: 2637
619: 2981 2919 2225 1588 797
620: 1049
621:
622: 3138 2757
623: 2160 1584
624: 1771 1689
625:
626: 979
627: 1469 1305 727
628:
629: 3569 1977 1786 1727 1180 1004
630: 3299 2271 961
631: 1153 1021
632: 3224 3175
633: 2109
634: 3210
635: 2310 810
636: 3467 3391 2882 1315 1064
637:
638: 2226 809 759
639: 2175 1148
640: 3217
641: 2742 2736 2574 2464 2292 1998 1264
642: 1960 710 695
643: 3247 720
644: 2497
645: 1775
646: 2909 1557
647:
648: 3545 1212
649: 904
650: 3012 2186 1368 1198
651: 3223 2005 1877
652: 1295 856
653: 3372 2439 2255
654: 1751
655: 2985 2863 2278 729
656: 2563 733
657: 837
658: 3008
659: 3012 2723 2652 2186 1863 1647 1616 1368 952 836
660: 2211 967
661: 1741 1549 1419 838
662: 1831 1535
663: 1621
664: 3373 3363 1772 1496
665: 3315 2251 1509 735
666: 2525 2262 1410 691
667: 3290
668: 2964 1888 1025
669:
670: 2465 1228
671: 1529 1497 1089 822
672: 2162
673: 3336 2844 1338
674: 2164
675:
676: 2506 712
677: 2995 2077 1283 707
678: 3286 907 884 832
679: 3529 2847 2743 1849 1793 1221
680: 2382 1400
681: 2220
682:
683: 2812 1766 1071
684: 3031 2133 1322
685: 3489 788
686: 3286
687:
688: 1309
689:
690: 3528 2376 1540 1433 714
691:
692: 3186 1710 1275 927
693: 892
694: 3393 3240 1528
695: 2787 2142 2105 1356
696: 2237 843
697: 2869
698: 2551 2115
699: 1576
700: 2963 2819 2610 1495
701: 2978 2939 2881 2125 1957 951
702:
703: 985
704: 1954
705: 3045
706: 2404
707: 2665
708: 894
709: 2272 2235
710: 3233 2282 1588
711: 2511
712: 1256 1115
713: 2837 745
714: 2714 1303 1225 888 878 869
715: 1760 820
716: 3548
717: 3042 2767
718: 1533
719: 2928 1534
720: 1930
721: 1570
722: 2941 1223 1118
723: 3088 2114
724: 3405 3003 1677
725: 3271 1639
726: 1557
727: 1811
728: 1915 1220
729: 2920 2634 1609
730: 1675 1329 1014
731: 1373 973
732: 2438
733:
734:
735: 2607 1515 1141
736: 1606 1461 898
737: 2848
738: 3089
739: 3345 1897 1520
740: 946
741: 1113
742: 1154
743: 2898 1668 1666
744: 3574 3237
745:
746: 1160
747: 1111
748: 2955
749: 2742 2736 2464 1998 1043
750: 3149
751: 1969
752: 3487 3235 1218
753:
754: 3191 2534 2482 2319 825
755: 2191 1567
756: 2976 1177
757: 3197 1234
758: 1009 923 792
759: 2616 2058 886
760: 3172 2341
761: 2855 912
762: 1876
763: 2971 1119
764: 2190 865
765: 1754 1052
766:
767: 2598 1573
768: 2161
769:
770: 3406 3098 1548 1335
771: 2007
772: 2265 1641 1156
773: 1841 1006
774:
775: 1678 1238
776: 3318 1023 855
777: 2710 2321
778:
779: 2552 2358 1704
780: 926
781:
782:
783: 3279 2608 982
784: 3123 3061 1507
785: 2087
786: 2164 1648
787: 1728
788: 2877 2554 1572 1191
789: 2586
790:
791: 1590 976
792: 2904 2720 2577 2213
793: 2389
794: 2447 1577
795: 1493 943
796: 2826 2795 1367 849
797: 2470
798: 2179 879
799: 844
800:
801: 3317 3195 2853 2515 1735 1695
802:
803: 920
804:
805: 3531 1924 934
806: 2677 1121
807: 2013 1762
808: 992
809: 1824 1721 1478 1421 1032
810: 3217 2700 1995
811: 3317 2853 2515 1735 1470 1360 899
812: 1560
813:
814: 2697 2333 1426 1070
815: 1178
816: 3040 969
817: 2392 2126
818:
819: 1359 1353
820: 1655
821:
822: 2536 1737 1030
823: 2926 1734 1550
824: 3325 1952 1047
825:
826:
827: 2297 968
828: 2203
829: 1946 1779 909
830:
831: 2076
832: 2462 2378 1449
833: 2686 913
834:
835: 3339
836: 3534
837:
838: 3182
839: 1390
840: 3334 2360 2244
841: 3303 966
842: 2689 1997 1939 1810 933
843: 2369 2092
844: 1809
845: 3586 3564 2557
846: 1152
847: 2625 1789 1167
848: 2596 1660 1017
849: 1054
850: 3492 3445 1662
851:
852: 1972 1846 1546 1437 1342
853: 2922 1979 1686
854: 1870 1774
855: 3442 1362
856: 1196 1192
857: 949
858: 1246
859: 970
860: 3157
861: 3244 1083 1028
862:
863: 928
864: 3014 2031
865: 1801
866: 2214 1171
867:
868:
869: 3529 1849 1793 1221
870: 2468 1674 1258 1048
871: 2902 1144
872: 987
873:
874: 2926 1636 1431 1365 980
875: 2769
876: 3012 2186 1368
877:
878: 3044 1125
879: 3501
880: 1896
881: 2913 2755 1436
882: 3136
883: 2390 988
884: 3525
885:
886: 1670
887: 3478 2009
888: 1129 902
889: 2844 1524
890: 2289 1477 1299
891: 3494 2472 1022
892: 1875 1502
893: 1092 1015
894:
895: 2179 1249
896: 2192
897: 2326 2151
898: 2694
899: 1578
900: 2194 1073
901: 2489
902:
903: 1211
904: 2649 2103 1806
905: 2399 2119
906: 3057 1829 1800 1407 1162
907: 3230
908: 2820
909: 2424 2002
910: 2260 2199 1834 990
911: 2703 2560
912: 3055
913: 1215
914: 3380 3038 2110 2008 1435 1320 1142 1075
915: 3130 1753 1635 1263
916: 1399
917: 2601
918: 3385 3183 2206 986 977
919:
920: 2798
921: 1186
922: 3190 2445 1562 1517
923: 2476
924: 1181
925: 2778 2269 2261 2195 1273
926: 2936
927: 1595
928:
929: 1615
930: 2053 1860 1758
931: 1307
932: 1654
933: 2260 2199 1834
934: 2288 1934 1914 1907
935: 1580
936:
937: 1448 1016
938: 3239 3206 1190 995
939: 3337
940: 3261
941: 3575 1310
942: 2308
943: 1847
944: 1485
945: 2874
946:
947: 3507 3085 1065
948: 2780 1948 1133 993
949: 3263 2609 2228
950:
951: 3296 3222
952: 2387 1491 1060
953: 3537 3115 2751
954:
955: 2326 1712 1090
956:
957: 3233
958: 1197
959: 2151 1701 1051
960:
961: 2492 1044 1010
962:
963: 1176
964: 3380 3107 2450 2074 1878 998
965: 3332 1669 1008
966: 1128
967:
968: 2218 1901 1072
969: 2363
970: 3594 2420 2143
971: 3527 3146
972: 2975 1444
973: 3425
974:
975: 1769 1665
976: 2782 2530 1530
977: 2093 1425
978: 2239 2233 2191
979: 1417 1298 1020
980: 3189 1996 1110
981: 3345 2247 2071 1897 1222 1169
982:
983: 2072 1813
984: 3338
985: 3562 2240
986: 2552
987: 1201
988: 3321
989:
990: 3150 1124
991: 2107
992:
993: 2263 1126
994: 1922
995: 2109 1506
996: 2773 2432 1063
997: 1443 1140
998: 2156 1237
999:
1000:
1001: 2070
1002: 1041
1003: 1946 1594
1004: 2747 2473 2454 1392 1188
1005: 1150 1101
1006: 1622 1334
1007: 1358
1008: 1673 1132
1009: 2523 1245
1010:
1011:
1012: 2153
1013: 1623 1131
1014:
1015: 2978 1061
1016: 1990
1017:
1018:
1019: 2423
1020: 2775 2025 1537
1021: 3486 1931
1022: 2928
1023: 1750
1024:
1025: 1710 1449
1026: 2511 1516 1257
1027:
1028: 2970
1029: 1134
1030:
1031:
1032: 1898
1033:
1034: 3109 1983 1074
1035:
1036: 2425 1242
1037: 2446 2234 1723
1038: 2913 2755 1819
1039: 3190 2445 2023
1040:
1041: 2836 1313
1042: 3160
1043: 2353 2350
1044: 3223 2656 1174 1149
1045:
1046: 3160 2812 1280
1047:
1048: 1579
1049:
1050: 3104 1961 1644
1051: 2832
1052:
1053: 3205 2918 1500
1054: 2596 1405
1055: 2439 2255
1056: 1255
1057: 3446 3292 1341
1058: 3027
1059:
1060: 1170
1061: 2160
1062:
1063:
1064:
1065:
1066: 2682 2306
1067: 1925 1344
1068: 3390
1069: 3050
1070: 1766
1071: 2238
1072: 2806
1073:
1074: 2243
1075: 3503 1894 1346
1076:
1077:
1078: 1682 1210
1079: 2938 1499
1080: 2134
1081:
1082: 2998 2953 2462 1748 1689 1558
1083: 1637 1402
1084: 2836
1085: 2625 1281
1086: 3473 3465 3113 2605
1087:
1088: 2392 2126
1089:
1090: 2892 2867 1603
1091: 3107 2450 1878
1092: 2235
1093:
1094: 1645
1095: 3317 2993 2853 2515 2426 2090 2046 1735 1703
1096:
1097:
1098: 3094 1164
1099: 2051
1100: 1681
1101: 3520 2844
1102: 2635
1103:
1104: 2182 1236
1105: 1422
1106:
1107:
1108: 2706
1109: 1428
1110:
1111: 3405 1202
1112: 2416 1182
1113: 2457 2019
1114:
1115: 2132
1116: 3070 2089 1387
1117:
1118: 2293
1119: 2519 1203
1120: 3567
1121: 2042 2012 1618
1122:
1123: 1739
1124:
1125: 2789
1126: 3430 2027 1348 1185
1127:
1128: 1778 1455 1424
1129:
1130:
1131: 2572 2279 1881 1438
1132: 3124 2352 2284
1133:
1134: 1949 1217
1135: 2415 2272 1892
1136: 2751 2120
1137: 3455
1138:
1139: 3100
1140: 2236 2219 1266
1141: 3411 3266 3255 2646 1612 1296
1142: 3207 2772
1143: 2907 2421
1144: 2697
1145:
1146: 1551 1386 1253
1147: 1282
1148: 2189
1149: 1328
1150: 3076 2155
1151: 2840 2654 2377 1959 1709 1693 1243
1152: 1357
1153: 1967 1816
1154: 1504
1155: 2453
1156:
1157: 2971
1158: 3214 1626
1159: 1276
1160: 3355 2010 1717
1161: 2945 2533 2177 1718
1162: 3576 2112
1163: 1248
1164: 1559
1165: 2373 1638
1166: 1619
1167: 1904
1168:
1169:
1170: 2977 2412 2178 2171
1171: 1585
1172: 2060
1173: 3592 3231 1932
1174: 2753 2124 1632 1459
1175:
1176: 3172 2341
1177: 1555
1178:
1179: 2047
1180: 2149 1463 1430 1288
1181: 1304 1265
1182:
1183: 2513
1184: 3547
1185: 1782
1186: 3413 2054 1653
1187:
1188: 3329 2086 1714 1522
1189: 2056
1190:
1191: 2730 1823 1434
1192: 3287
1193:
1194: 2196
1195: 2466
1196:
1197:
1198:
1199:
1200:
1201: 2827 2674 1698 1343
1202:
1203: 2886 1250
1204: 1875
1205: 2821 1375
1206: 3277
1207:
1208: 2920 2634 1609
1209: 2987 2253
1210: 2581
1211:
1212: 2493 1791
1213: 3437 2467
1214: 2817
1215:
1216: 3174 3105 2128
1217:
1218: 2562
1219: 3418 2852
1220: 1890 1781
1221: 2889
1222:
1223: 3200 2923 2713 1629 1569 1532
1224: 1692
1225: 3376 3257 1415
1226:
1227: 3565 2245 2017 1481
1228: 2773 2432 1590
1229: 1840
1230:
1231:
1232: 3098 2800
1233: 1832
1234:
1235:
1236: 3396
1237: 2000 1370
1238: 2695 2084 1916 1447
1239: 1799
1240: 3219
1241: 2264
1242: 3051 1893
1243: 1599
1244:
1245: 2675
1246: 2500 2483
1247: 3199 2802 1441
1248: 2410
1249:
1250: 2100 1490
1251: 3211 2227
1252:
1253: 2503
1254: 1425
1255:
1256: 3192 2785
1257: 1488
1258: 3126 1547
1259:
1260: 1927
1261: 2037
1262: 3219 1440 1364
1263: 1787
1264: 3422
1265:
1266: 2606
1267: 3368 2898 2434 1561
1268:
1269: 2633 1395
1270:
1271: 2119
1272:
1273: 3383 2495
1274: 2747
1275:
1276: 2505
1277: 1394
1278: 2872 2079
1279: 2895
1280: 2763 1467
1281: 2159 1680
1282: 2229 1611 1330
1283:
1284: 3252
1285: 2731 2478
1286:
1287:
1288: 1798 1510
1289: 2259 1563
1290: 2294
1291: 2796
1292: 2614 1830
1293: 3516 2981 2919 2225 1512
1294: 1807
1295: 2905 2061
1296:
1297: 2075
1298:
1299:
1300:
1301: 1458
1302: 1351
1303: 2121 1944
1304:
1305: 3553
1306: 1379
1307: 3484 2691 1574
1308:
1309: 2856
1310: 1456
1311:
1312: 1525
1313:
1314:
1315: 1541 1406
1316: 2043
1317: 2512 1554
1318: 3507 2780 1476
1319: 2353 2350 2117
1320: 3404 2295
1321: 2535 1439
1322: 2411 2388
1323: 2277 1854
1324:
1325: 3338 3228 1627
1326:
1327:
1328:
1329: 1911 1462
1330: 3569 3518
1331: 1733
1332: 3062 2749 1479
1333: 3509 1566
1334: 1828 1544
1335: 1985 1397
1336:
1337: 3381 2232
1338: 2576 2420
1339: 3068
1340:
1341: 1740
1342: 2643 2400 1472
1343: 1556
1344: 2603 2034
1345: 2064
1346:
1347:
1348: 3215
1349: 2444
1350:
1351: 3579
1352:
1353:
1354: 2831
1355:
1356: 2150 1715
1357: 3093
1358: 2130 1648 1442
1359: 2754
1360: 3314 1827
1361:
1362: 3080
1363: 2943
1364:
1365:
1366: 2313
1367: 2838 2147
1368: 2773 2432
1369:
1370: 3428 2039 1817 1501
1371: 1821 1450
1372: 2540 1856
1373:
1374: 2361
1375: 1936
1376:
1377: 2343 1494
1378: 1869
1379: 1806
1380: 2668
1381: 1808
1382:
1383: 1651
1384: 3268 2364 1752 1527
1385: 2569
1386:
1387: 2842
1388:
1389: 2469
1390:
1391: 3574 2510 2348 2137 1427
1392: 2788
1393: 2765
1394: 3106
1395: 2887 2066 1797 1597
1396: 3544 3360 1697
1397:
1398: 2679
1399: 1748 1558
1400:
1401: 1650
1402: 2185 1503
1403: 3453 2647
1404: 3372
1405: 3489 2887 2066 1797
1406:
1407: 3512 2129
1408: 3552 1667
1409: 3115 2455 2436 1918
1410: 2463
1411:
1412: 2154
1413:
1414: 1858 1745
1415:
1416:
1417: 3060 2947 2709
1418: 3048 2878 1848
1419: 2571
1420: 2910 2214 1937
1421: 3377
1422:
1423:
1424: 1929
1425: 2380
1426: 3357
1427:
1428: 1575
1429:
1430: 3316
1431: 3253 2174 2021
1432: 1773
1433: 3477
1434: 2215
1435: 3461 2876
1436: 2016 1804
1437: 3546
1438: 3143 2266
1439: 3220
1440:
1441: 3141
1442:
1443: 2781
1444:
1445: 3173 1508
1446:
1447:
1448: 1640
1449: 2183
1450: 2428
1451: 2393
1452: 2316
1453: 2944
1454: 2319
1455: 2627
1456: 2795 2529
1457: 3352
1458: 3082
1459: 2567
1460: 1649
1461:
1462:
1463: 1707
1464:
1465:
1466:
1467: 1770
1468: 1543
1469: 2769
1470:
1471: 3102 2715 2158
1472: 2680
1473:
1474:
1475: 2076
1476:
1477:
1478: 2144
1479: 1582
1480: 3462 3448 2732 2116 1687
1481:
1482:
1483: 3478
1484: 2517 2302 2197 1634
1485: 3280
1486: 2705 2459 1884
1487: 3350
1488: 3414
1489: 3588
1490: 2912
1491:
1492: 3274 1646
1493: 2990 2628
1494: 2345 1719
1495: 2407
1496:
1497: 3081
1498: 1879 1663
1499: 3147
1500: 3419 1785
1501: 3529
1502: 1883
1503:
1504:
1505: 2663 2045
1506: 3191 2534 2482
1507:
1508:
1509:
1510: 2167
1511: 2018
1512:
1513: 2327 1589
1514: 2324 2096 2050
1515:
1516:
1517: 2381
1518:
1519: 1980
1520: 2317 1814
1521:
1522:
1523: 2733 2123
1524:
1525: 2340
1526: 1923
1527: 2630
1528:
1529: 2683
1530: 2106 2048
1531:
1532: 3405 1852 1738
1533:
1534: 2282
1535:
1536: 3094
1537:
1538: 2932
1539:
1540: 1947 1909
1541: 1705
1542:
1543:
1544: 3364 2384 1694
1545: 1790
1546: 1880
1547: 1837
1548:
1549:
1550:
1551: 2505
1552: 2003
1553: 2774
1554:
1555:
1556: 1900
1557:
1558:
1559:
1560: 2262
1561: 1802
1562: 3305 2001
1563:
1564: 1780
1565: 3178
1566:
1567: 1679
1568: 1763
1569:
1570:
1571:
1572: 2014
1573: 1743
1574: 2322 2193
1575: 1873
1576: 3474
1577:
1578: 2638 2342
1579: 3417 3153
1580: 2300
1581:
1582:
1583: 3103
1584: 3245
1585: 3204 2004 1658
1586: 3368 2434
1587:
1588:
1589: 1981 1833
1590:
1591: 2670 2281 2224
1592: 2285
1593:
1594: 1874
1595: 2040
1596: 2623
1597:
1598:
1599:
1600: 2059
1601:
1602: 2290
1603:
1604: 1921
1605:
1606: 2854 2024 1945
1607:
1608:
1609:
1610:
1611:
1612: 3205 2918 2303
1613:
1614: 2083
1615:
1616: 3059 2804
1617:
1618: 2908
1619: 3065 1950 1940 1722
1620:
1621: 3213 1835
1622: 2366
1623: 3348 3064 2331
1624: 3095
1625: 3587 3522 2345
1626: 2430
1627:
1628:
1629: 3046 3029
1630: 1768
1631: 3305
1632: 2138 1855
1633:
1634: 3128 3012
1635: 3122 2823
1636: 2626 2032
1637:
1638:
1639: 2391
1640: 2435
1641:
1642:
1643:
1644: 2131
1645:
1646:
1647: 2280
1648: 2415
1649: 3009
1650: 3078
1651:
1652: 3137 3074
1653: 2900
1654: 3207 2668 1906
1655: 3594
1656: 3426 2417
1657:
1658: 3494
1659: 2030
1660: 2892
1661: 3395 3052 1845
1662: 1730
1663:
1664: 2972
1665: 3127 2397
1666: 3438 3341
1667: 3342
1668:
1669:
1670:
1671:
1672: 2645 2140
1673: 2701 2190
1674: 1964
1675:
1676: 1792
1677: 2975
1678: 2956 2339
1679: 2575
1680: 3513
1681:
1682:
1683: 3196 2959
1684: 2545
1685:
1686:
1687:
1688:
1689: 2782
1690:
1691: 3570 3030
1692: 1920
1693:
1694: 2367 2102
1695:
1696:
1697:
1698:
1699:
1700:
1701: 2338 2095
1702:
1703: 2267
1704: 2958 2593
1705:
1706:
1707: 3349
1708: 2641
1709: 3149 2533
1710:
1711: 3102 2715
1712: 3543
1713:
1714: 3389 2870
1715: 1882
1716:
1717:
1718:
1719:
1720: 2547
1721: 3585 3209 2104
1722: 3335
1723: 3558 1938
1724: 3147 2861 2325
1725:
1726: 2988 2274
1727: 1999 1794
1728:
1729: 2398
1730: 3122 2823
1731:
1732: 2705 2459
1733:
1734:
1735:
1736:
1737:
1738:
1739: 2357
1740: 2532
1741: 2924
1742: 2894
1743: 3035 2962 2011
1744:
1745:
1746:
1747: 2711 2049
1748:
1749:
1750: 3364
1751: 3370
1752:
1753: 2950 2678
1754:
1755: 2309
1756:
1757:
1758:
1759:
1760:
1761:
1762: 2600 2127
1763: 3498 2931
1764: 3409 2395
1765: 2688 1943
1766:
1767: 3351 3165
1768: 2946
1769: 3356
1770: 2136
1771:
1772:
1773: 2111
1774:
1775:
1776: 2214
1777:
1778: 2507 2386 2026
1779: 1933
1780:
1781: 2949
1782: 2437 2210 1864
1783:
1784: 2565
1785: 3506
1786:
1787:
1788:
1789: 3498
1790:
1791: 2359
1792: 2980
1793: 2893 2777 1868
1794:
1795:
1796: 2531
1797:
1798:
1799:
1800: 3483
1801:
1802: 2849
1803: 3008 2020 1993
1804: 3297 2402
1805:
1806:
1807:
1808:
1809: 2157
1810: 3180
1811:
1812:
1813:
1814: 2166
1815: 3396 2599
1816: 2855
1817:
1818:
1819:
1820:
1821: 2323
1822: 1902
1823:
1824:
1825:
1826: 3109
1827: 2201 1917
1828: 2732
1829: 3376
1830:
1831:
1832:
1833: 2848
1834: 2657
1835: 3250
1836:
1837:
1838: 3327 2718 2139
1839: 3402 2542
1840:
1841: 3323 3288 2591
1842:
1843:
1844: 3066
1845: 2311
1846: 1987
1847:
1848:
1849: 2188
1850:
1851: 2546
1852: 3013 2230
1853: 3059 2804 2394
1854:
1855: 3269
1856: 2022
1857: 3544
1858: 2899 2729 2550 2362
1859: 2371
1860: 3173
1861:
1862: 2687
1863:
1864:
1865:
1866: 2746 2148
1867:
1868: 2484
1869:
1870: 2629
1871: 3173 2578
1872: 2180
1873: 3417 3153 2759
1874:
1875: 3037
1876:
1877: 3409
1878:
1879:
1880: 2739 2286 2250
1881:
1882:
1883: 3053
1884:
1885:
1886:
1887: 2960
1888:
1889: 3551 2062
1890: 2824 2681
1891:
1892: 2636
1893:
1894: 3523
1895: 2522
1896: 2181
1897: 2299
1898:
1899: 2998 2953 1971
1900: 2872
1901: 2273
1902:
1903: 2619
1904: 3181 2814
1905:
1906: 2544
1907: 2516
1908: 2236 2080
1909: 2298
1910:
1911: 2354
1912: 3016 2839
1913:
1914:
1915:
1916:
1917:
1918:
1919: 2265
1920:
1921:
1922: 3566
1923: 2242
1924:
1925: 2198
1926: 2724 2078
1927:
1928: 2934
1929: 2036
1930: 2761
1931: 2456
1932: 2701 2055
1933:
1934: 2618
1935:
1936:
1937:
1938:
1939:
1940:
1941: 3020
1942:
1943:
1944:
1945: 3406 3251
1946:
1947: 2797
1948:
1949: 2207
1950: 3451
1951: 3033 2383
1952: 2336
1953: 2570 2287
1954:
1955:
1956: 3112
1957: 2172
1958:
1959:
1960:
1961:
1962:
1963: 2091
1964:
1965:
1966:
1967: 3515 2725
1968:
1969:
1970: 3300 2222
1971: 3373 3363
1972: 3179 3116
1973: 3326
1974:
1975:
1976: 2622
1977: 2834
1978:
1979: 2097
1980:
1981:
1982:
1983:
1984: 2790
1985: 2063
1986:
1987:
1988: 2217
1989:
1990: 2401
1991:
1992:
1993:
1994: 3237
1995:
1996:
1997: 2334
1998:
1999:
2000:
2001: 3369 2559
2002:
2003: 3336 2914
2004:
2005:
2006: 2375
2007:
2008:
2009: 2808 2442
2010: 2948
2011:
2012:
2013:
2014: 3481 3298
2015: 3513
2016:
2017:
2018:
2019: 3330 2791 2501
2020:
2021:
2022: 3456
2023:
2024:
2025: 2370
2026: 3387
2027: 3160
2028: 2205
2029: 3533
2030:
2031: 2621
2032:
2033:
2034:
2035: 2231
2036:
2037:
2038: 2502
2039:
2040: 2204
2041: 3049 2816
2042: 3245 3063
2043: 2347
2044:
2045:
2046:
2047: 3530
2048:
2049:
2050: 3600
2051:
2052:
2053: 2604
2054:
2055: 2671
2056: 3348
2057:
2058:
2059:
2060:
2061:
2062:
2063: 3097
2064:
2065: 3517 2851
2066:
2067:
2068: 3554
2069: 3456 2673
2070:
2071:
2072:
2073:
2074:
2075: 2223
2076:
2077:
2078:
2079:
2080: 2597
2081: 2461
2082: 2983
2083:
2084:
2085:
2086:
2087:
2088:
2089: 2770
2090: 2355
2091:
2092: 2486
2093:
2094:
2095:
2096: 3265
2097:
2098:
2099:
2100:
2101: 2675
2102: 3482
2103:
2104: 2828
2105: 3096
2106: 3550
2107: 2947
2108:
2109:
2110: 3436 2885
2111:
2112: 2933
2113:
2114: 3469
2115:
2116: 2735
2117: 3421
2118:
2119:
2120: 3599 3560
2121: 2915
2122: 3004 2664
2123:
2124: 2659
2125: 2405
2126:
2127:
2128: 2291
2129: 2704
2130:
2131:
2132: 3246 2170
2133:
2134:
2135: 3524
2136: 3188 2208
2137:
2138:
2139: 2984
2140: 3267
2141:
2142:
2143:
2144: 2721 2212
2145: 2413
2146:
2147: 2508
2148:
2149: 2419
2150:
2151:
2152:
2153:
2154: 2750
2155:
2156: 2283
2157:
2158:
2159:
2160:
2161: 3054
2162:
2163:
2164:
2165:
2166: 3156 2499
2167:
2168: 3154
2169: 2768
2170: 2595
2171:
2172:
2173:
2174:
2175: 2810
2176:
2177:
2178:
2179: 2252
2180: 3542
2181:
2182: 2873 2829 2589
2183: 2431 2422
2184:
2185:
2186:
2187:
2188: 3519
2189: 2942
2190:
2191:
2192: 3488 2974
2193: 3325
2194: 2258
2195:
2196: 3192
2197: 2611 2301
2198:
2199: 2805
2200: 3592 3231 3132
2201: 3467 3391
2202: 2568
2203:
2204:
2205:
2206:
2207:
2208:
2209:
2210:
2211:
2212: 2566
2213: 3283 3164
2214:
2215:
2216:
2217: 3405 2967
2218:
2219:
2220: 3439
2221:
2222:
2223:
2224:
2225:
2226: 3078
2227: 2330
2228: 2564
2229:
2230:
2231:
2232: 3036 2667
2233: 3284
2234:
2235:
2236:
2237:
2238:
2239:
2240: 3262
2241: 2896
2242: 3468
2243:
2244: 2479
2245:
2246: 2880
2247:
2248: 2620
2249: 2969
2250:
2251:
2252:
2253: 2522
2254:
2255: 2396
2256: 2921 2564
2257:
2258:
2259:
2260:
2261:
2262: 2957
2263:
2264:
2265:
2266:
2267:
2268: 2615
2269: 3152 2764
2270: 3533
2271:
2272:
2273:
2274: 2487
2275: 2644
2276: 3032 2890 2841
2277:
2278:
2279:
2280: 2741
2281:
2282:
2283:
2284:
2285: 3508
2286:
2287:
2288:
2289:
2290:
2291:
2292: 2485
2293: 2909
2294:
2295: 3444
2296:
2297:
2298:
2299:
2300: 3460
2301:
2302:
2303:
2304:
2305:
2306: 3047
2307:
2308:
2309: 3511
2310: 3091
2311:
2312: 3418 2852
2313: 2443
2314:
2315: 2403
2316:
2317:
2318: 3423
2319:
2320:
2321:
2322: 3499 3449 3312
2323: 2520
2324:
2325:
2326: 3075
2327: 3201 2406
2328:
2329: 3087 2901 2658
2330: 3341
2331:
2332: 2374
2333: 3226
2334: 3273
2335:
2336:
2337:
2338:
2339:
2340:
2341:
2342:
2343:
2344: 3457 3234
2345:
2346:
2347:
2348: 2708
2349: 3155
2350:
2351:
2352:
2353:
2354:
2355:
2356: 3089
2357:
2358: 3121
2359: 3129
2360:
2361: 3158 2590
2362:
2363: 2902
2364:
2365: 2429
2366:
2367:
2368:
2369:
2370:
2371:
2372: 2579
2373:
2374:
2375:
2376:
2377:
2378:
2379:
2380:
2381: 2494
2382: 2685
2383:
2384:
2385:
2386:
2387:
2388: 2935
2389:
2390: 3260 2471
2391:
2392:
2393: 3427
2394:
2395: 2748
2396:
2397:
2398:
2399: 2783
2400: 2496
2401: 2859
2402:
2403:
2404:
2405:
2406:
2407: 3117
2408:
2409: 3186
2410:
2411: 3043
2412:
2413:
2414:
2415:
2416: 2911 2846
2417: 3582
2418:
2419: 2862
2420:
2421:
2422:
2423:
2424: 3194
2425:
2426:
2427: 2653
2428:
2429:
2430:
2431: 2866
2432:
2433:
2434:
2435:
2436:
2437: 3434 2660
2438:
2439:
2440:
2441: 3579
2442:
2443:
2444: 3394
2445:
2446:
2447: 3018
2448: 2864
2449:
2450:
2451:
2452:
2453:
2454:
2455:
2456:
2457:
2458:
2459:
2460: 3468 2561
2461: 3171 2651
2462:
2463:
2464:
2465: 2879 2728
2466:
2467:
2468: 2699
2469:
2470: 2549
2471: 3302
2472:
2473:
2474:
2475:
2476:
2477:
2478: 3238 3108
2479:
2480: 3549
2481:
2482:
2483:
2484: 2762
2485: 3353 2640 2548
2486: 2692
2487:
2488: 2996
2489:
2490:
2491:
2492:
2493:
2494: 2584
2495: 3194
2496:
2497: 3306
2498:
2499: 3504
2500: 3114
2501:
2502:
2503: 3366
2504: 3559 3450 3386
2505:
2506:
2507:
2508:
2509:
2510: 3443
2511: 3281
2512:
2513: 3118
2514: 2707
2515:
2516:
2517: 3176
2518: 3496 3237
2519:
2520:
2521: 3406 3251
2522: 2794
2523: 2830
2524:
2525: 3270
2526: 2690
2527: 3495 3056
2528:
2529:
2530:
2531:
2532:
2533:
2534:
2535:
2536: 3322 3159
2537:
2538:
2539:
2540:
2541: 2845
2542: 3505
2543:
2544:
2545: 3436
2546:
2547:
2548:
2549: 2868
2550:
2551: 3243
2552: 2831 2770
2553:
2554:
2555:
2556: 2722
2557:
2558:
2559:
2560: 3177
2561:
2562:
2563:
2564: 2650
2565:
2566:
2567: 3332
2568:
2569:
2570: 3349
2571:
2572: 3079
2573: 3256
2574: 3168
2575:
2576:
2577:
2578:
2579:
2580:
2581:
2582:
2583:
2584: 2760
2585:
2586:
2587:
2588:
2589: 3253 2771
2590:
2591:
2592:
2593: 3572
2594:
2595:
2596:
2597:
2598:
2599:
2600:
2601:
2602:
2603:
2604: 3331
2605: 2858
2606:
2607:
2608: 3345
2609:
2610: 3086 2738
2611:
2612:
2613:
2614:
2615:
2616:
2617:
2618: 3375 2850
2619:
2620:
2621:
2622:
2623: 2801
2624:
2625:
2626: 3310
2627:
2628: 2655
2629:
2630:
2631:
2632: 3458
2633: 2693
2634:
2635: 3561
2636:
2637:
2638:
2639:
2640: 3536
2641: 3343
2642: 3033
2643:
2644: 3464
2645:
2646:
2647:
2648:
2649:
2650:
2651:
2652:
2653:
2654:
2655:
2656:
2657: 3539
2658: 2799
2659:
2660:
2661:
2662:
2663:
2664:
2665: 3500
2666: 2766
2667:
2668: 2992
2669:
2670:
2671:
2672: 2698
2673: 3015
2674:
2675:
2676:
2677:
2678:
2679: 2737
2680:
2681:
2682: 2875
2683:
2684:
2685:
2686: 2813 2784
2687: 2792
2688: 2929
2689:
2690:
2691:
2692:
2693:
2694:
2695:
2696:
2697:
2698: 3198
2699:
2700:
2701:
2702:
2703:
2704: 3161 2756
2705:
2706:
2707:
2708: 2903 2776
2709: 3475 3333
2710:
2711:
2712:
2713:
2714:
2715: 3131
2716:
2717: 3166
2718:
2719:
2720:
2721:
2722:
2723:
2724:
2725:
2726:
2727:
2728:
2729: 3457
2730:
2731:
2732:
2733:
2734:
2735:
2736:
2737:
2738: 3144
2739:
2740:
2741:
2742:
2743:
2744:
2745:
2746:
2747:
2748:
2749:
2750:
2751:
2752:
2753: 3083
2754: 3483
2755: 2849
2756:
2757:
2758:
2759:
2760: 3510
2761: 3203
2762:
2763: 3039
2764:
2765:
2766:
2767:
2768:
2769:
2770: 3555
2771:
2772: 3407 2811
2773: 2818
2774:
2775:
2776:
2777:
2778: 3011
2779:
2780: 3021
2781: 3591
2782:
2783:
2784:
2785:
2786:
2787: 3282
2788:
2789:
2790: 2925
2791:
2792:
2793:
2794:
2795:
2796:
2797:
2798:
2799: 3532
2800:
2801: 3227
2802:
2803:
2804: 2889
2805:
2806:
2807:
2808:
2809: 3502
2810:
2811: 3162
2812:
2813:
2814:
2815: 2965
2816: 2916
2817: 2989
2818:
2819: 3596 3092
2820: 3185
2821: 3378
2822:
2823:
2824:
2825: 3212
2826:
2827:
2828:
2829:
2830:
2831:
2832: 3145
2833:
2834:
2835:
2836:
2837:
2838: 3216
2839:
2840: 3041
2841: 3392
2842:
2843:
2844:
2845:
2846:
2847:
2848:
2849:
2850:
2851:
2852:
2853:
2854:
2855:
2856:
2857:
2858: 3294
2859:
2860:
2861:
2862:
2863:
2864:
2865:
2866:
2867:
2868:
2869:
2870:
2871:
2872:
2873:
2874:
2875:
2876:
2877:
2878:
2879: 3208
2880:
2881:
2882:
2883:
2884:
2885:
2886:
2887: 3221
2888:
2889:
2890:
2891: 3170
2892:
2893:
2894:
2895:
2896: 2940
2897:
2898: 3071
2899:
2900: 3187
2901:
2902: 3593
2903: 3285
2904:
2905:
2906:
2907:
2908:
2909: 3276
2910:
2911: 3401
2912: 3597
2913:
2914:
2915:
2916: 2991
2917:
2918:
2919: 3476
2920: 3575
2921:
2922:
2923:
2924: 3110
2925:
2926: 3472
2927:
2928:
2929:
2930:
2931:
2932:
2933:
2934: 3568
2935: 3479
2936:
2937:
2938:
2939:
2940: 3379
2941:
2942:
2943:
2944:
2945:
2946:
2947:
2948:
2949: 3001
2950:
2951:
2952:
2953:
2954:
2955:
2956:
2957: 3163 3058
2958:
2959:
2960: 3535
2961:
2962:
2963:
2964:
2965:
2966: 3242 3135
2967:
2968:
2969:
2970: 3308
2971: 3167
2972:
2973:
2974:
2975:
2976:
2977: 3463
2978:
2979:
2980: 3362
2981:
2982:
2983: 3357 3229
2984:
2985: 3382
2986:
2987:
2988:
2989:
2990:
2991:
2992:
2993:
2994:
2995:
2996:
2997:
2998: 3473 3465
2999:
3000:
3001: 3447
3002:
3003: 3218
3004:
3005:
3006:
3007: 3471 3470
3008:
3009:
3010:
3011:
3012:
3013:
3014:
3015:
3016:
3017:
3018:
3019:
3020:
3021:
3022:
3023:
3024:
3025: 3289
3026:
3027: 3304
3028:
3029: 3241
3030:
3031:
3032: 3328
3033: 3440
3034:
3035:
3036:
3037:
3038:
3039:
3040:
3041:
3042:
3043: 3309
3044: 3320
3045: 3480
3046:
3047:
3048:
3049:
3050:
3051:
3052: 3346
3053:
3054:
3055:
3056:
3057:
3058:
3059:
3060:
3061: 3324
3062:
3063:
3064:
3065:
3066:
3067:
3068:
3069:
3070: 3560
3071:
3072:
3073:
3074:
3075:
3076: 3534
3077:
3078: 3595
3079:
3080:
3081:
3082:
3083:
3084:
3085:
3086:
3087:
3088:
3089:
3090:
3091: 3359
3092:
3093:
3094:
3095: 3275
3096:
3097:
3098:
3099:
3100:
3101:
3102:
3103:
3104:
3105:
3106:
3107:
3108:
3109:
3110:
3111:
3112:
3113:
3114:
3115:
3116:
3117: 3493
3118:
3119:
3120:
3121:
3122:
3123: 3313 3301
3124:
3125:
3126:
3127:
3128:
3129:
3130:
3131:
3132:
3133: 3429
3134:
3135:
3136:
3137:
3138: 3583
3139:
3140: 3371
3141:
3142:
3143:
3144:
3145:
3146: 3459
3147:
3148: 3420
3149:
3150:
3151:
3152:
3153:
3154:
3155: 3541
3156:
3157:
3158:
3159: 3399
3160:
3161:
3162:
3163:
3164:
3165:
3166:
3167:
3168:
3169:
3170:
3171:
3172:
3173:
3174: 3347
3175:
3176:
3177:
3178:
3179:
3180:
3181:
3182: 3573
3183:
3184:
3185:
3186:
3187: 3254
3188:
3189:
3190: 3485
3191: 3521 3514
3192:
3193:
3194:
3195:
3196:
3197:
3198:
3199:
3200:
3201:
3202:
3203: 3540
3204:
3205:
3206:
3207:
3208:
3209: 3397
3210:
3211: 3433 3432
3212:
3213:
3214:
3215:
3216:
3217: 3365
3218:
3219:
3220:
3221:
3222:
3223:
3224:
3225:
3226:
3227:
3228:
3229:
3230:
3231:
3232:
3233:
3234:
3235:
3236:
3237:
3238:
3239:
3240:
3241:
3242:
3243:
3244:
3245:
3246: 3538
3247:
3248:
3249:
3250:
3251:
3252:
3253:
3254:
3255:
3256:
3257: 3442
3258:
3259:
3260:
3261:
3262:
3263:
3264:
3265:
3266:
3267:
3268:
3269:
3270:
3271:
3272:
3273:
3274:
3275:
3276:
3277:
3278:
3279:
3280:
3281:
3282:
3283:
3284:
3285:
3286: 3584
3287:
3288:
3289:
3290:
3291:
3292:
3293:
3294:
3295:
3296:
3297:
3298:
3299:
3300:
3301:
3302:
3303:
3304:
3305:
3306:
3307:
3308:
3309:
3310:
3311:
3312:
3313:
3314:
3315:
3316:
3317:
3318:
3319:
3320:
3321:
3322:
3323:
3324:
3325:
3326:
3327:
3328:
3329:
3330:
3331:
3332:
3333:
3334:
3335:
3336:
3337:
3338:
3339:
3340:
3341:
3342:
3343:
3344:
3345:
3346:
3347:
3348:
3349:
3350:
3351:
3352:
3353:
3354:
3355:
3356:
3357:
3358:
3359: 3557
3360:
3361:
3362:
3363:
3364:
3365:
3366:
3367:
3368:
3369:
3370:
3371:
3372:
3373:
3374:
3375:
3376: 3578
3377:
3378:
3379:
3380:
3381:
3382:
3383:
3384:
3385:
3386:
3387:
3388:
3389:
3390:
3391:
3392:
3393:
3394:
3395:
3396:
3397:
3398:
3399:
3400:
3401:
3402:
3403:
3404:
3405:
3406:
3407:
3408:
3409:
3410:
3411: 3580
3412:
3413:
3414:
3415:
3416:
3417: 3556
3418:
3419:
3420:
3421:
3422:
3423:
3424:
3425:
3426:
3427:
3428:
3429:
3430:
3431:
3432:
3433:
3434:
3435:
3436:
3437:
3438:
3439:
3440:
3441:
3442:
3443:
3444:
3445:
3446:
3447:
3448:
3449:
3450:
3451:
3452:
3453:
3454:
3455:
3456:
3457:
3458:
3459:
3460:
3461:
3462:
3463:
3464:
3465:
3466:
3467:
3468:
3469:
3470:
3471:
3472:
3473:
3474:
3475:
3476:
3477:
3478:
3479:
3480:
3481:
3482:
3483:
3484:
3485:
3486:
3487:
3488:
3489:
3490:
3491:
3492:
3493:
3494:
3495:
3496:
3497:
3498:
3499:
3500:
3501:
3502:
3503:
3504:
3505:
3506:
3507:
3508:
3509:
3510:
3511:
3512:
3513:
3514:
3515:
3516:
3517:
3518:
3519:
3520:
3521:
3522:
3523:
3524:
3525:
3526:
3527:
3528:
3529:
3530:
3531:
3532:
3533:
3534:
3535:
3536:
3537:
3538:
3539:
3540: 3590
3541:
3542:
3543:
3544:
3545:
3546:
3547:
3548:
3549:
3550:
3551:
3552:
3553:
3554:
