1: 251 176 75 49 2 1
2: 776 430 37 29 16 13 7 6 5 3
3: 376 204 79 71 9 8 4
4: 407 211 198 154 74 11 10
5: 1397 1265 1216 1074 258 96 64 41 20
6: 1373 786 651 471 387 252 150 128 109 85 12
7: 198
8: 1117 1036 883 513 277 136 55 51 19 18 15 14
9: 741 534 272 250 222 116 99 36 33 32 26
10: 202 129 54 39 17
11: 1380 925 119 38 22
12: 404 216 208 192 189 123 66 21
13: 1379 1106 795 773 377 351 212 63
14: 970 89 62 48
15: 1150 930 86 68 31
16: 245 230 101 98 82 61 45 23
17: 1207 961 646 100 87
18: 938 427 60 50
19: 1480 1430 1180 1167 832 748 729 406 232 120
20: 1004 774 521 90 72 24
21: 135 97
22: 973 836 622 440 262 70 44 35
23: 130 43 40 30
24: 1375 1134 809 502 457 443 42 25
25: 1281 426
26: 1094 966 775 659 390 367 352 331 146 47
27: 953 934 467 395 305 164 57
28: 714 558 361 246
29: 572 323 235 122 114 34 27
30: 986 605 84 46 28
31: 1261 1147 702 482 389 77
32: 674 616 487 309 171 92 52
33: 1061 980 474 127
34: 1207 1018 961 646 524 188 171 100 92 87
35: 1117 439 218
36: 560 464 260 102
37: 1262 827 111 67
38: 574 315 148 56
39: 1410 578 432 276 73 59
40: 988 279 209
41: 770 508 441 267 187
42: 524 188
43: 221 78
44: 1291 784 705 655 515 398 301 253 144
45: 1312 1183 701 653 431 104
46: 1268 983 326 201 163
47: 1438 1173 1164 862 853 459 403 320 107
48: 1465 1347 1141 858 809 777 664 648 502 457 443 368 53
49: 1249 1247 1233 1150 991 930 924 905 772 466 214 197 194
50: 179 58
51: 1256 311
52: 76
53: 679 270 95
54: 1401 1276 682 678 543 514 257 217 65
55: 1347 1141 637 556 397 362
56: 1307 1290 117
57: 602 507 337
58: 319 206 69
59: 797 219 200 141 105
60: 1466 1117 243 153 143
61: 1301 1123 891 412 271
62: 1249 1233 991 772 515 466 301 263 256 214 169 91
63: 1291 705 655 289 205
64:
65: 787 264
66: 299
67: 1009 683
68: 1431 913 879 806 780 422 149 80
69: 846 588 178 118
70: 1223 1161 402 396
71: 786 651
72: 667 193
73: 1188 727 417 266 88 81
74: 1431 742 185
75: 1336 1308 719 196
76:
77: 83
78: 357 332 207
79: 1061 980 694
80: 773 212
81: 1249 1233 991 772 466 214 194 161 151 133
82: 940 769 627 366 110
83: 1315 1078 1047 1028 386
84: 891 875 525 412 271
85: 1166
86: 1358 1151 1104 1077 677 300 137
87: 1480 748 506 483 325 307 94 93
88: 1029 900 867 754 329 231 227 191 175 124 115
89: 681 158
90: 1215 1110 666 132
91: 259
92: 766 112 106
93: 1312 1029
94: 707 475 385 371 356 347 312 296 234 167 113
95: 556 397 362 291 140
96: 1423 1048 815 802 256 184
97: 1436 1169
98: 1247 924 103
99: 1171 428 255 121
100: 1188 802 727 417 147
101: 1476 1439 1288 730 566 408 360 254
102: 1331 903 415 317 173 134 108
103: 602 507 226
104: 1353 727 675 404 192 189 123
105: 370 284 238
106: 1407 789 462 364 182
107: 1014 583 318
108: 1464 1180 1167 729 500 295
109: 405
110: 1468 1398 1054 812 501 432 354
111: 1009 711 683 585 349
112: 1117
113: 434
114: 334 268 181 166 160
115: 867 391 174
116: 1031
117: 1084 810 720 581 469 131
118: 1327 845 793 725 363 346 285 125
119: 1066 244
120: 438 287
121: 775 752 659 213 165 145
122: 159
123: 1373 471 387 252
124: 1170 731 598 358 170
125: 821
126: 893 368 157
127: 922
128: 703 180 152
129: 1094 966 742
130: 879 780 570 156
131: 1188 727 439 417 329 290 266 191
132: 1195 486
133: 1329 803 138
134: 215 155
135: 863
136: 378
137: 1336 719 142
138: 1468 1398 812 354 341 302 229
139: 944 579
140:
141: 606 224
142: 871 628
143: 1480 1148 929 748 681 647 325 247 243 242 172 153
144: 1135 983 890 411
145: 1373 1228 471 456 423 286 259 126
146: 1459 1044 186
147: 1329 1278 803 795 764
148: 1103 240
149: 1268 1145 959
150: 1383 842 345 344 343
151: 365
152: 1153 833 330 203
153: 1366 1322 139
154: 425 249
155:
156:
157: 1329 803 338 244 236
158: 1046 781 519
159:
160: 752 213 177
161: 1035
162: 734
163: 445
164: 1052 726 479 233
165: 1108 327
166: 1308 480
167: 1323
168: 1135 328
169: 1076 314 248
170: 430 316 168
171: 190
172:
173: 1418 897 292 261
174: 979 297
175: 1275
176: 1340 695 693 661 612
177:
178: 1215 1110 874 666 531
179: 601 595 477 336 162
180: 1445 1425 955 761
181: 846
182: 1217 739 463
183: 881 765 694 520 220
184: 1397 195
185: 1277 1222 375 359
186: 905 324
187: 724
188: 453
189: 733 298
190: 1030 353
191: 1105 848 576
192:
193: 1224 379 280
194: 199
195: 758 381
196:
197: 928 529 210
198: 665 223
199: 1296 916 878 837 662
200: 1444
201: 824 275 228 225
202: 1370 1354 1336 1311 1260 931 719 237
203: 1237 1205 759 603 503 342 313 269
204:
205: 1403 1257 183
206: 1263 1125 799 671 619 340
207: 690 484 293 241
208: 1207 452 388
209: 1425 955 761
210: 900 754
211: 663
212: 929 647 383 273
213: 849 818 492
214: 1382 582 239
215: 540 333 321
216: 983 890
217: 1440 1437 1278 793 725 689 546 285
218: 1301
219: 506 483 303 278
220: 1365 1071 589
221:
222: 536
223: 1210 1166 974 478 281
224: 1313 721
225: 750 747 339
226: 447
227: 844
228: 1076 964 610 530
229: 607 288
230: 753 454
231: 920
232: 1455 1368 1262
233: 1031 986 605
234: 542
235: 979 744 470 335
236: 1318 409
237: 384
238: 424 283
239: 885 468 369
240:
241: 469
242: 762 600 497 373
243: 1221 716
244: 1017
245: 638 625 429
246: 1346 491 374 310
247: 1116 517
248: 1164 459
249: 891 676
250: 1256 1154 868
251:
252: 1436 1169
253: 1337 902 626
254: 1381
255: 1305 1089 1039 496 399 265
256: 1392 493 490
257: 571
258: 734 631 448
259: 401
260: 740 586
261: 1344
262: 1128 444 274
263: 861
264: 1026 884
265: 1051 997 410 350
266: 1264 1058 782 393
267: 472 446 294
268:
269: 1159
270: 535
271: 843
272: 1438 1173 614
273: 366 282
274: 1422 1357 1152 382 308 306
275: 1377 1246 879 780 570
276: 1010 392
277: 1230 1054
278:
279: 473
280: 925 650
281: 1285 1228 962 383 304
282: 1368 537
283:
284: 1146 639
285: 1440 1437 689 546 355
286:
287: 965 901
288:
289: 1431
290: 645
291:
292: 1140 670 401
293: 1424 1330 1157 688
294: 1256 914
295: 1469 790
296:
297: 1138
298:
299: 1305
300: 1276 543 514
301: 755
302: 1393 1098
303: 1182 1125 565 522 322
304: 771
305: 1430 832
306:
307: 1201 1015 504
308: 1297 1023
309: 960 550
310: 1118
311: 1301 604
312: 1205 603 503
313: 1422 1394 1357 1152 532
314: 769 627 621 575 548
315: 1433 1343 1211 1083 665 644
316: 1358 937
317: 1400 735
318: 722
319: 940
320: 1433 1083 644
321: 1212 801 692 635
322:
323: 1332
324: 1453 1226 554
325: 449 420
326: 1208 1149 348
327: 876 841
328:
329: 372
330: 1395 899 400
331:
332: 1139 1092
333: 1142 630
334: 1060 563 527
335: 1151 881 577
336: 1391 618
337: 541
338: 1232 455
339: 863 539
340: 394
341: 873
342: 1040 564
343: 1355 1029 989
344: 523
345: 596
346: 849 818 442
347: 597
348: 1445 643 528
349: 562
350:
351: 957 608
352: 1096
353: 695 661 612
354: 1139 712 526
355: 928 786 770 651 380
356:
357: 1010
358: 624
359:
360:
361: 516
362: 736 460
363: 1316 1024 590
364: 1223 1161
365: 1056 985 872
366: 1467 1238 505
367: 1041
368:
369:
370: 658 418
371: 509 419 414 413
372: 1333
373:
374: 912 669
375: 1348
376:
377: 1047 1028 722
378: 1263 1047 1028 879 799 780
379:
380: 792 763
381: 1475 1125 619
382: 1447 709
383: 416
384: 1208 1149
385: 1205 950 887 489
386:
387: 1358 1315 1078 937
388: 1370 1311
389: 452
390: 1157 433
391: 1178 421
392: 1418 897
393:
394:
395: 755
396: 1375 1134 436
397: 1140 451
398: 1053 458 437
399: 592
400: 435
401: 476
402: 1291 450
403: 839 481
404: 895 715
405: 1262
406: 636
407: 696
408:
409:
410: 781
411: 1014 891 700
412:
413: 1481 905
414: 1332 1095 538
415: 914
416: 915
417:
418:
419:
420: 1075 942 870
421:
422:
423: 928 529
424: 1260 756
425: 501
426: 1346 879 827
427:
428: 1177 919 617
429: 1485 1484 1404 1255 1189 1172 1033 794 717
430: 591
431: 679 512
432: 1093
433:
434: 1422 1357 1152 1139
435: 1466 760
436: 1353 675 580 461
437:
438: 1356
439: 974
440: 488
441: 1203 545
442: 987
443: 1006 825
444:
445: 1378 1007 981 553 511
446: 673 485
447: 1363 561
448:
449: 796
450:
451: 918
452: 1442 778 668
453: 1136
454: 632 465
455: 956 633
456: 717
457:
458:
459: 611
460:
461:
462: 1135 544
463: 1441
464:
465: 1050 685 623
466: 1025
467: 495
468:
469: 1338 499
470: 549
471:
472: 1374 947 660
473: 1245 869
474: 1236
475: 1451 1179 1032
476:
477: 1214 1012
478: 656
479: 829
480: 1068 510
481: 1204
482: 1260 861 756
483: 858 518
484: 948 686
485: 839
486:
487: 649
488: 1174
489: 1449 990 609 494
490: 1485 1418 1404 1033 897 593
491: 779
492:
493: 1225
494:
495: 1385 975 718
496:
497: 1145
498:
499:
500: 1465 777 664 648
501: 1002
502: 898 817 552 498
503:
504: 573
505: 533
506: 865 584
507: 1480 828
508:
509: 1287 1267 935
510: 1429
511: 926
512: 1038
513: 1405 1285 1041
514: 1295
515: 1156
516: 840
517: 1475 568
518:
519: 1423 1048 815
520: 615
521: 567
522:
523: 1470
524: 1413
525: 984
526: 981
527:
528: 1432
529:
530: 831
531:
532: 1154
533: 1339
534:
535: 547
536: 1278 764
537: 737
538: 1242 994 640
539: 1307 1290
540:
541:
542: 800
543: 691
544: 1185
545: 758
546: 1271
547:
548: 1180 1167 1085 594
549: 1282 1187 992 629
550: 972 555
551: 908
552: 1427 1270 854
553: 1397 1123
554: 958 917 559
555: 1113 684
556: 1013 811 654
557: 680
558: 641
559: 1129 551
560:
561: 1330 1132 599
562: 1241
563: 557
564: 704
565: 732
566: 892
567: 708 687
568:
569: 1158
570: 1224 933 805
571: 587
572:
573:
574:
575:
576: 851
577: 847
578:
579: 1036 883 652 569
580:
581: 826
582: 1301 710
583:
584: 1293
585: 1339
586: 1016
587:
588: 1109 788
589:
590:
591: 907 866
592:
593: 783
594:
595:
596:
597: 1097
598: 613
599: 1001
600: 1401 682
601:
602: 996
603:
604:
605: 1255 1189 713
606: 954 620
607: 1063 894
608: 893
609:
610:
611:
612:
613:
614:
615: 1111 697
616:
617: 1448 1412 998
618: 699
619:
620:
621:
622:
623:
624: 1463
625:
626: 751
627: 1323
628:
629: 1086 909 886
630:
631: 1282 1187 698
632: 1269
633:
634:
635: 1273 634
636: 1401
637: 1064
638: 1175
639: 1403 1257
640: 743
641: 946
642: 1366
643: 1191 642
644:
645: 1067 1045 860
646: 877
647:
648: 1112
649: 657
650:
651:
652:
653: 1317 723
654: 1480 977
655: 1424
656: 767
657:
658: 918 672
659:
660: 967
661: 804
662: 1238
663: 749
664: 820
665: 768
666:
667:
668:
669:
670: 1472
671: 808
672:
673:
674: 822 728
675: 1341 1231 791
676: 865
677: 813
678:
679:
680: 1314
681: 1245 1236 869
682: 1174
683:
684: 1068
685: 1328 1116 807
686: 1408
687:
688:
689: 981
690: 706
691: 1213
692:
693:
694: 1105
695: 1077
696:
697:
698: 889
699: 1192
700: 963 745
701: 1364
702:
703:
704:
705: 1099
706:
707: 1426
708: 816
709:
710: 746
711:
712:
713:
714: 943
715: 1091
716: 798
717: 1104
718: 1462 1389
719: 912
720: 738
721: 859 819
722: 1184 1070
723:
724:
725:
726: 1148
727:
728:
729: 1160
730:
731: 835
732: 1239 1209 757
733: 1474
734: 1127 969 952
735:
736: 1326 1102 834
737: 989
738:
739:
740:
741: 1384
742:
743:
744: 1030
745:
746:
747:
748: 1194
749: 1243 852
750: 1428 785
751:
752: 1193
753: 1350 982
754:
755: 1383 842
756: 1343 1211
757:
758:
759: 989 814
760: 1223 1161
761:
762: 1341 1231
763: 1478
764: 1114
765: 1250 1057
766:
767: 1087 838
768: 1352
769:
770: 970 823
771:
772: 1292 1137
773: 1424
774:
775: 1218
776:
777:
778:
779: 1367 1190
780:
781:
782: 1431
783: 1410
784:
785: 949
786: 1371
787:
788: 1448 1412
789:
790: 1402 1021 880
791:
792: 1266
793: 1196
794:
795:
796:
797:
798: 1101 1027 864
799: 856
800:
801: 1411
802: 888
803:
804: 1252
805: 922
806:
807:
808: 1452 1080 857
809:
810: 1289
811:
812: 830
813:
814:
815: 1081
816:
817:
818: 1202 1186 896
819: 1086 909 855
820:
821:
822: 968 906
823:
824:
825: 1345
826:
827:
828:
829:
830: 1296
831: 1254
832:
833: 1456 1034 939
834:
835:
836: 1210
837: 910
838:
839:
840: 1322
841:
842: 936
843: 1387
844: 1348
845:
846:
847: 1131 1119 941
848:
849:
850:
851:
852:
853: 850
854:
855:
856: 1394
857: 1454 1144
858:
859: 951
860:
861: 1253
862: 932
863:
864:
865: 1066
866:
867: 1263
868:
869: 1340
870: 1279 904
871: 1230
872: 1052
873:
874: 1043
875: 1457 1003
876:
877: 1277 1222
878:
879: 1130
880: 923 882
881: 1197
882: 921
883:
884:
885:
886: 1062
887:
888:
889:
890: 1005
891:
892: 1082
893: 1121
894:
895: 1019
896: 911
897: 1359 1022 1011
898:
899:
900:
901: 1090
902: 1399 976 945 927
903:
904:
905:
906:
907: 1055
908:
909:
910: 1479
911: 1107
912:
913: 1419
914:
915:
916: 1234
917: 1274 1088
918: 1168
919:
920:
921: 1328
922:
923: 1283
924:
925: 1220
926: 1477 1303
927:
928:
929:
930: 1120
931:
932: 995 978
933:
934:
935:
936: 971
937: 1037
938:
939:
940:
941:
942:
943:
944:
945:
946:
947: 1334
948:
949: 993
950:
951:
952: 1342
953: 1073
954: 1163
955: 1042
956: 1000
957: 1143
958: 1351 1126
959:
960:
961:
962:
963:
964:
965: 1155
966:
967: 1406
968:
969: 1219
970:
971:
972:
973:
974:
975:
976:
977: 1235 1059 999
978: 1280 1165
979:
980:
981:
982:
983:
984: 1020
985:
986:
987:
988:
989:
990:
991:
992:
993: 1294
994:
995:
996:
997:
998:
999:
1000: 1405
1001:
1002:
1003: 1049 1008
1004:
1005:
1006: 1414
1007:
1008:
1009: 1272
1010: 1349 1206
1011:
1012: 1259 1072
1013: 1227
1014:
1015:
1016:
1017:
1018:
1019: 1386
1020:
1021:
1022:
1023: 1321
1024:
1025:
1026: 1472
1027:
1028:
1029:
1030: 1065
1031:
1032:
1033: 1079
1034:
1035: 1122
1036:
1037:
1038:
1039:
1040:
1041:
1042:
1043:
1044:
1045: 1327
1046: 1324 1133
1047:
1048: 1281
1049:
1050:
1051:
1052: 1449
1053: 1162
1054: 1317 1069
1055:
1056:
1057: 1421
1058: 1310
1059:
1060:
1061:
1062:
1063:
1064:
1065:
1066:
1067:
1068:
1069:
1070: 1302
1071:
1072:
1073:
1074:
1075:
1076:
1077:
1078:
1079: 1115
1080:
1081:
1082:
1083:
1084: 1198
1085:
1086:
1087: 1100
1088:
1089: 1388 1384 1124
1090:
1091:
1092:
1093:
1094:
1095: 1413
1096:
1097:
1098:
1099:
1100:
1101: 1461
1102:
1103:
1104: 1325
1105: 1446
1106:
1107:
1108:
1109:
1110:
1111:
1112:
1113:
1114: 1244
1115:
1116:
1117: 1200 1176
1118:
1119: 1248
1120:
1121:
1122:
1123: 1229
1124: 1443
1125:
1126:
1127:
1128:
1129:
1130:
1131: 1313
1132:
1133:
1134:
1135: 1367
1136:
1137:
1138: 1286
1139:
1140:
1141:
1142: 1199
1143:
1144:
1145:
1146:
1147:
1148:
1149: 1435
1150:
1151:
1152:
1153: 1319
1154:
1155:
1156:
1157:
1158: 1417
1159: 1181
1160:
1161: 1240
1162: 1284
1163: 1372
1164: 1300
1165:
1166:
1167:
1168: 1376
1169:
1170:
1171:
1172:
1173:
1174:
1175:
1176:
1177:
1178:
1179:
1180:
1181: 1251
1182: 1304
1183:
1184:
1185:
1186: 1450
1187:
1188:
1189:
1190:
1191:
1192:
1193:
1194:
1195:
1196:
1197:
1198:
1199:
1200:
1201:
1202:
1203:
1204:
1205: 1258
1206: 1420
1207:
1208:
1209:
1210:
1211:
1212:
1213: 1320 1309 1299
1214:
1215:
1216:
1217:
1218:
1219:
1220:
1221:
1222:
1223: 1306
1224:
1225:
1226:
1227:
1228:
1229:
1230:
1231:
1232:
1233:
1234:
1235: 1471
1236:
1237: 1298
1238:
1239:
1240:
1241:
1242:
1243:
1244:
1245:
1246:
1247:
1248: 1369
1249:
1250:
1251:
1252:
1253:
1254:
1255:
1256:
1257:
1258:
1259:
1260:
1261:
1262: 1335
1263:
1264:
1265:
1266:
1267:
1268: 1458
1269:
1270:
1271:
1272:
1273:
1274: 1473
1275:
1276:
1277: 1362
1278: 1360
1279:
1280:
1281: 1415
1282:
1283:
1284:
1285:
1286:
1287:
1288:
1289:
1290:
1291:
1292:
1293:
1294:
1295:
1296:
1297:
1298:
1299: 1460
1300:
1301:
1302:
1303:
1304: 1416
1305:
1306: 1409
1307:
1308:
1309:
1310:
1311:
1312:
1313:
1314: 1361
1315:
1316:
1317:
1318:
1319:
1320:
1321:
1322:
1323:
1324:
1325:
1326:
1327:
1328:
1329:
1330:
1331:
1332:
1333:
1334: 1390
1335:
1336: 1396
1337:
1338:
1339:
1340:
1341:
1342:
1343:
1344:
1345:
1346:
1347:
1348:
1349:
1350:
1351:
1352:
1353:
1354:
1355:
1356:
1357:
1358:
1359:
1360:
1361:
1362: 1482
1363:
1364:
1365:
1366:
1367:
1368:
1369:
1370:
1371:
1372:
1373:
1374:
1375:
1376:
1377: 1434
1378:
1379:
1380:
1381:
1382:
1383:
1384:
1385:
1386:
1387:
1388:
1389:
1390:
1391:
1392:
1393:
1394:
1395:
1396:
1397:
1398:
1399:
1400:
1401:
1402:
1403:
1404:
1405:
1406:
1407:
1408:
1409:
1410:
1411:
1412:
1413:
1414:
1415:
1416:
1417:
1418:
1419:
1420:
1421:
1422: 1483
1423:
1424:
1425:
1426:
1427:
1428:
1429:
1430:
1431:
1432:
1433:
1434:
1435:
1436:
1437:
1438:
1439:
1440:
1441:
1442:
1443:
1444:
1445:
1446:
1447:
1448:
1449:
1450:
1451:
1452:
1453:
1454:
1455:
1456:
1457:
1458:
1459:
1460:
1461:
1462:
1463:
1464:
