1: 980 192 109 12 9 8 6 5 3 2 1
2: 1834 264 102 7
3: 2167 179 154 90 76 20 11 4
4: 607 157 129 105 51 35 32 25 16 15 10
5: 1241 404 312 243 140 14
6: 2623 1743 1006 809 719 182 34 17
7: 2979 982 559 307 172 77 13
8: 1571 1407 987 983 686 663 393 273 183 113 97 92 65 42 23 19
9: 2727 2659 1870 1508 1264 1097 1020 994 565 88 38 22 21 18
10: 3135 3085 2713 2482 2453 1208 858 579 444 125 36 29
11: 2280 2222 2199 1912 1266 809 719 646 645 643 520 405 182 175 160 159 151 119 94 72 69 41 37 34
12: 3145 1357 1199 886 859 832 704 534 136 30 24
13: 2993 2890 2593 1490 1017 733 659 633 443 406 82 61 47
14: 2051 2024 1513 1077 1042 999 992 759 727 666 424 177 163 148 50 27
15: 3055 2931 2459 2451 2116 1875 1857 1552 1541 1533 1167 1047 1021 930 757 566 293 290 226 106
16: 1895 900 211 155
17: 2930 2167 1972 1899 1545 774 526 499 338 210 104 70 40 28
18: 2773 113 97 42
19: 2423 2182 1780 1266 909 520 460 405 322 175 151 119 69 33 26
20: 2280 2222 41
21: 2727 1508 31
22: 1341 860 855 778 612 449 389 376 164 126 117 115 63
23: 2087 1199 1076 892 859 832 812 704 191 78 64 46
24: 530 488 245 225 107 57
25: 3111 2958 2345 1468 392
26: 2627 1588 390 188 45
27: 2220 1858 1029 912 825 772 641 265 216 132 49 39
28: 1239 733 659 633 443 48
29: 2442 1295 1229 1043 795 718 347 339 275 178 95 44 43
30: 2472 1800 1641 1327 1096 758 705 632 516 456 363 311 230 209 169 55
31: 2958 2930 2534 1468 838 338 210 75
32: 2710 2242 1344 1299 1259 1201 631 502 380 71
33: 1207 249 62
34: 2199 1979 1912 310 213 160 100 97
35: 3085 2453 2369 2051 1077 1034 454 444 377 330 292 234 167 163 141 133 125 121 83 56 53
36: 2391 427 194 103 85 66
37: 1121 672 79
38: 1893
39: 2109 1422 284 52
40: 2458 1772 1506 1476 963 870 378 101
41: 2369 1641 1096 1034 860 778 758 632 612 454 449 363 167 141 133 121 83 56
42: 1021 930 293 226 106
43: 635 422
44: 1465 1211 625
45: 3134 2889 2646 468 120
46: 2001 387 68 59
47: 2533 2298 1902 1179 945 928 814 813 810 555 473 364 118 54
48: 1355 780 486 413 99 67 60 58
49: 3222 2844 2526 2410 2369 2117 1979 1866 1439 1103 1034 681 556 454 310 171 170 167 156 141 137 133
50: 3145 2958 1468 1357 886 534 410
51: 845 315
52: 626 96
53: 1175 691 451 349 108
54: 1758 792 517 166 114 73
55: 2930 2724 1701 338
56: 2302 218 74
57: 2804 2727 2612 1834 1728 1508 970 622 264 239
58: 2632 2351 2151 1036 940 903 529 448 431
59: 2940 2932 1295 1229 1043 718 275 178 95
60: 954 301 288 93
61: 1233 325 131 87
62: 679 651 195 98
63: 1780 460
64: 1044 790 116
65: 1751 187
66: 1833 1095 993 688 458 314 297 276 237 112
67: 2601 2045 1295 1229 1043 718 654 538 153 110 86
68: 1740 604 379
69: 680 627 377 330 292 234 181 130
70: 1641 1096 758 632 363
71: 1881 1742 646 253 205 145
72: 2747 2585 1857 1567 1541 566
73: 2137 2058 2024 1707 1372 1042 999 727 717 715 690 261 238
74: 2342 840 495 122
75: 2843 1911 1338 1324
76: 2425 1698 547
77: 1341 855 289 127
78: 1483 1024
79: 1976 1056 411 274 134
80: 2946 775 89
81: 2422 1337 1198 818 80
82: 2823 1797 854 653
83: 3074 147 84 81
84: 3029 2472 1800 1327 230 209 169 143
85: 2930 338 210
86: 3016 928 473
87: 2813 878 785 397 326
88: 1970 1069 732 611 220
89: 2103 1394 1207 682
90: 314 297 276 237
91: 2714 2507 1916 983 393 273
92: 2396 2159 2017 1853 1554 1144 640
93: 1202 481 362 282 217
94: 724 661 580 340
95: 1899 499 128
96: 2149 521 382
97: 2917 2736 2216 1274
98: 2420 1984 1060 204
99: 91
100: 3055 2441 2001 1533 1295 1229 1047 1043 848 833 757 718 674 660 275 178
101: 2525 2227 1626 645 643 395
102: 1869 487 365
103: 2759 2721 2263 1472 920 576 374 208
104: 3040 2638 2139 1184 958 750 744 111
105:
106: 2747 2585 658 332 206
107: 2883 2102 1981 1952 1909 1539 1359 381 193
108: 1513 759 666 424 241
109: 2931 951 819
110: 2287 1867 1521 1441 987 802 335 300
111: 2979 982 331 327 308
112: 1996 892 812 626 509
113: 2844 2117 728 168 149
114: 556 310 213
115: 2663 2538 2428 1135 280
116: 1109 224
117: 2366 1569 1489 417 219
118: 2550 2546 1847 762 599
119: 2607 2273 1668 995 761 707 564
120: 2590 2238 1794 1194 1066 494 272 256 221 174
121: 2733 2698 2415 2320 1032 552 409 189 144
122: 2702 2028 1806 1279 601 366 201 180 146
123: 2745 1366 1252 902 124
124: 2574 2398
125: 2621 636 371 240
126: 3170 2876 2752 2665 2434 2325 1782 621 515 244
127: 2112 2058 1707 1372 261 223
128: 2519 472
129: 123
130: 294
131: 1097 565 298
132: 2498 695 333 198
133: 3106 1791 807 561 186
134: 2946 1225 839 421 135
135: 2793 318 303 231
136: 394 150
137: 1794 174
138: 1079
139: 1194 1066 272 173
140: 2601 1271 1152 1041 176 138
141: 2146 142
142: 2545 2326 1944 1405 1194 1066 395 337 255
143: 3173 2197 2196 1524 1352 277
144: 2190 1165 408 317
145: 3221 2547 1286 161
146: 1549 415 271 162
147: 1895 1539 900
148: 1924 498 429
149: 1901 1147 944 139
150:
151: 1971 1869 1277 487 394 365 259
152: 2356 1444
153: 2423 2182 909 322 185
154: 1771 673 228 152
155: 3116 3034 2030 2011 1878 1334 1249 931
156:
157: 270 246
158: 2383 2286 2102 893 511
159: 3135 2482 1208 165
160: 2745 1366 1252
161: 2571 1497 1369 1019 505
162: 1617 946 200
163: 3188 2969 2797 2770 2641 2368 1972 1937 1282 1160 964 923 851 847 770 510 469 158
164: 2192 1157 884 861 447
165: 1243 573
166: 3179 2920 1107 835 541
167: 2215 1653 1431 1134 558
168: 1159 199
169: 1133
170: 1717 323
171: 2241 2085 883 462 203
172: 1691
173: 2534
174: 726 720 452
175: 3182 2592 737 341 215
176: 1942 320 258 252 233 190
177: 1845 1127 948
178: 1421 1321 497 250 197
179: 1378 815 321
180: 2525 1130 478 235
181:
182: 1349 843 236
183: 2638 958 744 278 267
184: 611
185: 3143 1856 435 281 196
186: 2010 1770 1171
187: 2844 2117 1866 1103
188: 1878 1334
189: 849 254
190: 3214 3125 2527 2443 2268 1849 1481 593 433
191: 2991 2428 1015 892 812 260
192:
193: 1558 1136 306
194: 2237 2137 1688 1234 1214 1210 1161 592 478
195: 2831 1836 1680 722 346 328 212
196: 1087 309 184
197: 2220 586
198: 1095 688 458 207
199: 1113 504 503 402
200:
201: 1983 1012 764 745 742 590
202: 2262 935 650 507
203: 337 295
204: 1725 539 202
205: 2804 1857 1728 1541
206: 1273 918 475
207: 1878 1334 657 466 214
208: 3205 2674 2354 1018
209: 329
210: 3056 2921 1808 1605 1004 919 743 268
211: 334
212: 3173 736 445 222
213: 354 232
214: 3069 2319 2091
215: 3001 2499 1989 1425 966
216: 2041 1615
217: 2257 1986 1495 1031 746 533 285
218: 970 287
219: 3062 1566 263 229
220: 3029 2467 972
221: 1708 506 269
222: 1109 527
223: 2287 1521 1441 512
224: 2622 2004 248
225: 2884 1583 904 227
226: 1782 475 389 376
227: 3111 2345 1524 1352 348 266
228: 2371 1717 1545 907 860 612 449
229:
230: 2871 367
231: 3055 2963 1533 1047 757
232:
233: 3111 2345 1205 242
234: 2485 1567 463
235: 1629 1236 791 518 493 459 342
236: 2238 1285 637
237: 1793 319
238: 2028 286 283
239: 3160 2987 2253 1967 1724 1632 557 279
240: 2485 620 575
241: 1548 1026 385 352
242: 359
243: 1941 1498
244: 504 503 402
245: 942 257
246: 500 305
247: 3007 899 386
248: 1272 524 251
249: 2612 1151 700 353 316
250: 3035 892 812
251: 2621 1968 1905 799 636
252: 2008 1427 768 584 372 302 247
253: 1847
254: 2463 2260 1782 1596 1081 568
255: 3222 2410 1578 681
256: 1015 260
257: 2298 1710 1695 1456 457
258:
259: 3179 1796 789 356
260: 2931 1497 752
261: 2929 2527 1753 1504 1074
262:
263: 2768 2399 2240 2018 401 313
264: 1439 947 806 765
265: 419 403
266: 1690
267: 2087 1076
268:
269: 2636 262
270: 3161 2663 2621 2538 2188 1498
271: 343
272: 2621 2479 717 715 690
273: 2903 2720 2495 2225 1993
274: 1742
275: 2220 825 641
276: 830 361
277: 3018 2926 2327 1862 1757
278: 2880 1436 642 324
279: 2637
280: 3115 3004 2641 2368 1382 1289 1093 350
281: 3046 2030 551 479
282: 3156 2294 2270 2126 1766
283: 2627 723 537
284: 581 344
285: 1747 1005 345
286: 2763 1312 1199 725 485 351 291
287: 3111 2345 392 304
288: 2546 1015
289: 3148 2912 299 296
290: 1626
291: 1559 817 687
292: 1105 777 597
293: 1734 669
294: 1739 665
295: 2282 1827 926
296: 1830 1597
297: 3097 1825 652 426
298: 801 738
299: 3106 2844 2117 1899 1866 1381 1103 952 807 508
300: 3175 2536 1424 1177 913 680 627 546 441 377 357 330
301: 2719 2381 577
302: 2187 1726 396 355
303: 1785 1342 532 420
304: 2691 1840 1333 1325 470
305: 3012 2877 1965 1960 880 863 434
306: 3018 2923 2327 2113 1884 1862 587 535 336
307: 3175 2536 1424 1177 913
308: 1792 639 618
309: 1271 1152 1041 868
310: 3080 2742 2588 483
311: 598
312: 1376 706
313: 1335 602
314: 384
315: 1000 906
316: 1950 1555
317: 373
318: 2881 531
319: 2198 1929 864
320: 383
321: 1462 1352
322: 2964 2446 1550 1453 1443 1267 1187
323: 1703 1131 476
324: 3030 3011 1985 1245 1143 702 542
325: 2752 515 439 358
326: 3040 2139 750
327: 2888 701 623
328:
329: 2136 1458
330: 2598 2411 1978 1684 735
331: 1238 961
332: 1884 587 535
333: 3156 697 628
334: 2641 2368 1937 1282 1160 510 469
335: 1564 676
336:
337: 2678 1888 1263
338: 987
339: 1724 834
340: 1594 1310 989 436 388 375
341: 455
342: 1057 932 391 369
343: 709 644
344: 1886 1671 360
345: 1882 1791 1463 1326 668
346: 2916 2688
347: 1243
348: 1735 1178 428
349: 2559 1040
350: 2713 858
351: 2010 1770 1171
352: 1209 442
353: 1612 1469 748 589
354: 784
355: 2124 440
356: 1998
357: 2571
358: 1390
359: 1497 752
360: 1621 1180 990 368
361: 2364 713 608 464
362: 1773 1516 914
363: 370
364: 3138 2968 416
365:
366: 2597 2316 2009
367: 2703 2244 1847
368: 1821 694 418
369: 1791 1326 514
370: 926
371: 1423
372: 3047 2174 708
373: 3087 2927
374: 2481 2335 978 567
375: 1306 423
376: 585 490 438
377: 1611
378: 1750 1651 1639 1370 823 821 398
379: 1360
380: 2546 2421 877 501
381: 2915 2249 1129
382: 1982 959 570
383: 2036 478
384: 2168 1626
385: 2804 1728 596 574
386: 3080 2993 2742 2593 2588 1794
387: 1448 1419
388: 1688 1210 1161 617
389:
390: 2841 2693 1943 562
391: 2459 2451 1636 1552 1255 400
392: 1089 446 399
393: 2296 1709 996 630 484 414 407
394: 2137 592 496
395: 2284 749
396: 1023
397: 2210 1999 1957 1101 545
398: 430
399: 2414 1642 1193 412
400: 2168 1083 1022 740 638
401: 1820
402: 3242 1275 1059 1048 492
403: 480
404: 3031 1917 1518
405:
406: 760 677 453 432
407: 2750 1755 513 465 450
408: 2773 974
409: 1869 560
410: 2405 1318 670
411: 3043 2645 594
412: 2940 2932 1562 885
413: 929
414: 3199 803 773 656 461
415: 2971 2734 1237
416: 2106 1204
417: 1782
418: 1750 1639 1370 821 550
419: 2626 1613 1420
420: 2826 753
421: 3013
422: 2006 965
423: 2590 425
424: 1296 1007 696 525 437
425: 3072 3056 2817 2794 1930 1313 474
426: 2723
427: 2625 1411 578 543
428:
429:
430: 2383 1630
431: 3167 1008 655
432:
433: 2516 1948 1852
434:
435: 1703 610
436: 3066 1451
437:
438: 782
439: 2505 2501 1935 1219 1175 739
440: 1842 482
441: 3242 1870 1275 1264 1059 1048 477
442: 836 747
443:
444: 1696
445: 3052 2238 2061
446: 2714 2507 1916 1663 1453 1267 698
447: 2470 712
448: 3096
449: 3198 2865 2044 1540 685 600 553 544
450: 1779 776 711
451: 1976 519 471
452: 1184
453: 2428 2131 1354 1311 609 500
454: 1062
455: 3188 1273
456:
457: 2904 2517 1188
458: 2395 971 528 489
459: 1517 1270 491
460: 2860 540 467
461: 2684 2611 2066 1072 936 916
462: 619
463: 2387 1462 754
464: 1344 1259 631
465: 2746
466: 891
467: 1288 649
468: 1332 831
469: 2194 1268
470: 2499 595
471: 3062 2807 2699 1939 1723 1566 1308 1246
472: 3177
473: 2441 848 674 660
474: 3049 2459 2451 1697 647
475: 1307 1054 554
476: 1884
477: 1280 921 842
478: 667
479: 2205 1874 1391 1228
480: 2704 2219 1027 769
481: 2008 1432 1169 1114
482: 2163 2084 1071
483: 2233 1061
484:
485: 2329 967 836
486: 2651 1176 1155
487: 3215 2274 2149
488: 1218 955
489: 898 794 729
490: 2886 1416 583
491: 3084 616 606
492: 2634 856
493: 2349
494: 1292
495: 1499
496: 2630 2571 2526 1369 1019
497: 1240 689
498: 992
499: 793
500: 2704 2519 2219 1027 865 769
501: 615
502: 3061 2879 683 664
503: 522
504:
505: 2969 2797 2770 964 923 847
506: 3047 2174 1735 1231 1178 1173 911 716 614 549 548
507: 1808 1605 1149 662
508: 2686 2283 1813
509: 1316 1291 1051 588
510: 3013 2315
511: 1276 763 756
512: 2344
513: 3221 879
514:
515: 3076 1551 866
516: 1122 991 603
517: 1354 609
518: 3208 1258 523
519:
520: 2763 1998 1312 890
521: 2908 2745 1366 1252 613 569
522: 3038 1560 1297
523: 2987 1967 1941 1235 1145
524: 1479 1172 888 805 536
525: 2076 1226
526: 2467 1780 972
527: 2388 1291 1285 1050
528: 2690 648 571
529: 1599
530: 2952 771
531:
532: 3127 766 714
533: 3001 2905 1890
534: 2597 2296 1709 1539
535: 1025 755
536:
537: 1182 1028 862 629
538: 2067 1232 1003
539: 1483
540: 2915 2249 1636 939
541: 1824 1227 1010
542: 3050 2244
543: 2544 1434 1213 684
544: 2724 2371 1703 1701 907
545: 1558 1136 781 634
546: 1893 1118
547:
548: 2553 563
549: 1885 910
550: 1704
551: 741
552: 2779 1141 896
553: 908
554: 922
555: 3164 2622 2087 1339 767
556: 3189 1122 991
557: 2203 852
558: 2323
559: 1462 874
560: 1592
561: 2230 2212 1530 582
562: 1864 1091
563: 2545 1816 1785 1779 1561 1523 1342 797 776 711
564: 1578
565: 1098 572
566: 1464
567: 2824 1453 1267 804
568:
569:
570: 1447
571: 1301 985 796
572: 2493
573: 837
574: 1666 977
575: 1577 1556
576: 1661
577: 2714 2507 1729 591
578: 1013
579: 827 783
580: 1881
581: 1291
582: 3111 3088 2983 2345 2078 1572 678
583: 3038 2151 1560 1036
584: 730
585:
586: 3210
587: 2722 2304 1099 731
588: 3082 2845 981
589: 1479 805 605
590: 2252 1002 699
591: 3163 2854
592: 2655 2050 1532 1501 1195
593: 1528 1319
594: 2965
595: 2719 2556 2381 2359 2267 1038 721
596: 2111 2041 1615 882
597: 1600 1166 1080
598: 867 808
599: 2552 2438
600: 1710 1695 1456
601: 1959 1449
602: 2606 2363 2357
603:
604: 2313 1716
605: 1158
606: 1879
607: 2772 1009
608: 2138 1138
609:
610: 2094 2042 2007 1712
611: 917
612: 2947 1809
613: 3038 1560
614: 3188 851 770
615: 779 624
616: 1142 997
617: 2575 1037
618: 826
619: 1073
620: 786
621: 1705 1055
622: 1257 857
623: 2620 2367 734
624: 1542
625: 2098
626: 1309
627: 1696 1164
628: 1238 961
629: 1406
630: 1045
631: 2435 924
632:
633: 1814
634: 1442 675
635: 2826 1925 1450
636: 2614 1995 811
637: 1737 1185
638: 2256 1379 787
639: 693
640: 2545
641: 2809 2308 1039
642: 2874 1616
643: 1979
644: 2808 1863 1636
645:
646: 671
647: 2027 1224 1215 788
648: 918
649: 3194 1509
650: 2602 1700 816
651: 1955 1396 1174 1102 703
652: 3222 2719 2381 1360
653: 2657 2481 2335
654: 3157 975
655:
656:
657: 1752 1315
658: 2017 1144
659: 1064 933
660: 1418 1262 1128
661: 1428
662: 1108 1049
663: 2185 1988 1829 1683 1652 1186
664: 1935
665:
666: 2454
667: 2895 1860 1317 692
668: 2623 2043 1743 1006
669: 1386 1100 710
670: 2755 844
671: 2221
672: 2975 1711
673:
674: 2608 1744 1294 1244
675: 2112
676: 1126
677: 2067 1477 1232
678: 888
679: 2542 1609
680: 2752 2036 1046
681: 3203 2951 2100
682:
683: 3240
684: 2843
685: 1340
686: 2268 1655 1586
687: 2768 2018
688: 2527 1090 800
689: 2385 1242
690: 3073 2527 1849
691: 2718 751
692:
693:
694: 1954
695:
696: 3243 2836 2714 2507 2417 1916 1784 1663
697: 3127 2611 2066
698: 3128 2800
699: 1410 1388
700: 2054
701: 2637
702:
703: 3190 3181
704:
705:
706: 1149
707: 1256
708: 2113 1492 1033
709: 3130 3058
710: 1836 1685
711:
712: 2943 1928 1290 1191
713: 1179
714: 2928 2744
715: 2693 873
716:
717: 1222 1168 869
718: 2401 937
719: 2567
720:
721: 2841 1943 1361
722: 2808
723: 1896
724: 1741
725: 3157 1399
726: 2694 2254 1610
727: 1955 1396 1102
728: 1786 798
729: 3065 1790
730: 1200
731: 2348
732: 2921 2792 2169 2167 1139 1016
733: 3110 2751 2639 2494 2353 1529 1063 829
734: 1927 1736
735:
736:
737: 2822
738:
739: 1640
740: 1491 962 894
741: 2691 2143 1325 950
742: 3144 2399 2240
743: 1609
744: 1535 1387
745: 2488 1345
746: 3058 1206 1053
747: 1546
748: 2090 887
749: 2994
750: 1146 1084 1014 881
751: 1531
752: 2317
753: 3074 1284
754:
755: 2692 2622 2004 941
756: 1796 1068
757: 1941 1235 1145 846
758: 2977
759: 1189
760: 1203 853
761: 2701 2247 1804 1412
762: 1085 871
763: 3028 1377
764: 3159 2699
765: 2821 2733 2698 1461
766:
767: 3018 2327 1862
768: 2730 2309 956
769: 1092
770: 3063 1861 1579 824
771: 876
772: 2053 1636 1599
773:
774: 2165
775:
776: 889
777:
778: 2911 1936 979 850
779: 1329
780: 1402 1153
781: 2286
782:
783: 2563 960 820
784:
785: 3244 1437
786: 1067
787: 2271 1590
788: 3058 1053
789: 1568 828
790:
791: 2169 1139
792: 3130 3092 1815 1614
793:
794:
795: 2896 1584
796: 2810
797: 2638 2567 986 822
798:
799: 3208 2943 2225 1928 1197 1132
800: 2422 1337 1198
801: 1542
802: 2446 1781
803: 2493
804: 953
805: 841
806: 2722 2458 2304 1772 1150
807:
808: 1493
809: 2669 2114 968 897
810: 1487
811: 3219 1810 969
812: 2995
813: 2388
814: 1930 1313 1110 1052
815: 2658 2579 1889
816: 1603
817: 2981 1718
818:
819: 3099 1608 1348
820: 1762
821: 3055 2226 1533
822: 3194 2546 1618
823: 3102 1745 1435
824: 3125 2979 2443 1481 982 905 872
825: 2447
826:
827: 2095
828: 3084
829:
830: 1985
831: 1253
832: 1721 1293 976
833: 3152 1376
834: 1082
835: 2281 943
836: 2230 2212 1530
837: 2160 1484
838: 3010 2349 1618 957
839: 1035
840: 2503 2054 934
841:
842: 2288
843: 2885 1730 1154
844: 2973 1659
845:
846:
847: 2608 1744
848: 1885
849: 2346
850: 3175 2536 1500
851: 1748 1625 1527 1260
852: 2042 1712
853: 1872
854: 1667
855:
856: 1763 1485 1375
857: 875
858: 2233 1898 1269
859: 2540 1575
860:
861:
862: 1368
863: 895
864:
865:
866: 2782 1283 927
867: 1972
868: 1918
869: 3223 2619 1838 1762
870: 2842 2523
871: 1871
872: 1678 1488
873: 1837 1216
874: 2626 1613 901
875: 1486
876: 2251
877: 2064 915
878:
879: 2552 2438 1058
880: 1088
881: 1123
882: 2805 998
883: 3222 2410 1254
884:
885: 2403 1119
886: 2170 2130 1803 1677
887:
888: 3176 1648 1544
889:
890:
891: 2290
892: 2328 1848
893: 3102 925
894: 2529 2147
895: 2074 1919
896: 2192
897: 1761
898: 3165 2501
899: 1805 1336
900:
901:
902:
903: 1861 938
904: 1246
905: 1515
906: 1455
907: 1001
908: 2499 1507 1389
909: 2914 1975
910: 2291
911: 2382 2211 1714
912: 1116
913: 2589
914: 2480 1392
915: 3178 1181
916: 3033 1286
917: 3115 3004 1075 949
918: 1734
919: 1120
920: 1265
921: 2984 2710
922: 1460
923:
924: 2572 1679 973
925: 1251
926: 2831
927: 2967
928: 1362
929:
930: 1947
931: 1230
932: 2922 2406
933:
934: 2081 2070 1011 984
935:
936: 1682
937: 2653
938:
939: 1634
940: 3163 2854 1816
941: 3233 2780 2734 2654 1951 1623
942: 988
943: 2715 1065
944:
945: 2661 1938
946: 1350
947: 1563 1170
948:
949: 2358 2337
950: 1115
951: 1070
952: 3064 1124
953:
954: 3197 1429 1220 1162
955:
956:
957: 1908
958: 2446 1781 1550 1443
959:
960:
961:
962: 2547 1582 1581 1223
963: 1308
964: 2811 1694
965:
966: 2748
967:
968: 3147 1969
969: 2408 2392
970: 2171 1433 1426
971: 2906 1125
972: 1974
973: 1973
974:
975: 2549 1078
976: 2799 2012
977:
978: 2246
979: 3013 2565 2400 1741
980: 1676 1192
981: 3244
982: 3226
983: 1658
984: 1911 1324
985: 2119 1759 1137
986: 1397
987: 1606
988:
989: 2695 1835 1576 1459
990:
991: 1702 1217
992: 1117
993: 1190
994: 2448
995:
996: 3007 2954 2656 2295
997: 2729 1148
998: 2079 1646
999: 2846 2191 1196 1106
1000: 1662 1112
1001: 1649
1002:
1003: 1628
1004: 3071 1883 1643 1300 1030
1005: 1638 1398
1006: 1404
1007: 3170 2876 2665 2434 2325
1008:
1009: 2347 1833 1140
1010: 2474 2019
1011: 1385
1012: 2437 2071
1013:
1014: 1665 1408
1015:
1016: 3169
1017: 2052
1018: 3007 2778
1019: 2905 1890
1020:
1021: 1657 1278
1022:
1023: 2643 1298
1024:
1025: 1473
1026: 2697
1027: 2622 2358 2337 2004 1086
1028:
1029:
1030: 2457 2340 1818
1031:
1032: 3016 2141
1033: 2000 1287
1034:
1035: 2460
1036: 1637
1037: 2777 1183
1038: 3183 3067 1798 1731 1525 1111 1094
1039: 1373 1320
1040: 2963
1041: 1776 1482
1042: 1865
1043: 3107
1044: 1547 1343
1045: 1250
1046:
1047: 2603
1048:
1049: 2551
1050:
1051: 2682
1052: 2175 2083
1053: 1413
1054: 1522
1055: 1470 1104
1056: 2620 2367
1057:
1058:
1059:
1060: 2815 1876
1061: 2965 1553 1163
1062: 2672 1393
1063: 3176 3052 1430
1064: 3122
1065: 2382 2211
1066:
1067: 3173 2256 2158
1068: 2759 2721 2263
1069:
1070: 3186
1071: 1416
1072: 2227 1328
1073: 1567
1074: 2022 1438
1075: 1478
1076:
1077: 1644
1078: 2740
1079: 2807 1939 1723
1080: 1627
1081:
1082: 2741
1083: 1987
1084:
1085:
1086: 3225 3149 2513
1087: 2856
1088: 2633
1089: 2375 1873
1090:
1091:
1092: 1415 1261
1093:
1094:
1095: 2152 1953 1641 1620 1400
1096:
1097: 1788
1098:
1099: 1583
1100: 3186 2732
1101: 1364 1221
1102: 1511
1103:
1104: 2259 1808 1605
1105:
1106: 3216 2144 2108 1156
1107:
1108: 3156 2126 1843 1573
1109: 3246 3091 1656
1110: 3133 1395
1111: 3109
1112: 2433 2189 2072 1980 1589
1113:
1114: 2193 1907 1602 1595
1115:
1116: 1573
1117: 2032
1118: 2239
1119:
1120:
1121: 1767
1122: 1351
1123: 1302
1124:
1125: 3160
1126: 3098
1127: 3205
1128:
1129:
1130:
1131:
1132: 2670 1371
1133: 2618
1134: 2442
1135:
1136:
1137: 2776
1138: 2824
1139: 1474
1140: 2947 2153 1809
1141: 2429
1142: 3073 1409
1143:
1144: 1514
1145: 2383 1415
1146: 2648
1147: 2043
1148:
1149:
1150: 3180 2121
1151: 1738
1152:
1153: 2728 1997 1247
1154: 2820
1155: 2355
1156: 3243
1157: 3215 2934 1601
1158: 1526 1281
1159: 2644
1160:
1161:
1162: 2049
1163: 2464 1452
1164: 2565 2400
1165: 2756
1166:
1167:
1168: 3216 1248
1169:
1170: 1519
1171: 2790 2786 1512
1172: 2827 1543
1173: 1212
1174:
1175: 2661 2020 1938
1176:
1177: 3101 2661 1938 1580 1538 1367
1178:
1179: 2568
1180: 2583 2486 1401
1181: 2409 1819
1182: 1624
1183:
1184:
1185:
1186: 3044 2543 2096 2029
1187: 2102 1981 1374
1188: 3100 2869 2014 1331
1189:
1190:
1191:
1192: 1926
1193: 1699
1194: 2894 1591
1195:
1196: 1622
1197:
1198:
1199: 2374 1303
1200:
1201: 3131 1496
1202: 2110
1203: 3131
1204: 1777 1673
1205: 2494 2353
1206: 2890
1207: 1754 1305
1208: 3241
1209:
1210: 2319 2091
1211:
1212:
1213: 3031 1304
1214:
1215: 3048 2998
1216: 2056
1217: 1330
1218:
1219:
1220:
1221: 2005
1222: 1510 1314
1223: 2093 2048
1224: 2919 2343 1358
1225: 2477 1445
1226: 3185
1227: 1922
1228:
1229: 1807 1365
1230: 2658 2579
1231:
1232:
1233: 2123
1234: 2154
1235:
1236:
1237: 1346
1238: 2864 2535 1674
1239: 2465
1240: 2350 2184
1241: 3158 1347
1242: 2471 2462
1243: 1655 1632 1586
1244: 3035
1245: 2933 2025
1246: 2834
1247: 2231 1795 1414
1248: 2492 1356
1249: 2301 1322
1250: 3084 2241 2085
1251: 3154 1994
1252: 2131
1253:
1254: 2613
1255: 2894
1256: 1380
1257: 1813
1258: 1880
1259: 1917 1604
1260: 2201
1261: 2362
1262:
1263:
1264: 3056
1265:
1266:
1267: 1681
1268: 2604 1719
1269:
1270: 2446
1271: 3070 2493
1272: 2977
1273: 2436 2077
1274: 2217 1537
1275: 2960 2909 1812
1276:
1277: 2928 2744 2033 1778
1278: 1323
1279:
1280: 2396 2159 1554
1281: 1403
1282: 2789 2390 1417
1283: 2630
1284:
1285:
1286: 2819 2576
1287:
1288: 3072 2817 2794
1289:
1290: 3200 1607
1291:
1292: 2831 1680
1293: 1977
1294: 2157
1295:
1296: 2657 1505
1297: 2558 1799
1298: 1574 1363
1299:
1300: 2277
1301:
1302: 2026
1303: 2937
1304:
1305:
1306:
1307: 2079
1308:
1309:
1310: 2082
1311: 3083
1312:
1313: 3215 1817
1314: 1713 1471
1315: 2293
1316: 3120 1789 1675
1317: 2976 1756
1318: 1593 1353
1319:
1320:
1321: 1720
1322: 2063
1323: 2336 1775
1324: 1828
1325:
1326: 2989
1327: 2903 2740 2720 2495
1328: 3092 1440
1329:
1330: 2906
1331: 2976
1332: 3050 2145
1333: 1633 1384
1334: 2524
1335:
1336:
1337: 1677
1338: 3202
1339: 1383
1340:
1341: 1746
1342: 3226 2682
1343: 2894
1344: 3149
1345: 3104 2849
1346: 2756
1347:
1348:
1349: 2491
1350:
1351: 3063
1352: 2372
1353: 2723
1354:
1355:
1356:
1357: 1787
1358: 3133 2181
1359: 3169
1360:
1361: 2731
1362: 3121 1933 1693
1363: 1913
1364:
1365:
1366: 1650
1367: 1839 1627 1536
1368: 1760
1369:
1370: 1475
1371:
1372:
1373:
1374:
1375:
1376: 1892
1377: 3112
1378:
1379: 1811
1380:
1381:
1382: 3036 1494
1383:
1384:
1385: 1851 1689
1386: 1446
1387: 1669 1466
1388:
1389:
1390:
1391:
1392: 2626 2336 1775
1393: 2700
1394: 1647 1467
1395: 3142
1396: 3152
1397:
1398: 2628 2364
1399:
1400: 2445 2278
1401:
1402: 1480
1403: 3156 2126
1404:
1405:
1406:
1407: 2183
1408: 1687 1454
1409:
1410:
1411: 2135 1457
1412: 3206
1413: 2884
1414: 2652
1415: 2057
1416:
1417: 3117
1418: 2754 1978
1419: 2961 2918 2379 2271
1420:
1421:
1422:
1423: 2907 2512 1850
1424:
1425: 2125
1426:
1427: 1706
1428: 2479
1429: 2450 2311 1887
1430: 2269
1431: 2709 2133
1432: 3201
1433:
1434: 3154 1994 1557
1435:
1436: 2478 2440 1631 1502
1437: 2068
1438: 2596
1439:
1440: 2432
1441:
1442:
1443: 2206 1585
1444: 3003 2683
1445: 2735
1446:
1447: 2195
1448: 1565
1449:
1450:
1451:
1452: 2504
1453:
1454: 1910
1455:
1456: 3027
1457:
1458:
1459: 1732
1460:
1461: 3006
1462: 1503
1463: 1686
1464: 2433 2189 2072
1465: 1980
1466:
1467: 2685 1520
1468: 2767 2142
1469:
1470: 2971 1660
1471:
1472:
1473: 1829 1652
1474: 2852 1990
1475: 2301 1587
1476:
1477:
1478:
1479:
1480:
1481: 2939
1482: 2572
1483: 2955
1484:
1485: 1921
1486:
1487:
1488: 2031
1489: 2974
1490:
1491: 2148
1492: 2340
1493:
1494:
1495:
1496: 3190 2703
1497: 2936
1498: 1831
1499:
1500: 1900
1501: 2214
1502:
1503: 2757
1504: 2115 2015
1505:
1506: 2845
1507: 3121
1508:
1509:
1510: 2829
1511: 2128
1512:
1513: 2612 2555
1514: 2819
1515:
1516: 2449 2134
1517: 1570
1518:
1519: 3060 2846
1520:
1521: 1534
1522: 1727
1523: 2065
1524: 2297
1525:
1526: 3075
1527:
1528: 3237 3137
1529: 2999 1672
1530: 3230
1531:
1532:
1533:
1534: 2642 2261
1535: 1966
1536:
1537:
1538:
1539:
1540: 1769
1541:
1542: 2554
1543: 3134 2646 1801 1670
1544: 3088 2983 2078
1545:
1546:
1547: 3220
1548:
1549: 2500 1859
1550:
1551: 2023
1552: 2615
1553: 1664
1554:
1555: 2272 1768
1556:
1557:
1558:
1559: 2650 1654
1560:
1561: 1722
1562: 2414 1642
1563: 2276
1564: 2849
1565: 3026
1566: 2481 2335
1567: 1934
1568: 2533
1569: 2140
1570: 1619
1571: 2681
1572: 1645
1573: 2324
1574:
1575: 2984
1576:
1577: 2055
1578:
1579:
1580:
1581:
1582: 2202 1598
1583: 1764
1584:
1585: 1903
1586:
1587:
1588: 2348
1589: 1635
1590:
1591: 2037
1592: 3204
1593: 2245
1594: 2812 2107 2092
1595: 2562 1692
1596:
1597: 2616 2155
1598:
1599: 2605
1600: 2986
1601: 3192 1855
1602:
1603:
1604:
1605: 2059 1779
1606: 3122
1607: 2109
1608:
1609:
1610: 2509
1611:
1612:
1613: 3010
1614: 3161 2188
1615:
1616:
1617: 2392
1618:
1619:
1620: 2658 2579
1621:
1622:
1623: 2318 2204 1715
1624:
1625:
1626:
1627: 1914
1628: 2003 1844
1629:
1630: 2515 2508 1733
1631:
1632:
1633: 3217
1634: 2483
1635:
1636:
1637: 2181
1638:
1639:
1640: 1963
1641:
1642:
1643:
1644:
1645:
1646: 2334
1647: 2088
1648: 1846
1649: 2781
1650:
1651:
1652: 2973
1653: 2671
1654:
1655:
1656:
1657:
1658:
1659:
1660:
1661:
1662: 2208 2176 2035
1663:
1664:
1665: 2925 1783
1666:
1667: 2902 1992
1668: 1956 1774
1669:
1670: 2127
1671:
1672:
1673: 2749 2377
1674:
1675: 2419 1923
1676: 2566
1677: 3025
1678: 2708 2506
1679: 1931 1906
1680:
1681: 2224 2178
1682: 2753
1683:
1684: 3158 1749
1685:
1686: 3191 2200 2172
1687: 3214
1688:
1689: 2122
1690: 2899
1691: 2573
1692: 2792
1693:
1694:
1695: 2970
1696:
1697: 1889
1698: 2034
1699: 1900
1700: 2957 2878
1701:
1702: 2476
1703:
1704: 2882 2179 1826
1705:
1706: 1891
1707: 2040
1708: 1958
1709: 1765
1710: 2537
1711: 3009
1712: 2630
1713: 2213
1714: 3111 2345
1715: 2060 1832
1716: 2788 2707
1717: 1842
1718:
1719: 3207 1897
1720: 3120
1721: 2548 1964
1722: 1823
1723: 2877
1724: 2235
1725: 3032 2333
1726: 2996
1727: 3123 2825
1728:
1729: 2380
1730:
1731: 3144
1732:
1733:
1734: 3232 2561
1735:
1736:
1737:
1738:
1739:
1740: 3166
1741:
1742:
1743:
1744:
1745:
1746: 2962 2941
1747:
1748: 2631 1877
1749:
1750:
1751: 3174
1752:
1753:
1754: 2570 1802
1755:
1756: 2668
1757: 2992 1991
1758:
1759:
1760: 2988
1761:
1762:
1763:
1764:
1765: 1854
1766: 2229
1767:
1768: 2322 2279
1769:
1770:
1771:
1772: 2687
1773:
1774: 2344
1775: 2521 1940
1776: 2956 2821
1777:
1778: 2475
1779: 2253 1932
1780: 2228
1781: 2664 2180
1782: 2360
1783:
1784:
1785: 2323
1786: 2654 1951
1787: 2760
1788:
1789: 2568
1790: 2848
1791:
1792: 2933
1793: 2039
1794:
1795: 2888
1796: 2223
1797:
1798:
1799: 3014 2531 1946
1800:
1801: 2689
1802: 2617
1803:
1804:
1805:
1806:
1807: 1822
1808:
1809: 2953
1810: 2047
1811:
1812:
1813: 1915
1814:
1815:
1816: 2581 2164 1955
1817: 3238
1818: 2586 1945
1819:
1820:
1821:
1822:
1823:
1824: 2990
1825:
1826: 3078
1827:
1828: 2679 1904
1829:
1830:
1831: 1962 1841
1832:
1833: 2248
1834: 3068
1835:
1836:
1837:
1838:
1839: 3139
1840:
1841: 3119 2743 2075
1842:
1843: 2062
1844: 1894
1845: 3064
1846:
1847: 1868
1848:
1849: 2073
1850:
1851:
1852: 3104
1853: 2162
1854: 2852
1855: 2850 2166
1856:
1857:
1858:
1859:
1860:
1861:
1862:
1863: 3221
1864:
1865:
1866:
1867:
1868: 2177
1869: 3064
1870:
1871: 3079
1872:
1873:
1874: 2099
1875:
1876:
1877: 2016
1878:
1879:
1880: 2496
1881: 2514 2352
1882: 3243 2836
1883:
1884:
1885:
1886:
1887:
1888:
1889: 3103 2969 2797 2770 2236
1890: 2900
1891: 2046
1892:
1893: 3049
1894:
1895: 1920
1896:
1897:
1898: 2806
1899: 3141
1900: 3146
1901: 2754
1902:
1903:
1904: 3163 2854 2492
1905:
1906: 2961 2918 2002
1907:
1908: 2793
1909:
1910:
1911:
1912:
1913: 1961
1914: 2038
1915: 2383 2104
1916:
1917: 2132
1918:
1919:
1920: 2493 2404
1921: 2120
1922: 3167 2331
1923:
1924:
1925: 2419
1926:
1927: 2129
1928:
1929:
1930: 2762
1931: 2758
1932: 3037
1933: 2505
1934: 3236
1935: 2397
1936:
1937:
1938:
1939: 3046
1940: 3159 3001
1941:
1942:
1943: 2859
1944:
1945: 3184 1949
1946: 2675
1947: 2942
1948:
1949: 2599
1950:
1951: 2991
1952:
1953:
1954:
1955: 3187
1956:
1957:
1958: 2813
1959:
1960:
1961: 2150
1962:
1963: 2444
1964:
1965: 2502 2101
1966:
1967:
1968: 2784
1969: 2875
1970: 2218
1971: 2609
1972:
1973:
1974:
1975: 2393
1976: 3175
1977: 2896 2275
1978:
1979:
1980: 2761 2303 2243
1981: 2470
1982:
1983:
1984:
1985:
1986: 2255
1987:
1988: 2298 2161 2080
1989: 3171
1990: 2541
1991: 2910
1992:
1993:
1994:
1995: 2455
1996: 2582
1997:
1998: 2384
1999:
2000:
2001: 2021
2002: 2924
2003:
2004:
2005: 2289
2006: 3024
2007:
2008:
2009:
2010: 2712 2416
2011:
2012: 2413
2013: 2069
2014: 2427
2015:
2016: 2985
2017: 2173
2018:
2019:
2020:
2021: 2544
2022:
2023: 2725
2024:
2025: 2341
2026: 3081
2027:
2028: 2823
2029:
2030:
2031: 2473
2032:
2033: 2739
2034:
2035:
2036:
2037: 2530
2038: 2299 2264
2039: 2595
2040:
2041: 2013
2042: 2418 2285
2043:
2044:
2045:
2046: 3223
2047: 2539 2529
2048: 2949 2480 2258 2118
2049: 2938 2673 2609
2050:
2051:
2052: 3235
2053:
2054: 2511 2361
2055:
2056:
2057:
2058:
2059: 3209
2060: 2321
2061: 2798
2062:
2063: 3041 2086
2064:
2065: 2822
2066: 2522
2067: 2330
2068: 2186
2069: 2394
2070: 2250
2071:
2072:
2073:
2074: 2105
2075:
2076: 2581
2077:
2078:
2079: 2266
2080:
2081: 2857 2783
2082:
2083:
2084: 2700 2156 2097
2085:
2086:
2087: 2431
2088:
2089:
2090: 3192
2091: 2818
2092: 2903 2720 2697 2495
2093:
2094:
2095:
2096:
2097:
2098: 2314 2089
2099:
2100: 2577
2101: 2378
2102:
2103: 3087 2927 2490
2104:
2105:
2106: 2518
2107:
2108:
2109: 2972
2110:
2111: 2452
2112:
2113:
2114:
2115:
2116:
2117:
2118: 3053
2119: 2209
2120:
2121:
2122: 2677 2591
2123: 2332
2124: 2207
2125:
2126:
2127: 3190 3151 2765 2649
2128:
2129: 2265
2130:
2131: 2564 2292
2132: 2374
2133:
2134: 2234
2135: 2468
2136: 2957
2137:
2138: 2766
2139: 3008 2402
2140:
2141:
2142:
2143: 2386
2144: 2487
2145:
2146: 2338
2147: 2867
2148:
2149:
2150:
2151:
2152: 3129
2153: 2256
2154:
2155:
2156: 2430
2157:
2158:
2159: 3202
2160:
2161: 2456
2162:
2163:
2164: 2232
2165:
2166:
2167: 3150
2168:
2169:
2170:
2171: 2833
2172: 3056
2173:
2174:
2175: 2306
2176:
2177:
2178:
2179:
2180:
2181:
2182: 2835
2183: 2830
2184:
2185:
2186: 3155 3089
2187: 2885
2188:
2189: 2528
2190:
2191: 3029
2192:
2193: 2950
2194: 2307
2195:
2196:
2197:
2198:
2199:
2200: 2982
2201:
2202:
2203:
2204:
2205: 2716
2206: 2466
2207:
2208: 3095
2209: 2305
2210:
2211: 3151 2765 2649
2212: 2966
2213:
2214:
2215:
2216:
2217:
2218:
2219:
2220:
2221:
2222:
2223:
2224:
2225:
2226:
2227:
2228:
2229: 2705
2230:
2231: 2726
2232:
2233:
2234: 2310
2235:
2236:
2237:
2238:
2239: 2426
2240: 2510
2241: 2814
2242:
2243: 2980 2370
2244:
2245: 2407
2246:
2247:
2248:
2249: 2774
2250: 2365
2251:
2252:
2253: 2300
2254:
2255:
2256: 3231
2257: 2584
2258:
2259:
2260: 3086
2261:
2262:
2263:
2264:
2265: 3042
2266:
2267:
2268: 2600
2269:
2270:
2271:
2272:
2273:
2274:
2275:
2276:
2277:
2278:
2279: 3039 2837
2280:
2281:
2282:
2283:
2284: 2389
2285:
2286:
2287:
2288:
2289:
2290:
2291:
2292:
2293:
2294:
2295: 2376
2296:
2297:
2298:
2299: 2680
2300:
2301:
2302: 2978
2303:
2304:
2305:
2306:
2307: 2560
2308:
2309: 3153
2310:
2311:
2312: 2934
2313:
2314: 2696
2315:
2316:
2317: 2312
2318:
2319:
2320:
2321:
2322: 2832
2323:
2324: 2897 2569
2325: 2920 2580
2326:
2327: 2339
2328:
2329:
2330:
2331:
2332:
2333:
2334:
2335:
2336:
2337:
2338:
2339:
2340: 2624
2341: 2769
2342:
2343: 3136 2893
2344:
2345: 3140
2346:
2347:
2348: 2412
2349:
2350:
2351:
2352: 2640
2353:
2354:
2355:
2356:
2357:
2358: 3023
2359: 2898
2360: 3124
2361:
2362:
2363:
2364:
2365:
2366:
2367:
2368:
2369: 2497 2373
2370:
2371:
2372:
2373:
2374: 3137
2375: 3114 2666 2532 2461
2376:
2377:
2378: 2861
2379: 3239
2380:
2381:
2382:
2383:
2384: 3002
2385: 2892
2386: 2424
2387:
2388: 2469
2389:
2390: 2887
2391:
2392: 2863
2393: 2439
2394:
2395:
2396:
2397:
2398: 2838
2399: 3229
2400: 3017
2401:
2402:
2403:
2404:
2405:
2406:
2407:
2408:
2409:
2410: 3213
2411:
2412:
2413:
2414:
2415:
2416:
2417:
2418: 2816 2484
2419: 2676
2420:
2421:
2422: 2764
2423:
2424: 2489
2425:
2426:
2427:
2428:
2429:
2430:
2431:
2432:
2433:
2434:
2435:
2436:
2437:
2438:
2439: 2839
2440:
2441:
2442:
2443: 2520
2444: 2594
2445: 2866
2446:
2447:
2448:
2449:
2450:
2451: 2667
2452:
2453:
2454:
2455: 2870
2456:
2457:
2458:
2459: 3021 2629 2610
2460:
2461:
2462:
2463:
2464:
2465:
2466: 2802
2467:
2468: 2557
2469: 2587
2470:
2471: 3231 2738
2472:
2473:
2474:
2475: 2771
2476:
2477:
2478:
2479: 2828
2480:
2481:
2482:
2483: 3020
2484:
2485:
2486:
2487:
2488:
2489:
2490:
2491:
2492:
2493:
2494:
2495:
2496: 2660
2497: 2578
2498: 3090
2499: 2990
2500: 3113
2501:
2502:
2503:
2504:
2505:
2506:
2507:
2508: 2944 2785
2509:
2510:
2511:
2512:
2513:
2514: 2717
2515:
2516:
2517:
2518: 3228 2847
2519:
2520:
2521:
2522:
2523:
2524:
2525: 2801
2526: 3054
2527:
2528:
2529: 3218
2530:
2531:
2532:
2533:
2534: 2803
2535: 2913 2862
2536:
2537:
2538: 3045
2539:
2540:
2541: 2858
2542:
2543:
2544:
2545:
2546: 2853
2547:
2548:
2549: 2873
2550: 2787
2551:
2552:
2553: 3224
2554:
2555:
2556:
2557:
2558:
2559: 2737
2560:
2561:
2562: 2868
2563:
2564: 3132
2565: 2635
2566:
2567:
2568:
2569:
2570:
2571:
2572:
2573: 2647
2574:
2575:
2576:
2577:
2578: 3227 2662
2579: 2948
2580:
2581:
2582:
2583:
2584:
2585:
2586:
2587:
2588:
2589:
2590:
2591:
2592:
2593: 3211
2594: 2711
2595:
2596:
2597: 3000
2598:
2599:
2600:
2601:
2602: 2791 2706
2603:
2604:
2605:
2606:
2607:
2608:
2609:
2610:
2611:
2612: 2796
2613:
2614:
2615:
2616: 3123
2617:
2618:
2619:
2620: 3057
2621:
2622:
2623: 3118
2624: 3245
2625:
2626:
2627:
2628:
2629:
2630:
2631:
2632:
2633:
2634:
2635:
2636:
2637:
2638:
2639:
2640:
2641:
2642:
2643:
2644:
2645:
2646:
2647:
2648:
2649: 2775
2650:
2651:
2652:
2653:
2654:
2655: 3162
2656:
2657:
2658:
2659:
2660: 2795
2661:
2662:
2663: 3234
2664:
2665:
2666:
2667:
2668:
2669:
2670:
2671:
2672:
2673:
2674:
2675:
2676:
2677:
2678:
2679:
2680:
2681:
2682:
2683:
2684:
2685: 3231
2686:
2687:
2688:
2689:
2690:
2691:
2692:
2693:
2694:
2695:
2696:
2697: 2851
2698:
2699:
2700:
2701:
2702:
2703:
2704: 3159
2705:
2706: 3059
2707:
2708:
2709:
2710:
2711:
2712:
2713:
2714:
2715: 2840
2716:
2717:
2718:
2719:
2720:
2721: 3090
2722:
2723:
2724:
2725:
2726:
2727:
2728:
2729:
2730:
2731:
2732:
2733:
2734:
2735:
2736:
2737:
2738: 2872
2739:
2740:
2741:
2742:
2743:
2744:
2745:
2746:
2747:
2748:
2749:
2750:
2751:
2752:
2753:
2754:
2755: 3015 2855
2756:
2757: 2891
2758:
2759:
2760:
2761:
2762:
2763:
2764:
2765:
2766:
2767:
2768:
2769:
2770:
2771: 3022
2772:
2773: 3093
2774:
2775:
2776:
2777:
2778:
2779:
2780:
2781: 3212
2782:
2783:
2784:
2785:
2786: 2901
2787: 3094
2788:
2789:
2790:
2791:
2792:
2793:
2794:
2795:
2796: 2945
2797: 2997
2798:
2799:
2800:
2801:
2802:
2803:
2804:
2805:
2806:
2807: 2935
2808:
2809:
2810:
2811:
2812:
2813:
2814:
2815:
2816:
2817:
2818:
2819:
2820:
2821:
2822:
2823:
2824:
2825:
2826:
2827:
2828:
2829:
2830:
2831: 3209
2832:
2833:
2834:
2835: 2959
2836:
2837: 3019
2838:
2839:
2840:
2841:
2842:
2843:
2844:
2845:
2846:
2847:
2848:
2849:
2850: 3196
2851:
2852:
2853:
2854:
2855:
2856:
2857: 3126 3105
2858:
2859:
2860:
2861:
2862: 3197
2863:
2864:
2865:
2866:
2867:
2868:
2869:
2870:
2871:
2872:
2873:
2874:
2875:
2876:
2877: 3077 3005
2878:
2879:
2880:
2881:
2882:
2883:
2884:
2885:
2886:
2887:
2888: 3051
2889:
2890:
2891:
2892:
2893:
2894:
2895:
2896:
2897:
2898:
2899:
2900:
2901:
2902:
2903:
2904:
2905:
2906:
2907:
2908:
2909:
2910:
2911:
2912:
2913:
2914:
2915:
2916:
2917:
2918:
2919: 3108
2920:
2921:
2922:
2923:
2924:
2925:
2926:
2927:
2928:
2929:
2930:
2931:
2932:
2933:
2934:
2935:
2936:
2937:
2938:
2939:
2940:
2941:
2942:
2943:
2944:
2945:
2946:
2947:
2948:
2949:
2950:
2951:
2952:
2953:
2954: 3195
2955:
2956:
2957:
2958:
2959:
2960:
2961:
2962:
2963:
2964:
2965:
2966:
2967:
2968:
2969:
2970:
2971:
2972:
2973:
2974:
2975:
2976:
2977:
2978:
2979:
2980:
2981:
2982:
2983:
2984: 3168
2985:
2986:
2987:
2988:
2989:
2990:
2991:
2992: 3172
2993:
2994:
2995:
2996:
2997:
2998:
2999:
3000:
3001:
3002:
3003:
3004:
3005:
3006:
3007:
3008:
3009:
3010:
3011:
3012:
3013:
3014:
3015:
3016:
3017:
3018:
3019:
3020:
3021:
3022:
3023:
3024:
3025:
3026:
3027:
3028:
3029:
3030:
3031:
3032:
3033:
3034:
3035:
3036:
3037:
3038:
3039:
3040:
3041:
3042:
3043:
3044:
3045:
3046: 3193
3047:
3048:
3049:
3050:
3051:
3052:
3053:
3054:
3055:
3056:
3057:
3058:
3059:
3060:
3061:
3062:
3063:
3064:
3065:
3066:
3067:
3068:
3069:
3070:
3071:
3072:
3073:
3074:
3075:
3076:
3077:
3078:
3079:
3080:
3081:
3082:
3083:
3084:
3085:
3086:
3087:
3088:
3089:
3090:
3091:
3092:
3093:
3094:
3095:
3096:
3097:
3098:
3099:
3100:
3101:
3102:
3103:
3104:
3105:
3106:
3107:
3108:
3109:
3110:
3111:
3112:
3113:
3114:
3115:
3116:
3117:
3118:
3119:
3120:
3121:
3122:
3123:
3124:
3125:
3126:
3127:
3128:
3129:
3130:
3131:
3132:
3133:
3134:
