1: 424 263 183 93 89 55 27 1
2: 211 81 80 78 30 2
3: 405 92 50 37 32 26 24 21
4: 199 66 4 3
5: 239 177 144 116 40 10 9 7
6: 25 5
7: 390 239 177 176 147 144 113 57 45 6
8: 496 359 298 224 72 69 65 56 54 53 28 17 16 15 14 13 12 11
9: 520 230 124 105 8
10: 727 632 491 402 320 295 253 229 165 146 23 22 19
11: 530 330 153
12: 373 148 58 46 20 18
13: 38 36
14: 702 432 322 114 51
15: 290 246 142 112 74 71 59
16: 717 316 188 122 31
17: 588 585 190
18: 735 654 603 583 501 77 33 29
19: 353 238 130 76 35
20: 802 490 405 316 253 219 206 205 188 165 146 122 97 92 87 50 34
21: 743 643 605 587 570 502 489 487 378 273 217 151 135 100 47 42
22: 809 799 650 607 599 417 184 162 108
23: 417 44
24: 825 289 198 185 101 41
25: 801 789 536 450 346 137 83 60
26: 605 588 587 585 487 190 99 64 39
27: 723 683 671 175
28: 483 258
29: 727 632 320 52 43
30: 723 683 671 402 149
31: 777 713 629 265 168 150
32: 419 156 107 48
33: 744 598 574 493 452 323 173 86 75
34: 227 49
35: 710 697 103 96
36: 623 455 377 280 73
37: 588 585 205 87
38: 595 409 315 82 79
39: 786 692 646 510 357 354 291 225 220 218 213 196 189 155 141 90
40: 826 594 143 140
41: 828 646 510 63 62
42: 786 654 588 585 218 190 77
43: 623 377 280 68 67
44: 402 178 118 61
45: 627 460 297
46: 692 213 155
47: 176
48: 541 125 120
49: 801 627 104 70
50: 387 216 123
51: 615 391 355 254 249 138 110
52: 805 668 391 355 340 233 138 132 95 85
53: 822 806 795 793 760 478 232
54: 475 88 84
55:
56: 98
57: 414 102
58: 106
59: 789 536 200 136 94
60: 729 673 540 268 178
61: 769 580 324 91
62: 255 204
63: 768 516 169 158
64: 753 212 115 111
65: 137
66: 391 355 138 110
67: 641 612 133
68: 757 466 109
69: 578 397 129 121
70: 440 425 167 119
71: 256
72: 804 589 572 513 445 444
73: 839 736 717 643 502 489 434 431 378 128 127 117
74: 659 615 215 179 131
75: 352 163 160 152 134
76: 451 203 194
77: 412 395 210
78: 346 126
79: 733 367 348 262
80: 701 267
81: 229 145
82: 772 742
83: 822 813 468 332 222 207
84: 809 607 599 288 161
85: 809 607 599 417
86: 208
87: 525 495 245 139
88: 757 680 466 369 318
89: 209
90: 835 631 292
91: 491 295
92: 157
93: 181
94: 643 502 489 483 378 258 217
95: 478 232
96:
97: 634
98: 334
99:
100: 195 166 164 159
101: 809 607 599 430 154
102: 807 300
103: 327
104: 840 506 488 443 362
105: 575
106: 786 776 368
107: 531 356 341 339 182 174
108: 678 294 275
109:
110: 443 362
111: 570 273
112: 214 186
113: 770 486 472 393 276 171
114: 698 559 346 241
115: 637 464 416 317 226
116: 646 510 354 291 220 189
117: 483
118: 537 221
119: 793 389 260
120: 197
121: 811 705 657 636 427 410 282
122:
123: 453 344 313 277
124: 820 691 681 665 507 470 261 170
125: 703 625 455 364
126: 805 645 274 191
127: 799 650 172
128: 201
129: 187
130: 228
131: 679 436 242
132:
133:
134:
135: 584 497 462 349
136: 687 252
137: 369 318
138: 838 637 464 416 317 202
139: 808 796 541 430
140: 716 375 326
141: 284 237 180
142:
143:
144: 747 257 250 223
145: 236 235
146: 804 774 572 513 444
147: 772 496 359 193 192
148: 820 507 470 261
149:
150: 380
151: 331 244
152: 744 598 574 493 455 452 323 266
153: 453 344 313 277
154:
155: 783 449
156: 271
157: 735 603 583 581 539 504 303
158: 566 482 333
159: 386 347 309
160:
161: 469 308
162: 442 301 296
163:
164: 806 795 351
165: 738 279 234
166: 476
167: 361 321
168: 781 278 247
169: 602 270
170: 639 314
171: 767 568 240
172: 730 548 492 457 394
173: 485 415
174: 338 310
175:
176: 532 231
177: 251
178: 248
179: 448
180: 511 404 285
181: 396
182: 528
183: 819 463
184: 777 740 618 593 554 538 345 287 259
185: 809 626 607 599
186: 777
187: 776 534 243
188:
189: 264
190: 283
191: 407
192: 312 311
193: 622 518
194: 341 339
195:
196: 774 379
197:
198: 818 304
199:
200: 729 540
201: 604 329
202: 554
203: 269
204: 677 483
205:
206: 343
207: 785
208: 281
209: 481 422
210: 491
211: 836 827 423 299
212: 685 385
213: 506 325
214: 293
215: 682 370
216: 835 702 631 578 432 397 322
217: 601 456 360
218:
219: 488 381
220: 673 272
221: 836 831 543 428 307 286
222: 403
223: 841
224: 548 492 457
225: 814
226:
227: 719 700
228: 596
229: 793 606 586 477
230: 458
231: 571
232:
233: 755 752 306
234: 672 533 467 461 305
235: 447
236: 743
237: 717 335
238:
239: 641
240:
241:
242: 515 350
243: 815 535 374
244: 516
245: 520
246: 563 499 413
247:
248:
249:
250: 790 546 426
251: 803
252: 523 433
253:
254: 713 342
255: 509
256: 837 729 392
257: 747
258: 787 498 435 302
259: 686
260: 661 363
261: 618 371
262: 542
263: 773 437
264: 577 522
265:
266: 558 524
267: 384
268: 319
269: 715
270:
271:
272:
273: 729 651 616 505
274: 827 423 328
275:
276:
277: 401
278: 562
279: 337
280:
281:
282: 706
283: 694
284:
285: 841 756
286: 473
287: 746 365
288:
289: 336
290: 776
291: 429 376
292: 406
293: 609 411
294: 737
295:
296: 461
297: 741
298: 366
299:
300: 638
301:
302: 433
303:
304: 606 586
305: 774 479
306:
307:
308: 459 446 441 388 358
309: 766
310:
311:
312: 372
313:
314: 398
315:
316:
317: 714 550 408
318: 560
319: 610 382
320: 670
321: 521
322: 609
323:
324:
325: 699 611
326:
327: 700 627 460
328: 514
329:
330: 839 736
331: 439 418
332: 667 420
333: 613
334: 549
335: 823
336:
337:
338: 633
339:
340: 822 760 651 591
341: 773 716 484
342: 400
343: 817 707
344: 721 383
345: 652 608 399
346:
347: 494
348:
349: 664
350:
351: 808 796 663 480
352: 538
353: 805 512
354: 792 628
355: 709 689
356:
357: 713
358: 797 741
359: 772
360:
361: 660
362: 645 421
363: 710 697
364: 438
365: 787 471
366: 782 454
367: 825
368:
369:
370: 640
371:
372:
373: 655
374:
375:
376: 606 586
377:
378:
379: 474
380:
381: 829 564
382:
383:
384:
385: 695 630
386: 648 500
387:
388: 517
389:
390:
391: 725
392: 742
393:
394:
395:
396: 784 649
397: 754
398: 751
399:
400: 551
401: 529
402:
403: 767 508
404: 545
405:
406: 695 590
407:
408: 600
409: 567
410: 465
411: 758
412: 685
413:
414:
415: 519
416:
417:
418: 676
419:
420: 841
421: 735 603 583 501
422: 561
423: 565 556
424: 684 503
425:
426: 579
427: 617
428: 658
429: 837
430: 753 675 646 527
431:
432:
433: 814
434:
435: 838
436: 690
437:
438:
439: 758 726
440:
441: 757 597
442: 718
443: 642
444: 761 711 544 526
445: 547
446:
447:
448: 653 553
449:
450:
451:
452: 573
453: 656
454:
455: 688
456:
457:
458: 614
459:
460: 644 557
461:
462: 811 636 555
463: 665 619 576 552
464:
465:
466: 670
467:
468:
469:
470:
471: 807
472:
473:
474: 592
475:
476:
477:
478: 768
479:
480:
481:
482: 720 635 620
483: 734
484:
485:
486:
487:
488: 763
489:
490: 778
491: 833
492: 582
493:
494: 569
495:
496: 764 624
497:
498:
499: 663
500:
501: 696
502:
503:
504:
505: 726
506:
507:
508: 780
509:
510:
511:
512:
513: 748 739
514: 750
515:
516: 621
517:
518:
519:
520:
521: 674
522:
523:
524:
525:
526:
527:
528:
529:
530:
531:
532: 728 712
533:
534:
535: 750
536:
537:
538: 647
539:
540:
541:
542:
543:
544:
545:
546:
547:
548:
549: 832
550:
551:
552:
553:
554:
555:
556:
557:
558:
559:
560:
561:
562: 810
563: 722
564:
565:
566:
567: 830
568:
569: 704
570: 779 759
571: 693
572: 731
573:
574: 765
575: 816 788
576:
577:
578:
579:
580:
581:
582:
583: 824
584:
585:
586: 794
587: 696 669
588:
589:
590: 821 666
591:
592:
593:
594:
595:
596:
597:
598:
599:
600:
601: 662
602:
603:
604:
605:
606:
607:
608:
609: 775
610: 749
611: 771
612:
613:
614:
615:
616: 823
617:
618: 732
619:
620:
621:
622: 708
623:
624:
625:
626:
627: 762
628:
629: 724
630:
631:
632:
633: 834
634:
635:
636:
637:
638:
639:
640:
641:
642: 834 745
643:
644:
645:
646:
647: 791
648:
649:
650:
651:
652:
653:
654:
655:
656:
657:
658:
659:
660:
661:
662:
663:
664:
665:
666:
667:
668:
669:
670:
671:
672:
673: 831
674:
675:
676:
677:
678:
679:
680:
681:
682:
683:
684:
685:
686:
687:
688:
689: 798
690:
691:
692: 800
693:
694:
695:
696:
697:
698: 812
699:
700:
701:
702:
703:
704:
705:
706:
707:
708:
709:
710:
711:
712:
713:
714:
715:
716:
717:
718:
719:
720:
721:
722:
723:
724:
725:
726:
727:
728:
729:
730:
731:
732:
733:
734:
735:
736:
737:
738:
739:
740:
741:
742:
743:
744:
745:
746:
747:
748:
749:
750:
751:
752:
753:
754:
755:
