1: 1242 272 145 112 99 50 49 1
2: 254 178 176 150 18 12 5 3 2
3: 76 20 4
4: 1215 515 385 141 101 76 39 20 7
5: 1268 1239 1237 846 827 674 460 198 115 113 106 47 45
6: 1079 306 82 64 14 6
7: 972 699 650 541 395 325 246 98 41 32
8: 1222 1106 633 562 504 458 166 130 97 54 40 38 34 30 23 19
9: 1276 1079 926 899 871 842 805 645 349 346 323 306 267 165 158 135 83 82 74 65 64 17 16 14 8
10: 1191 1083 835 640 582 483 122 11 10
11: 1238 1217 407 244 24 21
12: 515 407 244 152 56 37 24 21
13: 1128 1111 399 276 13 9
14: 874 846 668 460 340 326 234 115 113 106 55
15: 1214 743 537 515 152 25 15
16: 899 842 645 346 165 135 83 74 36 29
17: 1276 1164 1117 1093 878 805 498 448 407 401 392 349 323 267 244 158 76 65 22
18: 1120 1024 103 31 28
19: 1239 1237 175
20: 1165 1093 498 401 153 27 26
21: 638 355 243
22: 1117 926 878 871 448 392 58 35 33
23: 926 871 489 104 95 70 62 52 42
24: 1081 502 464 231 87 84
25: 1005 725 246 236
26: 1155 1146 841 685 466 93 92 80 48
27: 1149 1071 834 573 522 275 208 171 57
28: 1251 887 476 237 169 110 72
29: 701 651 394
30: 841 728 685 520 466 457 195 160 144 89 46 44
31: 999 931 826 283 81
32: 1146 841 685 466 240 238 43
33: 1049 1020 100
34: 71 59 51
35: 936 825 644 561 552 532 347 342 111 79 53
36: 268 116 96
37: 275 198
38: 1083 500 437 257 200 182 159 131 123
39: 1276 349 323 267 158
40: 1210 935 540 167 105
41: 1048 1040 656 281 268 129 126 116 96 90
42: 1040 656 281 129 126 66
43: 1250 286 228
44: 134
45: 1120 1024 120 67
46: 1191 1015 492 454 60
47: 1233 928 808
48: 927 849 187 68
49: 534 474 317 201
50: 959 813 589 75 63
51: 1164 913 213
52: 1128
53: 975 761 629 619 588 384
54:
55: 542 512 403 296 291 253 94 61
56: 1056 1029 1005 754 725 155 119
57: 1146 992 975 841 685 466 73
58: 969 964 543 133
59: 1128 937
60: 366 181 151 140 77
61: 797 248
62: 1235 1228 518 269 250 196 186 138
63: 301
64: 352 69
65: 1118 745 270 211 205
66: 164 85
67: 792 507 441 387
68: 749 730 433 302 156
69: 1072 795 265 108
70: 997 857 121 117 107 91
71: 368 241
72: 1206 514
73: 1131 740 581 398 220 163 78
74: 627 523 86
75: 754 218
76: 1015 492 454 209 132
77: 1146 841 685 672 650 500 466 353 257 159
78: 935 264 192 189 162 143
79: 363
80: 674 258 148
81: 1268 827 664 597 459 434 206 149 88
82: 763 537 470 324 190
83: 1178 666 379 154
84: 801 300 184 137 102
85: 1214 823 817 743 575 501 449 357 197
86: 1039 931 826 496 468 435 380 283 109
87: 1132 1098 996 548 503 422 319
88: 1276 855 273
89: 1164
90: 415 289
91: 486 364 305
92: 992 455 284 194
93: 1106 128
94: 1071 573 208
95: 996 923 828 800 799 548 503 422 400 319 207
96: 174 142 136
97: 852 345
98: 399
99: 1233 808 506 348 118 114
100: 1236 883 574 210
101: 565 309
102: 221
103: 1205 1193 1107 854
104: 458 127
105: 987 711 437 429 287 125
106: 1179 544 222 124
107: 674
108: 556
109:
110: 168
111: 1149 1143 896 780 360
112: 1257 1154 664 383 245
113: 1252 571 480 314
114: 625 321
115: 1214 743 501 449 263
116: 214 185
117: 1271 495 235 229 157
118: 139
119: 489
120:
121: 515 437 225
122: 777 256
123: 1218 1058 787 709 524
124: 179
125: 858
126: 514 282 261 147
127: 939 935 911 815 790 329
128: 343 217 183
129: 720 410
130: 1012 904 359 259 202 146
131: 619 384
132: 1233 1174 992 808 506 455 348 284
133: 1079 177
134: 870 795 432
135: 1238 1217 1116 661
136: 400
137: 287
138: 376 280
139:
140: 391
141: 1070 832 199 161
142: 816 690 479
143: 1278 1110 303
144: 703 536 172
145: 1260 1159 1041 277
146: 293
147: 1191 1128 1104 838 423
148: 681 680
149: 310 170
150: 425
151: 1277 1228 514 282 269 261
152: 935 445 249 191 173
153: 644 561 552
154: 1026 993 919 508 299 290 180
155: 1213 809 703 536 525 473 464
156: 1129 613 439 260
157: 188
158: 516 461
159: 585
160: 1209 1160 636
161: 1085 1036 823 374
162: 1108 875 811 294
163: 239
164: 687 616 608 322
165: 945 315
166: 922 414 402 369
167: 274 233
168: 504 365 336
169: 292 219
170: 1053
171: 997 520
172: 703 502 230
173: 587 204
174: 998 338 295 216 193
175: 936 825 203
176: 1020 215
177: 795 767 639 440 432
178: 1278 1110 386
179:
180: 335 212
181: 1126 1052 762
182: 543
183: 828 799
184: 1016 897 828 799 759
185: 453
186: 658 372 344
187: 1251 887 745 476 227
188: 649 224
189: 337
190: 931 826 763
191:
192: 1173 597 510 434
193:
194: 820
195: 1165 1097 970 876 803 705 393 367 333 226
196: 976 311
197: 840
198: 450 443 351
199: 899 886 842 733 645 554
200: 1213 809 525 473
201: 984 898
202: 934 412 332 223
203: 298 232
204: 605
205: 436 396
206: 1252
207: 860 354 262
208: 313
209: 1118 987 711 429
210: 1111 786 420
211:
212: 921 381 271
213: 555 370 247
214: 769
215: 1076 242
216: 991 891 388 255
217:
218: 1055 822 617 565 285
219: 963
220: 845 532
221: 835 507 252
222: 859 770 683
223: 672
224:
225: 598 409 266
226: 686
227: 1198 1128
228:
229: 1277 1231 785 710 677
230:
231: 1103 350 251
232: 482 397
233: 334
234: 303
235:
236: 551 312
237: 792 441 288
238: 651 390 382
239: 939 911 821 815 724
240: 748 727 331 330
241: 726 618 579 278
242:
243: 776 446 408 361
244: 1097 970 393 367 333
245: 702
246: 318
247: 1219 1198 669 478
248: 590
249: 1212 1116 279
250:
251: 442 308
252: 980 793 738 339
253: 1063 951 438
254: 375
255: 784 611
256: 891 328 316
257: 835
258:
259: 947 533 494
260:
261: 1020 666 307
262: 1187 426 297
263: 1160 602 320
264: 664 459
265:
266: 1001 670 665 622
267: 530 438
268: 418 416
269: 757 481
270: 1137 652
271: 752 563 413
272: 497
273: 964 840 598 409 341
274: 362 327
275: 1212
276: 427
277: 851 373
278: 556
279: 488 304
280: 972 699 541 395 325
281: 1035 810
282:
283: 667 657
284:
285: 504
286: 1131 740 581 398
287:
288: 1084 475
289: 650 353
290: 1249 1010
291:
292: 604
293: 1153 769 404
294: 1150 869 722
295: 761 588
296:
297:
298: 1004 956 667 657
299: 681 680
300: 1255
301: 758
302: 1162 1092
303: 978
304:
305: 1140 1051 594 568 513 472
306: 957 424
307: 912
308: 925
309: 1165 1105 876 417
310:
311:
312: 660
313: 712
314: 870
315: 701
316: 519 493
317: 1017 650 389
318: 1083
319: 647 621 601
320: 484
321: 1140 1051 689 594 472
322: 1270 1177
323:
324:
325: 788 737
326: 1103 431 430 350
327: 1219 824 669 535
328: 378
329: 1122 529
330:
331:
332: 1152 358
333: 1040 684 626 356
334: 491
335: 566
336: 1115 1096 655 583
337: 411
338: 837 836
339: 1171 791
340: 564 377
341:
342: 963 697
343: 1168
344: 1130 933
345: 1065 521 406
346: 549 485
347: 615 465
348: 752 578
349: 1099
350: 640
351: 1053 607 371
352: 447
353:
354: 786
355: 1173 510
356: 1233 1066
357: 965
358: 698
359:
360:
361:
362: 1171 791 717
363: 843 676
364: 986 721
365: 691 664
366: 1145 844
367:
368: 405
369: 734
370: 675
371:
372:
373: 948 628
374: 995 700 560
375: 643
376: 671
377: 478 452
378: 931 826 563
379: 696 545
380:
381: 890
382:
383: 731 620
384: 971 641
385: 444
386: 652
387:
388: 1170
389:
390: 1018 888 428
391: 1164 596 419
392: 1168 596 527
393: 569
394: 754
395: 853
396: 634
397: 894 830 612 570
398: 886 733
399: 595
400: 1145 941 877 844 765 606
401: 421
402: 559
403: 1188 509
404: 659
405:
406: 950
407: 1275 505
408:
409: 843 783 676
410: 723
411: 963
412: 487
413: 580
414:
415:
416:
417: 462
418: 707
419: 742
420: 1272 1085 1036 539 526 451
421: 695 694
422: 1178 1144 818 729 704
423: 820
424: 1161
425: 567
426: 917 888
427:
428: 962 900
429: 910 558 467
430: 546
431: 592 538
432:
433: 1143 896 780
434: 490 456
435: 1026 993 919 679 603
436: 960 953 719 463
437: 789 772
438: 1180 717
439:
440: 471
441: 632
442:
443:
444: 983 604
445: 688 469
446: 1125 892 477
447: 1105 614
448:
449: 1113
450:
451: 557
452: 755
453: 750
454: 1267
455:
456: 1011 893 890 617
457: 1058 709
458: 1012 904
459: 1261 1227 642 635
460:
461: 675
462: 1019 804
463: 1141
464:
465: 1088 1080
466: 760
467:
468: 1067
469:
470: 861
471: 1093 1042 1022 812 766
472:
473: 572 517 499
474:
475:
476:
477:
478: 1249 1010 673
479: 897
480: 979 918
481: 802 584
482:
483: 1070 832 511
484: 1209
485:
486:
487: 1114 850
488: 1145 844
489: 1007 531 528
490: 599
491: 818 729
492: 1011
493: 1138
494:
495:
496:
497: 885 732 623
498: 553
499:
500: 954
501: 741 735
502: 1144
503: 1064
504: 1165 591
505: 982 794 662
506: 708
507: 1143 923
508: 830 570
509: 1050 609
510: 824
511: 999
512: 1014
513: 689 653
514:
515: 1249 1010
516: 1260 1041
517: 1049 576
518: 961
519: 624
520:
521: 1016 759
522: 795
523: 1259
524:
525:
526: 547
527: 1199 1086 1068 977 907 903 550
528: 610
529:
530: 932
531:
532:
533: 744 577
534:
535:
536:
537: 1231 785 710 677
538: 781 758 600
539:
540: 1109 1101
541:
542:
543:
544: 1154 663
545: 958
546:
547:
548: 1077 802
549: 874
550: 629
551:
552:
553: 631
554: 836 646 630
555: 1247 1059
556: 1205 1193 1107 692
557: 753 706 586
558: 736 715
559:
560:
561:
562: 1030 593
563: 1238 1217 1122
564: 1158 716
565: 747
566:
567: 848
568: 967 714 713
569:
570: 909
571: 973
572: 1066
573:
574: 1200 746
575: 1179 1008 989
576:
577:
578:
579:
580:
581:
582:
583: 648
584: 1047
585:
586: 654
587: 1250 1060
588: 693
589:
590:
591: 865
592: 1274 831 637
593: 867
594: 1206 682
595: 678
596:
597: 764
598: 924
599: 1034 938
600:
601:
602: 790 771
603:
604:
605:
606: 773
607:
608:
609: 917
610: 1262
611:
612:
613:
614:
615: 775
616:
617: 930
618:
619: 1185
620: 1000
621:
622:
623:
624: 1105
625:
626:
627:
628:
629:
630:
631:
632: 829
633: 796
634:
635: 756
636:
637: 1198
638: 872
639: 1003
640: 739
641:
642:
643: 1028
644:
645: 1104
646: 1023
647: 1264 1207
648:
649: 868
650:
651:
652: 1175 1090
653:
654:
655: 1060
656:
657: 914
658:
659: 819
660: 1179
661: 1269
662:
663:
664: 806
665: 1069
666: 1053
667:
668:
669: 1073
670:
671:
672: 1039
673:
674:
675: 906
676:
677: 1232
678: 966
679: 1242
680: 1265 751
681:
682:
683: 1157 718
684:
685: 952
686:
687:
688:
689: 988 943
690: 1023
691:
692:
693:
694: 814
695: 1094
696:
697: 768
698:
699:
700: 1182 862
701:
702:
703:
704:
705:
706: 916
707: 1224 833
708: 1027
709: 1156
710: 962 900
711: 1021
712: 1062 908
713: 968
714: 905
715:
716: 937 782
717:
718: 1045
719:
720: 1077
721: 910
722:
723:
724:
725: 955 847
726: 1142
727:
728: 1025 774
729: 895 778
730: 839
731:
732:
733:
734: 1274
735: 884
736:
737: 1139
738: 779
739: 944 856
740: 1243
741:
742:
743: 902
744: 873
745: 1132 1098
746:
747:
748:
749:
750: 1123
751:
752:
753:
754:
755:
756:
757: 798
758:
759:
760:
761:
762: 807
763: 1082
764: 1176 1091 881
765: 889
766:
767: 1240
768:
769: 1208
770: 1055
771:
772:
773:
774: 864
775: 1201 915 901
776:
777: 1137
778: 1233
779:
780: 1148 981 942
781:
782:
783:
784:
785:
786: 985
787: 1280 1046
788: 929
789:
790:
791:
792:
793:
794:
795: 850
796: 1253 1038 1009
797: 882
798:
799: 1235
800: 1006
801:
802:
803:
804:
805:
806:
807: 1002
808: 1249 1119 1054 1010
809:
810: 920
811:
812: 1241
813:
814: 1095
815: 866
816:
817:
818: 1243
819:
820:
821:
822: 863
823:
824:
825:
826: 879
827:
828: 990
829: 880
830:
831:
832: 1124 1033
833:
834:
835:
836:
837:
838:
839:
840: 1194
841:
842: 1266 940
843: 949
844:
845:
846: 1125
847: 1182 1037
848:
849:
850:
851:
852: 1186
853:
854:
855:
856:
857: 974
858:
859: 1133
860:
861: 1135
862:
863:
864:
865:
866:
867:
868: 1151
869: 1089 946
870:
871:
872: 1272
873: 1078
874:
875:
876:
877:
878:
879:
880:
881: 1043
882:
883:
884:
885:
886:
887: 1274 1158
888:
889:
890: 1169
891:
892:
893:
894:
895:
896:
897: 1163
898:
899: 1172
900: 1032
901:
902:
903: 1013
904:
905: 1189
906: 1102
907:
908: 965
909:
910:
911:
912:
913: 1057
914: 1190
915:
916:
917:
918:
919: 1256
920:
921:
922: 1061
923:
924:
925: 1088 1080
926:
927:
928:
929:
930:
931:
932:
933:
934:
935:
936:
937:
938: 1121
939:
940:
941: 1031
942:
943:
944:
945: 1248
946:
947:
948:
949:
950:
951: 1147
952: 1245
953:
954: 1100
955:
956:
957: 1183
958: 994
959:
960:
961: 1220
962:
963:
964:
965: 1074
966:
967:
968:
969: 1134
970:
971:
972:
973:
974:
975:
976:
977:
978:
979:
980:
981:
982:
983: 1211
984:
985:
986:
987: 1075
988: 1167
989: 1246 1203
990:
991:
992:
993: 1044
994:
995:
996:
997:
998:
999:
1000:
1001:
1002:
1003:
1004:
1005:
1006:
1007: 1196
1008:
1009:
1010:
1011: 1230
1012: 1127
1013:
1014:
1015:
1016: 1202
1017:
1018:
1019:
1020:
1021: 1281 1226
1022:
1023:
1024: 1195
1025:
1026: 1181
1027:
1028:
1029:
1030:
1031:
1032:
1033:
1034:
1035:
1036:
1037:
1038:
1039:
1040:
1041: 1112
1042:
1043:
1044:
1045:
1046:
1047:
1048:
1049:
1050:
1051:
1052:
1053:
1054:
1055:
1056:
1057:
1058:
1059: 1197
1060:
1061: 1087
1062:
1063: 1216
1064:
1065:
1066:
1067:
1068:
1069:
1070: 1281 1226 1136
1071:
1072:
1073:
1074:
1075: 1194
1076:
1077:
1078:
1079:
1080:
1081:
1082:
1083:
1084:
1085:
1086:
1087:
1088:
1089:
1090:
1091:
1092:
1093:
1094:
1095:
1096:
1097:
1098: 1254
1099:
1100:
1101:
1102:
1103:
1104:
1105: 1279
1106:
1107: 1229
1108:
1109:
1110:
1111: 1184
1112: 1221
1113:
1114:
1115: 1166
1116:
1117:
1118:
1119:
1120:
1121:
1122:
1123:
1124: 1192
1125:
1126:
1127:
1128:
1129:
1130:
1131:
1132:
1133:
1134:
1135:
1136:
1137:
1138:
1139:
1140:
1141:
1142:
1143:
1144:
1145:
1146:
1147: 1223
1148:
1149:
1150:
1151:
1152:
1153:
1154:
1155:
1156:
1157:
1158: 1234 1204
1159:
1160:
1161:
1162:
1163:
1164:
1165:
1166:
1167:
1168:
1169: 1225
1170:
1171:
1172:
1173:
1174:
1175:
1176:
1177:
1178:
1179:
1180:
1181:
1182:
1183:
1184: 1258
1185:
1186: 1244
1187:
1188: 1273
1189:
1190:
1191:
1192:
1193:
1194:
1195:
1196:
1197:
1198:
1199:
1200:
1201:
1202:
1203:
1204:
1205:
1206:
1207:
1208:
1209:
1210:
1211:
1212:
1213:
1214:
1215:
1216:
1217:
1218:
1219:
1220:
1221:
1222:
1223:
1224:
1225: 1263
1226:
1227:
1228:
1229:
1230:
1231:
1232:
1233:
1234:
1235:
1236:
1237:
1238:
1239:
1240:
1241:
1242:
1243:
1244:
1245:
1246:
1247:
1248:
1249:
1250:
1251:
1252:
1253:
1254:
1255:
1256:
1257:
1258:
1259:
1260:
1261:
1262:
1263:
1264:
1265:
1266:
1267:
1268:
1269:
1270:
1271:
1272:
1273:
1274:
1275:
1276:
1277:
1278:
1279:
1280:
1281:
1282:
1283:
