1: 697 548 452 90 75
2: 1109 32 1
3: 310 81 9 6 5 2
4: 961 605 501 449 52 22 11 3
5: 952 945 681 381 54
6: 1396 1275 1230 1105 983 546 439 287 246 160 145 83 79 66
7: 1038 482 107 33 13 4
8: 1201 512 309 282 119 49 36 27 19 17 16 7
9: 1195 971 964 269 142 62 14
10: 1270 68
11: 779 748 514 28
12: 1486 1479 1043 273 50 35 26 24 8
13: 1100 342 139
14: 1140 1129 793 728 595 161 97
15: 1211 751 660 634 573 535 309 300 282 191 185 96 87 45 18
16: 708 40 38 15 10
17: 493 343 295 276 238 128 76 29
18: 1428 722 650 531 25 12
19: 1254 783 459 378 344 178 73 31 23 20
20: 923 737 80 63
21: 1201 64
22: 239 141 129 104 91
23: 395 277 94 39
24: 1157 1000 904 659 584 578 315 162 85 70
25: 659 85 70 51 21
26: 1497 1014 976 925 617 509 100
27: 664 364 333 155
28: 547
29: 923 737 63
30: 1398 951 523 321 251 222 164 124 101 82 34
31: 1486 1479 1043 1041 853 743 495 273 235 118 46
32: 1320 1211 634 116 111 48 41 30
33: 1449 1365 1205 214 74 37
34: 1300 1193 528 65
35: 1208 1081 798 706 694 454 177 67 59
36: 1168 476
37: 1141 1093 1057 505 347 302 130 125 95 58 53 44
38: 854 755 103
39: 338 213
40: 1340 1276 886 431 250
41: 1064 598 512 441 119 99
42: 1180 1129 956 793 722 372 243 239 169 161 97
43: 1373 1350 1077 456 448 391 371 78
44: 992 866 569 499 407 353 329 259
45: 292 69
46: 1263 1012 1005 769 576 513 188
47: 480 195 61 56 42
48: 784 218
49: 1471 1183 869 676 656 471 366 47 43
50: 465 148
51: 899
52: 1288 1258 543
53: 447 86
54: 1054 906 853 743 495
55: 1496 397 208
56: 206 92
57: 1398 951 598 523 441 321 288 251 222
58: 958 532
59: 982 861 632 319 126
60: 1503 994 815 348 334 187 166 57 55
61: 1398 1063 951 523 321 251 222
62: 1198 481 60
63: 105 98 93
64:
65: 1041 799
66: 1163 999 537 467 308 112 106
67: 1401 456 157 77
68: 1496 1016 708 235 182 118
69: 1396 1105 1081 983 773 569 442 346 287 258 246 145 79
70: 814 594 99
71: 1289 730 639 638 406 249 114
72: 1211 1151 821 634 443 236
73: 1153 572 318
74: 1340 662 261
75: 1074 960 819 84
76: 1515 1089 71
77: 1394 968 949 488 383 158
78: 911 197 189 146
79: 192 121
80: 720 712 589 522 497 456 303 292 204
81: 762 281
82: 184 72
83:
84: 876 779 748 740 514 291 198
85: 746 165
86: 1443 950 948 727 695 477 413 367 331 311 150 144
87: 1345 1317 1220 613 122
88: 1081 945 681 465 381 346 133
89: 1397 1103 402 327 284 220 152
90: 1513 1414 1387 866 773 745 491 442 353 298 258
91: 1257 842 648 88
92: 775 700 639 638 426 285
93: 1180 956 372 109
94: 1498 685 483 316
95: 986
96: 712 522 303 204
97: 1443 950 948 477 413 311 89
98: 975 227
99: 850 314 183 136
100: 1401 1279 625 468 230 180
101: 1407 1151 821 236
102: 193 190
103: 1008 798 706 694 493 454 295 276 203 177 127
104: 456
105:
106: 1121 515 423 274
107: 1458 1232 908 854 661 586 466 461 387 379 205 186 103
108: 1012 979 215 174 131
109: 1454 1183 656 599 305 260
110: 1297 561 102
111: 1313 1203 564 386 312
112: 1041 799 389 369 172 154
113: 775 700 426 285 147
114: 648
115: 773 442 258 108
116: 539
117: 1173 646 396 167
118: 306 135
119: 738 699 279 207
120: 1427 1157 1000 930 628 578 113
121: 290 137
122: 1093 1057 649 505 138 110
123: 1429 1363 1039 750 669 552 410
124: 431 363 179
125: 275 140 134 120 117
126: 1299 749 294 115
127: 1236 1096 719 648 248
128: 1289 249
129: 939 400 149
130: 247
131: 1236
132: 448 371
133: 1182 998 229 176
134: 1179 1126 644 602 297 271 242 151
135: 315 162
136: 883 153
137:
138: 992 259
139: 1148 837 156 123
140: 1243 922 438
141: 1011 324
142: 457 209 132
143:
144: 1268 1232 661 268
145:
146: 254 217
147: 879 252
148: 1117 1108 1024 232
149: 987 202
150: 836 433 360 350 163
151: 1352 388 339 143
152: 267
153: 560 175
154: 1132 784 274
155: 1298 1134 1056
156: 1042 965 734
157: 408 289 194
158: 776 623
159: 323
160: 409 270
161: 1233 679 231 159
162: 975 468 180
163: 1344 1097 1085 1059 608
164: 1458 1372 1067 586 466 461
165: 1443 950 948 615 418 393 168
166: 245
167: 1429 1363 1039 762 669
168: 1511 707 645 444
169: 1507 265
170: 583 181
171: 1013 848
172: 1251
173: 216
174: 809
175: 565 401 170
176: 1317 1313 1253 1203
177: 1401 230 210
178: 573 300 191
179: 288
180: 1473 1287 337
181: 750 599 552 410 409 305 260 226
182: 1401 1183 656
183: 929 335
184: 1458 588
185: 1064 429
186: 957 902 609 416
187: 1370
188: 1227 1016 742 182
189: 1153 572 201
190: 221 199 196
191: 1120 972 263
192: 1084 450 293
193: 1078 171
194: 1192 1098 900 751 660 535
195: 399
196:
197: 1498 685 624 500 340 200
198: 1494 1063 428
199: 1492 1190 508 496 257 173
200: 630 610 453 361
201: 1113 1062 756 240
202: 484 212
203: 1279 1273 872 625
204: 1084 498 473
205: 1115 440
206: 636 336
207: 528 225
208: 1427 930 272
209: 283
210:
211: 1472 1298 1134 1056 356 341 234 223
212: 241
213: 1442
214: 1030 652 404
215: 1224 695 211
216: 1173 733 675 519
217: 1157 1000 599 578 425 325 313
218: 483 316
219: 1478 280 237 233
220: 1402 770
221: 1443 950 948
222: 1295
223: 502 403
224: 1418 299
225:
226: 755
227: 373
228: 1263 513
229: 296
230: 814 594
231: 1120 697 548 452 290
232: 387 379 224
233: 301
234: 890 326 219
235: 1413 984 721 525
236: 1256 862 808 380
237: 1303
238: 1449 1365 1094 1031 966 533 286
239: 855 370 362
240: 895 332
241: 810
242: 1164 686 352 244
243: 1400 1191 647 255
244: 1418 1182 998
245: 1385 1354 732 419
246: 1149 880 582 530 330
247: 1513 1414 515 228
248: 464 320
249: 1132
250: 1441 649
251: 996 358
252: 417
253: 1128 816 553
254: 256 253
255: 893 577
256: 1175 1110 782
257:
258:
259: 1248 1119
260: 1395 1060
261:
262: 1249 943 597 544 469
263: 1428
264: 1249 986 943 597 544 469
265: 707 645
266: 1126 644 602 271
267:
268: 720 589 497
269: 805 574 434 375 262
270: 1495 1387 1360 969 559
271: 1395 580
272:
273: 541 420 266 264
274: 1325 1015
275:
276: 1421 1410 427
277: 1408 898 460
278:
279: 835 772 702
280: 1398 994 951 741 523 499 329
281: 278
282: 807
283: 1460 718 421
284: 635 558 405
285: 374
286: 1297
287: 1329 909 663
288:
289: 470 411
290: 1476 820
291: 1299 749 345 328
292: 1413 1233 984 679 525
293: 1401 901 869 474
294: 869
295: 436
296: 1128 816 553
297: 592
298:
299: 764 631 538
300: 455
301: 1025 304
302: 1347 642
303: 1423 1136 963 805 673 606 574 434
304: 1494
305: 958 532 390
306: 1498 1359 685 351
307: 1288 1263 1258 543
308: 1394 949 487 359
309: 357
310: 692
311: 1344
312: 571
313:
314: 839
315: 795
316: 1311 1291 1189 999 915 757
317: 778 655 504 435 317
318: 1321 794 687 368
319: 698 451 437
320: 307
321: 1228 914
322: 1047 881 445 392 385 377 322
323: 1099 904 551
324: 1246 382 365 355
325:
326: 1221 961 895
327: 1184
328: 738
329: 628
330: 846
331: 754
332: 1509 1489
333: 1473 1287
334:
335: 570 412
336:
337: 1290 904 489 414
338: 1477 1218 894 629 616
339: 1246 1140 728
340: 1352 536
341: 384
342: 1393 518
343: 1496 1298 1276 1134 1056 886 729 458
344:
345: 1340 524
346: 1364
347: 1215 785 593
348: 1477 1218 475 398
349: 1432 349
350:
351:
352: 1204 614 581
353: 1468 818 354
354: 1181 490
355: 1063
356:
357: 1138
358:
359: 424
360: 1280
361: 1501
362: 789
363: 735
364: 1199
365: 781 760
366: 885 622
367: 1449 1365 1205
368: 1424
369: 979 394
370: 1222 899 741
371: 554 463 415
372: 1302
373: 1086 566
374: 666 485 376
375:
376: 882
377:
378:
379:
380:
381: 1008
382:
383: 1490
384: 1163 537 422
385: 919 612
386:
387: 1231 753 651 607
388: 1457 555
389: 1212 569 432 407
390: 1236
391:
392: 989
393: 1420 600 479
394: 1454
395: 1221 849
396: 1317 904 613
397: 1513 1414
398:
399: 1332
400: 852
401: 1495 1199 967 828 704 633
402: 877 604
403: 790
404:
405: 786 446
406: 1378 854 462
407: 1131
408:
409:
410: 1154
411: 1311 1291 757
412: 693 653
413: 1202 545
414:
415: 844 511
416: 1080 430
417:
418: 811 797
419: 883
420: 590
421:
422: 516
423: 591
424: 965 734
425:
426: 549 506 478
427: 1165
428: 1212
429: 1356
430: 1402 770 703 568 542
431: 1512 1325 1196 1015 557
432:
433: 1459 1096 719
434: 989
435: 1455 863 801 654
436: 1180 1048 875
437:
438:
439: 1240
440: 1079
441: 1019 714 575
442: 1336 1264 934
443: 1376 1033
444: 1349 556 503
445: 1425 1386
446: 1290 954
447: 1495 1302 828 633
448: 550
449:
450: 1300 1193 678 608 486
451:
452:
453:
454: 1253
455:
456:
457: 517
458: 1094 1031 966 790 533 494
459: 1139 758
460:
461: 1236
462: 1196
463: 1223 1087
464: 1097 1085 1059 889 567
465: 777
466: 540
467:
468: 955
469: 619
470: 472
471: 1430 1160
472: 858 796 596
473: 1340 794 687 662 507
474: 1045 1010 878
475: 1130
476: 1235 1116 1002 587
477: 1035
478: 794 687
479: 1472 1139
480: 1054
481: 672
482:
483: 1252 1188 840 492
484: 678
485: 1268
486: 856 705 680 527
487: 1409 701 682
488: 905
489: 962
490:
491: 1351 887 640 621
492: 1310 1161 526
493:
494: 1054 906
495:
496: 510
497: 994
498:
499:
500:
501: 852 791 768
502: 1046
503: 1345 1220
504: 1391 618 611
505: 1250 520
506:
507:
508: 1349 1194 1092 810
509:
510: 1021 981
511:
512:
513:
514: 1389 1282 823
515: 758
516: 1276 1207 916 886 812
517:
518: 1090
519: 1386
520: 1196
521: 1402 874
522: 1273 872
523:
524: 670
525: 1002
526: 752 521
527:
528:
529: 937 529
530: 1500 830 717
531: 1072 1069
532: 562
533: 759 736
534:
535:
536: 1184 603
537: 1210
538: 1212 856 851
539: 1121 739
540: 620
541:
542: 1113 1062 756
543: 1229 1219
544:
545: 696 534
546:
547:
548: 725
549:
550: 1201 942 790 767
551: 901
552: 1425
553: 1111
554:
555: 1278 1158 658
556:
557: 944
558:
559:
560:
561: 1417 1303
562:
563: 663
564: 715
565: 1477 1218 579
566:
567: 860
568: 1296 991 805
569: 1433 671
570:
571: 1477 1218
572:
573: 1487
574: 1022
575:
576: 1446
577: 689
578: 1068 643 563
579: 1416 1083
580: 997 619
581: 889
582: 1174 710 683
583: 1241
584: 1072 1069
585: 585
586:
587: 601
588: 1284 637
589: 595
590:
591:
592:
593: 888 731
594: 1463
595: 1143
596:
597: 1192 1098 952 900 747
598: 1399
599:
600:
601: 627
602: 1305
603:
604:
605: 1439 1402 1313 1203 770 703
606:
607: 665
608: 1324
609: 1028
610: 1411 667
611: 1239
612: 933
613: 1309
614: 1212
615:
616: 910
617: 711
618: 1195 626
619: 963 684
620: 913 800
621:
622:
623:
624: 642
625: 999
626: 813
627:
628: 1155 1148 1023 1007 837
629: 1342 1236 1091
630:
631: 726
632:
633: 1357 1261 766
634: 691
635:
636: 873
637:
638: 1480 1114
639:
640: 1305
641: 1050 674
642: 657
643: 1019
644: 1417 786 641
645: 723
646: 896
647: 1255
648: 1499
649: 1240 1166 871 763
650: 668
651: 1145
652: 1361
653: 920
654:
655:
656: 990
657:
658: 1179
659: 1101
660: 709 690
661:
662:
663: 1055
664: 1037
665: 1224 985
666: 952
667: 761
668: 858 677
669:
670:
671: 1474 863 744
672:
673:
674:
675:
676:
677: 1367
678: 1278 1158 724
679: 907
680: 1106 774
681: 1197 1017
682:
683: 1506 1491
684: 1197
685:
686:
687: 1373 1350 688
688:
689: 1445
690:
691: 1124 1006
692: 788
693: 980
694: 1375 1326
695:
696:
697: 806
698: 1295
699: 713
700: 1167
701: 1330
702:
703:
704: 834
705: 928
706: 1435 1020 918
707:
708: 953
709: 1412 977
710: 716
711:
712:
713: 946 787
714: 1179
715: 829
716: 954
717: 1484 1329 1159 909
718: 941 936
719: 876
720: 1267 1029 917
721: 1451
722:
723: 826
724: 1512 1123
725:
726:
727:
728: 1214 1169
729:
730: 1345 1220
731:
732: 1135
733:
734: 1247 935 864
735: 1234
736: 870
737: 803
738:
739: 831
740:
741: 833
742: 1453
743: 1066 865
744:
745: 1338
746: 1459
747:
748: 857 765
749:
750: 1133
751: 1019
752:
753: 1402
754: 1342 825
755: 973
756: 1068
757: 912
758:
759:
760: 780
761:
762: 1470 1341
763: 1053
764: 771
765: 845 804
766: 924
767: 843
768:
769: 1277
770: 1499
771:
772:
773: 1224 985
774:
775:
776:
777: 832
778: 841
779: 1405 1319
780: 817
781: 1187 792
782: 926
783:
784:
785: 1222 899
786: 847
787: 1466 1286 1237
788:
789: 1355
790:
791: 1422 802
792:
793:
794: 1366
795:
796: 1307
797:
798: 827
799: 1362 1333 974
800:
801: 859
802:
803: 932
804: 1323 1112
805:
806:
807: 1027
808:
809: 1176 838 822
810:
811: 1080 921
812: 824
813:
814: 1032 1014 976
815:
816: 1372 1067
817: 1026
818:
819:
820: 988
821:
822: 1286 1144
823:
824: 868
825: 1142
826:
827:
828:
829: 1335
830: 1122 993
831:
832:
833: 1260 1071
834: 1401 1208
835:
836: 884
837: 891
838:
839:
840: 1206
841:
842:
843: 1156 1127
844:
845: 1489
846: 1162 867
847: 1431
848:
849: 978
850: 1285
851:
852: 927
853: 1001
854: 1272
855:
856:
857: 1426 959
858:
859:
860:
861: 1292
862: 1452
863:
864:
865: 1102
866: 1472
867:
868: 1316
869:
870:
871:
872:
873: 940
874:
875: 1283
876:
877:
878:
879:
880: 1488
881:
882:
883:
884: 1051
885: 1486 1479
886: 1504 1034 892
887:
888: 1040
889: 1476
890:
891:
892: 1049
893: 1003 970
894: 1146
895: 1137 1009 931
896:
897: 1418
898:
899: 938 897
900:
901: 1482
902: 1082
903:
904: 1280 903
905:
906:
907:
908:
909: 1501
910: 1061
911:
912:
913: 1293 1200 1088
914:
915:
916: 1333 947
917:
918:
919: 1073
920: 1242
921: 1371
922: 1359
923:
924:
925:
926: 1004
927:
928:
929:
930:
931: 1320
932:
933:
934: 1369 995
935:
936:
937:
938: 1436
939:
940:
941: 1018
942:
943: 1348
944:
945: 1370
946:
947:
948:
949: 1244
950:
951: 1379
952: 1456
953: 991
954:
955:
956:
957: 1209
958: 1213
959:
960:
961:
962: 1275
963: 1065
964:
965:
966: 1266
967:
968:
969:
970:
971: 1271 1070
972:
973: 1493
974:
975: 1301
976:
977:
978:
979:
980:
981: 1292
982: 1331
983:
984: 1377
985: 1052
986:
987:
988:
989: 1076
990:
991: 1295 1125
992:
993:
994:
995: 1343
996: 1186 1104
997:
998:
999:
1000:
1001:
1002:
1003:
1004: 1150
1005:
1006:
1007: 1118
1008:
1009: 1178
1010:
1011:
1012: 1444
1013: 1376
1014:
1015:
1016:
1017: 1368 1315
1018:
1019: 1408 1346
1020:
1021: 1036
1022:
1023:
1024: 1095 1058
1025:
1026:
1027:
1028:
1029:
1030: 1044
1031:
1032:
1033:
1034:
1035:
1036:
1037:
1038:
1039: 1387
1040: 1170
1041:
1042: 1152
1043:
1044:
1045:
1046:
1047:
1048:
1049:
1050:
1051: 1107 1075
1052:
1053:
1054:
1055:
1056: 1248
1057: 1334
1058:
1059:
1060:
1061:
1062:
1063: 1269
1064:
1065:
1066: 1389 1282
1067:
1068:
1069: 1262
1070:
1071:
1072:
1073: 1415
1074:
1075:
1076:
1077:
1078:
1079:
1080:
1081:
1082:
1083: 1462 1322
1084:
1085: 1502
1086:
1087: 1289 1147
1088:
1089:
1090: 1406
1091: 1508
1092:
1093: 1327
1094:
1095:
1096:
1097: 1337
1098:
1099:
1100:
1101:
1102:
1103:
1104:
1105: 1358
1106:
1107:
1108: 1464
1109:
1110: 1225
1111: 1177
1112:
1113:
1114:
1115: 1441
1116: 1483
1117: 1461
1118:
1119:
1120:
1121:
1122: 1226
1123: 1335
1124:
1125: 1185
1126:
1127:
1128:
1129:
1130:
1131:
1132: 1171
1133: 1314
1134:
1135: 1403 1392
1136:
1137:
1138:
1139:
1140: 1294
1141: 1245
1142:
1143:
1144: 1238
1145:
1146: 1382
1147: 1380
1148:
1149:
1150: 1448 1318
1151: 1514 1217
1152:
1153:
1154: 1353
1155: 1172
1156:
1157:
1158:
1159:
1160:
1161:
1162:
1163:
1164:
1165: 1474
1166:
1167:
1168:
1169:
1170:
1171:
1172:
1173:
1174:
1175: 1437
1176: 1485
1177: 1460
1178:
1179: 1510 1265
1180:
1181:
1182:
1183:
1184:
1185: 1312
1186:
1187:
1188:
1189:
1190:
1191: 1494
1192: 1216
1193: 1259
1194:
1195:
1196: 1388
1197:
1198:
1199:
1200:
1201:
1202:
1203:
1204:
1205:
1206:
1207:
1208:
1209:
1210: 1469
1211:
1212:
1213: 1281
1214:
1215:
1216:
1217: 1339
1218:
1219: 1274
1220:
1221:
1222: 1434
1223:
1224: 1465
1225:
1226:
1227:
1228:
1229:
1230:
1231:
1232:
1233:
1234:
1235:
1236:
1237:
1238:
1239:
1240:
1241:
1242:
1243:
1244: 1304
1245: 1381
1246:
1247:
1248:
1249:
1250:
1251:
1252:
1253:
1254: 1390
1255:
1256:
1257:
1258: 1450
1259:
1260:
1261: 1505
1262:
1263:
1264:
1265:
1266:
1267:
1268:
1269:
1270:
1271:
1272:
1273:
1274:
1275:
1276:
1277:
1278:
1279:
1280:
1281: 1374 1328
1282:
1283: 1384 1308
1284:
1285:
1286:
1287:
1288:
1289:
1290:
1291: 1440
1292: 1306
1293:
1294:
1295:
1296:
1297:
1298:
1299:
1300:
1301: 1404
1302:
1303: 1383
1304:
1305:
1306:
1307:
1308:
1309:
1310:
1311:
1312:
1313:
1314:
1315:
1316:
1317:
1318:
1319:
1320: 1475
1321: 1438
1322:
1323:
1324:
1325:
1326: 1419
1327:
1328:
1329: 1516
1330:
1331:
1332:
1333:
1334:
1335:
1336:
1337:
1338: 1509
1339:
1340:
1341:
1342:
1343:
1344:
1345:
1346:
1347:
1348:
1349:
1350:
1351:
1352:
1353:
1354:
1355:
1356:
1357:
1358:
1359:
1360:
1361:
1362:
1363:
1364:
1365:
1366:
1367: 1481
1368:
1369:
1370:
1371:
1372:
1373:
1374:
1375:
1376:
1377:
1378:
1379:
1380:
1381:
1382:
1383:
1384:
1385:
1386:
1387:
1388:
1389:
1390:
1391:
1392:
1393:
1394:
1395: 1467
1396:
1397:
1398:
1399:
1400:
1401: 1447
1402:
1403:
1404:
1405:
1406:
1407:
1408:
1409:
1410:
1411:
1412:
1413:
1414:
1415:
1416:
1417:
1418:
1419:
1420:
1421:
1422:
1423:
1424: 1515
1425:
1426:
1427:
1428:
1429:
1430:
1431:
1432:
1433:
1434:
1435:
1436:
1437:
1438:
1439:
1440:
1441:
1442:
1443:
1444:
1445:
1446:
1447:
1448:
1449:
1450:
1451:
1452:
1453:
1454:
1455:
1456:
1457:
1458:
1459:
1460:
1461:
1462:
1463:
1464:
1465:
1466:
1467:
1468:
1469:
1470:
1471:
1472:
1473:
1474:
1475:
