1: 1288 727 216 87 78 1
2: 2465 2402 2304 2270 2241 2168 2134 1222 579 397 218 5 4
3: 1792 1697 1093 524 298 287 43 29
4: 2511 558 205 3 2
5: 1123 1056 688 522 44
6: 2414 2150 1587 1399 285 134 129 7 6
7: 1790 1505 914 552 424 236 235 160 157 91 23
8: 1481 376 32 18 8
9: 1433 86 76 28 19 16
10: 500 377 149 26 14
11: 2317 1826 1799 899 639 256 227 196 75 39 20 15 12 9
12: 2174 2065 1385 1380 784 533 481 477 408 65 54 51 30 11
13: 1231 982 902 385 147 46 13
14: 2299 2005 2004 1927 1852 1833 1426 1393 1327 1259 1253 985 841 631 607 500 377 191 160 149 92 91 84 82 67 57 27 21
15: 424 160 91 10
16: 2113 2011 1745 1534
17: 1800 1591 1501 327 38 37 34
18: 1950 1589 1029 716 687 280 152 151 148 143 137 119 53 17
19: 2030 1033 1000 562 389
20: 1354 1100 743 35
21: 1500 248 173
22: 2423 2339 1785 1663 1569 1090 659 130 22
23: 1973 982
24: 1224 1209 715 446 436 113 56 25
25: 2479 2251 1115 580 432 297
26: 2015 1521 1255 1129 1006 986 702 700 625 544 420 45 42 40
27: 1833 84 82 67 57
28: 2299 2196 2038 2005 2004 1652 1513 191 92 24
29: 1615 1137 818 733 728 608 545 156 133
30: 2251 1115 808 398 277
31: 2179 1716 496 85 52
32: 1912 1425 1204 300 219 31
33: 1328 840 276 33
34: 158
35: 925 590 520 145 122 49
36: 2528 2320 2034 861 784 339 194 73 68
37: 2161 1144 699 469 427 415 414
38: 2132 760 444 41
39: 1521 1006 818 733 728 702 700 420 392 342 338 306 156 133 132 88
40: 110 36
41: 2519 2315 2254 1423 1384 1350 485 188 94
42: 2453 1423 549 229 71
43: 803 373 341 329 212 197 97 48
44: 1212 503 142
45: 1351 919 199 72
46: 2381 2131 1973 1342 1027 1005 364
47: 2450 832 531 498 368 47
48: 2453 2372 2066 606 229 90 71 66
49: 1302 211 81 63 50
50: 2372 1925 1795 1442 1180 843 606 523 446 380 228 180 169 164 90 66
51: 2365 2352 593 431 203 61 55
52: 1866 114
53: 2290 1927 1795 1442 1355 1327 1283 1114 967 898 864 798 523 406 306 278 187 174 101
54: 1946 501 209 59
55: 2270 372 354 201
56: 2241 2168 579 123
57: 333 198 112 102 100 83
58: 1592 858 324 296 60
59: 2372 2132 606 322 169 164 62
60: 1989 1212 1029 1019 918 503 359 193 77 58
61: 2390 1297
62: 1164 1078 944 684 641 535 510
63: 2432 2301 2130 2103 1943 1747 1714 1660 1610 1426 1208 1034 909 607 564 511 230 138
64: 2436 1647 1266 1011 871
65: 744
66: 2144 1810 106
67: 315 202
68: 1989 1019 359 193 77
69: 552
70: 2456 2387 2263 2179 1950 1932 1589 1144 716 699 687
71: 2499 2413 970 528 373 341 334 329 261 89
72: 874 370 95
73: 2274 1691 1200 832 649 531 498 368 348 175
74: 2528 2320 2034 98 74 64
75: 680 207 163 144 108
76: 2385 1862
77: 2366 1369 247 239 226 69
78: 281
79: 2390 1532 1399 1297 1029 518
80: 1665 1461 1284 1140 419
81: 2130 2103 1943 1034 909 230 70
82: 2174 843 533 481 408 192 125
83: 1722 893 190 182 116 109
84: 1659 771 633 412 233 185 128 111
85: 2209 1032 652 395
86: 2290 1355 1283 1114 898 798 187 174
87: 1615 1137 608 545 118
88: 2524 232 155 154
89: 93
90:
91: 251
92: 1015 313 96
93: 452 294 104 99 79
94: 906 862 568 117
95: 394 384 321 159
96: 767 701 504 388 308 80
97: 2211 1226 604 538 491 121
98: 2458 2271 938 676 271 206 181
99: 641 195
100: 1925 1180 380 228 180 105
101: 967 864 406
102: 140
103: 1989 1572 1019
104: 2115 1729 1157 1084 1043 394 384 321 159
105: 2455 2089 1571 912 422 411 335 245 120
106: 1175 664 383 352
107: 303 167 103
108: 986 674 625 582 544 527 265 244 224 107
109: 2429 786 437 273 200
110: 1055 901 621 559 331 275
111: 848 711 561 254
112: 1224 1209 720 715 124
113: 1144 651 127
114: 1871 1231 902 678 170
115: 2274 1603 820 730 487 348 175
116: 2144 131
117: 2294 2208 1360
118: 2286 1214 836 304
119: 1298 1202 386
120: 2364 1510 759 506 470 115
121: 968 731 468
122: 2024 1826 899 639 256 177
123: 1330 887 457
124: 839 772 396
125:
126: 2174 392 342 338 220
127: 1770 1639 1175 383
128: 912
129: 1665 1559 419 223
130: 1951 1741 515 413 183
131: 2126 1734 1074
132: 1940 1803 1474 558
133: 2413 1967 126
134: 2434 1744 1387 958 809 627 542 445 382 279 215
135: 1578 489
136: 2126 307 146
137: 1722 1268 1223 325 190 182
138: 1925 1891 1600 1469 1427 1231 1180 902 380 241
139: 2518 2458 2271 1451 1446 1299 1002 938 877 676 666 570 467
140: 1461 1284 1151 1140 172
141: 2419 1611 1282 601 255
142: 897 210
143: 1423 778 567 563 549 453 346
144: 1296 208 136
145: 141
146: 2214 2135 1600 1580 1506 1351 1123 1056 592 344 268 249 241
147: 1466
148: 2248 2232 1845 266
149: 984 966 941 717 508 465
150: 2335 1472 521 358
151: 1592 858 296 166
152: 1823 1365 706 184 161
153: 2322 1822 1814 1298 1202 735 165 135
154: 2220 1582 546 150
155: 1642 1057 204
156: 262
157: 2516 1476 1391 1349 1133 1051 588 189
158: 1871 820 730 678 487
159: 940 889
160: 1912 870
161: 1003 573 381 295 153
162: 1779 565 375
163: 1020 577
164: 2383 2288 2217 2182 1188 1109 1025
165: 721 410 139
166: 2355 1988 1328 486
167: 441 214 168
168: 2452 2263 447 162
169:
170: 1964 1552 1499 1404 1339 974
171: 822 653
172: 664
173: 2472 1346 964
174: 1472
175: 1426 607
176: 2524 580 302 178
177: 596
178: 2476 2336 2283
179: 2355 2274 2132 322 266
180: 2251 1115 398 277
181: 1450 1033 961 389
182: 2263 583 418
183: 1745 1369 1234 1166 1164 944 796 428 171
184: 1021 936 802 638 357 350
185: 2251 1509 1115 622
186: 986 625 544 265
187: 784 572 477 243
188: 1044 893 828 186 179 176
189: 2510 2331 2129 1942 478
190: 1955 1617
191: 234
192: 839
193: 1078 684 535 510 225
194: 2325 1820 1285 722
195: 698 374
196: 2084 1997 1369 1134 881 488 461 407 258 213
197: 1234 1193 822 796 653 347 305
198: 1564 1258
199: 1534 555 332 260
200:
201: 616 490 217
202: 2179 1558 602 586 556 496 443
203: 582 527 252
204: 2104 1682 1018 529
205: 1399 518
206:
207: 1204
208:
209: 2087 1010 600
210: 1583 1540 1100 743
211: 1259 1253 631 417 345 337
212: 1949 1583 1540 1100 371
213: 1415 1311 967 897 864 720 406
214: 2324 1976 1893 679
215: 1349 1133 1051 588
216:
217: 618
218: 2400 1800 1151 860 270
219: 2433 1805 1358 867 292 291
220: 2286 1879
221: 2300 222
222: 2158 1926
223: 1756 937 920 343
224: 2424 1854 811 330
225: 1234 796 305
226:
227: 622
228: 2218 1958 799
229: 2020 1608 984 966 391 387 351
230: 1076
231: 2309 2160 1457 1245 869 628 289
232: 1406 1041 1002 768 647 221
233: 1871 678
234: 2438 644 466 440
235: 2274 515 240
236: 2109
237:
238: 931 288
239: 2490 1557 484 250 237
240: 1045 367 317 257
241: 1741
242: 1545 1066
243: 601
244: 1285 722 466 231
245: 242
246: 1041 933 859 779 416 293 238
247: 1042 726
248: 1520 1514 1193 379
249: 1665 419
250: 2008 749 591 421
251: 1961 1939 1013 763 264
252: 1400 274
253: 565
254:
255: 1453 283
256: 1800 1591 1426 607
257: 1728 1520 1514 1169 1075 894
258: 2015 1255
259: 2087 435 353 290 246
260: 1185 753
261: 638 429 272 259
262: 1891 1469 400
263: 2455 2089 1606 1443 1169 1075
264: 805 788
265: 933 859 779 362
266: 667 497 314
267: 2110 1336 560
268: 585 360 282
269: 2212 2036 1645 1636 263
270: 2198 916 734 475 253
271: 1517 1505 650 482 409
272: 2490 1660 1557 511
273: 2456 2387 2203 1932 1594 1507 430
274: 2180 1286 1147
275: 1785 1334 949 781 619 326
276: 1199 935 816
277: 1947
278: 1738 807 780
279: 904
280: 919
281: 746 472 363
282: 754 480 463
283: 2378 2140 1951 1950 1589 1237 349
284: 1782 471
285: 1925 1180 807 780 752 361
286: 1741 720
287: 2288 366 284
288:
289: 1000 562
290: 1083 689
291:
292: 2386 2156 1843 1240
293: 1927 1327 328 319
294: 514
295: 1940 1474 267
296: 2115 1736 1452 617
297: 2514 1869 1161 1040 837 800 665
298: 1503 1120 648 476
299: 2451
300: 764 611
301: 1041 293 286
302: 1461 1284 1259 1253 1140 631
303: 1407 963 649 433 323
304: 1674 269
305: 1641 1616 1379 464
306: 1937 1545 1412 1066 614 613
307: 1300 502
308: 1603 426
309: 1704 741 682 509
310: 2084 1997 1134 407
311: 2377 423
312:
313: 2269 2185 1041 825 707 505
314:
315: 1238 1128
316: 2090 403
317: 2432 2301 2020 1400 1208 564 391 387
318: 1625 309
319: 2334 1624 316
320: 2417 450
321: 1571 1447 1442 1441 662
322: 2314 2256 1379 340
323: 2383 1109 642 310
324: 1582 546 458 318
325: 402 299
326: 2465 2402 2304 2134 1222 397
327: 2458 2393 2271 941 938 676 312
328: 831 473 355
329: 2352 932 451 301
330: 2295 1241 1228
331: 883 320
332: 2172
333: 2057 686 620
334: 1211 1122
335: 1446 1346 964 933 877 859 779
336: 460
337: 670
338:
339: 675 448
340: 2080 1583 1540 1430 1131
341: 661 632 356
342: 2142 1325 1191 405
343: 2516 1391 587
344: 1745 311
345: 2293
346: 1906 1689
347: 1783 1582 1421 972
348: 2343 1925 1180 824 761 540 401
349: 2230 1977 1747 1714 1610 1333 595
350:
351: 1692
352: 1166 1104
353: 833
354: 1905 369
355: 1414
356: 1744 1560 627 542 382
357: 1973
358: 378
359: 1738 1200
360: 1533 1192
361: 1882 526
362: 541
363: 390
364: 2381 2131 1802 1749 1462 1106 1027 999
365: 2513 1704 1425 1332 1204 336
366:
367: 2433 1805 1358 867
368: 442 434
369: 2248 2232 1845 829
370: 916 835 734
371: 674 393
372: 2159 1526
373: 2066
374: 690
375: 2178 1458
376: 1217 1116
377:
378: 2293 1276 960 911 525
379:
380: 1473 1054 945 795 645
381: 773 690 672
382: 2451
383: 2136 1830 1602 365
384: 2230 1508 1037
385: 918 462
386: 1953 804 663
387: 1626 1584
388:
389: 2127 819 710 557 404
390: 1950 1589 961
391: 2127
392: 660 547
393: 2083 2081 1566
394: 1692 834
395: 922
396: 738
397: 2503 669
398: 2518 1451 1299
399:
400: 2423 1564 1258
401: 1880 1838 1405 1292 997 519
402: 1939 763 454
403: 1119 576
404: 1331 1173 1064
405: 1274 1177
406:
407: 1182 536 534
408: 2361 2072 1917 928
409: 1881 1771 957 456
410: 2186 1440
411: 2226 954 438
412: 1450 1259 1253 1160 983 631 449
413: 1263
414: 1790 1505 626
415: 1152 1063 594 566
416: 1450
417: 2076 1758 1290 399
418: 740 425
419: 1055 901
420:
421: 1564 1258
422: 2146
423: 757
424:
425: 1597
426: 891 513
427: 2288 1412
428: 1701 751
429: 2121 537
430: 984 966 748
431: 2121 1287 1050
432: 1044 828 483
433: 1068
434: 1084 495
435: 530 494 439
436: 1480 812
437: 1434
438: 2441 1080 854
439: 455
440: 550
441: 1016 696
442: 2312 1435 980
443:
444:
445: 1593
446: 1705 499
447: 548
448: 1023 654
449: 2330
450: 1937 1017
451: 2427 2337 1620 1181 1120
452: 578 474
453:
454: 2171 1184 1142
455: 1104
456: 2484 1314
457: 2356 2355 554
458: 2240 1768 1614 1396 1138 671
459: 1761
460: 927
461:
462: 1982 1631 1030 1001
463: 2385 1242 905 643
464: 459
465: 2514 992 837 800 665 553
466: 2278 1136 646 581
467: 1406 768 647
468: 1413 895
469: 1392
470: 1562 1279
471: 1187 704
472:
473: 1772
474:
475: 1757 1374
476: 569
477: 1301
478: 848 711 532
479: 1797 955
480:
481: 923 615 479
482: 1229
483: 1597 953
484: 1802 1749 1106 999
485: 1828 792
486: 634
487:
488: 1650 1321 1028 987
489: 848 787
490: 764
491: 516 493
492: 1246 705 571
493:
494: 2286 1214
495:
496:
497: 1193
498: 584
499: 1187 1074 685
500: 2318 1489
501: 1999
502: 1803 1061 539 512
503: 1628 900 517
504: 1331 1173 1064
505: 2180
506: 2074
507: 2376 1062 888 605
508: 691
509: 2261 1855
510: 2427 2337 1716 1620
511: 2157 1439 1141
512: 1227 543
513: 1444 692
514: 913
515: 817 492
516: 2410 2059
517: 2199 961 880 791
518: 838 789 624
519: 2069 1648 1189 1092 993 820 730
520: 507
521: 2163 2154
522: 813
523: 2094 1089
524: 1038
525: 1904 1810 668 623
526: 2161 1402 1239
527: 1371
528: 2355
529: 1988 1061
530: 2393 1583 1540 1187 1100
531: 1415 1311
532: 2093 2013
533: 1497
534: 2442 2095 1859 1186
535: 1009 876 827
536: 1270 1249 637
537: 882
538: 1706 924
539: 1210
540:
541: 1103
542: 1541
543: 2526 2360 1530 597
544: 1261 1159 775
545:
546: 1728 894
547: 2362 2210 1858
548: 1095
549: 1316
550: 810 758
551:
552:
553: 786 609
554: 2486 808
555: 2450
556: 1422
557: 1864
558: 2525 1578 1250 765
559: 1673 875 658
560:
561: 2420 2036 1944 575
562: 1246 705
563: 1024
564: 657
565: 1165 939 695 612
566: 1571 662
567: 2196 1652
568: 2523 842 655
569: 2470 929
570: 2443 574
571:
572: 718
573: 2476 2336 2283 2158 1926 1091 797 551
574:
575: 2492 1536 1007
576: 2317 2167 1799
577: 2329 2169 1708
578: 1110 589
579: 739
580: 1975
581: 1567
582: 2327 1668
583: 1948 1868 1861 1535 603
584: 1198
585: 2227
586: 1964 656
587: 2177 673 599
588: 1880 1838 1405 1292 997
589: 1171
590: 1328
591: 2175
592: 1869
593: 2419 1073 830 681
594: 1319 635
595: 1646 745 719
596: 1488
597: 865 770 598
598: 2513 1332
599:
600: 2504 1207 1036 694
601:
602: 2209 1756 937 920
603: 708
604: 1201
605:
606: 1124 973
607: 1053 629 610
608:
609: 630
610:
611:
612: 1935 1577
613: 2025 1307
614: 1385 1380 640
615: 942
616: 1731
617: 2069 1648 1025
618: 2192
619: 1427
620: 1622 736
621: 1132
622: 1260
623: 1464 844 823 709
624: 2260 2124 1527
625: 2442 1903
626: 2176
627: 2510 2331 2129 989 636
628: 1479 1261 1159 775
629: 2226 954
630: 2181 2099
631: 1118
632:
633: 783
634: 2164 1097 926 683
635:
636: 2106 1070
637:
638:
639: 2529 1459 846 785
640: 1456 855 806
641: 1479
642: 2420 1944
643: 2045 2012 1910 724
644: 1644 1096
645: 2254
646:
647: 725
648: 2488
649:
650: 2448 1936
651: 1150 1112 693
652:
653: 1735 1125
654: 1088
655:
656: 1280
657: 1586
658: 1902 1221 873
659: 2368 1361 952 776
660: 1824 1401 1213
661: 1022
662: 2293 2171
663:
664: 2030
665: 2494 1687
666: 2499 1947 970 962
667: 2113 2011 1489
668: 888
669: 2420 1944 1219 677
670: 1575
671: 2143 1183
672:
673: 1972 1320 732
674: 1801 794
675:
676: 1787 981
677: 1675 1099
678: 1663
679: 1381
680: 1240 951 714
681: 1257
682:
683: 1596
684:
685: 2086
686:
687: 1267 815 756
688: 998 766
689: 2108 1712 866
690: 1929
691: 1883
692:
693: 2239 1963 1634
694: 1176 1105 703
695: 1794 1428
696: 1690
697: 1829
698: 1376 1121
699: 2468 801
700:
701:
702: 1171 713
703:
704: 1294
705: 2028 1612 1542
706: 1291 1195 908
707: 1803
708: 2111
709: 2507 1931 990 782
710: 1504 1155 857
711:
712: 1059 849 723
713:
714:
715: 1595 777 737
716: 994 729
717:
718: 697
719: 1359 1247
720: 1326
721: 1959 1585
722: 1035
723:
724: 850
725: 1117 742
726:
727: 943
728: 1496 1295 845
729:
730:
731: 2055 1606 1443
732: 2341 1867 712
733: 1163
734: 1878 1515
735:
736: 2069 1648 1189
737:
738: 1576
739: 1792 1697
740: 2032 1312 965
741: 2050 790
742: 2195 1365
743: 750
744: 2024
745: 2345 1383
746:
747: 1372
748: 1599
749:
750: 2282 1549
751: 1753 769
752: 814
753: 2321 907
754:
755: 868
756: 2213
757: 2179 1570 1262
758: 2406 1463 1065 762
759: 2314 2256 1086 910
760: 1995
761:
762: 2252 1683 1460 1357
763: 2126
764:
765: 1082 975
766: 2472
767: 1968
768:
769: 2349 1791 1657 1338
770: 1705 1158
771: 1067
772: 1324 1225
773:
774: 1150
775: 1847 1389 1304 747
776: 2412 1579
777: 1498 852
778: 755
779: 1143 915
780: 2521 1477 903
781: 2070 1877 1077
782: 2026
783: 1972
784: 856
785: 1431 1031
786: 2396 2165 2153
787: 1911 1841
788:
789:
790:
791: 1087 988
792: 1884 774
793: 2207
794: 2454 1863
795: 2456 2387 1113 1111
796:
797: 2519 2119 1746 1723 1363
798:
799: 1071
800: 2218 1958
801: 1700
802: 1108
803:
804:
805: 2329 2169 879
806: 1156 950
807: 2308 2231 1573
808: 2085 1492 1352
809: 1322 1179
810:
811:
812: 1994
813:
814:
815: 2334
816: 1812
817: 886 847 821 793
818:
819: 2345
820: 2192
821: 1751 1196
822:
823: 2431 2073
824: 1344
825:
826: 2000 892
827: 2055 1860 826
828: 2442 1859 1186
829: 2198
830:
831:
832:
833: 2328
834: 1550
835:
836: 2003 1840 1809 1706 924
837: 1318
838:
839:
840: 2246 1386
841: 1862 1438 1373
842: 2367 1870 1265
843: 1823 1390
844: 1069
845:
846: 1857 851
847: 1705 1158
848:
849:
850: 921
851: 1289 853
852:
853: 2101 2053
854: 1850
855:
856: 1709 1190
857: 1866
858: 2021
859: 1060
860: 1129 872
861:
862: 978
863: 2285 2195 1676
864: 2411 1502 1112
865: 1528 1446 1417
866: 1216
867: 1900
868: 1300 956 948
869:
870: 2102 1667 1411 1394
871: 1890 1876 884
872: 1713
873:
874: 1780
875: 1658 1303 863
876:
877: 1674 1139
878:
879: 890
880: 2037
881: 2148 1846
882: 2273 1424
883: 1094
884: 2315 1384 1350
885: 2511 878
886: 1865 934
887: 1081
888:
889:
890: 2203 1507
891: 1996
892: 1886
893:
894:
895: 2323 2163 1672 1149 1145
896: 1329 917
897: 2403 971
898:
899:
900: 1416
901:
902:
903: 2244 1733
904: 1734
905:
906: 1162
907: 1525 1049
908:
909: 1529 1233
910: 2427 2337 1620 1181
911:
912: 2216
913:
914: 2427 2378 2339 2337 2140 1620
915: 2466 1635 1544
916: 1967
917: 1519
918: 2291 2190
919: 2384
920: 885
921: 2491 2438 1503
922:
923: 1058
924: 896
925:
926: 2006
927: 2065
928: 2509 1900 996
929: 2456 2387 1932 1594
930:
931: 2142 1289 1191
932: 2452 1871
933: 2452
934:
935:
936:
937: 930
938:
939: 1248
940: 1581 1243 1203
941: 969
942:
943:
944:
945:
946: 1678
947:
948: 1640
949: 1869 1161 1040
950: 1937
951: 959
952: 1485 1101
953: 1368 1178 1167 946
954: 1638
955:
956:
957: 1498
958: 1337
959: 1052 977
960:
961: 2489 2434
962: 1555
963: 1971
964: 1552 1404 1339
965: 1703 1309
966:
967:
968: 995
969:
970: 2370 1978 1930
971: 1546
972: 1739
973: 1348 1205 1012
974: 1649 991 947
975: 2102 1667
976: 2302 1945
977:
978: 1719
979: 1251
980:
981: 1315
982:
983: 1680 1633 1347 1341
984: 1825 1796 1220
985: 2323
986:
987: 1677 1172
988:
989:
990:
991:
992:
993:
994: 2139
995: 2225 1026
996:
997: 976
998: 2112 1135
999:
1000: 2292 1378 1146
1001: 1476
1002: 1004
1003: 2128
1004: 2298 1975 1048
1005: 2473 2236 1343
1006:
1007:
1008:
1009: 1807 1230
1010:
1011:
1012: 1711
1013: 1710
1014:
1015: 1025
1016: 2291 1272
1017:
1018: 2373
1019: 1964
1020: 979
1021: 2205 1686
1022:
1023: 1548
1024: 1293
1025: 2482 1520 1514
1026: 1679 1606 1443 1168
1027:
1028:
1029: 1419
1030: 1669 1206 1072
1031:
1032: 1403 1323
1033: 2396 2165
1034:
1035:
1036: 1611 1047
1037:
1038:
1039: 1275 1098
1040: 1810 1079
1041: 1904 1490
1042:
1043: 2514 1802
1044:
1045: 2159 1933 1526
1046:
1047:
1048: 1254 1014
1049:
1050: 1786 1085
1051: 1313
1052:
1053: 2243
1054: 1008
1055: 1924 1685 1546 1516 1395
1056: 1721 1194
1057: 1362
1058: 2100
1059:
1060:
1061: 2472 1817
1062:
1063: 1659
1064: 1563
1065: 2113
1066: 2293
1067:
1068: 1495 1468
1069: 1215
1070: 1398
1071:
1072:
1073:
1074: 1849
1075: 1777
1076: 1918
1077:
1078: 1743 1605
1079: 1046
1080: 1718
1081: 1432
1082: 2170 1816 1130
1083:
1084: 2488 1795 1788 1442
1085:
1086: 2392 1039
1087: 2459
1088:
1089:
1090: 1482
1091: 1126
1092: 2155
1093: 1174
1094:
1095:
1096:
1097: 1154
1098:
1099:
1100:
1101: 1795
1102: 2515 2136 1760
1103:
1104: 1981
1105:
1106: 2445 2039
1107:
1108: 2315 1903 1384 1350
1109: 1911
1110: 1813 1153
1111: 1653
1112: 1627
1113:
1114: 1366
1115:
1116: 2193
1117: 1353
1118: 2235 1317
1119: 2507 1921
1120: 1879 1671
1121: 1784
1122: 1633
1123: 1493
1124:
1125:
1126: 2146 2117
1127:
1128: 2366
1129: 1661
1130:
1131:
1132:
1133: 1670
1134: 2325 1820
1135:
1136: 2088 2077 1306
1137: 1197 1102
1138: 2324
1139: 2022 1305
1140: 2384 1776 1408
1141: 1107
1142:
1143:
1144:
1145: 1938
1146: 1934 1340
1147: 1621
1148: 1127
1149: 1335
1150: 1804
1151:
1152: 1939
1153: 1755 1547
1154: 1923 1418
1155:
1156: 2416 2054 1269
1157: 2454 1863
1158: 1856 1655
1159:
1160: 1699 1465
1161:
1162: 1486
1163:
1164:
1165: 1437
1166: 1409
1167:
1168:
1169: 2380 1872 1236
1170:
1171: 2310 1922
1172: 1979 1278
1173:
1174: 1948
1175: 2051
1176:
1177:
1178: 2310 2178 2052 2010 1436
1179: 1724
1180: 2475 2023
1181:
1182: 1449
1183: 1892 1512
1184: 2267
1185: 1271
1186: 1899 1170
1187:
1188: 1455 1454 1370
1189: 1148
1190:
1191:
1192: 1356
1193: 2502 2152
1194: 1232
1195: 1226
1196: 2377 1875 1720
1197:
1198: 2189
1199: 1806 1774
1200: 2133
1201:
1202:
1203: 2160 1457 1245
1204: 2267
1205:
1206:
1207:
1208:
1209:
1210: 1470
1211: 1264
1212:
1213: 1618
1214: 2184 1218
1215:
1216: 2183
1217:
1218:
1219:
1220: 1511
1221:
1222:
1223: 1916 1235
1224:
1225:
1226:
1227: 2019
1228:
1229: 2330 1632 1613
1230:
1231:
1232: 1684
1233:
1234: 1256
1235:
1236: 1656
1237:
1238:
1239: 1933 1538
1240: 2496 1815
1241:
1242:
1243:
1244: 2038 1513
1245:
1246: 1894 1715
1247:
1248:
1249:
1250: 1310 1252
1251:
1252: 1694
1253:
1254:
1255:
1256: 1273
1257: 1783
1258:
1259: 2342 1974
1260:
1261:
1262:
1263: 1770 1639
1264:
1265: 1417 1244
1266: 1345
1267: 2055
1268: 1991 1277
1269:
1270: 2424 1913 1854
1271: 2468
1272: 1819 1494
1273:
1274:
1275: 1397
1276: 2382
1277: 1524
1278: 2099 1537
1279: 1518
1280:
1281:
1282:
1283: 1448
1284:
1285:
1286: 1764
1287:
1288:
1289:
1290: 1662
1291:
1292: 1382
1293: 1565
1294: 1543
1295: 2265 1726 1281
1296: 2504
1297: 1732 1539
1298: 2465 2402 2304 2134
1299:
1300: 2500
1301:
1302:
1303:
1304:
1305: 1767
1306: 2495 1630
1307:
1308:
1309: 1308
1310: 2221 1554 1429 1377
1311: 2275 2247 1601
1312:
1313: 2351 1969
1314:
1315: 2483
1316: 2297 2098
1317:
1318:
1319: 1998 1483
1320:
1321: 1834
1322: 1367
1323: 1471
1324:
1325: 2266 2105
1326:
1327: 1983
1328: 1730 1609
1329: 2187
1330:
1331: 1467
1332:
1333:
1334:
1335: 1604 1556 1410
1336:
1337: 1607
1338:
1339:
1340:
1341:
1342:
1343: 1688
1344: 2061 1598
1345: 2085
1346:
1347:
1348:
1349:
1350:
1351: 2267 1835 1832
1352:
1353:
1354:
1355:
1356: 2489
1357:
1358: 1979
1359:
1360:
1361: 2091 1487
1362: 1478
1363:
1364:
1365:
1366:
1367: 2460 2017
1368:
1369:
1370: 2236
1371: 2223 2122 2058 1737
1372: 1561 1375
1373:
1374: 1445
1375:
1376:
1377:
1378:
1379:
1380: 1664
1381:
1382: 1364
1383: 1955 1617
1384:
1385:
1386:
1387:
1388:
1389:
1390:
1391:
1392: 2258
1393:
1394: 1990
1395: 2522
1396: 2206
1397:
1398: 1725
1399: 2306
1400: 2078
1401: 2351
1402: 1713
1403:
1404:
1405: 2166 2097 1523
1406: 2511 2211 2095 1388
1407:
1408: 2182
1409:
1410: 2255
1411: 2080
1412:
1413:
1414:
1415:
1416:
1417:
1418: 1567
1419:
1420: 1475
1421:
1422: 2492 1484
1423:
1424: 1765
1425: 1522
1426: 1491
1427:
1428: 2491
1429:
1430: 1420
1431:
1432:
1433:
1434:
1435:
1436:
1437:
1438:
1439:
1440:
1441: 1836
1442:
1443: 1568
1444: 2148
1445:
1446: 1848
1447:
1448:
1449:
1450: 2033 1842
1451:
1452: 1773
1453: 1928 1590 1588
1454:
1455: 2446 2418
1456:
1457: 1851 1619
1458: 2493
1459:
1460:
1461: 1822 1531
1462: 1869 1623
1463:
1464: 1849
1465:
1466: 1629
1467:
1468:
1469: 2327
1470: 2422
1471:
1472: 2111 1957
1473:
1474: 1651
1475:
1476:
1477:
1478: 1853
1479: 1986
1480: 1960
1481:
1482: 1742
1483:
1484:
1485:
1486:
1487:
1488:
1489:
1490: 1727
1491:
1492:
1493:
1494:
1495:
1496:
1497:
1498:
1499: 2062 2007
1500:
1501:
1502:
1503:
1504:
1505: 1778
1506: 1875 1720
1507: 1740
1508: 2365
1509: 2449 2016
1510: 1553
1511: 2162
1512:
1513: 1666
1514:
1515:
1516:
1517:
1518:
1519:
1520: 2149
1521: 1551
1522: 1593
1523:
1524:
1525:
1526:
1527:
1528:
1529: 1763
1530: 2472
1531: 2027
1532: 2379
1533: 2003
1534:
1535:
1536:
1537: 1808
1538:
1539: 1702
1540:
1541: 1827
1542:
1543: 2197
1544:
1545: 1766
1546:
1547:
1548: 1977
1549: 1574
1550: 1789
1551: 2363
1552:
1553: 1946
1554: 1895
1555: 2237 1919
1556:
1557:
1558: 1873
1559:
1560: 2388
1561:
1562:
1563:
1564: 2068
1565:
1566:
1567: 2486 1748
1568: 2200
1569: 2268 1919
1570:
1571:
1572:
1573:
1574:
1575:
1576: 2332
1577:
1578:
1579:
1580: 2350
1581:
1582:
1583: 2047
1584:
1585:
1586:
1587: 1860
1588:
1589:
1590:
1591:
1592:
1593: 2116
1594:
1595:
1596: 1693
1597:
1598:
1599: 2357 2224 1992
1600:
1601: 2042
1602: 2234 2188
1603: 1769
1604:
1605:
1606:
1607: 1811
1608: 2204
1609:
1610: 1643
1611: 2141 1956 1754
1612:
1613: 1837
1614:
1615:
1616:
1617:
1618:
1619:
1620: 2429
1621:
1622: 1637
1623: 1654
1624:
1625:
1626: 1775
1627: 1717
1628:
1629:
1630:
1631: 2463
1632:
1633:
1634: 1762
1635:
1636: 1947
1637: 1695
1638:
1639: 2191
1640:
1641:
1642: 1993
1643:
1644: 1952
1645: 2525
1646: 2464 2056
1647:
1648:
1649:
1650:
1651: 2338
1652: 1781
1653: 1698
1654:
1655:
1656: 2394
1657: 2376 2348
1658: 2071
1659:
1660: 2359 2044
1661:
1662:
1663:
1664:
1665:
1666:
1667:
1668: 1962
1669:
1670: 2474
1671:
1672:
1673: 2063 1818
1674:
1675:
1676:
1677: 2147 2120
1678: 1954
1679:
1680: 2018
1681:
1682:
1683: 2259 1681
1684:
1685: 2437 2043
1686:
1687:
1688: 2277
1689:
1690:
1691: 2040 1707
1692:
1693: 2484
1694:
1695:
1696:
1697:
1698:
1699:
1700:
1701: 1965
1702:
1703:
1704:
1705:
1706:
1707: 2480
1708:
1709: 1831 1696
1710:
1711: 2446
1712:
1713: 1798
1714:
1715:
1716:
1717:
1718:
1719:
1720: 1909
1721:
1722: 2272 1915
1723: 1888
1724:
1725: 2257
1726: 1897
1727:
1728:
1729:
1730: 2014
1731: 2527
1732:
1733:
1734:
1735:
1736: 1793
1737:
1738:
1739:
1740:
1741:
1742: 2096
1743:
1744:
1745: 2353
1746:
1747: 2178
1748: 1750
1749:
1750:
1751:
1752:
1753:
1754:
1755:
1756:
1757: 1908 1759
1758:
1759:
1760:
1761: 1874
1762:
1763:
1764: 1844
1765: 2264
1766:
1767: 2352 1752
1768:
1769:
1770:
1771: 1887
1772:
1773:
1774:
1775:
1776: 2364
1777:
1778: 1889
1779:
1780:
1781:
1782:
1783:
1784:
1785:
1786:
1787:
1788:
1789:
1790:
1791: 2049
1792: 1839
1793:
1794: 2029
1795: 2307
1796:
1797: 1920
1798: 2092
1799: 2031
1800:
1801:
1802:
1803:
1804:
1805:
1806: 2485
1807:
1808:
1809: 2416
1810: 2046
1811: 2348
1812:
1813: 2497
1814:
1815:
1816:
1817: 1821
1818:
1819:
1820:
1821: 2326
1822: 1885
1823:
1824:
1825:
1826:
1827:
1828: 1984
1829: 1970
1830:
1831:
1832: 2145 1914
1833: 2369
1834: 2245
1835:
1836:
1837:
1838:
1839:
1840:
1841:
1842: 1898
1843: 2194
1844: 2279
1845:
1846:
1847:
1848:
1849:
1850:
1851:
1852:
1853: 1941
1854:
1855:
1856:
1857: 2242 1896
1858:
1859: 2520
1860: 2222
1861:
1862:
1863:
1864:
1865:
1866: 2118
1867:
1868:
1869:
1870:
1871:
1872:
1873: 2501
1874: 2123
1875: 2347
1876:
1877:
1878: 2281
1879:
1880:
1881:
1882:
1883:
1884: 2079
1885:
1886:
1887:
1888:
1889: 2114
1890: 2425
1891:
1892: 2125
1893:
1894:
1895:
1896:
1897: 2407
1898:
1899:
1900: 1901
1901:
1902:
1903:
1904:
1905: 2171
1906: 1907
1907: 2316
1908:
1909: 2421
1910:
1911:
1912:
1913:
1914:
1915: 2467
1916:
1917:
1918:
1919: 2041
1920:
1921:
1922:
1923: 2506
1924:
1925: 2284 1985
1926: 2233
1927:
1928: 2280
1929:
1930:
1931:
1932: 1980
1933: 2075
1934: 2258 2082
1935:
1936:
1937:
1938: 2009
1939: 2517
1940: 2250
1941:
1942:
1943:
1944:
1945: 2060
1946:
1947:
1948: 2035
1949:
1950: 2151
1951:
1952: 2001
1953:
1954:
1955:
1956: 1966
1957: 2408
1958: 2173
1959:
1960:
1961:
1962:
1963:
1964: 2138
1965:
1966: 2237
1967:
1968:
1969:
1970:
1971:
1972:
1973:
1974: 2202
1975:
1976:
1977:
1978:
1979:
1980: 1987
1981: 2002
1982:
1983:
1984:
1985:
1986: 2399
1987:
1988:
1989:
1990:
1991: 2478
1992: 2409
1993:
1994:
1995:
1996:
1997:
1998: 2296
1999:
2000: 2397
2001:
2002:
2003:
2004:
2005:
2006:
2007:
2008:
2009:
2010:
2011:
2012:
2013:
2014:
2015:
2016:
2017:
2018: 2293
2019:
2020: 2067
2021:
2022:
2023:
2024:
2025:
2026:
2027:
2028:
2029:
2030: 2505 2064
2031:
2032:
2033:
2034:
2035:
2036: 2391
2037:
2038:
2039:
2040: 2349
2041:
2042:
2043:
2044:
2045:
2046:
2047: 2026
2048:
2049:
2050:
2051:
2052:
2053: 2469 2389 2219
2054:
2055:
2056:
2057:
2058:
2059: 2462 2107
2060: 2048
2061:
2062:
2063:
2064:
2065:
2066:
2067:
2068:
2069:
2070:
2071:
2072:
2073:
2074:
2075:
2076:
2077:
2078:
2079: 2137
2080:
2081:
2082:
2083:
2084:
2085:
2086:
2087:
2088:
2089:
2090:
2091:
2092:
2093:
2094:
2095:
2096:
2097:
2098:
2099:
2100:
2101: 2262
2102:
2103:
2104:
2105:
2106:
2107:
2108:
2109:
2110:
2111:
2112:
2113:
2114:
2115:
2116: 2401
2117:
2118:
2119:
2120:
2121:
2122:
2123: 2238
2124:
2125:
2126:
2127:
2128:
2129:
2130:
2131:
2132: 2287
2133:
2134:
2135:
2136: 2228
2137:
2138:
2139:
2140: 2215
2141:
2142:
2143:
2144:
2145:
2146:
2147:
2148:
2149:
2150:
2151:
2152:
2153: 2313
2154:
2155:
2156:
2157:
2158:
2159:
2160:
2161:
2162:
2163:
2164:
2165:
2166:
2167:
2168:
2169:
2170: 2374
2171:
2172:
2173:
2174:
2175:
2176:
2177:
2178:
2179:
2180:
2181:
2182:
2183:
2184:
2185: 2311
2186:
2187:
2188:
2189:
2190:
2191:
2192:
2193:
2194:
2195:
2196:
2197:
2198:
2199:
2200:
2201:
2202:
2203:
2204:
2205:
2206:
2207:
2208: 2457
2209: 2439
2210:
2211:
2212:
2213:
2214:
2215:
2216:
2217:
2218:
2219:
2220:
2221:
2222:
2223:
2224:
2225:
2226:
2227:
2228: 2229
2229:
2230:
2231:
2232:
2233:
2234:
2235:
2236:
2237:
2238:
2239:
2240: 2201
2241: 2398
2242: 2253
2243:
2244:
2245: 2477
2246: 2289
2247: 2444
2248:
2249:
2250: 2447
2251: 2358
2252:
2253:
2254:
2255: 2344
2256:
2257:
2258: 2249
2259:
2260:
2261:
2262:
2263: 2481 2426
2264:
2265:
2266:
2267:
2268:
2269:
2270:
2271:
2272:
2273:
2274: 2346 2319
2275:
2276:
2277:
2278:
2279:
2280:
2281:
2282:
2283:
2284:
2285: 2375
2286:
2287: 2303
2288:
2289:
2290:
2291:
2292:
2293:
2294:
2295: 2512
2296:
2297:
2298:
2299:
2300:
2301:
2302:
2303:
2304:
2305:
2306:
2307: 2305
2308:
2309: 2430 2276
2310:
2311:
2312:
2313:
2314:
2315:
2316:
2317:
2318:
2319:
2320:
2321:
2322:
2323:
2324:
2325:
2326:
2327:
2328:
2329:
2330:
2331:
2332:
2333:
2334:
2335:
2336:
2337:
2338:
2339:
2340:
2341:
2342:
2343:
2344:
2345:
2346:
2347:
2348:
2349:
2350:
2351: 2404
2352:
2353:
2354:
2355:
2356:
2357:
2358:
2359: 2498
2360: 2508
2361:
2362: 2354
2363: 2340
2364:
2365:
2366: 2405
2367:
2368:
2369:
2370:
2371:
2372:
2373: 2471
2374:
2375:
2376:
2377:
2378:
2379: 2333
2380:
2381:
2382:
2383:
2384:
2385:
2386:
2387:
2388: 2487
2389:
2390:
2391: 2530
2392:
2393:
2394:
2395:
2396:
2397:
2398:
2399:
2400:
2401:
2402:
2403:
2404:
2405:
2406:
2407:
2408:
2409:
2410:
2411:
2412:
2413:
2414:
2415:
2416:
2417:
2418:
2419: 2371
2420:
2421:
2422:
2423:
2424:
2425: 2461
2426:
2427:
2428: 2428
2429:
2430:
2431:
2432:
2433:
2434:
2435:
2436:
2437:
2438:
2439: 2395
2440:
2441:
2442:
2443:
2444:
2445:
2446:
2447:
2448:
2449:
2450:
2451:
2452: 2440
2453:
2454:
2455:
2456: 2435
2457:
2458:
2459:
2460: 2415
2461:
2462:
2463:
2464:
2465:
2466:
2467:
2468:
2469:
2470:
2471:
2472:
2473:
2474:
2475:
2476:
2477:
2478:
2479:
2480:
2481:
2482:
2483:
2484:
2485:
2486:
2487:
2488:
2489:
2490:
2491:
2492:
2493:
2494:
2495:
2496:
2497:
2498:
2499:
2500:
2501:
2502:
2503:
2504:
2505:
2506:
2507:
2508:
2509:
2510:
2511:
2512:
2513:
2514:
2515:
2516:
2517:
2518:
2519:
2520:
2521:
2522:
2523:
2524:
2525:
2526:
2527:
2528:
2529:
2530:
2531:
2532:
2533:
2534:
2535:
2536:
2537:
2538:
2539:
2540:
2541:
2542:
2543:
2544:
2545:
2546:
2547:
2548:
2549:
2550:
2551:
2552:
2553:
2554:
2555:
2556:
2557:
2558:
2559:
2560:
2561:
2562:
2563:
2564:
2565:
2566:
2567:
2568:
2569:
2570:
2571:
2572:
2573:
2574:
2575:
2576:
2577:
2578:
2579:
2580:
2581:
