1: 81
2: 259 229 95 25 4
3: 60 49 27 26 10 2 1
4: 293 237 117 103 47 43 14 12
5: 205 190 158 56 5 3
6: 241 88 71 6
7: 221 189 145 143 142 136 79 70 67 66 55 23 9 7
8: 92 16 8
9: 282 20 13 11
10: 251 227 221 57 41 39 35 18 15
11: 290 209 53 46 34
12: 189 70 66
13: 156 50 31 28 22 21 17
14: 45 29
15: 282 270 221 135 115 94 80 65
16: 210 189 134 77
17: 261 137 121 119 109 106 32
18: 264 165 156 105 24
19: 73 63 33 19
20: 151 61
21: 192 181 64 30
22: 137 109 106 37
23: 184
24: 228 58 52 36
25: 116
26: 185
27: 262 199 153 44
28: 57 38
29:
30: 86
31: 42
32: 253 176 161 75 74 40
33: 145 143 142 136 79 67
34: 116 112 100 99
35: 151 112 100 99 48
36: 293 160 51
37: 54
38:
39: 283 232 111
40: 160 62
41: 293 242
42: 293 47
43: 210 121 119 112 77 68
44:
45: 285 266 104
46: 200 196 152 132
47: 178 172 120
48:
49: 148 125 102
50: 113 76 59
51: 290 209 200 196 129
52: 248 155 90
53: 72
54: 157 135 94
55:
56: 294
57:
58: 234
59:
60: 124 98 82
61: 200 196 193 110 78
62: 260 164
63: 107 97
64: 260 69
65:
66: 268 182
67: 154 83
68: 238 226 108
69: 274 273 187 112
70: 105
71: 169 127 123
72: 212 204 198 91 85 84
73:
74:
75: 191
76: 128
77: 159 93
78: 130 89
79: 175 133
80: 174
81:
82: 173 126 122 118
83:
84: 125 114 87
85: 299 239 144
86:
87:
88: 101
89:
90: 208 149 96
91:
92:
93: 261
94: 274 273
95: 263 228
96: 171
97:
98:
99: 300 289 213
100: 183
101: 170
102: 175 131
103: 299 287 167 162
104:
105: 139
106: 235
107: 261 179
108: 179
109: 278 186 147 141
110: 218 207
111: 269
112: 140
113:
114: 290 269 209
115:
116: 249
117: 280 138
118: 201
119: 277 275
120:
121:
122: 276 194
123: 225
124: 168
125:
126:
127: 150
128: 298
129:
130: 146
131: 211
132: 272
133:
134:
135:
136: 206 166
137:
138: 220
139: 245 240 222
140:
141:
142: 188 180 163
143: 214
144: 241
145:
146: 258
147:
148:
149:
150:
151: 233
152: 257 217
153: 254
154: 255 236
155:
156: 257 217 177
157: 242
158:
159: 223
160:
161:
162:
163: 202 197
164:
165:
166: 203
167:
168:
169:
170:
171: 195
172:
173:
174:
175:
176: 265 250
177:
178:
179:
180: 215
181: 224
182: 219
183:
184: 230
185: 292
186:
187:
188:
189:
190: 291
191: 288 243 216
192:
193:
194:
195:
196: 284
197:
198:
199:
200: 231
201: 281
202:
203:
204:
205:
206:
207:
208: 283
209: 246
210:
211:
212: 279
213:
214: 247
215: 244
216:
217:
218:
219: 271
220:
221:
222:
223:
224:
225:
226:
227:
228:
229: 303
230:
231:
232: 252
233:
234:
235:
236: 296 256
237:
238:
239:
240: 286
241:
242:
243:
244: 297
245: 267
246:
247:
248:
249: 304
250:
251:
252:
253:
254:
255:
256:
257:
258:
259: 295
260:
261:
262:
263:
264:
265: 301
266: 302
267:
268:
269:
270:
271:
272:
273:
274:
275:
276:
277:
