1: 1135 160 49 1
2: 1341 1207 621 538 360 6
3: 386 8 5
4: 1827 1755 1597 97 58
5: 2161 1875 1716 1479 1308 441 410 286 195 170 68 39 30 22 3 2
6: 1563 1135 956 787 613 437 160 144 69 49
7: 1183 750 518 186 19 4
8: 1516 9
9: 1595 1395 1324 1220 1151 1028 954 868 504 323 267 98 66 46
10: 729 491 248 74 11
11: 1941 273 53 17 12 7
12: 2066 1068 981 729 259 254 191 78 60 10
13: 1812 1184 717 663 594 102 89 24 18
14: 1503 1164 758 596 590 564 514 367 334 258 202 146 138 132 125 47
15: 1706 1261 1056 811 766 679 407 159 157 42 15 13
16: 1519 1426 825 712 695 668 631 449 399 59 55 40 20
17: 2019 393 353 236 87 21
18: 309 146 138 132 16
19: 2072 1764 1054 697 248 244 169 133 119 74 27 25
20: 2149 1767 1342 961 700 156 154 14
21: 985 954 868 363 26
22: 70
23: 839 303 212
24: 2066 1068 981
25: 140 136 28 23
26: 2198 671 194 88 45 44 37 33
27: 892 812 799 462 369 114 109 83 81 71 38
28: 1716 441 410 286 195 170 122 68 52 41 39 30 22
29: 2095 948 115
30: 2076 146
31: 2199 548 467 299 240
32: 361 162 63 56
33: 1914 1817 519 405 380 35
34: 2270 1759 1194 747 716 651 561 466 445 404 289 174 173 84 32
35: 99 96 76 61 36 29
36: 1360 1240 1126 983 727 65
37: 2075 1890 777 450 398 90 31
38: 482 399 59
39: 1582 1456 1154 590 514 367 258 100
40: 1839 1654 835 487 409 292 43
41: 1670 881 241 120 118 86 48 34
42: 2055 937 167 129 123
43: 1676 1415 1184 717 663 302 280 92 91
44: 1812 594 277 272 130 64
45: 150 62
46: 2228 1718 1684 1679 1624 1511 1503 1164 713 667 596 564 522 436 357 202 51
47: 1784 808
48: 1814 179 177 57 50
49: 2083 1963 889 638 576 533 238 77 73
50: 2121 1424 878
51: 2123 1582 1456 689 152 82
52: 645 242 54
53: 1519 1426 825 712 55
54: 2212
55: 1016 351 332 218 127 101 75
56: 169 133 119
57: 2067 1731 1570 1557 1185 1130 1092 1041 935 844 430 395 234 151 79
58: 673 645 505 225 139 67
59: 1242 1169 593 502 222 188 126
60: 2225 2047 1794 1383 1136 1132 664 628 515
61: 1616 655 581
62: 1668 962 782
63: 2048 1464 1163 818 545 452 359 326 142
64: 1848 1842 567
65: 2213 1444 884 814 690 587
66: 2083 1122 456 117 80 72
67: 1185 1041 935 844 534 443 288 161 143
68: 690
69: 2004 519 380 227 214
70: 2236 2225 1794 1427 892 515 109
71: 1335 634
72: 469 394 387 85
73: 1713 1638 925 243 183 168
74: 2051 1811 1660 982 862 734 270 256 176
75: 2211 1687 1532 1418 1121 606 516 485 192
76: 1616 1222 440 371
77: 924 210
78: 1411 396 232 219 141
79: 480 209
80: 2055 1480 937 809 278 112
81: 2261 1576 1228 908 746 163
82: 802 754 622 263
83: 958 121
84: 809 278 211
85: 2006 481 199 147 93
86: 1963 591 346 178 111 107 94
87: 769 345 166 104 95
88: 2091 1679 1141 1052 522 436 357 205 137
89: 2151 1963 1936 1293 1133 900 113 103
90: 1153 943 816
91: 1194 747 174 173 116
92: 2070 1361 715 478 304 208 196
93: 110 108 105
94: 1343 512 372 250 204 198 153
95: 2013 1432 714 604 260 193 106
96: 2228 1511 713 667 124
97: 1514 861 821 706 343 328
98: 2180 1666 1270 832 461 317 128
99: 1145 589 338 279
100: 2217 2211 2205 1687 1532 1418 251 201 134
101: 1438 756 457 412
102: 1919 1555 1335 746 634 239 200
103: 1936 1844 1738 1449 933 927 900 763 762 470 368 185
104: 1994 1630 769 275
105: 647 145
106: 2205 2102 1834 886
107: 2205 1713 1638 1368 925 577 251 243 201
108: 1765 329 324
109: 2039 589 338 279
110: 1997 1839 1375 1219 827 705 325
111: 850 172
112: 1085
113: 1479 1388 1020
114: 2270 1759 561 445 289 287
115: 2215 287 190 180
116: 1015 804 264 255
117: 2229 1856 1120 830 719 558 135
118: 420
119: 469 394 387
120: 1390 1102 911 775 247
121: 2213 1444 814 692
122: 148
123: 2223 1647 1309
124: 2153 1168 834 798 182
125: 2261 1576 908 223
126: 1821 1292 1018 131
127: 1857 1515 1306 1203 1153 1082 949 943 816 602 582
128: 1936 900 368
129: 1677 1323 1149 947 403 318
130: 857 852 341 155
131: 1173 235
132: 752 335 189
133: 1738 1449 632 609 472
134: 1563 1361 1194 1145 956 787 747 715 497 478 331 304 208 174 173
135: 1738 1449 966 470 379 362 206 149
136: 2042 1886 1712 1106 384 283
137: 774 376 261
138: 1736 425 257
139: 1972 610 253
140:
141: 2055 1564 907 175
142: 312
143: 1136 229
144: 1602 1115 434 187
145: 1826 1447 791 685
146: 817 427
147: 1195 611 438 421 366 298 233
148: 388 285
149: 2084
150: 579
151: 1704 600 224
152: 1198 1148 1109 520 451 400 284 158
153: 786 181
154: 1990 1461 643
155: 2040 1588 969 269 226
156: 1843 1522 1288 1211 1084 640 614 418
157: 745 676 675 293
158: 535 484 483 439
159: 1889 1081 866
160: 1731 1557 897 171
161: 2229 1856 1120 830 558 197
162: 1976 319
163: 2013 1604 1464 1142 857 852 604 556 308
164: 642 364 307 216 165
165: 2117 1545 768 552 203
166: 573
167: 164
168: 1346 1241 246
169: 455
170: 1665 1615 1437 1210 833 735 711 322 237
171: 870 649 295 221
172: 1342 924 473 365 294
173: 2130 505 296
174: 1984 942
175: 1669 1622 1362 1286 184
176: 1570 1092 770 741 726 375
177: 330 217
178: 838
179: 1221
180: 1244 1217 1175 1034
181: 2075 1890 1175 1010
182: 1163 326
183: 2173 1990 1170
184: 1395 1324 1151 352
185: 276
186: 1732 1304 1128
187: 1303 220 215
188: 1218
189: 2234 710 274
190: 1024 431
191: 1437 322
192: 632 609
193: 1383 1132 664
194: 1515 1487 1203 1110 949 910 687 553
195: 1925 1074
196:
197: 731 377
198: 927
199: 297 290 268
200: 1665 1210 833 711 237
201: 2230 1677 1323 1149 403 315
202: 2165 1765 1650 207
203: 1022 1019 669 213
204:
205: 2126 1306 1082 755 696 602 582
206: 2166 2045 1711 1251 873 464 416 271
207:
208: 954 868 504 323
209: 2126 262
210: 1314 681
211: 1631 691 652 603
212: 336
213: 1654 835 487 409 292
214: 2211 1687 1532 1418 555
215:
216: 1561 488 228
217: 1397 1276 1214 665 347
218: 2204 1906 1493 265
219: 1479
220: 1857
221: 2233 1206 987 953 801 644
222: 1500 249
223: 1672 591 281
224: 1836
225:
226:
227: 524
228: 2136 1593 1050 402 383 231
229: 1253 422 300
230: 1280 1129 789 428 305
231: 992 358 230
232: 1770 1215 920 252
233: 1156 909 354
234:
235: 1294
236: 2180 928 530
237: 2179 1952 1377 612
238: 2149 1790 1767
239: 1812 594 500 339
240:
241: 1676 1415 877 245
242: 2102 1834 886
243: 1432 656 447
244: 2021
245: 1578
246: 2254 699 342 310
247: 2060 1526
248: 1416 1403 1190 1021 506 479 266
249:
250:
251: 2035 1902
252: 1025
253: 2126 728 529 495 306
254: 2079 679
255: 1066 805
256: 537
257: 1287 1049
258: 1198 1148 499
259: 1510 1460
260: 2080 1500 989 874 508
261: 1779 731
262: 1620 1134
263: 333
264: 1809 1651 899 356 282
265: 1592 1235 595
266: 1037 408
267: 1533 1067 1006 998 417
268: 1107 743 370
269: 2163 923 382
270: 1093 580 453
271: 2186 1578 321
272: 1141 755 696 670 490
273: 2108 1596 1592 1235 595 493
274: 2039 824
275: 1356 301
276: 1975 1615 735 313
277: 1417 1231 779 432
278: 1487 1110
279:
280: 1963 1133 818
281: 2020 1112
282: 1287 1049 320
283: 1744 1079 562 381
284: 1688 392
285: 1042 863 586
286: 433 348
287: 1483 1000 730
288: 349 291
289: 2056 635 486
290: 1627 1105 723
291: 2015
292: 1411 659
293: 1270 721 389
294: 2204 1493 1005 1002 647 355
295: 1221 960 922 891 311
296: 459
297: 2262 1970 1871
298: 1464 545 452 359
299: 847
300:
301: 2237
302: 1255 1010 823 570
303: 818
304:
305: 1189 930 776
306: 2058 1315 767 468 344 316
307:
308: 1435 960 922
309: 492
310: 1005 1002 435
311: 1943 860
312: 494
313: 1058
314:
315:
316: 1914 1302 565 541
317: 2076 997 906 605
318: 1321 722 476
319: 1783 959 946
320: 616 454
321:
322: 692 314
323: 1240 1126 572 419
324: 1228
325: 415
326: 1250 627
327: 1198 1148 970 945 615 424
328: 385
329: 781
330: 2279 1664 327
331: 2278 1913 1387
332: 859 794 733 460 337
333: 513
334: 2271
335: 2144 1318 583 511 350
336: 2194 2034 1023
337: 794
338: 1869 1015 804 411 340
339: 703 528
340: 2153 373
341: 1534 465 401
342: 1341 1207 673 621 538 397
343: 413
344: 557 374
345:
346: 1899
347:
348: 1027
349: 546
350: 1655 1369 1186 773
351: 599 378
352: 1854 1289 390
353: 2276 491
354: 1066 805 480
355: 1725 1147
356:
357: 2212 1278 784
358: 2062 549
359: 1851 748 680 429
360: 2246 1626 1397 677
361:
362:
363: 820 629
364: 1915 1641 1298
365:
366: 426
367: 2173 1382
368: 966 574 423
369: 2220 1918
370:
371: 1900 849
372: 1420
373: 1777 926 792 648
374: 1921 1691 1350 1348 539 503 391
375:
376: 1615 934 688 683
377: 1850 1009 471
378: 1352 1118 1098 1047 1001 880 540
379: 2106 1894 1629 1421 819
380:
381: 560 463
382: 2125 740 406
383: 848
384: 2019 1060 806 759 509
385: 961 700
386: 2230 883
387: 683 414
388: 1955 1935 458
389: 2215 2082 1528
390:
391: 1753 755 696
392: 2082 708
393: 1954 1644 1359 1080 501
394: 1611 944
395:
396: 1904
397: 1571 1103
398: 521
399:
400: 1599
401: 1388 1020
402: 2023 1455 1224 625 575
403: 638
404: 995 845
405: 1995
406: 1860 975
407: 1734 810 778 751
408: 1981 523
409: 790
410: 771
411:
412: 2206 1928 1766 724
413: 950
414: 444
415: 1840 1225 1125 1113
416: 1616 655 581
417: 1567
418: 550 442
419: 2096 1859 834 798
420: 1191 1053 597
421: 477
422: 1619 914 853 448
423: 1953
424:
425: 1659
426: 1192
427: 1636 918 646 527
428: 716
429: 2152 732
430: 962 623 525
431: 2117 1545 768 552
432: 1874 1668 1045
433: 2178 1910 474
434: 446
435: 568 531
436: 1879 896 872 854 526
437: 2208 1452 1175 1135 1078
438: 1658 1645 1454
439: 1658 1454
440: 532
441: 1958 1602 1391 1366 1115
442: 1779 1558 674
443: 1720 1234 630
444: 2012 601
445: 2012 1611 1195 921
446:
447: 1741
448: 657 636 608 496
449:
450:
451: 1209
452: 2211 1687 1532 1418
453: 1390
454:
455: 510
456: 1077 1004 536 475
457: 2124 1952 991 617
458: 1806 813 588 489
459:
460: 554
461:
462: 2007
463: 1595 1028 598
464: 1617 585
465: 1166
466: 2030 1514
467: 1522 1521
468: 1064
469: 1765
470: 2257 650
471: 1040
472: 1505 765 517
473:
474: 551
475: 1520 988 939 932 815 559
476: 498
477: 875
478: 1242 1169
479: 761 592 542
480: 624
481: 2215
482:
483: 1331
484: 1095 686
485: 1396
486: 544
487: 2070 698 547
488: 1943 860
489: 1822 757 507
490: 1999 1600 569
491: 2200 919
492: 1764 1054
493: 653 571
494: 1723 974 739
495: 2127 1618 543
496: 1492
497: 1544 1372 660
498: 566
499: 1492 662
500: 2066 1849
501: 948
502: 2244 2209
503: 1290 1043 693
504: 1762
505: 1240 1126
506: 1852
507: 1808 1476 1430 760 753
508: 1220
509: 1718 1624 1062 678
510: 607
511: 1745 1457
512: 2062 987 644
513:
514:
515: 965 901 867
516: 1727
517: 896
518:
519:
520: 1405 951 822 584
521: 2048 1830 1577 807 563
522:
523:
524: 1579 800 658 578
525:
526: 2011
527:
528: 2096 2002 1859 1111 1100 1014 941
529:
530: 1553 1269
531: 1854 1717
532: 1878 1137 684
533: 1952 1713 1638
534: 1160
535: 2051 1660
536: 1287
537: 1714 694
538:
539: 637
540: 864
541:
542: 1621 720
543: 2216 1959 1899 1003
544: 1543 1201
545:
546: 1471 851 701
547: 2191
548: 1712 1670
549: 841
550: 1689 1608 1495
551: 2191
552: 2159
553: 1550
554: 1570 1092
555: 618
556: 2042 1886 619
557:
558: 1263 885
559: 2003 1975 1305 990 620
560:
561: 1623
562: 1693
563: 2003 1976 803
564: 1622 1286 672
565: 1780 1719 978
566: 894
567: 1793 1271 1032 666
568: 1954 1644 1359 1080
569: 2102 1834 865 736
570:
571: 1520 1093 988 939 932
572: 1091
573: 1356 633
574: 626
575:
576: 2240 828
577:
578: 1775 952
579: 1154 744
580: 654
581: 2072
582: 1565 1277
583: 2181 1895 915 840 772
584:
585: 2159 1279 641
586: 2120 1610
587: 2094 2050 704
588: 2070 1839 1249 1228 869 698
589: 1757
590:
591: 2215 1528 936
592:
593:
594: 2274 1802
595: 2130
596:
597: 1478 1088 971
598: 2248 1176 639
599:
600:
601:
602: 2183 1968 1634 1059 702
603: 1523 737
604: 2161 1803 1101 902
605: 1329
606: 1639 1513 1180 1063
607: 718
608: 2158 1474 1123
609: 2161 1308
610: 2014
611: 1943 1349 707
612:
613: 1245 742
614: 2179 1377 661
615: 1266 1013 826 797 796
616: 1785 1772 1011
617: 842
618: 1085
619: 1404
620: 1780 978
621: 2098 843
622:
623: 2157 1373
624:
625: 1917 1847 1089 682
626: 1742 738
627: 1334
628: 1601 1441 1351
629:
630: 2118 1662 1450
631:
632: 1296
633: 1763 1392 1328 879 871 709
634: 2073
635: 1992 1017 903
636: 1810 1445
637: 1171
638:
639:
640:
641:
642: 1401
643: 1811 982 862 734
644: 1071 725
645:
646: 1501
647:
648: 1470 783
649: 1758 1070
650: 1566 887
651: 1552 1295
652: 2008
653: 1188
654:
655: 1325
656: 2253 1892 1761 984 764
657:
658: 2024 780
659: 1061
660: 1730
661: 1337 1247
662: 2028 1517
663: 1914
664: 2005
665:
666: 1358 836 749
667:
668:
669:
670:
671: 795
672: 1546
673: 1010 785
674:
675:
676: 1026
677: 1459 1380
678: 1748
679: 1910 890
680: 2103 1749
681: 1701
682: 1379
683: 2232 2183 2120 1968 1634 1610 1451 1260
684:
685: 1639 1513 1180
686: 980
687:
688: 1896 1699
689: 1586 963 856
690: 1486
691: 1518 904
692: 955
693:
694:
695:
696:
697:
698: 855
699: 2232 1841
700: 2140 1548
701: 1847 1114
702: 1768 1283 1012
703: 1562
704: 1381 846
705: 1333
706: 837
707: 1826 1447
708: 2195
709: 827
710: 1521
711: 1275
712: 1091
713:
714: 2246 2130 1162
715: 1312 1178
716: 2122 2059 1612 1485
717:
718: 967
719: 1829
720: 1653
721: 1138
722: 2093 1065
723: 793
724: 2083 1205 1116 1029
725: 2175
726:
727:
728:
729: 1917 1104
730: 2260
731: 1929 831
732:
733: 931 788
734: 2044
735: 1554
736: 996
737:
738: 1398
739: 2050 1739 1046 895
740: 2258 1958 1837 1473 1345
741: 2178
742:
743: 1409 1099
744: 1881
745: 858
746: 1726 829
747: 1131
748: 2274 1802 1491
749: 2277 2025 1423 1364
750:
751: 2091 1668 917
752: 2077 1108 913
753:
754: 2172
755: 1159 1072
756: 888
757: 993
758:
759: 1036
760: 1799
761: 1894 1421 1226
762:
763: 1440 1399 1281
764: 1551 1342
765: 1957
766: 2221 2091 1756
767: 1975 1305 1182 990
768: 1661 1310 893
769: 1568
770:
771: 2170 1654 957
772: 1606 1184
773: 898
774:
775: 2207
776: 1482
777: 1873 1083
778: 1797 1692
779:
780:
781: 1743 1259
782:
783: 1470
784:
785: 1613 1512 1446 1297
786: 2161 2134 1991
787:
788: 1652 1143
789:
790: 1914
791: 1086
792: 1073
793: 1695
794: 2243
795:
796: 1468
797: 1442
798: 2086 1724
799:
800: 1835
801:
802:
803:
804: 1833 1273 876
805: 1555 1463
806: 2100 1949 1932 1268 1223 1200 905
807: 1960
808: 1938
809: 1202
810:
811: 2078 1299
812: 2174 1702 1069 916
813: 1598 979
814:
815: 882
816: 2153 1936
817:
818: 1422 1051
819:
820: 1958 1391 1366 912
821: 972
822: 1575 1327
823: 1967
824: 1436
825:
826: 2180
827: 1525
828:
829: 1882
830: 1379
831: 2248 1176
832:
833: 2166 2045
834: 1267 929
835:
836: 1697 1385 938
837:
838: 1139
839: 1181
840: 1953
841: 2242 1828
842: 1964
843: 1096 940
844: 1370
845: 1753
846: 2173 1170
847: 1316
848:
849:
850: 1847 968
851: 1238 1087
852:
853: 1863
854:
855:
856:
857:
858: 1708 1484
859:
860: 1695 1055
861:
862: 2190 1709 1048
863: 1193 1179
864:
865:
866: 1901 1535
867: 1007
868: 1575 1327
869: 1790
870: 1719
871: 2114
872: 1038 976
873: 2247
874: 1338
875: 1472
876: 2084 1880 1131
877: 1912 1663 1642
878: 2138 2133 1737 1406
879: 1317
880:
881: 1262 1229
882: 1165
883: 1090
884:
885:
886: 973
887: 1278
888: 1338 964
889: 1140
890: 2147 1846 1336
891:
892: 1144 1044
893: 1488
894: 1646
895: 1949 1932 1268 1200
896: 977
897: 1293
898:
899: 1887 1657 1239 999
900: 1966 1740 994
901: 1936
902:
903:
904: 2221 1756 1057
905: 2266
906: 2168
907: 1031
908: 2033 1075
909: 986
910: 1357 1232
911:
912:
913: 1537
914: 1152 1124
915:
916: 1076
917: 1872
918:
919:
920: 2162 1754 1698 1654 1355 1127
921: 1986
922: 2135 2031 1322
923: 1367 1202
924: 1243
925: 1245
926:
927: 1264
928: 1213
929:
930:
931:
932:
933: 1539
934: 1875
935:
936:
937: 1237
938: 2010
939: 2090 1870
940: 1233
941: 1507 1489
942:
943: 1635 1265 1146
944: 1313 1197
945: 1008
946: 1825
947:
948:
949: 2128 1746
950:
951: 1367
952: 2011
953:
954: 1496
955: 1199
956:
957: 2217
958:
959:
960: 1033
961:
962: 1694
963:
964: 1614
965:
966:
967:
968:
969: 1773
970: 1039
971:
972:
973: 1929 1796 1506
974:
975:
976: 1301
977: 1808 1667 1476 1430
978: 2119 1904 1782 1408
979: 1035
980: 2046 1758 1030
981:
982: 1951 1883
983: 1222
984:
985: 1094
986: 1393 1347 1311 1256
987:
988: 1414
989:
990: 2094
991: 2109 2085
992: 2212
993: 1674
994: 1174
995: 1989 1363
996:
997: 2032 1715 1330
998:
999: 2125
1000: 1866
1001: 2275 1996
1002:
1003:
1004:
1005: 1583 1248 1196
1006: 1167
1007: 1696
1008:
1009: 2219
1010: 1212
1011:
1012: 1544
1013: 2233
1014:
1015: 2182
1016:
1017:
1018: 2277 1236
1019:
1020:
1021:
1022:
1023: 1453
1024: 1172
1025: 2002 1652 1394
1026: 1389 1204
1027:
1028: 2154 1119
1029: 1878
1030: 2004 1703
1031:
1032: 1992
1033: 1658
1034:
1035: 1663 1097
1036:
1037: 1187
1038:
1039:
1040: 2168 1158
1041: 2244 2209 1607 1300
1042: 1307 1117
1043: 1769
1044: 2237 1680
1045:
1046:
1047:
1048: 1155
1049:
1050:
1051:
1052: 2269
1053: 1920
1054: 1549 1490
1055:
1056:
1057: 2134 1559 1536 1448
1058:
1059: 1272 1230
1060: 2135 2031 1322
1061: 1993 1157
1062: 1791
1063: 2185 1931 1816 1425
1064: 2143 1683
1065: 1979
1066:
1067:
1068: 1923
1069: 1150
1070:
1071:
1072:
1073: 1649 1254
1074:
1075:
1076:
1077: 2153 1408 1177
1078:
1079:
1080: 1161
1081: 1763 1527
1082: 1908
1083: 2047 1354 1208
1084: 1484
1085: 1494 1291
1086: 1637 1587
1087: 1798
1088: 2049
1089:
1090:
1091: 2236 1427
1092:
1093: 1707
1094: 1569
1095: 2203
1096: 2052
1097:
1098:
1099: 2091
1100: 1227
1101: 1429 1246
1102:
1103:
1104: 2231
1105: 1319
1106: 2151
1107: 1789 1433
1108:
1109: 2268 2128 1746 1257
1110: 1428
1111:
1112: 1216
1113: 2254
1114:
1115: 2148 2107
1116: 1601
1117: 2273 1402
1118: 1609 1508
1119:
1120:
1121:
1122:
1123:
1124:
1125:
1126: 1284
1127:
1128: 1916
1129: 2169 1285
1130: 2189
1131: 2176
1132: 1939
1133: 1951 1883
1134:
1135:
1136: 1589
1137:
1138: 1386 1326
1139:
1140:
1141: 1956 1282
1142: 2226 2112 1258
1143: 1590
1144: 1475 1320
1145: 1673
1146:
1147:
1148: 2275 1996 1831
1149: 1819 1678
1150: 2254 2123 1805 1671
1151: 2212
1152: 1274
1153:
1154:
1155: 2141 2016
1156: 1739
1157:
1158: 1983
1159: 1494
1160:
1161: 1922 1530
1162: 2238
1163:
1164: 1502
1165: 1252
1166:
1167:
1168:
1169: 1923
1170:
1171: 1481
1172:
1173: 1800
1174: 1810 1445
1175:
1176: 1458 1332
1177:
1178:
1179: 1633 1580
1180: 1690 1339
1181: 2222
1182: 2167 2110 1591 1464
1183:
1184: 2249 1818
1185: 1884
1186:
1187: 1497 1443 1365
1188:
1189: 1990
1190:
1191:
1192:
1193: 2134 1413
1194: 1603
1195:
1196:
1197:
1198:
1199:
1200:
1201: 1407
1202:
1203:
1204:
1205:
1206: 1584 1540
1207: 2264
1208:
1209:
1210: 1735
1211:
1212: 2137
1213:
1214:
1215: 1682
1216:
1217:
1218:
1219: 1632 1467
1220:
1221: 2104 1374
1222: 1815 1560 1378
1223: 1648
1224: 2183 1344
1225:
1226:
1227:
1228:
1229: 2193 1686 1529
1230:
1231: 1832
1232:
1233:
1234:
1235: 1384
1236:
1237: 1572
1238:
1239: 2069
1240:
1241:
1242:
1243:
1244:
1245: 1340
1246:
1247: 2026 1888 1705
1248: 1750 1376
1249:
1250:
1251: 1710 1469 1412
1252:
1253:
1254: 1556
1255:
1256:
1257:
1258:
1259: 1974
1260: 1853
1261: 2142 2089
1262:
1263:
1264:
1265: 1524
1266:
1267:
1268: 1353
1269: 1751
1270: 1419
1271: 2121 1581
1272:
1273: 1786 1371
1274:
1275: 2008
1276:
1277: 1790
1278: 1538
1279: 2158
1280: 1547
1281: 1498
1282:
1283:
1284:
1285:
1286:
1287:
1288: 1410
1289:
1290:
1291:
1292:
1293: 1435
1294:
1295: 1729 1434
1296: 2210 1499
1297: 1924
1298:
1299: 2187 1953 1640
1300: 1547
1301: 1504
1302: 1466
1303:
1304:
1305: 1462
1306: 2219
1307: 1838
1308: 1982
1309: 1722
1310: 1630
1311:
1312:
1313: 1400
1314: 2070 1867
1315:
1316:
1317:
1318:
1319:
1320:
1321:
1322: 1625
1323:
1324: 1862
1325: 1542
1326:
1327:
1328:
1329: 1998
1330: 1585
1331:
1332: 1439
1333: 1888
1334:
1335:
1336: 1864
1337: 1885
1338: 2278 1656 1477
1339:
1340: 1907
1341:
1342: 1574
1343:
1344:
1345:
1346:
1347:
1348:
1349: 1431
1350:
1351:
1352:
1353:
1354:
1355: 1877
1356: 2235
1357:
1358:
1359: 2207
1360: 1592
1361:
1362: 1947
1363:
1364: 1509
1365:
1366:
1367: 1942 1541
1368:
1369: 1946
1370:
1371: 2242
1372: 1795 1465
1373:
1374: 2256 2061
1375: 1985
1376: 2232
1377:
1378: 1912 1642
1379:
1380:
1381:
1382:
1383:
1384: 1721
1385:
1386:
1387: 2133 1605
1388:
1389:
1390:
1391: 1594
1392:
1393:
1394: 1945
1395: 1940
1396: 2241
1397: 2186
1398:
1399: 1628
1400:
1401: 1898
1402:
1403:
1404:
1405:
1406: 1531
1407:
1408: 2074
1409: 2124
1410:
1411:
1412:
1413:
1414:
1415: 2201
1416:
1417: 1573
1418:
1419:
1420:
1421: 1980
1422:
1423:
1424:
1425: 1849
1426: 2202
1427:
1428:
1429: 2155 2043
1430: 2160 1788
1431:
1432:
1433:
1434: 1728
1435: 2071 1876
1436:
1437:
1438: 2237
1439:
1440: 1950
1441:
1442:
1443:
1444:
1445: 2258 1837
1446: 2006
1447: 1860
1448: 2250
1449:
1450:
1451: 2111 2038
1452:
1453:
1454:
1455:
1456:
1457:
1458:
1459:
1460:
1461: 1836
1462: 2115
1463:
1464:
1465:
1466:
1467: 1903 1776
1468:
1469:
1470:
1471:
1472: 2063
1473: 1643
1474:
1475:
1476: 2099 2087
1477:
1478: 1893
1479:
1480: 2001
1481:
1482:
1483:
1484:
1485:
1486:
1487: 1858
1488:
1489:
1490:
1491:
1492:
1493: 1905
1494: 1962
1495:
1496: 1865
1497:
1498:
1499: 2188
1500:
1501:
1502: 1868
1503:
1504: 1937 1733
1505:
1506:
1507:
1508:
1509:
1510:
1511:
1512:
1513:
1514:
1515: 2226
1516:
1517:
1518: 1891
1519:
1520:
1521: 1760
1522:
1523: 1978
1524:
1525: 1930 1778
1526: 2196
1527:
1528: 1927
1529: 1845
1530:
1531:
1532:
1533:
1534: 1813 1675
1535:
1536: 1855
1537:
1538:
1539:
1540:
1541:
1542:
1543:
1544:
1545:
1546:
1547:
1548:
1549:
1550:
1551:
1552: 2150 1824
1553: 1771
1554:
1555:
1556: 2197 1948
1557:
1558: 1823
1559:
1560:
1561:
1562:
1563: 1933
1564:
1565:
1566:
1567:
1568:
1569:
1570:
1571: 1807
1572: 2214 2022
1573:
1574: 1700
1575:
1576: 2113 1681
1577:
1578: 2053
1579:
1580: 1684
1581:
1582:
1583:
1584:
1585:
1586:
1587:
1588:
1589:
1590:
1591: 1860
1592:
1593:
1594: 2188
1595:
1596: 1747
1597:
1598: 1909
1599:
1600:
1601:
1602: 1685
1603:
1604:
1605: 2164
1606: 2276
1607:
1608:
1609:
1610:
1611:
1612:
1613:
1614:
1615:
1616:
1617:
1618: 1752
1619:
1620:
1621: 1792
1622:
1623:
1624:
1625:
1626:
1627:
1628:
1629: 1781
1630:
1631:
1632:
1633: 1987
1634:
1635:
1636:
1637:
1638:
1639:
1640: 1774
1641:
1642:
1643:
1644: 1925
1645:
1646: 2116
1647:
1648:
1649:
1650: 2105
1651:
1652:
1653:
1654:
1655: 1961
1656: 2024
1657:
1658:
1659: 2263
1660:
1661:
1662:
1663: 1911
1664:
1665:
1666:
1667: 2027
1668:
1669: 2177
1670: 2231
1671: 1897
1672:
1673:
1674:
1675:
1676:
1677: 1965
1678: 2054
1679: 1787
1680: 1804
1681: 2171
1682: 1801
1683:
1684:
1685:
1686:
1687:
1688:
1689: 2131
1690:
1691:
1692:
1693: 2097
1694:
1695: 2227 2132
1696:
1697: 1925
1698: 1971
1699:
1700:
1701:
1702:
1703:
1704:
1705: 2064
1706: 2065
1707:
1708: 2017
1709:
1710:
1711:
1712:
1713:
1714:
1715: 2142 2089
1716: 2101
1717:
1718:
1719:
1720:
1721:
1722:
1723:
1724:
1725:
1726:
1727:
1728: 1820
1729:
1730:
1731:
1732:
1733:
1734:
1735:
1736:
1737:
1738:
1739:
1740:
1741:
1742:
1743:
1744: 2041 1934
1745:
1746:
1747:
1748:
1749:
1750:
1751:
1752:
1753:
1754: 2252
1755:
1756:
1757: 1861
1758:
1759: 1944
1760:
1761:
1762:
1763:
1764:
1765:
1766: 2224 2009
1767:
1768:
1769:
1770:
1771:
1772:
1773:
1774:
1775: 2018
1776:
1777:
1778:
1779:
1780:
1781:
1782:
1783:
1784:
1785:
1786:
1787:
1788:
1789:
1790:
1791:
1792:
1793: 2267
1794:
1795:
1796:
1797:
1798:
1799: 1977
1800:
1801:
1802:
1803:
1804:
1805:
1806: 1988
1807:
1808:
1809:
1810:
1811:
1812:
1813:
1814:
1815: 2173
1816: 1926
1817:
1818:
1819:
1820:
1821:
1822:
1823: 2259
1824:
1825:
1826:
1827:
1828:
1829:
1830:
1831:
1832:
1833:
1834: 2246
1835:
1836:
1837:
1838:
1839: 2036 1969
1840:
1841: 2000
1842:
1843:
1844:
1845:
1846: 2037
1847:
1848:
1849: 2092
1850:
1851:
1852:
1853:
1854:
1855:
1856: 2265 2245
1857:
1858:
1859: 2029
1860: 1973
1861:
1862:
1863:
1864: 2192
1865:
1866:
1867:
1868:
1869:
1870:
1871:
1872:
1873:
1874:
1875:
1876:
1877:
1878: 2239
1879:
1880:
1881:
1882: 2057
1883:
1884:
1885:
1886:
1887:
1888:
1889:
1890:
1891:
1892: 2251
1893: 2068
1894:
1895:
1896:
1897:
1898:
1899:
1900:
1901:
1902:
1903:
1904:
1905:
1906:
1907:
1908:
1909:
1910:
1911:
1912:
1913:
1914:
1915:
1916:
1917:
1918: 2247
1919: 2088
1920:
1921:
1922:
1923:
1924:
1925:
1926:
1927:
1928:
1929:
1930:
1931: 2145
1932:
1933:
1934:
1935:
1936:
1937:
1938:
1939:
1940:
1941:
1942:
1943:
1944:
1945:
1946:
1947: 2146
1948:
1949:
1950:
1951:
1952:
1953:
1954:
1955:
1956:
1957:
1958:
1959:
1960:
1961:
1962:
1963:
1964: 2139
1965:
1966:
1967:
1968:
1969:
1970:
1971: 2081
1972:
1973:
1974:
1975:
1976:
1977:
1978:
1979:
1980:
1981:
1982:
1983:
1984:
1985:
1986:
1987:
1988:
1989:
1990:
1991:
1992:
1993:
1994:
1995:
1996:
1997:
1998: 2156
1999:
2000:
2001:
2002:
2003:
2004:
2005: 2129
2006:
2007:
2008:
2009:
2010:
2011:
2012:
2013:
2014:
2015:
2016:
2017:
2018:
2019:
2020:
2021:
2022:
2023:
2024: 2184
2025:
2026:
2027:
2028:
2029:
2030:
2031:
2032:
2033:
2034:
2035:
2036:
2037:
2038:
2039:
2040:
2041:
2042:
2043:
2044:
2045:
2046:
2047:
2048:
2049:
2050:
2051:
2052:
2053:
2054: 2218
2055:
2056:
2057:
2058:
2059:
2060:
2061:
2062:
2063:
2064:
2065:
2066:
2067:
2068:
2069:
2070:
2071:
2072:
2073:
2074:
2075:
2076:
2077:
2078:
2079:
2080:
2081:
2082:
2083:
2084:
2085:
2086:
2087:
2088:
2089:
2090:
2091:
2092:
2093:
2094:
2095:
2096:
2097:
2098:
2099:
2100:
2101:
2102:
2103:
2104:
2105:
2106:
2107:
2108: 2272
2109:
2110:
2111:
2112:
2113:
2114:
2115:
2116:
2117:
2118:
2119:
2120:
2121:
2122:
2123:
2124:
2125:
2126:
2127:
2128:
2129:
2130:
2131:
2132:
2133:
2134:
2135:
2136:
2137: 2255
2138:
2139:
2140:
2141:
2142:
2143:
2144:
2145:
2146:
2147:
2148:
2149:
2150:
2151:
2152:
2153:
2154:
2155:
2156:
2157:
2158:
2159:
2160:
2161:
2162:
2163:
2164:
2165:
2166:
2167:
2168:
2169:
2170:
2171:
2172:
2173:
2174:
2175:
2176:
2177:
2178:
2179:
2180:
2181:
2182:
2183:
2184:
2185:
2186:
2187:
2188:
2189:
2190:
2191:
