1: 1178 346 338 184 162 93 37 35 33 27 9 5 1
2: 799 653 188 106 43 32 31 16 11 2
3: 1260 905 738 566 262 256 167 102 98 78 29 4 3
4: 1280 202 134 99 34 30 23 19 15 7 6
5: 1624 1010 962 826 201 166 59 28 22
6: 1463 1211 1093 964 888 224 165 163 125 17 13 12 8
7: 538 18 10
8: 1162 1022 529 517 403 390 348 271 265 120 54 14
9: 1463 1211 964 165 132
10: 920 472 450 403 281 271 227 118 21 20
11: 688 236 216 211 100 86 53 25
12: 1648 1497 1364 1220 1093 888 348 224 56
13: 1576 1485 1046 967 710 320 313 266 254 217 190 44
14: 1440 1236 1129 1042 915 865 718 617 482 241 175 154 84
15: 236 100 86 68
16: 962 845 826 201 69 58 48 24
17: 1072 917 776 722 522 504 252 195
18: 1492 1365 714 635 435 374 151 123 38
19: 1260 962 920 826 806 793 519 511 413 407 395 201 178 96 69 58 48 26
20: 1475 1149 348
21: 1064 578 325 172 87 46
22: 1547 730 507 468 459 451 376 204 181 149 133 103 49
23: 487 148 51 40
24: 301 295 206 158 55
25: 605 600 368 255 155 83 57
26: 1492 1128 714 374 367 349 250 191
27: 1554 1049 673 244 169 136 115
28: 1508 1408 1290 1075 284 229 45
29: 794 664 627 343 298 65 64 50
30: 1485 1249 266 189 70 52 42 36
31: 797 601 71
32: 793 519 511 413 178
33: 915 253 143 85 82 62
34: 1576 1414 751 719 320 190 179 81 39
35: 1329 572 377 289 245 237 140 124 95 72 61
36: 307 296 210
37: 1002 933 74 41
38: 254 217 91 77
39: 1396 712
40: 47
41: 1618 1285 1100 894 490 300 176 174 112
42: 495 117 67 66
43: 1635 1002 933 915 563 94 74 73
44: 1628 850
45: 1655 557 144
46: 852 694 542 501 385 109
47:
48: 1612 656 303 182
49: 1039 362 152 150
50: 1192 830 157
51: 1193 939 821 305 258
52: 1492 714 374 151 123
53: 798 434 60
54: 1252 289 221 164 113 79 76
55: 1628 1546 987 931 796 724 602 261 141 114
56: 806 447 273 137
57: 1618 1100 894 490 215 101
58: 1557 579 559 429 209 111
59: 1489 1469 424 342 183 63
60: 1365 1094 945 675 636 276
61: 1356 177 80
62: 1510 1491 1412 1391 862 794 664 627 518 481 409 343 312
63: 549 75
64: 1452 1450 905 851 648 526 388 379 262 167 102
65: 1432 867 782 449
66: 1541 805 139 110
67: 1175 781 108 92
68: 1218 402
69: 1491 1412 481 312 107
70: 940 684 597
71: 203 130
72: 1534 1475 1298 1149 439 90 88
73: 1594 1467 1373 1289 1091 644 529 517 390
74: 1432 867 793 782 519 511 449 427 413 311 178 153
75: 472 227 118
76: 1542 1394 214 135
77: 1155 199 142 127
78: 507 468 459 204
79:
80: 813 104
81: 1523 1327 1322 1235 491 479 285 168 89
82: 1655 557 122
83: 763 531 448 238 126
84: 577
85: 1406 361
86: 1543 966 870 331 121
87: 741 555 345
88: 997 509 444 411
89: 1578 1025 872 462 105
90: 1461 1028 879 686 360 198 97
91: 1491 1412 1127 481 456 404 286 220 119
92: 736 477 180 173
93: 1309 1173 1019 222
94: 698 128
95: 1421 797 622 417 334 196 116
96: 835 829 655
97: 1449 569
98: 493 309
99: 1281
100: 761 392 232 197
101: 1645 1414 605 600
102: 821 415
103: 1393 858
104: 1262 1243 901 146
105: 869
106: 529 517 390
107: 1634 550 192
108: 1658 1566 625
109: 1606 1521 961 369 308 159
110:
111: 1122 223 187
112: 1239 971 628 353
113: 451 372
114: 972 952 777 377 245 237 138
115: 1195 131 129
116: 1147 739 657 589 228
117: 751 719 375 212
118: 723 514 249
119: 915
120: 1529 1307 1251 931 728 445 383 322 147
121: 1129 1042 175 154
122: 234 218
123: 1529 728
124: 590 545 269 145
125: 1418 791 753 200
126: 1127 404 286
127: 752
128: 1367 854 631 299 257 233 171 161
129: 1618 1100 894 490
130: 1420 185
131: 961
132: 882 575 446 270 248 194
133: 1371 1168 603 357 350
134: 518 259
135: 1081 1001 551 371 314 186
136:
137: 1432 1234 1135 329 292 160 156
138: 1549 1425 1419 1353 1108
139:
140: 1450 1421 851 622 388 379
141: 221
142: 1573
143: 1447 382 339 231
144: 1156 807
145: 644 246
146: 1406 1278 1120 813 704 683 580
147: 1653 1502 1452 1341 691 648 548 526 441 337
148: 480 463 356 297
149: 1409
150: 912 647 225 170
151: 948 699 239
152: 1648 886 465 430
153: 310
154: 1330 1005 707 552
155: 1559 193
156: 267
157:
158: 814
159: 1292
160: 1579 1330 1005 809 707 336
161: 1393 858
162: 1650 1298
163: 914 844 398 213
164: 1036 544 525 464 405 287
165: 478
166: 845 794 664 627 351 343 321
167: 1448 1032 1014 802 207
168: 1503 1002 933 586
169: 1230 489
170: 678 642
171: 1510 1391 862 843 743 736 677 409 235
172:
173: 1289 1091 208
174: 797
175: 1592 1022 984 240
176: 1185 1154 866 610 585 508 438 277
177: 1128 387 367 347 251
178: 1494 1128 748 658 367 205
179: 1150 1086 488
180: 746 516 450 230
181: 450 281
182: 247
183: 304 260
184: 1194 1087 845 399 351 321
185: 1050 881
186:
187: 940 684 597 275
188: 1025 344
189:
190: 291
191: 1292 272
192: 1585 1384 1225 956 556 492
193: 1267
194: 1012
195: 1345
196: 917 776 469 365 226 219
197: 907
198:
199: 1579 1046 967 809 533
200: 1583 1543 1433 966 870 784 744
201: 1641 687 499
202: 400 263
203:
204: 816 750 672
205: 1260 279
206: 1648 430
207: 1021 976 629 494 467
208: 1574 1094 1026 945 908 675
209: 1290 288
210: 1282 849 747 632 512 378 243
211: 1590 250
212: 1658 625 264 242
213: 889 869 832
214: 1194
215: 1503 586 283
216: 396
217: 420 384
218: 1633 1133 921 855 472 364
219:
220: 764 539
221: 1475 1149 439 293 274
222: 1137 743 677 503 474 401 332 318 278
223: 882 575 446
224: 416 282
225: 1183
226: 1102 689 547
227: 1618 1100 949 894
228: 1031 326
229: 1327 1322 1320 1144 1123 330
230: 1653 1502 1341 700 691 548 441 337 306
231: 1268 1176 1173 1030 1019 876 825 400
232: 1440 865 617 482
233: 1387 1212 1023 624
234: 856
235: 700
236: 1409 797
237: 1201 907 515 323 317 290
238: 997 444 411
239: 1346 1015 909 619
240: 1208 502 335 268
241: 1264
242: 1544 673 665 359
243: 1577 466
244: 1153 1117
245: 1298 711 572 476
246: 437 280
247: 1301 1080 996 907 316
248: 524
249: 1087 705 399
250: 1633 1030 921 855 364 340
251: 1539 1398 669
252: 1400 471
253: 1656 958 358 327
254: 474 381
255:
256: 1534 960
257: 1404 454 431
258: 963
259: 665 294
260: 1660 1219 831 565
261: 734 640 612
262: 1130
263: 1441 1189 1079
264:
265: 1517 1357 660 475
266:
267: 1642 1074 541
268: 1265 506 484 432 397
269: 588 521 389 370
270: 1037 315 302
271: 1060
272: 1265 634
273: 711
274: 1206 1037 791 753
275: 1208 1052 760 527
276: 1367 1055
277: 795 478
278: 931 445
279: 354 324
280: 913
281: 1175 781
282: 1120 920 580 333
283: 1300 558
284: 1660 649
285: 1156 984 807
286: 1222 1013 414
287: 1155 484
288:
289: 1301 1080 996 850
290: 1583 1433
291: 732 496
292: 1568 1495 646
293: 1620 1444 436
294: 1193 1155 664
295: 1407 1244 1241 418
296: 1273 861
297: 1635
298: 915
299: 1105 1088
300:
301: 1177 1081 1001 570 551 534 319
302: 692 363
303: 1605 1167 942
304: 1320 1144 1123
305: 1312 1181 900 453
306: 912 647
307: 1234 1135
308: 769 328
309: 510
310: 393
311: 366 341
312: 1308
313: 1061 978 726 457
314:
315: 1538 1217 1063 769
316:
317: 1263 681 386 373
318:
319: 668
320: 1142 951 623
321: 993 455
322: 1567 1190 1125 1078 1048 944 690
323: 500
324: 836 756
325: 1634 757
326: 1339
327:
328: 1488 641
329: 1467 1373 394
330: 408
331:
332:
333: 857
334: 1356 1108
335: 1606 1521
336: 868
337: 1494 814 748 658 352
338: 391
339: 1655 380 355
340:
341: 725
342: 1657 1626 1279 1186 1094 945 675 523 419
343: 1549 1419 1353
344: 1625 1003
345: 654 615 513
346: 985
347:
348: 1041 703
349: 1645
350: 1589 1287
351: 486
352: 1423 1153 1000 670 593
353: 842 819 643
354: 963 696 443
355:
356: 913
357: 406
358: 1094 945 843 675 668 583
359: 1145
360: 1400
361: 651
362: 1638 871 613
363: 1522 994
364: 1082 535 530
365: 1301 1080 460
366:
367: 653
368: 1619 1071 410
369: 1525 846 412
370: 659 564
371: 1436 1267 1137 715 503
372: 1248 1206
373: 697
374:
375:
376: 1426 1267 981 609
377:
378:
379: 1059
380: 440
381: 1534 960 638
382:
383: 513
384:
385: 902 645
386:
387: 1612 856 442
388: 783
389: 1469 1187 611 543
390:
391: 828 554 483
392:
393: 1381
394:
395: 1190 944
396: 1237 426
397: 1218 749 532
398: 1386 1233
399: 1276 1029 1007 742 604
400: 969 885 671 595
401: 794 664 627
402: 520
403: 767
404: 1222 536
405: 433 423
406:
407:
408: 1436 649
409:
410: 919 840 733
411: 1120 801 580
412: 1574 1026 908 421
413:
414: 1288 599
415:
416: 727
417: 1321 676
418: 1278 704 683 473
419: 528
420: 618
421: 1051
422: 1060
423: 458
424: 876 422
425: 1621 428
426: 1497 1397 1364
427: 1178 774
428: 980 874 787
429:
430: 1086 930
431: 1096 911
432:
433: 1635 1130 1057 563
434: 1133 771
435:
436: 1084
437:
438:
439:
440: 1383 1245 918 818
441: 1629
442:
443:
444: 1258 1066 716 701
445: 1358 838 425
446:
447: 758 662 553 461
448:
449: 1139
450: 1489 626
451: 1464 666 452
452: 1369 986
453:
454: 720 620
455: 636
456: 574
457: 1219
458: 1112 582
459:
460: 661
461: 470
462: 708
463: 934
464: 535 530
465: 561
466:
467: 1398 998 717
468: 1011 926 654
469: 1501 1451 1309 784 772 744
470: 1650
471: 1483 485
472: 1459 766
473:
474: 1285
475:
476: 1068
477: 1268 626
478: 540
479: 1209 775
480:
481:
482:
483: 1034 573
484: 498
485: 1249 1219 841 780 591 505
486: 1661 1439 562 497
487:
488:
489: 1017
490:
491:
492: 923 789
493: 1296
494:
495:
496: 1307 1251
497: 1418 1085
498: 729
499: 650
500:
501:
502: 981 803
503: 1436 788 581
504: 537
505:
506: 1667
507: 1053
508: 587
509:
510:
511: 1556 1089
512: 737
513: 1045
514:
515:
516: 1386 1233 893
517: 1403 1073 616
518:
519: 926 875
520: 973
521: 1474 839 778 594
522: 1569
523: 1310
524: 784 744
525: 1303 810
526: 1635 1045 1002 933
527: 592
528: 1628
529: 1422 685
530: 1314 916
531: 990 560
532: 1035 745 568
533: 1171 1107
534:
535: 1568 1495 895
536: 786 721
537: 598
538: 998 717
539: 1340
540: 1625 1003 637
541:
542: 1354
543:
544: 1057
545: 546
546: 983 947 606
547: 1351 1232 1216 762
548:
549: 1415 633 596
550: 1461 1028
551: 1584
552:
553: 1176 825
554: 1546 796 724 602
555:
556: 1232 762 630
557:
558:
559: 936 576
560: 571
561: 1423
562: 1325
563: 1462 1083
564:
565: 1106 873
566: 639 614
567: 1264 1031 972 952 777
568:
569: 679
570: 800 713
571: 1649 962 826
572:
573: 1526 1188 811
574:
575: 1300
576:
577: 833
578: 1296 1063 904
579: 1319
580:
581: 567
582: 995 695
583:
584: 828 608
585: 1572 1324
586: 607
587: 702
588: 1585 1384 956
589: 1293
590:
591: 1479 1191 991
592: 992 977 812
593: 1532
594: 1428 1259 621
595:
596: 1098
597: 1136 899 884 773 755
598: 878 584
599: 1348 1205 1095
600:
601: 1660 1153 1000
602: 954
603: 1462 1388 1231
604: 1206
605: 1070 652
606: 1417
607: 1016
608: 1196 820
609: 1179
610:
611: 1496
612: 1215
613: 785
614: 1371
615: 1460 1224
616: 1636 1323 674
617:
618:
619: 892
620: 897
621:
622:
623: 1468
624:
625: 955
626: 842
627: 1056
628: 1490 968 863
629: 1296
630: 1625 1003
631: 680
632:
633:
634:
635:
636:
637: 1170
638:
639: 1607
640: 1513 1379
641: 1010
642: 883
643: 1573 1282 953 849 747
644: 1354
645: 1487
646: 1305 682
647:
648: 1313 925
649:
650:
651: 1253 989
652: 1124
653: 1192 830
654: 1540
655:
656: 1105 1088
657: 1117
658: 808 735 667
659:
660:
661: 1008
662: 1065
663:
664:
665: 1103
666: 693
667: 1571 1076 1070 970 837
668:
669: 709
670: 1377 1047 663
671:
672: 1076 913
673: 890
674:
675: 770
676: 975
677: 1546 1460 1092
678:
679:
680: 1535 1416
681: 1112
682:
683:
684: 706
685: 1640
686: 1109
687:
688:
689: 759
690: 1392 1378 1286
691: 1563 1524 1295
692: 831
693:
694:
695: 1565 1094 945 929
696: 1197
697: 1113
698: 1575 1318 1200
699:
700:
701: 1213
702: 1180 779
703: 1564
704: 853 834 731
705: 1221 880
706: 740
707:
708: 822
709:
710: 1151
711:
712:
713:
714: 1581 1422 1292
715: 1402
716:
717:
718: 1277 1194
719:
720: 1541
721: 1431 988
722: 1554 1409 1049
723:
724: 1405
725: 827
726:
727: 1498
728: 1033
729: 1164 1104 1024
730: 1442
731: 1481 1242 1043 946 754
732:
733: 792
734: 938 877
735: 979
736: 932
737:
738:
739:
740:
741:
742: 1067 941 768
743: 1405 765
744: 1082
745:
746: 1454 847
747:
748:
749: 864
750: 943
751: 1275
752:
753: 1648
754: 1169
755: 1054
756:
757: 1101 1018
758: 1602
759: 1631 1044
760:
761:
762:
763: 1520
764: 1226
765: 1493 804
766:
767:
768:
769:
770: 848
771:
772:
773:
774:
775:
776:
777: 1203
778: 815
779: 1535 910 891
780:
781: 1507
782: 965
783: 1159
784: 1361 1336
785: 817
786: 1299 935
787:
788: 790
789:
790:
791:
792: 1111
793:
794:
795:
796: 1296 999
797:
798: 1610 1593
799:
800: 1172 1148 823
801:
802: 1644 1334
803: 1372 1342
804: 1269 1201
805: 1140
806: 1261 950 928
807:
808: 1229 1103
809:
810:
811:
812: 1338 1038 859
813:
814:
815:
816:
817:
818:
819:
820: 1438 1110
821: 1528 1458
822: 1462
823: 1315
824: 1434
825:
826:
827: 1627 1178
828: 1528
829: 1177
830:
831:
832: 1566 1326 824
833: 1649
834: 1624 937 896
835: 1491 1412 1368
836: 1132
837: 860
838:
839: 1561 1410
840:
841: 1456
842: 1573
843:
844: 1530 1256
845:
846: 1349 903
847:
848: 1499 1370
849: 1512
850: 1622
851:
852: 1425
853: 1567 1078
854: 1356
855: 1462
856:
857: 1343
858: 1580 1009
859:
860:
861: 1435
862:
863: 1099
864:
865: 1069
866:
867: 1006
868: 906
869: 959 887
870: 1254
871: 1629 1472
872:
873:
874:
875: 1291
876:
877: 1456 1374 1210
878: 1630
879:
880:
881: 1473 1184 898
882:
883: 1583 1433
884: 982
885: 927
886: 1191 991
887:
888:
889: 1639 1637 1174
890: 1228
891:
892:
893:
894: 1004
895:
896:
897: 1118
898: 930
899: 1316
900: 1247
901: 1332 1040 922
902:
903:
904:
905: 1589 1287
906: 1348 1205
907: 1250 1146 1141
908:
909:
910: 1504
911:
912:
913: 1246
914: 924
915:
916:
917:
918:
919:
920:
921: 1198
922:
923: 1570
924: 1663
925:
926: 1598
927:
928: 1596
929:
930:
931: 1457
932:
933:
934:
935: 1476
936:
937:
938:
939: 1609 1207
940: 1548 1240
941: 1657
942: 957
943:
944: 1163
945:
946: 1143
947: 1134
948:
949:
950: 1306
951: 1392 1378 1329 974
952: 1077
953:
954:
955:
956: 1508 1408 1075
957: 1138
958:
959: 1027
960:
961:
962:
963:
964: 1590
965: 1131
966: 1443
967: 1152 1115
968:
969:
970:
971:
972:
973: 1428
974: 1202
975:
976:
977: 1623 1227
978:
979: 1335 1020
980:
981:
982:
983:
984: 1665
985:
986: 1124
987: 1157
988:
989: 1552
990:
991:
992:
993: 1551
994:
995:
996:
997:
998:
999: 1526 1413
1000:
1001:
1002:
1003: 1572 1324
1004:
1005: 1182 1090
1006:
1007:
1008: 1359 1238
1009:
1010:
1011:
1012:
1013: 1274
1014: 1272
1015:
1016: 1429
1017:
1018: 1350
1019:
1020: 1116
1021: 1538 1217
1022: 1328
1023: 1360
1024: 1532
1025: 1160
1026: 1161
1027:
1028:
1029:
1030:
1031: 1119
1032: 1471 1058
1033: 1097 1062
1034:
1035:
1036:
1037:
1038: 1477
1039:
1040:
1041:
1042:
1043:
1044:
1045:
1046:
1047:
1048:
1049:
1050:
1051: 1509
1052:
1053:
1054: 1389 1297
1055:
1056:
1057:
1058: 1114
1059:
1060: 1516 1223
1061:
1062: 1379
1063: 1616
1064:
1065:
1066:
1067:
1068:
1069:
1070:
1071:
1072:
1073:
1074:
1075:
1076: 1388
1077: 1519
1078:
1079:
1080: 1255
1081:
1082: 1363 1126
1083: 1536 1204
1084: 1121
1085:
1086:
1087:
1088: 1331
1089: 1445
1090: 1614 1484 1166
1091:
1092: 1158
1093: 1294
1094:
1095:
1096:
1097:
1098:
1099:
1100:
1101:
1102:
1103:
1104:
1105: 1659
1106:
1107: 1304
1108:
1109: 1514
1110:
1111: 1605
1112: 1214
1113:
1114:
1115:
1116:
1117: 1560 1311
1118:
1119:
1120:
1121: 1555 1243
1122:
1123:
1124: 1558
1125: 1506
1126:
1127:
1128:
1129:
1130:
1131:
1132: 1455
1133: 1482 1437
1134: 1539 1165
1135:
1136:
1137:
1138: 1285
1139: 1302
1140:
1141:
1142:
1143:
1144:
1145:
1146: 1664
1147:
1148:
1149: 1199
1150:
1151:
1152:
1153:
1154: 1498
1155:
1156:
1157:
1158: 1498
1159:
1160:
1161:
1162:
1163:
1164: 1601
1165:
1166:
1167:
1168:
1169:
1170:
1171:
1172:
1173: 1375
1174:
1175:
1176: 1395
1177: 1427
1178:
1179: 1553
1180: 1385
1181:
1182:
1183:
1184:
1185:
1186: 1511
1187:
1188:
1189: 1616
1190:
1191:
1192:
1193:
1194:
1195:
1196: 1266
1197:
1198: 1470
1199:
1200:
1201: 1355
1202: 1466
1203:
1204:
1205:
1206:
1207:
1208: 1399
1209: 1271
1210:
1211:
1212:
1213:
1214: 1366
1215:
1216:
1217: 1505
1218:
1219:
1220: 1333
1221: 1262
1222:
1223:
1224:
1225:
1226:
1227:
1228:
1229:
1230:
1231: 1382
1232:
1233: 1257
1234:
1235:
1236: 1580 1376 1270
1237:
1238: 1465 1347
1239:
1240:
1241: 1570
1242:
1243:
1244: 1284
1245:
1246: 1531
1247:
1248:
1249:
1250:
1251: 1344
1252:
1253: 1401
1254:
1255:
1256:
1257: 1562
1258:
1259:
1260:
1261:
1262:
1263:
1264: 1352
1265:
1266:
1267:
1268: 1597 1591
1269:
1270:
1271:
1272: 1478
1273:
1274:
1275:
1276:
1277:
1278:
1279:
1280:
1281:
1282: 1527
1283: 1548
1284: 1580 1486 1283
1285:
1286:
1287:
1288:
1289:
1290:
1291:
1292:
1293:
1294:
1295: 1317
1296:
1297: 1643 1518 1411
1298:
1299:
1300:
1301: 1567 1500 1478
1302:
1303:
1304:
1305:
1306:
1307:
1308:
1309: 1550 1491
1310:
1311: 1632
1312: 1662
1313:
1314:
1315:
1316:
1317:
1318:
1319:
1320: 1337
1321:
1322:
1323: 1590
1324:
1325: 1430
1326: 1362
1327:
1328:
1329:
1330:
1331: 1515
1332:
1333:
1334:
1335:
1336:
1337:
1338:
1339:
1340:
1341: 1582
1342:
1343: 1652
1344: 1380
1345:
1346: 1562
1347:
1348:
1349:
1350:
1351:
1352:
1353:
1354:
1355:
1356: 1390
1357:
1358:
1359:
1360: 1424
1361:
1362:
1363:
1364:
1365:
1366: 1615
1367:
1368:
1369:
1370:
1371: 1537
1372:
1373:
1374:
1375:
1376:
1377: 1453
1378:
1379:
1380:
1381:
1382:
1383:
1384:
1385: 1654
1386:
1387:
1388:
1389:
1390:
1391:
1392:
1393:
1394: 1587
1395:
1396:
1397: 1533
1398:
1399:
1400:
1401:
1402:
1403: 1647 1611
1404:
1405:
1406:
1407:
1408:
1409:
1410:
1411: 1545
1412:
1413:
1414:
1415:
1416:
1417:
1418:
1419:
1420:
1421:
1422:
1423:
1424:
1425: 1599
1426:
1427:
1428:
1429: 1480
1430:
1431:
1432:
1433: 1617
1434:
1435:
1436: 1446
1437:
1438:
1439:
1440:
1441:
1442:
1443:
1444:
1445:
1446:
1447:
1448:
1449:
1450:
1451:
1452:
1453:
1454: 1646
1455:
1456:
1457:
1458:
1459:
1460:
1461:
1462:
1463:
1464:
1465:
1466:
1467:
1468:
1469:
1470:
1471:
1472:
1473:
1474:
1475:
1476:
1477:
1478:
1479:
1480:
1481:
1482:
1483:
1484:
1485:
1486:
1487:
1488:
1489:
1490:
1491:
1492: 1603
1493:
1494:
1495:
1496:
1497:
1498:
1499:
1500:
1501:
1502:
1503:
1504:
1505:
1506:
1507:
1508:
1509: 1613
1510: 1600
1511:
1512:
1513:
1514:
1515:
1516:
1517:
1518:
1519:
1520:
1521:
1522:
1523: 1588
1524:
1525:
1526:
1527:
1528:
1529:
1530:
1531: 1595
1532:
1533: 1586
1534:
1535:
1536:
1537:
1538:
1539:
1540:
1541:
1542:
1543:
1544:
1545:
1546:
1547:
1548:
1549:
1550:
1551:
1552:
1553:
1554:
1555:
1556:
1557:
1558:
1559: 1604
1560:
1561:
1562:
1563:
1564:
1565:
1566:
1567:
1568:
1569:
1570:
1571:
1572:
1573:
1574:
1575:
1576:
1577:
1578:
1579:
1580:
1581:
1582:
1583:
1584:
1585:
1586:
1587:
1588:
1589:
1590:
1591:
1592:
1593:
1594:
1595:
1596:
1597:
1598:
1599:
1600:
1601:
1602:
1603:
1604:
1605:
1606:
1607:
1608:
1609:
1610:
1611:
1612:
1613:
1614:
1615:
1616:
1617:
1618:
1619:
1620:
1621: 1608
1622:
1623:
1624:
1625:
1626:
1627:
1628:
1629:
1630:
1631:
1632:
1633:
1634:
1635:
1636:
1637:
1638:
1639: 1651
1640:
1641:
1642:
1643:
1644:
1645:
1646:
1647:
1648:
1649:
1650:
1651:
1652:
1653:
1654:
1655:
1656:
1657:
1658:
1659:
1660:
1661:
1662:
1663:
1664:
1665:
1666:
1667:
1668:
1669:
1670: 1666
1671:
1672:
1673:
1674:
1675:
1676:
1677:
1678:
1679:
1680:
1681:
1682:
1683:
1684:
1685:
1686:
1687:
1688:
1689:
