1: 1333 312 283 199 189 14 12 9 4 2 1
2: 1448 586 270 73 18
3: 3208 3109 3018 2766 2418 2331 2250 2168 2054 1833 1778 1679 1484 972 815 783 774 571 379 229 114 51 48 44 21 15 11
4: 434 293 138 26 23 8
5: 786 621 299 179 137 82 17 16 10 7 6 3
6: 2934 1303 999 302 236 28 22 13 5
7: 2556 316 58 37 32 24
8: 3452 3423 2649 1650 1603 1423 1164 745 678 631 602 318 315 235 133 91 83 81 39 20
9: 1186 984 354 95 92 46 41 33 31 25 19
10: 2073 1581 1204 1106 684 68
11: 377 278 252
12: 2288 1115 614 248 36
13: 2054 1833 229 51 48
14: 3204 221 43
15: 495 381 310 88 54 52 38
16: 3359 3113 2991 2977 2908 2856 2551 2262 2094 1913 1855 1294 1222 1179 1008 913 839 797 683 639 599 511 275 259 254 232 206 175 122
17: 2657 1943 695 47
18: 2703 1172 1061 605 42 34
19: 2439 2177 1339 1167 1065 1013 565 374 319 67 53
20: 826 72 35 27
21: 3385 2785 1376 962 589 380 308 128 63 29
22: 3264 2991 1294 1163 1050 797 689 683 618 599 499 390 375 206 122
23: 2976 2547 1874 1181 1089 346 143 30
24: 3181 2923 2367 1178 807 735 580 103 74 55
25: 3119 2591 1413 1154 804 367 225
26: 3390 3122 2734 56 45
27: 3191 1217 647 557 529 156 64
28: 3461 3260 2195 1241 1230 717 368
29: 1497 1051 859 746 460 258 106 80
30: 1935 1922 1728 1633 1518 850 607
31: 2881 2446 1659 891 526 435 383 373 360 329 295 246 233 132 112 49 40
32: 819 638 77
33: 335 334 177 100 57
34: 815 379 104 61
35: 1794 1609 1102 567 472
36: 2972 2894 2309 1651 1647 1524 1182 1005 799 395 195
37: 892 489
38: 960 515 242 96 75 70 50
39: 624 180 110 89
40: 59
41: 3173 2547
42: 3289 2904 2417 2117 2061 1488 1251 1225 830 322
43: 2721 2353 422 280
44: 3208 2418 2250 1484 140
45: 2708 1095 965 813 361
46: 261 210 208
47: 454 437 371
48: 2417 2117 1488 830 322
49: 2191 938 324 181 162 107 69
50: 3298 1257
51: 2856 2551 2439 1855 1438 980 977 548 349 259 254 184
52: 3231 2408 2332 1390 1208 1031 917 764 166 121
53: 2726 1925 188 187
54: 2527 2493 1555 1415 819 776 687 638 220 79 77
55: 2526 2358 1143 671 446 416 84 65
56: 2811 1886 161 93 87
57: 3118 2796 2459 2259
58: 3272 357 219
59: 2841 2244 1104 414 60
60: 62
61: 3401 2269 936 905 243 171
62: 2856 2795 2551 2304 2137 1855 1077 775 259 254
63: 3210 3118 1886 105
64: 1910 1010 505 160 150 131
65: 3181 2813 2367 2112 1481 1373 1218 1178 807 580 103
66: 3288 2721 2070 422 280 120
67: 2286 1702 163
68: 387 327 94 66
69: 412 343 178 139 117
70: 2712 1992 1189
71: 2988 2894 1966 1883 1647 1182 1005 837 799 442 395 313 228 102 71
72: 949
73: 3171 2313 808 476 328
74: 2983 1819 1645 1395 271 257 173
75: 3445 2268 1796 622 311 292 99 90 78
76: 1036 677 307
77: 2910 2818 2494 2430 2339 2096 1798 1444 123 98 76
78: 2869 1378 898 486
79: 2854 214 125
80: 3069 2182 281 85
81: 3246 3150 2668 2619 2380 1654 1272 803 773 136
82:
83: 2341 667
84: 620 196 127 113
85: 193 108
86: 2629 276
87: 3264 1799 1050 835 689 618 390 375 287
88: 3466 3450 2766 1838 1799 1134 1094 972 835 783 469 134 124
89: 3401 2269 2094 1947 1944 1449 1169 936 905 839 628 559 275 243 175 171 86
90: 1396
91: 2721 2408 1627 1390 1234 1208 1186 1130 991 984 917 656 397 354
92:
93: 569
94: 3187 3186 710
95: 2629 2562 2225
96: 3446 2926 2303 949 159
97: 2730 1140 980 977 961 781 358 349 97
98: 2787 2457 2450 2341 2241 851 667 170 167
99: 1338 768 326
100: 3171 476 205 101
101: 3453 2833 2164 1406 1335 1030 1018 926 701 410 369 290 267
102: 2657 1943 1705 1593
103: 1082 169 145
104: 3419 274 273
105: 2613 2158 1947 1169 719 628 504 403 135
106: 941 660
107: 2000 1956 141
108:
109: 2138
110: 1095 965 361 251 231 213
111: 2732 1969 822 542 399
112: 1062 389
113: 1838 1134 1094 291 149 124
114: 1785 1686 1431 1084 798 733 688 501
115: 2806 2752 1706 1703 535 503 212 185 151 126
116: 1911 1470 1393 282 153
117: 1341 483 172 130
118: 1808 1062 861 389
119: 2814 2360 1763 961 894 885 376 144
120: 3377 2956 218
121: 111 109
122: 3038 2398 1941 998 931 247 115
123: 331 158
124: 2319 2146 579
125: 1723 558
126: 1755 1131 802 448 211 118 116
127: 1449 559 182
128: 1345 1310 864 419 119
129: 2084 1059 362 256 142
130: 2665 2502 1285 1253 1127 1023
131: 3429 3124 2164 1889 1406 1196 795 701 590 553 534 410 369 290 244 165
132: 3338 1405 720
133: 2494 2096 1444
134: 2426 1077 775 284 241
135: 2980 1839 250
136: 3264 1050 689 618 499 390 375
137: 2547 1089
138: 3197 2873 1308 351
139: 1598 712 347 323 194 148
140: 3025 1832 1284
141: 1381 1237 1076 943 500 363 249 215 176 129
142: 3213 2262 2095 1822 761 521 209
143: 2550 2351 724
144: 2576 1906
145: 3446 2926 2303 450 300
146: 1340 268
147: 3421 2193 1918 1681 1198 742 164
148: 1447 636
149: 1914 1038 224 168 152
150: 2676 174
151: 3069 2383 2356 2182 785
152: 1735 1607 1541 1426 994 827 154
153:
154: 2749 1249 440 352 333
155: 2804 2501 1571 1325 204 147 146
156: 3378 2751 2569 2466 718 546 155
157: 2856 2551 2509 1855 992 491 277
158: 1367 1305 1118 722
159: 3339 1947 1169 628 504 157
160: 3269 2947 2924 2689 2475 2253 1821 1046
161: 2192 635
162: 1790 564 523 304
163: 868 502 378
164: 245
165: 1271 430 263
166:
167: 1623
168: 2868 2565 1439 1383 958 946 471 355
169: 1380 702 551 396
170: 2466 1302 488 297 223 190
171: 1989 844 198
172: 1829 191
173: 3231 1044 880 760
174: 2667 2584 2384 2342 2184 1078 1021 940
175: 1917 963 522
176: 3352 699
177: 443
178: 606
179: 2219 1295 348 306 230
180: 240 183
181: 673 478
182: 2809 2699 2051 1357 1298 406 266
183: 2475 1821 883 878 207 203 197
184: 3327 2221 1726 879 728
185: 2175 1757 1121 1086 846 612 449
186: 3258 2292 1727 1096 186
187: 2170 1852 560 222
188: 2447 427
189: 2156 1961 1762 1030 926
190: 3317 3184 359
191: 2793
192: 1018 703 668 418 267 202
193: 2423 2337 1473
194: 953 795 590 364
195: 2293 1271 430 285 263
196: 2493 1629 1415 481 340 192
197: 2424 1711 955 845 520 216
198: 2002 1675 1070 330
199: 3267 3160 2988 2922 2308 1185 933 912 873 828 539 514 431
200: 305 217
201: 2730 1760 1140 781
202: 3265 2935 226
203: 3284 736 341
204: 2799 2204 1958 1409 1348 432 201
205: 2887 1394
206: 1636 1012 988 200
207: 1544
208: 2132 2076 1194 339 336
209: 2404 2396 1331 902 594
210: 3116 2409 1146 1135 914
211: 2115 549 253
212: 3320 3056 2413 1853 1694 1263 458
213: 2349 1418 1278 452 264
214: 3327 2221 239
215: 1686 1084 733 688 562
216: 2651 2617 1210 1120 479 238
217: 3297 543 533 407
218: 2163 848
219: 1442 541
220: 2673 851
221: 237
222: 1636 1012 988 676 439
223: 2542 2012 604
224: 3301 1258 234
225: 2291 2112
226: 980 977 349
227: 2881 891 526 435 383 329 227
228: 2369 2270 845 554 466 433
229: 2441
230: 811
231: 307
232: 1907 1230 368
233: 3288 2415 2173 725 617 415
234: 1697 1098 833
235: 1974 1504 581
236: 2498 2106 301
237: 2135 1715 1661 1604 1519 556
238: 3104 2158 2116 1190 1103 573
239: 294
240: 1143 671 416
241: 2538 1141 872
242: 766 425 265 262
243: 2529 800 401
244: 3109
245: 2070 1366 1017
246: 2972 2751 2569 2309 1524 1237 759
247: 3245 2976 2590 948
248: 2662 1836
249: 3245 3111 1600 409 350
250: 2661 2491 2451 1175 1148
251: 2464 1909 1255 385
252: 1814 1724 630 269
253: 2779
254: 1954 1777 1611 1060 561 366
255: 2700
256: 2662 1836 879 728 555
257: 1779 1766 1412 910 900 298
258: 2976 1181 393 288
259:
260: 2787 2457 2450 2241 1726 1455 609
261: 1954 1777 1060 561 255
262: 3170 2677 2523 2033 1782 1534 1485 325
263: 2017 646 260
264: 2592 1595 1254 723 721 384 345
265: 2518 2501 2314 1113 527
266: 2618 2355 1435 465
267: 2492 1277 1067 924
268: 1877 1784 1653 1092 969 507
269: 1913 1222 511 309
270: 518
271: 2089 790 682
272: 1321 467
273: 2813 1218 920
274: 303
275: 1163 509 314
276: 3160 2308
277: 632
278: 344
279: 2533 1579 627
280: 2483 2327 1996 1896 1612 1517 398 272
281: 1278 596 452
282: 3421 2193 1918 1198 661
283: 1785 463 400 279
284: 2752 2204 1706 1703 1348 752 432
285: 2492 704 484 462 320
286: 2286 1702
287: 3395 2440 2290 1981 1823 1644 1425 1165 1022 577
288: 907
289: 2962 2010 1675 1070
290: 3377 2956 2245 1192 1088 1079 592
291: 411
292: 2589 1304 974 428 296 289
293: 1976 1009 537
294: 1591
295: 2590
296: 1512 651 637
297: 3389 3244
298: 2732 1969 1936 1635 945 822 286
299: 2324 1880 382
300: 3003 2204 1905 655 444
301: 1226 490
302: 455
303: 3383 2641 2207 2148 1616
304: 1071 685 634 423
305: 2471 748 588
306: 2972 2309 1524 759
307: 1751 1209
308: 3003 2952 1905
309: 2898 1507 563 338
310: 2586 2357 2128 1043 706 457
311: 2617 1445 787
312: 2975 2087 942
313: 1874 734 731
314: 2998 1350 876 657
315: 2737 2656
316: 3231 2464 1909 1255 1031 764
317: 2458 1575
318: 1322 1214 1049 1039
319: 1308 986
320: 2694 1959 477
321: 2931 1326 983 818
322: 871 601 459 332
323: 1254 723 721
324: 2646 1650 1423
325:
326: 2624
327: 719 317
328: 1509 696 469 321
329: 1125 506
330: 3184 875
331: 353
332: 2172 1371 919
333: 3334 1736 1072 648 597 492 392
334: 2121 1745 1639 1367 1305 1110 464
335: 3387 3380 2322 2252 2171 845 554 466 433
336:
337: 3449 2768 405
338: 3424 1404 1391 538
339: 2791 1965 1742 1721 1177 951 547
340: 2076 1771 1248 536 370
341: 3083 2226
342: 693 587
343: 1035
344: 2784 2257 1995 1353 929
345: 2561 2540 584 451
346: 3350 1731 744
347: 1933 510 480
348: 2229 1068 598 372
349: 3423 1603 745 678 424
350: 1863 995 552 493
351: 3192 2474
352: 3260 2195 404
353: 2331 1778 386
354: 909 461
355: 2069 512 337
356: 1869 947
357: 2870 2376 1634 856 845 679 659 554 356
358: 2162 1424 413
359: 954
360: 3136 1260
361: 3316 3166 2706 475
362: 834 743
363: 1429 680
364: 2137 899 456 342
365: 1881
366: 1382 692
367: 1912 788 525 473
368: 3289 2904
369: 820
370: 1120 479
371: 2082 1622 1300 494
372: 2846 753 530
373: 672
374: 2332
375: 650
376: 2345
377: 2913 1262
378: 2151 1583 616 421
379: 916 468 391
380: 1247 1058 970 939
381: 3452 3387 3147 3124 2649 1164
382: 644
383: 1907
384:
385: 2400 1627 1234 1130 656 397
386: 2514 417
387: 1275 613 595
388: 2928 1993 1362 447
389: 441
390: 1274 1220 519 365
391: 2767 2001 1733 1232 1011 498
392: 3152 2151 809 388
393: 2660 2364 1825 1045 574
394: 3005 2781 2028 987 641
395: 2609 1074 572
396: 1860 681
397: 2440 2290 1823 1644 1022 420
398: 2203 1420
399: 2877 2311 2310 952 911 793 670
400: 2160 524
401: 3208 3197 2873 2620 2528 2418 2250 2063 1551 1484 981 887 862 849 394
402: 2426 1831 1405 1077 775 720 445
403: 2198 1662 1369 1139 1111 863 698
404: 3323 3086 858
405: 3260 2919 2195
406: 3166 2936 2706 1265 691 686 475 453
407: 2940 2073 1581 1204 684
408: 2503 1458 593
409: 1732 1360 1286 715 544 429 426
410: 3124 408
411: 2960 2882
412: 2293 1565
413: 2814 2360 778
414: 3030 2994 2669 989 653
415: 2684 757
416: 2102 1891
417: 1948 1417 575
418: 1818 642 619 513
419: 2057 654
420:
421:
422: 2911 2526 2358 996 739
423: 1277 1150 1067 924
424: 402
425: 2037
426: 2118 752
427: 750
428: 2775 2678 2572 2541 2323 531
429: 3258 2292 615 566 487
430: 2336 1848
431: 2533 2385 1579
432: 3449 2224
433: 2826 2609 623
434: 1900 1610 1347 438
435:
436:
437: 1436 896
438: 1897 1759 1015
439: 1319 950 496
440: 694
441: 1239
442: 2052 1374 751
443: 738
444: 2979 2821 2322 2252 1754 1193
445: 2354 474
446: 1199 927 611
447: 626
448: 1651 1019 806
449: 2069
450: 1664
451: 3094 1523 1308 986 886
452: 1434 916 826
453: 3267 2922 2653 2393 2070 873
454: 2199 1661 1604 1566 1519 658 532
455: 2979 2821 1754
456: 2810 1547 591
457: 2439 1339 1167 1065
458: 2006 1929 1874 1667 1528 1152
459: 3070 2050 1174
460: 1621 1221 915 866 700 516
461: 3187 923
462: 3269 3162 2924 2253 1640 814 643 528 485 436
463: 3134 1147 877 769 583
464:
465: 1463 1377
466: 1359
467: 2141 2107 1501 823
468: 2156 1961 1762 874 497
469: 1116
470: 2137
471: 1502 1428
472: 1851 582
473: 1165 904
474:
475: 909 730
476: 2667 2184 940
477: 2901 2848 2291 610 517
478: 3306 895
479: 2740 1457 568
480: 1122 578
481: 1554 1207
482: 2977 2908 1179 1008 639
483: 3449 2846 1469 1200 470
484: 2453 982
485: 2629 1749 779 603 576
486: 3354 3293 2526 2358 2239 2045 1870 1028
487:
488: 3365
489: 1289 1132
490: 1672 645
491: 3248 2516 1537 973 810
492: 2206 1673 1607
493: 897 747
494:
495:
496: 2906 2769 727
497: 2759 2030
498: 1651 806
499:
500: 1868 1245 758 625
501: 2506 1019
502: 3074 1430
503: 1421 674
504: 921 482
505:
506: 2464 1909 729
507: 1912 1280
508: 2661 2544 2491 2451 2055 2052 1374
509: 664
510: 508
511: 1291
512:
513: 2834 2658 2453 1860 1052
514: 2376 1634 856
515: 1509 696
516: 3317 3085 2984 1781 772
517: 3378 1642 767 585
518: 649
519: 838 829
520: 3248 2516 629
521: 1363 840
522: 2964 1479 1153 1025 841 726
523: 1325
524: 3138 2452 1623 908 893 550
525: 3289 2904 1251
526: 3048 1714 1293
527: 1469 1200
528: 1895
529: 2265
530: 1668 1016 711 665 540
531: 801
532: 1040 708
533: 3383 2641 1560
534: 2078 889
535: 3396 3072 2060 1927 608
536: 3052 2771 1691
537: 832 784
538: 2319 2146 836 545
539: 2824 2480 1480
540:
541: 2103 1714 1567
542: 1399 1128 771
543: 1241
544: 3288 2426 1664 1601
545: 2933
546: 1758 1730
547:
548: 1829
549: 2754 2713 1505 976
550: 1629
551: 3007 2383 2356 2003 1483
552: 3462
553: 966 956
554: 1284
555: 3334 3274 3142 716
556: 3380 2845 1526 1334
557:
558: 3167 3028 1940 1770
559: 3228 1138 732 640
560: 3017 1926 1689
561: 2124 1564 714
562:
563: 3204
564:
565: 1532 1219
566: 2135 1715
567: 1335
568: 2710 1452 1149
569: 2350 825
570: 2497
571:
572: 1364 968
573: 2887 1394
574: 3409 1315 906
575: 652
576:
577: 2695
578: 2354 1510 1188 570
579: 1989
580: 867
581: 1955
582: 3138 2452 2446 870 763 749
583: 2071 1195
584: 3038 2398 1026 675
585: 3435 2631 780
586: 2349 1418 821
587:
588: 2517
589:
590: 3414 2344 755 663 600
591:
592:
593: 3317 2027 1224
594: 3160 2308 2033 1782 1534 1485
595: 1889 633
596: 754
597: 3329 2798 2581 1212 816
598: 3096 1155 817 740
599: 2533
600: 3470 1231 690
601: 1574
602:
603: 2538 1141
604:
605: 3369
606: 2364 1825 1045 930
607: 2348 705
608: 1159
609:
610: 907 709
611: 3210
612: 1944
613: 1250 1157
614: 2619
615: 3213 2590 2210 2095 1962 1822
616: 2538 2386
617: 2112 1481 1373 1100 1090
618: 2714 2507
619:
620: 3341 662
621:
622: 3383 2641 1560
623: 3082 2584 1078 707
624: 3265 2935
625: 1946 1099 1034
626: 3387 3147 2710 2585 2171
627:
628: 1183
629: 697
630:
631: 1492
632: 1379
633:
634: 3209 2731 2438 1168
635: 2782 1861 1282
636: 1225
637: 2939 2513 1885 1666 1083
638: 2468 1527
639:
640: 1180
641: 842 824
642: 1692 756
643: 1014
644: 1027
645: 1342 964 855
646: 3233 2917 2865 2693 1211
647: 3110
648: 3208 2983 2544 2418 2250 2055 1819 1645
649: 2868 1439 1383
650: 1585 1337 937 777 666
651: 2775 2678 2644 1817 1577
652:
653: 3420 762
654: 934
655: 669
656: 1726
657: 2598 1974
658: 2784 2257 1995 1353
659: 1937 1048
660: 3059 2539 2118
661: 2426 1077
662: 1004
663: 932 922 890 794 789
664: 1161
665: 2142 2050 792
666: 3330 1991 1491 847
667: 3168 3012 2230 2022
668: 2364 1825 1045
669: 2081 1296
670: 1170 1055
671: 2584 2438 1252
672: 2422
673:
674: 2826
675:
676:
677: 3128 3044 2763 1716 1235
678: 3288 2884 1601 713
679: 2412 2037
680:
681: 2325
682:
683: 2504 1287
684: 2652 1986 1801 1422 1414 1047
685: 831 791
686: 1975 1372 765
687: 3301 2905 1384
688: 2946 2584 1078
689: 1981 1425
690: 3030 2994 2669
691: 957 737
692: 1508
693: 2800 1482 1151
694: 1240 882
695: 3287 1076 943
696:
697: 2789 2359 1324
698:
699:
700:
701: 3187 2030 1549
702: 3310 3032 2205 1087 881 812
703:
704:
705: 2273
706: 3006 2927 2881 2568
707: 3051 2980 1839 1539 1392
708: 2646 1358
709:
710: 2616 1923
711: 3265 2935
712: 3186 3100 2972 2309 1524 1346
713: 2797 1281
714: 928
715: 3186 852
716: 2439 1316 944
717: 2346 1227
718: 1637 741
719:
720: 3396 3072
721: 1478
722: 2322 2252 1696
723: 3006 2927 2568 1242
724: 1520
725:
726: 3262 1592
727: 1553
728: 1902 1056 843
729: 2961 1827
730: 2999 2049
731:
732: 2476 1437
733: 1676
734: 3082 2796 2459 2259 1306 1119
735: 1570 1136
736: 3248 2319 2146 1292 959
737: 3209 3029
738: 1713
739: 1562
740: 3200
741: 2562 2225
742: 3028 2455 2179 1770
743: 2625 1201
744: 3131 2977 2908 2758 1101 770
745: 2501 1113 888
746: 3354 3293 3140 2239 2063 2045 1870
747:
748: 884
749: 2129
750: 3220 3026
751: 3199 2479
752: 2796 2459 2259 1306 1119
753:
754: 3374 3170 2677 2523 2477
755: 2159 2105
756: 1682 925 796
757: 854
758:
759: 2281
760: 3278 2034 1538
761: 3290 1882 869
762: 2999 2049
763:
764: 3468 2588 1802
765: 2903 2810
766: 2988 933 912
767:
768: 2330 1370 1238
769: 782
770: 1215
771: 3289 2904 1144
772: 1776
773: 2613 1990 1158
774: 2040 1804 1624
775:
776: 3287 1355 1213 1033
777:
778: 2737 2656
779:
780: 1319
781: 2940 1097
782: 1381
783: 2610 2183 935
784: 2599
785:
786:
787:
788: 2799 2738 1761 1091
789: 2187
790: 1006
791: 3360 1397
792:
793: 997 805
794: 2425 1503 1466
795:
796: 3348
797: 2816
798: 3070 2050
799:
800: 1658 1290
801:
802: 3379 2145
803: 3323 3086
804: 1278
805: 2206 1673
806:
807: 1431
808: 1233 1162
809:
810:
811: 1530 1343
812: 2277
813: 1536
814: 3211 1617 1024
815: 2427 2385 1066
816:
817: 3373 1669 1660
818: 3316 1875
819: 2306 1493 1489
820: 3245
821: 2655 1064 860
822: 2782
823:
824: 1753
825:
826:
827: 853
828: 3354 3293 3051 2239
829:
830: 1888 1112
831: 3165 2379 993
832: 2559 2185 1446
833:
834: 2090 1690 1301
835: 2550 2035 901
836: 2121 1657 1372
837:
838:
839: 3198 1367 1305 1129 1118
840: 3025 1542
841: 2756 1584
842: 1746 857
843: 3316 2831 1875 1828
844: 1966
845: 2815 1041
846: 2161
847: 3397 3361 2331 1778 1460
848: 2231
849:
850: 2385
851: 1270
852: 2893 1850
853: 1203
854: 2039 1932
855: 2167 865
856: 3140 1336
857:
858: 975
859: 2478 1171
860:
861: 1142
862: 3403 2085 1202
863: 1945
864: 2832 2741 2441
865: 1312
866: 2772
867: 1952 1652
868: 2652 2372 1986 1801 1422 1414
869: 2345 1093
870: 2620 2528
871: 2617 1042 990
872: 3305 3250 2680 2633 1389 903
873: 2116 1190 1103
874: 3441 3048 2222
875:
876: 1114
877: 2837 1704 918
878: 3332 2936
879: 1332 1137
880: 2125 1462
881:
882:
883: 2911 1618 1279
884: 2366 2201 1887
885:
886: 3303
887: 1972
888: 1471 1216
889: 1656 967
890: 2948 1793
891: 2098
892: 3467 3384 1720 1408
893:
894: 2755 2352 1951 1117 1107 1000
895: 2132
896: 2006 1528
897: 3433 3229 2845 1526
898: 2032
899: 2627 1359 1354
900: 3320 3056 2413
901: 2864
902: 1037
903: 1108 1001
904: 3303 1475
905: 1410
906:
907: 3230 1841 1032
908: 1966 1173 1133 971
909: 978
910:
911: 2574 2110 1003
912: 3400 2737 2656 1583
913: 3121
914: 2224
915: 2756
916: 3453 2833 1878 1268
917:
918: 1476
919: 1356 1002
920: 3031 2152 1700 1588
921: 2792 1916
922: 1297
923: 2214
924: 1029
925:
926:
927: 3335 1243
928:
929: 3232 2899 1057
930: 2653 2393 979
931: 1063
932: 1736 1072
933: 1858
934: 3452 2419 1944
935: 1521
936: 2416
937: 3158 2907 1964 1683
938:
939: 3186 1806 1073
940:
941:
942: 3024
943: 2611 1450 1176
944:
945:
946: 2611 2557
947: 3270 1261 1007
948: 3442 3292
949: 2495 1229
950:
951:
952: 2298
953: 3253 1081
954:
955: 1596 1563
956:
957:
958: 2020
959:
960: 2234
961: 1266
962: 2780
963: 2289
964: 3322
965: 1244 985
966: 1798
967:
968: 2892
969: 1844
970: 3374 1236
971: 3018 1679
972: 1054
973: 2742 2716
974: 3076
975: 2227 1691
976: 1738
977: 1276
978: 1468
979: 1075
980: 2407
981: 2435 2038 1965 1742 1320
982:
983: 3251 1876 1156
984: 2005
985:
986: 1557 1400 1020
987: 2884 1605
988: 2962
989: 1824
990: 1540
991: 2312 1454
992:
993: 1996 1896 1517
994: 3114 1351
995:
996: 3124 2928 2251 1811
997: 2198 1662 1619 1264
998:
999: 2284 2026 1957 1697 1432
1000: 2346 1994 1403 1191
1001:
1002: 3351 1938 1126
1003: 1307
1004: 1464 1433
1005: 2586 2128
1006: 2347 1860
1007: 1085
1008: 2643 2412 1109
1009:
1010: 2299
1011: 1599
1012:
1013:
1014: 3068 1830 1628
1015:
1016:
1017:
1018: 2041
1019: 2166 1893
1020: 2635 2016 1953
1021:
1022:
1023: 2559 1446
1024: 3405 3025 1440
1025:
1026:
1027: 1105
1028: 1824 1053
1029: 2916 2215 1123
1030: 2731 1080
1031: 2059
1032: 3383 2641 2280 1560 1467 1069
1033:
1034: 3035 1739
1035:
1036: 3246 3150 2943 2912 2394 1205
1037:
1038: 1421
1039: 2867 1329
1040: 2301
1041: 2680 2633
1042: 2717 2594 2402 1879
1043:
1044: 2933
1045: 3048 1372
1046: 1712 1256
1047: 1124
1048: 1620 1535
1049:
1050: 1931
1051: 2850
1052:
1053: 2558 2130
1054:
1055:
1056: 3097 2855 1971
1057: 1808
1058: 2368
1059: 1498
1060: 2353
1061: 1495
1062: 3429 3268
1063: 2186 1997 1718
1064: 2463 2075
1065: 3153
1066: 3243 2009
1067:
1068:
1069: 2060 1927 1317
1070: 2742 2716 2498 2106
1071: 2790 1930
1072: 3162 1387
1073: 2996 2839
1074: 2905
1075:
1076: 3124 1773
1077: 1904
1078: 1982
1079: 3294
1080: 1750
1081: 2143
1082:
1083: 1582
1084: 2914
1085:
1086: 2403 1578
1087: 1898 1834
1088:
1089: 2203 1714 1288
1090: 1908
1091:
1092: 2437 2399 1671
1093: 2789 2359 1309
1094: 1657
1095: 2421 1719
1096:
1097:
1098: 2704
1099: 1983 1849 1788 1184
1100:
1101: 2237 1643
1102: 3307
1103: 2263 2042 1259
1104: 2150 1561
1105: 3078
1106: 3305 3250 1556 1545 1299
1107: 1378 1166
1108:
1109: 2903 2332 1511
1110: 2722 1531
1111:
1112: 2281 1328 1145
1113: 2065 1797
1114: 1873
1115:
1116:
1117: 3119 2591 1743 1160
1118: 2814 2383 2360 2356 2003 1590
1119: 2818 2339 2025
1120: 2703 1172
1121:
1122:
1123: 2295
1124: 2238
1125: 2555 1443
1126:
1127: 3449 1246
1128: 3101 1514
1129: 1197
1130:
1131:
1132: 1283
1133: 3422 3112 2394
1134:
1135:
1136: 3400 2951 2525
1137: 1589
1138: 1789
1139:
1140: 1269
1141: 2346 1994
1142:
1143: 1998 1416
1144:
1145:
1146: 2208
1147: 2964
1148: 3187
1149: 3378
1150: 1361 1330 1223
1151: 1812
1152:
1153: 2000 1541 1426
1154: 1241 1187
1155:
1156: 2481
1157: 2108 2008 1786 1349 1344
1158: 3399 2941 1615
1159: 1717 1688
1160: 3314
1161: 3437 3001 2370
1162:
1163: 3444
1164:
1165: 3300
1166: 2056
1167: 2880
1168: 2743
1169: 1970 1267
1170: 1976
1171: 1453
1172: 2281
1173: 3052 2615 1385
1174:
1175: 3067 2377 1707
1176: 1506
1177: 3429
1178: 2004 1500
1179: 2795 2470 2304
1180: 2140 2088
1181:
1182: 3266 2197 1451
1183:
1184: 1831 1228
1185:
1186: 1551
1187: 2868
1188:
1189: 3230 2031 1841 1206
1190:
1191:
1192: 3003 1905 1609
1193: 3371 3340
1194: 3328 3217
1195: 3355 3096 1846
1196:
1197: 3291
1198: 1677 1402
1199: 3336
1200:
1201: 1967 1837
1202:
1203:
1204:
1205: 1318 1273
1206:
1207: 2524
1208: 2670 1576
1209:
1210:
1211: 1427
1212: 1548
1213: 3388 1687
1214: 3198
1215:
1216: 3283 3106
1217: 2957 2260 1474 1368 1352
1218: 2465
1219: 1709
1220:
1221: 3145 1670
1222: 3450
1223: 2093 1632
1224:
1225:
1226: 2573
1227: 2000 1772
1228: 3283
1229:
1230:
1231:
1232: 1314
1233:
1234: 1327
1235:
1236: 2499 1375
1237: 3430 1490
1238: 1792 1722 1641
1239: 2578
1240: 1411
1241: 2040 1804 1624
1242: 1865
1243:
1244: 1814
1245: 2697
1246:
1247: 3050 2729 2320 1638
1248: 2324 1880 1552
1249:
1250:
1251: 2813
1252:
1253: 2751 2569 2504 1764
1254:
1255:
1256:
1257: 3015 2391 2287 1685 1388 1323
1258: 3324 2387
1259: 2647
1260:
1261: 2578 1901
1262: 1648
1263: 2885
1264: 1311
1265:
1266: 3016
1267:
1268: 3413
1269: 1525
1270:
1271: 3141
1272: 1741
1273: 2863
1274:
1275: 3025 1832
1276:
1277: 1559
1278: 2034
1279:
1280: 2338
1281: 3177 1734
1282: 2080 1461
1283: 2673 2101
1284: 2889 2866 2778
1285: 3281
1286: 3448
1287: 1313
1288:
1289:
1290: 3275
1291:
1292:
1293:
1294: 1698
1295: 2897
1296: 2631 2400
1297: 2133
1298:
1299: 2747 1810 1594
1300: 2271 1752 1699
1301: 2227 1398
1302: 3071 1407
1303:
1304: 3267 2922
1305:
1306: 1456
1307: 3434 3064 1631
1308:
1309:
1310: 3095 1365
1311:
1312: 2646
1313: 2401
1314:
1315: 1840
1316:
1317: 2111
1318: 2400
1319: 2315
1320: 2228
1321: 3451
1322: 3284 2127
1323:
1324:
1325: 3239 1602
1326:
1327: 2841 2244
1328: 3151 2883 1872 1477
1329: 2630 1401
1330: 3239 2847
1331: 2512
1332:
1333: 2981 1768
1334: 2822 2505 1665
1335: 2175
1336: 2600 1748 1580
1337:
1338: 2103 1820 1744
1339:
1340: 1884
1341:
1342: 3246 3150 2668
1343: 3024
1344: 2154 1572
1345:
1346: 1746
1347: 2620 2528 1558
1348: 2285
1349: 3331
1350:
1351: 3298
1352: 3057 1854
1353:
1354:
1355:
1356: 1459
1357: 1899 1386
1358:
1359: 3119
1360: 2975 2087
1361:
1362: 2218 1928 1680 1494
1363:
1364: 2233 1826 1587
1365: 2510 1543
1366: 2496
1367: 2681
1368:
1369: 1465
1370: 1710 1499
1371: 2900 2235
1372: 2148
1373: 2091 2053 1646
1374:
1375: 2875 1984 1419
1376:
1377:
1378:
1379: 1513
1380: 2925 2662
1381:
1382: 1486
1383: 3433
1384: 2013
1385:
1386:
1387: 2672 2326 1894
1388: 1979
1389: 2992
1390:
1391:
1392: 2537 1515
1393: 2443
1394:
1395: 2519
1396: 1684
1397:
1398: 3003 1905
1399:
1400: 1919
1401:
1402:
1403:
1404: 2058
1405:
1406: 1755
1407: 2245
1408: 2861
1409:
1410:
1411:
1412:
1413:
1414: 3427 3320 3056
1415: 2862
1416:
1417: 2488 1816 1655 1568
1418:
1419: 3448 1441
1420: 2236
1421:
1422: 2989 1843
1423: 2698
1424:
1425:
1426: 1533
1427:
1428:
1429:
1430: 3391
1431:
1432:
1433:
1434:
1435: 2243
1436: 1815
1437:
1438: 2061
1439:
1440: 1487
1441:
1442:
1443: 2216
1444: 1516 1472
1445:
1446: 2375
1447: 3424
1448: 1522
1449: 1749
1450: 2249
1451: 1701
1452: 2062
1453:
1454: 2890
1455:
1456:
1457: 2435 2038
1458: 1809
1459:
1460: 1550
1461:
1462: 2663 1608
1463: 3063
1464: 3050 2729 2320
1465: 2556 1573 1569
1466:
1467:
1468: 1496
1469: 2723 1890
1470: 2958 2614
1471: 3310 3032
1472:
1473:
1474: 2521
1475:
1476:
1477: 1767
1478:
1479: 3110 2986
1480: 3123 2018
1481:
1482: 2389 2378 2264 2077
1483:
1484: 2220 1529
1485: 2084
1486:
1487: 1862
1488:
1489:
1490: 3343
1491: 3348 2104 1924 1546
1492:
1493:
1494: 3235 2256
1495: 1586
1496:
1497:
1498: 3185 1649
1499:
1500:
1501:
1502: 3195 1774
1503: 1780
1504: 2316 2097
1505:
1506: 2092
1507: 2500 2057 1978
1508: 3161 2276
1509: 2099
1510: 3045 1856
1511: 3148
1512: 3186 3149 2921 2773
1513:
1514: 2892 1871
1515: 2538
1516: 2846
1517: 1597
1518: 3409 2835
1519: 2847 1625
1520: 2599
1521: 3103 2560
1522:
1523:
1524:
1525: 3042 2761
1526:
1527: 3107
1528: 3164 2449
1529:
1530: 2039 1932
1531:
1532:
1533: 1760
1534: 2411 1800
1535: 1614
1536: 1963
1537:
1538:
1539:
1540: 1740
1541:
1542: 2428 1630
1543: 2859
1544: 1942
1545:
1546: 2824 2575 2480
1547:
1548:
1549:
1550: 1859
1551: 2180 1613
1552: 2886
1553: 2067
1554: 2466
1555:
1556: 3048
1557: 3364 2072
1558: 3233 2865 2693
1559:
1560: 2043
1561: 3223
1562: 3298
1563: 2405 1791
1564:
1565: 1795
1566:
1567: 2985
1568: 3033
1569: 2178
1570:
1571:
1572: 3425 2636 2597 2553
1573: 2621 1867
1574:
1575: 2019
1576:
1577:
1578: 2775 2678 1674
1579:
1580:
1581: 2261 1606
1582:
1583:
1584: 3119 1626
1585: 1866
1586:
1587: 3242
1588: 2682
1589:
1590:
1591:
1592: 1663
1593: 1949
1594: 1729
1595:
1596: 2189
1597: 3036 2275
1598:
1599:
1600:
1601: 1845
1602:
1603:
1604:
1605: 1897 1759
1606: 3265 3018 2935
1607:
1608: 2119 2109 1847 1693
1609: 3295 2566 2302
1610: 3315 2967 2554
1611: 3175 2420
1612: 1725
1613:
1614:
1615: 2136 1737
1616: 2134 1783
1617: 2573
1618: 3052 2771
1619: 2260
1620: 2437 2399
1621: 2371
1622:
1623: 3317 2027
1624: 3021 2842 1803
1625:
1626:
1627: 2637
1628: 2002
1629: 3091
1630:
1631: 3125 2851 1835
1632:
1633: 2860 2484 2328
1634:
1635:
1636:
1637:
1638: 3040
1639:
1640: 2066 2024
1641: 2175 1757
1642:
1643: 2709
1644: 2664
1645: 3337
1646: 2679
1647:
1648:
1649: 2944
1650:
1651: 2248
1652:
1653: 2919
1654: 2445 2114 1775
1655: 1678
1656: 1985
1657:
1658:
1659:
1660: 3346
1661:
1662: 2688 1708
1663:
1664: 2397
1665: 2240
1666:
1667: 2381 1695
1668: 2687
1669:
1670: 2602 2343 2086 1769
1671: 3053 2126 1903 1756
1672: 1987
1673: 1939
1674: 2455 2179 1980 1787
1675: 3311
1676: 2690 2334 2068
1677:
1678:
1679:
1680:
1681:
1682: 1765
1683: 3223
1684:
1685:
1686: 2990
1687:
1688:
1689: 2485 2139 2074 1747
1690:
1691:
1692: 3428 2718
1693: 3238 3115
1694:
1695: 2759
1696: 3455 2007 1977
1697:
1698: 2432
1699: 2585
1700:
1701:
1702: 2604
1703:
1704: 3214
1705:
1706: 3420 2803
1707: 3268
1708:
1709: 3266
1710:
1711: 2889 2778
1712: 3202
1713:
1714:
1715: 2938 2603
1716: 2216
1717: 2329
1718: 3099 2840
1719: 3407 2534
1720: 3386
1721:
1722: 3263
1723: 3207
1724:
1725:
1726: 3323 3086
1727:
1728: 2805
1729: 3144 2472
1730:
1731:
1732: 2675
1733:
1734: 3287
1735:
1736:
1737: 3326
1738: 2200 2190
1739:
1740:
1741:
1742: 3252
1743: 2147 1999
1744: 3108 2149
1745: 2906 2769
1746:
1747: 3454 3071 2666
1748:
1749: 1960
1750: 1813
1751:
1752:
1753: 2582
1754: 2701
1755:
1756: 2047
1757: 2317
1758: 3034
1759: 1807
1760:
1761: 2100
1762:
1763: 2808 2711
1764:
1765:
1766:
1767:
1768: 1920
1769: 2817
1770:
1771:
1772: 2176
1773:
1774:
1775: 2079
1776: 2427
1777:
1778:
1779:
1780: 3144 2472 1805
1781:
1782: 2217
1783: 2484
1784: 2931
1785: 3022 2896 2587
1786: 2767
1787: 1950
1788:
1789:
1790: 2838 2601
1791:
1792: 3389
1793: 3229
1794: 3081
1795:
1796: 2482
1797: 2213
1798: 2879
1799: 3169 2788 2487 2410
1800:
1801:
1802:
1803:
1804:
1805:
1806: 2388
1807: 2567
1808:
1809: 3043
1810: 3141
1811: 2120
1812:
1813:
1814: 1968
1815:
1816: 1864
1817:
1818:
1819:
1820:
1821:
1822: 2878 2783
1823:
1824: 2674
1825: 1842
1826: 2305
1827:
1828: 2596 1915
1829:
1830:
1831:
1832:
1833: 2638
1834: 2702 2691
1835: 2753
1836:
1837: 1857
1838:
1839: 3332
1840:
1841: 2606
1842:
1843: 1892
1844: 2211
1845: 2442
1846: 3093 1934
1847: 2258
1848: 2811
1849:
1850:
1851: 2952 2460
1852: 3344 2014
1853: 2017 1954
1854: 3173
1855: 2123
1856:
1857:
1858:
1859:
1860:
1861: 2570
1862: 2462
1863:
1864: 3286
1865: 2021
1866:
1867:
1868:
1869:
1870:
1871:
1872: 2823
1873:
1874:
1875: 3417 2194
1876: 3460 2181
1877:
1878:
1879:
1880: 3066
1881: 1921
1882:
1883: 3460
1884:
1885:
1886:
1887: 2937
1888: 2314
1889: 2490
1890:
1891:
1892:
1893: 2044
1894: 3371 3340 2185
1895:
1896: 1988
1897:
1898:
1899:
1900: 3080 2153
1901:
1902: 3157 2768
1903: 3232
1904: 3218 2157
1905: 3203 2536
1906: 2571
1907:
1908: 2915
1909:
1910:
1911: 2736
1912:
1913:
1914:
1915: 3347
1916: 2806
1917: 2011
1918: 3441 2048
1919:
1920:
1921: 2046
1922: 3427
1923:
1924:
1925:
1926:
1927: 2530 2392
1928: 2978
1929:
1930:
1931: 2887
1932: 3280
1933: 3333
1934:
1935: 2272
1936: 3312
1937: 3192
1938: 1973
1939: 3092
1940: 2894
1941:
1942:
1943: 2209
1944: 2543
1945: 2920 2786 2467
1946:
1947:
1948: 2801
1949: 2083
1950: 3271
1951:
1952: 2764
1953:
1954:
1955: 2805
1956:
1957: 2579
1958:
1959: 2853 2640
1960: 3355
1961: 3107
1962: 2782
1963: 3456 2469
1964: 2889 2778
1965: 2212
1966:
1967: 2023
1968: 3382
1969:
1970: 2267
1971:
1972:
1973: 2242
1974:
1975: 3120 2363
1976: 2454
1977: 2774
1978: 2628
1979:
1980: 3338
1981:
1982:
1983: 2064
1984: 2713
1985: 3019 2770
1986:
1987:
1988: 2029
1989:
1990:
1991:
1992:
1993:
1994:
1995: 3290 2300 2255
1996:
1997: 2535
1998: 2970
1999: 2169
2000: 2654
2001: 3396 3072 2015
2002: 3359 3113
2003:
2004: 3394 2936 2165
2005:
2006:
2007:
2008:
2009:
2010:
2011: 2580
2012:
2013:
2014: 2520
2015:
2016: 2928
2017:
2018:
2019:
2020:
2021:
2022: 2155
2023: 2122
2024: 2297
2025: 2131
2026: 2036
2027:
2028: 2223
2029: 2974
2030: 3342 3156
2031:
2032: 2113
2033: 2144
2034: 3022
2035: 3431 3073 2545
2036:
2037:
2038:
2039:
2040: 2333
2041:
2042: 3218
2043:
2044:
2045:
2046:
2047:
2048: 3385 2813 2785
2049:
2050: 2335
2051: 2548 2431
2052:
2053: 3411
2054:
2055:
2056: 2794
2057:
2058:
2059:
2060:
2061:
2062: 2522
2063:
2064: 3422 3112
2065: 2807
2066:
2067: 3117
2068:
2069:
2070: 2572 2541 2323
2071:
2072:
2073:
2074:
2075: 3308 2634
2076: 3414
2077:
2078:
2079:
2080:
2081:
2082: 2688
2083:
2084: 3432
2085: 2727
2086:
2087: 3255
2088: 3466
2089: 3176 2283
2090: 3055 2532
2091: 2805
2092:
2093:
2094: 2188
2095:
2096: 2950
2097: 3469 2473 2232
2098:
2099:
2100:
2101:
2102:
2103:
2104:
2105: 2632
2106: 3079
2107: 2279
2108: 2874
2109:
2110:
2111:
2112:
2113:
2114:
2115:
2116: 3324
2117:
2118: 2696 2321
2119:
2120: 2202
2121:
2122: 3172
2123: 2828
2124: 2390
2125: 2973
2126: 3471
2127:
2128:
2129:
2130: 2963
2131:
2132:
2133:
2134: 3194
2135: 2174
2136:
2137:
2138:
2139: 2993
2140:
2141:
2142:
2143:
2144: 2854
2145: 3279
2146: 2374
2147:
2148: 3275
2149:
2150: 3155
2151: 2593
2152: 2294 2266
2153:
2154: 2762
2155:
2156:
2157:
2158:
2159: 3241
2160:
2161:
2162: 2827 2757 2247 2196
2163:
2164:
2165: 2953
2166:
2167: 2982 2307
2168:
2169:
2170:
2171:
2172: 3027
2173: 3339 2871
2174: 3285
2175:
2176:
2177:
2178:
2179:
2180: 3065
2181: 2707
2182:
2183:
2184:
2185:
2186:
2187: 3102
2188:
2189:
2190: 3249 3088 2278
2191:
2192: 3467 3384
2193:
2194: 3376
2195: 3256
2196:
2197: 3283
2198: 2482
2199:
2200:
2201:
2202:
2203: 2987
2204:
2205:
2206: 2461
2207: 2340
2208:
2209: 3357 2608
2210: 3366
2211:
2212:
2213:
2214: 2489 2318
2215:
2216:
2217:
2218: 2373
2219:
2220:
2221:
2222:
2223:
2224:
2225: 3259 3062 2274
2226: 2918
2227: 3255
2228: 3370 3183
2229:
2230:
2231:
2232:
2233:
2234:
2235: 3442 2296
2236: 2686
2237: 3215 2414
2238:
2239: 3059 2539
2240: 3234
2241:
2242: 2849
2243: 2246
2244:
2245: 3139
2246:
2247: 3309
2248: 3099 2549
2249: 3462
2250: 3406 2945
2251:
2252:
2253:
2254: 2951 2254
2255: 2959
2256: 2830
2257:
2258:
2259:
2260: 2715
2261: 2825
2262: 2829 2671
2263:
2264:
2265:
2266:
2267:
2268:
2269: 2744
2270: 3041
2271: 3392 3010 2844 2577
2272:
2273: 3019
2274: 2955
2275:
2276: 2564
2277:
2278:
2279: 2642
2280:
2281:
2282:
2283:
2284:
2285: 2909 2819
2286:
2287:
2288:
2289: 2436
2290: 3078 2965
2291:
2292:
2293: 2605
2294:
2295:
2296: 3296
2297: 2282
2298:
2299:
2300: 2444
2301:
2302:
2303: 3308 3084
2304: 3185
2305:
2306: 3152 2362
2307:
2308: 2745
2309:
2310:
2311:
2312: 3207
2313: 3302
2314:
2315:
2316: 2531
2317: 2626
2318:
2319: 2365
2320: 2429
2321: 2434
2322:
2323: 2746
2324: 3363 2902
2325: 2857
2326: 3135
2327: 2508
2328: 2361
2329:
2330:
2331:
2332:
2333: 2552
2334:
2335: 2971 2607 2456
2336: 3410
2337: 2891
2338:
2339: 2719 2448
2340:
2341:
2342:
2343: 2406
2344:
2345:
2346: 3090 2812
2347: 2852
2348:
2349: 2739
2350:
2351:
2352: 3180
2353:
2354:
2355: 2433
2356:
2357:
2358: 3345
2359:
2360:
2361:
2362:
2363:
2364:
2365:
2366:
2367:
2368: 2954
2369:
2370:
2371:
2372:
2373:
2374:
2375: 2735
2376:
2377:
2378: 2664
2379:
2380:
2381: 3276
2382:
2383:
2384:
2385:
2386: 2486
2387:
2388:
2389: 3226 3225 2395
2390:
2391: 3098
2392:
2393: 3425 3259 3212 3062 2636 2597 2553
2394: 3353
2395: 2382
2396:
2397:
2398:
2399:
2400:
2401: 2843 2685
2402:
2403: 3454
2404:
2405:
2406:
2407:
2408: 2777
2409: 3133
2410: 2930
2411:
2412: 3129
2413: 2683
2414: 2659
2415:
2416:
2417:
2418:
2419:
2420:
2421:
2422: 3297 2733
2423:
2424:
2425:
2426:
2427: 3262
2428:
2429: 3304
2430:
2431:
2432:
2433:
2434:
2435: 2515
2436: 2583
2437:
2438:
2439:
2440:
2441:
2442:
2443:
2444: 2511
2445:
2446:
2447:
2448: 2802
2449: 3242
2450:
2451:
2452:
2453:
2454: 3404
2455:
2456:
2457:
2458: 3443 2595
2459:
2460:
2461:
2462: 3014
2463:
2464:
2465: 2969 2748
2466:
2467:
2468:
2469:
2470:
2471: 2898
2472:
2473:
2474:
2475:
2476:
2477: 3348 2820
2478: 2750
2479:
2480: 2639
2481:
2482:
2483:
2484:
2485:
2486:
2487:
2488:
2489:
2490:
2491: 2932
2492: 2612
2493:
2494: 3438
2495: 2546
2496:
2497:
2498:
2499: 2876
2500: 3261 2645
2501: 2724
2502:
2503:
2504:
2505:
2506: 3431 3073 2563
2507:
2508:
2509:
2510:
2511:
2512:
2513:
2514:
2515:
2516: 2648
2517:
2518:
2519: 3290
2520:
2521:
2522:
2523:
2524:
2525: 3013
2526:
2527:
2528: 2728
2529:
2530:
2531:
2532:
2533:
2534: 3273
2535: 2765
2536:
2537:
2538:
2539:
2540:
2541:
2542:
2543:
2544: 2858
2545:
2546:
2547:
2548:
2549:
2550:
2551:
2552: 3272
2553:
2554:
2555:
2556:
2557: 2692
2558: 3206
2559:
2560: 3023 2623
2561:
2562:
2563:
2564:
2565: 3372
2566:
2567:
2568:
2569:
2570:
2571:
2572:
2573:
2574:
2575:
2576: 2760
2577:
2578:
2579:
2580:
2581: 3240
2582: 3368
2583:
2584: 3193 2888
2585: 2776
2586: 3451
2587:
2588:
2589:
2590:
2591:
2592:
2593:
2594:
2595:
2596: 2650
2597: 2947 2689
2598:
2599:
2600:
2601:
2602:
2603:
2604:
2605:
2606:
2607:
2608:
2609:
2610: 3143
2611:
2612: 2622
2613:
2614:
2615:
2616:
2617:
2618:
2619:
2620:
2621:
2622:
2623:
2624: 3047
2625:
2626:
2627: 3236 2705
2628:
2629:
2630:
2631: 3398
2632:
2633:
2634: 3390
2635: 3439
2636:
2637:
2638:
2639: 3275
2640:
2641: 3237
2642:
2643:
2644: 3349
2645:
2646:
2647: 3463 2997
2648:
2649:
2650:
2651:
2652:
2653:
2654:
2655:
2656: 3002
2657:
2658:
2659:
2660:
2661:
2662:
2663:
2664:
2665:
2666:
2667:
2668: 3224
2669:
2670:
2671:
2672:
2673:
2674:
2675:
2676: 2968
2677: 3157
2678:
2679:
2680:
2681:
2682:
2683:
2684:
2685: 3137
2686:
2687:
2688:
2689: 3046
2690:
2691:
2692:
2693: 3020
2694:
2695: 3182
2696:
2697:
2698:
2699:
2700:
2701:
2702: 3159 3000 2966
2703:
2704:
2705: 3362 3227
2706:
2707: 2725
2708:
2709:
2710: 3367
2711: 3436
2712: 2720
2713: 3375
2714: 3011
2715: 3380 3087
2716: 3089
2717:
2718:
2719:
2720:
2721:
2722:
2723:
2724:
2725: 2929
2726: 3126
2727:
2728: 3088
2729:
2730:
2731:
2732:
2733:
2734: 2895
2735:
2736:
2737: 3458
2738:
2739:
2740:
2741:
2742:
2743:
2744:
2745:
2746:
2747:
2748:
2749:
2750:
2751:
2752:
2753:
2754:
2755:
2756:
2757:
2758:
2759:
2760:
2761:
2762: 3393
2763: 2949
2764:
2765: 3039
2766: 2995
2767:
2768:
2769:
2770:
2771:
2772:
2773: 2836
2774:
2775:
2776: 3325
2777:
2778: 3097
2779:
2780:
2781: 2971
2782:
2783:
2784: 3060
2785:
2786:
2787: 3247
2788: 3279
2789:
2790:
2791:
2792:
2793:
2794:
2795:
2796:
2797:
2798:
2799:
2800:
2801:
2802:
2803:
2804:
2805:
2806:
2807:
2808:
2809:
2810:
2811:
2812:
2813: 3299
2814:
2815: 3163
2816: 2916
2817: 2872
2818:
2819:
2820:
2821:
2822:
2823:
2824:
2825:
2826:
2827:
2828:
2829:
2830:
2831: 3381
2832: 3416
2833: 3415
2834:
2835:
2836:
2837:
2838:
2839:
2840: 3457
2841:
2842:
2843:
2844:
2845: 3447
2846:
2847:
2848:
2849:
2850:
2851:
2852:
2853: 3330
2854:
2855: 3009
2856:
2857:
2858:
2859:
2860:
2861: 3100
2862:
2863:
2864:
2865: 3459
2866:
2867:
2868:
2869:
2870:
2871:
2872:
2873:
2874:
2875:
2876:
2877:
2878:
2879:
2880: 2886
2881:
2882:
2883: 3408
2884:
2885:
2886:
2887:
2888:
2889:
2890:
2891:
2892:
2893:
2894:
2895:
2896:
2897: 3282
2898:
2899: 3201
2900:
2901: 3440
2902:
2903: 3037
2904:
2905: 3464
2906:
2907:
2908:
2909:
2910:
2911:
2912:
2913:
2914:
2915:
2916:
2917:
2918:
2919:
2920:
2921:
2922:
2923:
2924:
2925:
2926:
2927:
2928:
2929:
2930: 3313
2931:
2932:
2933: 3075
2934:
2935:
2936:
2937: 2942
2938: 3216 3049
2939:
2940:
2941: 3004
2942:
2943:
2944:
2945:
2946:
2947:
2948:
2949: 3174
2950:
2951:
2952:
2953:
2954:
2955:
2956:
2957:
2958:
2959:
2960: 3221
2961:
2962:
2963:
2964:
2965:
2966:
2967:
2968:
2969:
2970: 3188
2971:
2972:
2973:
2974:
2975:
2976:
2977:
2978:
2979: 3219
2980:
2981:
2982:
2983: 3008
2984:
2985:
2986:
2987:
2988:
2989: 3321
2990:
2991:
2992:
2993:
2994:
2995:
2996:
2997:
2998:
2999: 3130
3000:
3001:
3002:
3003:
3004:
3005: 3154
3006:
3007:
3008: 3178
3009: 3222
3010:
3011:
3012:
3013:
3014: 3196
3015:
3016:
3017:
3018:
3019:
3020:
3021:
3022: 3061
3023:
3024:
3025:
3026:
3027:
3028:
3029:
3030:
3031:
3032:
3033:
3034: 3058
3035:
3036:
3037: 3132
3038:
3039: 3465 3105
3040: 3077
3041:
3042:
3043:
3044:
3045:
3046:
3047:
3048:
3049:
3050:
3051:
3052:
3053:
3054:
3055:
3056:
3057:
3058:
3059:
3060: 3054
3061:
3062:
3063: 3146
3064:
3065:
3066:
3067:
3068:
3069:
3070:
3071:
3072:
3073:
3074:
3075:
3076:
3077:
3078: 3418
3079:
3080:
3081:
3082:
3083:
3084:
3085:
3086:
3087:
3088: 3322
3089:
3090:
3091:
3092:
3093:
3094:
3095: 3362 3227
3096:
3097:
3098: 3412
3099:
3100:
3101:
3102:
3103:
3104:
3105: 3190
3106:
3107: 3257
3108:
3109:
3110:
3111:
3112:
3113:
3114:
3115:
3116:
3117:
3118:
3119:
3120:
3121:
3122:
3123:
3124:
3125:
3126:
3127:
3128:
3129:
3130:
3131:
3132:
3133:
3134:
3135: 3127
3136: 3277
3137:
3138: 3179
3139:
3140:
3141:
3142:
3143:
3144:
3145:
3146:
3147:
3148:
3149:
3150:
3151:
3152:
3153:
3154:
3155:
3156:
3157:
3158:
3159:
3160:
3161:
3162:
3163:
3164:
3165:
3166:
3167:
3168:
3169: 3356
3170:
3171:
3172:
3173: 3319
3174:
3175:
3176:
3177: 3254
3178: 3189
3179:
3180:
3181:
3182:
3183:
3184:
3185:
3186:
3187:
3188:
3189:
3190:
3191:
3192:
3193:
3194:
3195: 3358
3196:
3197:
3198:
3199:
3200:
3201:
3202:
3203:
3204:
3205:
3206:
3207:
3208:
3209:
3210:
3211:
3212:
3213:
3214:
3215:
3216:
3217:
3218:
3219: 3318
3220:
3221:
3222:
3223:
3224: 3205
3225:
3226:
3227:
3228:
3229:
3230:
3231:
3232:
3233:
3234:
3235:
3236:
3237:
3238:
3239:
3240: 3402
3241:
3242:
3243:
3244:
3245:
3246:
3247:
3248:
3249:
3250:
3251:
3252:
3253:
3254:
3255:
3256:
3257:
3258:
3259:
3260:
3261:
3262:
3263:
3264:
3265:
3266:
3267:
3268:
3269:
3270:
3271:
3272:
3273:
3274:
3275:
3276:
3277:
3278:
3279:
3280:
3281:
3282:
3283:
3284:
3285:
3286:
3287:
3288:
3289:
3290:
3291:
3292:
3293:
3294:
3295:
3296:
3297:
3298:
3299:
3300:
3301:
3302:
3303:
3304:
3305:
3306:
3307:
3308:
3309:
3310:
3311:
3312:
3313:
3314:
3315:
3316:
3317:
3318:
3319:
3320:
3321:
3322:
3323:
3324:
3325:
3326:
3327:
3328:
3329:
3330:
3331:
3332:
3333:
3334:
3335:
3336:
3337:
3338:
3339:
3340:
3341:
3342:
3343: 3426
3344:
3345:
3346:
3347:
3348:
3349:
3350:
3351:
3352:
3353:
3354:
3355:
3356:
3357:
3358:
3359:
3360:
3361:
3362:
3363:
3364:
3365:
3366:
3367:
3368:
3369:
3370:
3371:
3372:
3373:
3374:
3375:
3376:
3377:
3378:
3379:
3380:
3381:
3382:
3383:
3384:
3385:
3386:
3387:
3388:
3389:
3390:
3391:
3392:
3393:
3394:
3395:
3396:
3397:
3398:
3399:
3400:
3401:
3402:
3403:
3404:
3405:
3406:
3407:
3408:
3409:
3410:
3411:
3412:
3413:
3414:
3415:
3416:
3417:
3418:
3419:
3420:
3421:
3422:
3423:
3424:
3425:
3426:
3427:
3428:
3429:
3430:
3431:
3432:
3433:
3434:
3435:
3436:
3437:
3438:
3439:
3440:
3441:
3442:
3443:
3444:
3445:
3446:
3447:
3448:
3449:
3450:
3451:
3452:
3453:
3454:
3455:
3456:
3457:
3458:
3459:
3460:
3461:
3462:
3463:
3464:
3465:
3466:
3467:
3468:
3469:
3470:
3471:
3472:
3473:
3474:
3475:
3476:
3477:
3478:
3479:
3480:
3481:
3482:
3483:
3484:
3485:
