1: 2256 819 139 17 12 7 2
2: 2034 1621 1359 1336 919 869 731 726 702 674 633 372 118 4 3
3: 2380 2269 2256 861 819 546 441 366 340 159 155 139 1
4: 2472 2239 2205 1862 1690 1436 1110 1081 1076 902 885 836 830 567 554 550 520 502 470 435 380 377 248 78 70 63 57 55 52 48 14 6 5
5: 2239 1976 1690 830 550 470 377 143 123 57 55 41 38 10
6: 2034 1621 1523 1457 1436 1322 1228 1044 945 684 617 567 560 554 520 502 453 365 175 174 9 8
7: 1690 550 78 57 55 41 38
8: 1527 1086 849 371 250 244 236 187 168 81 75 62 50 30 20 11
9: 2447 1717 1198 881 149 34
10: 1269
11: 620 423 93 92 68 43 25
12: 2017 1849 1019 647 358 169 124 61 31 28 19
13: 1073 730 556 381 311 128 127 39 36 35 16 15 13
14: 144 70 63 52 23 14
15: 2131 858 619 588 528 525 501 314 304 290 274 146 105 101
16: 1946 1847 944 695 549 184 165 115 47 46 26 22 21
17: 2410 24 18
18: 759 636 44 37
19: 1757 974 379 42
20: 2131 1611 858 588 528 525 202 103 83 32
21: 969 335 177 106 45 40 33 27
22: 2131 1808 858 588 528 525 314 304 202 32
23: 1565 29
24: 1220 967 919 882 869 764 413 388 162
25: 1123 965 188 65 51
26: 1961 1761 1392 1275 909 353 350
27: 893 398 160 111 88 84
28: 575 243 152
29:
30: 2417 2348 2334 1893 1805 1471 1460 1332 1315 857 485 454 331 301 298 222 216 205 171 148 129 102 94 56 49
31: 1976 1481 747 693 620 108 93 53 43
32: 1783 1550 725 181
33: 2052 1553 998 961 334 279 229 191 190 141 66
34: 1765 1736 1709 1460 1427 1304 454 205 102
35: 2004 1272 218 85
36: 1138 125
37: 2384 2035 1181 1160 1087 796 699 645 289 180
38: 799 497 206
39: 828 416 343 315 307 157 60
40: 2017 1981 1019 647 169 124 71 61
41: 495 487 412
42: 1088 208 167 158 77 73
43: 546 535 441 366 159
44: 2245 1719 1012 970 798 786 738 704 390 117 116
45: 2334 1471 331 171 49
46: 332
47: 1587 735 654 394
48: 1719 591
49: 2107 1874 1780 1356 1256 1207 990 908 763 306 217 197 137 58 54
50:
51: 2448 1362 1222 1218 801 774 722 268 251
52: 1872 1844 1452 257 186 82 76
53: 113 110
54: 1235 446 198
55: 1967 1089 688 376 351 263 230 210 87 67
56: 352 151
57: 1136 473 214 142 140 74
58: 963 962 531 519 375 59
59: 2430 2034 1894 1856 1621 1523 1457 1228 1044 1033 945 375 138
60: 2089 1877 898 72
61: 2253 1613 1259 1184 857 485 298 222 216 94 64
62: 1977 361 134 80 79
63: 2146 2130 1810 1758 1143 1012 955 288 86
64: 1080 808 374 270
65: 1609 1013 901 583 499 269
66: 2131 1322 858 588 528 525 314 304 175 174 91 69
67: 1976 143
68: 2070 407 356 323 285 260 231 107
69: 1470
70: 120
71: 2207 2089 1877 1829 1580 1253 898 689 678 661 275 232
72: 2417 2112 1715 1332 634 564 555 545 265 261
73: 2447 329 150 90
74: 635 561 305 291 286 89
75: 2180 2172 1712 693 253 109
76: 2090 96
77: 1559 1508 1502 405 199 182 163
78: 2223 613
79: 1566 969 881 360 207 98 95
80: 2489 957 912 219 164
81: 1336 372 179 135 97
82: 2371 706 393
83: 1674 1649 1356 1207 778 389
84: 2052 1509 176
85: 2410 1518 1364 296
86: 2282 2208 1006 931 677 319 278 242
87: 2417 1332 148
88: 2338 1694 1573 785 737 256
89: 1134 1056 935
90: 591 415 347 130
91: 1455 748 663 418 183
92: 1109
93: 2378 2104 933 815 807 784 558 533 493 309 185 104
94: 371 250 244 187
95: 99
96: 1570 1121 114
97: 2146 1810 1642 1511 1424 975 305 286
98: 1897 1873 622
99: 2377 2268 2220 2176 1543 1168 1048
100: 2471 1713 1173
101: 1447 720 145 100
102: 1862 1340 836 380 161 112
103: 2031 654 136
104: 855
105: 1143 144
106: 2275 1604 459 422 302 300 299
107: 748 663 126
108: 2183 1229 1148 392 327 317 297 121
109: 1436 969 567 554 520 502 453 365 119
110: 1438 1299 1001 673
111: 2164 2033 1074 923 692 619 501 463 280 271 131 122
112: 996 178 153
113: 2130 1463 1015 955 697 508 288
114: 2410
115: 996 867
116: 1984 1654 1225 409 133
117: 589 431
118: 2114
119: 2428 833 428 227 226
120: 2179 1458
121: 2472 1914 1715 1622 1456 1432 1399 1110 564 555 545 147
122: 1905 1493 1313 1165 899 777 707
123: 1206 1084 384
124: 1726 1696 1178 874 740 399 363 321
125: 2245 391 252 192
126: 2254 2121 1961 1761 1620 1595 1548 1018 551 367 194
127: 1247 813 810 345
128: 512
129: 209 154
130: 1349 688
131: 1037 942 593
132: 1109 273 173
133: 1894 429 375
134:
135: 1784 1375 1362 1222 774 768 406 370
136: 994 895
137: 1389 239 221 203
138: 1808 1077 444 213 132
139:
140: 2183
141: 2113
142: 815 807 309
143: 156
144: 517 461
145: 805
146: 2355 201 172
147: 1906 739 220 200
148: 1047 741
149: 892 266
150: 1972 1072 166
151: 1950 700 573 570 419 396 322 254 204
152: 1751 1060 970 832 786
153: 1488 1377 1363 911 308 294 277
154: 1885 1027 449
155: 744 609 605 403 211
156: 1687 333 295 287 276 212
157: 1029 594 536
158: 320
159: 2054 1946 1681 1448 1391 1206 1084 890 876 384
160: 1583 362
161: 1006 931 338 170
162: 2319 193
163: 780 477
164: 324
165: 2053 1963 1904 1789
166: 2417 1332 1179 531 488 456 430 189
167: 1194 1067
168: 2070 407 356 323 260
169: 1865 1535
170: 1010 749 687 655 455 417 225 215
171: 1298 195
172: 1701 1340 1115 919 869 590
173: 1852 515 492
174: 246
175: 1347 866 579 468
176: 2405 2240 2077 1583
177: 788 644 282 233 223
178: 2401 1975 900 240
179: 1652 1507 557
180: 2470 1966 571
181: 1205 1036 920 824 783 484
182: 1400 696
183: 2408 2287 641
184: 968 566 234
185: 1181 1160 530 289 267 241
186: 1953 1905 1552 714
187: 1911 883 711 544 228
188: 812 604
189: 2329 2164 2125 488
190: 2294 2253 2123 1119 548 196
191: 727 424
192: 1309 1047 741 259
193: 851 542 284
194: 638 328 281
195: 2384 1220 967 882 843 796 764
196:
197: 1439 272 258
198: 1130
199: 1023 892
200: 1671 1503 237
201: 965 747 324
202: 1818 1636 1611 383
203: 1551 878 669
204: 2490 1430 1426 606 476 342
205: 2251 2155 2113 1055 757 543 271
206: 936
207: 2430 2198 2081 1476 1378
208: 1916 758
209: 1410 414 354 249
210: 962 255
211: 1792 577 474
212: 1939 464 316
213: 1366
214: 2112 1487
215: 639 303
216: 1074 463
217: 452
218: 1776 881
219: 2161 2144 1475 1355 855
220: 2490 1430 1426 1033 1024 563 495 487 469 412 224
221: 1463 1015 697 508 359
222:
223: 1244 1200 842 310
224:
225: 1719 404
226: 1107
227: 1624 917 569
228: 1349
229: 436
230: 2288 235
231: 1609 901 499
232: 1958 1930 839 426
233: 1518 1364 800 532 264
234: 1586 1293
235: 1112 787
236: 607 421
237: 2054 1391 876
238: 1031 346
239: 1986 1113 292
240: 1205 1036
241: 2042 513 483
242: 1216
243: 2488 840 689 678 661
244: 2181 336
245: 656 364
246: 1013
247: 498
248: 2169 1159 713 584
249: 580
250: 1431 1246 597 479
251: 2493 2456 1305 958
252: 2106 2022 1840 1482 262 238
253: 2471 2455 2215 1851 385
254: 1867 1657 1642 1511 1424 975
255: 2477 301
256: 516 509
257: 1352 980 245
258: 399
259: 667
260: 1278
261: 853
262: 2239 2068 551 247
263: 2121 1620 1595
264: 1926 1510 486
265: 582 293
266: 970 786 738
267: 2338 450 348
268: 586
269: 1290
270: 1924 1120 773 313
271: 1664 1220 967 443
272: 914 834 475
273: 523 337
274: 1083 762 736 378
275: 631
276: 1360 434
277: 2397 1883 1575 1224 845
278: 2466 1952 1199 724 433
279: 1874
280: 2121 1961 1761 1018 614 437 420
281: 1726 1696 1178 874 740
282: 721 664 318
283: 1869 1276 1221 649
284: 2064 1815 927
285: 2157 2035 1002 715
286: 2239 1268
287: 1824 1143 1031 458
288: 2172
289: 1553 998 961
290: 2132 963
291: 2263 472
292: 2293 2027 1589 1540 527 326 312
293: 2392
294: 1124 781
295: 1536 1177 408 402 400 283
296:
297: 2486 2248 2112 1907 1348 1226 896 863 634 349
298: 1917 1549 1308 500 355
299: 1462 880
300: 1713 862 373
301: 1856 386
302:
303: 524
304: 825 382
305: 1765 1709 1304 1297 511
306: 1319 503 401
307: 651
308:
309:
310:
311: 648
312: 907 837
313: 757 543
314: 1638
315: 1356 1207 908
316: 2198 1476 1378
317: 1756 514 451
318: 572
319: 1964
320: 2460 2451 2426 1833 681 595 325
321: 671 339
322: 1494 411
323: 994 460
324: 2208 596 490
325: 710
326: 2123
327: 854
328: 341
329:
330: 2164 923 330
331: 2395 2099 1642 1511 1424 975 489
332: 2111 1892 1791
333: 2247 2172
334: 865
335: 1003 985 494 410 344
336:
337:
338: 2157 2113
339: 1450
340:
341: 2216 1716 1144 568
342: 2370 2166 1982 439 369 368
343: 785 737
344: 1830 989 587 518 395
345: 2028 1095
346:
347:
348: 1981
349: 538 462
350: 1720 1405
351: 2413 526
352: 920 824 783
353: 682
354:
355: 658
356: 2478 683 432
357: 1239
358: 1384
359: 2163 1980 1625 438
360:
361: 2034 1621 1525 841 617 560
362: 1864 1219
363: 592 480
364: 1961 1761 1018
365: 457 427 397
366: 2068 1128 1111
367: 1542 481 357
368: 467
369: 1907 1816 1348 1226 896 863 802
370: 1972 1072 978
371: 742
372:
373:
374: 1254 915 859 701 603
375: 1914 1622 1456 1432 1399
376: 491
377: 1385
378: 2034 1051 617
379:
380: 1697
381: 904 792
382: 2440 1359 674 633 507
383:
384: 1671 1643 1428 1137 709 611 553
385: 1803
386:
387: 2077 552
388: 2370 2166 776 684
389: 1650 1045 818 600 387
390: 539
391: 2232
392: 1210 772 447
393:
394: 1249 847
395: 2245 798 704
396: 2113 913 779 723
397: 1525 1163 841 686 442
398: 2144 1720 1475 1405 666
399: 698 670
400: 732
401: 1531
402:
403: 2076 1973
404: 1493 1165
405: 1324
406: 1176 445
407: 1164 880
408: 995 835 653 547
409: 1640 932 425
410: 1988
411: 2326 2002 1096
412: 2416 760 665
413: 2205 2052 1509 1026 624
414: 2164 2106 1482 923
415:
416: 1340 973
417: 2103
418: 510
419: 2183 1801 1529
420: 2293 660 626 581
421: 2274 1803
422: 1763 1641 888
423: 534 440
424:
425: 565
426:
427: 1767 1653 987
428: 933
429: 1175 478
430:
431: 2164 2005 923 850 642 465
432: 623 505 482
433: 1681 890 496 466
434: 1822 578
435: 614
436: 1764 625
437: 636
438: 1129 1041 903 601
439: 1452 448
440: 1517 1242 1208
441:
442: 691 599
443: 1210 775
444:
445: 939
446:
447: 2033 1551 1538 1154
448: 1341 504
449: 1633 1314 1105 541
450:
451:
452: 1702 1543 1149 1063 947 910 766 618 506
453: 887
454: 1211 770 643 612 471
455: 2027 1540 527
456: 768
457: 977
458:
459: 1534
460: 2356 1486 877
461: 1168
462:
463: 2251 2155 1564
464: 1832 950
465: 2443 2056 1489 1338 1166 743
466: 1082 827
467:
468:
469: 2425 1714 521
470: 1397
471: 848 675 640
472: 1818 1636 1517 1242 771 719 540
473:
474: 734
475: 1481
476: 867
477: 1022
478:
479: 2407 1191 1114 1091 733
480: 522
481: 1630 816 751 717 679
482: 2377 2268 2176 1543 910
483: 2321 1524 1261
484: 1697 943 574
485:
486:
487: 602
488: 2018
489: 1729 585 562
490: 870 630
491: 1251 537
492: 2145 1039
493:
494: 840
495: 559
496:
497:
498: 1104 897
499:
500: 2367 2083 1783 725
501: 1109 750 529
502: 598
503: 1924 1588 628
504: 1867 1657 1560 1381
505: 2246 1454
506: 1130
507: 2040 2018
508: 1906
509: 821
510: 2321 1601
511: 615
512: 1901 1270
513:
514: 2009 1978 1297
515: 1132
516: 1497
517: 1280
518:
519:
520: 1736 1427 632
521: 1313 1025 576
522: 2180 1712
523: 1811 1351 976
524: 2477 2037 1169
525:
526: 1337 1278
527: 1698 1001 627
528: 1613 1259
529: 2435 1918 718
530: 2056 1489 1338 1166
531: 1671
532:
533: 1199
534:
535:
536: 1324 629
537:
538: 1297
539: 1266
540: 1396 978 652
541: 680
542:
543: 1601 791 610
544: 793
545: 1119 712
546: 2432 2182
547: 621
548: 1135 1004 846
549: 1927 1558 916
550: 659
551: 1756
552: 2059 1289
553: 993
554: 1798 1423
555: 1916 1435 758 650
556:
557: 2074 828
558: 1034 820
559: 2068 1196 1128 1111 1031
560:
561:
562: 2134
563: 1958 1930
564: 1711 1295 672
565: 1070
566: 1978 1770 1733 1097
567: 2470 2448 2227 2184 1966 1218 801
568:
569: 1054
570: 1918 886 803
571: 2344 1371 1203 1014
572: 754 668
573: 608
574:
575: 2039 1414
576: 685 662
577: 1624 1442 1106 917
578: 1515 1380
579: 2117 1704 1005
580: 1763 1641
581: 1784 1375
582: 1722 1311
583: 1395
584: 826
585:
586: 1014 729 616
587: 716
588: 1953
589: 2470 2376 1966 905
590: 2468 1993 1515 1380
591: 1201 1125 992 891 694
592:
593: 973
594: 1042 938 817
595:
596:
597: 676
598: 862
599:
600: 2371 706
601: 1527
602: 2136
603:
604: 1419 705
605:
606: 2360 1827 1627 1100 873
607:
608: 1386
609:
610: 1093 921
611: 2015 953
612: 2049
613: 1711 1155
614: 646
615: 1693
616: 2424 2063 1459 637
617: 1572 1512 1273 926
618:
619:
620:
621: 1185
622: 1821 1388 1009 986
623:
624:
625: 829
626: 1042 938 907 817
627: 2359 1787 657
628:
629: 1886 1693 1380 1162
630: 755
631:
632: 1217
633: 2471 2291 1820 831
634: 1247
635: 2091 1213 1085 1032 937
636:
637: 2370 2166 776
638: 2253 1184
639: 814 708
640: 2081 1103 907
641: 1265
642:
643:
644: 2423
645:
646: 2191
647: 1421
648: 2228
649: 1732
650: 2082 1152 1065 991 922 906
651:
652: 2015 1825 1404 1360 752
653: 1758 1139 753
654: 1630 816 717
655: 1626
656:
657: 2280 868 797 728
658: 1553 998 961
659: 2199
660:
661: 782
662: 1260 1209 703
663:
664: 1944 1843 1775 1370
665:
666: 1938 1754
667:
668: 2389
669: 2429
670:
671: 2419 1496 1000
672: 1741
673:
674: 2457 761
675:
676: 966
677:
678: 983
679: 789
680: 2301 1835 1122
681:
682:
683: 2191 1141
684:
685:
686: 2469
687:
688:
689: 2073
690: 849 690
691: 2207 1650 1258
692: 1937 934
693: 1663 1514 924
694: 1994 1919
695: 2211 1730 1379
696: 822
697: 2117 1704 879 794
698: 1811 1367 1351
699: 2488
700: 1811 1571 1545 1505 1351 976
701: 2104
702:
703:
704: 1679 1612 1236
705: 1974 1038
706:
707: 1411 860
708: 2442 1053
709: 811
710: 1344
711:
712: 2484 2133 1898 871
713:
714:
715: 1150 1008 940
716:
717: 2383 2373 1593
718: 1928 1049
719: 2251 2155 1055
720:
721: 2132
722:
723: 1702 947
724: 2014 1376 1146
725: 1127 1028
726:
727: 2264 1180 756
728:
729: 1816 1106
730: 1179
731: 1913 1674 1649 1223
732: 1238
733: 2088 1429
734: 988 769
735: 2341 1739 948 844 745
736: 1050 894
737: 2175 1467 1346 952 875
738: 2022 1840 1099
739: 1283 1267
740:
741: 1842 1670
742:
743: 1011
744: 2292 1417
745: 2187 1468 1052 997
746:
747: 1187
748: 1171 864
749: 1499 767
750:
751: 1046
752:
753: 1059
754:
755: 1231 746
756: 1350
757: 1118 765
758: 1750
759: 2081 1706
760: 1967 1089
761: 2454 2348 1805 1315 1020 852
762: 1751
763: 2234 2167 806
764: 2002 1443 1254 1101
765: 1201 1125 992
766: 2210 2192 1661 790
767: 951
768: 1857
769: 1387
770: 2335 1079
771: 2397 1883 1515
772: 2150 2020 1321 1030 928
773: 1372 1356
774:
775:
776: 2258 1826
777: 941
778:
779: 2022 1840
780:
781: 2427 1420
782: 1262
783: 1956
784:
785: 1007
786:
787: 2483 1390
788: 1936
789:
790: 1230
791: 1156 981
792:
793: 823
794:
795: 1244 1200
796: 1133
797: 1855 1735
798: 1202 1092
799: 1697
800: 1884 1212
801: 1428 795
802: 1836 1766
803: 1879 960
804: 804
805: 2061 1098
806: 1563
807: 1560 1381
808: 1079
809:
810: 1530
811: 1078
812:
813: 2214
814: 1753 809
815: 1716 1593 972
816: 1925
817: 1667
818:
819: 838
820: 1747
821: 2480 1682 1491
822:
823: 2343
824: 2468 2454 1993
825: 1932
826: 1478
827: 2305 1035 999
828: 2248 1821 1388 1250 1153
829: 1656 1334 1090 884
830: 1850 1291
831: 2257 2122
832: 930
833:
834:
835: 1686 1403
836: 856
837:
838: 1151
839: 1768 1449
840: 1440 1393 971
841: 929
842: 1017
843: 1379 1258 956
844: 1969 1353 1245
845:
846: 1292
847: 2473 1415 1357
848: 1718 1234
849: 1648 1325 1302 1016
850:
851:
852: 2443 982 949
853: 1960 1021
854: 2035 1647 959
855: 872
856: 2295 1675 1071
857: 1321
858:
859: 1701 984 889
860:
861: 1553 1274
862: 2299 2185
863: 2428
864:
865: 2377 2268 2176 1543
866: 946
867: 1131
868: 2250 1358
869: 1064
870: 2457 1788
871: 1232 979
872:
873: 2151
874: 1820
875: 1255
876:
877: 1700
878: 1243
879: 1590 1306 1157
880:
881: 2422 2399 2085 1720 1405
882: 2134
883: 1555 1466
884:
885: 2296
886: 1695 964
887: 1174
888: 1102
889:
890:
891: 1568
892: 1970 1257 1043
893: 954
894: 1711 1155
895: 1855 925
896: 1745 1285
897: 2377 2268 2176 1589 1543 1533
898:
899: 1831
900:
901: 2439 2217 918
902:
903: 1893 1637
904: 1593
905:
906:
907: 2489 1069
908: 1123
909: 2008
910: 1215
911: 1701 1556
912:
913: 1728
914: 2453 2410 2259 1951 1655
915: 1591 1397
916: 1354
917:
918: 2476 1880
919: 1303
920:
921: 1277
922: 2210 2192 1316
923:
924: 1689 1279 1140
925: 1718
926:
927: 1195
928:
929: 1495 1345
930: 1922 1629
931: 2128
932: 2411
933: 1058
934:
935: 1407
936: 1469
937: 2079 1597
938: 1769 1066
939: 1241
940:
941: 1252 1161
942:
943: 1771 1737 1374 1040
944:
945: 2304 1347
946: 2119
947: 1662
948: 1444
949:
950: 1853
951:
952: 1577 1412 1343
953: 1490
954:
955: 2173 1948
956:
957:
958:
959:
960: 1330 1317 1057
961: 1317
962: 1062
963:
964:
965: 2083 1240
966: 1287
967: 1464
968: 2161 1385 1355
969: 2260
970:
971: 2249 1094
972: 2374
973: 2313 2311
974:
975: 1854
976: 1996 1189
977: 2213 2100
978:
979: 1774
980:
981: 1342
982:
983: 2429 1640 1182 1142
984: 2084
985: 2126
986: 1574
987:
988: 1409
989:
990: 2248 1598
991: 2286
992: 2017 1425
993: 2270 2196
994: 2216 2021
995:
996: 1190
997: 2109
998:
999: 1460
1000:
1001: 1753
1002: 1615 1214
1003: 2227 2184
1004:
1005: 1271 1170
1006: 2360
1007:
1008: 1108 1075
1009:
1010: 1838
1011: 1145
1012: 1172 1061
1013:
1014: 2489 1413
1015: 2152 1955
1016: 1814
1017:
1018: 1312
1019:
1020: 2188 1433
1021: 2194 1723
1022:
1023: 2409
1024: 1889 1248 1068
1025:
1026:
1027:
1028: 2131 1117
1029: 1721
1030: 1681
1031: 2348 1805 1747 1315
1032:
1033: 2168 1326
1034: 2177
1035:
1036:
1037: 1973
1038:
1039:
1040: 2211 1730 1227
1041:
1042: 1373 1126
1043: 2329 2125 1617 1567
1044: 1116
1045:
1046: 2492 1875 1365 1300
1047: 1599
1048:
1049: 1863
1050: 1607
1051:
1052:
1053: 1369 1188
1054: 1871 1310 1192
1055: 1183
1056:
1057: 1934
1058: 2427
1059:
1060:
1061:
1062: 2290 1816
1063:
1064: 1296
1065:
1066:
1067: 1630
1068: 1566 1204
1069:
1070:
1071: 2031
1072:
1073: 1528 1158
1074:
1075: 2271 2243 1186
1076: 1996
1077:
1078:
1079: 2137 1406
1080: 2368 2230 2030 1237
1081: 2235 1916
1082:
1083: 1167
1084: 2019 1777
1085: 2446 2315
1086: 1506
1087:
1088: 1680 1614
1089: 1829
1090:
1091:
1092: 1749
1093: 2095 1800
1094:
1095:
1096: 1605 1592
1097: 2460 2451 2426 1833 1562 1281
1098: 1701
1099:
1100:
1101:
1102:
1103:
1104: 1584
1105:
1106: 1294
1107: 2102
1108: 2212
1109: 2171 1912 1465
1110: 1453
1111:
1112:
1113:
1114: 1911 1763 1641 1606
1115:
1116:
1117:
1118:
1119: 1579 1408 1288
1120: 1263
1121:
1122: 1585
1123:
1124:
1125: 2026
1126: 2094 1639 1402
1127: 1837
1128: 1547
1129:
1130: 2128
1131:
1132: 1707
1133: 2483
1134: 1786 1441 1286
1135: 2324 1307 1147
1136: 1895 1477 1461
1137:
1138:
1139:
1140:
1141:
1142: 1233
1143: 1197
1144: 2386 2147 1544
1145: 1284
1146:
1147: 1890
1148: 1193
1149: 2041 1520
1150: 2440
1151:
1152: 2023
1153: 1394
1154: 2271 2270 2243 2196
1155: 2016 1361
1156:
1157: 1734
1158:
1159: 1632
1160: 1957 1724
1161: 2372 1333
1162: 1725
1163: 1776
1164:
1165:
1166: 1693
1167: 1416
1168:
1169: 2154 1743
1170: 1941
1171: 2363
1172:
1173:
1174:
1175: 1618 1602
1176: 1942
1177: 1738
1178: 1651
1179:
1180: 2162
1181: 1644
1182: 1434 1401
1183:
1184: 2025
1185: 1987
1186:
1187: 1327
1188: 1844
1189: 1571 1545 1505
1190:
1191: 2232
1192:
1193: 2366
1194: 1650
1195:
1196: 1963 1904 1789
1197:
1198: 1931
1199:
1200:
1201: 2478
1202:
1203: 2013
1204: 2406
1205: 1782 1561
1206:
1207:
1208:
1209:
1210:
1211:
1212:
1213: 1323
1214: 2396 1541 1522
1215: 1600
1216:
1217:
1218: 1699
1219:
1220:
1221:
1222: 1422
1223: 1576
1224:
1225: 2043
1226: 1812 1516
1227: 1383
1228: 2244 1264
1229: 2359 1787
1230: 1623 1557 1473
1231:
1232: 1301
1233:
1234:
1235: 1521
1236: 1329
1237:
1238: 1631
1239: 2075
1240: 1318
1241: 2434 1746 1619
1242: 1282
1243: 1320
1244:
1245: 2099 1881
1246:
1247: 1968 1339
1248:
1249: 2059 1921 1908
1250:
1251: 1437
1252: 2436 2159 1633
1253:
1254:
1255: 1948
1256:
1257:
1258:
1259:
1260: 2379
1261:
1262:
1263: 2412
1264: 1903 1331
1265:
1266: 1796 1731
1267: 1498
1268:
1269:
1270: 1935
1271:
1272: 1646
1273:
1274: 1705 1608
1275: 1479
1276: 1578
1277:
1278: 1418
1279: 2284 2010
1280:
1281:
1282: 2394
1283:
1284:
1285: 1688
1286:
1287:
1288: 2098 1828
1289: 2484 2133 1898 1744
1290:
1291:
1292: 1760
1293:
1294:
1295: 2486
1296: 2404 1368
1297: 2352 1899
1298: 1446
1299: 2439 2274 2217
1300:
1301: 2229
1302: 2094 1402
1303:
1304: 1781 1677 1554
1305:
1306:
1307:
1308: 2316
1309:
1310: 1691
1311:
1312: 2302
1313: 1526
1314: 2129
1315: 2142 1795
1316:
1317:
1318: 2124 1537 1500
1319:
1320: 1484
1321:
1322:
1323: 1778
1324:
1325:
1326: 2337
1327:
1328:
1329:
1330:
1331:
1332:
1333: 1532
1334: 1519
1335: 1870
1336: 2464
1337: 1673 1382
1338: 1698
1339: 2209
1340: 1328
1341: 2178
1342:
1343:
1344: 1779
1345: 2297 2141
1346:
1347:
1348: 1846
1349: 1868
1350: 1629
1351: 2436 1398
1352:
1353: 1740 1335
1354:
1355:
1356:
1357: 1848
1358: 2450
1359:
1360: 1886 1762
1361: 1472
1362:
1363:
1364:
1365:
1366:
1367:
1368: 1965 1748
1369:
1370:
1371: 2059
1372:
1373:
1374: 2007 1610
1375: 2346 2087 1797
1376:
1377: 2391
1378:
1379: 1504
1380: 1913 1603 1539
1381: 2105 1665
1382: 1692
1383: 1727
1384:
1385: 2286 1546
1386: 1866
1387:
1388:
1389:
1390: 1752
1391:
1392: 2339
1393:
1394: 1858 1451
1395: 2097
1396:
1397: 2116
1398: 1582
1399:
1400: 1794
1401:
1402:
1403: 2485 1896
1404:
1405: 1474
1406:
1407:
1408:
1409:
1410:
1411:
1412:
1413: 2110
1414:
1415: 2069 1445
1416: 1876
1417: 2304
1418: 2051 1635
1419: 2016 1480
1420:
1421: 2289
1422: 1501
1423:
1424: 2037 1660
1425: 2484
1426:
1427:
1428: 1913 1603
1429:
1430: 2307
1431: 1581
1432:
1433: 2115
1434:
1435: 1483
1436:
1437: 2318
1438: 2393
1439:
1440:
1441:
1442:
1443:
1444:
1445:
1446:
1447:
1448:
1449: 1594
1450: 1878 1485
1451:
1452:
1453: 2065
1454:
1455: 2062
1456:
1457: 1616
1458:
1459: 1708
1460:
1461: 1809
1462:
1463: 2452
1464:
1465: 1685
1466: 2087
1467:
1468: 2349
1469:
1470: 2203
1471: 2327
1472:
1473:
1474:
1475: 1933
1476:
1477:
1478:
1479:
1480:
1481: 2430
1482: 2405 2240
1483:
1484: 2366
1485:
1486:
1487:
1488: 1492
1489: 1683
1490:
1491:
1492:
1493: 1645
1494: 2179
1495: 2298
1496:
1497:
1498:
1499: 1759
1500: 1689
1501:
1502:
1503: 2352 2219 1899
1504: 1513
1505:
1506: 1793
1507: 1658
1508:
1509:
1510:
1511:
1512:
1513:
1514:
1515: 2485
1516: 1920
1517: 2249
1518:
1519: 2058
1520: 2002
1521:
1522: 2046
1523:
1524:
1525: 1985
1526: 2096 1823
1527: 2233 1684
1528:
1529: 1569
1530: 1676
1531: 2118 1634
1532:
1533:
1534:
1535:
1536:
1537: 1834
1538:
1539:
1540:
1541:
1542: 2186
1543: 2449
1544:
1545: 2215
1546:
1547:
1548:
1549:
1550: 2266 1669
1551: 1596
1552:
1553:
1554:
1555:
1556:
1557: 1790
1558:
1559:
1560: 2105 1859
1561:
1562: 2282
1563:
1564:
1565:
1566:
1567: 1887
1568: 2357
1569:
1570: 1997
1571: 1807
1572:
1573:
1574: 1888
1575:
1576:
1577:
1578: 2376
1579: 2127
1580:
1581:
1582:
1583:
1584: 2393 1659
1585:
1586: 2465
1587:
1588: 2252
1589: 1954
1590:
1591:
1592:
1593: 1817 1710
1594:
1595:
1596:
1597:
1598:
1599:
1600:
1601: 1785
1602:
1603:
1604:
1605:
1606:
1607: 2325 2000
1608: 2057
1609:
1610:
1611:
1612:
1613:
1614: 2423
1615: 2352 1899
1616: 1666
1617: 2066
1618: 1822
1619:
1620: 2350
1621: 1910 1678
1622: 2055 1861
1623: 2379 1628
1624: 2011
1625:
1626: 2111 1892
1627: 1983
1628: 2314
1629:
1630:
1631: 2484
1632:
1633:
1634:
1635: 1947
1636:
1637:
1638:
1639: 1945
1640: 1995
1641:
1642: 2283
1643:
1644:
1645:
1646:
1647: 1999
1648:
1649:
1650: 2080
1651:
1652:
1653:
1654:
1655: 2204
1656: 2309
1657: 2347
1658: 1839
1659:
1660: 1971
1661:
1662: 1672
1663: 2148 1998
1664:
1665:
1666:
1667:
1668:
1669:
1670: 1959
1671: 2224
1672:
1673: 2390
1674: 1940
1675:
1676: 1773
1677:
1678: 1742
1679: 1755
1680:
1681:
1682: 1668
1683:
1684:
1685:
1686: 1882
1687:
1688: 1806
1689:
1690:
1691: 2048
1692:
1693:
1694: 2012
1695:
1696: 2045 1819
1697:
1698:
1699:
1700: 2108
1701:
1702: 1735
1703: 2468
1704:
1705:
1706:
1707: 1813
1708: 2024
1709:
1710:
1711:
1712:
1713: 2336 1703
1714: 2139
1715:
1716:
1717:
1718:
1719: 2036
1720:
1721: 2145
1722:
1723:
1724:
1725: 2273
1726:
1727:
1728:
1729:
1730: 2142
1731: 2382
1732:
1733: 2140
1734:
1735:
1736: 2317 2201
1737: 2258
1738:
1739:
1740: 2067 2006
1741:
1742:
1743: 2008
1744:
1745:
1746:
1747:
1748:
1749: 1929
1750:
1751:
1752:
1753:
1754: 2369
1755: 2093
1756:
1757: 2127
1758:
1759:
1760:
1761: 2437
1762:
1763:
1764: 1990
1765:
1766: 2242
1767:
1768:
1769:
1770:
1771: 1962
1772:
1773: 2197 2138
1774: 1804
1775: 2237
1776:
1777:
1778:
1779:
1780: 2060
1781: 2467
1782: 2414
1783:
1784:
1785:
1786: 1799
1787:
1788: 2086 1909 1841
1789:
1790:
1791:
1792:
1793:
1794:
1795: 1772
1796:
1797:
1798: 2306
1799:
1800: 1943
1801: 2331
1802:
1803: 1900
1804: 2481
1805:
1806:
1807:
1808:
1809:
1810: 2400
1811:
1812: 1860
1813:
1814:
1815: 2316 1802
1816: 2072
1817:
1818:
1819: 2277 2101
1820:
1821:
1822:
1823:
1824:
1825:
1826: 2459
1827:
1828:
1829:
1830:
1831: 2143
1832: 2387
1833:
1834:
1835: 2364 1923
1836:
1837: 2267
1838:
1839:
1840: 2170 1891
1841:
1842:
1843: 2190 2001
1844:
1845:
1846:
1847: 2354
1848:
1849:
1850: 2365 2345
1851: 2160 1989
1852:
1853:
1854:
1855: 2032
1856:
1857: 2189
1858:
1859:
1860:
1861: 2241
1862:
1863:
1864:
1865:
1866:
1867:
1868:
1869:
1870:
1871:
1872:
1873: 2173
1874:
1875:
1876: 1915
1877:
1878:
1879: 2449
1880: 2466
1881:
1882:
1883:
1884:
1885:
1886:
1887:
1888:
1889:
1890:
1891: 2403
1892:
1893:
1894:
1895:
1896:
1897:
1898:
1899:
1900: 1845
1901:
1902: 2329 2044
1903:
1904:
1905: 2349 1902
1906:
1907:
1908:
1909: 2153
1910:
1911: 2303
1912:
1913:
1914:
1915:
1916:
1917:
1918:
1919: 2053
1920: 2304 2050
1921: 2485
1922:
1923:
1924:
1925:
1926:
1927:
1928:
1929:
1930:
1931: 2462
1932:
1933:
1934: 2415
1935:
1936: 2078
1937: 2398
1938: 2330
1939:
1940: 1979
1941:
1942: 2424
1943:
1944:
1945:
1946:
1947:
1948:
1949:
1950:
1951:
1952: 2261
1953:
1954:
1955:
1956:
1957:
1958:
1959:
1960: 2474 2231 2047
1961:
1962: 2265
1963: 2433
1964:
1965: 2206
1966: 2029
1967:
1968:
1969:
1970:
1971:
1972: 1949
1973:
1974:
1975:
1976:
1977:
1978:
1979:
1980:
1981:
1982:
1983:
1984: 1991
1985: 2436
1986:
1987: 2418
1988:
1989: 2206
1990:
1991:
1992:
1993:
1994: 2174
1995: 2361
1996:
1997:
1998:
1999:
2000:
2001:
2002:
2003:
2004:
2005:
2006: 2120 1992
2007: 2385
2008: 2225 2003
2009:
2010:
2011:
2012: 2332
2013:
2014: 2071
2015:
2016:
2017:
2018:
2019:
2020:
2021: 2190
2022:
2023:
2024: 2333
2025: 2475
2026: 2158
2027:
2028:
2029:
2030:
2031:
2032:
2033:
2034: 2195
2035: 2441
2036:
2037: 2444
2038:
2039: 2193
2040: 2303
2041: 2262
2042:
2043:
2044:
2045:
2046:
2047:
2048: 2312
2049:
2050:
2051: 2218
2052:
2053:
2054: 2135
2055:
2056:
2057:
2058: 2362
2059: 2038
2060:
2061:
2062:
2063:
2064: 2238
2065:
2066:
2067:
2068:
2069:
2070:
2071: 2413
2072:
2073:
2074:
2075:
2076:
2077:
2078:
2079:
2080:
2081: 2285
2082:
2083:
2084:
2085:
2086:
2087:
2088:
2089:
2090:
2091: 2310 2222
2092:
2093:
2094: 2149
2095: 2278
2096:
2097:
2098:
2099:
2100:
2101:
2102: 2461
2103:
2104: 2322 2156
2105:
2106:
2107:
2108:
2109:
2110:
2111:
2112: 2362
2113:
2114: 2353
2115:
2116:
2117:
2118:
2119:
2120:
2121:
2122:
2123:
2124:
2125: 2202 2092
2126:
2127:
2128: 2272
2129:
2130:
2131:
2132:
2133:
2134:
2135:
2136:
2137:
2138:
2139:
2140:
2141:
2142:
2143:
2144:
2145:
2146: 2487
2147:
2148:
2149:
2150:
2151:
2152:
2153: 2200
2154:
2155:
2156:
2157:
2158:
2159:
2160:
2161:
2162:
2163:
2164:
2165:
2166:
2167:
2168:
2169: 2367
2170: 2388
2171:
2172:
2173:
2174: 2342
2175:
2176:
2177:
2178:
2179:
2180:
2181:
2182:
2183:
2184:
2185:
2186:
2187:
2188: 2445 2281
2189:
2190: 2276
2191:
2192:
2193:
2194: 2320
2195:
2196:
2197:
2198:
2199:
2200:
2201:
2202:
2203:
2204:
2205:
2206:
2207:
2208:
2209:
2210:
2211:
2212:
2213:
2214: 2165
2215:
2216:
2217:
2218:
2219:
2220:
2221:
2222:
2223:
2224:
2225:
2226:
2227:
2228: 2300
2229:
2230:
2231:
2232:
2233:
2234:
2235:
2236:
2237:
2238:
2239: 2226
2240:
2241: 2491
2242:
2243:
2244:
2245:
2246:
2247:
2248:
2249: 2402
2250:
2251:
2252:
2253:
2254:
2255: 2431
2256:
2257: 2328
2258:
2259:
2260: 2395
2261:
2262: 2323
2263:
2264:
2265:
2266:
2267:
2268:
2269:
2270:
2271:
2272:
2273:
2274:
2275:
2276:
2277: 2340
2278: 2458
2279:
2280: 2255
2281:
2282:
2283:
2284:
2285:
2286: 2463
2287:
2288:
2289:
2290: 2351
2291: 2292
2292:
2293:
2294:
2295: 2406
2296:
2297:
2298: 2358
2299:
2300:
2301:
2302:
2303: 2236 2221
2304:
2305:
2306:
2307:
2308:
2309:
2310:
2311:
2312:
2313: 2479
2314:
2315:
2316:
2317:
2318:
2319:
2320:
2321: 2420
2322: 2308
2323:
2324:
2325:
2326: 2446 2315
2327:
2328:
2329:
2330:
2331:
2332:
2333:
2334:
2335: 2438
2336:
2337:
2338:
2339:
2340:
2341:
2342:
2343:
2344:
2345:
2346:
2347:
2348:
2349:
2350:
2351:
2352:
2353:
2354:
2355: 2279
2356:
2357:
2358:
2359:
2360:
2361:
2362:
2363:
2364:
2365:
2366:
2367:
2368:
2369:
2370:
2371:
2372:
2373:
2374:
2375:
2376:
2377:
2378:
2379:
2380:
2381:
2382:
2383:
2384:
2385:
2386:
2387:
2388:
2389: 2381
2390:
2391: 2421
2392: 2375
2393:
2394:
2395:
2396:
2397:
2398:
2399:
2400:
2401:
2402:
2403: 2482
2404:
2405:
2406:
2407:
2408:
2409:
2410:
2411:
2412:
2413:
2414:
2415:
2416:
2417:
2418:
2419:
2420:
2421:
2422:
2423:
2424:
2425:
2426:
2427:
2428:
2429:
2430:
2431:
2432:
2433:
2434:
2435:
2436:
2437:
2438:
2439:
2440:
2441:
2442:
2443:
2444:
2445:
2446:
2447:
2448:
2449:
2450:
2451:
2452:
2453:
2454:
2455:
2456:
2457:
2458:
2459:
2460:
2461:
2462:
2463:
2464:
2465:
2466:
2467:
2468:
2469:
2470:
2471:
2472:
2473:
2474:
2475:
2476:
2477:
2478:
2479:
2480:
2481:
2482:
2483:
2484:
2485:
2486:
2487:
2488:
2489:
2490:
2491:
2492:
2493:
2494:
2495:
2496:
2497:
2498:
2499:
2500:
2501:
2502:
2503:
2504:
2505:
2506:
2507:
2508:
2509:
2510:
2511:
2512:
2513:
2514:
2515:
2516:
2517:
2518:
2519:
2520:
2521:
2522:
2523:
2524:
2525:
2526:
2527:
2528:
2529:
2530:
2531:
2532:
2533:
2534:
2535:
2536:
2537:
2538:
2539:
2540:
2541:
2542:
2543:
2544:
2545:
2546:
2547:
2548:
2549:
2550:
2551:
2552:
2553:
2554:
2555:
2556:
2557:
2558:
2559:
2560:
2561:
