1: 555 273 265 194 149 105 12 6 2
2: 627 555 496 407 292 273 265 235 196 194 163 149 125 124 105 16 12 6 2 1
3: 110 57 40
4: 694 650 635 584 367 276 247 241 231 197 192 181 48 29 13
5: 421 358 272 162 86 66 8
6: 615 606 440 238 237 227 142 47 37 35 21
7: 327 282 268 3
8: 618 575 386 383 352 239 217 106 96 64 41 5
9: 115 90 59
10: 584 480 276 231 192 61
11: 618 615 606 575 386 253 239 217 106 9 7 4
12: 81 67 63 18
13: 252 216 156 120 115 90 59 44 15 14 11 10
14: 367
15: 648 546 511 501 385 317 50 38
16: 533 425 327 318 293 251 182 100 20 19 17
17: 584 487 480 451 282 276 251 231 225 222 192 102 61
18: 669 255 27 25 24
19: 611 569 392 258 142 108 107 21
20: 266 33 32 30 26
21: 58 56 49 45
22: 702 489 379 269 158 126 93 83 78 53
23: 409 223
24: 296 212 174 23 22
25: 28
26: 375 198 184
27: 515 345 36
28: 670 640 611 569 392
29: 257
30: 52 34
31: 615 606 440 237 117
32: 163 143 141 46
33: 442 413 313 283 211 171 133 131 129 62 60 31
34: 675 126 112 78 72 69 65 42
35: 614 419 410 365 233
36: 585
37: 710 441 242 230
38: 583 470 428 397
39: 684 536 137
40: 54
41: 442 313 283 173
42: 190 43
43: 246
44: 680 495 304 39
45: 684 536
46: 319 73
47: 597 543
48: 229 121 79
49: 271
50: 500 486 300 294 116 114 113 111 89 82
51: 136 85 68 51
52: 282 225 222 102 74 55
53: 457 108 107 103 71
54: 711 675 374 298 175 140 95
55: 183 94
56: 691 655 551
57: 146 139
58: 474 310
59: 407 402 278 232 155 150 144
60: 490 414 205 97 70
61: 614 461 419 410 365 336 233 189 101 91
62:
63: 569 541 482 424 340 187 176 148
64: 616 550 323 84 77
65: 437 359 118
66: 679
67: 154 76
68: 374
69: 508 353 311 286 274
70: 418 363
71: 437 359 214
72: 80
73: 161
74: 685 426 405 343
75: 711 508 470 99 75
76: 371 346 178 169 138
77: 611 569 263
78: 293 182 88
79: 353 156 120
80: 338 280 134
81: 637 371 346 325 299
82: 500 486 300
83: 456
84: 597 543
85: 87
86: 537 168
87: 528 196
88: 238 227 109
89: 461 330 101 92
90: 366 360 277 248 218 209 208 202 188 151 98
91: 165
92: 658 636 179
93: 383 352
94: 104
95: 656
96: 403 185
97: 644 612 314
98:
99: 534 290 244 200 172 130
100: 324 201 159
101: 627 496 423 389 127
102: 530 220 123
103: 487 451
104: 320 210 145
105: 470
106: 531 164 147 128
107: 715 306 119
108: 259 191 167
109:
110: 634
111: 583 351 328
112: 441 152
113: 415 122
114: 627 496 132
115: 446
116: 605 527 370 246 213
117: 336 189
118: 337 262 135
119: 245 180
120: 406 326
121: 407 232
122: 567 439 153
123: 166
124: 333 177
125: 719 577 507
126: 685 596 581 505 499 426 405 343
127: 692 503 489 379 256 203
128: 670 640 206
129: 285
130: 670 665 335
131: 549 160
132: 508 320
133:
134: 268
135: 650 635 615 606 469 199 157
136: 438 221 204
137: 715 494 387 306
138: 718 714 382 315
139: 594 354
140:
141:
142: 420
143: 416
144:
145: 692 503 256 203
146: 665 631 322 195
147: 679
148: 682
149: 278
150: 378 289
151: 645 170
152: 644 341 219
153: 602 554
154: 654 623 307 186
155: 481
156: 586 411
157: 317
158: 453
159: 366 360 250 234
160: 645 291
161: 668
162: 457
163: 592 449
164: 612
165: 305 224
166: 637 325
167:
168: 460 445
169: 336
170: 612 302 193
171: 436 422 236
172: 270
173: 510
174:
175: 605 527
176: 523 469
177: 207
178: 423 389 228 215
179: 373
180: 675 356
181:
182: 316
183: 673
184: 478 240
185: 243
186:
187:
188: 693 604 331 312
189:
190:
191: 308
192: 693 604
193: 475
194: 425 318
195:
196:
197: 401 384
198: 454 400 398
199:
200: 474 310 226
201: 249
202: 466 281
203: 633 332
204:
205: 549 381 357
206:
207: 630
208: 507
209: 260
210: 253
211: 616 550 323
212: 547
213: 713 542
214: 553 465 380 275
215: 264
216: 409 339 254
217: 578 342
218: 642 334
219: 656 647 393
220: 693 604 295
221: 656 638
222: 717
223: 662 502
224:
225:
226:
227: 394
228: 571 329 309
229: 279 267
230: 672 362 361 261
231: 297
232: 694 540 396 368
233: 545 288
234: 511 385
235: 301
236:
237: 541 482 424 340
238: 583
239: 303
240: 525 506
241:
242: 388 287
243:
244: 677
245:
246: 665
247:
248: 619
249: 608 573
250:
251: 372
252: 560
253:
254: 432
255:
256: 690
257:
258:
259:
260: 632
261:
262: 513 377 284
263:
264: 558 500 441
265: 468
266: 417 350 348 321
267:
268:
269: 472
270: 558
271: 455
272: 488
273: 409
274: 347
275: 532
276: 526 485 376
277:
278: 632 335
279: 326
280: 568
281: 430
282:
283: 374
284: 435 391
285:
286: 680
287:
288: 516 395
289:
290:
291:
292: 697 669
293:
294:
295:
296:
297: 666
298:
299:
300: 364
301: 408
302:
303: 355
304:
305:
306: 576
307: 652
308: 690 519 458
309:
310:
311:
312:
313: 628 595
314: 596 499
315:
316: 523
317: 719 577
318: 664
319:
320: 663
321:
322: 720
323: 649 477 433
324: 605
325:
326: 443
327: 699
328: 377
329: 608
330:
331: 452
332: 349 344
333: 698
334: 589 447
335: 412
336:
337:
338:
339: 533
340:
341:
342: 613
343: 521
344:
345:
346:
347: 493
348: 448
349:
350:
351: 709
352:
353:
354:
355: 450
356: 497 473 464 404
357: 631
358:
359: 556
360:
361: 399 390
362:
363: 631
364:
365:
366: 557 369
367: 708 529
368:
369:
370:
371:
372: 528
373: 574 552
374:
375:
376:
377:
378: 686 651
379:
380:
381:
382:
383:
384: 509
385: 705
386: 654 623 570 514 429
387: 434
388: 561 431
389: 467
390:
391:
392:
393:
394:
395: 721 695
396:
397:
398:
399:
400: 519
401:
402:
403:
404:
405:
406: 524
407:
408: 580 463
409:
410:
411: 598
412:
413:
414:
415: 504
416:
417:
418: 692 582
419: 427
420: 512
421:
422: 492
423:
424:
425: 491
426:
427: 657 607
428:
429: 471
430:
431: 522
432:
433: 444
434:
435:
436:
437: 701
438:
439: 544
440:
441:
442:
443:
444:
445:
446:
447:
448:
449:
450:
451:
452: 539
453: 459
454: 483
455: 626 564
456: 518
457: 599
458: 688
459: 674
460:
461:
462: 462
463:
464:
465:
466:
467: 660
468: 601 520
469: 479
470: 609
471:
472:
473:
474:
475:
476:
477: 476
478:
479: 562
480:
481: 517
482:
483:
484:
485: 700
486:
487: 610
488:
489: 566 538
490:
491:
492:
493: 721
494: 689
495: 484
496:
497:
498:
499: 498
500:
501:
502: 697
503:
504:
505:
506: 591
507: 548
508: 671
509:
510: 683 624
511: 716
512: 559
513:
514:
515:
516:
517:
518: 714
519:
520:
521: 696
522:
523:
524:
525: 612
526:
527: 590 535
528:
529: 703 629
530:
531:
532:
533:
534:
535:
536:
537:
538:
539:
540:
541:
542: 706 704
543: 697
544:
545:
546:
547: 572
548:
549:
550:
551: 625
552: 563
553: 688
554:
555:
556:
557:
558: 641
559: 676
560:
561:
562: 707
563:
564:
565: 707
566: 603
567:
568:
569:
570:
571: 565
572:
573:
574: 588
575:
576:
577:
578:
579:
580:
581:
582:
583:
584:
585:
586:
587:
588:
589:
590: 653 579
591: 678
592: 639
593:
594: 621
595:
596:
597:
598:
599: 587
600:
601:
602:
603:
604:
605:
606:
607:
608:
609: 593
610:
611:
612:
613:
614:
615:
616:
617:
618: 620
619: 600
620: 712
621:
622:
623: 622
624: 617
625:
626:
627:
628:
629:
630:
631:
632: 643
633:
634:
635:
636:
637:
638:
639:
640:
641:
642: 672
643:
644: 667
645:
646:
647:
648:
649:
650:
651:
652:
653:
654: 659
655:
656:
657:
658:
659:
660:
661:
662:
663:
664:
665:
666:
667:
668:
669:
670:
671: 687 646
672:
673: 708
674:
675:
676:
677:
678:
679:
680:
681:
682:
683:
684: 681
685:
686:
687:
688: 706 704
689:
690:
691:
692:
693:
694: 661
695:
696:
697:
698: 707
699:
700:
701:
702:
703:
704:
705:
706:
707:
708:
709:
710:
711:
712:
713:
714:
715:
716:
717:
718:
719:
720:
721:
722:
723:
724:
725:
726:
727:
728:
729:
730:
731:
732:
733:
734:
735:
736:
737:
738:
739:
740:
741:
742:
743:
744:
745:
746:
747:
748:
749:
750:
751:
752:
753:
754:
755:
756:
757:
758:
759:
760:
