1: 514 240 146 35 33 4
2: 353 168 21 17 3
3: 517 469 430 152 107 41
4: 846 632 555 458 281 222 82 55 20 2 1
5: 589 457 438 352 328
6: 113 65 16 9 8 7 6
7: 813 763 705 541 493 444 416 380 194 177 71 28
8: 829 152 109 79 31 24 5
9: 556 154 34 22 12 10
10: 756 748 733 471 306 19 11
11: 425 299 136 121 86 53
12: 756 733 204 189 164 155 102 14
13: 646 230 225 30 26 25
14: 789 157 91 18 13
15: 256 182 96
16: 791 271 15
17: 259 213 115 37
18: 722 680 581 416 325 282 177 67 63 58 52 44 23
19: 463 323 111 29
20: 326 213 139 129 125 56 47
21: 750 588 414 347 265 128 81
22: 623 116 73 27
23: 826 767 667 424
24: 572 195 98 88
25: 658 383 309 106
26: 143 99 59
27: 282
28: 370
29: 459 293 264 112 69 61
30: 758 39 32
31: 494 327 36
32: 688 661 637 60
33: 802 676 357 206 87 68 45
34: 648 270 208 42
35: 444 355 46 38
36: 723 455 375 312 202 118 49
37: 805 526 186
38: 588 265 128 48
39: 802 763 676 541 206 198 165 124 90 40
40: 137 124 90
41: 748 544 463 392 369 323 256 64
42: 794 272 187 43
43: 433 100 83 74 57 51
44: 778 754 751 92
45: 293 264 112 108 62
46: 476 248 50
47: 441 224 142
48: 652 233 148
49: 850 833 749 583 76 75
50: 604 511 89
51: 589 469 373 357 203 167 101 95 77 66 54
52: 358 175 134 104 80 78
53: 786 772 704 594 105 85
54: 246 231
55: 351 290 178
56: 472 203 167 114
57: 337 153
58: 574 352
59: 416 177
60: 588 173
61: 841 745 707 703 595 464
62: 213 72
63: 733 410 204 198 189 164 155 149 119 102 70
64: 722 581 94
65: 84
66: 584 334
67: 486 362 194
68: 434 294 277 253 93
69: 466 449 193
70: 447 352 211
71: 684 356 221
72: 652 317 305 247 233 148
73: 523 345 336 215 161
74: 141 122
75: 617 180 147 97
76:
77: 417 386 280
78: 418 379
79: 261
80:
81: 284 199 150
82: 444 409 166
83: 829 753 561 549 495 491 140 132
84: 198 119
85: 579 207 151 135
86: 623 262 223
87: 440 238 218 144
88: 172
89: 496 346 160
90: 795 778 754 751 509 425 371 263
91: 338 226
92: 236
93: 276 156 130
94: 409 166
95: 413
96: 680 205 170
97: 560 411 282 158
98: 738 481 274 243 184
99: 850 833 749 583 420 344 162 138
100: 287 171
101: 698
102: 657 545 540 489 123
103: 117
104: 464 413 254 212 145 131 103
105:
106:
107:
108: 813 737 705 251 169 120
109: 756 733 568 525 204 192 189 164 155
110: 641
111: 563 110
112: 752 402
113: 799 669 634 397 307 245
114: 224
115: 464 272 212 127
116: 339 286 268 200
117: 389 133 126
118: 425 320 299 185 163
119: 832 602 387 332 273 242
120: 216
121: 578 234
122: 666 578 339 286 268
123: 823 625 569 478 181
124: 814 804 797 318 190
125: 304 269 196
126:
127: 587 415
128: 800
129: 516 266
130: 322 159
131: 796 257
132: 673 632 502 396 322 281
133: 673 396
134: 401
135: 423 329
136: 457 438 328
137: 829 495 491 227
138: 613 366
139: 515 467
140: 210
141: 684 434 294 277
142: 384
143: 419 174
144:
145: 840 682 559 528 490 477 275
146: 795 263
147: 570 235
148: 502
149: 716 345 336 214
150: 179
151: 743 229
152: 638
153: 623
154: 399 330 297
155: 524 176
156: 614
157: 469
158:
159: 405 209
160: 310
161: 573 274
162: 813 737 705 652 401 400
163: 560 411 183
164: 440
165: 267
166: 797 496 228 197
167: 302 201
168: 254 188
169: 810 774 552 377
170: 600 493 380
171: 219 191
172: 607 585 285
173:
174: 660 388 250
175: 686
176:
177:
178: 486 362 249
179:
180: 385
181: 759 593
182: 659 241
183: 816 410
184: 628
185: 775 560 411 220
186: 278
187:
188: 232
189: 593
190: 735
191: 536 368
192: 800 442
193: 279
194: 298 237
195: 766 736 642
196:
197: 319
198: 840 682 528 490
199: 686 395 363 217
200:
201: 850 833 749 456
202: 727 403 353 239
203: 813 737 705 565 340
204:
205: 738
206: 780 346 288
207: 646 448 431 390
208: 614
209: 314 252
210: 341 321
211: 509
212: 624
213: 531 382
214: 437
215: 788 498 313
216: 753 549
217: 415
218: 655 484 394
219: 324
220: 633
221: 638 258 244
222: 625 569 360 255
223: 702 333
224: 685 372
225: 428
226: 544 392 369
227: 529 260
228:
229: 561
230: 837
231: 472
232: 766 736 642
233: 458
234: 620 479
235: 759
236: 365
237: 518
238: 361 300
239: 427
240: 429
241:
242: 658 535
243: 801 381
244: 709 537
245: 772 704 594 422 291
246:
247: 709 537 520
248: 574
249:
250: 499 443 283
251: 683 292
252: 479
253: 374
254: 547 461
255: 665
256:
257: 718 701 670 663
258: 301 295
259:
260: 794 729
261: 714 468
262: 714 335 315
263: 831 522 359 349
264: 480
265: 589 373
266:
267: 439 311
268:
269: 602 458 387 332
270: 508 404
271: 462 398 316 308 296
272: 406
273:
274:
275: 497 289
276: 543
277: 836 723 303
278: 719 651 403
279: 402
280: 559 477
281: 798 785 662 482 435
282: 550 542 331
283: 688 637 575
284: 407 354
285:
286: 823
287: 454
288:
289: 697
290: 492 470
291:
292: 533
293:
294:
295: 653
296: 348
297: 635
298: 521
299: 675 342
300:
301:
302: 801 786 364
303: 343
304:
305: 744
306: 459
307: 798 485 482
308: 690 612 487 378
309: 738
310: 664 582
311:
312: 555
313: 671 503
314: 527
315:
316: 350
317: 812 645
318: 426
319: 808
320: 609 432
321: 727
322: 710 539
323: 778 754 751 453
324:
325: 367
326: 659
327: 516 420
328: 446
329: 842 751
330: 621
331:
332: 451
333: 603 393
334:
335:
336: 787 391
337:
338:
339:
340:
341: 839 616 592 590 576 376
342:
343:
344:
345:
346: 565
347:
348: 713
349:
350: 656 512
351: 577
352: 475
353: 818 805 534 412
354:
355: 408
356: 622 483 450
357:
358:
359: 601
360:
361: 797 600
362:
363:
364: 436
365: 815 530 519
366:
367:
368: 474
369: 573
370: 817 571
371: 608
372: 563
373: 599
374: 801
375:
376:
377: 421
378:
379: 746 488
380:
381: 501 452
382:
383: 500
384:
385: 566
386:
387: 803 591 562
388: 690 612
389: 542 445
390:
391: 504
392:
393:
394:
395: 546
396: 607 585
397:
398: 695 650
399:
400:
401: 785 662 465
402: 510
403: 567
404:
405:
406: 716
407:
408: 845 827 699
409: 460
410: 762 720
411: 554
412: 687 558
413:
414: 615
415:
416:
417:
418:
419: 630
420:
421:
422:
423: 782 538 473
424:
425: 505
426: 815
427: 566
428: 696
429:
430:
431:
432: 844
433: 809
434:
435:
436:
437: 730
438:
439:
440: 831 507
441: 636
442:
443:
444: 785 662
445:
446: 532
447: 664 582
448: 506
449: 771
450:
451: 548
452:
453:
454: 841 707 703
455: 712
456: 513
457: 647
458:
459:
460: 681 580
461: 610
462:
463:
464: 760 619
465:
466:
467: 830
468: 761
469: 726
470: 597
471: 586
472:
473:
474: 719 651
475:
476: 800 631
477: 762
478:
479: 553
480:
481:
482:
483: 626
484:
485:
486: 846
487:
488:
489:
490:
491: 750
492: 845 827
493: 679
494:
495:
496: 806 740
497:
498: 712 692
499: 834
500:
501: 598
502:
503: 824 739
504: 557
505:
506: 741 649 596
507: 729
508:
509:
510: 728 672
511: 629
512:
513:
514: 643
515:
516: 793
517: 640 618 551
518: 611
519: 691
520: 564
521: 765 758
522:
523:
524: 724
525:
526:
527:
528:
529:
530: 779 768
531:
532:
533:
534: 639
535: 742
536: 731
537:
538:
539: 777
540:
541:
542:
543:
544: 644
545:
546: 700
547:
548: 734 694
549: 708
550:
551:
552:
553:
554: 821 627
555:
556:
557:
558:
559:
560:
561:
562:
563: 606
564:
565: 605
566:
567:
568: 706
569:
570:
571:
572: 828 678
573: 784 764
574:
575:
576:
577:
578:
579:
580:
581:
582: 715
583:
584: 674
585:
586:
587:
588:
589: 820
590: 770
591:
592: 773 668
593:
594: 748
595:
596: 848 769 677
597:
598:
599: 717
600:
601: 654
602:
603:
604:
605:
606:
607:
608:
609:
610: 819
611:
612:
613:
614:
615:
616:
617:
618:
619:
620:
621:
622:
623:
624:
625:
626:
627: 711
628:
629:
630:
631:
632: 843
633:
634: 725
635:
636:
637: 790
638:
639:
640:
641:
642:
643: 776
644: 755
645: 747
646: 811 689
647: 693
648:
649: 721
650:
651:
652:
653:
654:
655:
656: 732
657: 825
658:
659:
660: 757
661:
662:
663:
664:
665:
666:
667:
668:
669:
670:
671:
672:
673:
674:
675:
676:
677:
678:
679:
680:
681:
682:
683:
684:
685:
686:
687:
688:
689:
690:
691: 781
692:
693:
694:
695:
696:
697:
698:
699:
700:
701:
702:
703:
704: 807
705:
706:
707:
708:
709:
710:
711:
712:
713:
714:
715:
716: 847
717:
718:
719:
720:
721:
722: 792
723:
724:
725:
726:
727: 783
728:
729:
730:
731:
732:
733:
734:
735:
736:
737:
738:
739:
740:
741:
742:
743:
744:
745:
746:
747:
748:
749:
750:
751:
752: 822
753:
754:
755: 838
756:
757:
758:
759:
760:
761:
762:
763:
764:
765:
766:
767:
768:
769:
770:
771:
772:
773:
774:
775:
776:
777:
778:
779:
780:
781:
782:
783:
784:
785:
786:
787:
788:
789:
790:
791: 835
792:
793:
794:
795:
796: 849
797:
798:
799:
800:
801:
802:
803:
804:
805:
806:
807:
808:
809:
810:
811:
812:
813:
814:
815:
816:
817:
818:
819:
820:
821:
822:
823:
824:
825:
826:
827:
828:
