1: 187 106 10 4
2: 234 161 55 17 3
3: 338 272 151 134 131 1
4: 342 221 165 52
5: 153 97 21 20
6: 295 284 282 269 218 216 203 160 140 136 95 84 63 32 29
7: 338 234 231 186 161 139 112 91 75 67 33 31 28 23 6 5 2
8: 297 295 272 173 131 124 67 43 33 23 6 5
9: 338 321 282 22
10: 269 206 171 110 41 37 32 9 8 7
11: 297 269 259 173 120 47
12: 337 218
13: 362 350 335 326 231 216 208 34
14: 127 121 60 24 19 18 16 15 14 13 12 11
15: 246 242 227 119 115 114 77 70
16: 344 283 158 81 76 30
17: 282
18: 140 25
19: 295 124 36
20: 272 160 158 136 131 81 49 45 38 26
21: 104 92 51 40 39 27
22: 186 162 96 90
23: 335 326 269 206 188 171 110 101
24: 363 206 171 110
25: 249 168 135 105 44 35
26: 320 147
27: 231
28: 272 131 43
29:
30: 347 315 71 65 61 59 50 48
31: 215 185
32: 80 68 66 42
33:
34: 86
35: 195 93 53
36: 334 89 56
37: 123 116
38: 249 46
39: 334 218 125 64 62
40: 198 134 132 73 72 69
41:
42: 347 271 191 94 87 71 58
43: 320 150 74
44: 54
45: 57
46: 334 118 102
47: 85
48: 151 134 79
49: 356 334 186 91 75
50:
51: 344 283
52: 200 190
53:
54:
55:
56: 234 161 83
57:
58: 352 319 169
59: 99 98
60: 78
61: 325 304 145 109 100
62: 273 184
63: 211 117 82
64: 174
65: 261 254 243
66: 189
67:
68: 229
69: 113 103
70: 343 241
71: 301
72: 164 107
73: 146
74: 198 149 125
75: 311 225 108 88
76: 232 139 112
77:
78: 259 120
79: 335 326 248 213 208
80: 334 188
81: 342 221 165
82: 259
83: 339 218
84: 111
85:
86: 300 190
87:
88: 142
89: 349 270 233
90: 155 122
91: 258 137
92: 275
93: 172
94:
95: 309 219 128
96: 359 276 238 236 235 226
97: 340 181
98: 199 178 152
99: 248 213 163
100:
101:
102: 315 230
103: 327 144 138 130 129
104:
105:
106: 280 209 133
107: 263 260 156
108: 210 176
109:
110: 256 154
111: 126
112: 197 193 180
113:
114:
115:
116: 141
117:
118:
119: 207
120:
121: 365 220 217 166 143
122: 204
123: 293 179
124: 301
125: 196
126:
127: 324
128: 232
129: 159
130: 347
131: 264
132:
133: 356
134: 337 301
135: 265 240 214 201 163
136: 148
137:
138: 265 240 214 201
139: 298
140: 177
141:
142:
143:
144: 292
145: 261 243
146: 281 212 157
147: 170
148:
149: 269
150: 329 307
151:
152:
153:
154:
155: 363
156: 167
157:
158: 358 306 286
159: 309 285
160:
161:
162: 277 182
163: 183
164: 303
165:
166: 357 175
167:
168:
169: 313 192
170:
171: 348
172: 262 251 194
173:
174:
175:
176: 325 304
177:
178: 294 291 247
179:
180:
181:
182:
183: 228
184:
185:
186:
187: 205
188:
189: 302
190: 332
191: 299
192: 257
193:
194: 278 252
195:
196:
197:
198: 340 224
199: 318
200:
201: 306 286
202:
203: 351 267
204:
205: 202
206: 223
207:
208:
209: 295
210: 303
211: 324
212:
213: 253 222
214:
215: 239
216: 349 285 250 237
217:
218: 287
219:
220:
221:
222: 245
223:
224:
225:
226:
227: 328 288
228:
229:
230: 317 290
231: 244
232:
233: 296
234: 336
235: 279
236:
237: 274 255
238:
239:
240:
241:
242:
243: 333
244:
245:
246: 268
247:
248:
249: 312
250:
251: 305
252:
253: 352 319
254: 289 266
255:
256:
257:
258:
259:
260:
261:
262:
263:
264:
265:
266:
267: 311
268:
269:
270:
271: 362 350
272:
273:
274:
275:
276:
277:
278: 330 308
279:
280:
281: 364
282:
283:
284: 316
285:
286:
287:
288:
289:
290:
291: 323 310
292:
293:
294: 314
295: 355
296:
297:
298:
299:
300: 345
301:
302:
303:
304:
305:
306:
307:
308:
309:
310:
311:
312: 353 341
313:
314:
315:
316:
317: 331
318:
319:
320:
321:
322:
323: 322
324:
325:
326:
327:
328: 361
329:
330:
331:
332:
333:
334:
335: 346
336:
337:
338: 354
339:
340:
341:
342:
343:
344: 360
345:
346:
347:
348:
349:
350:
351:
352:
353:
354:
355:
356:
357:
