1: 874 150 124 20
2: 799 587 13 1
3: 875 832 789 716 677 634 412 206 188 147 125 70 35 5
4: 832 778 716 634 568 536 441 316 256 253 240 37 34 26 21 7 2
5: 162 51 38 29 3
6: 770 769 67 56 42 10
7: 631 127 63 43 17 12
8: 802 227 194 52 49 22 18 9
9: 509 6
10: 890 820 739 516 480 274 255 92 46 4
11: 893 660
12: 386 355 171 170 110 96
13: 755 744 573 426 424 201 187 151 148 136 47 15 8
14: 778 707 659 656 504 485 480 437 383 296 274 257 255 253 205 186 132 121 83 75 66 37 34 21 19 11
15: 242 59 57 41 28 25
16: 899 672 653 643 549 534 476 409 279 185 108 27
17: 898 799 587 228 167 69 14
18: 633 45 23
19: 888 749 529 469 33 31 16
20: 744 163 143 54 30
21: 789 412 147 125 35 24
22: 704 308 131
23: 281 214 114 86
24: 383 257 186 132 39 32
25: 693 603 265 81
26: 430 393 104 40 36
27: 363 349 219 180 46
28: 902 718 681 673 379 366 298 223 129 119 118 48 44
29: 804 675 525 515 71 64
30: 799 587 545 508 383 354 313 257 251 233 219 186 111 103
31: 421 363 349 311 180 140 126
32: 428 53
33: 840 237 166 105
34: 363 349 180 140 116 112 102 82
35: 753 573 310 286 79
36: 887 788 702 486 429 97 88
37: 573 201 151 148 91 73 60
38: 536 341 288 267 78 62
39: 218 77
40: 354 111 103
41: 744 84
42: 699 421 311
43: 663 643 534 476 409 108 58
44: 712 455 192
45: 579 367
46: 830 821 673 571 477 379 354 111 103 95 72 50
47: 739 92
48: 569 369 307 199 55
49: 477 65
50: 536 441
51: 882 849 578 359 211 139 117 74
52: 631 430 393 127 109 87
53: 646 487 418 292 238 172 85 68
54: 784 709 524 397 216 141 130 122 61
55: 840 738 730 483 365
56: 357
57: 581 326 279
58: 415 246
59: 511 444 252 76
60: 616 495 279 272
61: 844 781 764 461 264
62: 655 431 275 191 101 90
63: 773 768 666 312
64: 563 432
65: 434 236 196
66: 339 203 182 94
67: 787
68: 550 544 446 364 358 353 157 80
69: 804 525 221 165
70: 568 256
71: 334 254 247 138
72: 549 301 295 133
73: 738 730 483 368 365 232 230 215 197 115
74: 299 168 146 89
75: 709 524 397
76: 341 267
77: 812 344
78: 629 337 224
79: 884 612 599 395 164 137
80: 655 431
81: 793 467 217 169 142 128
82: 93
83: 652 527 414 207
84: 833 740 158
85:
86: 832 716 634 316 240 161 98
87: 821 820 745 733 610 546 330 159 100
88: 395 154 107 106
89: 149 99
90: 765 583 559 309
91:
92:
93: 705 423 271
94: 508 313 251 233
95:
96: 320 143
97: 805 120
98: 549
99: 561
100: 799 657 587
101: 800 574 541 386 355 220 171 170 152 113
102: 815 304 277 262
103: 564 259 156
104: 598 569 407 369 307 301 295 199 144
105: 694 591 463
106: 407
107: 874
108: 589 548 387 338 222
109: 269 135 123
110: 636 178
111: 616 495 272
112:
113: 741 134
114:
115: 511
116: 494 438 394 342 198
117: 615 376 190
118: 694 591 449
119: 303
120: 860 811 378 372
121: 177
122:
123: 426 187
124: 632 475 225 155
125: 789 412
126: 448 421 336 332 311 175
127: 625 399
128: 805 687 612
129: 761 553 181
130: 528 289 243 179
131:
132: 821 660 610 330
133: 845 565
134:
135: 799 687 587 539
136: 722 174 160
137: 874 841 248
138: 283 145
139: 539 235
140:
141: 657
142: 368 215
143:
144:
145: 482 189
146: 737 721 195
147: 667 492 470 390 280
148: 721
149: 446 261 153
150: 234
151: 830 364 358
152: 863 245
153:
154: 319 229
155: 183
156: 388 370 359 211
157: 347 173
158: 793 467 381 176
159: 673 569 369 223 202
160: 678 325
161:
162: 678 647 484 451 400 226 200
163: 794 392
164: 897 862 544 493 184
165: 320
166: 887 788 486 429
167: 755 424 241 239
168: 284
169: 210
170: 802 660 583 559 401
171: 583 559 204
172: 366 298
173: 364 358 193
174: 453
175: 496 385 333
176: 305
177: 881 719 551
178: 868 598 472
179: 804 778 481 253
180: 555
181: 660 583 559 401 204
182: 756
183:
184: 868 787 472
185: 647 593 408
186: 881 878 645 551 411
187:
188: 351
189:
190: 574 541 346 213
191: 851 805 466
192: 422
193: 329
194: 500 294
195: 765 458
196: 611 456 384 354 315 212 208
197: 821 610 330 314 282
198: 352
199: 794 670 654 406
200: 835
201: 360 209
202: 894
203: 768 666 396 323 321
204: 270 244 231
205: 435 249
206: 797 637 433
207: 750
208:
209:
210: 287 273
211: 780 577 531
212: 840 263
213: 619
214: 502
215: 884 599 377 290 250
216: 545
217:
218: 622 447 266
219:
220: 886 744 547 460
221: 870 729 317 297
222: 818 691 635 554 513 268
223: 443
224: 786 754 285
225: 861 760 676 385
226: 728 626
227: 726
228:
229: 523
230:
231: 478
232: 897 862 642
233: 258
234: 505 291
235: 318
236: 388 370
237:
238: 260
239:
240: 343
241: 278
242: 509
243: 745 733 546
244:
245: 749 529
246:
247: 348
248: 566
249: 803
250:
251: 562
252: 276
253: 741
254:
255: 866 655 613
256: 891 854 664 519 468 327
257:
258: 710 695 557 293
259: 832 759 716 634
260:
261: 552
262: 563 514
263:
264:
265: 699
266: 506 300
267:
268: 768 666 312
269: 331
270: 795
271: 413
272: 693 603
273: 597
274: 522
275:
276: 582 306
277: 662 338
278: 878 645 600 503
279: 375 324
280: 890 516
281: 806 405 302
282: 793 467 381
283:
284: 823 617 439 360
285: 589 548 387
286:
287: 481 440 410
288:
289: 882 689 465
290:
291:
292: 658 644 590 464
293: 361 322
294: 646 382
295: 608
296: 538
297: 761
298: 452 420 404 345 328
299:
300: 834
301: 725 588
302: 374 356 335
303: 537
304: 902 887 788 718 695 681
305:
306: 783 703 350
307: 802 380
308:
309: 812 362
310: 766 520 340
311: 737 450
312: 683 575 371
313: 707 504
314:
315: 459
316: 436
317:
318: 861 760 676
319: 732 425
320:
321:
322: 871
323: 604
324:
325: 659 485 437
326: 685
327: 804 801 717 398
328: 851 521 389
329:
330:
331:
332: 471
333: 622 572 447
334: 824
335:
336: 489
337: 820
338: 607
339: 856
340:
341: 641
342: 858 391
343: 533
344: 886 547 460
345:
346: 670 654
347: 836 498
348: 537
349:
350: 815 491
351: 585
352: 558
353: 844 764 669 627
354: 373
355: 427
356: 836
357: 782 595
358: 710
359: 775 715
360: 897 862
361: 779
362:
363:
364: 901 501 497
365: 668 560
366: 836
367: 628 490 488
368:
369: 883 698 697 542 510
370: 402
371:
372:
373: 723 419
374: 403
375: 690 532
376:
377:
378:
379: 758 584 416
380:
381:
382:
383:
384: 474
385: 609
386:
387: 777
388: 886 865 462 454
389:
390:
391: 417
392: 651
393:
394:
395:
396: 630 457
397: 796 649 580 442
398:
399: 526
400: 809
401:
402: 670 654 445
403:
404: 838
405: 816
406:
407:
408: 899 672 653
409: 891 854 519
410:
411:
412:
413: 623
414:
415:
416:
417:
418:
419:
420:
421:
422:
423:
424: 731
425: 799 587
426: 826
427: 640
428:
429: 614
430:
431:
432: 624
433: 662
434:
435: 682
436:
437:
438:
439: 831 600
440:
441: 601
442: 661
443: 857 518
444: 473
445: 800
446:
447:
448: 543
449:
450:
451: 843 688
452:
453: 846 535 479
454:
455: 499
456: 785 700 517
457: 540
458:
459: 771 696
460: 663
461: 620
462: 668
463: 845
464:
465: 556 512
466: 507
467: 767
468: 890 684
469: 774 530
470:
471: 665
472:
473: 675
474: 889 706
475:
476: 860 602
477: 879 855 686
478: 892 621 605 567
479: 639
480: 742
481:
482: 647
483: 842
484:
485: 762 586
486:
487: 596
488:
489:
490:
491:
492:
493:
494: 570
495: 727
496:
497:
498: 719
499:
500:
501: 648
502:
503: 592
504: 638
505:
506:
507:
508:
509:
510:
511:
512: 594
513: 650
514:
515:
516: 576
517: 748 674
518:
519:
520: 751 708
521: 817 711
522:
523:
524:
525: 633
526: 791
527: 714
528:
529:
530: 606
531:
532: 618
533: 853 772 752
534:
535: 775 715
536:
537: 680 671
538: 673
539:
540: 723
541:
542: 692
543:
544:
545:
546:
547: 823
548:
549:
550:
551:
552: 807
553: 679
554:
555:
556: 736
557: 887
558:
559:
560: 701
561:
562:
563:
564:
565: 839 808
566:
567:
568:
569:
570:
571:
572:
573:
574:
575:
576:
577:
578:
579:
580: 835
581: 734
582: 829
583: 837
584:
585: 776
586:
587: 743
588:
589:
590: 894
591: 798
592: 864
593: 852 713
594:
595: 896
596:
597:
598:
599:
600:
601:
602:
603:
604: 900
605: 746
606:
607: 847 827
608: 720
609:
610: 757
611: 810
612: 872 869
613:
614:
615: 696
616:
617:
618:
619:
620: 880
621:
622:
623:
624:
625:
626:
627: 885
628: 756
629:
630:
631:
632: 781
633:
634: 873
635:
636:
637:
638: 724
639:
640: 747
641:
642:
643:
644:
645:
646:
647:
648:
649: 790
650:
651:
652: 883
653:
654:
655: 735
656:
657:
658:
659:
660:
661: 828
662:
663:
664:
665: 769
666:
667:
668:
669: 763
670:
671:
672:
673: 792
674:
675: 850
676:
677: 814
678:
679:
680:
681:
682:
683:
684:
685:
686:
687:
688:
689: 822
690:
691:
692:
693:
694:
695: 867
696:
697: 813
698: 825
699:
700:
701:
702:
703:
704:
705:
706:
707:
708: 819
709:
710:
711:
712:
713:
714:
715: 868
716:
717:
718:
719:
720:
721:
722: 877
723: 859
724:
725:
726:
727: 895
728:
729:
730:
731:
732:
733:
734:
735:
736:
737:
738:
739: 848
740:
741:
742:
743:
744:
745:
746:
747:
748:
749:
750:
751:
752:
753:
754:
755:
756:
757:
758:
759:
760:
761:
762:
763:
764:
765:
766:
767:
768:
769:
770:
771:
772:
773:
774:
775:
776:
777:
778:
779:
780:
781:
782: 876
783:
784:
785: 902
786:
787:
788:
789:
790:
791:
792:
793:
794:
795:
796:
797:
798:
799:
800:
801:
802:
803:
804:
805:
806:
807:
808:
