1: 751 354 271 201 34 14 10 5
2: 448 382 360 121 81 55 46 13 2
3: 1322 1222 1215 984 905 736 673 509 497 344 205 19 15 7
4: 1368 948 838 701 641 631 388 377 328 326 241 168 160 141 125 75 52 41
5: 631 377 241 16 8 3 1
6: 1225 1200 289 191 127 58 44 9
7: 643 394 176 27 6 4
8: 1084 1028 779 352 337 231 112 82 74 57 22 21
9: 1139 1082 243 123 20
10: 433 262
11: 1417 693 129 113 62
12: 1146 946 680 589 93 50
13: 1478 1381 945 754 142 43 28 11
14: 890 877 744 551 401 305 252 12
15: 1190 601 596 543 376
16: 1497 1210 1018 767 183 111 77 72
17: 1474 1199 890 708 528 504 452 401 195 136
18: 1545 1511 1281 1037 1022 333 283 126 56
19: 250 166 132 90
20: 1329 249 238 48 30 23
21: 564 405 216 161 71 68 45 42 39
22: 1070 689 140 67
23: 521 348 182 115 35 18 17
24: 860 253 181 92 64
25: 1012 315 240 104 32 25
26: 874 795 472 135 33
27: 336 40
28: 922 859 850 692 444 317 314 272 229 51
29: 459 105
30: 1486 823 777 350 196
31: 320 85 65
32: 922 444 425 60 29 24
33: 1229 981 101 63 61 36
34: 1212 759 523 263 116 95 38 26
35: 620 553 250 133 79 78
36: 1300 1040 721 588 334 59
37: 1023 994 273 80 31
38: 1497 1210 1087 940 767
39: 1545 1037 1022 283
40: 226 199 103 66 37
41: 1352 1321 937 829 786 461 418 73
42:
43: 1451 1132 1096 733 656 619 547 163 99
44: 948 838 701 328
45: 760 573 508 473 322 155 109 98
46: 1545 1203 1084 1037 1028 1022 779 564 546 522 405 390 352 337 307 231 227 216 161 112 86 71 68
47: 406 47
48: 865 306 300
49: 1467 1014 607
50: 508 487 381 180 54
51: 847 845 323 286 274 138 89
52: 682 422 53
53: 825 525 469 327 235 49
54: 901 618 591 148 134
55: 913 562
56: 220 108 91
57: 1342 434
58: 1003 891
59: 1441 729 84
60: 1545 1037 1022 283
61: 295 88 70
62: 726 310 170 158
63: 1415 1253 828 576 349 202
64: 412 189 97
65: 1203 776 740 307 174 69
66: 1480 593 566 185 145
67: 645 211 208
68: 1301 611 365 301 298 107
69: 825 525 469 327 235
70: 1244 179
71: 276
72: 1488 1244 1144 740 493 179 169 150 83
73: 1491 1288 718 325 117 100
74: 417 159 110 94
75: 1225 386 149 76
76: 473 109 98
77: 1324 398
78: 1403 366 203 198 165 154
79: 219
80: 1373 825 805 525 469 327 257 235 177
81: 388 326 168 141 125
82: 420 193
83: 1058 919 483 190 130
84: 1282 1154 890 440 410 401 305 260 152 102 87
85: 1349 454 437 214 164
86: 1108 970 282 188 144
87: 175 172 120
88: 1373 1003 891 760 573 155 143
89:
90: 836 635 346 218 146
91: 244 96
92: 1225 400 386 230 119 106
93: 1387 1366 909 599 288 173 162
94: 744 551 128 118
95: 1120 171 147
96: 1421 1001
97: 1468 758 715
98: 850 314
99: 658 224 114
100: 1511 1357 131
101: 451 430 122
102: 387 370
103: 682 153
104: 206 204
105: 810 572
106: 984 509 137
107: 1267 1118 313 124
108: 1279 431
109: 1334 932 631 407 377 241
110: 920 279 184
111: 236
112: 1166 436
113: 1203 1086 307
114: 1345
115: 1494 1301 1199 935 528 504 452
116: 1213 836 710 635
117: 1063 797 720
118: 1029 1009 969
119: 735 670 439 294
120: 1545 1450 1152 1037 1022 587 242
121: 911 697 559 556
122: 1540 139
123: 1533
124: 151
125: 691 473
126: 1157 791 766 489 445
127: 1050 438 270 217
128: 194
129: 847 845
130: 1087 940 234
131: 1164 945 896 631 419 391 377 353
132: 849 681 485 396
133: 995 632 610 487 381 239 167
134: 1000 809 465 439 333 309 294 277 221
135: 546 522 178
136: 508
137: 1514 1425 1250 1060 865 453
138: 1468 1329 278 264 157
139: 391 353 156
140: 1515 1418 1184 549 457
141: 790 584 561
142: 911 697 678
143: 1177 702 552 265
144: 440 410
145: 749
146: 497 205
147: 1311 938 613
148: 592 423
149: 809 752 277 221
150: 1363 1190 1011 601
151: 460 455 338
152: 1408 1309 1284 1272 763 257 233
153: 1281 207
154: 1118 225
155: 1238 383 212
156: 385 359 248 187
157:
158: 1012 987 862 532 275 200
159: 941 851
160: 1526 1251 1225 363 267 259
161: 1517 705
162:
163: 539 256 192
164: 466 446 361 209
165: 533
166: 1019 801 684
167: 1318
168: 229
169: 495 389 384 258 197
170: 1415 887 828 186
171: 1161
172: 576 349
173: 1384 351 222
174: 1349 1252 817 784 674 660 494 454 437 299
175: 842 486 281 210
176:
177: 490 297
178: 1376 251
179: 1431 1399 643 629 394
180: 972 232
181: 1513 1310 962 842 809 752
182: 1450 1152
183: 1108 970
184: 858 213
185: 1319 1290 1167 1094 583 476 429
186: 759
187: 788 339
188: 558 254 246
189: 1443 1252 1141 228
190: 266
191: 1256 731 513 357 245
192: 1000 215
193:
194:
195: 1539 1359 1175 255
196: 237
197: 1157 791 766 644 489 445
198: 1533 1522 1079 223
199: 675 409
200: 1547 1138 1078 710 311 247
201: 1532 667
202: 1222
203: 909 402
204: 1226
205: 884 677
206: 1413 1139
207: 784 768 332
208: 848
209: 1266 567
210: 927 602 293
211: 1190 601
212:
213: 1507 975 717 636
214: 1460 1100 617 600
215: 725
216: 1164 896 737 419 404 319 261
217:
218: 986 358
219: 1013 775
220: 393
221: 563 291
222:
223: 1087 940 462 341
224:
225: 864 793 397
226: 1136 638
227: 541
228:
229: 536 296
230: 1252 1114 703
231:
232: 1051 538 468
233: 1301 611 365
234: 1255 378 342
235: 926 597
236: 303
237: 280
238: 612
239: 399
240: 331
241: 863
242:
243: 750 496 308
244: 1013 775 622
245: 859 692 304
246: 1096
247: 513
248: 723
249:
250: 1465 1044 796 268
251: 637 411 408 374 269
252: 1514 1425 699 284
253:
254: 877 292
255: 1403 620 553
256: 899 722 302
257: 1143 606 372
258: 570
259: 1296 1015 868
260: 808 742 362
261:
262: 1405 290
263: 923 908
264:
265:
266:
267: 1299 321
268: 898 647 529 392
269: 1391 604 498
270: 1539 650 355
271:
272: 868
273: 499
274: 1388 657 624 443 364 287
275: 569
276: 1164 896 419
277: 1331 1314 1306 1130 285
278: 1515 1418 1353 1074
279: 1544
280: 435
281: 1415 828 335
282: 709 373 318
283: 1191 993 560
284: 1201 820 501 481
285: 874 516
286: 1443 1141
287: 1179 784
288: 1504 906 426 324
289:
290: 917 870 646 515 503 467 363
291: 415
292: 1461 414
293: 1005 511 368 312
294: 1498 1479 1119 816
295: 1318 719 574 456
296: 1397 1344 1220 1173 665
297: 371 330
298: 1366 1236 655 620 599 553
299: 755
300: 1490 345
301:
302: 1080 520
303: 1469 379 316
304: 1185
305: 1217 628
306: 1547 1326 637 603 571 538 468
307: 518 340
308: 1528 1423 739 669 474 367
309:
310: 395
311: 1263 855 700
312: 1426
313: 524
314: 1448 502 343
315: 1476 794 633 625 458
316: 1539 403
317: 1098
318: 909
319: 856 554 424
320: 732 714 421
321: 848 390 329
322: 1033 626 442
323: 843
324: 917 870 646 467
325: 1485 778
326: 1175 524
327: 1458 1266 1175
328: 1350 727
329: 441
330:
331: 380 369
332: 1091 949 688 648
333: 1128
334: 641
335: 413
336: 463
337: 886
338: 514 347
339: 865
340: 686 640 356
341: 1534 416
342: 863
343:
344: 954
345:
346: 1051 695 616
347:
348: 1517 705
349: 882
350: 1412 1131 1058 743
351: 1532 540 505
352: 953
353: 844 781 676 535
354:
355: 1474
356: 1255 627 375
357: 1150 1032 712 428
358: 1259
359: 1392 1198 1049 517
360:
361:
362: 639
363: 1174 1062 1016 661
364: 1094
365: 1451 1284 1272 1132 1050 547
366: 1269 1111 999 447
367: 642 542
368: 1329 903
369:
370: 719 574 456
371: 526
372: 1096
373: 704
374:
375:
376: 1318 1298 475
377:
378: 1411 728
379: 1134
380:
381:
382: 897 652 586 427
383: 1189
384: 1320 1234 492 464
385: 1372 834
386: 663
387:
388: 1521 1500
389: 1019 801 684
390:
391: 1536 861 830 488
392: 1363 1011
393: 1122 1077
394: 832 826
395: 1297 1112
396: 1023 550
397:
398: 1389 1123 804 748
399: 500
400: 691
401:
402:
403: 537
404:
405: 929 598
406: 1319 1290
407:
408: 1245 996 980
409:
410: 1348
411: 1167 583
412: 1248 907
413:
414: 1526 1316 1251 989 698 527
415: 450
416:
417: 555
418: 1311
419: 590
420: 1540 1090 880 771 696
421:
422: 534
423: 609
424: 482
425: 679
426: 1121 484
427:
428: 662 449
429: 724 671 507
430: 470
431: 1547 432
432:
433:
434: 1200
435: 654 595
436: 1223
437: 886 478
438: 1117 479
439:
440: 548
441: 1192 585 477
442: 506
443: 734
444: 1326
445: 1382 1368 1224
446: 1161
447: 1465
448: 1189
449: 1491 1288 1194 1105 983
450:
451: 765
452:
453: 1446 961
454: 773
455: 623 544
456: 1481 683 471
457:
458:
459:
460: 1486 978 789 685
461: 853
462: 867
463: 924 878 687
464:
465: 1368 653
466: 659
467:
468: 480
469: 1242 746 578
470: 530
471: 1110
472:
473: 1368 1318
474:
475: 1449 1213 512
476:
477: 977 630
478: 1321
479:
480: 1181
481: 1170
482: 1390
483: 1209 893
484: 1346 1286 1095
485: 869
486:
487: 1325
488: 1053 756
489: 1273 575 557
490: 799 491
491:
492: 1384
493: 664
494: 1468 811
495: 780 713
496: 764
497: 1268 1045 927
498: 1103
499: 649 519
500: 1213 1052 1027 944
501: 723 510
502:
503: 921
504: 1517 1347 705
505: 579
506:
507: 1453 531
508:
509: 892 706 605
510: 1435 1046
511: 1308 1271 831 545
512: 979 974
513: 1379 800
514: 1445 655
515: 928
516: 707
517: 1047 827
518: 1469
519: 1312 741 594
520:
521: 1058 919
522: 1284 1272
523: 1294
524: 888
525: 1388
526: 1398 1067 872 568
527: 950
528: 1360 1017
529: 1387
530: 1291
531: 1472 565
532: 1155
533: 1092 694
534: 1066 952 577
535:
536: 1444 787
537:
538: 1204
539:
540:
541: 1410 812 581
542:
543:
544:
545:
546:
547:
548: 902 621
549: 1221
550: 1093
551:
552: 1274
553:
554: 1275
555: 1366 689
556: 1430
557: 1171 582
558: 1178 959
559:
560: 690
561: 1150
562: 1039
563: 957
564: 988
565: 1142 966
566: 580
567: 1343 1260
568: 1491 1288 1053 833 756
569: 1522 1294 1031 1026 608
570: 1138
571:
572: 1530 884
573:
574: 925 745
575: 634
576: 1391 930
577:
578: 1538
579: 1340 1275 614
580:
581: 1316 989 698
582:
583:
584: 1166 964 666 615
585: 1331
586:
587: 1370
588: 1339 1116
589: 904 819 769 672
590: 1292
591: 1505 1126
592: 785 761
593: 1048
594: 803
595: 805
596:
597: 1246
598:
599:
600: 1419 1035
601: 1041
602: 1461 651
603:
604: 1280 951
605: 1043 982
606: 1414 1247 915
607:
608:
609: 1230
610: 1444 1442 1019 782
611: 818
612: 1431 1399 1208 968 942
613:
614: 1179
615:
616: 1088
617:
618: 837
619:
620: 792
621:
622: 1055
623: 783
624: 815
625: 1462
626: 1305 1257
627:
628: 1004
629:
630: 1216 1085 668
631: 1315 1176
632:
633: 1010
634:
635:
636: 841
637: 1079
638: 1515 1418 711
639: 1147
640: 1263
641:
642: 1062
643: 1375 753
644: 1521 1500
645:
646:
647:
648: 1213
649: 1106
650: 1148 1021
651: 1269 999 770 757
652:
653:
654: 1250
655: 1488 1144
656:
657:
658:
659:
660: 1526 1327 1251
661:
662: 1086 762
663: 1384 1236
664: 1407 875
665: 1487 1183
666:
667: 1489
668:
669: 1186 939
670:
671: 1519
672: 1168
673:
674: 730
675: 1261
676: 806
677:
678:
679: 1529
680:
681: 1323
682: 738
683:
684: 1421
685:
686: 840
687: 774
688: 1478 883
689:
690:
691: 1061 716
692:
693:
694:
695: 1431 1399
696:
697: 994
698:
699:
700: 1036
701: 976
702:
703: 1065
704:
705: 933 871 846
706:
707: 1445 1395
708: 1278 910 747
709:
710:
711:
712:
713: 965
714: 772
715: 821
716: 1127
717:
718:
719:
720:
721:
722:
723: 1303 1042
724: 814
725: 1542 1229 981
726: 889
727: 881
728: 1062 839 835 798
729:
730: 802
731:
732:
733:
734: 990
735:
736: 1239
737: 1414 1247
738: 1129
739: 997 866
740:
741:
742: 1354
743:
744: 947
745:
746:
747:
748: 1330
749: 1180 963
750:
751: 1459
752:
753:
754: 1156
755: 807
756: 813
757:
758:
759:
760:
761: 1137 1124
762: 1101
763: 1109 916
764:
765:
766: 1099 1007 876
767:
768: 1187
769: 1407
770:
771:
772:
773: 992
774:
775:
776:
777:
778: 1075 967
779: 1355
780: 1163
781:
782:
783: 1481
784: 936
785:
786: 1498 1479 1119 934
787: 1541 1262
788: 822
789: 1522 1031 1026
790: 900
791: 1416
792:
793: 824
794: 1367
795:
796: 1369
797: 1113 1025
798:
799: 1113
800: 1432 1343 1260 1172
801:
802: 1237
803: 1030
804:
805: 1394
806:
807:
808:
809:
810: 1364 1233 857
811: 1463
812: 1351
813: 1068
814: 1445
815: 998
816: 1104 852
817:
818: 1545 873
819: 1483
820:
821: 1243
822: 1280
823: 854
824: 1440
825: 914
826:
827: 1501
828:
829:
830: 1404 885
831: 1427
832:
833: 1089 1038
834: 1140
835: 1056
836:
837:
838:
839: 1018
840: 1285 943
841: 1313
842: 1001
843:
844:
845: 1193
846:
847: 1328
848:
849: 1304
850:
851: 1253 1069
852: 1392 1198
853: 971
854: 1071
855: 1107 879
856:
857: 956
858: 1064
859: 908
860:
861: 1135
862: 894
863: 1158
864: 1356 912
865: 895
866: 991
867:
868: 1006
869:
870: 1371
871:
872:
873: 1470
874: 1213
875:
876:
877: 1235 1072
878: 918
879: 1076
880:
881:
882:
883:
884: 1153
885:
886:
887:
888: 1083
889: 1434
890: 1174 1016
891: 1254
892:
893:
894:
895:
896: 1422 1338 958
897: 1454
898:
899: 1298
900:
901: 1232 1097 931
902: 1211
903:
904: 1506 1240
905:
906: 1283 955
907:
908: 1073 1008
909:
910: 1002
911:
912: 973
913: 1206
914: 1289
915:
916:
917:
918:
919:
920:
921:
922:
923: 1156 960
924:
925: 1078
926:
927: 985
928: 1384
929:
930:
931:
932: 1449
933:
934:
935: 1314 1306 1130
936:
937: 1455 1276
938: 1499
939: 1382 1024
940: 1020
941: 1357
942: 1439
943:
944: 1145
945:
946: 1496
947:
948:
949:
950: 1054
951:
952:
953: 1492
954:
955:
956:
957:
958:
959:
960:
961: 1214
962:
963: 1518
964: 1295
965: 1125
966:
967: 1192
968:
969:
970: 1264
971: 1341
972:
973:
974:
975:
976:
977:
978:
979: 1082
980: 1207
981:
982: 1228
983: 1270 1034
984: 1059
985:
986:
987: 1197
988:
989: 1332
990: 1535
991:
992:
993: 1433
994: 1541 1262 1081
995:
996:
997:
998:
999:
1000:
1001:
1002:
1003:
1004:
1005:
1006:
1007: 1165
1008: 1374
1009: 1287
1010:
1011: 1495
1012:
1013: 1202
1014:
1015:
1016: 1510
1017:
1018:
1019:
1020:
1021:
1022:
1023:
1024:
1025: 1333
1026:
1027:
1028:
1029:
1030:
1031:
1032:
1033: 1057
1034:
1035: 1249
1036:
1037:
1038:
1039:
1040:
1041:
1042:
1043: 1436
1044: 1169
1045:
1046:
1047:
1048: 1115
1049:
1050:
1051: 1482
1052: 1188
1053: 1317
1054: 1227
1055:
1056:
1057:
1058:
1059:
1060: 1151
1061: 1102
1062: 1218
1063:
1064: 1393
1065: 1133
1066: 1539 1193
1067:
1068:
1069:
1070:
1071: 1335
1072: 1501
1073:
1074:
1075:
1076:
1077:
1078: 1471
1079:
1080:
1081: 1196
1082: 1160
1083:
1084:
1085:
1086:
1087:
1088: 1182 1149
1089: 1447 1293 1162
1090:
1091: 1478 1381
1092:
1093:
1094:
1095:
1096:
1097:
1098:
1099:
1100:
1101:
1102:
1103: 1536
1104: 1493
1105: 1362
1106: 1265
1107: 1477
1108:
1109:
1110:
1111:
1112:
1113:
1114: 1195
1115: 1358
1116:
1117:
1118:
1119: 1516
1120: 1420
1121:
1122: 1159
1123:
1124:
1125: 1538
1126: 1402
1127: 1464
1128:
1129:
1130:
1131:
1132:
1133: 1503
1134:
1135: 1378
1136:
1137: 1383
1138:
1139:
1140:
1141:
1142:
1143:
1144:
1145:
1146:
1147:
1148:
1149:
1150:
1151:
1152: 1442
1153:
1154:
1155:
1156:
1157:
1158:
1159:
1160:
1161: 1241
1162: 1205
1163:
1164:
1165:
1166:
1167:
1168:
1169:
1170:
1171:
1172:
1173:
1174:
1175:
1176:
1177: 1401
1178: 1377
1179: 1277
1180:
1181: 1219
1182:
1183: 1365
1184:
1185: 1512
1186: 1231
1187:
1188:
1189: 1336
1190: 1504
1191:
1192:
1193:
1194:
1195: 1437
1196:
1197: 1258
1198:
1199:
1200: 1397
1201: 1525
1202:
1203: 1396
1204: 1473
1205: 1302
1206:
1207:
1208:
1209:
1210:
1211:
1212:
1213: 1307
1214:
1215:
1216:
1217:
1218:
1219:
1220: 1424
1221: 1409
1222:
1223:
1224:
1225:
1226:
1227:
1228:
1229:
1230:
1231:
1232:
1233:
1234:
1235:
1236:
1237:
1238:
1239:
1240:
1241:
1242:
1243:
1244:
1245:
1246:
1247:
1248:
1249:
1250: 1386
1251:
1252:
1253:
1254:
1255:
1256:
1257: 1502
1258:
1259:
1260:
1261:
1262:
1263:
1264:
1265:
1266:
1267:
1268:
1269:
1270:
1271:
1272: 1524
1273:
1274:
1275:
1276:
1277: 1337
1278:
1279:
1280:
1281:
1282:
1283:
1284:
1285:
1286:
1287: 1406
1288:
1289:
1290:
1291:
1292:
1293:
1294:
1295:
1296: 1429
1297:
1298:
1299:
1300: 1361
1301:
1302:
1303:
1304:
1305:
1306:
1307:
1308:
1309: 1385
1310:
1311:
1312:
1313:
1314:
1315:
1316: 1380
1317:
1318:
1319:
1320:
1321:
1322:
1323: 1531
1324:
1325:
1326:
1327:
1328:
1329: 1452
1330:
1331:
1332: 1400
1333:
1334:
1335:
1336:
1337:
1338: 1545
1339:
1340:
1341:
1342: 1428
1343:
1344:
1345:
1346:
1347:
1348:
1349:
1350:
1351:
1352:
1353: 1466 1438
1354:
1355:
1356:
1357:
1358: 1536
1359:
1360:
1361:
1362:
1363:
1364:
1365: 1457
1366:
1367: 1543
1368:
1369:
1370:
1371:
1372:
1373: 1537
1374: 1475
1375:
1376:
1377:
1378:
1379:
1380:
1381:
1382:
1383:
1384:
1385:
1386:
1387:
1388:
1389:
1390:
1391:
1392:
1393:
1394:
1395:
1396:
1397:
1398: 1484
1399:
1400:
1401:
1402:
1403:
1404:
1405: 1456
1406: 1546
1407:
1408:
1409:
1410:
1411:
1412:
1413:
1414:
1415: 1497
1416: 1527
1417:
1418:
1419: 1509
1420:
1421:
1422:
1423:
1424:
1425:
1426:
1427:
1428:
1429:
1430:
1431:
1432:
1433:
1434: 1520
1435:
1436:
1437:
1438:
1439:
1440: 1508
1441:
1442:
1443:
1444:
1445:
1446: 1523
1447:
1448:
1449:
1450:
1451:
1452:
1453:
1454:
1455:
1456:
1457:
1458:
1459:
1460:
1461:
1462:
1463:
1464:
1465:
1466:
1467:
1468:
1469:
1470:
1471:
1472:
1473:
1474:
1475:
1476:
1477:
1478:
1479:
1480:
1481:
1482:
1483:
1484:
1485:
1486:
1487:
1488:
1489:
1490:
1491:
1492:
1493:
1494:
1495:
1496:
1497:
1498:
1499:
1500:
1501:
1502:
1503:
1504:
1505:
1506:
1507:
1508:
1509:
