1: 36 27 24 22 16 15 13 10 9 4 3 2 1
2: 62 36 32 30 27 25 24 22 18 14 6 5
3: 62 25 14 12 11 8 7
4: 28
5: 17
6: 65
7: 48 30 26
8: 105 48 26
9: 42
10: 57 29
11: 19
12: 85 42 41 37
13: 85 37
14: 31 20
15: 82 54 21
16:
17: 78 63 58 49
18: 66 52
19: 100 92 45 23
20: 70 66 46
21:
22: 104 57 55
23: 87 75
24: 57 53 28
25: 104 39 38
26:
27: 34
28: 70
29: 105 44 35
30: 40
31: 64 50
32: 73 44
33: 90 43 33
34: 56
35: 102
36: 47
37:
38: 51
39: 107
40:
41:
42: 94
43:
44: 86
45: 87 75 69 59
46:
47:
48:
49: 71 60
50: 99
51: 88 67 61
52: 90
53:
54:
55: 74
56: 81
57: 88
58: 106
59: 68
60:
61: 95
62:
63: 95
64:
65: 84 79 76
66: 98 89
67:
68: 77 72
69: 103
70: 95
71: 83
72: 101 80
73:
74:
75:
76: 91
77:
78:
79:
80:
81:
82:
83:
84:
85:
86:
87:
88:
89:
90: 96
91:
92:
93:
94:
95:
96: 102 93
97:
98: 97
99:
100:
101:
102:
103:
104:
105:
106:
107:
108:
109:
110:
111:
112:
113:
114:
115:
116:
