1: 1830 894 729 64 42 39 19 1
2: 716 617 260 159 27 24 2
3: 2675 2593 1830 894 729 716 617 260 159 64 42 39 3
4: 320 126 67 20
5: 2623 127 32
6: 3017 2908 1784 622 353 5
7: 1774 1730 1591 1228 951 489 378 362 195 35 12 9 7
8: 3038 2392 1993 1184 173 152 104 53 4
9: 3063 146 115 58 51
10: 2979 2917 2541 2337 2261 1940 1864 1486 867 746 487 343 236 186 130 118 18 6
11: 3012 2684 2453 818 753 8
12: 3068 3031 2316 2300 2255 2139 1071 1049 596 250 128 54 23 22 17 15 14
13: 2826 492 225 185 80 47
14: 2739 1951 1278 1162 365 85 11 10
15: 2563 1075 187 111 102 50
16: 1496 349 168 75 52
17: 2302 1582 1189 1046 432 206 112 109 31 30
18: 2425 999 908 900 339 338 176 97 87 72 63
19: 315 215 122 65 16
20: 3022 2414 2398 1645 1130 108 38 13
21: 2980 2707 2013 473 302 25
22: 1643 120 113 29
23: 3009 2904 2557 1874 1439 944 247 166
24: 2080 587 199 21
25: 2556 1778 1321 364 234 119 68 26
26: 2923 2670 2382 1182 924 591 589
27: 190 28
28: 1449 1076 157 56 45
29: 1787 153 36 33
30: 2339 1859 1041 996 958 577 309 86
31: 2296 383 41
32: 572 95 83
33: 2369 676 582 88
34: 2083 1057 857 475 441 139 91 49
35: 2769 2107 2068 182 57 46
36: 2775 1760 1681 1329 1171 940 436 392 92 76 48
37: 1580 1554 1323 1194 1117 889 690 149
38: 2980 2717 2707 2513 2041 803
39: 1838 1595 911 853 78
40: 2058 1551 62 59
41: 184 60
42: 2006 1836 1314 1156 1117 498 141 34
43: 1125 44
44: 2747 2268 1995 298 285 277 207 203 172 163 148 125
45: 2663 1932 1925 1420 1129 607 461 93
46: 1573 1117 1093 837 679 255 235 149 40
47: 2037 857 655 448 105 96 84
48: 2598 1897 1226 917 880 644 94
49: 1949 1910 1220 1154 382 81 37
50: 2982 1959 1517 801 731 251 188 164 43
51: 2627 2447 2423 2363 2099 1296 935 852 300 264 198 193
52: 2006 1028 416
53: 2633 1109 639 428 398 272 100 79
54: 904 434 181 117
55: 2856 2361 1939 1712 999 908 900 779 521
56: 1990 1874 1391 1144 658 631 583 422 333 287 247 180 133 114
57: 2358 1627 1369 686 478 467 295 61
58: 1390 778 570 227
59: 2823 1578 642 71
60: 2461 2394 1226 644 628 545 279 217 192 145 142 124 89 70
61: 2856 2361 1939
62: 3059 2983 2890 2622 1732 1428 601 557 411 171
63: 2720 1611 971 325 321 194 110
64: 1683 1178 1133 488
65: 3031 2139 1049 596
66: 2363 2071 2063 1355 1182 1161 1027 985 830 314 312
67: 2800 2696 2671 1925 1420 1348 988 986 886 607 209 55
68: 1340 1311 324 137
69: 77 69
70: 1577 795 183
71: 1205 490 306 242 208
72: 2731 2111 1714 1525 1366 989 396 391 150
73: 1605 1124 571 106
74: 354 216
75: 1776 1251 1119 632 178 107
76: 2368 549 66
77: 2992 2704 2681 1233 1106 443 350 73
78: 3058 2963
79: 2747 2396 2164 1088 578 372 285 277 245
80: 1463 169
81: 2132 449
82: 2461 545 513 279 192
83: 2818 967 414 254 201 121 103
84: 116
85: 551 541 408 294 135 74
86: 3065 2081 1698 1449 1231 1076 980 856 471 458 311 274
87: 2327 1414 1238 82
88: 1966 1935 1726 1454 299 140
89: 2002 1453 787 99
90: 613 568
91: 1521 1142 1079 421 371
92: 837 255 235
93: 2747 285 277
94: 3074 2426 2153 1571 1388 666 480 452
95: 2847 2629 2431 2224 1914 1815 1763 1138 711 646 580 491 131
96: 1324
97: 962 917 880 211 144 90
98: 2521 1540 1431 1380 813 743 385 158
99: 1591 951 489 378
100: 3005 1050 757 220
101: 2266 1831
102: 2942 390 151
103: 1874 1496 247 166 101 98
104: 268 228
105: 2545 524 389
106: 2294 796 243 147
107: 2493 165
108: 3052 360
109: 2822 1833 1499 1217 819 417
110: 1776 226 138 134
111: 2269 671 444 143 123
112: 1438 304 210 161
113: 498 200
114: 231 132
115: 1619 155
116: 1521 1251 1119 632 275
117: 2442 2276 2261 2015 1687 1147 381
118: 1574 602 567 189 129
119: 497 466
120: 2800 1348 988 986 886 477
121: 2221 179
122: 2466 1169 1017
123: 2871 2438 1991 1750 1040 772 736 688 495
124: 2998 2590 2551 1305 797 177 175
125: 2758 710 160
126: 3043 1001 920 550 286 196
127: 1700 747 704 614
128: 2695 1376 625 608 451 265 248 212
129: 2169 1789 1292
130: 2923 2468 2382 1975 1532 1154 925 387 382
131:
132: 2100 1884 1653 840 798 450 323
133: 2224 266 205 170
134: 1625 301
135: 734
136: 2765 1335 823 555
137: 1373 857
138: 292 191 136
139: 470
140: 2521 1380 263
141: 2308 845 718 590
142: 1475 327
143: 2715 2284 244 219 154
144: 2305 1244
145: 946 722
146: 569 156
147: 910 885 415 202
148: 1228 362 167
149: 1720 307 262 218
150: 3070 2516 2392 1300 1183 629 305
151: 2739 2454 2448 1278 1162 366 296 282 259
152: 2280 1447 1425
153: 2256 1395 950 865 703 476 267
154: 1161
155: 2855 2460 2165 1361 1356 1295 694 332
156: 1563 953 297
157: 3002 1757 1556 1228 1031 566 253
158: 1886 507
159: 512 346
160: 862
161: 2009 1809 606 257
162: 355
163: 1102 511 337 197
164: 2623 2005
165: 2970 2824 2228 783 648 162
166: 1966 1454 221 174
167: 2362 270
168: 1319 1155 290
169: 2623 1442 233
170: 2973 2919 1831 559 313
171: 2012 1794
172:
173: 2910 1638 561
174: 2027 619
175: 3040 3037 1196 597
176: 1676 531 464 288 224
177: 238
178: 2251 406
179: 1175 363
180: 3011 2597 2125 563 319 317
181: 2508 1200 400
182: 1044 811
183: 1531 968 887 386
184: 2168 1733 859 204
185: 3015 990 586 453 269
186: 1391 658 631
187: 2808 1829
188: 2759 1636 1025 393 335 223
189: 979
190: 484
191: 2334 2218 750 261 237
192: 1266 928 702 624 456 413
193: 600 229
194: 1242 898
195: 2407 1230 650 303 222
196: 2072
197: 2804 1976 1455 966 425
198: 2563
199: 517
200: 2094
201: 2408 759
202: 1907 403
203: 1700 369 348
204: 2695 625 608 248 212
205: 2952 2586 2019 733 427 426 352 329 278
206: 1083 501
207: 2832 2387 1461 635 431
208: 874 854 370
209: 1992 1716 514
210: 1987 1500 213
211: 1902 1149
212: 2225 1310 239
213: 1620 326
214: 2855 2462 1956 1360 611 527
215: 3063 560 240 214
216: 2818 1012 967 626 232
217: 1024 485 469
218: 2855 332
219: 2371 1309 972 807
220: 2825 2701 2278 1945 1738 1719 1513 1127 770
221: 2699
222: 2469 779 521
223: 1580 1194 889 584 377
224: 1192 1067 838
225: 1521
226: 850
227: 2473 2390 2016 1135 963 791 334
228: 2544 630
229: 2857 1907 1596 921 252
230: 917 880 603 375 330 322
231: 2238 1177 230
232:
233: 2900 2132 1161 1065 1035 359
234: 3059 601
235:
236: 2132 1675 1173 742
237: 2988 1176 1055 760 588 556
238: 2700 2059 1007
239: 2244 289
240: 1973 280 258
241: 340
242: 2865 2644 776 539
243: 1981 246
244: 2858 1891 771
245: 430
246: 316
247: 3022 1645 459 399
248: 2715 2284 2201 397 358
249: 2930 2661 2607 2569 1514 959 342
250: 2605 1826 918 739
251: 2990 2221 505
252: 3096 2970 2824 2541 1864 783 648 487 343
253: 509
254: 2471 1512 1308 974
255: 2088 1680 1647 1445 1354
256: 641 429 293 241
257: 2057 1771 1706 998 328
258: 2421 2274 2115 2033 1624 1508 1506 861 546
259: 1055 760 556
260: 895 368 331
261: 2902 2290 2041 1858 803
262: 2471 2237 1257 1182 1116 591 589
263: 1862 893 804 445 351 249
264: 2470 1482
265: 554
266: 2328
267: 2878 2182 821 424 256
268: 2392
269: 1898 1756 717 620 308 276
270: 3088 2432 1871 1013 419 361
271: 2579 879 410
272: 628
273:
274: 2882 2760 1167 976 628 379
275: 2417 2038 1307
276: 1744 1433 1276 945 806 799 516 271
277: 2327 1254
278: 1562 1020 846 599 493 344
279:
280: 1290 764
281: 2984 548 547
282: 3044 2909 604
283: 1319
284: 273
285:
286: 715 380
287: 3059 2926 2734 2360 2288 1852 1766 1721 1132 703 697 508
288: 699 530 447 373
289: 3094 1060 520
290: 878 681
291: 2513 1557 695
292: 1806 1652 825
293: 2300 2255 435
294: 2983 2622 1732 1439 1428 1251 1119 944 557 411
295: 2363 1027 985 314
296: 2553 2363 2344 1969 1545 1199 1027 985 752 627
297: 2562 1723
298: 2484 2024 1110 835 528 291
299: 1377
300: 3002 1031 283
301: 839
302: 2719 1868 510 281
303: 2731 2111 574 396 284
304: 1639 1532 420
305: 347
306: 1358 1235 579 395 336
307: 3074 1571 666
308: 2050 1239 1103 654 537
309: 1815 491 439 318
310: 2263
311: 1472
312: 1231 341 310
313: 1814 401
314: 460 374
315: 3025 1211 463
316: 2425 1733 1282 859 576 407
317: 2281 2150 738
318: 2672 2018 1663 1535 1367 1293 1223
319: 2979 2566 1370 653
320: 844
321: 2398 1130
322: 869
323: 2473 963 791
324: 2384 2140 1478 535
325: 2162 2148 1568 405
326: 1548 685
327: 2878 2716 2182 2051 1980 1231 821 754 424
328: 3083 1091
329: 2790 2747 2708 2128 1155 500
330: 3026 1354 1226
331: 3076 2636 2346 1866 356
332: 573 394
333: 2927 1935
334: 2120 1601 1113 562 496
335: 2948 2693 2241 2232 1978 1818 1629 1616 1337 1207 830 765 423
336: 1746 598 486
337: 1981 1823 1458 457
338: 1826 652 367
339: 1000 542 442
340: 1323 690
341: 3006 503
342: 2340
343: 856 633 345
344: 2890 2006 1046 1028
345: 1533 502 402
346: 2414 1077 565
347:
348: 2108 982 499
349:
350: 3041 2147
351: 581 540
352: 474 438
353: 983
354: 2004 595 388
355:
356: 2307 1206 543 357
357: 2223
358: 2473 2384 2268 2140 1752 1452 934
359: 2676
360: 3026 1952 1785 1661 1585 1282 1022 909 553 538
361:
362: 2672 2018 1663 1535 1367 1293 788 712
363: 2197 1806 1297 1193
364: 1554 525
365: 2195 376
366: 740
367: 1726
368: 2556 2110 1234 1072 728
369: 1969 627
370: 2729 2546 2177 1074
371: 2202 437
372:
373: 2186
374: 1439 944
375: 1416
376: 2689 2264 920 645
377: 2482 1994 1690 1414 1238 830 706
378: 1243
379: 1115 412
380: 1921 1294 647 462
381: 2718 384
382: 1532 440
383: 1952 1785 1585 763 404
384: 1592 773 519
385: 2912 755
386:
387: 2865 2822 2644
388: 2767 2715 2688 2665 2284 2014 1227 1087 954
389: 858
390: 446
391: 2825 1945 1513 623
392:
393: 2438 1991 1303
394: 2930 2715 418
395: 1225 1098 616
396: 2421 2115 1624
397: 2855 2769 1641 1245 1039 994 822 700 696 454
398: 2143 942
399: 1299 472
400: 1296 852
401: 2989 2966 2708 2647 409
402: 1672
403: 843
404: 2923 2850 2841 2382 1111
405: 2941 2397
406: 3065 2081 1698 1139 777 672
407: 433
408: 506
409: 2696
410: 3113 2981 2214
411: 2377 1089 1034 897 656
412: 1775 522
413: 1547 1408 1120
414: 1473 564
415: 1236 1015
416: 2293 896
417: 1574
418: 2720 1611 1434
419: 2627
420: 1525 1366 991
421: 640
422: 2459 2356 1649 1261
423: 2738 1218 1005
424: 1872
425: 533
426: 2941 1900 1082 955 523
427: 2498 816
428: 2629 2431 1313 1138 991 646
429: 1350
430: 2174
431:
432: 2933 751
433: 2447 2423 465
434:
435: 2380 2172 1063
436: 2039
437: 2623 1992 1716 1064 888
438: 2298 724 636 529
439: 2731 2111 592 574
440: 2905 836 707
441:
442: 1199 649
443: 2237 1724 1471 1257 1116 468
444: 1654
445: 2577 2454 2071 2063 1355 667
446: 2964 1892
447: 1011
448: 1743 834 809 659
449: 2242
450: 534
451: 1951
452: 2604 1522 1093 679 482
453:
454: 2297 912 870
455: 1970 1444 1409 995 593
456: 2260 1782 756 689 455
457: 2014 1227 954
458: 3042 664 661
459: 964
460: 2566 1370
461:
462: 1106 910
463:
464:
465:
466: 2689 2264
467:
468:
469: 1594 481
470: 594
471:
472: 1567 669
473: 1718
474:
475: 2881 2875 2044 618 609
476: 2832 2387 1461 748
477: 2102 1073 817
478:
479: 2689 2388 2264 1960 1008 483
480: 2671 2245 2193 805 678 479
481: 2582 871
482: 1769 1043 849 824
483: 3044 2909 1878 720 536
484: 2083 1136 719
485:
486:
487: 1629
488: 504
489: 2695 2121
490:
491: 708 494
492: 1378 903
493: 3020
494: 1373 1282
495: 637 610 518
496: 1346
497: 1023 789
498: 1746
499: 2499 1320
500: 552
501: 2142 1589 680 612
502: 3087 1576 1185 987
503:
504: 2803
505: 2344 732
506: 2160 2145 758 745
507: 1336 1260
508: 2866 660
509: 1696 558
510: 2591 2008 876
511: 2329 1140
512: 1739
513: 1436 1070 692
514: 2328
515: 2770 1402 1053
516: 2800 1348 532
517: 1846 1382 515
518: 1773 1141
519: 737 673
520:
521: 1492 1256
522: 1525 1366 969
523: 1744 1433 1276 1062 1052
524: 2176 2013 1539 1199
525: 1526
526: 1791 1686
527: 3002 2379
528: 914 526
529: 1657 1502 1032
530: 1159 663
531: 677
532: 1457 698
533: 1637 790
534: 2944
535: 2706 2026 766
536: 2940 2717 1977 1599 1288 1187 1166
537: 2211 1405
538: 2494 1632
539: 2976 1857 1122
540: 3068 1641 994 822 544
541: 2022 1606
542: 3030
543: 3111
544:
545: 2302 1957
546: 2670 1541 1069
547:
548: 901 585
549:
550: 2753 2065 2025 884
551: 2755 1878 826
552: 2966 674
553: 3104 1186 621
554: 2850 2841
555: 1545
556: 3088 2916 2432 2279 1871 1827 1631 1013
557: 2492 1477 643
558: 2556 1072 728
559: 2928 2210 1560
560: 727
561: 2652 2547 2205 1888 1644 1392
562: 2855 2210 1981 1560 1282 744
563: 2249 575
564: 1523 651
565: 866
566: 684
567: 1609 1524 961
568: 1536 1372 682 665
569: 882 670
570: 832
571: 1514 892
572: 1395 950 865
573: 847
574: 1823 1458 668
575: 782 709
576: 2928 2852 883
577: 786 769
578:
579:
580:
581: 1306
582: 2794 2564 2502 2191
583:
584:
585: 2349 1660
586: 1418 1285 877
587: 2278 1738 1127 770 657
588: 2323
589: 2426
590:
591: 2975 2804 1412
592: 2302 957
593: 2664 2528 1777 1317 615
594:
595: 2926 1623
596: 705
597:
598:
599: 955
600: 1777 1317 1143 701 605
601: 1353
602: 3088 2678 2432 2300 2255 1982 1871 1552 1013
603: 2487 812
604: 2286
605: 1924 1807 855
606: 3023 2488 2152 1749 800
607: 2710
608: 2993 1559 749
609: 687
610: 1891 771
611:
612:
613:
614:
615: 2549 1108 683
616: 2670 2645 1901 1152 997
617:
618:
619: 2746 1384 691
620:
621: 2758 2641 2272 2252 1315
622: 3089
623: 2651
624: 1742 1137
625: 735
626: 2088 1680 1647 1445
627: 2902 1858 638
628: 2314 1741 1456
629: 634
630:
631: 2921
632: 2703 2503 1427
633: 1848 863
634: 2549 2513 1557 1536 1219 1024 792
635: 2857 1788
636: 932
637: 1314
638: 2929
639: 1692 662
640: 2814 2364 2322
641:
642:
643:
644:
645: 2220 2120 1915 1909 1822 721
646: 1722
647: 2479 1396 802
648: 1085
649: 1538
650: 2577 890
651:
652: 2481
653: 939 938
654: 2545 1675
655: 2171
656:
657: 2858
658: 1998
659: 2775 1329
660: 2734 2635 2360 2288 1936 1766 1721 767
661:
662: 3004 2886 785
663: 1737
664: 2342 2117
665: 2711 1881 723
666: 2546 2177 1364 875
667: 2014 1227 1216
668: 2009 1809 1269
669: 1613 1419
670: 2053 1798 1084 891
671: 2822 2578 2568 2292 1917 1495 1351
672:
673: 2563
674: 2190 1713
675:
676:
677: 2490 2186 2054 1971 905
678: 1246 714
679: 693
680:
681:
682: 2341 1097
683: 675
684: 1728 952
685: 3060 2927 2209 1584 1481 941
686: 1313 1249 1066
687: 2533 1164 1099
688:
689: 2479
690:
691: 2188
692:
693: 2743 827
694:
695:
696: 1808 1267
697: 1497 1212
698:
699: 2031 931 713
700: 2934 2928 2878 2182 1368 881 821
701: 2825 1945 1618 1513
702: 2979 2556
703: 2661 2607
704: 1542 948
705: 1572
706: 2287 2257 1668 1157
707: 2939 1675
708:
709: 1002
710: 761
711: 1770 1764 1684 1422 725
712: 2820
713: 2882 976
714: 872
715: 2760 1906 1167 768
716: 1958 1588
717: 2574 2352 1036
718: 2989 2767 2688 2647 1640 774
719:
720: 2121 842
721: 1892
722:
723: 1689 1042
724: 2806 916
725: 2976
726: 2120 1113 907
727: 2297
728: 2683
729: 2830 2608
730: 1820
731: 1845 1131 780
732: 1896
733: 2819 2159 860
734: 2943 2175 1403
735: 1667
736: 2955 2215 1330
737:
738: 1997
739: 2652 1644
740: 1344
741: 2984 1964 1033
742: 992 762
743: 1949 1735
744: 1902
745: 2422
746: 2693 2241 2232 1978 1831
747: 2726 2385 1105
748: 2070 1277 1006
749: 2262 1051 977
750: 2654 2007 1762 1286 943 726
751: 3068
752: 1268 815
753: 2944
754: 970
755: 2578 2568 2563 1495 1440 1351
756: 2834 1491 1338
757: 2151 984
758:
759: 1922 730
760: 2596 1882 873
761:
762: 2713 1112
763:
764: 2474 1190
765: 2358 1369 902
766: 1237
767:
768:
769: 2685 1417 923
770:
771: 2569 959
772: 2969 1283 1090
773: 2975 2660 2424 2310 1412 915
774: 2169 1789 851
775: 741
776: 1924 1807 1660
777: 2114 1263
778: 2310 1095
779: 3004 2886 810
780: 1709 1626
781: 2583 2428
782:
783: 2023 1437 1004
784: 2604 1522 1145
785:
786: 1560 983
787:
788:
789: 1002
790: 3051 1851 1590 1215 1209
791: 1812 1318
792:
793: 1061
794: 2598 1897
795: 1010 814
796:
797: 1287 899
798:
799: 820
800: 2376 2156 2093 841
801: 1411
802: 3063 1504
803: 1250
804: 3100 2404
805: 1770 1764 1191
806: 2189 2114 828
807: 2713 2603
808: 2221 1828 919 913 833 808
809:
810: 2604 1179
811: 1165
812: 1879 1715
813: 2809
814: 775
815: 2559 2285 2097
816:
817:
818: 1894 1014
819: 1018
820: 2462 2015 1956 1687 1360 1019 829
821: 2501 1546 1208
822: 2872 2737 2571 784
823: 1073
824: 1498 1462 1197
825: 1343
826: 2916 2279 1827 1631 965
827: 1518 1279
828: 2197 1988 1297 1193 1107
829: 1407 1168 864
830: 2867 794
831: 1322
832: 831
833: 1325
834:
835: 2852 929
836: 2163 1038
837: 2355 1614 1505
838: 781
839: 1056
840: 1558
841: 1134
842:
843: 1530
844: 2333 1802
845: 2500 1880 1615 1094
846: 1761
847: 3073 2631 1682 1104 793
848: 2029
849: 1598
850:
851: 1834
852: 2277
853:
854: 2936 2245 2193
855: 2951 2015 1687 1147
856:
857: 2489 1078
858: 2230 1010
859: 2478 1674 1224
860:
861: 1400 1255
862: 2337 2244
863:
864: 1316
865: 2263
866: 1059
867: 1374
868: 2816 1030
869: 2160
870: 2833 2527
871: 1832
872: 2529 1800 1160 1021 956
873: 2407 1230 1055 960
874: 2889 1466 1214 1204
875: 2482 2211 1405
876:
877: 2595 926
878: 2281 2150 1581
879: 2262
880: 1891 1579 1421
881: 1986 1685
882: 2534 2449 2311 1593
883: 1946
884: 848
885: 1054
886: 3052 2533 1579 1421
887: 2639
888: 1280 1251 1119
889:
890: 1429 1381 906
891:
892:
893: 3096 1340 1128 981
894: 2828 2067
895: 2483 1903
896: 2591 1927 1259
897: 1767 1264
898:
899: 2482
900:
901: 1397 1096
902:
903: 1671
904:
905: 2409 1768
906:
907:
908:
909: 2274 2033 1508 1506 868
910: 1621
911: 2740
912: 2466 949
913: 3031 2128 1441
914: 2465 1048
915: 1434
916:
917:
918: 1490
919:
920: 1362
921: 1479
922:
923:
924: 2996 2399
925:
926:
927: 2478
928: 1813
929: 1393 937
930: 2109
931: 1151
932:
933: 1499
934: 2222
935: 1423
936: 2861 2250 1865 1092 978
937:
938: 2732 2233
939: 2141
940:
941: 2354
942: 2836
943: 927
944: 1797 1385 930
945: 2981
946: 1347
947: 3081 2983 2622 2029 1926
948: 2055 1895 1327
949:
950: 2062 2032
951: 2820 2711 1485 1195
952: 2908 2751
953: 1933 1630 1399
954: 973
955:
956: 1740 1275
957: 1181
958: 3053 2723 2573 2505 922
959: 1697 1608 936
960: 1123
961: 1045
962:
963: 2387 1153
964: 2890 2691
965: 1345
966: 2512 1232
967: 1650
968: 1365
969: 1271 1081
970: 2930
971: 1622
972:
973: 1604
974: 1587
975: 2891 1804
976: 933
977: 2421 2115 1624
978: 3096 2519 1544
979:
980: 2281 2150
981: 2090
982: 2359 2096 1363 947
983:
984: 993
985: 1773
986: 2454
987: 2134 2091
988:
989: 1627
990:
991: 2800
992: 1026
993: 2938 2098 1996 1786
994: 1465 1352 1198
995: 2807
996: 1170 975
997: 1424
998: 1086
999: 1488
1000: 1724 1471
1001: 1501
1002: 2130
1003:
1004: 2701 1719
1005: 2184 1755
1006: 1801
1007:
1008: 2180 1009
1009: 2157 1248 1213
1010: 2712
1011:
1012: 2492 1386 1326 1229 1080
1013: 2764 2543 2166
1014:
1015: 1753 1273 1118
1016: 1602 1467
1017:
1018: 2634
1019: 2976 1446
1020: 2950 2879 1188
1021: 1856
1022: 3050 2767 2688 1087
1023: 1855 1841
1024: 2020
1025: 1666 1569
1026: 1003
1027:
1028: 1780 1222
1029: 1965
1030: 1270
1031:
1032:
1033: 1016
1034: 2532 1635 1274 1068
1035:
1036: 2843 1550
1037:
1038: 3056
1039: 3053 2723 2573 1708 1415 1180
1040:
1041: 2510
1042: 1734 1379 1158
1043: 1923 1725 1281
1044:
1045: 1476
1046: 1406 1037
1047: 2699 2639
1048:
1049: 2159 1265
1050: 2831 1126 1029
1051: 2779 1920
1052:
1053: 1312
1054: 1247 1101
1055: 1146
1056: 2085 1201
1057:
1058: 2613 2411 2061 2029 1404
1059:
1060:
1061:
1062: 1745
1063:
1064: 2660 2424 1850 1843 1291
1065:
1066: 1963 1047
1067:
1068:
1069: 2759
1070: 2867
1071:
1072:
1073:
1074:
1075: 1150
1076:
1077:
1078:
1079: 2066 1253
1080: 2742 1301
1081:
1082:
1083: 2378
1084:
1085:
1086:
1087: 1401
1088: 2952 2586 2019 1058
1089: 3053
1090: 2154 1549 1349 1289 1148
1091: 1659
1092: 2046
1093: 1163
1094:
1095:
1096: 1459
1097: 2964
1098:
1099: 2550 2227 2040
1100: 1833 1217
1101: 2791
1102:
1103: 1174
1104: 1258
1105: 2782 1570
1106: 1203
1107: 2269
1108: 1693
1109:
1110: 2496
1111: 1556
1112: 1754 1537
1113:
1114: 1869 1100
1115: 2078
1116: 2256
1117:
1118: 2811
1119: 1633
1120: 2557
1121: 2940 1288 1166
1122:
1123:
1124: 1628
1125: 2051
1126: 2981 2553 1689
1127:
1128:
1129: 1836 1156
1130:
1131: 2797 1210
1132:
1133: 2618
1134:
1135: 1114
1136: 3075 2373
1137:
1138:
1139: 1869
1140: 2649
1141: 2815
1142: 3103 1825
1143:
1144: 2333 2069 1802
1145:
1146:
1147:
1148: 1284 1241
1149: 2514
1150:
1151:
1152:
1153: 2968 2158 1705
1154:
1155: 2552
1156: 2603 1489
1157:
1158:
1159:
1160:
1161: 2507
1162: 2439 1688 1460
1163:
1164: 1272
1165:
1166: 3018 2570 2420 1398
1167: 1934
1168:
1169:
1170:
1171: 2129
1172:
1173:
1174: 2664 2528 1989
1175: 2820
1176: 1564
1177: 1782
1178: 1443 1121
1179: 3008 2657
1180: 1302
1181:
1182:
1183: 2613 2411
1184: 2743 2704
1185:
1186: 3004 2886 1298
1187: 2640
1188: 1469
1189: 1854
1190: 1221
1191:
1192:
1193: 1949 1910 1220
1194:
1195: 1430
1196: 1790
1197: 2726 2385
1198:
1199: 1772
1200: 1748
1201: 1455
1202: 2343 1885
1203: 1793
1204: 1799 1501
1205: 2633
1206: 2910 2137
1207:
1208: 2338 2178
1209:
1210: 2161 1435
1211: 1468
1212: 2036 1839
1213:
1214: 2353 1375
1215:
1216: 1711
1217: 2542
1218: 3099 2247 1474 1252
1219:
1220:
1221:
1222: 2253
1223:
1224:
1225: 1516 1240
1226:
1227:
1228:
1229: 1202
1230: 2077
1231: 2458 2393 1707 1172
1232:
1233: 1821 1328
1234:
1235: 1928
1236: 3093 2104 1451
1237:
1238: 2776 1480
1239:
1240: 2999 2763 2530
1241: 2162 1783
1242:
1243: 2267
1244:
1245: 2017
1246:
1247:
1248: 3053
1249: 2899 2477 1694 1487
1250: 2239
1251: 2695
1252: 2204 2185 1426
1253: 2327
1254: 2661 2607
1255: 2100 1884 1653
1256:
1257: 2665
1258:
1259:
1260: 2155
1261:
1262: 2318
1263:
1264: 1953 1669
1265: 3077
1266: 2265
1267: 2758 2728 2101
1268: 2778
1269: 3027 1853 1304
1270:
1271: 1648
1272: 2143
1273:
1274:
1275:
1276:
1277:
1278: 2303
1279: 3105 2957 1511
1280: 2961
1281: 2441
1282: 1717
1283: 1911
1284: 2052 1634
1285: 1339 1332 1262
1286:
1287: 2626 2405
1288: 1410
1289:
1290:
1291: 2292 1917
1292: 1837
1293:
1294: 1803
1295: 2291
1296:
1297: 1359
1298:
1299: 1432
1300:
1301:
1302: 2343 1528
1303: 1600
1304: 2319
1305: 1995
1306:
1307: 2722 2087
1308:
1309: 2192 1943
1310: 2977 1642
1311: 1747
1312: 2628
1313: 1553
1314: 2006
1315: 2754
1316:
1317:
1318: 2870
1319: 2161 1435
1320:
1321: 2744 1714 1450
1322: 2303
1323: 2084 1509
1324: 2784 2320
1325: 2246 2231
1326: 2638 2410 1555 1527 1519
1327: 2127
1328: 1679
1329:
1330:
1331:
1332: 2876 2268
1333: 1658
1334: 2967
1335: 2906
1336: 1394
1337: 1984
1338: 1781 1670
1339:
1340: 3101
1341: 1510
1342:
1343:
1344: 2718
1345: 1371
1346:
1347:
1348: 3102
1349:
1350:
1351:
1352:
1353:
1354: 3095 2788
1355: 2497
1356:
1357: 1529
1358: 1870
1359: 2042
1360:
1361:
1362: 1701 1448
1363:
1364:
1365: 1962
1366:
1367:
1368:
1369: 2406
1370:
1371:
1372: 1389
1373: 3097
1374:
1375:
1376:
1377: 1889 1543
1378: 3064 2697 1331
1379:
1380:
1381: 1483
1382: 2207
1383:
1384: 3003 1357
1385: 1967
1386: 2416
1387: 3031
1388: 2064
1389:
1390:
1391:
1392:
1393:
1394:
1395: 2619 2315
1396: 1342
1397:
1398:
1399:
1400:
1401: 1805
1402:
1403:
1404: 1333
1405:
1406:
1407: 1566
1408: 2370 2086
1409: 1334
1410:
1411:
1412:
1413:
1414: 3096 1341
1415:
1416:
1417: 2835 2554
1418:
1419: 1695 1387 1383
1420: 2936
1421:
1422: 2133
1423:
1424: 3054
1425:
1426: 3020
1427:
1428:
1429: 1784
1430: 2509
1431:
1432: 2321 1470
1433:
1434: 2624
1435: 1620
1436: 1919
1437:
1438:
1439: 1940 1486
1440: 2615 2116 2089
1441: 1703
1442: 2076
1443:
1444:
1445: 2762 1656
1446:
1447:
1448:
1449: 2795
1450: 1944
1451: 2435
1452: 3050
1453: 2258
1454: 2974
1455:
1456:
1457:
1458: 1520
1459:
1460: 3106 1413
1461:
1462:
1463:
1464: 3061 2925
1465:
1466: 2467 2365
1467: 1999
1468:
1469: 2471 2366
1470:
1471:
1472:
1473: 2648 2043
1474: 1842
1475:
1476:
1477:
1478:
1479:
1480: 1673
1481: 1586
1482: 1702
1483:
1484:
1485:
1486:
1487: 2155 1561
1488: 1493
1489: 2755 2229 1811
1490: 2669
1491:
1492:
1493:
1494: 2792 2742 1464
1495: 1929
1496:
1497:
1498: 1575
1499:
1500:
1501: 2561
1502: 2926 2596
1503:
1504:
1505: 2585 1840
1506: 2585 1840
1507: 1603
1508:
1509: 2972
1510:
1511: 2686
1512: 3043
1513:
1514: 2606
1515:
1516: 2146
1517: 1515
1518: 2136 1979 1597
1519:
1520: 2795
1521:
1522:
1523: 2080
1524: 1662
1525: 2331
1526:
1527: 2950
1528:
1529:
1530: 1883
1531: 2209
1532: 1758 1484
1533: 2594
1534:
1535: 2988
1536:
1537: 2575
1538: 2467
1539: 2219 1876
1540: 1677
1541: 3041 2437 1494
1542: 2045 1912
1543:
1544:
1545:
1546: 2993
1547:
1548: 1736
1549: 1810
1550: 1965
1551: 2915 2877
1552:
1553:
1554:
1555:
1556: 2430
1557: 1796
1558:
1559:
1560:
1561: 2631
1562: 1948 1704
1563:
1564:
1565: 3021 2642
1566:
1567:
1568:
1569:
1570: 1607
1571:
1572: 2863 1507
1573: 2700 2236
1574: 1503
1575: 1779
1576:
1577:
1578:
1579: 2709 1792
1580:
1581: 2048
1582:
1583:
1584:
1585: 2005
1586: 1722 1610
1587: 1852
1588:
1589: 1534
1590: 1665 1612
1591: 1565
1592:
1593: 1727
1594: 2524 2035
1595:
1596: 2535
1597: 2775
1598: 2444
1599: 2751 1918
1600: 2730 2443
1601: 2805 1968
1602: 2812
1603: 3010
1604: 2135 1974
1605:
1606: 2508
1607:
1608: 1950
1609: 2911
1610:
1611: 2951
1612: 3007
1613:
1614: 2146 1731
1615:
1616:
1617: 1646
1618:
1619:
1620: 2181
1621: 2434 2010
1622:
1623: 2776
1624:
1625: 2173
1626: 1957
1627: 1947
1628: 1751
1629: 2927
1630:
1631: 2736 2200
1632: 2377
1633: 2710
1634:
1635: 2827
1636:
1637: 1692
1638:
1639:
1640:
1641: 2887
1642:
1643:
1644: 2727
1645:
1646: 2275 2248 1583
1647: 2751
1648:
1649: 2440
1650: 2056
1651: 2021 1617
1652:
1653:
1654: 2512 2078 1731
1655: 2287
1656:
1657: 2756
1658:
1659: 1941
1660:
1661:
1662:
1663:
1664:
1665:
1666:
1667: 2687
1668:
1669: 2395 1664
1670:
1671:
1672:
1673: 2034
1674:
1675:
1676:
1677:
1678: 2234
1679:
1680:
1681: 3090 1651
1682:
1683:
1684: 2138
1685: 2374
1686: 3078
1687: 2490
1688: 1655
1689: 2251
1690: 2771
1691:
1692: 1710
1693:
1694: 2106
1695: 2574
1696:
1697:
1698:
1699: 2147
1700:
1701: 1867
1702: 2386 2011 1938
1703:
1704: 2303
1705:
1706: 2126
1707:
1708: 2221 1890
1709: 2553 1904
1710: 2655 2413 2344
1711: 1795
1712:
1713:
1714:
1715:
1716:
1717: 1985
1718:
1719: 2289 2273
1720: 1954
1721:
1722: 1969
1723: 2000 1937
1724:
1725:
1726:
1727:
1728: 2844
1729: 1819
1730: 1817
1731: 2638
1732: 2787 1983
1733:
1734:
1735:
1736: 1699
1737: 2160 1849
1738: 2451
1739: 2444
1740:
1741: 2075
1742: 2205
1743:
1744: 2682
1745:
1746: 2621 2401 2074
1747: 2793
1748: 3066 2879
1749: 2791 1877
1750: 2616 1678
1751: 1691
1752: 3029 1765
1753: 1729
1754: 2367
1755:
1756: 2112
1757:
1758: 2761
1759:
1760: 1861
1761: 2347
1762:
1763:
1764: 2666
1765:
1766:
1767:
1768:
1769:
1770: 2632
1771: 2900
1772:
1773: 2731
1774:
1775: 2583
1776: 3053 2723
1777:
1778: 2047
1779: 2560
1780: 2196
1781: 2057
1782:
1783: 2125
1784:
1785: 2866
1786:
1787: 2198 1863
1788:
1789:
1790:
1791:
1792:
1793:
1794: 2092 2003
1795: 3064 2697
1796:
1797:
1798: 2946 2620
1799: 2576
1800:
1801: 2840
1802:
1803:
1804:
1805:
1806:
1807: 2419 1835
1808:
1809: 1887 1759
1810: 3011 1844
1811:
1812: 2442 2276
1813: 2480
1814:
1815:
1816:
1817: 2400
1818:
1819: 3112 1972
1820:
1821: 2680
1822: 2617
1823:
1824:
1825:
1826: 2167
1827:
1828: 2517
1829:
1830:
1831:
1832: 1860
1833:
1834:
1835:
1836:
1837: 2073
1838:
1839:
1840:
1841: 3034
1842:
1843:
1844: 2268 2246 2231
1845:
1846:
1847:
1848:
1849:
1850:
1851:
1852:
1853: 2312
1854:
1855:
1856:
1857:
1858:
1859: 2469
1860: 2693 2241 2232
1861: 2799
1862:
1863:
1864:
1865: 2412 1913
1866: 2235 2183 1931
1867:
1868: 3062 2418 2123
1869:
1870:
1871: 2402 2095
1872: 2511
1873:
1874: 2931
1875: 2001
1876:
1877:
1878:
1879: 1816
1880:
1881: 2726
1882:
1883: 2282 1824
1884:
1885:
1886:
1887:
1888: 2079
1889:
1890:
1891:
1892:
1893: 2849 2216
1894: 2827
1895: 2450 1875
1896:
1897:
1898:
1899:
1900:
1901: 2924
1902: 3071 2348
1903: 2199
1904: 2935
1905: 2306 1908
1906:
1907:
1908: 1916
1909: 2124
1910:
1911:
1912:
1913:
1914:
1915:
1916:
1917:
1918:
1919: 1847
1920:
1921: 2692 1899
1922: 1961
1923: 2295 1930
1924:
1925:
1926: 1873
1927:
1928: 2213
1929: 2425
1930: 2105
1931:
1932: 2243
1933:
1934:
1935: 2846 1955
1936: 2854 2735 2515
1937:
1938: 2464
1939: 2786 2240 2028
1940:
1941: 2536
1942:
1943:
1944:
1945:
1946:
1947: 1893
1948: 2898 2336
1949: 2212
1950:
1951:
1952:
1953:
1954: 2445 1905
1955: 2372
1956: 1942
1957:
1958: 2144
1959:
1960: 2446
1961: 2472
1962:
1963:
1964:
1965:
1966:
1967: 2797
1968:
1969:
1970:
1971: 2897
1972:
1973: 2203
1974:
1975:
1976: 2592
1977: 2098 1996
1978: 2301
1979: 2712
1980:
1981:
1982:
1983: 2992 2119
1984: 3087
1985: 2555
1986: 2674
1987:
1988:
1989:
1990:
1991:
1992: 3084
1993:
1994: 2996
1995: 2599
1996:
1997: 2375
1998:
1999:
2000:
2001:
2002:
2003:
2004:
2005:
2006:
2007:
2008: 2531 2030
2009:
2010: 2270
2011:
2012: 2874
2013: 2901 2523
2014:
2015:
2016:
2017:
2018:
2019:
2020:
2021: 2907
2022:
2023: 2833 2527
2024: 2351 2179
2025:
2026:
2027:
2028: 2131
2029: 2698
2030: 2254
2031:
2032:
2033:
2034: 2949
2035: 2810
2036:
2037:
2038:
2039:
2040:
2041:
2042:
2043:
2044:
2045: 2266 2049
2046:
2047:
2048: 3032
2049: 3108 2589
2050:
2051:
2052:
2053:
2054:
2055:
2056:
2057:
2058:
2059:
2060:
2061:
2062: 3000
2063:
2064:
2065: 2741 2485
2066:
2067:
2068: 2113
2069:
2070:
2071:
2072:
2073:
2074:
2075:
2076:
2077:
2078:
2079:
2080:
2081: 2896 2587
2082:
2083: 2836
2084:
2085:
2086:
2087: 2653
2088:
2089:
2090:
2091:
2092:
2093:
2094:
2095:
2096: 2920
2097:
2098:
2099:
2100:
2101:
2102: 3098
2103: 2626 2405 2118
2104: 2768 2580 2357
2105:
2106:
2107: 2491 2335
2108: 2821 2082
2109:
2110: 2884
2111:
2112: 2060
2113:
2114: 2299
2115: 2859
2116:
2117:
2118: 2343
2119:
2120:
2121:
2122:
2123:
2124: 2913
2125:
2126:
2127:
2128:
2129:
2130:
2131:
2132:
2133:
2134: 2226
2135:
2136:
2137:
2138: 3069 2987
2139:
2140: 3092 2304
2141:
2142:
2143:
2144: 2457 2259
2145:
2146: 2922
2147: 2326
2148:
2149:
2150: 3055
2151:
2152: 2974
2153:
2154:
2155: 2429
2156:
2157:
2158: 2208
2159: 2309
2160: 3079 2798
2161: 2463
2162: 2829 2679 2313
2163:
2164: 2838
2165:
2166:
2167:
2168:
2169:
2170:
2171: 2456 2350
2172:
2173:
2174: 2714
2175: 3028
2176:
2177:
2178:
2179: 2537
2180: 2781
2181: 2752
2182:
2183: 2391
2184: 2658 2122
2185:
2186:
2187:
2188: 2501
2189:
2190: 2785
2191: 2103
2192: 2880
2193:
2194: 2915 2877
2195:
2196:
2197: 2520
2198:
2199:
2200: 2895 2610
2201: 3014
2202: 2869
2203: 2415
2204:
2205:
2206:
2207:
2208:
2209:
2210:
2211:
2212:
2213:
2214:
2215:
2216:
2217:
2218: 3009 2904
2219:
2220:
2221: 2452
2222:
2223: 3024
2224:
2225:
2226: 2427
2227:
2228:
2229:
2230: 2558
2231:
2232:
2233:
2234: 3109 2187
2235: 2375
2236:
2237:
2238: 2888 2170
2239: 2813
2240:
2241: 2149
2242: 2436
2243:
2244:
2245:
2246:
2247:
2248:
2249:
2250:
2251:
2252:
2253:
2254:
2255:
2256:
2257:
2258:
2259:
2260: 2556
2261: 2612
2262:
2263: 2588
2264:
2265:
2266:
2267:
2268:
2269:
2270: 3057
2271:
2272:
2273:
2274:
2275: 2937
2276: 2837 2194
2277: 2947 2780
2278:
2279:
2280:
2281: 2614
2282:
2283:
2284: 2531
2285:
2286: 2217
2287:
2288:
2289:
2290: 2851
2291:
2292:
2293: 2332
2294:
2295:
2296: 2206
2297: 2892
2298: 2954
2299:
2300:
2301:
2302:
2303:
2304: 2893
2305:
2306: 2330
2307:
2308: 2558
2309:
2310: 2290
2311:
2312:
2313:
2314: 2565
2315:
2316:
2317: 3019
2318:
2319:
2320:
2321: 2774
2322:
2323:
2324: 2381
2325:
2326:
2327:
2328:
2329:
2330:
2331:
2332:
2333:
2334: 2325
2335:
2336:
2337:
2338:
2339:
2340:
2341:
2342:
2343: 2749 2694
2344:
2345: 2791 2324
2346: 2345
2347: 2506
2348:
2349: 2721
2350: 2271
2351: 2611
2352:
2353:
2354:
2355:
2356: 2630
2357:
2358: 2956
2359:
2360:
2361:
2362:
2363: 2623
2364:
2365: 2340
2366: 2283
2367:
2368:
2369:
2370: 2934
2371:
2372: 2540
2373:
2374:
2375:
2376:
2377:
2378:
2379:
2380:
2381:
2382:
2383:
2384: 2750
2385:
2386:
2387:
2388:
2389: 2567
2390: 3045
2391:
2392:
2393:
2394:
2395:
2396:
2397: 2724
2398: 2539
2399:
2400: 2918
2401:
2402:
2403: 2997
2404:
2405:
2406:
2407:
2408:
2409:
2410:
2411: 3085 2696
2412: 2317
2413:
2414: 2584
2415:
2416:
2417:
2418: 2656
2419: 2538
2420:
2421:
2422:
2423: 2986 2839 2667
2424: 2885
2425:
2426:
2427:
2428:
2429:
2430:
2431:
2432:
2433: 2600
2434:
2435:
2436:
2437:
2438: 2389
2439: 3110
2440:
2441:
2442: 2848 2733
2443:
2444:
2445: 2745
2446:
2447:
2448: 2526
2449:
2450:
2451:
2452:
2453:
2454:
2455:
2456:
2457:
2458: 2873
2459:
2460:
2461:
2462: 2625
2463:
2464: 2602
2465:
2466:
2467: 2662
2468:
2469:
2470:
2471: 2458
2472: 2455
2473: 2522
2474: 3047 2383
2475:
2476:
2477:
2478:
2479: 2773
2480: 2963 2403
2481:
2482: 2783
2483:
2484:
2485:
2486:
2487: 2433
2488:
2489:
2490:
2491:
2492:
2493:
2494:
2495:
2496:
2497: 2475
2498:
2499:
2500:
2501: 2840
2502: 2860 2643 2572
2503:
2504: 2486
2505: 2796
2506:
2507:
2508:
2509:
2510:
2511:
2512:
2513: 3049
2514:
2515:
2516:
2517:
2518:
2519:
2520:
2521: 2637
2522: 2601
2523:
2524:
2525:
2526:
2527: 3035
2528: 2995
2529: 3091
2530:
2531:
2532:
2533: 2650
2534:
2535:
2536:
2537:
2538: 2525
2539:
2540:
2541:
2542: 2495
2543: 2609
2544: 2702
2545: 3078
2546:
2547:
2548:
2549:
2550: 2777
2551:
2552: 2705
2553: 2476
2554:
2555: 2801
2556:
2557:
2558:
2559:
2560:
2561:
2562: 2817 2772
2563: 2581
2564: 2548
2565:
2566:
2567:
2568:
2569:
2570: 3010
2571:
2572:
2573:
2574:
2575: 2659
2576:
2577:
2578:
2579:
2580:
2581:
2582:
2583:
2584:
2585: 2802
2586:
2587:
2588:
2589: 2977
2590: 3067 2668
2591: 3072
2592:
2593:
2594:
2595:
2596: 2504
2597:
2598:
2599:
2600:
2601:
2602:
2603: 2887
2604:
2605:
2606:
2607:
2608:
2609: 2690
2610:
2611:
2612: 2518
2613:
2614:
2615:
2616:
2617:
2618:
2619:
2620:
2621:
2622:
2623:
2624: 2864
2625:
2626:
2627:
2628:
2629:
2630:
2631:
2632:
2633:
2634:
2635:
2636:
2637:
2638:
2639:
2640:
2641:
2642:
2643:
2644:
2645:
2646:
2647:
2648:
2649:
2650: 3037
2651:
2652:
2653: 2903
2654: 2853
2655:
2656:
2657: 2862
2658: 2766
2659:
2660:
2661:
2662:
2663:
2664:
2665:
2666:
2667:
2668:
2669:
2670:
2671:
2672:
2673:
2674:
2675:
2676:
2677:
2678:
2679:
2680:
2681:
2682: 3082
2683:
2684:
2685:
2686:
2687:
2688:
2689:
2690:
2691:
2692: 2646
2693:
2694:
2695:
2696:
2697: 2673
2698:
2699:
2700:
2701:
2702:
2703:
2704:
2705:
2706:
2707:
2708:
2709:
2710:
2711:
2712:
2713:
2714:
2715:
2716:
2717:
2718:
2719:
2720:
2721: 2748
2722:
2723:
2724:
2725:
2726:
2727:
2728:
2729:
2730:
2731:
2732:
2733:
2734:
2735:
2736:
2737:
2738:
2739:
2740:
2741:
2742:
2743:
2744:
2745:
2746:
2747:
2748:
2749:
2750:
2751:
2752:
2753:
2754: 3013 2725
2755:
2756: 2677
2757:
2758:
2759:
2760:
2761:
2762: 2914
2763:
2764:
2765:
2766:
2767:
2768:
2769:
2770: 2958
2771:
2772:
2773:
2774:
2775:
2776:
2777:
2778:
2779:
2780:
2781:
2782:
2783:
2784: 3016
2785:
2786:
2787:
2788:
2789:
2790:
2791:
2792:
2793:
2794:
2795:
2796:
2797:
2798:
2799:
2800:
2801:
2802:
2803:
2804: 2883 2757
2805:
2806:
2807:
2808:
2809:
2810: 2945
2811:
2812:
2813:
2814:
2815:
2816:
2817:
2818:
2819:
2820:
2821:
2822:
2823:
2824:
2825:
2826: 2978 2894
2827:
2828:
2829:
2830:
2831:
2832:
2833:
2834:
2835: 3046
2836:
2837:
2838:
2839:
2840:
2841:
2842:
2843:
2844:
2845:
2846:
2847:
2848:
2849:
2850:
2851:
2852:
2853:
2854:
2855: 2932
2856:
2857:
2858:
2859:
2860:
2861:
2862:
2863: 2789
2864:
2865:
2866:
2867:
2868:
2869:
2870:
2871:
2872:
2873:
2874:
2875:
2876:
2877: 2971
2878:
2879:
2880:
2881:
2882:
2883:
2884:
2885:
2886:
2887: 2960
2888:
2889:
2890:
2891:
2892: 2842
2893:
2894:
2895:
2896:
2897:
2898:
2899:
2900:
2901:
2902:
2903:
2904:
2905:
2906:
2907:
2908:
2909:
2910: 2953
2911:
2912: 3033
2913:
2914:
2915:
2916:
2917: 2845
2918: 2868
2919:
2920: 2994
2921:
2922:
2923:
2924:
2925:
2926:
2927:
2928:
2929:
2930:
2931:
2932:
2933:
2934:
2935:
2936:
2937:
2938:
2939:
2940:
2941:
2942:
2943:
2944:
2945:
2946:
2947:
2948:
2949:
2950: 3001
2951:
2952:
2953:
2954: 2985
2955:
2956:
2957:
2958:
2959:
2960:
2961:
2962:
2963:
2964:
2965:
2966:
2967:
2968:
2969:
2970:
2971:
2972:
2973:
2974:
2975:
2976:
2977:
2978:
2979:
2980:
2981:
2982:
2983:
2984:
2985:
2986: 3107
2987:
2988:
2989:
2990:
2991:
2992:
2993:
2994:
2995:
2996: 2962 2959
2997:
2998:
2999:
3000:
3001:
3002:
3003:
3004:
3005:
3006: 3039
3007:
3008:
3009:
3010:
3011:
3012:
3013:
3014: 3048
3015:
3016:
3017: 2991
3018:
3019:
3020:
3021: 3077
3022:
3023:
3024:
3025:
3026:
3027:
3028:
3029:
3030: 2965
3031:
3032:
3033:
3034:
3035:
3036:
3037:
3038:
3039:
3040:
3041:
3042:
3043:
3044:
3045:
3046:
3047:
3048:
3049:
3050:
3051: 3080
3052:
3053:
3054:
3055:
3056:
3057:
3058:
3059:
3060:
3061:
3062:
3063:
3064:
3065:
3066:
3067:
3068:
3069:
3070:
3071:
3072:
3073:
3074:
3075:
3076:
3077:
3078:
3079:
3080:
3081: 3036
3082:
3083:
3084:
3085:
3086:
3087:
3088:
3089:
3090:
3091:
3092:
3093:
3094:
3095:
3096:
3097:
3098:
3099:
3100:
3101:
3102:
3103:
3104:
3105:
3106:
3107:
3108:
3109:
3110:
3111:
3112:
3113:
3114:
3115:
3116:
3117:
3118:
3119:
3120:
3121:
3122:
3123:
3124: 3086
3125:
3126:
3127:
3128:
3129:
3130:
3131:
3132:
3133:
3134:
3135:
3136:
3137:
3138:
3139:
3140:
3141:
3142:
3143:
3144:
3145:
3146:
3147:
3148:
3149:
3150:
3151:
3152:
3153:
3154:
3155:
3156:
3157:
3158:
3159:
3160:
3161:
3162:
3163:
3164:
3165:
3166:
3167:
3168:
3169:
3170:
3171:
3172:
3173:
3174:
3175:
3176:
3177:
3178:
3179:
3180:
3181:
3182:
3183:
3184:
3185:
3186:
3187:
3188:
3189:
3190:
3191:
3192:
3193:
