1: 1936 800 426 368 26 7 6 5 4
2: 1872 1078 391 360 128 116 36 23 15 11 8 2 1
3: 1134 417 107 92 62 27 21
4: 1584 1018 274 151 42 39 28 22 17 9 3
5: 240 234 139 59 16
6: 2008 1958 1890 1712 1610 1534 1456 1386 1212 1114 813 671 552 490 464 354 304 294 236 89 40 14 12 10
7: 1138 624 312 24 20 13
8: 1548 976 571 527 32
9: 1129 221 43 37
10: 2031 1160 822 765 87 58 35 19 18
11: 1820 1100 544 186 50 38
12: 1542 52 41
13: 1872 1665 1509 115 77 51
14: 1343 709 589 438 279 242 136
15: 1651 764 605 398 293 100 70 31 30
16: 1747 408 191 25
17: 1711 1356 882 792 597 435 367 345 283 111
18: 572 144 104 55
19: 105 29
20: 1951 599 135 80
21: 553 375 362
22: 1710 872 342 295 266 97
23: 1360 1262 255 229 208 85 49 34
24: 2023 1977
25: 1921 892 726 352 245 159 156 45 33
26: 2087 1871 1427 461 351 340 275 227 90 74
27: 1895 1431 1318 1074 704 407 363 243 167 124 57 56
28: 401 69 68 63 47
29: 1349 1290 1182 1134 618 569 502 472 469 417 365
30: 745 453 322 210 205 196 189
31:
32:
33: 1403 1096 206 66 53 48
34: 2087 1427 658 620 286 162 119 72 46
35: 1999 1049 899 204
36: 1200 473 102 78 61
37: 1953 1713 1543 464 354 304 294 192 154
38: 1406 96 44
39: 1431 363 57
40: 99
41: 1763 1493 1459 727 244
42: 1428 1091 902 272 241 54
43: 331 305 179 67
44: 1419 1265 183 142
45: 1561 1297 774 747 692 118 64
46: 1862 1442 1360 1262 1225 996 583 410 333 95 88
47: 1204 928 912 467 405 249
48: 824 148
49: 103
50: 2072 1962 737
51: 895 804 698 73
52: 1602 1547 881 448 127 65
53: 1391 1254 808 693 602 535 214 133 93
54: 524 238 235
55:
56: 543 440 60
57: 785 723 575 385 199 157 150
58: 1616 879 751 392 182 113
59: 474 282 193
60: 1349 1290 1182 569 502 469 168
61: 1034 531 497 463 270
62: 2084 1797 1139 1115 925 835 316 71
63: 2021 1712 1593 1579 1111 1066 813 459 387 228
64: 1678
65: 374 122 108 83
66: 230 160 82
67: 200 198 138 101
68: 1848 1252 288 218 84
69:
70: 1329 1093 947 371 281 207
71: 806 211
72: 1949 646 348 276 81 76
73: 1651 764 398 155 146
74: 1936 800 600 426 388 376 368 251 79
75: 1885 879 546 349 145
76: 449 114
77: 409 287 188 86
78: 1494 1412 1328 462 358 141
79: 1378 1335 1295 1065 1007 881 487 448 429 298 75
80: 1032 910 821
81: 1844 604 370 177
82: 968 931
83: 1360 1262 223
84: 794
85: 906 838 446 137
86: 1512 740 120
87: 1737 1394 772 117
88: 1665 1509 1393 233 163
89: 497 94
90: 2008 1958 1114 552 112
91: 1054 987 870 741 173
92: 678 667 336
93: 1979 1806 1603 1183 1036 1008 685 91
94: 1212 671 490 236
95: 200 198 132 98
96: 1521 110
97: 1207 871 140 131
98: 1875 1869 1805 1696 1399 1071 682 548 344
99: 1361 887
100: 1925 658 620
101: 1378 1335 1260 1065 222
102: 1151 659 125
103: 657 259 256
104: 1329 1093 1074 947 704 407 243 197
105: 1765 1101 578 537 536 109
106: 1364 957 303
107: 1871 351
108: 404 224 170
109: 1578 913
110: 1955 1850 1317 1257 1181 130 106
111: 1929 1725 1602 1547 811 468 442 169 152
112: 886 706 123
113: 1179 437 343 171 147
114: 542 515 455
115: 477 357 143
116: 1300 1043 743 648
117: 1984 1719 783 317
118: 1992 1675 1341
119: 480
120: 2104 1259 411 257
121: 1105
122: 175
123: 2089 1925 1705 1650 1569 1273 1230 914 622 584 432 347 302 253 129
124: 1836 1796 1156 689 640 466 378
125: 1665 1509
126: 1609 1471 1420 309
127: 747 692 165 134 121
128: 1922
129: 1839 1167 988 883 687 364 185 180 172
130: 2089 914 622 584 432 403 347 302 252
131: 660 190
132: 1675
133: 920 596
134: 957 942 888 773 507 444 400 303 217 126
135: 1835 1689 1015 1002 795 634 577 447 239
136: 1964 1348
137: 1011 201
138: 1871 1564 564
139: 1123 986 876 481
140: 194
141: 668 166
142: 1542 1127 1086 1037 1026 873 532
143: 483 337
144: 423
145: 1950 1913 1668
146: 1976 181
147: 768 381 313
148: 365 149
149: 1765 1417 1101
150: 2050 893 629 174
151: 1655 1087 825 176
152: 1870 1804 1636 1625 1246 1193 869 817 482 280 258
153: 1284 383 225
154: 1740 639 402
155: 2037 1718 1035 1014 897 762 509 452 216
156: 1862 1639 1638 1442 1197 1024 886 706 617 498 263
157: 1032 910 821 341 261
158: 852 716
159: 563 226 153
160: 1743 202
161: 1426 1240 161
162: 1745 1655 1276 1087 825 445 359 334 277 237
163: 1531 1492
164: 2053 415 297
165: 1949 942 888 773 646 507 444 400 231
166: 1400 1243 1179 1009 361
167: 1929 1725 707 601
168: 1875 1833 1810 1805 581
169:
170: 323 284 247
171: 521 158
172: 1996 1923 1186 538
173: 2089 953 914 864 622 584 432 347 302 252
174: 1280 907 833
175: 916 915 250
176: 1035 419
177: 1711 1356 882 792 345 283 219 209 195
178: 1762 1456 1209 1123 876 846 731 203
179: 1695 1496 1103 862 573 556 262
180: 1532 356 264
181: 2073 2051 1516 164
182: 597 367
183: 2091 1675 627
184: 450 373 213
185: 1046 508 330 184
186: 260
187:
188: 1831 803 278 178
189: 1662 1305 635 310
190: 389 300 212
191: 932 561 540
192: 1266 372 369
193: 1677 727 215
194:
195:
196: 1416 486
197:
198: 1582 663 623 396
199: 1518 937 580
200: 318
201: 1685 1310 1256 424 220 187
202: 2088 1011 612
203: 2082 339
204:
205:
206: 1688 1021 232
207: 1491
208:
209: 1697 934
210: 2015 519 443
211: 461
212:
213: 1026 873 329 328
214: 1932 1550 720
215: 1763 1493 1311 1309 308
216: 246
217: 1560 1450 1325
218: 320 285 267
219: 1453
220: 458
221: 2037 756
222: 1097
223: 1793 1110 406 397
224: 273
225: 1432 968 931 576 504
226: 1480 296
227: 1854 739 649 326
228: 1248 917 517
229: 1671 1574 265 248
230: 1763 1493 1309 292
231: 1972 1788 1383 875 736 557 412
232: 1578 1195 1052 859 777 306
233:
234: 986 665 643
235: 1889 1395 730 690 384 335 289
236: 758 558
237: 1203 510
238: 840 760 350 271
239: 269 254
240: 948 920 749 596
241: 639
242: 1512 1112 592 470
243: 268
244: 1756 1035
245:
246: 1145 748
247: 1580
248: 1531 1492 1363 1040 621 422 416
249: 730 690 335 289
250: 1971 1637
251: 1784 1748 1164 338
252: 1993 1468 641 394
253: 754 603
254: 1368 849 776 489
255: 1064 545
256: 1123 876
257: 1919 1293
258:
259: 1883 1316 944 759 513 301
260: 554 321
261: 1325
262: 1598 1331 1270 476
263: 1458 1066 533
264: 1974 900 728 433 379
265: 1568 820 586 291
266: 904
267: 1390
268: 1381 395
269: 806 420
270: 353
271:
272: 440 346
273: 1209 731 311
274: 953 864
275: 1612
276: 534 299
277: 1718 1188 1177 1135 717
278: 686 644 506
279: 775
280: 494 492
281: 1929 1725 911 707 669 601 332 290
282: 636 428
283: 1992 324
284: 1221 952
285: 1685 1264 1256 1199
286: 1561 1297 774 319
287: 1142 1022
288: 516
289:
290: 969 670
291: 1094 542 515 455 327 314
292: 1064 545
293: 1467 454
294: 619
295: 1719 1416 783 714 486
296: 2062 1996 1923 1272 1186 1095 488 390
297: 1724 755
298: 776 489
299:
300: 1569 431
301: 591
302: 1836 1821 1673 315
303: 307
304: 664 325
305:
306: 1122 414
307: 1890 1610 1534 1386 840 760
308: 1896 1545 1433 1295 1007 487
309:
310: 2073 2051 1516 1150 355
311: 1204
312: 2113 2038 1729 1539 1522 625
313: 749
314: 1227 761 594
315: 1367 967
316: 2084 1139 925 835 645
317: 1582 1298 923 847 663
318: 767
319: 1711 1356 1078 460 441
320: 1677 1556 1345 950 380
321: 1160 632
322:
323: 940
324: 1141
325: 1729 1539 1470 765
326: 1721 1346
327: 1848 1252 1026 873 626
328: 1154 647 528 465
329:
330: 613 434
331: 680
332: 1867 1837 921 676
333: 1849 1521 1039
334: 1446
335: 771 525 501
336: 1866
337: 549
338: 1854 1090 457 377
339: 439
340: 657 382
341: 958 799
342: 1098 1029 399
343:
344: 1862 1442 782
345: 1368 849
346: 1893 1803 848 366
347:
348: 1333 778 500
349: 2057 1585 701
350: 1684 495
351: 1927 574
352: 1853 1418 1215 839 611
353: 2076 1732 1180
354: 1368 1059 956 849
355: 1485 1099
356: 1514 752 630
357: 1877 981 834 529
358: 979 567
359: 1404 1153 1147 1102 590 393
360: 1302 889 823 683
361: 1088
362:
363: 1059 530 514
364: 729
365: 1056 742
366: 1483
367: 1528 1429 688
368: 1229
369: 2062 1272 1095 753
370: 858
371: 413
372: 1740 865
373: 1124 666
374: 1812 1594
375: 1690 1106 672
376: 780
377: 1076 503
378: 1188 1177 456
379: 705 526 386
380: 551 451
381: 1549 1380 1061
382: 1759 1019 984 653 485
383: 1775 1521 1463 1039 430
384: 1397 933 665
385: 1370
386: 1656 801
387: 1952 1281
388: 1466 935 926
389: 1341 939 679
390: 1669 511
391: 933
392: 436
393: 1404 1147 421
394:
395: 946 609 418
396: 1964 1348 712
397: 497
398: 1573 1271 951 750 608 491
399: 2102 1999 1655 1446 1191 1087 1049 899 825 810
400: 1327 909 607 475
401: 1558 1277 1082 1030 955
402: 1343
403: 1250 1058 791
404: 2108 1841 1445 1221 1135
405: 650 555 505
406:
407: 512 425
408: 954 471
409: 633
410: 1027 786
411: 1282
412: 1658 990 566
413: 1589
414:
415:
416: 496
417: 1236 675 615 427
418: 828 789
419: 2012
420: 1135
421: 1659 691
422: 1382 1263 1117
423: 1081 499
424: 1234 1161 957
425: 1529
426: 1310 1072 757
427: 1905 1790 971
428: 441
429: 595
430: 2045 1637 1205 1143 763 493
431: 1948 547
432:
433: 2044
434: 850
435: 2068 1245 1162 1028
436: 1881 1629 829
437: 1338 637 587
438: 1824 1497
439: 2034 1047 700 522
440: 1972 1788 484
441: 1975 694
442:
443:
444: 1311 936 652
445: 655
446: 570 560
447: 2070 807
448: 1458 894 724 708
449: 1568 586
450:
451: 1690 1467 1106 770 582
452: 1941 1064 606 520
453:
454: 711
455: 2031 822
456: 1796 1281 1156 949 853 610
457: 1436 1266
458: 2001 1940 1838 662
459: 791
460: 1513
461:
462:
463: 988 628 550
464: 1845
465: 1080 718 656
466: 1918 1388
467: 722 518
468: 1484 1085 616 523 479
469: 1806 1036 1008 585 539 478
470: 855 725
471: 818
472: 1466 935 926
473: 696
474: 1769 1727 1555 1451 867
475: 1137 1057 1017
476: 1112 784 593
477: 1674 1435 638
478: 1772 1320 1171
479:
480: 1867 1711 1356 921 882 792 676
481: 2096 1891 565
482: 1908 579 562
483:
484: 1897 1782 1715
485: 905
486: 1855 1570
487:
488: 779
489: 1523 1192
490:
491: 1902
492:
493: 1824 598 541
494: 1681
495: 1012
496:
497: 1699 831 559
498: 699
499: 1766 715
500: 1066
501: 2056 1580 1113
502: 1005
503: 1549 1380 677
504: 1769 1727 1451
505: 1157 805 702
506: 1626
507: 2016 1832 1013
508: 1089 568
509: 1502 1460 1357
510: 1787 1751
511:
512:
513: 1751
514: 790 654
515:
516: 1654 1538 1481 681
517: 1250
518: 1465 994
519: 1557 642
520: 1133
521: 802
522:
523: 861
524: 1794 1495 1228 901 631
525: 1833 1810
526: 1571 673
527: 1573
528: 1938 1384
529: 1206
530: 1633 588
531: 1549 1380 1004 908
532: 1063
533: 1198 674
534: 1879 1275 1187
535: 1234 1161
536:
537: 1374 1248
538: 1197 1024
539: 1749 734
540: 1714
541: 732
542: 1665
543:
544: 1313 614
545: 2084 1334
546: 1280 907 833
547: 1363 1040
548: 851
549: 2104 1408 1259 1131 1007
550: 651
551: 2062 1639 1638 1577 1515 1504 1136 993 738
552:
553: 1518 937
554: 1067
555: 1639 1638
556: 1032 910 821
557:
558: 1511
559:
560: 878 703
561: 1577 1136
562: 938 856
563: 1216 970 719
564: 1561 1425 1405 1297 788 774
565: 1924
566: 1375 1119
567:
568: 1247
569: 2080 793 744
570: 1742 1704 1692
571: 1347 963
572: 1224
573:
574: 1735
575:
576:
577: 1225 996
578: 1621 1152
579:
580: 1527 826
581: 2016 1943 1431
582: 735
583: 2090
584: 1354
585: 1865 1504 1416 837 713 710
586: 1925 1650 1273
587: 919
588: 1718 897
589: 2103 721
590:
591: 697
592: 830
593: 1976
594: 1775 1463
595: 1567 1499 1055
596:
597: 2057
598: 661
599: 695
600:
601: 884 841
602: 1991
603: 1830
604: 1391 1220 1075
605: 1242
606: 1350 684
607: 1937 1308 733
608: 844
609: 1423 836
610:
611: 1392 854
612: 2018 1662 1305
613: 1869 1696 1071 1025
614: 1116
615: 1833 1810 1178
616:
617: 766
618: 1885
619: 1593
620:
621: 1092 997 975
622:
623: 2103 1833 1810
624:
625: 1943 874
626: 2037 1264 1199
627: 2073 2051 1516 1038
628: 1666 1279
629: 2005 1592
630: 1497 1010
631: 1694 819
632: 1213 995
633: 1753 1286
634: 1342 1042
635: 2003 1890 1283 880 815
636:
637: 1683 1656
638: 2057 1352
639: 814
640: 1658 1616
641: 1487
642: 1744 1258 1000
643:
644:
645:
646:
647: 1888 1362 1069
648: 2041 1663 1321
649: 2030 1475 809
650: 1239
651: 1632
652: 1288
653: 1953
654: 2021 1330
655:
656: 2083 989
657: 918
658:
659: 1876 1124 863
660:
661: 1635 1401 1083
662: 843
663: 1543
664: 1752 1294
665: 1760
666: 1359 1006
667: 1758
668:
669:
670:
671: 860
672: 1268
673: 1485
674: 1109
675:
676: 2081 798
677: 1224
678: 2023 1722 1511 1489 999
679:
680: 1980
681: 1001 845
682: 1159 1020 797
683:
684:
685: 1299 977 857
686: 1624 787
687: 1686 1232
688:
689: 1665 1509
690: 1940 1879 1523 1275 1192 746
691: 1736 960 927
692:
693: 1755 769
694: 1898
695: 1392
696: 2021
697:
698:
699: 1378 1335 1153 1102 1065
700:
701: 1019
702: 1340 1255
703: 1278
704: 1660
705: 991
706: 1570
707: 1077
708: 1419 796
709: 1825
710: 2086
711:
712:
713: 2024 1546 1398 1337 1214 816
714: 1103 862
715: 1238
716:
717: 1773 1411
718: 1336 1084
719:
720: 1690
721:
722: 1130
723: 1437 781
724:
725: 1716
726:
727: 1967 1185 943
728:
729: 1048 1041
730: 930
731:
732:
733:
734: 1462
735: 1274
736: 1997 922
737: 1872
738: 1957 1108
739: 1353
740: 1576 1175
741: 877
742: 2039
743:
744:
745: 1844 896
746: 2113
747: 1934
748:
749: 1609 1113
750:
751: 1470 962
752:
753: 1406
754: 1588
755: 890
756: 1896 1433 966
757:
758: 842
759:
760:
761: 1125
762: 1865 1559
763: 1577 1047 812
764: 1745 1276 891
765: 2023 1722 1489
766: 1132
767: 1800 1540
768: 1905 1790
769:
770: 1984
771: 1415 1104
772:
773: 1903
774: 2024 1546 1398 1337 1214
775: 1249 1201
776: 1944
777: 1910
778: 1839 1740 1235
779: 965
780: 1330 1217 832
781: 1882 1642 1003
782:
783: 1405 941
784: 1448 974
785: 827
786: 1208
787:
788:
789: 1351
790:
791: 1068
792:
793:
794:
795: 949
796: 1441
797:
798: 898
799:
800: 2111
801: 1456
802: 1933
803: 1801 1438
804: 2045 1205
805:
806: 1826
807: 1717 1194 1118 1031
808: 1476
809: 1736 960 927
810:
811: 1648
812: 1845
813: 1591 1507
814: 1170
815: 1173
816: 1487 1148
817:
818: 1151
819: 2097 1597
820:
821:
822: 1702
823:
824: 1377
825:
826:
827: 903
828: 1852 868 866
829:
830:
831:
832: 2089 1986 1553 985
833: 1670
834:
835:
836: 1976
837: 1733 1189
838:
839: 2066
840:
841: 1821 1673 1565 1132
842: 1691 1172 959
843:
844: 1882 1642 1003
845: 1899
846: 945
847: 1876
848: 1184 1070
849: 1784 1748 1510 1164 980
850: 1541
851: 1619
852: 1817 1500
853: 1121 885
854:
855: 924
856: 2105 2090 1960 1303
857: 1587 1479
858: 1964 1348
859: 1400 1243
860: 1896 1545 1433 966
861:
862: 2060
863:
864: 2016 1832 1013
865: 1422 1033
866: 1988 1222
867:
868:
869: 1251
870:
871:
872: 1144
873:
874:
875: 2070
876: 1581 1291 1149 1120
877: 1785
878: 1379
879: 1497
880: 1859 1253 1073
881:
882:
883:
884: 2050 1079 961
885: 1486 1373 992 972
886: 1023
887: 1666
888: 1637 929
889: 1576 1175
890: 1417
891:
892: 1887 1287
893: 1196 1140
894: 1792 1645
895: 1292
896:
897: 1640 1165
898: 1909
899: 964
900:
901:
902: 1436
903: 2072 1312
904: 1044
905: 1402 1339
906: 1987
907: 2081 1223
908:
909: 1969 1218 973
910:
911: 1786 998
912: 1883 1316 978
913: 983
914: 1051 982
915: 1957 1219 1016
916:
917: 1432
918:
919: 1210
920: 2076
921: 1372
922: 1703 1501
923:
924:
925: 1947 1490
926: 1701 1533
927: 1285
928:
929: 1822 1808
930: 1781 1289
931: 1053
932:
933: 1434 1237
934:
935:
936: 1772 1320 1171
937: 1932
938:
939: 1315
940:
941: 1849
942:
943:
944: 2001
945:
946: 1885 1588 1500
947:
948:
949: 1927 1050
950: 1371
951: 1780 1332
952: 1232
953: 1473
954:
955:
956: 1906 1301
957:
958:
959:
960:
961:
962: 1430
963: 1723
964:
965:
966: 1045
967: 1706
968:
969: 1477
970:
971: 1600
972: 2100 1586
973:
974: 2035
975: 1851 1739 1107
976:
977: 1146
978:
979:
980: 1409
981:
982: 1441 1261
983: 1700 1366
984: 1881 1387
985:
986:
987: 1062
988:
989: 2026 1770
990:
991: 1802
992: 1890 1610 1534
993:
994: 1392
995: 1060
996:
997: 1184 1070
998: 1631
999:
1000: 1946
1001: 1647
1002: 1260
1003:
1004:
1005: 1541
1006: 1464
1007:
1008: 1627
1009: 1774
1010:
1011:
1012: 1974
1013: 1494 1412 1328
1014: 1355
1015:
1016:
1017:
1018: 1397 1169
1019:
1020:
1021: 1815 1267
1022: 1735
1023: 1503
1024: 1304
1025:
1026:
1027: 1231
1028:
1029:
1030: 1202
1031: 1677
1032:
1033:
1034:
1035:
1036:
1037: 1595
1038: 1174 1126
1039: 1128
1040:
1041: 1799
1042:
1043: 1930
1044: 1385
1045:
1046:
1047:
1048: 1155
1049:
1050:
1051: 1306
1052: 2043
1053: 1244
1054:
1055:
1056: 1457
1057:
1058: 1211 1158
1059: 1900
1060:
1061: 1413
1062: 2080
1063: 1365
1064:
1065:
1066:
1067:
1068:
1069:
1070:
1071: 1414
1072: 1233
1073:
1074:
1075: 1779
1076: 1703
1077:
1078: 2015 1554
1079:
1080:
1081: 1911
1082:
1083: 1389
1084: 1973
1085: 2038 1474 1190
1086: 2102
1087:
1088:
1089:
1090: 2007
1091:
1092:
1093: 1163
1094:
1095: 1307
1096: 1679
1097: 1455
1098: 2036 1530
1099: 1358
1100: 1676
1101: 2033 1166
1102:
1103: 1599 1269
1104:
1105: 1914 1168
1106:
1107: 1981 1935 1644
1108: 1407
1109:
1110: 2075
1111:
1112:
1113: 1596
1114:
1115: 2004 1176
1116: 1566
1117: 1878
1118: 1971
1119: 1324
1120: 1544
1121:
1122: 1609
1123: 2066 1226
1124: 2009 1482
1125:
1126:
1127:
1128:
1129: 1637 1326
1130: 1713
1131:
1132: 1613
1133:
1134:
1135: 1608
1136:
1137:
1138:
1139:
1140:
1141:
1142: 1241
1143: 2114
1144:
1145: 1818 1314
1146: 1916
1147: 1322
1148: 2001 1771
1149: 1956
1150:
1151:
1152: 1730
1153:
1154:
1155:
1156:
1157: 1461
1158:
1159: 1344
1160:
1161:
1162:
1163:
1164:
1165: 1687
1166:
1167:
1168: 1907 1750 1563
1169: 1296
1170: 1761
1171: 1840
1172:
1173:
1174:
1175: 1809
1176: 1617
1177:
1178:
1179: 1443
1180:
1181:
1182:
1183: 1963
1184:
1185: 1447
1186: 1604
1187: 1369
1188:
1189:
1190:
1191:
1192:
1193: 1444
1194: 1614
1195: 1767 1396
1196:
1197:
1198:
1199: 2049
1200: 1708 1449
1201: 1920 1917
1202: 1698
1203:
1204:
1205: 1376
1206:
1207:
1208:
1209:
1210:
1211: 1906
1212: 2106
1213:
1214:
1215:
1216:
1217: 1623
1218:
1219:
1220: 1410
1221: 1861
1222:
1223: 2029 1860 1709
1224: 2112 1819
1225: 2013
1226: 1572 1319
1227:
1228: 1681
1229:
1230:
1231: 1998 1583
1232:
1233:
1234: 1964
1235: 1970 1618
1236: 1916
1237: 1323
1238: 1478
1239: 1834 1526
1240:
1241:
1242:
1243:
1244:
1245: 1997
1246: 1827 1653
1247:
1248:
1249:
1250:
1251: 1524
1252:
1253: 2066
1254:
1255:
1256:
1257:
1258:
1259:
1260:
1261: 2093
1262:
1263:
1264: 1672 1562
1265: 1590
1266:
1267:
1268: 1945 1892 1757
1269:
1270: 1952
1271:
1272:
1273: 1519
1274:
1275:
1276:
1277: 1778 1641 1439
1278:
1279: 1440
1280:
1281:
1282: 1606 1605 1551
1283:
1284: 1795
1285:
1286: 1649 1630
1287:
1288:
1289: 2028
1290: 1768
1291: 1978
1292:
1293:
1294:
1295:
1296:
1297:
1298: 2110 2027 2002
1299:
1300:
1301: 1728
1302:
1303: 1756
1304:
1305:
1306: 2054 1535
1307:
1308: 2049
1309: 1628
1310:
1311:
1312: 1646
1313:
1314:
1315:
1316: 1968
1317:
1318:
1319: 1842
1320:
1321:
1322: 1520
1323: 2097
1324:
1325:
1326: 1731
1327:
1328:
1329: 1488
1330:
1331:
1332:
1333:
1334: 1620
1335:
1336: 1843 1754
1337:
1338:
1339: 1791
1340: 2071
1341:
1342:
1343:
1344: 1421
1345:
1346:
1347: 1634
1348:
1349:
1350: 2056
1351:
1352:
1353:
1354: 2099
1355:
1356:
1357:
1358:
1359:
1360: 1741
1361:
1362:
1363:
1364: 1726
1365:
1366:
1367: 1734 1472
1368: 2088 1424
1369: 1841 1506
1370:
1371:
1372: 2071 1581 1552 1452
1373: 1812 1594
1374:
1375: 1469
1376:
1377:
1378: 2055 2025
1379:
1380:
1381: 1525
1382:
1383:
1384:
1385:
1386: 1498
1387:
1388:
1389:
1390:
1391:
1392: 1595
1393: 1880 1537
1394: 1601
1395:
1396: 1912
1397: 1904
1398: 1454
1399:
1400: 2063
1401: 1816
1402:
1403: 2107
1404:
1405:
1406:
1407: 2074
1408:
1409: 1682
1410: 1517
1411:
1412: 1661
1413: 1847
1414:
1415:
1416: 1693 1508
1417:
1418:
1419: 2078 2017
1420:
1421:
1422: 1643
1423: 2094
1424:
1425:
1426: 1607
1427: 1813
1428:
1429: 2084
1430:
1431: 2064
1432: 2111
1433: 1652
1434: 1536
1435: 1928
1436:
1437:
1438:
1439:
1440:
1441:
1442: 1505
1443: 1823
1444:
1445:
1446:
1447:
1448:
1449: 2098
1450:
1451:
1452: 2005 1764
1453: 2095
1454:
1455:
1456:
1457: 1657
1458:
1459:
1460:
1461: 1997
1462:
1463:
1464: 1606
1465:
1466:
1467:
1468:
1469:
1470:
1471:
1472:
1473:
1474:
1475: 2019 1611
1476: 1814
1477:
1478:
1479:
1480:
1481:
1482:
1483:
1484:
1485:
1486: 1615
1487:
1488:
1489: 2022 1965
1490: 1746
1491:
1492:
1493:
1494:
1495:
1496:
1497: 2047
1498:
1499:
1500:
1501:
1502:
1503:
1504: 2085
1505:
1506:
1507: 1781
1508:
1509: 1828
1510:
1511:
1512:
1513:
1514: 1575
1515: 1738 1667
1516: 1959 1857
1517:
1518:
1519:
1520:
1521:
1522:
1523:
1524:
1525:
1526:
1527:
1528:
1529:
1530:
1531:
1532:
1533:
1534:
1535:
1536:
1537: 1858
1538: 1995 1798
1539:
1540: 1664
1541: 1915
1542:
1543:
1544: 1680
1545:
1546:
1547:
1548:
1549:
1550: 1622
1551:
1552:
1553:
1554:
1555:
1556:
1557:
1558:
1559:
1560:
1561:
1562:
1563:
1564:
1565:
1566:
1567:
1568: 2043
1569:
1570:
1571:
1572:
1573: 1846
1574:
1575: 1868
1576:
1577:
1578:
1579:
1580:
1581:
1582:
1583:
1584:
1585: 2101 2061
1586:
1587:
1588:
1589:
1590:
1591: 1707
1592:
1593:
1594:
1595:
1596: 1831
1597:
1598:
1599: 1829
1600:
1601:
1602: 1894
1603: 1777
1604: 1811
1605:
1606:
1607:
1608:
1609: 2092 1954
1610:
1611: 1720
1612: 1926
1613:
1614: 2046
1615:
1616: 1864
1617:
1618:
1619:
1620: 1874
1621: 1913
1622:
1623: 2014
1624:
1625:
1626:
1627:
1628: 2032
1629:
1630:
1631:
1632:
1633:
1634:
1635: 1966
1636:
1637: 2082
1638: 2109
1639:
1640:
1641:
1642:
1643: 1942
1644:
1645:
1646: 1856
1647:
1648:
1649: 1901
1650:
1651:
1652:
1653:
1654:
1655:
1656:
1657:
1658:
1659:
1660:
1661:
1662: 1789
1663:
1664:
1665: 1783
1666: 1776
1667:
1668:
1669: 2011
1670: 2077 1863
1671:
1672:
1673:
1674:
1675:
1676:
1677:
1678:
1679:
1680:
1681:
1682:
1683:
1684:
1685:
1686:
1687: 1884
1688:
1689:
1690:
1691:
1692:
1693:
1694:
1695:
1696:
1697:
1698:
1699:
1700:
1701: 2052
1702:
1703:
1704:
1705:
1706: 1989
1707:
1708:
1709:
1710:
1711: 1807
1712:
1713:
1714:
1715:
1716:
1717:
1718:
1719:
1720:
1721:
1722:
1723:
1724:
1725:
1726:
1727:
1728:
1729:
1730:
1731:
1732:
1733:
1734:
1735:
1736:
1737:
1738:
1739:
1740:
1741:
1742:
1743:
1744:
1745:
1746:
1747:
1748:
1749:
1750: 2000
1751: 1873
1752:
1753:
1754: 2010
1755: 1985
1756:
1757:
1758:
1759:
1760:
1761:
1762:
1763: 2113
1764:
1765:
1766:
1767:
1768:
1769:
1770:
1771: 1939
1772:
1773:
1774:
1775:
1776:
1777:
1778:
1779: 2067
1780:
1781:
1782:
1783:
1784:
1785:
1786:
1787:
1788: 1886
1789:
1790:
1791:
1792:
1793:
1794:
1795:
1796: 1961
1797:
1798:
1799:
1800:
1801:
1802:
1803:
1804:
1805:
1806:
1807:
1808: 1990
1809:
1810:
1811:
1812:
1813:
1814:
1815:
1816:
1817:
1818:
1819:
1820:
1821:
1822:
1823:
1824:
1825:
1826:
1827:
1828:
1829:
1830:
1831:
1832:
1833:
1834:
1835:
1836:
1837:
1838:
1839:
1840:
1841: 1982
1842:
1843:
1844:
1845:
1846:
1847:
1848:
1849:
1850:
1851: 1931
1852:
1853:
1854:
1855:
1856:
1857:
1858:
1859: 1994
1860:
1861:
1862:
1863:
1864:
1865:
1866: 2065
1867:
1868:
1869:
1870:
1871:
1872:
1873:
1874:
1875:
1876:
1877:
1878:
1879:
1880:
1881:
1882: 2042
1883:
1884:
1885:
1886:
1887:
1888:
1889:
1890:
1891:
1892:
1893:
1894:
1895:
1896:
1897:
1898:
1899:
1900:
1901:
1902: 1983
1903: 2020
1904:
1905:
1906:
1907:
1908:
1909: 2006
1910:
1911:
1912:
1913:
1914:
1915:
1916:
1917:
1918:
1919:
1920:
1921:
1922:
1923:
1924:
1925:
1926:
1927:
1928:
1929:
1930:
1931:
1932:
1933:
1934:
1935:
1936:
1937:
1938:
1939:
1940:
1941:
1942:
1943:
1944:
1945:
1946:
1947:
1948:
1949:
1950:
1951:
1952:
1953:
1954:
1955:
1956:
1957:
1958:
1959:
1960:
1961:
1962:
1963:
1964:
1965:
1966:
1967: 2040
1968:
1969:
1970: 2059
1971:
1972:
1973:
1974: 2048
1975: 2069
1976:
1977: 2079
1978:
1979:
1980:
1981:
1982:
1983:
1984:
1985:
1986: 2058
1987:
1988:
1989:
1990:
1991:
1992:
1993:
1994:
1995:
1996:
1997:
1998:
1999:
2000:
2001:
2002:
2003:
2004:
2005:
2006:
2007:
2008:
2009:
2010:
2011:
2012:
2013:
2014:
2015:
2016:
2017:
2018:
2019:
2020:
2021:
2022:
2023:
2024:
2025:
2026:
2027:
2028:
2029:
2030:
2031:
2032:
2033:
2034:
2035:
2036:
2037:
2038:
2039:
2040:
2041:
2042:
2043:
2044:
2045:
2046:
2047:
2048:
2049:
2050:
2051:
2052:
2053:
