1: 1100 87 30 5 4 1
2: 995 916 660 654 450 350 319 283 250 197 31 7 6 2
3: 791 567 545 506 488 394 334 237 208 25 12 3
4: 1111 1100 1048 940 669 660 654 512 450 419 361 350 332 319 283 241 207 197 173 138 135 128 118 89 87 82 37 33 30 21
5: 1004 512 173 138 128 37
6: 918 8
7: 1111 33 21
8: 244 194 153 64 19 9
9: 337 179 78
10: 669 472 361 332 118 32 29
11: 807 581 47 39 13 11
12: 711 255 106 102 41 38 36 35 23 18 15 10
13: 16
14: 1056 918 485 419 368 238 178 175 88 84 69 67 62
15: 1056 485 368 317 299 193 84 51 45
16: 683 333 241 162 60 50 20 14
17: 1061 662 607 171 77 48
18: 195 178 24
19: 1012 972 868 419 238 88 69
20: 1035 65
21: 672 211 172 121 107 94 54 44 42
22: 951 612 558 530 482 426 393 181 162 60 26 17
23: 1043 1014 904 805 373 175 22
24: 492 262 144 75 27
25: 934 733 90 34
26: 544 468 240 43
27: 1103 1099 775 774 729 702 648 645 624 603 588 505 290 269 243 228 55
28: 1033 148 56
29: 1103 1036 729 723 642 615 532 335 326 311 293 290 251 241 228 135 89 82
30: 177 40
31: 907 886 838 480 96
32: 786 383
33: 616 142
34: 417 401 28
35: 1093 626 600 548 111 81
36: 1087 213 191 61 52
37: 158 83 79
38: 1080 857 780 713 431 264
39: 500 196 113 105
40: 977 958 609 323 125 115
41: 773 675 663 570 198 58
42: 905 732 726 471 463 327 286 269 221 140
43: 939 161 99
44: 147 98 93 49
45: 680 405 274
46: 1004 859 432
47: 951 612 426 415 393 363 356 181 148 143 139 57
48: 911 629 564 101 74 68 53
49: 748 207
50: 86
51: 1116 728 503
52: 390 222
53: 946 452 218 149 63
54: 905 732 471 286 73 46
55: 150
56: 1093 686 626 600 548 477 304 236 210
57: 116 80
58: 880 95 70
59: 962 188 66
60: 180 127 122 103 72
61: 59
62: 1111 815 609 151 125
63: 263 137 114
64: 506 475
65: 1097
66: 601 591 376 287 76 71
67: 301 163 91
68: 940 845 731
69: 916 450 411 345 250 85
70: 438 418 265 109
71: 707 705 695 170 169 167 129
72: 666
73: 815 445
74: 726 463 327 140
75: 850 775 702 588 120
76: 238 148
77: 1035 378 206 202
78: 296 214 166 141
79: 648 645 624 603 505 243 126
80: 412
81: 895 524 359 117 100
82: 975 951 670 612 554 495 474 469 426 393 181 143 104 92
83: 131
84: 418
85: 980 217 187 145
86: 385 300
87: 996 660 654 450 250 154
88: 678 514 430
89: 377 184
90: 943 824 689 97
91: 957 766 112
92: 500 477 387 196
93: 451 132
94: 496 406
95: 530 482
96: 707 705 633 625
97: 316 168 130
98: 885 867 574 279 268 108
99: 341 282
100: 339 110
101:
102: 136
103: 1071 1022 1021 735 515 455 225
104: 318 151
105: 1104 457 364 249 232
106: 501 492 119
107: 511 254 152 123
108: 1036 532
109: 519 248 124
110: 937 325 310
111: 1100 561 311
112: 765 635 502 227
113: 1073 740 388 349
114: 336 231 165
115: 186 146
116: 742 229
117: 261
118: 533 233 156
119: 1002 956 546 134
120: 1014 598 429 373 246 192
121: 1022 1021 515 272 164
122: 470 133
123: 690 205
124:
125: 742 629 553 280 252 223
126: 1028 314 216 200 159
127: 983 965 799 313
128: 1083 882 738
129:
130: 1034
131: 693 427
132:
133: 1098 980 931 651 549 543 413 331 239
134: 593 219
135: 774
136: 617 611 220 160
137: 558 383 378 206 202
138: 215 199 157 155
139: 1016 885 813 185
140: 490 489 435
141: 380 176
142:
143: 751 736 561 235
144: 584 297 259 190
145: 256 204
146: 831 614 354 289
147: 723 642 615 335 326 293
148: 765 635 323
149: 520 183 174
150: 404 330
151: 1071 874 814 735 384 182
152: 845 731 620
153: 478 247
154: 201
155:
156: 569
157: 919 399 212 203
158: 710 320
159:
160: 797 305
161: 560
162: 619 513
163:
164: 833 783 551 425 278
165: 242
166: 297
167: 347 303 273
168: 593
169: 245
170: 748 189
171: 488 394 294
172:
173: 957 766 510
174:
175:
176:
177: 284
178: 351 344 281
179: 1031 745 605 453 437 224
180: 536
181: 918 618
182: 1012 972
183: 902 549 541
184: 613 346
185:
186:
187: 659 260 209
188: 1033 443 360
189:
190: 1059 322
191: 710
192: 1020 739 328
193: 665 610
194: 1026 769 389
195: 895 524
196: 1104 457 451 414
197: 817 306
198: 396 355 302
199: 813
200: 671
201:
202: 931 651 543
203: 421
204: 307
205: 785 442 226
206: 1053 1041 755 507
207: 711
208:
209: 498
210: 1098 549 239
211: 874 746 477 292
212: 253
213: 790 504 295
214: 1024 942 894 853 386 257
215: 230
216: 1012 972 251
217: 750
218: 399
219: 638 525 516
220: 1063 950 873 865 533 312
221: 983 799 234
222: 395
223:
224: 1113
225:
226: 1043 904 813 400
227: 309
228: 757 372 258
229: 996
230: 572
231: 1023 847
232: 567 545 526 321
233: 342
234: 898 575
235: 1104 823
236: 632 486
237: 277 266
238: 403
239: 384
240: 811 639
241: 1112
242:
243: 509 446
244: 1014 373
245: 652
246: 270
247:
248: 767 552 459
249: 771 298
250: 852 775 702 588 271
251: 1072 734 381 379 375
252: 486 276
253: 922
254: 708 673
255: 458 315
256: 630
257: 499
258: 1123 291 267
259: 481
260: 975 670 554 495 474 469 402
261:
262: 826
263: 1125 704 656 577 568 531
264:
265: 284
266: 885 867
267: 428
268:
269:
270: 1031 745 437
271: 374
272: 357 340
273: 1055
274: 846 830 744 523 275
275:
276: 631 423 365
277: 653
278: 288
279: 553 416 371
280:
281:
282: 1091 937 325
283: 829
284: 636
285: 589
286: 563 460 408
287:
288: 440 407
289: 1095 363 356
290: 852
291: 1013 884 841
292: 285
293:
294: 527 403
295: 940 664
296: 567 545 321
297: 869 807 584 581
298: 1101 547 534
299: 832
300:
301:
302: 986 622
303: 424 308
304: 953 634
305: 874
306: 667
307: 339
308: 582 436
309:
310: 661
311: 899 500
312:
313: 420 324
314: 382 338
315: 1088
316: 449
317: 343
318: 868 679 479 352
319: 578 369
320: 945
321:
322:
323: 942 894 853
324: 1116 901 877 728 686 508 456 448
325: 704 531
326: 351
327:
328: 986 660 654 622
329: 1008 996
330: 590
331: 700
332: 574
333: 814 621 595
334: 329
335: 1078 1038 994 370 358
336: 888 788
337:
338:
339: 397
340: 422 409
341: 1125
342:
343: 935 878 776 467
344:
345: 998
346: 491 367
347: 850
348: 995
349: 1063 873
350: 1088 425
351:
352: 919 692 465
353:
354: 970
355:
356:
357: 966
358: 804 366
359: 1037 781
360:
361: 447
362: 1024 386
363: 362 348
364: 906 462
365: 966 629 564
366: 698 646
367: 353
368:
369:
370: 494
371:
372: 770
373: 637 483
374: 579
375: 833
376:
377: 391
378:
379: 720
380:
381: 1063 873
382:
383:
384: 786
385: 641
386:
387: 806
388: 847 660 654
389:
390:
391: 840
392: 686
393:
394:
395: 410
396:
397: 1023 847 602 433
398: 1057 856 392
399: 1092 608
400: 521
401: 441
402: 476
403:
404:
405:
406: 517
407: 594
408: 677
409:
410:
411: 398
412:
413:
414: 838 444 434
415: 473
416:
417:
418: 703
419:
420:
421:
422: 1111 808
423: 1070 529
424: 1113
425:
426: 843
427: 753 454
428: 859
429: 487
430: 896 819
431: 466
432:
433: 538
434:
435:
436: 1106 484
437: 999
438:
439: 792 730
440:
441: 1109
442: 1083 882 738
443: 1120 1015
444: 955 879
445: 850 528
446: 743 701 542
447: 1086
448:
449:
450: 439
451:
452: 949
453: 968
454:
455:
456: 883 839 694
457:
458: 743
459:
460: 601 591
461: 1068
462: 583
463: 1017 1009 941
464: 981
465: 576
466:
467: 892 518
468:
469:
470:
471:
472: 643
473: 630
474: 1116
475:
476: 1094
477:
478: 647
479:
480: 1074
481:
482: 668
483:
484: 522
485: 936 724 550
486: 779
487: 1051 461
488:
489: 1096 699 497
490: 752
491:
492:
493:
494:
495: 464
496:
497:
498: 1010 960 592 493
499: 909
500:
501: 1090 1076
502: 962 556
503:
504: 1039 648 645 624 603 505
505: 1119
506:
507: 773
508:
509: 599
510: 985
511: 864
512: 777 760
513: 606
514:
515:
516: 681
517: 805
518: 893
519:
520:
521: 1114
522:
523:
524:
525:
526:
527: 870
528: 804
529: 559
530: 1030 821 782
531: 535
532: 537
533:
534:
535:
536: 1018
537:
538:
539:
540: 1069
541: 1084
542: 914
543: 566 539
544:
545:
546:
547: 679
548:
549:
550: 800 778 691
551: 747
552:
553: 954 596
554:
555: 657 571
556: 597
557: 973 793
558: 932
559: 658
560:
561: 938 562
562: 580
563:
564:
565:
566: 1011 993 834 540
567:
568:
569: 1025 573
570:
571:
572:
573:
574:
575: 587
576:
577: 803 761
578: 912 793
579: 772 557
580:
581: 676
582:
583:
584: 682
585: 906
586:
587:
588:
589:
590:
591: 1061
592: 973
593: 989
594: 764
595:
596: 1052
597: 1072
598:
599: 831
600:
601: 565
602: 712 688
603:
604: 585
605: 719 717
606: 1121
607: 1040 721
608:
609:
610: 933
611: 1095
612: 945 604 555
613: 875
614:
615:
616: 725
617:
618:
619:
620: 1027
621: 809
622: 930
623:
624:
625: 727
626: 586
627:
628: 913 697
629:
630:
631: 714 640
632:
633: 627
634:
635:
636: 948
637: 947
638:
639: 1065
640:
641: 978 822
642:
643: 926
644: 818
645: 1120 1015
646:
647:
648:
649: 628
650: 987
651: 991 828 687
652:
653: 1089
654:
655: 1118
656: 756
657:
658: 1095 649 623
659:
660:
661:
662:
663: 866
664:
665: 992 684
666: 715
667: 1099
668:
669:
670: 701 696
671: 655
672: 685
673: 964 801
674: 836
675: 812
676:
677:
678:
679: 650
680: 722
681:
682:
683: 954
684: 952
685: 644
686: 855
687:
688: 1114
689:
690:
691:
692: 967 890
693:
694:
695: 925
696: 709
697:
698:
699:
700: 827 674
701: 716
702: 706
703:
704:
705:
706: 737
707: 915
708:
709:
710:
711:
712: 1101
713: 759
714: 1123 908 859
715: 1102
716: 823
717: 863
718:
719: 763
720:
721:
722: 825
723: 1116
724:
725: 1094
726: 789
727:
728:
729:
730: 1082
731:
732:
733: 889 820
734:
735:
736: 881
737:
738:
739:
740:
741: 835
742:
743:
744:
745: 974
746:
747:
748: 1108
749: 802
750:
751: 1062
752:
753:
754: 1097
755: 1005
756:
757:
758:
759:
760:
761:
762: 796
763: 861
764:
765: 718
766:
767:
768:
769: 1079 1001 762
770:
771: 999
772: 795
773:
774: 1105 887
775:
776:
777:
778:
779:
780:
781:
782: 741
783: 920
784: 1010 960
785: 979 754
786:
787:
788:
789:
790:
791:
792:
793:
794:
795:
796: 1060
797:
798:
799: 787
800:
801: 924 848
802: 810
803: 768
804:
805:
806: 784
807: 1049
808: 862 816
809:
810:
811: 929
812:
813: 749
814: 842
815:
816:
817:
818:
819:
820:
821: 944
822:
823:
824:
825:
826: 758
827: 984
828:
829:
830:
831:
832: 1067
833:
834: 849
835: 794
836:
837:
838: 961
839: 858
840:
841: 1019 927
842:
843: 1085
844:
845:
846:
847: 871
848:
849:
850:
851:
852: 846 830
853: 837
854:
855:
856:
857:
858: 976
859: 921
860:
861:
862:
863: 844 798
864:
865:
866:
867:
868:
869: 910
870:
871:
872:
873:
874:
875: 1122 1042
876:
877:
878: 851
879:
880: 969
881:
882:
883: 900
884:
885:
886:
887: 928
888:
889: 950
890:
891: 903
892:
893: 860
894:
895:
896: 1032
897: 1117
898:
899:
900:
901: 872
902: 854
903: 1075 876
904:
905:
906:
907:
908:
909:
910: 1081 897
911: 1000
912:
913:
914:
915:
916:
917:
918: 923
919: 982
920: 1045 891
921:
922:
923:
924:
925:
926:
927:
928:
929: 988
930:
931:
932:
933:
934:
935:
936:
937:
938:
939:
940:
941:
942:
943: 917
944: 925
945:
946:
947: 1032
948:
949:
950:
951:
952:
953: 959
954:
955:
956: 1029
957:
958:
959:
960:
961: 971
962:
963: 1006
964:
965:
966:
967: 990
968:
969:
970: 1029
971:
972:
973:
974: 1054 997
975:
976: 1058
977:
978:
979: 1050
980: 1007
981:
982:
983:
984:
985:
986:
987:
988:
989:
990:
991: 1044
992:
993:
994:
995:
996:
997:
998:
999:
1000:
1001: 1003
1002: 963
1003:
1004:
1005:
1006:
1007:
1008:
1009:
1010:
1011:
1012: 1107
1013:
1014:
1015:
1016:
1017:
1018:
1019:
1020:
1021:
1022:
1023:
1024:
1025:
1026: 1077
1027: 1064
1028:
1029: 1047
1030:
1031:
1032:
1033:
1034:
1035:
1036:
1037:
1038:
1039:
1040:
1041:
1042:
1043:
1044:
1045:
1046:
1047:
1048:
1049:
1050:
1051:
1052:
1053:
1054:
1055:
1056:
1057:
1058:
1059:
1060:
1061: 1089
1062:
1063:
1064:
1065:
1066:
1067:
1068:
1069:
1070:
1071:
1072:
1073:
1074:
1075:
1076:
1077:
1078:
1079:
1080:
1081: 1124 1046
1082:
1083: 1066
1084:
1085:
1086:
1087:
1088:
1089:
1090:
1091:
1092:
1093:
1094:
1095:
1096:
1097:
1098:
1099:
1100:
1101:
1102:
1103:
1104:
1105:
1106:
1107:
1108:
1109:
1110:
1111:
1112:
1113:
1114: 1115
1115:
1116:
1117:
1118:
1119: 1110
1120:
1121:
1122:
1123:
1124:
1125:
1126:
1127:
1128:
1129:
1130:
1131:
1132:
1133:
1134:
1135:
1136:
1137:
1138:
1139:
1140:
1141:
1142:
1143:
1144:
1145:
1146:
1147:
1148:
1149:
1150:
1151:
1152:
1153:
1154:
1155:
1156:
1157:
1158:
1159:
1160:
1161:
1162:
1163:
1164:
1165:
