1: 430 178 30
2: 1077 1062 796 784 729 723 651 626 430 178 104 80 30 12 11 3 2 1
3: 796 784 723 651 626 124 91 25 16 6 5
4: 1121 1094 959 796 784 726 723 651 628 626 611 593 583 544 528 510 506 419 360 339 291 271 214 129 124 73 67 65 63 51 25 21 6 4
5: 583 10
6: 510 506 129 65 8 7
7: 871 729 326 80 72 66 9
8: 892 736 460 445 353 270 205 95 90 74 13
9: 1013 731 75 20 18 15 14
10: 837 712 266 169 139 41 35 34 32 28
11: 839 725 687 600 184 76 45 36 29 17
12: 421
13: 839 837 742 712 266 242 239 196 173 169 139 41
14: 1065 731 725 687 600 419 363 184 105 76 75 67 63 51 45 21 20 19
15: 1052 934 737 612 529 493 385 306 167 164 31 26 24
16: 921 737 658 599 540 520 385 244 204 167 128 56 37 22
17: 47 33
18: 907 297 201
19: 368 346 92 70 64 23
20: 411 337 111 102 87
21: 1010 648 27
22: 209 62 42 39
23: 788 688 680 639 464 355 180 121
24: 992 877 494 382 85 60 49
25: 1131 738 565 403 118
26: 736 725 687 445 306 270 229 227 205 184 164 95 76
27: 915 444 431 252 48 38
28: 691 442 108 50
29: 1013 71 58
30: 1141 1070 691 636 442 212 69
31: 892 549 332 174 150 61
32: 701 616 304 116 82 81
33: 832 219 78
34: 1091 231 46 44
35: 1050 951 780 585 268 264 255 237 98 79 77 43 40
36: 1045 644 286 181 68
37: 1016 578 260 246
38: 1009 52
39: 1094 726 544 339 291 271 73
40: 658 520 244 128 55 54
41: 230 86
42: 959 628 360 230 57
43: 227 53
44: 1072 661 519 458 349 157 99
45: 850 728 667 548 501 377 59
46: 987 948 825 632 601 389 363 105
47: 1084 198
48: 1005 883 83
49: 788 688 135
50: 797 702 125
51: 1148 1016 1005 883 827 510 506 437 154 144
52: 1121 629 402 214
53: 278 220 171 170
54:
55: 680 464 355 121
56: 1141 719 347 119
57: 871 652 318 300 187 127
58: 538 469 359 274 257 197
59: 1102 191
60: 1034 380 361 340 319 298 106 84
61: 920 479 336 89
62: 602 122 103
63: 94
64: 299 93
65: 1046 656 303 219
66: 438 417 113
67: 245
68: 1143 1107 981
69: 1076 1051 782 765 592 517 310 308 287 155 145 142 100 88
70: 592 310
71: 163 96
72: 728 575 444 431 377 329 309 234
73: 810 568 538 523 512 414 363 203 177 117
74: 1111 990 402 287 155 126
75: 967 918 819 692 662 539 504 328
76: 1148 796 784 723 651 626 483 481 437 415 350 219 154 144
77: 1032 833 470 148
78: 1131 738 565 140
79: 1013 679 622 514 229 226
80: 622 514 226
81: 937 532 109
82: 1132 650 545 534 526 176
83: 777 316 294
84: 965 758 213 175 146 143
85: 1112 745 473 202 162
86: 911 808 700 570 515 335 235
87: 611 593 528 457 228 199 152 137
88:
89: 1045 644 286 183 114 107
90: 769 289 97
91: 577 508 498 461 379
92: 587
93: 1141 1070 601 389 207 133 130 123
94: 240 160 156
95: 942 920 575 531 479 388 336 309 112 101
96: 188 185 134
97: 1148 919 901 243 216 195
98: 341 149 136
99:
100: 343 190
101: 691 573 507 442 131
102: 936 797 702 658 520 244
103: 168 110
104: 1132 534 526 353 225
105: 301 217
106: 317 267 208
107: 1092 728 425 153
108: 699 329
109: 1051
110: 782 308
111: 987 765 527 348 115
112:
113: 186 179 120
114: 1098 1046
115: 983 923 874 709 138
116: 236
117:
118: 1082 1074 1028 1027 1006 974 794 643 621 273 265
119: 908 618 224
120: 624 351
121: 682 463
122: 522 315 172 147
123: 158
124: 703 625 302 132
125: 1152 1132 823 786 591 558 534 526 407 375
126: 166
127: 401
128: 275 206 161 141
129: 1091 864 194
130: 1004 652 577 508 498 461 405 379 258 253
131: 964 637 609 598
132: 295
133: 356
134: 892 460 165
135: 1081 970 927 559
136: 1111
137: 480 200 192
138: 1132 699 534 526 204 176
139: 966 737 229
140: 1034 562 380 361 340 298 159 151
141: 904 760 296 262
142: 550 478 468 416 249 182
143: 878 562 312
144:
145: 782 537 434 428
146: 317
147: 880 232
148: 457 392
149: 703 625 218
150: 210
151: 692 504 280
152: 386 233
153: 832 759 406 384 322
154: 469 359 326 274
155:
156: 640 189
157:
158: 761 446 399
159: 313 311 284
160: 611 593 528
161: 1049 453 281
162: 980 841 724 284
163: 967 918 819 328
164: 1034 696
165:
166: 771 630 211 193
167:
168: 1053 560 222
169: 1094 915 726 544 339
170: 470 391 215
171: 855 836 681 496
172: 525
173: 538 384 322 252
174: 1105 678 476 441 422 259
175: 477 269
176: 772 743 537 434 428 324
177: 289
178: 1066 951 780 585 248
179: 369 333 307 290
180: 538
181: 957 604 323
182: 857 676 404
183: 1139 292
184: 1004 941 272
185:
186: 992 877 494 382 288 241
187: 567 345 250
188:
189: 1091 753 330
190: 668 221
191: 1115 502 238
192:
193: 1085
194: 655
195:
196: 282 223
197: 811
198: 1080 764 607 279
199: 263
200: 497 283
201: 314 261 256
202: 604 323
203: 503
204: 791 707
205: 1063
206: 656 303
207: 597
208: 395 387
209: 467 383
210: 614 354 247
211: 823 786 591 558
212: 443
213: 806 367
214: 251
215: 357
216: 864
217: 483 481 350
218: 854
219: 826
220: 541
221: 941 352 254
222: 1025 657 513
223: 1094 390 285
224: 276
225: 277
226: 928
227:
228: 458 362
229: 989 727 381
230: 1105 1049 678 441
231: 1060 584 556 530
232:
233: 1127
234: 890 791 707
235:
236: 321
237:
238: 1147 495 492
239:
240: 1047
241: 436
242:
243: 882 358 342 293
244: 1075 372
245: 408
246: 609 305
247: 1065
248: 325
249: 1034 646 380
250:
251: 1069 370
252: 721
253: 448
254:
255: 1066 615 365
256:
257: 997 563 374
258: 779 433 334
259: 948
260: 1052 934 612 529 493
261: 447
262: 451 435
263:
264: 741 733 553 449 397
265: 394 320
266: 727
267: 1088
268: 398 327
269: 842 412
270: 1105 454 331
271: 850 667 432 373
272: 920
273: 582
274: 911 700 515
275: 852 364
276: 548 501
277: 518
278: 812
279: 897
280:
281: 409
282:
283: 1152 1077
284: 621 371
285: 1066
286: 1033
287:
288: 1094 1023 830 439 366
289: 982 960 611 593 528
290:
291:
292: 1076 517
293: 751
294: 1090 893 789 770 472
295: 1093 1056
296: 987 825 632 462 396
297:
298: 1128 524
299: 884 822
300: 754 376
301: 1106 807 671 551 403
302: 696 692 633
303: 816
304: 1140
305: 338
306: 635 459
307: 1034 888 413 380 361 344
308: 897 590
309: 1108 812
310: 499
311: 629 429 427
312: 956 947 755
313: 898 658 635 533 520
314: 875 868 764 607
315: 531
316: 455
317: 1032 833 772 743
318: 1071 400
319: 1066 953 695 615 596 485
320: 1031 924 895
321: 633
322: 817 572 516 465
323: 763 440
324: 659 545
325: 452
326: 863
327: 1050
328:
329:
330: 579 474
331:
332:
333: 535
334: 1094 726 410 378
335: 1024 576 569
336: 720
337: 961
338: 977 487 424
339: 757 744
340: 950
341: 976 801 685
342:
343: 561
344: 779
345: 566
346:
347: 555
348: 1120 1022 452
349:
350: 813 456
351: 634 393
352: 619
353: 800
354: 922
355:
356:
357: 1144 1124 1081 970
358: 659 418
359: 1127
360: 905 489 471 426
361: 808
362: 908
363:
364:
365: 610
366: 450
367: 747
368:
369: 423 420
370: 1065 848
371: 759 736 511
372:
373: 1117
374: 708
375: 1008 887
376: 1067
377: 594
378: 1083
379: 571 475
380: 491
381:
382: 979
383: 998
384: 1102 684
385:
386:
387: 507
388:
389: 1068 711
390: 884
391: 856 689 686
392: 971 871
393:
394:
395:
396: 662 539
397:
398: 1017
399: 907
400:
401: 1039 999 956
402: 879
403:
404:
405: 814 486
406:
407:
408: 988
409: 1145 554
410: 466
411: 1040 969 608
412:
413: 778 682 672 617 484
414:
415:
416: 983 923 874 709
417:
418:
419: 704
420: 1078 1059 1000 932
421:
422: 840 795
423:
424: 899 774 490
425: 925
426: 945 847
427:
428: 720
429:
430:
431:
432: 740
433: 482
434:
435: 838
436:
437: 722 574
438: 488
439:
440: 855 836 681
441:
442:
443: 1122 638 500
444: 521
445:
446: 803 669
447: 990
448: 1125 785 715
449: 547
450: 966 677
451: 864 546
452: 939
453: 552
454: 799 505
455: 1153
456: 834
457:
458: 1144 1124
459: 557 536
460:
461:
462: 586
463:
464:
465: 589
466: 1062 1017
467:
468:
469: 860
470: 977
471:
472: 509
473: 984 654
474: 1029
475:
476: 971
477:
478: 620
479:
480: 1090 893 789 603
481: 732 690 605
482:
483: 831 543
484: 917 647
485: 1125
486:
487: 649
488:
489: 542
490: 1054 705
491: 828
492: 885 670
493: 938 642
494:
495: 623
496: 947
497:
498: 581
499: 1076
500: 746
501: 710
502: 564
503: 894
504: 1042
505:
506: 886
507:
508:
509:
510:
511:
512:
513:
514: 1001
515: 985
516:
517: 912
518:
519: 880 627 613
520: 1019
521:
522: 903 843
523:
524: 1004
525: 716
526: 1109 1037
527: 767
528:
529:
530: 606
531:
532:
533: 817
534: 1064
535: 1096 935 775
536:
537: 752
538: 588
539: 660
540: 882
541: 1043
542: 1100
543: 824 650 595
544:
545: 913
546: 1137
547: 751
548: 966 896
549:
550: 1041
551:
552: 776
553: 580
554: 664
555: 910 829
556:
557:
558: 958 900
559: 718
560:
561:
562:
563:
564: 1080
565:
566:
567: 1082 1074 794
568:
569:
570:
571: 631
572: 856
573: 1105 801 685
574: 1016 827
575: 699
576: 731
577:
578: 1087
579: 862 641
580: 663
581:
582:
583: 749
584:
585:
586: 1097 730 653
587:
588: 1085 870
589:
590: 1138
591:
592:
593:
594: 693
595: 869 861 674
596: 735
597:
598:
599: 793
600: 1146
601:
602: 683
603:
604: 916
605: 790
606: 748
607: 1017 914 697
608:
609: 1110 955 675
610: 734 714
611: 645
612:
613:
614:
615: 787
616: 927
617:
618:
619: 844 717
620: 798
621: 878
622: 768
623:
624:
625: 1016 827
626: 916 756
627: 673
628:
629: 706
630:
631:
632:
633: 968 906 698
634: 994 845
635: 805
636: 666
637:
638: 694
639:
640:
641: 713 665
642: 804
643:
644:
645:
646:
647: 853
648:
649:
650: 986
651:
652:
653: 858
654: 1033
655:
656:
657:
658: 1054 766
659:
660:
661:
662:
663:
664: 809
665: 1027 974
666: 815
667:
668: 1126
669: 930
670:
671:
672: 954 902
673: 1061
674:
675: 750
676:
677:
678:
679:
680: 1058
681: 846
682:
683:
684:
685:
686: 1012 891 739
687:
688:
689:
690: 781
691:
692: 818
693: 1142 756
694:
695: 1038
696: 762
697:
698: 944
699:
700:
701:
702:
703:
704:
705: 1113
706:
707:
708: 865
709:
710:
711:
712:
713:
714:
715:
716: 978 783
717:
718:
719:
720: 1036 873
721:
722: 952
723: 773
724: 929
725:
726: 1125
727:
728:
729:
730:
731:
732:
733:
734: 995
735: 1025
736:
737:
738:
739:
740:
741:
742:
743: 1062
744: 792
745:
746: 1098
747:
748:
749:
750: 802
751:
752:
753:
754:
755: 1110
756:
757: 1150
758:
759: 1085 859
760: 889
761: 909
762: 867
763:
764: 1134
765:
766: 821
767:
768:
769: 849
770:
771:
772:
773:
774:
775: 1143 1107 981 881
776:
777: 1151
778:
779:
780: 1014
781: 973
782: 835
783: 820
784:
785:
786:
787:
788: 940
789:
790: 963 876
791:
792: 972
793:
794:
795:
796:
797:
798: 1136 1044
799:
800:
801:
802: 1119
803:
804:
805:
806:
807: 1104
808:
809: 1011
810:
811: 866
812: 1114 880
813:
814:
815:
816:
817:
818:
819: 851
820:
821:
822: 933
823: 1003
824: 872
825: 943
826: 1073
827: 1043 946
828:
829: 1096
830:
831:
832:
833: 1103
834:
835: 926
836:
837: 1120 1022
838:
839:
840:
841: 962
842:
843: 1009
844: 996
845:
846: 931
847:
848:
849:
850:
851:
852:
853:
854:
855:
856: 1079
857: 949
858:
859:
860:
861:
862:
863:
864: 1089
865: 1015
866:
867:
868: 1090
869:
870:
871: 1002 975
872: 977
873: 993
874:
875:
876:
877:
878:
879:
880:
881:
882:
883:
884: 991
885:
886:
887:
888: 1099 1057
889:
890:
891:
892:
893: 1073
894:
895:
896:
897:
898:
899:
900:
901:
902:
903:
904:
905:
906:
907:
908:
909:
910:
911:
912: 1095
913:
914: 1155
915:
916:
917:
918:
919:
920: 1030
921:
922: 1150 1116
923: 1055
924:
925:
926:
927:
928: 1026
929:
930:
931: 1086
932: 1118
933:
934: 1020
935:
936:
937:
938:
939: 1021
940: 1130
941:
942:
943:
944:
945:
946:
947:
948:
949:
950:
951: 1156
952:
953:
954:
955:
956:
957:
958:
959:
960:
961: 1101
962:
963:
964:
965:
966:
967:
968:
969:
970: 1007
971:
972:
973:
974:
975: 1123
976:
977:
978: 1035
979:
980:
981:
982:
983:
984:
985:
986:
987:
988:
989:
990: 1018
991:
992:
993:
994:
995:
996:
997:
998:
999:
1000:
1001:
1002:
1003:
1004:
1005:
1006:
1007:
1008:
1009:
1010:
1011:
1012:
1013:
1014:
1015:
1016:
1017:
1018:
1019:
1020:
1021: 1048
1022:
1023:
1024:
1025:
1026:
1027:
1028:
1029:
1030:
1031:
1032:
1033:
1034:
1035:
1036:
1037:
1038: 1129
1039:
1040:
1041:
1042:
1043:
1044:
1045:
1046:
1047:
1048:
1049:
1050:
1051:
1052:
1053:
1054:
1055:
1056:
1057:
1058:
1059:
1060: 1133
1061:
1062: 1135
1063:
1064: 1154
1065:
1066: 1153
1067:
1068:
1069:
1070:
1071:
1072:
1073:
1074:
1075:
1076:
1077:
1078:
1079:
1080:
1081:
1082:
1083:
1084:
1085:
1086:
1087:
1088:
1089:
1090:
1091:
1092:
1093:
1094:
1095: 1149
1096:
1097:
1098:
1099:
1100:
1101:
1102:
1103:
1104:
1105:
1106:
1107:
1108:
1109:
1110:
1111:
1112:
1113:
1114:
1115:
1116:
1117:
1118:
1119:
1120:
1121:
1122:
