1: 1164 276 234 205 196 178 115 2 1
2: 3085 127 9
3: 2644 2127 1056 134 14
4: 2685 2538 2287 2192 2135 1922 1445 1141 900 818 756 594 565 544 519 495 438 402 328 275 162 69 53 48 21 10 3
5: 2435 2312 2207 1859 484 180 92 19 4
6: 2695 2109 771 616 456 362 215 139 38
7: 2909 2667 1705 1387 547 301 15 13
8: 2765 2395 2377 1651 1452 1211 782 318 90 5
9: 365 249 8 7
10: 3212 3064 2878 2644 2361 2330 2058 1661 1484 1450 1121 1099 1056 997 977 834 460 258 175 134 85 80 72 34 6
11: 3165 3064 2842 2239 1910 1450 1295 1274 1226 1096 625 606 554 537 424 419 291 229 209 155 95 87 83 82 73 54 34
12: 1122 982 395 392 383 233 119 60 20
13: 1686 97 28
14: 2981 1923 1855 702 649 534 492 416 245 203 70 11
15: 3154 3036 2472 2284 2250 1700 1624 1569 1269 1083 1044 873 863 764 653 575 573 553 321 206 154 144 39 36 17 12
16: 1852 1842 1114 891 592 242 26
17: 3154 2670 2539 2479 1988 1887 1575 1333 1089 391 133 56 39 22
18: 3090 2909 2831 2357 2041 1387 972 502 497 43 25
19: 3090 1293 972 223 16
20: 2330 2058 997 977 366 80 72
21: 3002 1678 912 110 67 30
22: 1700 1269 1044 428 325 120 111 91
23: 2522 946 849 683 540 210 18
24: 3065 172
25: 2928 1786 1661 1322 634 324 85
26: 2968 2901 2532 2213 2037 2012 1988 1751 1700 1577 1575 1354 1269 973 885 859 799 558 428 391 325 133 56 22
27: 2730 2418 1386 819 117 24
28: 3065 2890 2886 2043 1930 1840 1077 417 375 204 192 172 150 124 108 63 52 44 42
29: 2685 1141 900 594 565 495 275 104 69
30: 3063 2970 1784 1333 657 480
31: 3111 2904 814 646 411 295 261 74 40 29
32: 3165 625 606 537 424 291 71 51
33: 2618 1316 440 89
34: 333 268 170 50
35: 2820 2430 2294 2268 1441 375 204 192 150 124 77
36: 2934 2820 2797 2268 1361 809 790 159 156 37 33 31 23
37: 2513 1312 910 427 224 184 176 126
38: 3078 1052 202 66 45
39: 2810 2411 1390 1302 730 118 98 62 58 32 27
40: 706 704 371 370
41: 1373 647 401
42: 655
43: 692 278 49
44: 1588 522 494 241 64 59
45: 2842 1274 1226 1096 155 73 54
46: 834 460 175
47: 2045 1649 1048 714 432 140
48: 1971 1667 1001 341 252 161 148 57 46 41 35
49: 1587 453 431
50: 2180 1944 408
51: 2265 2204 1818 1282 786 672 253
52: 2773 476 151 125 55
53: 3265 1431 1116 1034 353 350 323 94
54: 3036 2969 1709 764 154
55: 2662 2471 1996 1394 866 830 564 481 389 208
56: 2770 2513 1312 910 427 224
57: 1744 510 308 298 272 106
58: 3046 2378 2259 2106 1852 1657 1375 1256 1184 1114 1088 913 891 687 596 518 47
59: 2926 294
60: 2998 1945 1704 1169 631 406 237 100
61: 2928 1786 1322 324 65
62: 1948 1859 1856 968 227
63: 3000 1838 367 319 311 167
64: 2981 1532 534 75
65: 899 88
66: 840
67: 2039 1411 1040 918 182 163 107 81
68: 2933 2116 1955 1038 836 99
69:
70: 3104 2285 2273 1933 963 112 105 84
71: 3239 2477 2084 274 238 235 61
72: 1546 79
73: 2637 1673 1166 382 135 96
74: 1535 78
75: 580 327 214 113
76: 145 103
77: 2997 2704 86
78: 3058 2716 153 102 68
79: 2697 1999 1987 1874 1810 1663 934 499 399 191
80: 3051 1972 924 146
81: 2394 1840 1591 1077 1006 465 116
82: 3000 2890 2848 2035 1902 1840 1838 1077 838 668 149 128 76
83: 245 203
84: 1309 290 211 188 101
85: 2953 2787 2670 1621 396 304 131 93
86: 1155 158
87: 1681 673 136
88: 946 849 683 436 334 231 174
89: 737 615 359 197
90: 2083 948 423
91: 2081 2039 1411 1040 1011 918 876 677 536 218
92: 1079 130
93: 1407 973 859 799
94: 2081 876 536
95: 2025 1805 121
96: 269
97: 3256 2296 1639 1045 837 566 195 187
98: 1327 142
99: 2516 2363 2346 1990 1906 1198 1100 1071 622 444 266 109
100: 1508 751 710 583 464 398 171 141 132
101: 1355 707 409
102: 1041 226
103: 2653 1228 1107 1002 449 255 152
104: 1147 955 659
105: 459
106: 2580 2351 1882 1671 1401 1143 949 763 605 529 247
107: 2770 2722 385 183
108: 2276 929
109: 2808 2693 2245 1543 1216 1207 670 216 190 177
110: 2312 2207 1116 478 425 323 219 179
111: 2091 827 793 579 164 137
112: 844 168 114
113: 3051 2885 1866 270
114: 2036 307
115: 2983 1178
116: 3000 2409 1481 822 768 201 147
117: 649 185 123
118: 2719 2670 1447 1140 828
119: 567 467
120: 2731 1641 919 437 254 122
121: 2848 838
122: 3032 1547 364 169
123: 2287 1445 818 756 328
124:
125: 1934 713 487 345 194
126: 2826 2726 2401 2001 160
127: 2197 1567 600 222 143
128: 3214 2860 2479 1089 769
129: 1115 680 293 228
130: 2472 979 752 501 138
131: 2795 2773 1635 1102 852 654 476 199 129
132: 2220 157
133: 1962 1109
134: 3252 3000 2398 2006 1986 1838 1422 1197 878 621 591
135: 1282 584 490 213
136: 3153 1750
137: 254
138: 1843 1792 332 193
139: 2968 2213 2037 1751 1429 1346 1132 1091 1058 952
140: 2487 2126 485 302 263 251
141: 3223 2591 2400 1405 686 280
142: 3249 3234 1855
143: 3076 1552 624 528 339
144: 2250 863 575 553 206
145:
146: 2949 1757 1279 789 256 166
147: 2834 1294 1164 795
148: 1534 761 559 267
149: 1268 1097
150: 3236
151: 3076 2945 1843 1792 1552 1115 257
152: 2690 2377 1539 1179 1139 956 904 895 181
153: 3143 2740 296 260
154: 520 288 200
155: 1284 165
156: 676 517 173
157: 2840 2179 2150 1860 1650 1538 1292 1075 772 264
158: 2853 2665 2387 1866 1521 1380 791 343
159: 2998 1945 1230 248
160: 1821 240
161: 2381 2242 879 313
162: 1980 287
163: 3111 501 346 338 230 207
164: 2823 2117 1464 477 463 305
165: 1010 689 549
166: 2901 2012 1801 1540 558 484 186
167: 312
168: 2764 2656 1484 998 379 360 258
169: 2361 189
170: 1364
171: 2772 442
172: 3084 2278 566
173: 3195 2654 865
174: 3061 1637
175: 590 450 447 381
176: 2619 967
177: 850 388
178: 1961
179: 2270 1747
180: 2299 1030
181: 3039 2808 2693 2396 1019 599 414 355 217
182: 2334 1436 632 337
183: 2502 1459 993 658
184: 1224 1150
185: 2416
186: 3056 1240 322
187: 373 352 284 198
188: 1465
189: 1578 679 445 430
190: 2323 1244
191: 3084 2278 794 694 614
192: 330
193: 1152 593 556 448 342
194: 2631 2559 2518 2397 2365 2301 2236 1606 1010 488
195: 2874 2595 1664 1479 1331 1159 661
196: 3015 2239 1910 936
197: 3255 3231 2921 2044 1913 598 221
198: 3090 2648 2528 2446 826 539
199: 2690 2508 1995 1431 1414 1034 895 740 731 475
200: 2009 1474 386 283
201: 1664 661
202: 2218 2177 2034 1800 1416 1073 538
203: 582 377
204: 2741 1626 1013 404 286
205: 1119
206: 3035 2810 2692 2631 2559 2518 2301 1302 1170 1000 297
207: 3214 2860 769 310 306 212
208: 2843 1795 917 613 292
209: 668 397 357 348
210: 1943 1596
211: 2880 2561 1231 612 557 434 246
212: 2790 2050 786 672 271
213: 2092 1592 691 372 285 277 220
214: 1954 1401 1143 529
215: 1689 1173
216: 3266 2598 2508 2297 2287 1506 1445 1214 818 756 435 239
217: 2378 1657 1184 596 518 243
218: 2421 2406 1720 773 489
219: 728
220: 3214 3085 2860 2245 1543 1216 1207 769 670
221: 2552 1723 1641 919 351
222: 1116 323
223: 2293 578 403 265
224: 3263 2435 394 361 329
225: 2446 531
226: 2764 1306 597 336
227: 733 711 638 232 225
228: 3075 2097 2033 1529 1057
229: 2973 700 273 236
230: 760
231: 2990 2264 931 533 443 250
232: 877 303
233: 3059 532
234: 1311 1160 244
235: 1926 1754 1153 299
236: 2298 585
237:
238: 545
239: 2999 2114 1914 1219 880 699
240: 3191 2959 961 674
241: 1767 1531 833 354
242: 1898
243: 2669 2424 1335 1252 857
244: 2479 1672 320 300
245: 2656 998
246: 2292 808 358
247: 2450 719
248: 1671 949
249: 2992
250: 2257 2002 611 282
251: 393 279
252: 1869 1859 1417 1257 561
253: 3164 2994 1774 1237 1189 751 464 398
254: 1481 822 315 262
255: 1591 1006 465 259
256: 2994 1237 412 378 316
257: 2210 317
258: 1980 816 813 422 289
259: 3046 1091 1041 913 687
260: 2406 1720 1370
261: 2708 1081 376
262: 630
263: 2979 2815 479 446
264: 540
265: 1175
266: 2866 2526 2145 1953 1732 1446 1438 1351 1174 785 472
267: 2725 2179 1898 1551 1538 1039 668 633 555 397
268: 3256 2550 2347 2296 1639 837
269: 1273 1241 709 552 452
270: 2107 1629
271:
272: 1246 945
273: 1953 1438 785 472
274: 2516 2363 1990 1545 1071 1028 867 622 551
275: 2587 2549 1899 1300
276: 1900 965
277:
278: 503 281
279: 3009 507
280: 2174 1653 705 645
281: 2521 1858 1266
282: 1325
283: 2036 1814 581
284: 2719 2478 2020 1447 1140 943 828
285: 3059 2103 1732 765 455 405
286:
287: 3249 3234 2889 2495 1586 1342 682 314
288: 1801 1540
289: 1304
290: 2135 544 519 438 384
291: 1624 1569 873 823
292: 3141 2481 2057 1861 1151 368 340
293: 2970 2933 1784 871 439
294: 1348 1315 491 344 309
295: 2983 2900 2420 1479
296: 3176 3129 2912 1969 524
297: 1254 729 387 363
298: 3240 2384 2113
299: 1572 451
300: 3188 2957 2731 2353
301: 2731 2250 1988 1575 1467 973 914 331
302:
303: 2244 349
304: 1512 1463
305: 2345 2099 685
306: 2589 829
307: 3077 3016 2950 1104 980 530
308: 1479
309: 3198 958 932 466
310: 2619 967 835
311: 3180 3086 2042 546 473
312: 2483 2100 698 562
313: 2034 1800 1416
314: 2942 2804 2129
315: 3251 3059 938 765
316: 2909 1387 502
317: 2043
318: 1636 421
319: 1103 975 515
320: 2618 2080
321: 347
322: 1722 1685 589 326
323: 3042 468
324: 1934
325: 3167 1527 1249 1029 470 461
326: 2258 2079 847
327: 916 771 616
328: 3184 2996 2173 1867 1768 1511 964 400 335
329: 1123 888 841
330: 1332
331: 2388 1753 1342 1325 723 617
332:
333: 2631 2559 2518 2301 1170 1000
334: 743 669
335:
336: 2697 1999 1987 934 499
337: 1871 1359 690
338: 2792 1074 563 356
339: 2097 1085 734 721
340: 2154 1453 1238
341: 3212 2878 2834 1121 1099
342: 2757 2335 1783
343: 1925 623
344: 1769 703 390
345: 2412 2275 810 513
346: 3017 2414 1513 1020 429
347: 1360 498
348:
349: 2933 2276 2116 1955
350: 3219
351: 2134 744 550
352: 882
353: 505
354: 469
355: 2709 996 695
356: 2674 2307 1930 1526 1460 462
357: 2299 1030 374
358: 3114 2739 842 420
359: 662
360: 1047 574 410
361: 1777
362: 2574 666 509
363: 3053 3007 2288 1854 1462 1384 407 380
364:
365: 2686 526
366: 2589 829 571
367: 2638 1298 1043 369
368: 2135 626 523
369: 2729 2530
370: 2293 657
371: 2785 1712 1638 1235 752 521
372: 1615 1428 441
373: 1608 619 535
374: 2379
375: 1065 720
376: 1270
377: 1730 1477
378: 2118 628
379: 986
380: 2678 1609 901 848
381: 1787 1004 776 643
382: 2879 1897 1201
383: 2662 866 830 564 389
384: 504
385: 3176 1969 524
386: 3190 962 560
387: 1704 1169 631 418
388: 2462
389: 2420 839
390: 1147 955 493
391: 2253
392: 1995 1414 740
393: 1670 1134 500
394: 2969 1709 482
395: 2948 1072
396: 3077 2395 1211 781 530
397: 2325 1480 1248 1146 1051
398: 620
399: 1535 747 736 576 512 486
400: 701
401: 2722 2570 2132 601
402: 2235 525 415
403: 2749 2523 2498
404: 1180 640
405: 2789 2246 2101 1970 1313 874
406: 1520 1106
407: 3265 3190 2014 1918
408: 862 603 413
409: 1017
410: 1648 1336 722 627 433
411: 3151 2142 1385 570
412: 1320
413: 3030 2714 2686 2574 2494 2468 2430 2262 2228 2212 1789 1439
414: 1892 1715 1489 543
415: 2731 2377 1179 1139 458
416: 1264 960 648
417: 1876 1162 1128
418: 726
419: 2966 2355 1145 991 907 737 615
420: 2972 1518
421: 2834 1979 950 835 821
422: 2900 2695 2277 882
423: 969 922 903 738 715 483
424:
425: 1614
426: 1287 1018
427: 1536 542
428: 966
429:
430: 2345 2099 1909 618
431: 3052 2962 1698 426
432: 3087 3083 1440
433: 3105 1584
434: 2403 2224 1454 1205 1126 725
435: 754
436: 1545 1028 867
437: 2737 979 688 629
438: 474 471
439: 1965 1732
440: 2115
441: 983 856
442:
443: 2382 1023 959
444: 2970 2731 1784 678 454
445: 2940 1069 588
446: 3195 2654 1415
447: 2448 1397 902
448: 639
449: 1551 1039 732
450: 2555 1862 1470
451: 3188 2957 2353 2235 1982 1885 1372 708 525 508
452: 2045
453: 1602
454: 1033 788
455: 2547 1434
456: 3046 2632 2214 1375 1213 1088 913 687
457: 2619
458:
459: 457
460:
461: 1647 527
462:
463:
464: 3028 2875 2294
465: 2533
466: 3249 3234 2889 1586 1460 800
467: 2277 2150 1650 1539 1486 956 904 772
468: 2613 1982 1954 1544 1514 1429 1346 708
469: 3244 3010 2968 2255 2213 2037 1751
470: 2709
471: 2281
472: 516
473: 2757 2335 1752 1624 1569 873 823
474: 3070 2106 1466 808
475: 1180
476: 2975 1539 1298 956 904 815
477: 1857 636 568 548
478: 3188 2957 2353 1372
479: 2758 2545 667 664
480: 1129 860 739
481: 2222 1593
482: 2950 2555 1862 1470
483: 2953 2825
484:
485: 2586 2131 1668
486: 1510 1133 887 825 511 496
487: 3043 572
488: 2472
489: 2465 1585 1404
490: 1068
491: 2393
492:
493: 1264
494:
495: 2004
496: 806
497:
498: 3260 1642
499: 2505 1368 684 610 604
500: 1467 914
501: 1090
502: 890
503: 1863 642
504: 2057 868
505: 1744
506: 2831 1964 1467
507: 635
508: 2092 1592 1548 911 650 602
509: 1874
510: 607
511: 1234
512: 1979 950 821
513:
514: 1927 1165 1158 595 506
515: 3200 1815
516: 1646
517: 3088 990 774
518: 1303 577
519: 2240 1275 717 681 514
520: 3246
521: 770 587
522: 1190 1078 1076 908
523: 2346 1906
524: 2150 1860 1650 772
525: 1572 1383
526: 2203 1504 1413 637
527: 2902 2601 2542 2235 1087 608 569
528:
529: 3069
530: 748
531: 1877
532: 586
533: 2585
534:
535: 3101 1376 1168 757
536: 1417
537: 2966 907
538: 2598 2297 1214
539: 1830 1136
540: 2580 2383 2351 1882 1348 1315 840 766
541: 2383 804
542:
543: 1627
544:
545: 2256 2091 1589 827 793 641
546: 1075
547: 1243 541
548: 3165 2533 2178 1852 1114 891 675 625
549: 1314
550: 1443 759
551:
552: 1870
553: 1848
554: 3062
555: 2713 820
556: 1257
557:
558: 1544 1514
559: 1001
560:
561: 3074
562: 1198
563: 2550 2347 792
564: 2534 881
565: 2127 1577 1354 1236 644
566: 2799 2493 1741
567: 1677
568: 2113 1113 758
569: 3190 1884 1318 781
570: 2967 1582 1499
571:
572: 1812
573: 1144 1131
574:
575: 1185
576: 1633 1581 940
577: 1752
578: 3207 3188 2957 2611 2353 2164 2074 1393 1188
579: 762
580: 3036 2395 1874 1211
581: 2130 1032 1003 716
582:
583: 2409
584:
585: 2632 2214 1213
586: 3118 2932 1928 1334 712
587: 2933 2116 1955
588: 2371 1881
589: 1357
590:
591: 2000 1210 660
592:
593: 3091 3010 974 970
594: 1558
595: 696
596: 1485
597: 1896 1864 853
598:
599: 1986 1422 878
600: 1042
601: 1729 738 715
602: 1078 780
603: 1902 651
604:
605:
606: 3161 2340 1655 1610 1421
607: 2997 2586 2326 2131 832
608: 609
609: 872
610: 960 927 652
611: 2864 1936 1761 746
612: 2616
613: 999
614: 851
615: 2533 817
616: 1321
617: 2119 1341 803
618: 1577 1354 885
619:
620: 1144 1131
621:
622: 2930 753
623: 2712 1550
624: 1991 1247 805
625:
626: 1530
627: 663
628: 2346 1906
629: 2086
630: 3012 1652
631: 2411 1390
632: 2663 2022 1737 1156 1101
633: 3050 1353 1200 1080 1007
634: 2663 2022 1101
635: 3110 2367 1035 858
636: 1362
637: 735
638: 2882
639:
640:
641:
642: 843
643: 3194 3179 2075
644: 2505 2155 2056 1832 1700 1368 1269 1044
645: 2825 1903
646: 3263 2622 1528
647: 3132 2857 2454 1819 1620 1022 981
648: 2643 1659
649:
650: 2152
651: 697
652: 2598 2297
653: 2817 2469 1500 1203 1084
654: 1604 1494
655: 2482 1204 1148 1060
656: 1967
657: 1095 812
658: 2841 1125
659: 1501 1296 811
660: 1668
661: 2573 807 671
662: 2232
663: 1814
664:
665: 2226
666: 2464 1703 892 846
667:
668:
669: 1511
670: 923
671: 2669 2537 665
672: 781
673:
674:
675: 797
676: 3138 1176 802
677: 1451
678: 1755
679: 2749 2523 2498 2174 1653
680: 2669
681: 2895 1273 1241
682: 2386
683: 1298 656
684: 1765 1565 921
685: 875
686: 2729 2530 2328
687: 1228 1107
688:
689: 1399
690: 2653 1002
691: 2259 1644 1476
692: 1267 1059
693: 2155 2056
694: 718
695: 2995 2329 2267 1455
696: 1486
697: 1429 1346 1132 1058 952
698:
699: 1532
700: 2885 2587
701: 1798
702: 2504 1012
703:
704: 3249 3234 3085 2889 1586
705: 2760 1576
706: 2567 937
707: 1124 897
708: 2995 2892 2329 2267 1924 1455 988 724
709: 2110 1605 995 898
710:
711:
712:
713: 1739 1391 1371
714: 2166 1806 1261 1206
715: 2073 749
716: 2052 1891 1388
717: 3166 870
718: 942
719: 2826 2726 2001
720: 2403 2224
721: 864 798
722:
723: 3099 787
724: 3260 1642
725: 2588 1960 1167
726: 2365
727: 2322 1192
728: 3265 1307
729: 2908 1392 693
730: 2881 2864 1936
731: 2885
732: 3026
733: 3244
734: 3243 2773 1973
735: 2677 742
736: 1993
737: 2411 2106
738: 2360 1769 1589
739: 2607
740:
741: 1689
742:
743: 3264 3000 2731 1851 1838 1735
744: 2984 2718 1616 777
745: 727
746:
747: 1498
748:
749: 741
750: 1172 1111
751: 2859
752: 2949 1279
753:
754: 2375 1239
755: 2221
756: 3029 2617 2010 1600
757: 783
758:
759: 2415
760: 1220
761: 883
762:
763: 1522
764: 2144
765: 1398 1172 1111 1053
766: 1556
767: 1964 779
768:
769:
770:
771: 3057
772: 2665 1380
773: 2031
774: 2822 1379
775: 994
776: 3260 2035 925
777: 2837 2800 953 750 745
778: 1762 1542 893
779: 2259 1256
780:
781: 2970 2402 1784 1370
782:
783: 1215 801
784: 2725 2663 2022
785: 2478 2020
786: 2967 2673 1827
787: 2668 1289
788: 2708 1811 1803 1081
789:
790: 3046 2038 1282 775
791: 2965 1983
792: 2017 1064 784 755
793: 1374
794: 2271
795: 2166 1261 1206 1050
796: 2256
797: 3064 2537 2070 1909 947
798: 2866 1351 1024
799: 2457 2104 941 886
800: 2507 1369 1161
801: 2555 1862 1470 767
802: 1419
803:
804: 2534
805:
806:
807: 1173
808: 2145 1446 1174
809: 2489 1656 824
810: 1492 1199
811: 944 933
812: 2478 1935 1265
813: 2548 1360
814: 1456 855 778
815: 2552 1723
816: 2468 2196 2160 1947 1790 1702 909
817: 1227
818: 1281 1259
819: 3259 1142
820:
821: 1120
822:
823:
824: 1892
825: 2541 1009 1008
826: 2700 2456 1929
827: 1811 1803
828: 2501 2248 1406
829: 1290
830: 1036
831: 1745
832: 1892 1715
833: 1027
834:
835:
836: 1266
837: 1831 1026
838: 2298 2234 796
839:
840: 3070
841: 2221
842: 3041 2138 985
843: 3000 2797 1838
844: 2939
845: 2087 1177
846: 957 928
847: 2328 1190 1076 915
848: 1815 984 845
849: 2061 1433
850: 3194 1519
851: 2701 2583 1993 1778 1232 1093 861
852:
853: 2707 2507 1369 1161 1015
854: 3080 2133 1382 906
855: 1918
856: 2123
857:
858: 1525 1400 1326
859: 1154 1117
860: 2983
861: 2029 1191
862: 2261 2052 1891
863: 2628 2153 2091 1728 1692
864: 2379 1985 951 831
865:
866: 1682 1258
867: 3161 1655 1610 1421
868: 1278 1112
869:
870: 2004 1825
871: 2126 1674 971
872: 3134 2763
873:
874: 1669 1137
875:
876: 3253
877: 1337
878: 2514 1573 1396 884
879: 2237 2032 1557
880: 926
881: 1748 1727 869
882: 3056
883:
884: 1615
885: 2982 1554 1195 992 854
886: 1171 1157
887: 1021 954
888: 2426
889: 3258 2786 2540 1496
890: 2579 1690 1688
891: 1156
892:
893: 1915 920
894: 1430
895: 1806
896: 2077 1049
897:
898: 2803 2225 1410 1092
899:
900:
901: 3192 2849
902: 3039 2396 1408
903: 935
904: 2176
905:
906: 2738 1491 894
907: 1854 1384
908: 2334 1436
909: 2391 1522 1016
910:
911: 2750 1305 1118
912: 2867 1005
913: 1738
914: 1716
915:
916: 2931 2605
917: 2688 2337 2018 1908 1683 1288 1223
918: 889
919: 1319
920: 2512 1809 1225 978 896
921:
922: 2143
923: 2159
924:
925: 2583 2052 1891
926: 1407
927: 2279 1839 1694 1590 1449 905
928: 1905 1435 1218
929:
930: 1992 1865
931: 2639 2334 1560 1436 1063
932:
933: 1949 1783 1329 1149
934:
935: 2897 2438
936:
937: 2821
938: 2752 2660
939:
940: 2277
941: 1403 1082
942: 3135 1277 930
943: 1317
944: 2091
945: 1251 1046 989
946: 1489
947:
948: 2553 1937
949:
950:
951: 2376 1816
952: 3044 2572 1262
953: 3164 1774 1189
954: 1770 939
955: 3001 2082 1941
956: 1389
957:
958:
959:
960: 2294 1441
961:
962:
963: 2560 2095 976
964: 2338 1511
965: 1381 1330
966: 1697
967: 1299
968: 2292
969: 2880
970: 2993 1365
971: 2923
972:
973: 1260 1208 1031
974: 2232 1791
975: 2892
976: 2888
977: 2784 1924
978: 2554
979: 2211
980: 2398 1349
981:
982: 1280
983: 1829
984: 2643 1659
985:
986:
987: 1490
988: 3063
989: 1437
990: 2255 1502
991:
992: 2069 1062
993: 2734 1098
994: 2509 2105
995: 1664
996: 2561 1432
997: 1037
998:
999: 1699
1000: 2818
1001: 2921 1472 1054
1002:
1003: 1094
1004: 1209
1005:
1006: 2680 1271
1007: 3148 2171 1946
1008: 2876 2027
1009: 2198 1957 1194
1010: 2156
1011: 1559
1012: 2453 1966 1921 1563
1013: 2377 1193 1179 987
1014: 2367 1130
1015:
1016: 2701 1888 1196
1017: 1942
1018: 1507 1108
1019:
1020:
1021:
1022: 2555 1862 1470
1023: 2110 1605 1424
1024: 1734
1025: 2071 1187
1026: 2617 1600
1027: 1067
1028: 2987
1029: 2026 1731
1030:
1031: 2096 1412 1286
1032:
1033: 2699 1347
1034:
1035: 3224 2649 2201
1036:
1037: 2988
1038: 2584 2053 1599
1039:
1040: 3098 1138
1041: 3058 2716 1555
1042: 1509
1043:
1044: 3167 2910 1710 1310
1045: 3084 2652 2278
1046: 2687 1055
1047: 2526
1048: 2066 1014
1049:
1050: 2461 1845 1708 1163
1051:
1052:
1053: 3117 3091 2620 2215
1054: 1977 1570
1055: 2581 2522
1056: 3111
1057:
1058: 3148
1059: 1086
1060: 1646
1061:
1062: 3256 1367
1063: 3211 2064
1064: 1025
1065: 3034 2814 1828
1066: 1726
1067: 3098 2289 1110
1068:
1069: 2488 1695 1660
1070: 1824 1823
1071: 3207 2164
1072: 3130 1817 1781 1350 1345
1073: 1631 1061
1074: 2326 1324
1075: 2968 2213 2037 1751
1076:
1077: 2839 1183
1078: 2124
1079: 2823 1464
1080: 2495 1505 1339
1081: 1293
1082:
1083: 1907
1084: 2354 1733 1182
1085: 2942 2804 2129
1086:
1087: 2819 2186 1245
1088:
1089: 2888 1328
1090: 1706
1091: 2609 1763
1092: 2637 1166
1093: 3038
1094: 2076
1095:
1096: 3254 2433 1940
1097: 1566 1272
1098: 2011
1099:
1100: 3241
1101: 3006 2743 2451
1102: 2432 1070
1103: 2109
1104: 1773
1105: 1217
1106: 2136 2102 1580 1066
1107: 2706 2277
1108:
1109: 2466
1110: 1793
1111: 2657 1875
1112:
1113:
1114:
1115: 2793 1468
1116: 2371 1881
1117:
1118:
1119: 3118 2932 1928 1334
1120:
1121: 2421 2406 1806 1546
1122: 1409 1229
1123:
1124: 1691
1125:
1126:
1127: 2845 1105
1128: 2829 1271
1129:
1130: 2591 2400 1405
1131:
1132: 2764 1306
1133:
1134:
1135: 2081
1136: 2734 1880
1137: 2492
1138: 2512 1809
1139: 2575 2474 2313 1889
1140: 3040 2505
1141:
1142: 3028
1143: 2724 1250
1144: 2973
1145:
1146:
1147: 2427
1148:
1149: 2314 1833 1202
1150: 2902 2601 2542 1242
1151: 3151 2098 1742 1221
1152: 3086 1423
1153: 1835
1154: 2219 2170
1155: 2249
1156: 2701
1157: 3248
1158:
1159: 2181
1160: 2341 2145 1446 1186
1161: 3151 3006 2451
1162: 1356
1163: 1716
1164: 2676 1932 1516
1165:
1166: 1135
1167: 2801 2081
1168: 1714 1127
1169:
1170: 2482 1263
1171:
1172: 2404 2321 2078 1402
1173: 1630
1174:
1175: 1693 1473
1176:
1177:
1178: 2193 1997 1951
1179: 1904
1180: 2120 2030
1181:
1182: 2535
1183: 1954
1184: 2894 1358
1185: 1318
1186: 3082
1187: 2798 2390 1984
1188: 1564
1189:
1190: 2915 2068
1191:
1192: 2930
1193: 2603 2564
1194: 2934 1361 1222
1195:
1196: 1663
1197:
1198:
1199: 2962
1200: 1181
1201: 2547 1233
1202: 1426
1203: 1363
1204:
1205:
1206:
1207:
1208: 2809
1209:
1210: 1958
1211: 1772
1212: 1469
1213:
1214: 2606 2519 2158 1707
1215: 3105 3003 1847
1216: 2521 1858
1217: 3052 2990 2290 2264 1698 1378
1218: 1782
1219: 1297
1220:
1221: 3037 1598
1222: 1212
1223: 3269 2172
1224:
1225:
1226: 2852
1227:
1228: 1493
1229:
1230: 2026 1392
1231:
1232:
1233: 2666 2395
1234: 2735 1255
1235: 3089 2623 1917
1236: 2988
1237: 2871 2317
1238: 2310
1239: 2346 1906 1684
1240: 2729 2530
1241: 2784
1242:
1243: 2342 1285
1244:
1245:
1246:
1247: 3188 2957 2353 2243 1654 1418
1248: 2112 1981 1771
1249: 1676
1250:
1251: 3198
1252: 1775
1253: 2488 1541 1420
1254:
1255:
1256:
1257:
1258: 3210 2283 1696
1259: 1766 1524
1260:
1261: 1344
1262: 2671
1263:
1264: 1338
1265: 2298 2215
1266: 2013
1267: 2088
1268:
1269: 2881
1270: 1253
1271: 2049 1579 1561
1272:
1273: 2774 1471
1274: 3171
1275: 1836
1276:
1277: 1366
1278: 2809 1478
1279:
1280:
1281: 3136 1802 1612
1282: 2920
1283:
1284: 1283
1285:
1286:
1287:
1288:
1289:
1290: 2680
1291:
1292:
1293:
1294: 2570
1295: 3146 3142 2389
1296:
1297:
1298:
1299: 2023 2003
1300: 2879 1725 1611
1301: 3204 1488
1302: 1822
1303: 1562
1304: 2677 2015
1305: 2067 1395
1306: 2919
1307: 1853
1308:
1309: 2260
1310: 2634 1632 1276
1311:
1312: 2052 1891
1313:
1314: 2553
1315:
1316:
1317:
1318:
1319:
1320: 1352
1321:
1322: 2299
1323: 2349 2065
1324:
1325: 3197 2422 1758
1326: 2707
1327:
1328: 2391 1343
1329: 1301
1330:
1331:
1332:
1333:
1334:
1335: 2062
1336: 1495
1337:
1338:
1339:
1340: 2108
1341: 3147
1342:
1343: 1603
1344:
1345: 1537 1308 1291
1346: 1687 1571
1347: 1457
1348:
1349: 3008
1350: 3161 1523
1351: 1933
1352: 3251
1353: 2850
1354:
1355: 3022
1356:
1357:
1358: 2614
1359: 2428
1360: 1759
1361:
1362: 1427
1363: 2356 2185 2139
1364: 2788
1365:
1366: 1323
1367: 2856 2047
1368: 2209
1369: 3106
1370:
1371:
1372: 1701
1373:
1374: 1601
1375: 3121 2141
1376: 2182
1377:
1378:
1379:
1380: 2434
1381:
1382: 3040 2592
1383: 1962
1384:
1385:
1386:
1387:
1388: 2348 2168
1389:
1390: 2615 1377
1391: 3080 2698
1392:
1393: 2602
1394: 1905
1395: 1340
1396: 2938 2128 1976
1397:
1398: 2720 2655
1399: 2861 1779
1400:
1401:
1402: 2597
1403: 3199
1404: 1517
1405:
1406: 2090
1407: 2974
1408: 1444
1409: 1487
1410: 2966 1549
1411:
1412:
1413:
1414:
1415: 2269
1416: 1553
1417:
1418:
1419: 2780
1420: 2556
1421: 2825
1422:
1423: 3206 2220
1424:
1425: 1912 1461
1426:
1427:
1428:
1429: 2766 2282
1430:
1431: 2758
1432:
1433:
1434: 2636
1435:
1436: 1425
1437:
1438: 2612
1439: 2454
1440: 2668
1441:
1442: 2016
1443: 1475
1444: 1947 1702
1445: 2238
1446:
1447:
1448:
1449: 2891
1450: 1868
1451: 1749
1452:
1453: 2355
1454: 2432 2240 1680 1515
1455:
1456:
1457:
1458: 2121
1459: 1871 1617 1458
1460: 3267
1461:
1462:
1463: 2558
1464: 2706
1465: 1497
1466: 2200
1467: 1736
1468:
1469: 3248
1470:
1471:
1472: 1568
1473: 2109
1474:
1475:
1476:
1477: 2194
1478: 2290
1479: 2612
1480: 1721
1481: 1813
1482: 2640 2350
1483: 3174
1484: 2515 1994
1485: 2873
1486: 2374
1487: 3193 1634 1442
1488: 2522
1489: 1724 1679
1490:
1491: 1533
1492: 3020 2315 1911
1493: 2230 1808
1494:
1495: 2304 2252 1963 1873
1496:
1497:
1498: 3240 1483
1499: 3169 2733 1448
1500: 2647
1501: 1869 1594
1502: 2779
1503: 2967 1827 1628
1504:
1505:
1506:
1507: 2426
1508:
1509: 1503
1510: 1780
1511: 2977 2901
1512: 3255 3231 1625
1513: 3172
1514: 2050
1515: 2802 2511 2005
1516: 2868 1613
1517: 1502
1518: 3055
1519: 3115 1619
1520:
1521:
1522:
1523: 1645
1524: 2744
1525:
1526:
1527:
1528: 2709
1529: 1959 1482
1530: 2162
1531: 2257 1743
1532:
1533: 2450
1534: 2122 2051
1535: 2510
1536:
1537:
1538: 2407
1539:
1540: 2754
1541: 2591 2400 2344
1542:
1543: 3163 2489 2439
1544: 2689
1545:
1546: 2690 2606
1547: 2327 2199 1901
1548:
1549: 2851 2571 1785
1550:
1551:
1552: 1931
1553: 1595
1554:
1555: 3040
1556:
1557: 1574
1558: 2604 2189 1597
1559: 3157 2760
1560: 2701
1561: 2233 2094
1562: 2783
1563: 2585
1564: 2417
1565:
1566: 2219 2170 1623
1567:
1568: 2532
1569:
1570:
1571:
1572:
1573: 2938 1976
1574: 2002
1575: 2563
1576: 3099 2111
1577:
1578: 2635
1579: 2191
1580:
1581:
1582: 2223 1675
1583: 2339
1584: 3245
1585: 2956
1586:
1587:
1588:
1589: 3160 2499 1640
1590: 1796
1591: 2311
1592:
1593: 2146 1890
1594: 2024
1595: 1826
1596: 2813
1597: 2251 1837
1598:
1599: 2570 2132
1600: 1662
1601:
1602: 2596 2352
1603:
1604:
1605: 2539 1887
1606:
1607: 3028 2008
1608: 3049
1609:
1610: 3105
1611: 3030
1612:
1613:
1614:
1615: 1583
1616: 1975 1622
1617: 2767 2072
1618:
1619: 2153 1746
1620:
1621: 2753
1622: 2849
1623: 1834
1624:
1625:
1626: 3072 2324
1627: 2460
1628:
1629: 1956
1630: 2630
1631:
1632:
1633: 2893
1634: 2048 1799 1607
1635:
1636:
1637: 2862
1638: 3149 2163
1639:
1640: 2392
1641: 2021
1642: 2762 1850
1643: 3212 2878
1644: 2818 2372 1968
1645:
1646:
1647: 2148
1648: 3239 2477 1643
1649: 3173 2369 2089 1666
1650:
1651:
1652: 1989 1718 1618
1653: 2444
1654: 1849
1655: 1919
1656: 1776
1657:
1658:
1659: 2594 2506 2019
1660:
1661:
1662: 3218 2060
1663: 2430 2212 1789
1664: 2303 2151
1665:
1666:
1667:
1668:
1669: 1665
1670: 1939
1671: 3232 2929
1672: 3052 2394
1673: 1760
1674:
1675:
1676: 2055 1764
1677: 3092 2925
1678:
1679:
1680: 3268 2853
1681: 2239 1910
1682: 2208 1804 1719
1683: 1658
1684:
1685: 2332
1686: 2629
1687: 2137
1688: 2500
1689: 1717
1690: 2402
1691:
1692: 2059
1693:
1694: 2373
1695:
1696: 3204 2958
1697: 2997 2704
1698:
1699: 2381 2242 1794
1700:
1701: 2046 1711
1702: 3225 2604 2568
1703: 1895
1704: 2641 2205
1705: 2747
1706: 2784
1707:
1708: 2834
1709:
1710:
1711: 2782
1712: 2280
1713: 2167
1714:
1715:
1716: 3009 2401 1844 1756
1717: 2786 2540
1718:
1719:
1720: 2844
1721:
1722: 2599 2007
1723:
1724:
1725: 2688
1726: 1978
1727:
1728:
1729: 3110
1730:
1731: 2947
1732: 2305
1733: 3159 2544
1734: 2590
1735:
1736:
1737:
1738: 2682 1820
1739:
1740:
1741:
1742:
1743: 3171
1744: 1872
1745: 2711
1746:
1747: 1713
1748:
1749:
1750: 1788
1751: 2372
1752: 3095 2582
1753:
1754: 1883
1755:
1756:
1757:
1758: 2980 2070
1759:
1760:
1761:
1762: 2778
1763: 2517
1764: 2085
1765:
1766: 2503
1767: 2952 2467
1768:
1769: 2487 1740
1770: 1894
1771:
1772: 1841
1773: 3093
1774:
1775: 2974 1797
1776:
1777:
1778:
1779: 3096 2458
1780:
1781:
1782:
1783:
1784:
1785:
1786:
1787:
1788:
1789:
1790:
1791: 2727
1792:
1793:
1794: 2445
1795:
1796:
1797: 2783 1974
1798:
1799: 1938
1800: 3081 2319
1801:
1802: 3247
1803: 3132 2272
1804: 2423 2211
1805: 2455
1806: 2333
1807:
1808:
1809: 1950
1810: 2318
1811:
1812:
1813: 1952 1807
1814:
1815:
1816: 2405
1817: 2768
1818:
1819: 2336
1820: 2404 2321 1886
1821:
1822:
1823: 2875 1841
1824: 2991 2376
1825:
1826:
1827: 2801
1828: 2907
1829:
1830: 2320
1831:
1832:
1833:
1834:
1835:
1836:
1837:
1838: 2958
1839: 2463
1840: 2475
1841:
1842:
1843: 2626 2169 1920
1844: 3163
1845: 3060 2828
1846:
1847: 1878
1848:
1849: 1879
1850:
1851:
1852: 2898
1853: 2720 2655
1854:
1855: 2054
1856: 2976
1857:
1858: 2247 2184
1859:
1860: 2899
1861: 3073
1862:
1863: 2093
1864:
1865:
1866: 2753 2040
1867: 2694
1868:
1869: 2399
1870:
1871: 2491
1872:
1873:
1874: 2650
1875:
1876:
1877: 1846
1878: 3266 2134
1879:
1880:
1881:
1882: 2700
1883:
1884: 3225 2568
1885: 1916
1886: 2206
1887:
1888:
1889:
1890: 2543
1891:
1892:
1893: 2621
1894: 3227 2490
1895:
1896:
1897: 3178 2266
1898:
1899:
1900:
1901:
1902:
1903:
1904: 2675 1893
1905: 2761
1906:
1907:
1908:
1909: 3019
1910: 2978
1911:
1912:
1913: 2429 2295
1914:
1915:
1916:
1917: 3201 2883
1918:
1919:
1920:
1921:
1922: 2366
1923: 3045
1924: 2190
1925:
1926: 2549
1927:
1928: 2388
1929:
1930:
1931:
1932:
1933: 3123 2527
1934: 3230
1935: 2916 2175
1936:
1937:
1938: 3109
1939: 2610
1940:
1941: 2812 2525 2063
1942:
1943: 2397 2236
1944: 3226
1945:
1946:
1947:
1948: 3067 2254
1949: 2807 2149
1950:
1951:
1952: 3019 2562
1953:
1954: 3152 2263
1955:
1956: 2196
1957:
1958:
1959:
1960:
1961:
1962:
1963:
1964: 3146 3142
1965: 2836 2331
1966: 2187
1967:
1968:
1969:
1970:
1971: 3080 2529
1972:
1973:
1974: 3187
1975:
1976: 2441 2125
1977: 2914
1978:
1979:
1980:
1981: 3219 1998
1982: 2906
1983:
1984:
1985:
1986:
1987:
1988: 2635
1989: 2699 2217
1990: 2470
1991: 2613
1992:
1993:
1994:
1995:
1996:
1997:
1998:
1999: 3156
2000: 2985
2001: 3021
2002:
2003:
2004:
2005:
2006:
2007:
2008: 2884
2009:
2010:
2011: 2658
2012: 2028
2013:
2014:
2015:
2016: 2385
2017:
2018:
2019:
2020:
2021:
2022: 2316
2023: 2380
2024: 2364
2025:
2026:
2027:
2028:
2029:
2030:
2031: 3208 2781
2032:
2033: 2946
2034:
2035:
2036:
2037:
2038:
2039:
2040: 2157
2041: 2309
2042:
2043:
2044:
2045: 2308
2046:
2047:
2048:
2049:
2050:
2051: 2343
2052:
2053:
2054:
2055:
2056: 2161
2057: 2140
2058: 3173
2059:
2060: 2723
2061: 2855
2062:
2063:
2064:
2065:
2066:
2067: 2195
2068:
2069:
2070:
2071:
2072:
2073:
2074:
2075:
2076:
2077: 2872
2078: 2680
2079:
2080: 2551
2081:
2082:
2083:
2084: 2452
2085:
2086: 2816
2087:
2088:
2089:
2090: 3139
2091:
2092:
2093: 2684
2094: 2743
2095:
2096:
2097:
2098: 3074
2099:
2100:
2101: 2183
2102:
2103: 2913 2742
2104:
2105: 2165
2106:
2107: 2410
2108:
2109: 2955 2358
2110:
2111: 2291
2112: 3237 2362
2113:
2114:
2115: 3083
2116: 2188
2117: 2480
2118: 2805 2359
2119:
2120:
2121:
2122: 2368
2123:
2124:
2125:
2126:
2127:
2128: 3175 2777
2129: 2520
2130: 2229
2131:
2132:
2133:
2134: 2625
2135: 2633
2136:
2137:
2138: 2710
2139: 2936
2140:
2141:
2142: 2147
2143: 2652
2144:
2145:
2146: 2702 2306
2147: 2759
2148: 2274
2149:
2150: 3232
2151: 2943 2531 2231
2152: 2459
2153: 2941
2154: 2216
2155: 3133
2156:
2157: 2241
2158:
2159:
2160: 2536
2161:
2162: 2870
2163: 2679
2164:
2165:
2166:
2167:
2168:
2169:
2170:
2171: 2370
2172:
2173:
2174:
2175:
2176: 2877 2746
2177: 2286
2178:
2179:
2180:
2181:
2182:
2183:
2184:
2185:
2186:
2187:
2188:
2189:
2190:
2191:
2192:
2193: 3229
2194:
2195:
2196: 2811
2197: 2939
2198: 2227
2199: 2202
2200:
2201: 2924
2202:
2203:
2204: 3122
2205: 2300
2206: 3193 2832
2207:
2208: 3138
2209:
2210:
2211:
2212:
2213:
2214: 2496
2215: 2524
2216:
2217:
2218:
2219:
2220: 2769
2221:
2222:
2223: 2895
2224: 2920
2225: 3122
2226: 3215
2227:
2228: 2302
2229:
2230: 2748 2566
2231:
2232:
2233:
2234: 2447
2235:
2236:
2237:
2238: 2486
2239: 3011
2240:
2241:
2242:
2243:
2244:
2245:
2246:
2247:
2248:
2249:
2250:
2251: 2557
2252:
2253:
2254:
2255:
2256:
2257: 2793
2258: 2959
2259:
2260:
2261:
2262:
2263:
2264: 2659 2440
2265:
2266:
2267:
2268:
2269:
2270:
2271: 2975
2272:
2273:
2274:
2275:
2276:
2277: 2544
2278:
2279:
2280:
2281:
2282:
2283: 2485
2284:
2285:
2286:
2287: 3262
2288: 2651
2289:
2290: 2476
2291:
2292:
2293:
2294:
2295:
2296:
2297: 2917
2298: 2960 2646
2299:
2300:
2301: 2886
2302:
2303:
2304:
2305:
2306:
2307:
2308:
2309:
2310:
2311:
2312:
2313:
2314:
2315:
2316:
2317:
2318:
2319:
2320: 2937
2321: 3108
2322:
2323: 2419
2324:
2325:
2326:
2327:
2328:
2329: 2431
2330:
2331:
2332: 3116
2333:
2334:
2335:
2336: 2728
2337:
2338:
2339: 2425
2340: 2437
2341:
2342:
2343: 2473
2344:
2345:
2346: 3192 2705
2347: 2717
2348: 3217
2349:
2350:
2351:
2352: 3257
2353:
2354: 3082
2355:
2356:
2357:
2358:
2359:
2360:
2361: 2413
2362: 3242
2363: 3033
2364: 2484
2365:
2366: 3184 2408
2367: 2436
2368:
2369:
2370:
2371: 2905 2721
2372:
2373:
2374:
2375:
2376:
2377:
2378:
2379:
2380:
2381:
2382:
2383:
2384:
2385:
2386:
2387:
2388:
2389:
2390:
2391:
2392:
2393:
2394:
2395:
2396:
2397:
2398:
2399:
2400:
2401:
2402: 3235
2403: 3066
2404:
2405:
2406: 3205 3126
2407:
2408:
2409:
2410:
2411:
2412:
2413: 2546
2414:
2415:
2416:
2417:
2418: 2856
2419:
2420: 2806
2421: 2944
2422: 2831
2423: 2794 2443
2424:
2425:
2426: 2442
2427:
2428:
2429:
2430:
2431:
2432:
2433: 2565 2497
2434: 2608
2435:
2436: 2846 2600
2437:
2438:
2439:
2440:
2441:
2442: 3071
2443:
2444:
2445: 3185 3145
2446:
2447: 3018 2449
2448: 3047 2569
2449:
2450: 2642
2451:
2452:
2453:
2454:
2455:
2456: 3119 2863
2457: 2911
2458:
2459:
2460: 2661
2461:
2462: 2576
2463:
2464:
2465: 2577
2466:
2467:
2468:
2469: 3124
2470:
2471: 3112
2472:
2473: 3268
2474:
2475: 3100
2476:
2477:
2478:
2479:
2480:
2481:
2482:
2483:
2484:
2485:
2486: 3153
2487:
2488:
2489:
2490: 3069
2491: 2715
2492:
2493: 2869
2494: 2703
2495:
2496: 2824
2497:
2498: 2865
2499:
2500:
2501:
2502:
2503:
2504: 2627
2505:
2506:
2507:
2508: 3196
2509:
2510: 2578
2511: 3107
2512: 2776
2513:
2514:
2515:
2516:
2517:
2518:
2519:
2520:
2521:
2522: 3113 2624
2523:
2524:
2525:
2526:
2527:
2528: 2954
2529: 2645
2530:
2531:
2532:
2533: 2989
2534:
2535:
2536:
2537:
2538:
2539:
2540:
2541:
2542:
2543:
2544: 3025
2545:
2546:
2547:
2548: 2796
2549: 2833
2550: 2949
2551: 2963 2935
2552: 3140
2553:
2554: 3228
2555: 3013 2830
2556:
2557:
2558:
2559:
2560:
2561:
2562:
2563:
2564:
2565:
2566:
2567:
2568:
2569:
2570:
2571: 2971
2572: 2593
2573:
2574:
2575: 3237
2576:
2577:
2578:
2579:
2580: 3209 3027
2581:
2582:
2583:
2584:
2585:
2586: 2771
2587:
2588:
2589:
2590:
2591:
2592:
2593:
2594:
2595:
2596:
2597:
2598:
2599:
2600: 2683
2601: 3221
2602:
2603:
2604:
2605:
2606: 2681
2607:
2608: 2672
2609:
2610:
2611:
2612:
2613:
2614:
2615:
2616:
2617:
2618: 2931 2847
2619:
2620: 2986 2775 2691
2621:
2622:
2623:
2624:
2625: 3023 2838
2626:
2627:
2628: 3079 2664
2629:
2630:
2631:
2632: 2745
2633:
2634:
2635:
2636:
2637:
2638:
2639:
2640: 3220
2641:
2642:
2643: 2751
2644:
2645:
2646:
2647:
2648:
2649:
2650: 3182 3150
2651:
2652: 3242
2653:
2654: 3084
2655: 3158
2656:
2657:
2658:
2659:
2660:
2661:
2662: 3170
2663:
2664:
2665: 2894
2666:
2667:
2668: 2854
2669:
2670:
2671:
2672:
2673:
2674: 3213 2696
2675:
2676:
2677:
2678:
2679: 2918
2680:
2681:
2682:
2683: 2732
2684:
2685:
2686: 3024
2687:
2688:
2689:
2690:
2691:
2692:
2693: 2887
2694:
2695:
2696:
2697:
2698:
2699:
2700:
2701:
2702:
2703: 3233 2858
2704:
2705: 2935
2706:
2707:
2708: 2736
2709:
2710:
2711:
2712:
2713:
2714:
2715:
2716:
2717:
2718:
2719:
2720:
2721:
2722: 2922
2723:
2724:
2725: 3162
2726:
2727:
2728:
2729: 2835
2730:
2731: 2756
2732: 2791
2733:
2734:
2735: 3004
2736:
2737: 2755
2738: 3043
2739:
2740:
2741:
2742:
2743: 2827
2744: 3131
2745:
2746: 3250
2747:
2748:
2749: 3102
2750:
2751:
2752:
2753:
2754:
2755:
2756:
2757:
2758:
2759:
2760:
2761:
2762:
2763: 3144
2764:
2765:
2766: 3094
2767:
2768:
2769:
2770:
2771:
2772: 3202
2773:
2774:
2775:
2776:
2777:
2778:
2779:
2780:
2781:
2782:
2783:
2784:
2785:
2786:
2787:
2788:
2789:
2790:
2791: 3054
2792:
2793:
2794:
2795:
2796:
2797:
2798:
2799:
2800:
2801:
2802:
2803: 3120
2804: 2896
2805:
2806:
2807:
2808:
2809: 3014 2927
2810: 2961
2811:
2812:
2813:
2814:
2815:
2816:
2817:
2818:
2819:
2820:
2821:
2822:
2823:
2824:
2825:
2826: 2951
2827: 3097
2828:
2829:
2830: 3031
2831:
2832: 3216 2903
2833:
2834:
2835:
2836:
2837:
2838:
2839:
2840:
2841:
2842:
2843:
2844:
2845:
2846:
2847:
2848:
2849:
2850:
2851:
2852:
2853:
2854:
2855:
2856:
2857:
2858:
2859:
2860:
2861:
2862:
2863:
2864:
2865:
2866:
2867:
2868: 3005
2869:
2870:
2871:
2872:
2873:
2874:
2875:
2876:
2877:
2878: 3183
2879:
2880:
2881:
2882:
2883:
2884: 3181
2885:
2886:
2887:
2888:
2889:
2890:
2891:
2892:
2893:
2894: 3128
2895: 3127
2896:
2897:
2898:
2899: 2964
2900:
2901:
2902:
2903: 3048
2904:
2905:
2906:
2907:
2908:
2909:
2910:
2911:
2912:
2913:
2914:
2915:
2916:
2917:
2918:
2919:
2920:
2921:
2922:
2923:
2924:
2925:
2926:
2927:
2928:
2929:
2930:
2931:
2932:
2933:
2934:
2935:
2936:
2937:
2938:
2939:
2940:
2941:
2942:
2943:
2944:
2945:
2946:
2947: 3103
2948:
2949:
2950: 3261
2951:
2952:
2953:
2954:
2955:
2956: 3068
2957:
2958:
2959:
2960: 3189
2961:
2962:
2963:
2964:
2965:
2966:
2967:
2968: 3137
2969:
2970:
2971:
2972:
2973:
2974:
2975:
2976:
2977:
2978:
2979:
2980:
2981:
2982:
2983:
2984:
2985:
2986: 3125
2987:
2988:
2989:
2990:
2991:
2992: 3238
2993:
2994:
2995:
2996:
2997:
2998:
2999:
3000:
3001:
3002:
3003:
3004:
3005:
3006:
3007:
3008:
3009:
3010:
3011:
3012:
3013:
3014:
3015:
3016:
3017:
3018:
3019:
3020:
3021:
3022:
3023:
3024:
3025:
3026:
3027:
3028:
3029:
3030:
3031:
3032:
3033:
3034:
3035:
3036:
3037:
3038:
3039:
3040:
3041:
3042:
3043:
3044:
3045:
3046:
3047:
3048:
3049:
3050:
3051:
3052:
3053:
3054:
3055:
3056:
3057:
3058:
3059:
3060:
3061:
3062:
3063:
3064:
3065:
3066:
3067:
3068:
3069:
3070:
3071:
3072:
3073:
3074:
3075:
3076:
3077:
3078:
3079:
3080:
3081:
3082:
3083:
3084:
3085:
3086:
3087:
3088:
3089:
3090:
3091:
3092:
3093:
3094:
3095:
3096:
3097:
3098:
3099:
3100:
3101:
3102:
3103:
3104: 3168
3105:
3106:
3107: 3203
3108:
3109:
3110:
3111:
3112:
3113:
3114:
3115:
3116:
3117:
3118:
3119:
3120:
3121:
3122:
3123:
3124:
3125:
3126:
3127:
3128:
3129: 3186
3130:
3131:
3132:
3133:
3134:
3135:
3136:
3137:
3138:
3139:
3140:
3141:
3142:
3143:
3144:
3145: 3155
3146:
3147: 3177
3148:
3149:
3150:
3151:
3152:
3153:
3154:
3155:
3156:
3157:
3158:
3159:
3160:
3161:
3162:
3163:
3164:
3165: 3222
3166:
3167:
3168:
3169:
3170:
3171:
3172:
3173:
3174:
3175:
3176:
3177:
3178:
3179:
3180:
3181:
3182:
3183:
3184:
3185:
3186:
3187:
3188:
3189:
3190:
3191:
3192:
3193:
3194:
3195:
3196:
3197:
3198:
3199:
3200:
3201:
3202:
3203:
3204:
3205:
3206:
3207:
3208:
3209:
3210:
3211:
3212:
3213:
3214:
3215:
3216:
3217:
3218:
3219:
3220:
3221:
3222:
3223:
3224:
3225:
3226:
3227:
3228:
3229:
3230:
3231:
3232:
3233:
3234:
3235:
3236:
3237:
3238:
3239:
3240:
3241:
3242:
3243:
3244:
3245:
3246:
3247:
