1: 99 47 19 15 7 1
2: 458 23 21 6 5 3
3: 1752 542 469 223 173 109 55 53 51 35 34 2
4: 635 359 320 302 54 44
5: 1657 1143 972 785 561 506 500 367 22 17 10
6: 1488 1485 788 277 175 138 92 32 29 25 20 14 4
7: 604 288 278 112 43 26
8: 1009 739 734 714 708 571 377 249 248 72 62
9: 1498 533 222 113
10: 1715 1485 1173 955 788 738 473 457 441 423 369 322 277 212 194 154 139 52 45
11: 1612 1348 1344 966 375 330 234 39 13 11 9 8
12: 1333 395 269 65 57 46 27
13: 1690 1531 1446 476 88 12
14: 1603 1554 923 917 428 358 211 131 18
15: 1520 856 176 123 100 96 41 24
16: 251 225 86 36 33 16
17: 699 495 437 162 66
18: 1557 1296 666 193 84 28
19: 864 534 455 219
20: 1834 1725 765 649 486 338 230 152 107 30
21: 959 334 196 134 116 105 75 37
22: 1189 769 555 372 127 95 74 67
23: 1485 788 277 52 45 31
24: 1831 1465 1173 1006 764 738 457 441 423 366 322 143 80 73 71 40
25: 1833 1786 1588 498 298 260 201 160 140 94
26: 1735 1621 979 104 70 49
27: 892 671 585 427 379 297 186 90 42
28: 1571 1518 1168 929 677 597 530 151 60
29: 1715 1287 1040 139 48 38
30: 1659 642 541 391 315 217 146 82 78 56
31: 68 61
32: 1513 1071 1007 746 377 102
33: 1513 1071 1007 734 714 102
34: 798 529 319 198 76 50
35: 1077 955 369 295 212 194 149 85 64 63
36: 1030 1005 566 122 91 77 59
37: 797 696 546 132 89 58
38: 1183 1157 1092 955 927 889 868 839 836 793 471 356 259 200 133
39: 1228 294 120
40: 1664 1550 1076 863 575 403 180 79
41: 1331 957 658 599 411
42: 1363 1077 1022 815 781 780 748 365 265 256 206 124 83
43: 1156 851 195 81
44: 1097 1034 656 646 282 114
45: 98 69
46: 1786 1588 260 201
47: 1488 1371 1191 834 598 275 183 129 121 117
48: 826 287 171
49: 685 386 323 158
50: 1146 468 361 347 87
51: 1752 332
52: 1498 103
53: 1675
54: 1465 366 237
55: 1761 1498 1089 781 780 748 296
56: 1164 773 221 125 108
57: 721 365 256 118
58: 1166 686 145
59: 1451 1182 814 793 604 288 278 245 200 185 148 133 112
60: 625 318 263 137 136
61: 220
62: 1714 883 681 667 535 513 504 368 324 261 166 157
63:
64: 651 484 362 150
65: 1487 272
66: 651 362 106
67: 721 164 130
68: 809 293
69: 1296 571 249
70: 1097 1034 1028 666 656 646 282 190 93
71: 1465 316
72: 1657 1076 863 785 651 506 445 432 362 345
73: 1092 791 648 259 97
74: 119
75: 473
76: 1041 887 882 779 270 179 101
77: 1844 1624 1525 1044 204
78: 734 714 248 159
79: 1435 1166 858 686 627 449 428 358 264 218
80: 814 245 185 148
81: 1246 933 619
82: 1603 923 917 211 111
83: 1831 1431 1236 764 719 662 591 448 438 374 247 203 163
84: 1794 675 312
85: 475
86: 1006 143
87: 1604 1080 847 801 665 633 548
88: 1554 1183 1157 868 815 188
89: 781 780 748 741 544 124
90: 727 576
91: 1629 412 247
92: 624 470 299 286
93: 664 652 474 252 110
94: 623 232 142
95: 1568 975 339 174 156 115
96: 587 453
97: 1752 542 469
98: 265 206 167 147
99: 1456 667 504 261
100: 1693 380
101: 1780 393
102: 1196 682 410 177 144
103: 246 181 165
104: 1859 540 384
105: 1635 572
106: 1074 1012 465 126
107: 1426 622 189 184 182
108: 1041 415 128
109: 1830 443 414 178
110: 1743 1701 1528 1527 1279 450 253 202
111: 1021 887 672 335 215 214
112: 1821 1764 1680 1569 1503 475 375 234
113: 283
114: 745 547 141
115: 1233 172 135
116: 767 732 579 398 373 328 285
117: 1831 764
118: 1426 481 262 197 187
119: 1410 229
120: 1477 1434 1418 904 693 657 279
121: 621 396 329 199
122: 442
123: 1267 897 795 674 313 258 227 226 169 161
124: 1810 1795 1133 563 271
125: 1548 1378 1046 586 408
126: 1746 1648 1283 919 565 268 170
127: 793 620 242
128: 1855 1345 1329 1292 973 715 691 290
129:
130: 1834 1725 649 486 338 230
131: 1576 1438
132: 1794 675 394
133: 1058 796 596 153
134: 497 191
135: 690 205
136: 1761 948 593 239 168 155
137: 995 862 775 591 448
138: 412
139: 1554 461
140: 653 420 406
141: 820 407
142: 254
143: 767 373 328
144: 1247
145: 1298 207
146: 1372 1119 770 635 606 359 320 302
147: 950 676 385 209
148: 957 411
149: 1822 1192 730 666 579 398 285
150: 1384 1219 213
151: 995 862 775
152: 1730 1264 1211 666 346 257
153:
154: 1487 709 584 341 272
155: 1616
156: 893 880 255
157: 768 644
158: 360 274
159: 1788 796
160: 795 674 192
161:
162: 1709 1112
163: 1856 1804 1410 317 208
164:
165: 1359 860 430 370 363
166: 1465 1064 326
167: 1855 1765 1458 1345 1329 1292 973 691 291 210
168: 390
169: 1847 1508 520 244
170: 1662 1191 628 389 275
171: 1448 427 405 379 297 243
172: 400
173: 849 344
174: 1690 1446 476 433 431
175: 1451 1182 1079 907
176: 1076 863 445 432 345
177: 1746 1283 919 818
178: 1514
179: 1612
180: 496 452
181: 1730 1264 1211 855 645 399 388
182: 1422 371
183: 1183 1157 868
184: 1245 692 325
185: 522 235
186: 1159
187: 1371 834 787 598
188: 1714 799 681
189: 733 224
190: 640 333 266 233 231
191: 1267
192: 1575 892 732 671 585
193: 1035
194: 1675 909 493 240 228 216
195: 818
196: 1638 818 519 241
197: 250
198: 1659 1022
199: 799
200: 1752 757 647 610 542 469 434 354
201: 1214 415
202: 561 500
203: 491 467
204: 1715 1444
205: 1810 961 927 889 841 839 836 536 471 456 356
206: 1413 301
207: 331
208: 351
209: 1533 928 848 776 284 267
210: 1682 238
211: 425 397
212: 1207 1120 1053 310
213: 1325 337
214: 1247
215: 1165 416
216: 1492 336 306
217: 314 236
218: 429
219: 1545 1331 763 539
220: 1070 790 543 531
221: 926 876 551
222: 1364 1243 1088 963 349
223: 1575 300
224: 1746 1638 519 342
225: 1717 1028
226: 787
227: 1706 311
228:
229: 698 558
230: 1598 1420 1128 814 772 307 303
231: 984 670 613 512
232: 518 327
233: 1642 713
234: 1804 1448 1247 1242 1067
235: 1021 672 451 292 281 280
236: 419
237: 1479 1105 276
238: 1311 792 574
239: 597
240: 1750
241: 1346 1127 1013 436
242: 1260 979 321
243: 1567 1436 1062 353 273
244: 1749 1399 309
245: 1841 1761 1629 1498 948 905 846 593 507 304
246: 1516 1175 650
247: 1644 580
248: 944
249: 1116
250: 891
251: 1497 986 895
252: 1629 1463 625 562 383
253: 1535
254: 509
255: 1829
256: 1663 1524
257: 1047 771 490 439 392
258: 1212 822 289
259: 1848 794 668
260: 472
261: 1387 1120
262: 1350 561 500 488 382
263: 1096 694
264: 1656 673 501 483 444
265: 843 808 350
266: 1094
267: 1768 1370 1304 879 725 454
268: 910 357
269: 993 569 524 482 340 305
270: 678 485
271: 796
272: 980
273: 1026 616
274: 1255 1251 865 843 808
275: 1346
276: 1435 1028
277: 1150 731 378
278: 1443 828
279: 665 548
280: 1251 890 706 567 532 387
281: 1541 568 308
282: 1259 861 712 424
283: 545 460 348
284: 717 661 631 630 409
285: 1171
286:
287: 1690 1446 1192 800 355
288: 1266
289: 1571
290: 840
291: 352
292: 1512 1431 1230 1147 719
293: 925
294: 1810 563 464 376
295: 1674 1549 1400 1357 787 701 402
296: 364
297: 1642 1246 1210 933 619
298: 1522
299: 570 478
300: 766 511
301: 971 903 528 421
302:
303: 1026
304: 741 544
305: 937 736 494
306: 405
307: 1118 517 343
308: 813 381
309: 1296
310: 1175
311: 1665 1504
312: 1820
313: 1616 1396 1317 1271 1205 549
314:
315: 1554
316: 562
317: 1140 921
318: 798 529
319:
320: 1774 937 886
321: 1461 1162 418
322: 1724 750
323: 1208 1108
324: 1676 679
325: 1015 804 489
326: 1575 1527 1390 700 605
327: 945
328: 1043 749 680
329: 1009 739 708
330:
331: 1255 1184 865 723 537
332: 1363 1035 825
333: 817 724
334: 578
335: 899
336: 1261 1225 1172 523
337:
338: 784
339: 639
340: 422
341: 830 642 541
342: 842 618 466
343: 1031
344: 654 581
345: 1445
346: 902
347: 1217 978 943
348: 959
349: 812 699 495 437
350: 1053
351: 1379 705
352: 1841 905 846 507
353: 1451 435
354: 600
355: 1822 730
356: 885 871 447 401
357: 743
358: 819 803 761
359: 1735 1714 1621 681 609
360: 1831 1402 764 722
361: 647
362: 657
363: 1604 1080 847 801 633
364: 1656 553
365: 1072
366:
367: 1454
368: 426
369: 1651 783 582 417
370: 1598
371: 1073 987 941 807
372: 1761 1592 959 583 404
373: 560
374: 1584 1323
375:
376: 1599 1379 1341 1198 778 492 413
377: 477 462
378: 515
379: 1224 726
380: 710 607
381: 617 510
382: 1597 1068 608
383: 1344 966
384: 594 538
385: 716
386:
387: 634
388: 1027
389: 1416 1194 756
390: 1457
391: 676 573
392: 626 459
393: 1050 939
394: 1654 1437
395: 1723 1626 1101
396: 1347 1183 1157 1134 868
397: 1017
398:
399: 1313 590 556
400: 1601 1261 1228 1225 1172 523
401: 1422 1306 916
402: 1793 711
403: 463
404: 821
405:
406: 1332 514
407: 806
408: 1424 1397 1300 1204 588
409: 1090 906 760 446
410: 1619 1560 1168 929 677 530
411: 1697 1314
412:
413: 1736 1664 1550 887
414: 848 776
415: 440
416: 960 592
417: 1612 1413 1298 1006 912 577
418: 1541 1168 929 526
419:
420: 1183 1157 868 664 652
421:
422: 559
423: 1698 952 487
424: 1476 1305 1047 771
425:
426: 997
427: 1356 1176 550
428: 1102
429:
430: 1690 1500 1446
431: 859
432: 791 648
433: 1616
434: 669 499
435: 1449 1417 1394 564
436:
437: 1259 712 525
438: 1567 998
439: 961 841 552
440: 762
441: 1658 965 503
442:
443: 653
444: 798 655 521
445: 637 589
446: 1741 1636
447: 1721 1327 614
448: 1287 1040
449: 861
450: 1416 1194
451: 1615 629 480
452: 912
453: 1326 502
454: 1160 1137
455: 1527 744
456: 1846 931
457: 1743 1701 1528 1107 1008 1004 915 881
458: 1650 949 554
459: 1762 1254
460: 747
461: 1369 1330
462: 1529 479
463: 1419 1084
464: 1404 1070
465: 1570
466: 1863 1819 1576 1287 1040
467: 527 508 505
468: 983 684
469:
470: 968 704
471: 1132
472: 1739 887
473: 696 546
474: 1183 1157 956
475: 1660 1408
476: 1319
477: 1544
478:
479: 1114
480: 1510 1505 1294 1280 683
481:
482: 1740 1018
483: 1624 1234 1044 615
484: 1512 1230 1147
485: 1232 1057 816
486:
487: 687
488: 516
489: 1020 777
490: 1419 842
491:
492:
493: 1091
494: 1637 1583 1495
495: 1125 755
496:
497:
498: 1001
499:
500: 994 754
501: 1398 1390 1270
502: 1451 1182 1079
503:
504:
505: 1708 1343 1206
506:
507: 1654 1437 830
508: 1290
509: 1274 1200
510: 630
511:
512: 702
513: 557
514: 1456 969
515: 956 603
516:
517:
518: 1494 1203 844
519:
520: 1639
521: 1857 1647 718 632
522: 1775 1700 850
523:
524:
525:
526: 1582 1011
527: 947
528: 1409 1339
529: 611
530:
531: 1139
532:
533: 1527 944
534:
535: 1645 1183 1160 1157 1137 810
536: 1715 963
537:
538: 1337 643
539: 660
540: 1858 1806
541: 1284 1149 866
542:
543: 854 752
544: 1681
545: 1272
546: 595
547:
548: 946
549: 1776 1470 1054 1014 753
550:
551: 770 601
552:
553: 942
554: 1242 1067 641 612
555: 688
556: 789 638
557: 977
558: 924
559: 1232 1057
560:
561:
562:
563: 1235 805
564: 1036
565:
566: 1217 943 735
567: 882 779
568: 1395
569:
570: 1442
571:
572: 1666 1655 1295 602
573: 1574 1002
574: 1032
575: 1579 914 663
576:
577: 1736
578: 1153
579:
580: 918
581:
582: 1577 737
583: 1525
584: 689
585:
586: 1063
587: 1795 1133
588:
589: 1409 1339 659
590:
591:
592: 1770 1282
593: 1275 896 782
594: 636
595: 885 871
596: 1566 1419 1374 1126 1084 1078 870
597:
598: 1271 1205
599: 1533 1142
600: 1238
601:
602: 1000 877
603: 1312
604: 1520 856 751
605: 720
606: 774
607:
608:
609: 1223 695
610:
611: 1415 1379 1215 900
612: 1784
613: 1379
614: 1815 935
615: 900
616: 1853 1677 1039
617: 742
618: 1251
619: 1248
620: 845
621:
622: 832
623: 1102
624:
625:
626: 1691 1145
627: 740
628: 867
629: 1424
630:
631:
632: 1286 833
633:
634:
635: 1860 1526
636:
637:
638: 1856 1855 1109 758
639: 1768
640: 1185
641:
642: 697
643: 999
644:
645: 894
646: 1086
647: 1305
648:
649: 1389 1179
650: 1566 1374
651: 827
652:
653: 1699 1467 938
654: 1759 1488
655: 1155 1085 1056 707
656: 1075
657: 1188 852
658:
659: 1130 884
660:
661: 1227
662:
663: 828
664: 1099
665: 1552
666:
667:
668: 1375
669:
670: 1301
671:
672:
673: 1771 869 703
674: 786
675:
676:
677: 1860 1526 1505 1280
678:
679:
680: 1639 1511 1287 1040 934
681:
682:
683: 1602 1482 1177
684: 908
685:
686: 1811
687: 1253 932
688: 1020
689: 1310 1065 728
690: 1396 1317
691:
692: 1631 1489
693: 729
694: 1590
695:
696: 1448 1273
697: 1843 1775 1700
698: 1353
699: 1782 1537 1337 1113 985 913 837
700: 1434 1418
701:
702: 1366
703: 759
704:
705: 831
706: 1397
707: 1256 1199
708:
709: 1322
710: 1124
711:
712:
713: 1300 1204
714: 1681 1496 1398 1270
715: 1540
716:
717: 1858 1806
718: 1536 1412
719: 1549 1400 1357
720: 1778 981
721: 1122
722: 1856 1109
723:
724:
725:
726: 1209
727:
728: 1083
729: 1853 1677 811
730: 1450
731:
732:
733:
734: 1755
735:
736:
737: 1773 1590 1111
738: 1818
739:
740: 1493 1098
741:
742:
743:
744: 1038 951
745:
746: 824
747: 1460
748: 1592
749:
750:
751: 1263
752: 838
753: 1686
754: 1049
755: 1494
756: 1534
757:
758:
759: 888
760: 823
761: 1687 874
762:
763: 1221
764: 802
765:
766:
767: 1512 1023
768:
769:
770: 1669 930
771:
772:
773: 1395 1385 1257 1240
774:
775:
776:
777: 1735 1621 1037
778: 1308 878
779:
780:
781:
782: 958
783:
784: 1117
785: 1569
786:
787:
788:
789:
790: 1042
791: 1239
792: 1798 1336 1024
793:
794:
795:
796: 1792 1100 996
797: 898 853
798: 1487 1045
799: 1175 940
800:
801: 1542
802: 974
803: 1776 1054 1014 835
804: 1371
805: 1777
806: 1286
807: 1404
808: 1684 979
809: 829
810: 1352
811: 1051
812: 857
813:
814: 1366
815: 1381
816:
817:
818:
819: 1685 1131
820:
821:
822: 1565
823: 1592
824:
825:
826: 872
827:
828: 1338
829: 1333 1197
830: 1473
831:
832: 1365 1110
833: 1864 1506
834: 1406
835: 1646 901
836: 1421
837:
838: 1087 982 875
839: 962 953
840: 1025
841: 1670 1472
842:
843: 1643 1059
844:
845:
846: 1567
847: 1414
848:
849: 1559 1342
850: 1790 1580
851: 1136
852: 1468
853: 1857 1647 1455
854: 1408
855: 1003
856:
857:
858: 1303
859:
860:
861: 1289
862: 1617
863: 1269 989 873
864: 1335 922
865: 1705
866: 1222
867: 1804 1596 1135
868: 1769 1419 1190 1084
869:
870: 1558
871: 1860 1526
872: 1055
873: 911
874: 1859
875:
876: 1262
877: 1627 1318 970
878: 1186
879: 992
880:
881:
882:
883: 1478
884:
885: 936
886: 1668
887: 1187 1141
888: 1805
889: 1856
890: 1385
891: 1438
892: 1303 1178
893: 1175 1048
894: 1576 1165
895: 1082
896:
897: 1861
898:
899: 1291
900:
901: 1265
902: 1288
903:
904: 1724
905:
906: 920
907: 1459 1324
908:
909: 1367
910: 1496
911: 1668
912: 1825
913: 1589 1293
914: 1862 1499 1195
915: 1765 1458
916: 1435 1083 1010
917:
918: 1016
919: 1127
920: 1452 964
921: 1696
922: 967
923: 1433
924: 1462 1388
925: 1539 1480 1093
926:
927:
928:
929:
930: 1250
931: 1320
932: 1496
933: 1148 1019 954
934:
935: 1060
936: 1380
937:
938:
939: 1596
940: 1325 976
941: 1029
942:
943:
944:
945: 1682 1474
946: 1672
947:
948: 1710 1297
949:
950:
951: 1163
952:
953:
954:
955:
956:
957: 1052
958: 1066 991
959:
960: 1106
961:
962: 1632 1553
963: 1340 988
964:
965: 1515
966:
967: 1103
968:
969: 990
970: 1801 1674 1484 1407
971: 1600
972: 1430
973: 1486
974:
975: 1434 1418
976:
977:
978: 1355 1169
979: 1427 1231
980: 1104 1081
981: 1234
982:
983: 1772
984:
985: 1797
986:
987:
988: 1033
989: 1496
990: 1607
991:
992: 1351
993:
994:
995:
996: 1441
997: 1845
998:
999: 1354 1258
1000:
1001:
1002: 1630 1154
1003:
1004: 1061
1005: 1628
1006: 1144
1007: 1161
1008: 1368
1009: 1745 1734
1010: 1403
1011: 1213
1012: 1115
1013: 1170
1014: 1622
1015:
1016: 1818 1718 1302
1017: 1308
1018: 1138
1019:
1020:
1021:
1022: 1393
1023: 1721
1024:
1025:
1026: 1498
1027:
1028: 1412
1029:
1030: 1121
1031: 1364 1243
1032:
1033:
1034:
1035:
1036:
1037: 1820
1038: 1428
1039:
1040:
1041: 1812 1719 1532
1042: 1129
1043: 1158
1044: 1671
1045:
1046: 1620 1401 1334 1069
1047:
1048:
1049: 1123
1050: 1517 1180
1051: 1702
1052: 1174
1053:
1054:
1055: 1276
1056:
1057: 1429
1058:
1059:
1060:
1061:
1062:
1063: 1525
1064:
1065: 1523
1066:
1067: 1502
1068:
1069:
1070:
1071: 1491
1072: 1738
1073:
1074: 1249
1075:
1076: 1095
1077:
1078: 1703
1079: 1625 1218 1152
1080:
1081:
1082:
1083:
1084: 1862 1716 1661
1085:
1086:
1087: 1803
1088:
1089:
1090: 1562
1091: 1586
1092:
1093:
1094: 1252
1095:
1096:
1097:
1098: 1826
1099: 1812
1100: 1193
1101: 1469
1102: 1278
1103:
1104:
1105:
1106:
1107: 1226
1108: 1260
1109: 1717
1110:
1111: 1481
1112:
1113: 1216
1114:
1115:
1116: 1475 1201
1117:
1118: 1861
1119:
1120: 1328
1121:
1122:
1123:
1124:
1125:
1126:
1127: 1623
1128:
1129:
1130: 1361
1131:
1132: 1376 1151
1133: 1181
1134:
1135: 1744
1136:
1137:
1138:
1139: 1563 1349
1140: 1432
1141:
1142:
1143:
1144:
1145: 1805
1146: 1601 1574
1147:
1148:
1149: 1167
1150: 1415
1151: 1285
1152: 1801 1745
1153:
1154:
1155:
1156: 1619 1560
1157:
1158:
1159:
1160:
1161: 1863
1162: 1758
1163: 1244
1164: 1737
1165: 1733
1166:
1167:
1168:
1169: 1644
1170:
1171: 1214
1172: 1641
1173:
1174:
1175: 1764 1680 1651
1176: 1789 1756 1538 1229
1177: 1587 1530
1178:
1179: 1391
1180:
1181:
1182: 1850 1471 1281
1183: 1627 1237
1184: 1739
1185:
1186:
1187: 1202
1188:
1189:
1190: 1440
1191: 1241
1192:
1193: 1299
1194:
1195: 1618
1196: 1653 1447
1197: 1531
1198: 1648 1386
1199: 1667
1200: 1268
1201:
1202: 1377
1203:
1204:
1205:
1206: 1277
1207: 1862 1499 1383
1208: 1633 1564
1209: 1692
1210:
1211: 1220
1212: 1797 1453
1213: 1373
1214:
1215: 1832 1783 1321
1216:
1217:
1218:
1219:
1220:
1221:
1222:
1223:
1224:
1225:
1226: 1851
1227:
1228:
1229:
1230:
1231:
1232: 1606
1233:
1234:
1235: 1551
1236: 1405
1237:
1238: 1315
1239: 1362
1240:
1241:
1242:
1243:
1244: 1687
1245:
1246:
1247:
1248:
1249:
1250:
1251:
1252:
1253:
1254:
1255: 1821 1503 1411
1256:
1257: 1309
1258: 1483 1360
1259:
1260:
1261:
1262:
1263: 1316
1264:
1265:
1266:
1267:
1268:
1269:
1270: 1614
1271:
1272: 1828
1273:
1274: 1307
1275:
1276: 1382
1277:
1278:
1279:
1280:
1281:
1282: 1766
1283:
1284:
1285:
1286:
1287:
1288:
1289: 1501 1392
1290:
1291:
1292: 1729 1720 1652
1293:
1294:
1295:
1296:
1297: 1813
1298: 1425
1299:
1300:
1301:
1302: 1658
1303:
1304:
1305:
1306: 1791
1307:
1308:
1309: 1760
1310: 1750
1311:
1312:
1313:
1314: 1763
1315:
1316:
1317: 1751
1318:
1319:
1320: 1561
1321:
1322:
1323: 1358
1324:
1325:
1326: 1830
1327:
1328:
1329:
1330:
1331:
1332: 1773
1333:
1334:
1335:
1336: 1439
1337:
1338:
1339: 1507
1340:
1341: 1557
1342:
1343:
1344:
1345: 1726
1346:
1347:
1348:
1349: 1572
1350: 1854 1835 1753
1351:
1352:
1353:
1354:
1355:
1356:
1357:
1358:
1359:
1360: 1649
1361:
1362: 1741
1363:
1364:
1365: 1799 1543
1366: 1466
1367: 1581
1368: 1689
1369:
1370: 1609
1371:
1372:
1373:
1374:
1375:
1376: 1779
1377:
1378:
1379:
1380: 1423
1381:
1382:
1383:
1384: 1787 1521
1385:
1386:
1387:
1388:
1389:
1390:
1391:
1392:
1393:
1394:
1395:
1396: 1849
1397:
1398:
1399: 1605
1400:
1401:
1402:
1403:
1404:
1405: 1848
1406: 1816
1407: 1839 1578
1408:
1409: 1593 1464
1410:
1411:
1412:
1413: 1555
1414: 1836
1415:
1416:
1417: 1556
1418:
1419:
1420: 1490
1421: 1704
1422:
1423:
1424:
1425:
1426:
1427:
1428: 1809 1546
1429:
1430:
1431: 1678
1432:
1433: 1711
1434:
1435:
1436:
1437:
1438:
1439:
1440:
1441:
1442: 1712 1613
1443:
1444:
1445: 1591
1446:
1447: 1594
1448:
1449:
1450:
1451: 1573
1452: 1519
1453:
1454: 1547
1455: 1824
1456:
1457: 1509
1458:
1459:
1460:
1461:
1462:
1463:
1464:
1465:
1466:
1467:
1468:
1469:
1470:
1471:
1472:
1473: 1722
1474:
1475: 1610
1476:
1477:
1478: 1731
1479:
1480:
1481: 1754
1482:
1483: 1852
1484:
1485:
1486: 1728
1487:
1488:
1489:
1490: 1823
1491:
1492: 1659
1493:
1494: 1800 1757
1495:
1496: 1611
1497:
1498:
1499:
1500:
1501:
1502:
1503:
1504:
1505:
1506:
1507:
1508:
1509:
1510:
1511:
1512:
1513: 1634
1514:
1515:
1516:
1517:
1518:
1519:
1520:
1521:
1522: 1694 1640
1523:
1524:
1525:
1526: 1585
1527:
1528:
1529: 1742
1530:
1531:
1532:
1533:
1534:
1535: 1707
1536:
1537:
1538:
1539:
1540: 1673
1541:
1542:
1543: 1713 1595
1544:
1545:
1546: 1608
1547:
1548:
1549:
1550:
1551: 1842
1552:
1553: 1827
1554:
1555:
1556:
1557:
1558:
1559:
1560:
1561:
1562: 1727
1563:
1564:
1565:
1566:
1567:
1568:
1569:
1570:
1571:
1572:
1573:
1574: 1683
1575:
1576:
1577:
1578:
1579:
1580:
1581:
1582:
1583:
1584:
1585:
1586:
1587:
1588:
1589:
1590:
1591:
1592: 1808
1593:
1594:
1595:
1596:
1597:
1598: 1802
1599:
1600:
1601:
1602:
1603:
1604:
1605:
1606:
1607:
1608: 1695
1609:
1610:
1611:
1612:
1613:
1614: 1688
1615:
1616: 1748 1679
1617:
1618:
1619:
1620:
1621:
1622:
1623:
1624:
1625:
1626: 1785
1627:
1628:
1629:
1630:
1631:
1632:
1633:
1634:
1635:
1636:
1637:
1638: 1732
1639: 1767
1640:
1641:
1642:
1643:
1644:
1645:
1646:
1647:
1648:
1649:
1650:
1651:
1652: 1781 1747
1653:
1654:
1655:
1656:
1657:
1658:
1659:
1660:
1661:
1662:
1663:
1664:
1665:
1666:
1667:
1668:
1669:
1670:
1671:
1672: 1796
1673:
1674:
1675:
1676:
1677:
1678:
1679:
1680:
1681:
1682:
1683: 1814
1684:
1685:
1686:
1687:
1688:
1689:
1690:
1691:
1692:
1693:
1694:
1695:
1696:
1697:
1698:
1699:
1700:
1701:
1702:
1703:
1704:
1705:
1706:
1707:
1708: 1837
1709:
1710:
1711:
1712:
1713:
1714:
1715:
1716:
1717:
1718:
1719:
1720:
1721:
1722:
1723:
1724:
1725:
1726:
1727:
1728:
1729:
1730:
1731:
1732:
1733:
1734:
1735:
1736:
1737:
1738:
1739:
1740:
1741: 1840
1742:
1743:
1744:
1745:
1746:
1747:
1748:
1749: 1807
1750:
1751:
1752:
1753:
1754:
1755:
1756:
1757:
1758:
1759:
1760:
1761:
1762:
1763:
1764:
1765:
1766: 1817
1767:
1768:
1769:
1770:
1771:
1772:
1773:
1774:
1775:
1776:
1777:
1778:
1779: 1838
1780:
1781:
1782:
1783:
1784:
1785:
1786:
1787:
1788:
1789:
1790:
1791:
1792:
1793:
1794:
1795:
1796:
1797:
1798:
1799:
1800:
1801:
1802:
1803:
1804:
1805:
1806:
1807:
1808:
1809:
1810:
1811:
1812:
1813:
1814:
1815:
1816:
1817:
1818:
1819:
1820:
1821:
1822:
1823:
1824:
1825:
1826:
1827:
1828:
1829:
1830:
1831:
