1: 111
2:
3: 92 58 55 35 11 10 3 2 1
4: 108 13 4
5: 203 176 122 81 33 31 25 19 17 7 6 5
6: 186 98 76 75 9 8
7: 147 16
8: 202 150 123 117 102 68 65 54 45 27 20 14
9: 96 41 38 26 12
10: 141 134 48 15
11:
12: 161 22
13: 209 190 147 145 144 111 108 78 67 65 61 32 23 18
14: 37 24
15: 119 84 50 29
16: 107 101 90 30 21
17: 179 169 133 112 106 98 86 76 75 69 60 51
18: 138 116 43
19: 133 51 36
20: 209 145 78 67 62
21: 150 127 102 49 34
22: 107 101 90 79 70 47 46 28
23: 147 123 54
24: 109 39
25: 77 56
26: 116 57 42
27: 197 196 195 174 118
28: 188 104
29: 42
30: 44 40
31: 205 79 70 47 46
32: 136
33: 138 98 76 75
34: 174 115 52
35: 205 66
36: 150 102 68
37: 93 88 71
38: 53
39:
40: 202 59
41: 126 103 95
42:
43: 91
44: 117
45: 121
46: 89 64
47: 148 140 110
48: 116 98 63
49: 138
50: 128 125 121
51: 166 73
52: 136 94
53: 99
54: 97
55: 136 94
56:
57: 83 82 72
58: 202
59:
60: 132 80 74
61: 182 174 172 157 153 115
62: 161
63: 85
64: 180
65: 176
66: 207
67: 154
68: 136
69:
70: 196 118
71: 176 122
72: 157
73: 139 129
74:
75:
76: 204
77: 203
78: 100
79:
80:
81:
82: 156 120
83: 87
84: 131
85:
86:
87: 130
88: 181 135
89:
90: 162
91: 179 169 105
92: 113
93:
94: 114
95:
96: 137
97:
98: 209 184 128 125
99:
100:
101: 183
102:
103: 208 197 195 143
104: 164
105: 170
106: 188
107: 208
108:
109:
110: 203
111: 171 124
112: 199 165
113:
114:
115: 154
116: 198 179 169 159 158
117: 151
118: 194
119:
120: 149
121: 210 193 155
122: 163 152
123: 142
124:
125:
126: 192
127:
128: 160
129: 206 168
130: 214
131:
132:
133: 210 193
134: 173
135: 146
136:
137:
138: 175
139:
140:
141: 200
142: 191
143:
144: 177
145:
146:
147: 167
148:
149:
150:
151:
152: 198
153: 213 178
154:
155:
156:
157: 201
158: 187
159:
160:
161:
162:
163: 185
164:
165:
166: 189
167:
168: 212
169:
170:
171:
172:
173: 211
174:
175:
176:
177:
178:
179:
180:
181:
182:
183:
184:
185:
186:
187:
188:
189:
190:
191:
192:
193:
