1: 106 78 74 26 1
2: 86 6
3: 131 125 113 3 2
4: 8 7 5
5: 134 94 93 56 50 30 29
6: 98 89 83 24 13 4
7: 106 91 78 74 31 26
8: 19 14
9:
10: 118 71 49 15 12
11: 47 46 41 16
12: 110 68 11
13: 134 10
14: 45 32 20 9
15: 132 91 77
16: 72 58 42 33
17:
18: 70 27 17
19: 142 53 35 25 18
20: 56 50
21:
22: 95 21
23: 109 108 73 67 60 59 43 22
24: 131 125 113 106 78 74 73 67 59 47 46 41
25: 104 55 36
26: 116 23
27: 90 28
28:
29: 81 48
30: 132 77 54
31: 112
32: 79 72 58 52 42 39
33: 106 95 78 74 62
34: 99 51
35: 144 138 120 117
36: 37
37: 43
38: 64 34
39:
40:
41:
42: 75
43: 136 134 118 112 111 97 71 49 38
44:
45:
46:
47: 133 127 88 66 63 44 40
48: 109 85 82
49: 121 115 61
50:
51: 80
52:
53: 102
54: 105
55: 136 124
56: 107 65
57: 92
58: 86
59: 101
60: 57
61: 135
62: 114
63:
64: 144 138 120 117 87
65:
66: 111
67:
68:
69:
70: 122
71: 76 69
72: 142
73:
74: 130
75:
76: 100
77: 84
78: 104 96
79: 143
80:
81: 129
82:
83: 103
84:
85:
86: 141
87:
88:
89:
90:
91: 137
92:
93:
94:
95:
96: 140 128 119
97:
98: 126
99:
100:
101:
102: 139
103:
104: 123
105:
106:
107:
108:
109:
110:
111:
112:
113:
114: 139
115:
116:
117:
118:
119:
120:
121:
122:
123:
124:
