1: 990 10
2: 757 626 561 94 37 32 11 9 5 4 3
3: 1111 982 599 436 427 246 244 242 229 179 167 131 101 51
4: 270 169 27 8 6 2 1
5: 839 353 116 67 54
6: 272 52 35 34 25 21 20 14
7: 459 406 136 59 7
8: 1078 726 670 74 12
9: 737 612 406 345 338 234 146 136 59 39 29 24
10: 1086 969 586 577 426 298 275 248 236 78 28
11: 1077 637 214 153 117 45 36 13
12: 808 802 181 57
13: 496 240 56 38 31 18 15
14: 1099 79 58 16
15: 1052 442 381 150 92
16: 990 896 737 715 588 559 400 324 314 313 288 277 273 233 224 202 23 19
17: 1077 637 634 461 444 379 230 214 153 68 66 45 36
18: 830 148 63 17
19: 722 711 573 132 49
20: 89 69
21: 307 61
22: 663 658 565 558 311 22
23: 529 158 145 85
24: 1067 327
25:
26: 373 26
27: 100
28: 599 436 427 242 167 40
29: 836 76 73
30: 388 30
31: 1081 925 696 624 507 257 186
32: 296 174 42 33
33: 948 848 753 359 71 53
34: 748 349 118
35: 944 157
36: 431 385 384 269 187 155
37: 920 853 822 596 279 168
38: 802 790 283 181 121 120
39: 324 288 41
40: 945 733 213 50
41: 1127 981 979 358 341 325 256 65 55 47 46 44
42: 706 638 588 570 521 468 400 111 110 106
43: 982 131
44: 958 536 337 336 127
45: 267 70 48
46: 1052 450 221 43
47: 305 222 130 125
48: 549 124 62
49: 1052 965 450
50: 590
51: 826 649 344 160 91 88 87
52: 942 869 866 745 696 592 507 142 83
53: 1111 246 81
54: 953 172 137 133
55: 660 360 211
56: 1025
57: 1053 998 903 747 531
58: 1111 204
59: 353 67
60: 90
61: 479 232 115 82
62: 776 730 590 286 141 84
63: 912 304 192 64
64: 798 247 99
65: 97 96
66: 271 180 60
67: 738 351 129 114
68: 894 811 445 278
69: 254 162 86
70:
71: 1142 1085 944 282 254 162 157
72: 972 333 195 185 80
73: 506 467
74: 578 423
75: 377 250 241 205 77
76: 554 72
77: 363 225 75
78: 859 791 644 622 396 266 163 152
79: 932 877 712 105
80: 920 853
81: 1017 326 280 93
82: 437 297
83: 200 144
84: 1088 323 183 95
85: 354 258 196
86: 1128 863 260 147 138 103
87: 1048 705 690 176
88: 1053 903
89: 840 156
90: 1045 958 362 350 98
91: 659 199
92: 746 744 719 403 104
93: 586 426 298 275 248 236
94: 757 626 561 333 259 237 209 195 185 94
95: 634 379
96: 201 134 122 109
97: 1049 879 582 544 382 210 208 194 191
98: 738 102
99: 515 508 166
100: 998 939 281
101: 937 476 459 165 136
102: 1049 382 315 208 191
103: 829 482 480 425 198
104: 1187 776 730 713 666 141 119
105: 1099 852 328 218 151 108
106: 706 638 570 521 259 237
107: 924 809 358 341 325 112
108: 631 491 215 161
109:
110: 772 603 139 107
111: 840 498 465 143
112: 1108 1021 805 539 207
113: 663 658 565 558
114: 749 654 190
115: 896 715 559 313 277 224 135 126
116: 388
117: 1155 1034 532 113
118: 273 233 202 123
119: 660 360
120: 909 886 415 223 128
121: 1133 948 848 810 393 226 173
122: 879 582 210 175
123: 960 882 367 193 140
124: 1045 362 350 228 220
125: 871 429 404
126: 473 464 447
127: 1095 514
128:
129: 621 243 154
130:
131: 878 387 348 319 263
132: 567
133: 456
134: 857 584 235 170
135: 1198 931 910 566 334 265 149
136: 1174 721
137: 616 380
138: 1101 717 623 410 171
139: 1020 869 866 420 413
140: 591 469
141: 535
142: 415
143: 808 659 489 164
144: 902 613 575 548 462 446 438 357 308 231
145: 1071 217
146: 998 916 504
147: 963 253
148: 822 318
149: 1124 956
150: 574 472 452
151: 216
152: 1028 284
153: 725 159
154: 588 400 340
155:
156: 1123 1066 888 762 541 355 332 329 239
157: 447 412 378 292
158:
159:
160: 1166 1108 1021 805 184
161: 517
162: 1030 991 923 460 442 430 381 212 188
163: 680 473 464
164: 669 474
165: 838 764 594 289
166: 721 525 206
167: 596 279 227
168: 182 178
169: 264
170: 513 497 458 453 320
171: 945 177
172:
173: 962 793 688 238
174: 1126 869 866 291
175:
176: 1194 1081 1038 624
177: 988 911 677 496 494
178: 1006 347 346
179: 553
180: 1101 623
181:
182: 1166 704 657 641 465 197
183: 850 557 530 189
184: 1113 817 778 771 671 640
185: 1025
186: 681 219 203
187: 314
188: 301
189: 414 405
190: 449
191: 340
192: 566 555
193: 395 366 293 262
194: 294
195: 931 577 334
196: 954 864
197: 888 812 762 680
198:
199: 1113 671 249
200: 627
201: 1017 588 400
202: 495
203: 930
204: 804
205: 924 809 742 538
206: 309 303
207: 1199 617
208: 448 356
209: 732
210: 1086 969 660 486
211: 1167 352
212:
213:
214:
215: 1119 893 522
216: 708
217: 409
218: 909 886
219: 539
220: 813 765 485
221: 769 457
222: 936 339 276
223: 593 407
224: 505
225: 780 302 268
226:
227: 365 251
228: 306 295
229: 890 287
230: 709
231:
232:
233: 944 861 788
234: 755 465
235: 1183 1142 1085 905 245
236: 948 848 300
237: 255
238: 421 330 317
239: 932 877 827 712 478 470 322 316 252
240: 511
241: 1106 884 844
242: 648
243: 1039 897 883 720 602 600 501
244: 790
245: 751 424
246: 1006 554 547
247: 1044
248: 1092 991 923 855 619 460 430 417 312
249: 842 808 399
250: 932 877 712
251: 731 718 625 285 274
252:
253: 785 639
254: 261
255: 1095 514
256: 310
257:
258: 1067
259:
260: 957 361
261: 794 418
262: 763 707
263: 1188 343
264: 1076 935 862 523
265: 701 386
266:
267: 994 780
268: 655 440
269: 750
270: 1007 587
271: 753 550
272: 1086 969 829
273: 736 434 369
274: 398
275: 605
276: 967
277: 693
278: 1166 860 526 422
279: 594
280: 364
281: 520 374 290
282:
283: 901 740
284:
285: 1059 391
286: 1013 524 490
287: 916
288: 775 610 533 411 389
289: 1006 347 346
290: 611
291: 402
292: 376
293: 739 615 299
294: 867 390
295: 970 652 585 371 321
296: 942 745 592
297:
298: 335
299: 1039 501
300: 883 698 633
301: 895
302: 954 502
303:
304: 1145 784
305: 443 331
306: 810
307: 1184 724 503
308: 622
309:
310: 1142 1085 850
311: 552
312: 342
313: 537 500 484 466
314: 1040 636
315: 1120 589
316:
317: 1186 375
318:
319: 1013
320: 989
321: 744
322: 904 598
323: 826 370
324: 463 439
325: 814
326: 1082
327:
328:
329: 1112 1078 1002 984 773 579 368
330: 1112 1002 984 499
331: 1196 563 534 454
332: 796 675
333: 632
334: 742
335: 562 383
336: 999 683 516
337:
338: 433
339:
340: 1151 965 836
341: 542
342:
343: 908
344: 843 797 734 401
345: 700 488
346: 859 791 644 441
347: 1198 910
348:
349: 394
350:
351:
352: 372
353: 416 397
354: 468
355: 967 550
356:
357:
358: 676 419
359: 661
360: 487
361: 810 786 761 758
362: 1024
363:
364:
365: 1166
366: 783 630
367: 939 492 392
368:
369: 1011 787 728
370: 1146 1116 929 435 432 428
371: 526
372: 819 451
373: 817 778 408
374:
375: 1030
376: 475
377: 723
378: 1174
379: 1090
380: 841 618
381: 1180 735 545
382: 1188 650 510
383:
384: 1056
385:
386: 483
387: 528
388: 926
389: 556
390: 771 640
391: 861 850 833 788 588
392: 1186
393: 1057 991 923
394: 829
395: 578
396: 1138 876
397:
398: 880
399:
400: 1023 686
401:
402: 955 947
403: 768 477
404: 817 778 551
405: 883 698
406:
407: 764
408:
409: 471
410: 803
411:
412: 975
413: 743 697
414:
415: 1161 1133
416:
417:
418:
419: 685 455
420:
421: 755
422:
423: 751
424: 870 652
425: 861 788
426: 834 646 493
427: 1123 1066 607 527
428: 898 674
429: 1125 595
430: 1071 832 813 765 481
431: 799
432: 609
433: 519
434: 864
435:
436: 667
437:
438:
439: 546
440:
441: 1158
442: 919
443: 1079
444:
445: 816
446: 993
447:
448:
449: 955
450:
451: 571
452:
453: 668 601
454:
455: 1041
456: 985
457:
458:
459:
460: 779
461: 949 572
462:
463:
464: 996 914
465: 1137 965
466: 821 653
467: 1135
468: 1194
469:
470:
471: 1008
472: 665
473:
474:
475: 614 569 518
476: 1154 1032 687
477:
478: 1010
479:
480: 664
481:
482: 845 801
483:
484: 1087 684 642 509
485:
486: 847
487: 583
488:
489:
490:
491:
492:
493: 691 568
494:
495:
496: 831 770 716
497:
498:
499: 1048 760
500: 1071 925 832
501: 1126 512
502: 1103 1102
503:
504:
505:
506: 699
507:
508:
509: 1099 852
510: 964 938
511:
512:
513:
514: 956
515: 1037
516:
517: 543
518:
519: 900 629 540
520: 628
521: 597
522: 795
523: 635
524:
525: 604 560
526:
527:
528: 1169
529:
530: 793 752
531:
532: 564
533:
534: 1175
535: 1097 951 606
536:
537:
538: 1150 925
539: 1105 875
540:
541: 1056
542: 672
543: 608
544: 645
545: 1185
546:
547: 952 918
548: 710
549: 576
550:
551: 1050
552: 1098 781 767
553:
554: 1096
555: 580
556: 1128 1043 679
557:
558:
559:
560: 649
561:
562: 849 678
563:
564:
565: 993
566: 741
567: 1017 1012
568:
569: 727
570: 1169 950 782
571: 759
572: 581
573:
574: 620
575:
576:
577: 1120 714
578: 972
579: 1150
580: 846
581: 760
582:
583: 682
584:
585:
586:
587: 1134 754 694
588:
589: 643
590:
591: 959
592:
593: 760
594: 1134 692
595: 994
596: 1065 830
597: 647
598: 1023
599:
600: 800
601: 1190 1036 773
602: 841
603:
604:
605:
606: 824
607: 874 849
608:
609: 1016 961
610:
611:
612: 1091 933
613: 1175
614:
615:
616:
617:
618:
619:
620: 854
621:
622: 673
623:
624: 1164
625: 825 651
626: 952
627:
628: 1054
629:
630:
631:
632:
633: 1173 662
634: 792 702 656
635:
636: 1053 903 889 747
637: 1051
638: 774
639: 1177
640: 1005
641: 1036
642:
643: 987
644: 1149
645:
646:
647: 971
648: 873
649: 806
650: 1124
651:
652: 874
653:
654:
655:
656: 689
657:
658: 789
659: 1181
660:
661:
662:
663: 695
664:
665: 1114
666:
667:
668:
669:
670:
671: 1073
672: 703
673: 1193 1075
674:
675: 1161
676:
677:
678:
679:
680:
681:
682: 818 756
683:
684: 1145 815
685: 729
686:
687:
688: 885 828
689: 1117 777
690:
691: 766
692:
693: 1195
694:
695:
696:
697: 1090
698: 1094
699:
700:
701:
702:
703:
704:
705: 1083 976 823
706:
707: 1001 986
708: 1148 1022
709: 1130
710:
711: 1151
712:
713: 856
714: 1065
715: 1027
716:
717:
718:
719:
720:
721:
722: 1176
723: 980
724:
725:
726: 837
727:
728:
729:
730:
731: 1189
732:
733: 1182
734: 835
735:
736:
737: 1157
738:
739:
740:
741:
742: 1108 1021 907
743: 1100
744:
745: 917
746:
747:
748: 858
749: 1010
750:
751:
752:
753:
754:
755:
756:
757:
758:
759:
760:
761:
762:
763:
764: 1160 865
765:
766:
767: 916
768:
769:
770:
771: 807
772:
773:
774:
775:
776: 1029
777: 1179 1019
778: 1147
779: 922
780:
781:
782: 1115
783: 981 979
784:
785: 1042
786: 1058
787:
788: 899
789: 1188 998
790: 868 820
791:
792:
793:
794:
795:
796:
797:
798: 1072
799:
800:
801:
802:
803: 1097 951
804:
805: 1038
806:
807: 1095
808: 1062
809: 966
810:
811: 906
812:
813:
814:
815: 946
816:
817:
818:
819:
820: 1046
821: 977 851
822:
823:
824:
825:
826: 887
827: 1033
828: 1107 997 891
829: 1047
830: 927
831:
832:
833:
834:
835: 1165 892
836: 1015
837:
838: 934
839:
840:
841:
842: 915
843:
844:
845:
846:
847: 974
848: 928 881
849: 872
850:
851:
852: 1104
853:
854:
855:
856:
857:
858:
859:
860:
861: 978
862:
863: 1069
864:
865: 1129 995
866: 1153
867: 1014
868: 992
869: 1089 941
870:
871:
872:
873:
874:
875:
876: 973
877:
878:
879:
880:
881:
882:
883: 1140
884:
885: 1139 913
886:
887:
888:
889: 1068
890:
891:
892: 1142 1035
893:
894:
895:
896:
897: 1018
898:
899: 921
900:
901:
902: 1193
903:
904: 1200 1055
905:
906: 968
907:
908: 1197
909:
910: 1009
911: 1143 1003
912:
913: 1026
914:
915: 1004
916:
917: 1000
918:
919:
920:
921:
922:
923:
924:
925:
926:
927:
928: 1152
929:
930:
931:
932:
933:
934: 1100
935: 940
936: 1093
937:
938: 1156
939:
940:
941:
942:
943:
944:
945:
946: 943
947:
948: 1178
949:
950:
951:
952:
953:
954:
955:
956:
957: 1141
958:
959: 1074
960:
961:
962:
963:
964: 983
965:
966:
967:
968:
969:
970:
971:
972:
973:
974:
975:
976:
977:
978:
979: 1171 1064
980:
981:
982:
983:
984:
985:
986:
987:
988: 1105
989: 1118
990: 1070
991:
992:
993: 1162
994:
995:
996: 1172
997:
998: 1060
999:
1000:
1001:
1002:
1003:
1004:
1005:
1006:
1007:
1008: 1031
1009:
1010:
1011:
1012:
1013:
1014:
1015:
1016:
1017:
1018:
1019:
1020: 1132 1061
1021:
1022:
1023:
1024:
1025:
1026:
1027:
1028:
1029:
1030:
1031:
1032:
1033:
1034:
1035:
1036:
1037:
1038:
1039:
1040:
1041: 1080
1042:
1043:
1044:
1045:
1046: 1109
1047: 1063
1048:
1049: 1170
1050:
1051:
1052:
1053:
1054:
1055:
1056:
1057:
1058:
1059:
1060:
1061:
1062:
1063: 1192
1064:
1065:
1066:
1067:
1068:
1069:
1070: 1136
1071:
1072:
1073:
1074:
1075: 1191 1087
1076:
1077:
1078:
1079:
1080:
1081:
1082:
1083:
1084:
1085:
1086:
1087:
1088:
1089:
1090:
1091:
1092:
1093: 1084
1094:
1095:
1096:
1097: 1110
1098:
1099:
1100: 1190
1101: 1121
1102:
1103:
1104:
1105:
1106:
1107: 1144
1108:
1109:
1110:
1111:
1112: 1163
1113:
1114:
1115:
1116:
1117:
1118:
1119:
1120:
1121: 1122
1122:
1123:
1124:
1125:
1126:
1127:
1128:
1129: 1131
1130:
1131:
1132:
1133:
1134:
1135:
1136:
1137:
1138:
1139:
1140:
1141:
1142:
1143:
1144:
1145:
1146:
1147:
1148:
1149:
1150:
1151:
1152:
1153:
1154: 1168
1155:
1156:
1157:
1158:
1159: 1159
1160:
1161:
1162:
1163:
1164:
1165:
1166:
1167:
1168:
1169:
1170:
1171:
1172:
1173:
1174:
1175:
1176:
1177:
1178:
1179:
1180:
1181:
1182:
1183:
1184:
1185:
1186:
1187:
1188:
1189:
1190:
1191:
1192:
1193:
1194:
1195:
1196:
1197:
1198:
1199:
1200:
1201:
1202:
1203:
1204:
1205:
1206:
1207:
1208:
1209:
