1: 182 64 31 30 29 17
2: 2313 2180 1030 570 301 126 24 22 7 6 5 4 3
3: 258 41 16 9 2 1
4: 2008 1871 1549 1483 1429 1031 958 554 282 258 248 68 46 41 36 34 27 16 9
5: 2008 1871 1483 1031 554 248 36 21 15 8
6: 1414 1190 636 394 276 194 188 185 147 96 20 14 11 10
7: 1735 1294 1159 1046 948 387 239 13 12
8: 664 244 232 50
9: 2129 235 87 72
10: 2012 1869 1775 1414 1190 1146 1102 961 832 681 603 482 448 402 343 127 38 23
11: 1385 73 59 54 18
12: 2148 1726 1631 1587 1253 460 141 135 122 55 19
13: 523 25
14: 2056 1735 1295 1294 1022 721 696 541 307 249 197 174 115 114
15: 2486 2291 1659 1349 1313 1145 969 939 572
16: 2525 85 33 32 28
17: 1631 90 26
18: 1316 1217 651 327 164 88 42
19: 2128 1952 1227 543 438 337 152 63 61 58
20: 1628 1063 623 621 417 265 150 108 105
21: 1790 322 250 132 67 66 56 45
22: 2462 2235 1893 943 669 354 159 37
23: 1525 1362 438 337 103 70 51 43
24: 1952 124 40 35
25: 2246 2051 2029 44
26: 2388 2082 1975 1738 1629 1245
27: 1969 1475 1453 340 230
28: 2297 1948 145 143
29: 1316 1217 734 651 509
30: 2069 1380 118 99 69 49 47
31: 594 106 76 48
32: 1755 642 428 183 102 39
33: 2368 730 720 589 563 158 93 52
34: 2056 1735 1294 721 307 249
35: 1839 1428 272 189 165 92 80
36: 2143 1473 1369 1338 486 326 53
37: 2571 1922 1915 1559 1451 1219 960 639 323 306 299 89 57
38: 1998 1299 440 134 60
39: 2589 617 121
40: 2483 2004 1910 1463 1306 302
41: 1144 858 731 260 253
42: 2309 412 216 83
43: 2424 1705 476
44: 2547 2012 1869 1775 65
45: 82
46: 1599 861 789 169
47: 2454 2334 1800 1651 1135 903 305 284 62
48: 1956 1279 1022 541 174 114
49: 2342 1724 1410 974 767 625 363
50: 1009 112 100 74
51: 1952 418 111 77
52: 2481 2082 1776 1683 1245 701 462 255 133 91 71
53: 2230 1396 706 530 211
54: 483 379 225 81
55: 2254 1062 965 110
56: 342 204
57: 1777 1728 880 695 193 157
58: 2570 1150 688 679 514 474 392 210 84 75
59: 2120 2063 1178
60: 2490 2305 2158 2117 1990 1778 1748 1640 1334 1320 1192 895 673 667 600 506 485 285 278 268
61: 2129 1439 1293 1149 1145 1020 987 969 799 572 517 382 368 235 142 82 78
62: 535 334 257 94
63: 2060 2035 1981 1933 1326 1185 1070 768 703 676 435 364 344 79
64: 1906 1452 1076 933 659 656 567 179 95
65: 171
66: 101
67: 2496 963 550
68: 1939 1717 1655 1184 954 929 401 330
69:
70: 960 323 98 89
71: 2174 1808 314 238
72: 251 218
73: 2128 1227 427 125
74: 1646 1632 1630 1552 1088 389 267 146 104 97 86
75: 1859 1431 1318 1067 319 119
76: 1549 1429 282 107
77: 1733 112 100
78: 2109 2026 1692 793 315
79: 2316 1643 1491 798
80: 1918 490 154
81: 835 824 584 529
82: 2520 2069 360 175
83: 2334 1651 1192 1135 895 673 305 285 284 278
84: 2278 1755 1549 1429 642 428 406 312 168 113
85: 2609 2080 2008 1883 1871 1483 1199 1125 773 654 552 117
86: 1974 1186 609 422
87: 375 207 131
88: 295
89: 627 479 198
90: 2117 1509 1334
91: 2422 1628 1063 271
92:
93: 2347 607 357 208
94: 2612 1177 466 186
95: 1764 1006 748
96: 867 690 136
97: 2598 1236 426
98: 396 358 180
99: 2101 1372 172 167 109
100: 1800 1555 1364 1209 860 704
101: 2033 1744 1414 1239 1190 276 194 188 185
102: 1958 400
103: 1685 839 694 632 335 296 138 130 116
104: 1022 919 764 735 321 286 149 120
105: 1166 956 873 443 139
106: 1421 311 160 123
107: 1908 1829 325
108:
109: 153 140
110: 1193 558 333 195 166 163
111: 1629
112: 1744 1250 463 224
113: 1383 1283 1248 847 641 202
114: 770
115: 1559 1451 639 306 161
116: 2387 630 391 290 128
117: 2301 1537 503 496 468 214
118: 1969 1475 487 386 313 129
119: 1143 598 148
120: 2414 699 347
121:
122: 1134 757 743
123: 1655 1241 1184 998 794 711
124: 2082 1245 205
125: 505 472 366
126: 1112 328
127: 2538 1873 1792 1298 1007 660 481 336 181
128: 2102 1373 1206 886 439 264 151
129: 2178 1573 1530 913
130: 1509 775 137
131: 864 246 220
132: 2275 1037
133:
134: 442
135: 1665 433 200
136: 1218 1069 559 359 355 144
137: 1450 660 367 223
138: 2037 209
139: 2418 156
140: 2030 842 782 719 262
141: 2336 1439 987 382 368
142: 2557 1529 952 709 310 155
143: 638 362
144: 1955 1044
145: 2501 2464 1678
146: 2342 1724 1679
147: 1984 618
148: 1671
149: 1098 581 346
150: 2522 2298 2056 2037 1876 1797 1735 1601 1522 1294 1100 1042 879 721 590 371 307 249 222
151: 2246 2080 2029 2012 1869 1859 1791 1775 1431 1318 1181 1146 1102 1067 961 832 402 319 184
152: 2078 510 416 270 237
153: 846 587
154: 1497 972 424 191
155:
156: 470
157: 441
158: 866 614 566 176
159: 2538 1873 336 213
160: 951
161: 2490 2158 196 177
162: 1911 1327 1043 664 397
163: 897 778 454 173
164:
165: 978 384
166: 2236 1843 1237 170
167: 2143 1394 374
168: 2378 2358 1898 668 283
169: 664 252
170: 1958 1479 1477
171: 2348 1197 1038 432 390 187
172: 2143 1590 1361 1098 242 178
173: 1373 1206 828 439 264 206 203
174: 881 742 499 245 190 162
175:
176: 2044 1679 1348 413
177: 2261 222
178: 1911 1327 1043 397
179: 1549 1429 1358 582 376
180: 240
181: 2289
182: 2138 1400 753 750 229
183: 2082 1787 1245 1068
184: 2368 1733 730 720
185: 2334 1651 1466 1135 305 284
186: 2239 2179 1737 1289 497 263 243
187: 2374
188: 2426 2346 2080 1708 527 407
189: 2264 1545 837 404
190: 1495
191: 949 356 280 233
192: 308
193: 2120 1178 547
194: 803
195: 2183 1003 605 236
196: 1469 915
197: 2165 1394 1358 582 376 374 215
198: 317 266
199: 2450 2160 1947 1919 1896 1654 1397 1179 834 685 411 304 227
200: 772
201: 419 273
202: 1436 1291 1255 1013 887 192
203: 806 577
204: 2615 2470 1640 1407 611 600 506 408
205: 2080 2053 1380
206: 1906 1452 1076 659
207: 2477 644 469 320
208: 882
209: 774
210: 2371 414 409 247 212
211: 421
212: 2573 2555 2470 2377 1407 941
213: 602 513 199
214: 2288 697 646 277
215: 2339 1909 1568 867 690
216: 2355 1642 756 297
217: 1809 1553 1499 1303 684 217
218: 2497 241
219: 2021 926 274 226
220: 2469 1898 1861 1192 895 849 825 777 760 673 668 201
221: 1008 415 377
222: 2170
223: 2283 2063 2060 1326 298
224: 2030 1743 1576 231
225: 1494 544 388
226: 2035 768 435 403 254
227: 1376 1126 560 437
228: 1754 1212 883 834 411 219
229: 703 676 344
230: 2446 1603 645 431
231: 1876 1100 1042 879 332
232: 1264 1192 1078 1005 895 673 349
233: 2138 753 750
234: 259
235: 449
236: 2080 398
237: 1518 1374 341
238: 2160 1919 1354 672 309
239: 1212 883
240: 228
241: 2526 968
242: 2478 1730 1474 863
243: 2308 1602 1574
244: 2608 405
245: 1106 649 561 324
246: 1188
247: 2558 2480 2418 2305 1778 1748 667 268
248: 975 350 221
249: 2529 2459 2420 2366 1912 1800 1620 1371 478
250: 954 929 330
251: 2179 540
252: 923 348
253: 1677 700
254: 2570 2055 1626 1150 688 679 514 392
255: 1868 1617 944 619 537 294
256: 2331 1980 1307 829
257: 1337 830 234
258: 1301
259: 867 690 279
260:
261: 1698 877 631 292
262: 1784 831
263: 1506 741 714 620
264: 2503 1302 351 261 256
265: 1104 1055 1049 736 457
266: 2566
267: 2051 1831 1224 1093 501
268: 2253 2168 1543 353
269: 2606 1244 1137 1107 580
270: 2100 1923 1210 800
271: 293
272: 1506 741 714
273:
274: 608 548 436
275: 1507 1438 1339 1293 546 370 287
276: 2284 2062 1124 826 788 538 507 331 316
277: 1352
278: 2595 1461 385 378
279: 1935 1368 1246 423
280: 1551 1269
281: 2406 1861 691 593 545 269
282: 1968 854 755
283: 1690 1523 1427 784 613 606
284: 275
285: 1078 1005
286: 2522 2298 1982 1948 1400
287: 1912
288: 2388 1975 373
289: 2033 1687 1333 1239 1091 801 318
290: 1388 511 288 281
291: 827 471
292: 2478
293: 1690 1427 1034 712 613 467 380 365 338
294: 797
295: 1113 289
296: 1561 1375
297: 2248 1855 1611 999 520
298: 2395 1335 291
299: 2031 927 818 455
300: 1340
301: 1750 1363 1168 1127 682 671 502 410
302:
303: 986
304: 1776 1683 701
305: 1272 788
306: 2346 1250 463
307: 2290 2079 1410 1207 974 767 625 363 303
308: 2331 1980 1307 829
309: 2056 1735 1294
310: 2603 2540 2473 2340 1649 516 395
311: 990
312: 2470 1407 624
313:
314:
315: 894
316: 989
317: 2347 2170 1993 1213
318: 2165
319:
320: 2313 1030 536
321: 2199 1645 814 808 677
322: 1518 1374 707
323: 1948 1733 300
324: 1927 583
325: 2087 1903 1386 1115 950 534
326:
327: 2001 781 765 761
328: 2012 1869 1775 1457 1146 1102 961 832 615 586 477 425
329: 1751 1686
330: 1800 903
331: 1301 573 345
332: 1432
333: 1446
334: 1025 519
335: 1392 628 329
336: 1647
337: 2425 2339 1909 1568 568 453
338: 1939 1717 401
339: 1468 1439 987 571
340: 1259 1040
341: 1400
342: 1956 1279 542 451 420
343: 2467 1122 1016 429
344: 1553 884 684
345: 2054 910
346: 2486 1313 939 518 492
347: 2608
348: 1535 1169 585
349: 2068
350: 2024 1501 1270
351: 1312 1215 597
352: 633 450
353: 1249 1158 553
354: 1466 1384 904 629 372
355: 1747
356: 2131 475
357: 2291 1659 1349
358: 1533 1090
359: 1681 1014 339
360: 2277 2236 1843 1237 456 383
361: 1231 491
362:
363: 724 652 579 352
364: 1489 361
365: 2125
366: 1541 1460
367:
368: 1341 1050 658
369:
370:
371: 1569 521
372: 586
373: 1764 1006
374: 1678
375: 2345 901 653 562
376: 1907 811
377: 2255 1470
378: 2330 1194
379: 2237 2052 369
380:
381: 2556 1378 1365 1256 465
382:
383: 2541 2004 1910 971 480 399
384: 2293 1274 1066 674
385: 640 393
386: 1272 899
387: 526
388: 2585 1585 1530
389: 1771 928 458
390: 2442 2390 851
391: 2449 381
392: 933 656 567
393:
394: 1905
395: 2442 2421 2390 533
396: 2603 2340 1116 732
397: 1891
398: 2537
399: 1425 1153 1018
400: 841 693
401: 2564 1844 1834 1618
402: 1791 1181
403: 2290 2179 2079 1207 783 434
404: 2391 1252 489
405:
406:
407: 2266 1895 1639 488
408: 1513 841 693
409: 2174 2142 1855 1808 1611 459
410: 2059
411: 905 812
412: 1695 1175 504
413:
414:
415: 2284 1400 508
416: 1151
417: 1117 1085 1032 670 539
418: 1950 1622
419: 1578
420: 2356 2280 1412 1077 737 494
421: 2053 2019
422: 498
423: 2327 485 444
424: 2025 762
425: 2228 2161 1053
426: 1331
427: 1205
428: 1853 1056
429:
430: 1993 1213 473 445
431: 2580
432: 1288 786 484
433: 2345 1806 901 710 447
434: 2293 588
435: 2424
436: 2429 1878 940 813
437: 2287 2006 1114 983 744
438: 2147 1516 532 512
439: 2470 2004 1910 1407 1306 932
440: 1387 464
441: 1144 858 731
442:
443: 713 461
444:
445: 2535 2099 951
446:
447: 1149 799 517
448: 564
449: 616
450: 1291 887 524
451: 2528 430
452: 1459 1419 802 595
453: 2605 1809 1528 1499 1353 1303 1209 856
454: 1851
455: 1220 500
456: 1924
457: 869 852
458: 955 604 601
459: 2125
460: 1671
461: 2513 1045 740 578
462: 1099
463: 2126 1722 1607 752 655
464:
465: 2150 2041 1263 1065 733
466: 2278 2043 1782 1017 592
467: 2233
468: 2372 1228 635
469: 1600 1530 1064 446
470: 1001
471: 1484 575
472: 687
473:
474: 2329 1280 1182 738
475: 2448 1729
476: 1624
477: 1933 1185 452
478: 2054 1476
479:
480: 1173 1115 1001 950 892
481: 1034 551
482: 1636 1492
483: 2199
484: 904 747 726
485: 1039 1036 556 493
486: 2258
487: 2546 2170 1940 1859 1431 1318 1074 689 596
488: 1944 1521 495
489: 686
490: 2043 1404 528
491: 1640 1099 626 515
492: 2115 1826 1024
493:
494: 2166 1448 838 675
495: 2385 1257
496: 2315
497: 2583 2322 1698 1540 935
498:
499: 2510 2292 1189
500: 982
501: 525
502: 522
503: 931
504: 1380
505: 2450 1947 1896 1654 1397 1179
506: 1664
507: 2260 2214 1616 1232
508: 2557 1590 1072 952 665
509: 908
510: 2169 807 622
511: 984 648
512: 1305 1061
513: 2143 1195
514: 1832
515: 557
516: 2183 605
517: 953 612
518: 1660
519: 1797 1601 1522 590
520: 2289
521: 1068
522: 1881
523: 1854 1606 569
524: 574
525:
526: 1293
527: 2591 1855 1611 610 555
528: 870
529: 843 531
530:
531: 2440 911
532: 2211 912
533: 985
534: 2403 650
535:
536: 2056 1735 1648 1294 871 721
537: 2481
538:
539: 2566 1222 1082 946
540:
541:
542: 1710 1347 1311 779
543: 565
544: 2526 2441 1418
545: 1690 1427 1218 1069 613
546: 1701 1513
547: 889
548: 2544 2269 2205 1571 1351 722
549: 1687
550: 2080 1348 1274 576
551:
552: 1819 549
553:
554: 2303 1138 1086 964 766 662 661
555: 1399 1034 637
556: 2508 698
557: 2000 692
558: 1436 1255 634
559:
560:
561: 2510 2292 1934 1838 1425 1153 1018 906
562: 820 819 769
563: 2076 1714
564: 1406 763 591
565: 865 643
566: 1588 936
567: 2469 1390 925 893
568: 2165 1979 1723
569: 1525 1362
570: 2384 1739 727
571: 2243 1615 1319 1163
572: 1700
573: 2380 663
574: 759
575: 1108
576:
577: 728
578: 2254
579: 1512 702
580: 1831 1224 1093
581: 1868 1707 1661 944 821 809
582: 2542 717
583: 2122 1598 1472 1139 787 647
584: 2546 1958 1940 1453
585: 2184 1170
586: 2413 2190
587: 1428 771
588: 2513 1881
589: 1799
590: 599
591: 1211
592: 2004 1910
593: 2266 1895 1587 1059
594: 815 795
595: 845
596: 991
597: 1862 1696 1572 683
598:
599:
600: 776 745
601: 2546 1940 1352 958
602: 751
603:
604: 2044
605: 2582
606: 981
607: 831
608: 1081 1026 716
609: 988
610: 1789 1727 680
611: 2033 1239 657
612: 959
613: 1774 1694
614: 2178 1573
615: 1804
616: 2122 1598
617:
618: 1647
619: 1757
620:
621: 1970 1936
622:
623: 2510 2446 2292 2284 1934 1838 1603 1248 996 715
624:
625: 718
626: 2038 1625
627: 1233
628: 2505
629:
630: 749
631: 1462 888 705
632: 937 678
633:
634: 849 825 777
635:
636: 2059 1222 1082 946
637: 2014 1621
638: 876
639: 1879 1131
640: 2164 1807 1286
641: 1343
642: 1866 890 729
643: 1383 1283 847
644: 1679
645: 2527
646: 1665 1504
647: 2353 1526 1047
648: 2370 810
649: 1572
650:
651:
652: 1665 924 725
653: 2116
654: 2234 2098
655: 2484 2349 2193 1662 853
656: 2504 2386 2318 1012
657: 1784 850 666
658: 1417 708
659: 909
660: 1564 898
661: 2539 2328 2272 2139 1183 995 805
662: 1826 962
663:
664: 994
665: 886
666: 2395 1989 1509 775 723
667:
668: 1002
669:
670: 1857 1155 754
671: 1446
672:
673:
674:
675: 1167
676:
677: 2436 2024 836
678: 1485 914
679: 1019 790
680: 1187
681: 2597 1344
682: 1906 1523 1452 1076 875
683: 1634 1277
684:
685: 2255
686:
687: 2303 1424 997
688: 2181 1538
689: 2436 2256 2107 1814
690: 2106 1262 758
691:
692: 2282 980
693:
694: 1028
695: 1235 992 780
696: 1200 1041
697: 2427 739
698: 2436 2256 2107 1814 1332 1121 859
699:
700:
701: 999
702: 2270 2081 1997 1847
703:
704: 976
705: 2301 1537 817
706:
707: 1667 792
708: 1011 934
709:
710:
711: 1172
712: 1913 1508 1136 1106 848
713: 1021 791
714:
715: 902
716:
717: 1760 855
718: 1052 822
719: 2392 2153 1101
720: 1902 1209
721:
722: 746
723: 2047 1769
724: 2170 862
725: 2406 2313 1486 1097 917
726: 2230 857
727: 1351 1157
728:
729:
730: 1287 1160
731: 844
732: 1795 967
733: 1770
734: 1493 1458 1266
735: 1382 1048
736: 2576 1435
737:
738: 1804
739:
740: 878
741:
742: 2184 1930
743:
744:
745: 2569 1653 1310 1103
746:
747: 1995 1281
748: 1389 1095
749: 2199 2135 2075 1828 1645 1317 1234 868
750: 2106 2086 1966 872
751: 2443 2219 1641 1247 1196
752: 2615 1111 1029
753: 2242 1238
754: 2558 2480 796
755: 816
756: 922
757: 1990 1320
758: 2426 1708
759:
760:
761: 1273
762: 1706
763: 2483 1463 973
764: 2040
765: 833
766: 2116 785
767:
768: 1673 1084
769:
770: 2600 2540 2473
771: 1850 1638
772: 1267
773: 1656 804
774: 1770
775:
776: 1875
777: 1035
778: 1951
779: 2130 1142 957
780:
781: 2232
782: 1080
783: 2457 2191 2124 1529
784:
785: 1827
786: 1886
787: 2457 2191 2124
788: 2002
789:
790: 1982
791: 1505 891
792: 2466
793:
794: 896
795: 2072 1276
796: 2262 2136
797: 2048 1130
798: 1275 1015
799:
800: 1890 1105
801: 2273 1961 1261
802: 1809
803: 2420 2110 1620 1443 1371
804: 874 840 823
805: 1511
806: 1595 1370 900
807:
808: 2425 1389 1095
809: 2295 1999 1456
810: 2048
811: 1336 1201
812: 1989
813: 1089 920
814: 2249 2217
815: 1872
816: 1684 930
817: 1875 1242
818: 1180
819: 1602 1027
820: 1938 1544 1321
821: 1287 1160
822: 2322 1540 970
823: 2521
824:
825: 1681
826:
827:
828:
829: 885
830: 1254
831: 2460 1978 1490 979
832: 1346 1132
833: 2461 1740
834:
835: 1366 977
836: 2419 1092
837: 2000
838: 1415
839: 1260
840: 1657
841: 1903
842: 2608 1968
843: 2308
844:
845: 1558
846:
847: 2194
848: 2304 1315
849:
850: 1466
851: 1379 1071
852: 918
853:
854:
855: 1119
856: 1282
857: 1402
858: 2109 1539 1057
859:
860: 2324 907
861: 1946 916
862: 2356
863: 2546
864: 1123 942
865:
866: 1023
867:
868: 993
869: 2260 2214 1000
870: 1422 1243
871: 1450
872: 1542
873: 1502 1073 947
874: 2321 1329
875: 2521 921
876: 2558 2480
877: 2376 2259 2223 1216
878: 2216
879: 1548
880: 2063
881: 1221
882:
883: 1527 1417 1128
884:
885: 1191 1141
886: 1614 945
887:
888:
889: 2410 1284 1145
890: 2267 2017 1051
891: 1801 1161
892:
893:
894: 1539
895: 1075
896: 2039 2010 1395 1290
897:
898: 2613 1566
899:
900: 1147
901:
902: 938
903: 2554 1798 1510 1278 1268 1010
904:
905: 2328 2272 1156
906: 1442
907: 2377
908: 2511
909: 2426 2005 1110
910: 1472
911:
912: 1646 1632
913:
914: 1820
915: 2432 966
916:
917:
918: 2143 1441
919:
920: 1079 1054
921: 1375
922:
923: 2525
924: 2516 2385
925: 2106
926: 2362 1198
927:
928:
929:
930: 1821 1060
931:
932:
933: 2113 1004
934:
935: 2097
936: 2344 1643 1033
937: 1904
938: 1785 1487
939: 2495
940: 2209
941: 1361
942:
943:
944:
945:
946: 1697 1556
947: 1964
948: 1162
949:
950: 1129
951:
952: 1498 1083
953:
954: 1482
955: 1154
956: 2202 2044
957:
958: 2336
959:
960: 1230
961: 2607 1626 1401
962: 2607
963:
964: 1208
965: 2583
966: 2209
967: 2064 1652
968:
969: 2517 1822 1753
970:
971:
972: 1781
973: 1983
974:
975: 1204 1176
976: 1824 1580 1164
977:
978: 2086
979: 2314 1815
980:
981: 1482
982: 2554 1773
983: 2023
984: 1148
985:
986: 1296
987: 1437
988: 1133
989: 1636
990: 1669 1058
991: 1094
992: 1604 1118
993: 2457 2191 2124
994:
995: 1633 1582
996: 1841
997: 2229 1503
998: 1579
999:
1000: 2255 1109
1001: 2337 1783
1002: 2335 2091 1423
1003:
1004:
1005: 1096
1006:
1007: 2109
1008:
1009: 2102
1010: 2465
1011:
1012: 1171
1013:
1014: 2350 2035 1968
1015:
1016: 2529 2459 2366 1849 1240
1017: 2179
1018:
1019: 1323
1020: 2578
1021: 2108
1022: 2247
1023: 2387 1725 1345
1024: 2067
1025: 1465
1026:
1027: 1674 1359
1028:
1029: 2603 2512 2340 2028 1285
1030: 1972 1682 1174
1031:
1032:
1033: 2456 1802
1034:
1035: 1342
1036: 2524 1894
1037: 2284
1038:
1039: 1087
1040: 2386 2318 2173 2141
1041:
1042: 2327
1043: 2087 1386
1044: 1309
1045: 1357
1046: 2491
1047: 1140
1048: 1709 1225 1203
1049:
1050: 2259 2223 1420
1051: 1492
1052: 2426 1708
1053: 1967
1054: 2559
1055:
1056:
1057:
1058: 2406 1754 1669
1059:
1060:
1061:
1062:
1063: 1470
1064:
1065: 2073
1066:
1067: 2406 1297 1251
1068: 1672 1226
1069: 1888 1597 1381
1070: 2123 2038 1995 1555 1364 1281
1071: 1520
1072: 1328
1073: 2202
1074: 2275 2114 1314
1075: 2605
1076:
1077: 2257 1496
1078: 2205
1079: 2218
1080: 2148 1726
1081: 1926 1524 1416
1082: 2379 1713
1083: 1602 1120
1084:
1085: 1996
1086: 1746
1087:
1088: 1292
1089: 2343 1377
1090: 1391
1091: 1388
1092: 1152
1093:
1094: 2574 1214
1095:
1096:
1097: 2219 1641 1247
1098:
1099: 1736 1408
1100: 1693
1101: 1534
1102: 1960
1103:
1104:
1105: 1265
1106: 1842 1165
1107:
1108: 2584 2231
1109: 1455 1434
1110: 1202
1111:
1112:
1113:
1114:
1115:
1116:
1117: 2160 1919
1118: 2134
1119:
1120: 2591
1121: 2579
1122:
1123: 2430 1840
1124:
1125: 1464 1447
1126:
1127: 1716
1128: 1772
1129: 1300
1130:
1131: 1938 1544
1132: 2378 2358 1271
1133: 1449
1134:
1135: 2399 1550 1519 1223
1136: 2545 1325
1137: 2559 2194
1138:
1139:
1140:
1141:
1142: 2098 1453
1143: 2173 2141
1144: 1229
1145: 2085
1146: 2220
1147: 1988 1488
1148:
1149:
1150:
1151:
1152: 2150 2041
1153: 1670 1644
1154:
1155:
1156: 2151
1157: 2589
1158: 1433 1322
1159: 1942 1617
1160: 2337 1783
1161: 1367 1304
1162: 1627
1163: 2015
1164: 2224
1165: 1767
1166: 1725 1471 1403
1167: 2226 1324
1168: 1810
1169: 2057 1454
1170: 2148 1726
1171: 2451 2058
1172:
1173:
1174: 2575 2397 2198
1175: 1405
1176:
1177:
1178:
1179:
1180:
1181:
1182:
1183: 2565
1184: 2282
1185: 1592
1186:
1187:
1188: 1745
1189: 2419
1190:
1191: 2528 2133 2032 1258
1192: 2350
1193:
1194: 1554
1195: 2204 1805 1771
1196:
1197:
1198: 2464
1199: 2280 1412
1200:
1201: 2408 1977 1721 1612
1202:
1203:
1204: 1765 1570
1205:
1206:
1207: 1734
1208: 2372
1209:
1210:
1211: 1976 1848
1212:
1213: 1557
1214:
1215:
1216: 1528 1353
1217:
1218:
1219:
1220: 1880 1350
1221: 1715
1222:
1223: 2339
1224:
1225:
1226: 2368 1949
1227: 1867 1703
1228: 1793
1229:
1230: 2344 1515 1308
1231:
1232: 2551 1583
1233:
1234: 1860
1235: 2539
1236:
1237:
1238:
1239: 2369 1514
1240:
1241:
1242: 1623
1243: 2530
1244: 2201
1245: 1718
1246: 1741
1247:
1248: 2221 1532
1249: 1393
1250: 2101 1372
1251: 2383 2356
1252:
1253:
1254: 2250 2225
1255: 1610
1256:
1257: 1330
1258:
1259: 1591 1586
1260:
1261: 1562
1262: 1731
1263: 1411
1264: 1921
1265:
1266:
1267:
1268:
1269: 2448 1355
1270:
1271:
1272:
1273: 1577
1274:
1275:
1276: 2050
1277:
1278: 2514
1279:
1280: 2408 1977
1281: 2270
1282: 1444
1283:
1284: 1901
1285:
1286: 2499 2453
1287:
1288: 2508 1752 1680
1289: 1609
1290:
1291: 2357
1292:
1293:
1294:
1295: 1836 1398
1296: 1992
1297:
1298: 2523
1299:
1300: 2137
1301: 2588
1302:
1303: 2449
1304: 1619
1305: 1941
1306: 1356
1307: 2577 2381
1308:
1309:
1310: 2611 2172
1311: 2065
1312:
1313: 2431
1314: 2613
1315:
1316:
1317:
1318: 2332
1319: 1575 1360
1320:
1321: 1668
1322: 1467
1323: 2567
1324:
1325: 2149 2111
1326: 2430 1840 1664
1327: 1578
1328: 2518 1987
1329:
1330: 2097
1331:
1332:
1333: 1803
1334:
1335: 2197
1336:
1337:
1338: 2185 1663 1637
1339: 1481
1340:
1341:
1342:
1343: 1816
1344:
1345: 1563
1346: 2385
1347:
1348: 2613 2471 1846
1349: 1903 1413
1350:
1351:
1352: 2525
1353:
1354: 2104 1676
1355:
1356:
1357: 2475 1818
1358: 2302
1359: 1780
1360: 2022
1361:
1362:
1363:
1364: 1711
1365:
1366: 2488
1367:
1368: 1870 1565 1440
1369: 1581
1370: 2500
1371: 2170 1856
1372:
1373:
1374:
1375: 1892
1376:
1377:
1378: 1409
1379: 1885 1812
1380: 1445
1381: 2261
1382:
1383: 1954
1384: 2020
1385:
1386:
1387:
1388: 2180 1546
1389: 2336 2335 2091
1390: 2582
1391:
1392:
1393:
1394:
1395: 2433
1396: 2604
1397:
1398:
1399:
1400:
1401: 1899
1402:
1403:
1404: 2205
1405: 2217
1406:
1407: 2299 1589 1426
1408: 1742
1409:
1410:
1411:
1412:
1413:
1414:
1415: 1811
1416: 1720
1417: 1608
1418: 2019
1419: 2396 2011 1931
1420: 2182
1421: 1712
1422: 1478
1423: 2502
1424: 1584
1425: 1536
1426: 1430
1427:
1428:
1429: 1500 1480
1430:
1431:
1432:
1433: 1517
1434: 1979 1723
1435:
1436: 1962
1437:
1438: 1985
1439: 2267
1440: 1675
1441:
1442:
1443: 1596
1444: 2140
1445:
1446: 2144 1845
1447: 1937
1448:
1449: 2274
1450: 2285
1451: 2499 2453 2016 1914
1452:
1453:
1454:
1455: 2482
1456: 1743
1457:
1458: 2401 2311
1459: 2497
1460:
1461:
1462:
1463:
1464:
1465:
1466:
1467: 2415
1468:
1469:
1470:
1471:
1472: 1835
1473: 1560
1474: 1942
1475: 2089
1476: 2571 1922 1915
1477: 2436 2256 2107
1478: 1688
1479: 2533 2164
1480: 2159 1863
1481:
1482:
1483:
1484: 2324 2071
1485: 1986
1486: 1650 1531
1487:
1488: 2180
1489: 2472 1759
1490: 1593
1491: 1567
1492: 1605
1493: 1732
1494:
1495:
1496: 1779
1497: 2396 2132
1498: 2474 1959
1499: 2550 1689
1500:
1501:
1502: 1758
1503:
1504:
1505:
1506:
1507:
1508: 1547
1509: 1766
1510:
1511: 2244
1512: 2171
1513:
1514:
1515: 1769
1516:
1517: 1763
1518:
1519: 2603 2340
1520: 1719
1521:
1522:
1523: 1702
1524:
1525:
1526: 2505 1864
1527: 1704
1528: 2592
1529:
1530: 1796
1531: 1594
1532:
1533:
1534: 2049
1535:
1536:
1537:
1538:
1539:
1540: 1865
1541:
1542:
1543: 2435
1544:
1545: 2539
1546: 2045
1547:
1548:
1549:
1550: 2400
1551:
1552: 1883
1553:
1554:
1555:
1556: 2216
1557: 1794
1558:
1559: 2535 2099
1560: 1953
1561:
1562:
1563: 2507 2092
1564:
1565:
1566:
1567: 1830
1568:
1569: 2241
1570:
1571:
1572:
1573: 2196
1574:
1575:
1576:
1577:
1578:
1579:
1580: 2415 2289 1897 1817
1581:
1582:
1583:
1584:
1585:
1586: 2391
1587: 1887 1635
1588:
1589: 2297
1590: 2531
1591: 2412 1613
1592:
1593:
1594:
1595: 2277
1596: 2119 1945
1597: 1882
1598:
1599: 2251
1600:
1601: 2287
1602: 1761 1749
1603:
1604: 2152
1605:
1606:
1607: 1787
1608: 2319 1929
1609: 2614
1610:
1611:
1612:
1613:
1614: 2323
1615: 1658
1616:
1617:
1618: 1666
1619: 2338
1620:
1621: 2596 1691
1622:
1623:
1624:
1625:
1626:
1627: 2375
1628:
1629:
1630:
1631:
1632:
1633: 2467
1634:
1635: 1762
1636:
1637: 2549
1638:
1639: 2146
1640: 2407 2239
1641:
1642:
1643:
1644: 2061 1699
1645:
1646:
1647: 2238
1648:
1649:
1650:
1651:
1652:
1653: 2487
1654:
1655:
1656:
1657: 2300
1658:
1659: 1788
1660:
1661: 2207
1662: 1862
1663:
1664: 2121
1665: 2083
1666:
1667: 2602 2213 1889
1668: 1833
1669:
1670:
1671: 2489
1672: 2575 2198
1673: 2093
1674:
1675:
1676:
1677:
1678:
1679:
1680: 1756
1681:
1682: 1928
1683:
1684: 2371 1837
1685:
1686: 2268 2265
1687:
1688: 2360
1689:
1690:
1691:
1692:
1693: 2296
1694: 2346 2118
1695:
1696:
1697:
1698:
1699: 2095
1700: 1994
1701: 1768
1702:
1703: 2240
1704:
1705: 1920
1706:
1707: 2352 2112 1825
1708:
1709: 2515
1710:
1711: 1932
1712:
1713: 1884
1714:
1715:
1716:
1717: 2458 2189
1718: 2326 2203
1719: 2283 1858
1720:
1721:
1722:
1723:
1724:
1725:
1726:
1727:
1728: 2074
1729:
1730:
1731:
1732:
1733:
1734: 2009
1735:
1736:
1737:
1738: 2013
1739:
1740: 2103
1741:
1742:
1743:
1744: 2382
1745:
1746:
1747:
1748:
1749:
1750:
1751:
1752:
1753:
1754:
1755: 1916
1756:
1757: 1786
1758: 2279
1759:
1760:
1761:
1762:
1763:
1764: 2598
1765:
1766:
1767:
1768:
1769:
1770:
1771: 2485
1772:
1773:
1774: 2341
1775:
1776: 2145
1777:
1778:
1779:
1780: 1925
1781:
1782:
1783:
1784: 1813
1785: 2105
1786:
1787:
1788:
1789:
1790:
1791:
1792: 2276
1793: 1917 1823
1794:
1795:
1796: 2588
1797: 2155 1874
1798:
1799:
1800:
1801:
1802: 2317
1803: 2306
1804:
1805:
1806:
1807: 2519 2367
1808:
1809:
1810:
1811:
1812: 2042
1813: 2175
1814: 1900
1815:
1816:
1817: 2066
1818: 2003
1819:
1820:
1821: 2364 1852
1822: 1877
1823:
1824:
1825:
1826:
1827:
1828: 2096
1829:
1830:
1831:
1832:
1833:
1834: 2560
1835:
1836: 2034
1837:
1838:
1839:
1840:
1841:
1842:
1843:
1844: 2036
1845:
1846:
1847:
1848:
1849:
1850:
1851:
1852:
1853:
1854:
1855:
1856:
1857:
1858:
1859: 2587 2200
1860:
1861:
1862:
1863:
1864:
1865: 2476
1866: 2444
1867:
1868:
1869: 2562 2447 2215
1870: 2094
1871: 2601
1872:
1873:
1874:
1875: 1963
1876:
1877:
1878:
1879:
1880:
1881:
1882: 1971
1883:
1884:
1885: 2522 2298
1886:
1887:
1888:
1889:
1890:
1891:
1892: 2156
1893: 2351 2245
1894:
1895: 2206
1896:
1897:
1898:
1899: 2007
1900: 2363
1901:
1902:
1903: 1973 1943
1904: 2084
1905:
1906: 2361 2157
1907: 2177 2018
1908: 2154
1909:
1910:
1911:
1912:
1913: 2077
1914:
1915:
1916:
1917: 2409 2320
1918:
1919:
1920:
1921: 2610
1922: 2070
1923:
1924:
1925: 1965
1926:
1927:
1928:
1929: 1957
1930:
1931: 2534
1932:
1933:
1934: 2563
1935:
1936: 2389
1937:
1938: 2307
1939:
1940:
1941:
1942: 2333
1943:
1944:
1945: 2573 2555
1946: 2192 2188
1947:
1948:
1949:
1950:
1951:
1952:
1953:
1954:
1955:
1956: 2590 2252 2088
1957:
1958:
1959:
1960:
1961:
1962:
1963:
1964:
1965: 1991
1966:
1967:
1968:
1969:
1970:
1971:
1972: 2398
1973:
1974: 2354
1975:
1976:
1977:
1978: 2222
1979:
1980: 2417
1981: 2279
1982: 2046 2027
1983:
1984:
1985:
1986:
1987:
1988:
1989:
1990:
1991:
1992:
1993:
1994:
1995: 2163
1996:
1997:
1998:
1999:
2000:
2001:
2002:
2003:
2004:
2005:
2006:
2007:
2008:
2009:
2010:
2011: 2492
2012:
2013: 2176
2014:
2015:
2016:
2017:
2018: 2186
2019: 2212
2020:
2021:
2022:
2023: 2479
2024: 2127
2025:
2026: 2594 2416
2027: 2195
2028:
2029:
2030:
2031:
2032:
2033:
2034:
2035:
2036:
2037:
2038:
2039:
2040:
2041:
2042:
2043:
2044: 2090
2045:
2046:
2047:
2048: 2598
2049:
2050:
2051: 2437
2052:
2053:
2054:
2055:
2056:
2057:
2058:
2059:
2060:
2061:
2062:
2063:
2064:
2065:
2066:
2067:
2068:
2069:
2070:
2071:
2072:
2073:
2074: 2210
2075: 2568
2076: 2162
2077:
2078:
2079:
2080:
2081:
2082: 2208
2083:
2084:
2085:
2086:
2087:
2088:
2089:
2090:
2091:
2092:
2093:
2094:
2095:
2096:
2097: 2428
2098:
2099:
2100:
2101: 2359
2102:
2103:
2104:
2105:
2106:
2107:
2108:
2109:
2110:
2111:
2112:
2113:
2114: 2187
2115: 2600
2116:
2117:
2118:
2119:
2120: 2167
2121:
2122:
2123: 2281
2124:
2125:
2126:
2127:
2128:
2129:
2130: 2553
2131:
2132:
2133:
2134:
2135:
2136:
2137:
2138:
2139:
2140: 2265
2141:
2142:
2143:
2144:
2145:
2146: 2310
2147:
2148: 2393
2149:
2150:
2151:
2152:
2153:
2154:
2155:
2156:
2157:
2158:
2159:
2160:
2161: 2286
2162:
2163:
2164:
2165:
2166:
2167:
2168:
2169:
2170:
2171:
2172:
2173: 2452
2174:
2175:
2176:
2177:
2178:
2179:
2180: 2552
2181:
2182: 2423
2183:
2184:
2185:
2186:
2187:
2188: 2312
2189: 2373
2190:
2191:
2192:
2193:
2194:
2195: 2493
2196:
2197: 2227
2198:
2199:
2200: 2503
2201:
2202:
2203:
2204:
2205:
2206:
2207: 2271
2208:
2209:
2210:
2211:
2212: 2439
2213:
2214:
2215:
2216: 2509
2217:
2218:
2219:
2220:
2221:
2222:
2223:
2224: 2325 2263
2225:
2226:
2227:
2228:
2229:
2230: 2593
2231:
2232:
2233:
2234:
2235: 2543
2236:
2237:
2238:
2239:
2240:
2241: 2294
2242:
2243:
2244:
2245:
2246:
2247:
2248:
2249:
2250:
2251:
2252:
2253:
2254:
2255:
2256:
2257:
2258:
2259:
2260:
2261:
2262:
2263:
2264: 2572
2265:
2266:
2267:
2268:
2269:
2270:
2271:
2272:
2273:
2274:
2275:
2276:
2277:
2278:
2279:
2280:
2281: 2404
2282: 2536
2283:
2284:
2285:
2286:
2287:
2288:
2289:
2290:
2291: 2463
2292:
2293:
2294:
2295:
2296:
2297:
2298:
2299:
2300: 2402
2301:
2302:
2303:
2304:
2305:
2306:
2307:
2308:
2309:
2310:
2311:
2312:
2313:
2314: 2365
2315:
2316:
2317:
2318:
2319:
2320: 2468
2321:
2322:
2323:
2324:
2325:
2326:
2327:
2328:
2329:
2330: 2405
2331:
2332:
2333:
2334:
2335:
2336:
2337:
2338:
2339:
2340:
2341:
2342:
2343:
2344:
2345:
2346:
2347: 2445
2348:
2349:
2350:
2351: 2561
2352:
2353:
2354:
2355:
2356:
2357:
2358:
2359:
2360:
2361: 2394
2362:
2363:
2364:
2365:
2366:
2367:
2368:
2369:
2370: 2494
2371:
2372:
2373:
2374:
2375: 2411
2376:
2377:
2378: 2498
2379:
2380:
2381:
2382:
2383:
2384:
2385:
2386: 2506
2387:
2388:
2389: 2438
2390:
2391:
2392:
2393:
2394:
2395:
2396:
2397:
2398:
2399:
2400: 2532
2401:
2402:
2403:
2404:
2405:
2406: 2599
2407:
2408:
2409:
2410: 2434
2411:
2412:
2413:
2414:
2415:
2416: 2548
2417:
2418:
2419:
2420:
2421:
2422: 2455
2423:
2424:
2425:
2426:
2427:
2428:
2429:
2430:
2431:
2432:
2433:
2434:
2435:
2436:
2437:
2438:
2439:
2440:
2441:
2442:
2443:
2444:
2445:
2446:
2447:
2448:
2449:
2450:
2451:
2452:
2453:
2454:
2455:
2456:
2457:
2458:
2459:
2460:
2461:
2462:
2463:
2464:
2465:
2466:
2467:
2468:
2469:
2470:
2471:
2472:
2473:
2474:
2475:
2476:
2477:
2478:
2479:
2480:
2481:
2482:
2483:
2484:
2485:
2486:
2487:
2488:
2489:
2490:
2491:
2492:
2493:
2494:
2495:
2496:
2497:
2498:
2499:
2500:
2501:
2502:
2503:
2504:
2505:
2506:
2507:
2508:
2509:
2510:
2511:
2512:
2513:
2514:
2515:
2516:
2517:
2518:
2519:
2520:
2521:
2522:
2523:
2524:
2525:
2526:
2527:
2528: 2581
2529:
2530:
2531:
2532:
2533:
2534:
2535:
2536:
2537:
2538: 2586
2539:
2540:
2541:
2542:
2543:
2544:
2545:
2546:
2547:
2548:
2549:
2550:
2551:
2552:
2553:
2554:
2555:
2556:
2557:
2558:
2559:
2560:
2561:
2562:
2563:
2564:
2565:
2566:
2567:
2568:
2569:
2570:
2571:
2572:
2573:
2574:
2575:
