1: 299 137 104 58 40 35 17 9
2: 479 318 281 210 68 46 11 10 3 1
3: 2956 1971 1967 1144 637 626 572 554 366 177 174 170 134 115 109 105 54 19 4
4: 3164 2759 2552 1993 1697 317 242 156 12 6 5 2
5: 89
6: 3157 2775 2699 2138 1967 1783 1520 1445 1144 865 748 741 573 572 535 485 341 319 267 249 177 174 151 115 109 54 42 28 13 8
7: 341
8: 3071 2409 1124 1082 1035 749 700 413 404 367 345 204 56 44 7
9: 2574 750 524 517 338 193 24 16 15
10: 3039 2415 2302 2108 2063 1728 1726 1638 1584 1388 786 746 450 379 59 38 34
11: 673 111 110 80 49
12: 1489 1110 662 18 14
13: 2843 2472 2288 1844 991 656 552 534 358 248 114 64 45
14: 1877 1444 1373 1339 1209 752 215 172 53 39 31
15: 2027 257 221 180 37
16: 797 283 187 106 23 22 21
17: 882 692 85 27 25
18: 3025 2472 2218 1987 1942 1844 1687 1250 1137 638 312 271 218 205 176
19: 2784 1967 1144 572 375 185 119 62 52 26 20
20: 3110 2179 2038 1560 783 652 98 29
21: 227 126 120 84 50
22: 3201 1151 444 258 107 76
23: 2948 2427 2096 337 298 71 47 41
24: 2951 2910 2892 2104 2019 1923 1645 1508 899 211 33
25: 1694 1606 1379 704 670 395 362 325 253 178 136 66 32
26: 1101 231 199 145 81 30
27: 315 160 128 48
28: 3025 2218 638 271 218 205
29: 2369 2053 1758 1437 1088 401 383 121
30: 3138 2346 2252 2204 1903 1298 700 645 611 520 502 416 381 216 204 144 102 79 43
31: 3193 2920 2346 1298 611 502 381 216 99 96 93
32: 866 83 36
33: 3164 2892 2759 2019 1993 1842 1779 1645 242 156
34: 3110 2992 2038 1484 972
35: 2298 1733 1291 1274 1099
36: 1903 131 77
37: 2227 691 562 301 138
38: 1481 579 123
39: 1967 1144 572 177 174 115 109 54
40: 2192 2108 1728 450
41: 2664 555 60
42: 2415 2139 1726 142
43: 2995 488 266 223 118 75
44: 3102 2502 263 194 183 152 51
45: 1249 1091 919
46: 2926 1285 1083 594 354 169 69
47: 2892 2019 1657 1645 1286 822
48: 2331 1305 449 365 243 181 63 57
49: 2761 2027 2015 677 642 257 180
50: 3182 2891 2606 1593 141 78
51: 3164 2759 1993 1481 579 242 156
52: 3240 1900 666 424 403 359 61
53: 2935 2666 1961 1925 67
54: 1952 1918 436 382 277 270 55
55: 2156 1129 610 356 330 268 217 140 72
56: 2110 1649 1573 751 740 408 159
57: 3170 2313 2170 1416 463 321 311 297 237
58: 1506 1104 984 793 466
59: 2444 2059 1174 1131 698
60: 2544 2178 2048 1921 814 619 603 456 192
61: 3233 2208 1746 1670 959 908 747 661 103
62: 3171 3017 2892 2399 2369 2298 2090 2053 2019 1645 1508 1291 1274 1099 610 356 330 268 217 211 72 65
63: 2761 642 229
64: 3138 1663 1016 802 645 520 416
65: 2610 530 256
66: 2302 2063 1638 1584 786 154 148
67: 1263 1122 1038 913 239 191 70
68: 700 204 144 102 79
69: 2069 2065 1050 618 87 86
70: 3174 3008 2910 2823 2541 2505 2119 1799 1717 1660 921 896 250 95 74
71: 1357 561 149
72: 998 435 97
73: 2995 2956 2572 2032 1937 1790 1622 1025 637 626 366 117 112
74: 226 88
75: 3104 2700 2098 2093 1967 1758 1606 1379 1144 1088 706 572 395 253 177 143 139 115 109 73
76: 2521 2177 1716 1417 569 147
77: 2853 168 166 92 90
78: 1794 758 486 213 157 100
79: 2764 2510 1709 1369 294
80: 3022 2365 1353 920 208 124 82
81: 620 592 419 405 230 195 190
82: 1349 458 393 122 91
83: 2806 1988 1580 1378 893 798 260 245 173
84: 1657 1286 822 125 94
85: 2997 2764 2510 1709 1369 1315 1303 351 294 232 186
86: 1450 1114 1053 575
87: 3076 2923 2345 1049 994 442
88: 1437 401 383 130
89: 2544 814 603
90: 2997 2125 1315 1303 971 559 351 232 129
91: 2837 2457 2354 1186 714 671 171
92: 2574 1899 1029 966 750 524 517 338 273 153
93: 3123 2651 963 861 608 505 336 116
94: 1122 913
95: 1768 320 101
96: 491 326 212
97: 1779 1323 721 411 369 275 197 162
98:
99: 2457 545
100: 2000 623 323 209 155
101: 2775 1445 573 220 108
102: 2951 2815 2483 2472 2430 2421 2104 1845 1844 968 949 933 829 501 453 280 244 189
103: 2756 2695 2556 146
104: 2128 1258 484 329 282 164 132
105: 1581 1571 429
106: 3151 2156
107: 2315 1372 602 431 251 184
108: 3004 2882 2687 2409 2303 1775 749 200
109: 2984 1663 1564 1016 802 233 179
110: 2951 2302 2104 2063 1251 968 829 786 543 501 127
111: 1606 1379 395 253 136
112: 981 364 332 328 246 207 113
113: 3091 2686 2678 2360 2222 2149 1619 1340 1168 604
114: 2815 2483 2421 2042 1667 840 764
115: 3260 3152 3078 1668 1398 1163
116: 1694 1509 1506 1392 1104 984 848 793 670 651 466 362 325
117: 3141 1592 1175 785 511 469 344 331
118: 2100 512 475 133
119: 3261 2916 2826 1511 1076 843 353
120: 1035 367
121: 2548 2445 892 653
122: 2136 161
123: 539 182 135
124: 1869 1185 1073 864 347 305
125: 3157 1783 1520 865 748 741 535 319 249
126: 3173 1881 564 150
127: 3179 1715 1562 1135 958 498 296
128: 2908 2564 1714 1594 914
129: 2851 2486 1374 629
130: 3007 2929 2771 2668 941 513 452 202
131: 2928 1958 219
132: 2649 1087 895 777 459 432 313
133: 2437 2294 2008 1041 224
134: 3044 2843 2288 991 656 552 534 358
135: 1465 1461 1370 720 693 665 480 346
136: 2986 2746 2316 2010 1415 1404 1325 1260 612
137:
138: 3200 1220 1145 1031 541 482
139: 3201 2803 2040 1498 1197 1151 1142 836 566 303
140: 2136 1150 824 766 324
141: 2358 937 518 333 163
142: 3083 1837 1112 500
143: 3004 2230 1835 1628 1507 1336 1213 771 304
144: 2809 2664 2577 2388 2246 516 252
145: 3200 2422 2139 2076 1793 1220 1031 165
146: 2887 2451 2134 2066 1119
147: 3229 2746 2413 2316 1415 1404 1085 834 732 636 542 487 441 426 333
148: 2429 2039 1608 616 576
149: 3182 3127 2606 2050 1960 1729 1593 167
150: 3105 2486 1789 1431 1319 907 805 787
151:
152: 3045 1924 1340 730 586 556 417 235
153: 2304 2156 489 310
154: 2171 1502 409 236
155: 2043 988 406 327 158
156: 1884 384
157: 2900 2474 196
158: 2633 1848 1734 1230 1229 1078 992 805 787 387
159: 3233 2125 2103 288
160: 3101 3015 1948 587
161: 3221 920
162: 779 574 397
163: 2752 1963 1762 1553 1128
164:
165: 464 269
166: 2455 613 264 175
167: 2640 2245 1805 1590 855 609
168: 523 386 285
169: 2433 1568 292 188
170: 2087 1923 899
171: 2765 2027 1986 1587 625 308
172: 1509 848 651 203
173: 3063 2937 2345 1833 1049 994 342
174: 525 279
175: 3127 2401 832 445 389 286 228
176: 1586 1266 806 434
177: 371 360
178: 2633 1878 1734 1575 1475 1230 1078 476
179: 3089 2951 2764 2510 2104 1709 1580 1369 1340 1228 968 945 829 522 515 501
180: 2937 1833 1122 913
181: 2528 2230 2182 1835 1628 1251 1022
182: 3103 2724 2663 2595 2545 1764 1059 400
183: 2605 2185 1785 1780 1116 597 240
184: 3074 2672 2493 1437 309
185: 2289 1859 821 632
186: 2860 2675 2405 2377 1876 1872 1536 206
187: 3211 1601 497
188: 2661 2413 2282 1306 1085 834 636 542 487 441 426
189: 3053 2971 2598 1898 1816 708 198
190: 2061
191: 1939 568 201
192: 1559 962
193: 1768 655 607 377
194: 2193 927 702 225
195: 3241 2610 1790 1221 654 468 247
196: 1473 690 316
197: 2230 1835 1628 1122 1022 913
198: 2306
199: 1817 272 262 255
200: 1421 820
201: 2380 1089 214
202:
203: 2727 1008 980 254
204: 2805 2635 1189 570 378 238
205: 1917 1168 1103 276
206: 3044 2180 418 295
207: 2904 1677 1525 1501 761 339 222
208: 3253 1106 854
209: 3074 2493 261
210: 1159
211: 660
212: 1284 1000 391 372
213: 2817 1955 1886 1602
214: 887
215: 1587 625 446 287
216: 2919 2462 738 457
217: 2745 2067 1259 284
218:
219: 3229 732
220: 895 459 313
221: 352 322 259
222: 2502 2475 1917 1327 1164 1103 402 349 290 234
223: 2528 2182 697 414 291
224: 340
225: 307
226: 1714 914 241
227: 3070 2055 653 490 420 343
228: 2902 1574
229: 3105 2805 374
230:
231: 3226 2415 2048 1455 791
232: 2836 2391 1548 578
233: 1225 1084 944
234: 2455 2216 1567 1287 593 584
235: 2555 495 306
236: 2678 2149 2045 1619 1380 953 884 504
237: 713 565
238: 2964 2820 2335 2334 1724 902 581 370
239: 1074 474 373
240: 2285 1540 1330 1044 739 385
241: 550 278
242: 2761 1685 1595 1097 428 399 289
243: 2914 514
244: 2289 1859 821 632
245: 1134 912 274 265
246: 494
247: 2341 1329
248: 1098 955 679 614
249: 350
250: 3103 2724 2545 2168 1447 1321 544
251:
252: 2328 2009 1883 722
253: 911 641 357 300
254: 2292 2135 1698 1554 546 390
255: 2964 902
256: 1038 410 293
257: 2558 1051 1033
258: 2635 2585 1869 1189
259: 1181 537
260: 1510 780 643
261:
262: 2002 1360 926 585
263: 1557 470
264: 1983 1809 1257 596
265: 3097 3000 2435 2285 1944 1044 739
266:
267: 3247 302
268:
269: 2507 1528 1188
270: 978 754 711
271: 719 430
272: 1513 1420 1405 1180 433 335
273: 2233 1899 901 703 437
274: 3095 2015 677 355
275: 3229 3097 3000 2435 686
276: 3259 2806 2546 1988 1941 1737 1338 893 798
277: 2275 648 627
278: 443
279: 2508 1655 334
280: 2321 1172 1060 533 314
281: 583
282: 1537 684 477 388
283: 3168 1766 1281 1171 696 368 363
284: 2870 1971 1100 977 929 682 617 471
285: 1010 591
286: 3254 1813 877 678 508
287: 1228 945
288: 2750 2479 1478 1138 398
289: 1828 361
290: 2882 2687 2303 1775 1123
291: 2089 600
292: 2959 1474 1108 421 412
293: 3261 2826 2661 2282 1301
294: 2455 1761 1740 613 506
295:
296: 2633 2576 2047 1734 1230 1078 1054 943 826 476
297: 1609 1275
298: 396
299: 2052 2044
300: 1405 1071 1063 768
301: 2870 977 929 471
302: 2139 473
303: 1296 633
304: 2491 1161
305: 2651 462 348
306: 3064
307: 2937 1987 1942 1687 1250 1137
308: 2276 1757 948 701
309: 685
310: 3174 1717 1660 870
311: 2313 407
312: 2122 1426
313: 2144 823
314: 2778 427
315: 2469 2012 1069 712
316: 639
317: 2406 2228
318: 789 551 394
319: 2502 422
320: 635 451
321: 2803 2263 1142 836 566
322: 2228 1530
323: 2178 1921 529
324: 1873 745
325: 905 674 425
326: 2189 1893 1390 1232
327: 3035 2396 2185 1828 1673 1116 650 454
328: 3101 3058 1948 1653 1215 1136 1126 970
329: 3126 1332 909
330: 1673 874
331: 1953
332: 1972 1819 1666 918 733
333:
334: 1780 1077
335: 3076 2923 2735 2176 947
336: 3169 644
337: 3256 3166 2181 2122 1426
338: 1160 447 380 376
339: 2125 971 559
340: 2204 415
341: 1312 788 588 553
342: 2211 1356 867 478
343: 2690
344: 1005 631
345: 2921 2552 1702 1436
346: 2216 1795 1669 1287 593 584
347: 3051 837
348: 2021 1914 1904 1800 1279 483
349: 3251 2476 1485
350: 1538 1046
351: 2621 1629 1111 519
352: 2402 897 630 599
353: 2756 2556 1377 1265 930 782
354: 891 499
355: 2525 1956 1413 392
356: 2603 1651
357: 2453 876 851 845
358: 1076 950 843
359: 2353 472
360: 2550 2223 1940 538
361: 3040
362: 1251 543
363: 3193 2920 773 753
364: 3177 2091 1204 1047
365: 2666 2409 509
366: 1387 1344
367: 3036 1496 1449 1183 531
368: 3110 3024 2038 1995 1331 438
369: 1491
370: 467
371: 2916 496
372: 1987 1942 1880 1687 1391 1043 1027
373: 1647 1640 1624 1068 628
374: 3069 2926 1392 1285 1083
375:
376: 2536 2363
377: 1087
378: 3241 634
379: 557
380:
381: 1820 1657 1569 1376 1286 916 507
382: 2011 1535 1402 830 526
383: 1011 965 759 510
384: 2268 2064 1462
385: 2590 1323 721 423
386: 2430 933 863
387: 589
388: 465 440
389:
390: 2937 2479 2123 1833 595
391: 2501 1389 772 527
392: 2331 1512 1017 847 719 668 615 571
393: 1845 1242 439
394: 1070 858 461
395: 942 815
396: 2650 563
397: 775 448
398: 1411
399: 2735 731 715
400: 1965 1026
401: 1875 778
402: 1232
403: 2859 2678
404: 2350 1741 1064 1062 1037 982
405: 2611 2468 460
406: 1961 1925 1522 1219 985 883
407: 2968 2886 900 590 481
408: 1746 908 455
409: 804 709 577
410: 3009 2090 1930 1851 1439 648
411: 2382 1288 995 857 580
412: 3243 3022 2650 2365 1024
413: 1382 1334 1007
414: 2678 2149 1619 1380 503
415:
416: 2971 1898
417:
418: 2711
419: 2646 2480 2260 1646
420: 2935 1412 751
421: 1036 1002
422: 1187 521 492
423:
424: 2664 727 567 549
425: 1345
426: 1580 1378
427: 2798 1612 1058
428: 3113 1740
429: 2956 2780 2572 2487 2213 2161 2137 2040 2032 1937 1622 1561 1484 1167 1025 637 626
430: 2189 1893 621
431: 1193 1140
432: 2109 794 699 547 536
433: 2479 2244 2123
434: 2703
435: 3259 2410 1991 540
436:
437: 1971
438: 2908 2564
439: 2572 2437 2294 2032 2008 1937 1622 1025
440: 1551
441: 1715 1562 723 605
442: 2729
443: 2220
444: 2947 2846 1773 737
445: 688
446: 3250 1246
447: 548 493
448: 860 528
449: 3054
450: 2650 582
451: 2027 1736 790
452: 1030
453: 3027 2837 1186
454: 2924 2353 1664 598
455: 725
456: 647
457: 2797 1373 1339 752
458:
459: 1576
460: 2280 1626 1430 1217 976
461: 1933 1869 1460
462: 2808 2786 2569 2394
463: 2963 1765 1039
464: 2393 680
465: 2789 2406 2135 835
466: 1086 954 795
467: 1986
468: 2210 2188 1727 1596 792
469: 1072
470: 1396 946 532
471: 1197
472: 729
473: 2748 2386 1814 1742 1712 1353 1191 1094
474: 2995 2935 1412 904
475: 2685 762
476: 3095 2454 956
477: 1778
478: 1278 658
479:
480: 2586
481:
482: 2646 2480 2260 1932 1646 1355 1261 799
483: 3123 2775 1445 1365 1184 963 861 765
484: 2315 1372
485: 1070 558
486: 3217 986 810
487: 2756 2556 1377 1265 930 925 782
488: 3094 2980
489: 2893 1867 784
490: 1842
491: 2226 1499 624
492: 2131 1459 1375 681 622
493: 2805 1201
494: 910 755
495:
496: 1199
497:
498: 2361 2239 1550 915
499: 2238 974 880 825 781
500:
501: 3054 2492 1792 1115
502: 3102
503: 2900 2474 1906 716
504: 3175 1791 1500 807
505:
506: 1169 873 828
507:
508: 1512
509: 2898 2642 1061 923
510: 2577 1182 560
511: 3172 2172
512:
513: 2453
514: 2040 1167 1118
515: 3135 1683 1682 844
516: 1878 1575 776 606
517: 841
518: 2595 903
519: 2482 969
520:
521: 3146 2780 1748 1153
522: 1206 1141 1130
523:
524: 2227
525: 1320 881
526: 601
527: 2324 2194 1302 742
528: 2281 1472 1362
529: 3092 1657 1286 822
530: 1483 818
531: 1109 683
532: 2735
533: 2820 1753
534: 1273
535: 2989 2799 2275 1822 1614
536: 2408 1440 734
537: 3002 889
538: 3167 2873 2348 1862
539: 2206
540:
541: 2690 2139 1547 1471
542: 2475 1327 1164 669
543: 1491 664 659
544: 2912 718
545: 976
546: 2898 2254
547:
548: 3222 2762 2259 2201 1030 931
549:
550: 2332
551: 2922 1326 1179 695
552: 2047 1598 1054 943 826 657
553: 2535 1350 1194 1178 1121 853
554: 2576
555: 2986 2010 1325 1260
556: 1367 819
557: 3256 3166 2501 2181 770 760
558: 2994 724
559: 3029 842
560: 728
561: 2743 1945 1407 687
562: 1761
563:
564: 1310 710 646
565:
566:
567: 675
568: 3110 2038 1433
569: 2398 1644
570: 2031
571: 2520 2082 1205
572:
573: 2577 1182
574: 3089
575: 2061 983
576: 2646 2588 2480 2455 2370 2277 2260 2248 1646 1435 1280 928
577: 3242 649
578: 3158 906
579: 2602 2167
580:
581: 3004 839
582: 2462
583: 1262
584: 2875 1105
585: 808
586: 3126 2196 1480
587: 3002 2106 1950 973
588: 3027 1923 899
589: 1133
590: 852
591: 2737 1418
592: 2688 2677 1424
593: 2886 2047
594: 3221 2621
595: 2287 1613 850
596: 3004
597: 2537 2278 676
598: 2058 869 689
599: 1980 952
600: 2592 809 705 663
601: 1208
602: 2511 1272
603: 2259 1271
604: 1368 796
605: 640
606: 3110 2038 1498
607: 1848 1229 992
608: 2277 2248 1578 1505 811 800
609: 2381 2011 1535 1402 707
610: 2961 2797 2373
611: 3184
612: 1830
613: 1143
614: 2412 2162 1968 1381 997
615: 940 717
616: 2675 1556 1282
617: 1795
618: 2333 1493 1304
619: 1697 961 886 833
620: 3189 935
621: 2900 2474
622: 694
623: 3043 2236 1827 831
624: 936 859
625: 1226
626: 1616
627: 2140 1582 1572 1092
628: 2748 2651 1742 1191 1094
629: 2910 921 896
630:
631: 2188 1825
632: 1653 1126 667
633: 2329 2300
634: 1902 1684 1342 846 801
635: 2335 2334 2275 1724 672
636: 1333
637: 871 757
638: 2155 951
639: 1394 924
640: 1134 838
641:
642: 3097 3000 2435 1944
643: 2998 2863 2476 1117
644: 922 744
645: 2137
646: 3036 2796 2676 1987 1942
647: 3259 1941
648: 2914 1012
649: 1156 1004
650: 2255
651: 2576 1817 763
652: 1095
653: 2301 2257 2231
654: 816
655: 2534 2442 1403
656: 3013
657: 769
658: 2762 2684 931
659: 2169 1241
660: 3036 2004 1496 1449 743
661: 957
662: 2736 1674
663: 2991 1611
664: 1248
665: 2056 1222 1173 1158
666: 1432
667: 2840 856
668: 3240 1019
669: 2824 2528 2182
670:
671: 1160
672: 3070 2055
673: 1998 1914 1904 1800 1798 1479 1434 1300 1227
674: 1020
675: 1896 726
676: 2546 1338
677: 2865 1641 1293 813
678: 2602 2167 736
679: 1854 872
680: 2202 1006 756
681: 1400
682: 2520 735
683: 2285 2111 1811 1458 1044 774
684: 2915 2305 1113
685: 1322 898
686: 2794 2099 939 878
687: 2299
688: 3165 2595 1324 1243 1155
689: 888 817
690:
691: 2444 2059 1131
692: 2846 767
693: 2789 1802 1200
694:
695: 2987 1928
696: 1625 1585
697: 2924 2878
698: 1042
699: 3252 812
700: 2932 1997
701: 3130
702: 803
703: 2832 2368 2267
704:
705:
706: 938
707: 3069 1231
708:
709: 2776 2417 1642 1125 885
710: 3221
711: 1283
712: 1077
713: 2521
714: 1583
715: 3087 2829 2525 1413 1107
716: 2157 1066
717: 1034
718: 894
719: 1504
720: 3010
721: 3106 1343 1021
722: 1839
723:
724: 1129
725: 2306
726: 2392 2190 1656 1419
727: 3182 3068 3062 2606 1593 1361 1244
728: 1812 1255 989
729: 879
730: 1003
731: 1831
732: 2422 2076 1793
733: 3044 2006
734: 2471 1311
735: 2746 2316 1938 1604
736: 3217 2653 1704
737:
738: 3124 2450 875
739: 2770
740: 2009 1883
741: 827
742: 1195 1090 890
743: 1373 1339
744: 2992 972
745: 1563
746:
747: 2594 1964
748: 2705
749: 3046
750: 1515
751: 2200 1731 1297
752: 862
753:
754: 1792
755: 2974 2863 1040 967
756:
757:
758: 1223
759: 3238 3221 1045
760:
761: 1081
762: 2978 1254
763: 2441 1722 1679 1466 1316
764: 1517 1406
765: 1387 1344
766: 849
767:
768: 2624 1769
769: 1190
770:
771: 2320 1443
772: 1252 975
773: 1023
774: 1788
775: 1318
776:
777: 964
778: 1079 1075 917
779: 1318
780: 3161 1468
781: 2543 1986
782: 3171 3017 2399
783: 2961 2009 1883 868
784: 1772
785: 2075 1384 1139
786:
787: 2519
788:
789:
790: 1577 932
791: 3219 2338 1882 1534 1337
792: 1018
793: 1289
794: 1414
795: 2753 2230 1835 1359
796: 2948
797: 3090
798: 3259 1941 1013
799:
800: 2135
801: 2657 1846 1203
802:
803: 2302 1638 1584 1118
804:
805:
806: 2046
807: 2134 2066
808: 1732 1067
809: 1574
810: 1884 1052
811: 2727
812: 1549
813: 3152 3078 1235
814: 2860 2405 1872 1527 1015
815: 2943 2186 1870
816: 1492 1014 960
817: 3173
818: 1210
819: 2843 2424 2288
820: 3178 2557 1290
821: 3251
822: 2716 2113 1341
823: 2207 2078
824: 2162 1968
825: 1737
826: 2012
827: 1486
828: 2062 987
829: 1526
830: 3103 2724 2545
831: 1693
832: 2261 1922 1328
833: 1667
834: 2475
835: 1858
836: 2374 2351
837: 2811 2659 1976 1056
838: 2989 2799
839: 2746 2316 2114 2089 1949 1347 996
840: 2305
841: 2071
842: 3222 2554 2201 1218
843: 2645 2617 2438 934
844:
845: 2764 2510 2427 2096 1869 1709 1149
846:
847: 1427 1146
848: 1202
849: 1589
850:
851: 2489
852:
853: 1956
854:
855: 2423
856: 3136 2725
857: 2191 1363
858: 2916 2310 2018
859:
860:
861: 3099 1211
862: 2205
863: 2102
864: 1469
865: 2646 2480 2260 1646
866:
867: 2557 1637 1268 1057 999
868: 2141 1979
869: 2193 1132
870: 2912
871: 990 979
872:
873:
874:
875: 993
876: 2324
877: 3239 3066
878: 1267
879: 2524 1490
880: 1127
881: 1313
882: 3235 3052
883:
884: 3187 3011 1692 1463
885: 3142 1376
886: 1699
887:
888: 1607
889: 2221 1524 1009
890: 1165
891: 3185
892: 3208 1270
893: 1869 1028
894: 2991 1177
895: 2922 1162
896: 2254
897: 3248 2658 2370
898: 2322 1001
899:
900:
901:
902: 3094
903: 2411
904: 1639 1032
905: 1836 1591 1555 1383
906:
907: 2906 2124
908: 3143
909: 2627
910: 1233
911:
912:
913: 1240
914:
915: 1451
916: 2929 2771 2668
917: 1055 1048
918: 1689 1253
919:
920: 3151 2060 1264
921:
922: 1671
923: 2085 1688
924: 2854 2196 1808 1480
925: 2947 2470 1256
926:
927: 2379 1747 1295
928: 2256
929: 1632
930: 2675 1096
931: 1120
932: 1154
933: 1681
934: 2661 2282 1306
935: 2807 1908
936:
937: 1890
938: 2948
939: 2897
940: 2272 2150
941: 1152
942:
943: 2362
944:
945: 2617 1999 1425 1395
946: 1529 1495
947: 2602 2392 2167 1656 1080
948: 2388 2246 1634 1597
949:
950:
951: 1912
952:
953: 1668 1398 1163
954: 1838
955: 2016
956:
957: 1998 1798 1065
958: 2770 1393
959: 3014
960:
961: 2463 1565
962: 1335
963: 2538 2005 1292
964: 3219 1207
965:
966:
967: 1706 1695 1198
968: 1157
969: 2073 1224
970: 3170 2170
971: 2184 1236
972: 1467
973:
974: 3053 1816 1238
975: 2797
976: 2937 1833 1723
977: 2487 2213 2161
978:
979: 2573 1648
980: 1493
981: 2685 2488
982:
983: 3067
984: 1843
985: 1503 1409
986: 2090 1148 1093
987:
988: 1975
989: 1558
990: 1992 1464
991:
992: 2590 1533
993:
994: 2616 2529
995: 2875 1105
996: 1784 1755 1442
997: 2378
998: 1697
999: 2157 2054
1000: 1787 1428 1214
1001: 1588
1002: 3120 3083
1003: 2839
1004:
1005: 2535 1170
1006: 3082
1007: 1891 1212
1008:
1009:
1010: 3205 1822 1614 1196 1102
1011: 1931
1012:
1013: 2788 1650 1477
1014:
1015: 2721
1016: 2532 2449 2297
1017: 1237
1018:
1019: 2682 1531
1020:
1021: 1692 1463 1350 1194 1178
1022: 3173 1881
1023: 2613 1744
1024: 2242
1025: 2232
1026:
1027: 2958 2121 1453
1028: 2486 1789 1431 1319 1147
1029: 1985
1030: 1441
1031:
1032: 2628 1216
1033: 1599
1034: 1457
1035: 1661
1036: 3063 1192
1037: 2503
1038: 2790
1039:
1040: 3024 1995 1456
1041: 1824
1042:
1043: 3118 2968 1652 1299
1044: 1651
1045:
1046: 2413
1047:
1048: 1771 1546
1049:
1050:
1051: 2780 1561 1247
1052:
1053:
1054: 1269
1055: 2280 1430 1234
1056: 3258 2669
1057: 2991
1058:
1059: 1899
1060: 2644 1797
1061:
1062: 2554
1063: 2017
1064:
1065:
1066:
1067: 1643 1630
1068:
1069:
1070: 2957 1826
1071:
1072: 1857 1429
1073: 2364 1982
1074: 1166
1075:
1076: 2922 2328
1077:
1078: 2990
1079: 2953 2697 1897 1707
1080: 2703 1239 1176
1081:
1082: 2528 1452
1083: 2470 2299
1084: 2662 2604 2340 2198
1085: 1277
1086:
1087: 2133
1088:
1089:
1090: 1422
1091:
1092:
1093:
1094:
1095:
1096:
1097: 2425 1841
1098: 2561 1545 1386
1099:
1100: 3016 2203 1615
1101: 3228 2930 1399
1102:
1103: 1307
1104: 2200 1731
1105: 1961 1925
1106: 3118
1107: 2158 1832 1352
1108: 2101
1109: 2199
1110: 2037 1514
1111: 2944
1112:
1113: 3209
1114: 2244 2107
1115: 2860 2405
1116: 3172
1117: 1371
1118: 3253 2168 1866 1850
1119:
1120: 3050 1494 1423
1121: 3019 2670
1122:
1123:
1124: 2617
1125:
1126: 3133 2195 1888
1127: 3076 2923 1448
1128: 1366
1129: 2497 2412
1130:
1131: 3211
1132: 3233 2103 1544
1133: 2974
1134: 1920
1135:
1136:
1137:
1138:
1139: 3116
1140:
1141: 2708
1142:
1143:
1144: 3209
1145: 1856
1146: 1699 1401
1147:
1148: 2767 1627 1603
1149: 1871
1150:
1151:
1152: 1519
1153:
1154: 2447
1155: 2383 1633 1245
1156: 2655
1157:
1158:
1159: 2264
1160: 3197 1532
1161:
1162:
1163: 3225
1164: 1792
1165: 2981
1166: 1781
1167:
1168: 1752 1745 1276
1169:
1170: 2818
1171: 2336
1172:
1173: 3067
1174: 2269
1175:
1176: 3088
1177: 2515
1178:
1179:
1180:
1181: 2273 1676
1182: 1700
1183: 2266 1487 1351 1294
1184:
1185: 1385
1186: 1691
1187: 2110 1649 1573
1188:
1189: 2130 2129 1488 1308
1190: 3137
1191:
1192:
1193:
1194: 1853 1852
1195: 2690
1196: 2241 1914
1197:
1198: 2265
1199: 1623
1200:
1201: 1470 1408 1354
1202: 2629 2035
1203: 1317
1204: 1750
1205: 3126
1206:
1207: 2888
1208:
1209:
1210: 1397 1358
1211: 2739 1710
1212: 2293
1213: 1860
1214: 2669 1314
1215: 3142 2939 2607 2250
1216: 2118
1217:
1218: 2558
1219:
1220: 1309
1221: 2503
1222: 3149 1570
1223:
1224:
1225:
1226: 3001 2793
1227: 1364
1228: 2361 2239 2163 1959 1410 1346
1229: 2834 1823
1230: 2702 1521
1231: 2568
1232:
1233: 3027 2776 2417 1523
1234:
1235: 2252
1236:
1237:
1238: 2567
1239:
1240: 1973 1690
1241:
1242: 2177
1243: 2861 1552
1244: 2702 1863
1245:
1246: 2297
1247: 2552
1248:
1249: 2591 1617 1605
1250:
1251: 1348
1252:
1253:
1254:
1255: 1542
1256:
1257: 1834 1497
1258: 2615
1259: 2869 2856 1770
1260:
1261:
1262: 2385 1840
1263: 2566
1264: 2846
1265: 2970 1901
1266: 2637 1855
1267:
1268:
1269:
1270:
1271: 1951 1879
1272: 2001
1273: 3140
1274:
1275: 2014
1276: 2295 1994 1518
1277: 2680 2600 1662 1446
1278: 1905
1279: 2881 1708 1658
1280: 3206
1281: 2918 2386 1814 1712
1282:
1283: 1749 1739
1284:
1285: 2224
1286: 2144
1287: 1636
1288:
1289: 1977
1290: 1957
1291: 3245
1292: 2034
1293: 2570
1294: 2691
1295:
1296:
1297: 2187 1476
1298:
1299:
1300:
1301: 2455 2390 1926
1302:
1303:
1304: 1438
1305:
1306:
1307: 2274 1705
1308:
1309: 2217
1310: 3174 2550 2223 1940 1717
1311: 2394
1312: 1943
1313:
1314: 3191
1315:
1316: 2769 2743 2068 1945
1317: 2885 2787 1962
1318: 2208 1767
1319: 2349
1320:
1321: 3129 1711
1322: 1815 1541
1323: 2654 1454
1324:
1325: 1910
1326:
1327:
1328: 2720 2023
1329:
1330:
1331: 2622
1332: 1786 1725
1333:
1334:
1335: 2190
1336:
1337: 2296 1776
1338:
1339:
1340:
1341: 3092
1342: 2191
1343: 2971 1898
1344: 3150
1345: 2579 1892
1346: 2357 2030
1347: 2783 2455
1348: 1888
1349:
1350:
1351: 2612 1751 1659
1352: 3008 2541 2119 1799
1353: 2237
1354: 2717 2356 2120
1355: 1810 1482
1356:
1357:
1358:
1359: 2597 2145
1360:
1361:
1362:
1363: 1998 1798
1364: 2528 2182
1365:
1366: 2936
1367:
1368: 1907 1621
1369:
1370:
1371:
1372:
1373:
1374: 1913
1375: 2506
1376: 1829
1377:
1378:
1379:
1380:
1381:
1382: 3002
1383:
1384: 1516
1385: 2809 2386 1814 1712
1386: 1895
1387: 2778 2080
1388:
1389: 1600
1390: 1804
1391: 2997 2309
1392: 3182 2606
1393:
1394: 3080
1395: 1935
1396: 1915
1397: 2419 1756 1610
1398:
1399: 3035 2396 1566
1400: 2024
1401:
1402: 2337
1403: 2094 1990
1404:
1405: 2890
1406: 2325
1407: 2065
1408:
1409:
1410:
1411: 1620
1412: 2307 1579
1413:
1414: 2441 1774
1415:
1416:
1417: 2212 1989
1418: 2431
1419: 2828 2571
1420: 2033
1421: 2585
1422: 2804 2439 1539
1423:
1424:
1425: 2500 1806
1426: 3149 1713
1427:
1428: 3003
1429: 1543
1430: 3006
1431: 1929
1432: 3020 2838 2420
1433:
1434:
1435:
1436: 1618
1437:
1438: 2907
1439:
1440: 2097 2007
1441:
1442: 2844
1443:
1444: 3104 2700
1445:
1446:
1447: 2152
1448:
1449:
1450: 3179
1451: 2051
1452: 2330 1801
1453: 3109 2945 2339 1678
1454:
1455: 2154 1654
1456: 2850 2713
1457: 3109
1458:
1459:
1460: 3197
1461: 2116
1462:
1463: 3043 1996
1464:
1465: 3029
1466: 2555
1467: 2428 1730
1468: 2414
1469:
1470:
1471: 2559
1472:
1473: 2940 2841 2003
1474: 3168 3067 1635
1475: 1889 1782
1476:
1477: 1818
1478:
1479: 2025
1480: 2371
1481: 2461
1482: 2526 1675
1483:
1484:
1485: 2530
1486:
1487:
1488: 1887
1489: 2913 1885
1490:
1491: 3086
1492:
1493: 1947
1494: 3208
1495: 2459
1496:
1497: 1981
1498: 3034 2987 1978
1499: 2234
1500: 2266
1501: 1665
1502: 3136 2725
1503:
1504: 1672
1505:
1506: 2896
1507: 3005
1508: 2772
1509: 2591
1510:
1511: 1803 1631
1512:
1513: 1735
1514: 2434 1909
1515:
1516:
1517: 2657
1518: 3098
1519: 2644
1520: 2509
1521:
1522:
1523:
1524: 3100 2404 2326
1525: 2311
1526: 3210 2964
1527: 2848
1528: 2344
1529:
1530: 1696
1531: 2160
1532: 2463 1686
1533: 1703
1534:
1535: 2215
1536: 2159 2146
1537:
1538: 1821
1539: 2072
1540:
1541: 2903
1542: 1680
1543: 2745 2084
1544:
1545: 1807
1546:
1547: 2820 1719
1548:
1549: 2197
1550: 2891
1551: 2728 1934
1552: 2378
1553: 3203 2620
1554:
1555: 2911 2867
1556: 3033 2158 2079 1701
1557: 2969 2259
1558:
1559:
1560: 1865
1561:
1562: 2801 2719
1563:
1564:
1565: 3083 1837 1796
1566:
1567:
1568: 2530
1569: 2147
1570:
1571: 2451
1572: 1777
1573: 2679
1574:
1575: 2436
1576:
1577: 2827 2219 1720
1578:
1579:
1580:
1581: 2872 2575
1582:
1583: 2295
1584: 1966
1585:
1586: 1864
1587: 1738
1588: 3135
1589:
1590: 2069
1591: 2864 2540
1592:
1593: 2514
1594:
1595: 2263
1596:
1597:
1598: 1721
1599:
1600: 1743 1718
1601: 2857
1602:
1603: 2290
1604:
1605: 3133
1606: 3134
1607: 2381
1608:
1609:
1610: 2627
1611:
1612:
1613: 1984 1754
1614:
1615: 3248 2658 1759
1616: 1763
1617: 2214
1618:
1619: 3122 2456
1620: 2183
1621: 2783
1622: 2352
1623:
1624:
1625: 2022
1626:
1627:
1628: 1849
1629:
1630:
1631:
1632: 1861
1633:
1634: 1954
1635: 2941 2678
1636:
1637: 2237 1936
1638: 2496
1639: 1911
1640: 2589
1641: 2083
1642:
1643: 2460
1644:
1645:
1646: 2742
1647:
1648: 2412
1649: 3234
1650:
1651: 2972
1652:
1653: 3207
1654:
1655: 2726 2710 1916 1760
1656:
1657: 2366
1658: 2384
1659: 2582
1660:
1661:
1662: 2225 2095
1663: 2633 2077
1664: 2747
1665: 2153
1666: 3053 2192
1667: 2253
1668: 2608
1669: 2142
1670:
1671:
1672:
1673:
1674:
1675: 2166
1676:
1677: 2974
1678: 2673
1679:
1680:
1681:
1682: 2662 2340 2198
1683: 2359
1684:
1685:
1686: 3069 2636
1687: 2397
1688: 3142 2375
1689:
1690: 3057 2810 2689
1691:
1692: 2648
1693: 2271
1694: 1927 1847
1695:
1696: 3226
1697:
1698:
1699:
1700:
1701: 2736
1702:
1703:
1704: 1874
1705: 3236 2578
1706: 3081 1919
1707:
1708:
1709:
1710:
1711:
1712: 2991
1713:
1714:
1715: 3154
1716:
1717: 1868
1718: 2494 2086
1719: 1946
1720:
1721: 2942
1722:
1723: 2013
1724: 1894
1725:
1726: 2898 2642
1727: 2389 2283
1728: 2197
1729: 2583
1730:
1731:
1732:
1733: 2117
1734: 2020
1735: 2672 2530
1736:
1737:
1738:
1739:
1740: 3205
1741: 2542 1970
1742: 3205
1743: 2049
1744: 2731
1745: 3152 3078
1746:
1747:
1748:
1749:
1750:
1751:
1752: 2452
1753: 2946
1754:
1755: 2862
1756: 2174
1757: 2846
1758: 2308
1759:
1760:
1761: 2279 2126
1762:
1763:
1764:
1765: 2869 2856
1766:
1767:
1768:
1769: 2744 2565
1770: 2549
1771: 2927
1772:
1773: 2904
1774:
1775:
1776:
1777: 2148
1778:
1779: 2269
1780:
1781:
1782:
1783:
1784:
1785: 2749
1786:
1787: 3215
1788: 2694 2270
1789: 2696
1790:
1791: 2314
1792:
1793:
1794: 3235 3052
1795: 3120
1796: 2653
1797:
1798: 2821
1799: 2879
1800:
1801:
1802:
1803: 3014
1804:
1805: 2036
1806: 2855
1807:
1808:
1809: 2164
1810:
1811:
1812:
1813:
1814:
1815:
1816:
1817:
1818:
1819:
1820: 3237 2464
1821: 2105
1822:
1823: 3231 2319
1824: 1969
1825:
1826:
1827:
1828:
1829:
1830:
1831: 2625 2229
1832:
1833: 2026
1834:
1835:
1836:
1837: 2209 2175
1838:
1839:
1840: 2632 2041
1841: 2473
1842:
1843:
1844: 1974
1845:
1846: 2692 2284
1847:
1848:
1849:
1850:
1851: 2641 2240
1852:
1853:
1854: 2655 2426 2074
1855: 2342
1856:
1857: 2327 2173
1858: 3232
1859:
1860: 2349
1861: 2714 2115
1862: 2092
1863:
1864:
1865:
1866: 3125
1867: 2698
1868: 2765 2704
1869: 2596
1870: 2070
1871:
1872: 2495
1873: 2432
1874: 2698
1875: 2903 2652 2593
1876: 2601
1877:
1878: 2504 2395 2028
1879:
1880:
1881:
1882: 2249
1883: 3113
1884: 2057 2029
1885:
1886:
1887:
1888: 2905 2760
1889: 2258
1890: 2962
1891:
1892: 2372
1893: 2813
1894: 2537 2151
1895:
1896:
1897:
1898:
1899:
1900:
1901: 3155
1902:
1903: 2814 2562
1904: 2985
1905:
1906:
1907: 2235
1908:
1909:
1910: 2819 2112
1911:
1912:
1913: 3129
1914:
1915: 2318
1916:
1917: 2738
1918:
1919: 2243
1920:
1921:
1922: 2527
1923: 2407
1924: 2883 2568
1925:
1926: 2081
1927:
1928: 2768
1929:
1930:
1931: 2950
1932:
1933: 2773 2132
1934:
1935:
1936:
1937: 2795
1938:
1939: 2088
1940:
1941:
1942:
1943: 2733
1944:
1945:
1946:
1947: 2684
1948:
1949:
1950: 2707
1951: 2517
1952:
1953:
1954:
1955:
1956: 2443
1957:
1958:
1959:
1960:
1961: 2498
1962:
1963: 2512 2165
1964:
1965:
1966: 2871 2266
1967:
1968:
1969:
1970:
1971:
1972: 2873 2418
1973: 3023 2866
1974:
1975:
1976:
1977:
1978: 2400
1979: 2800 2127
1980: 3059
1981:
1982: 3079 2647
1983: 2478
1984:
1985: 2842
1986:
1987:
1988:
1989: 2984
1990: 3147
1991:
1992:
1993:
1994:
1995:
1996: 2440
1997: 2143
1998: 2547
1999:
2000: 2766 2619
2001:
2002: 3176 2949
2003: 2932
2004: 3065 2317
2005: 3183 2614
2006:
2007:
2008:
2009:
2010:
2011: 2683
2012:
2013: 2844
2014: 2286
2015:
2016:
2017: 2458
2018:
2019: 2291
2020:
2021: 3056 2662
2022:
2023:
2024: 2531
2025: 3061
2026: 3224 2247
2027:
2028:
2029: 2965
2030:
2031: 3163 2712 2639
2032:
2033:
2034:
2035:
2036:
2037: 3224 2251
2038: 2355
2039:
2040: 2802
2041:
2042:
2043: 2475
2044: 2618
2045: 2830 2630
2046: 2560
2047:
2048: 2649
2049:
2050:
2051:
2052:
2053: 2781
2054:
2055:
2056:
2057: 2779
2058:
2059:
2060:
2061:
2062: 3215
2063:
2064: 2466
2065: 3014 2917
2066: 3015
2067:
2068:
2069: 2722 2681
2070:
2071:
2072:
2073:
2074: 2785
2075:
2076: 2800
2077:
2078:
2079: 2786
2080:
2081:
2082:
2083:
2084:
2085:
2086: 3093 2485
2087: 2774
2088: 3132
2089:
2090:
2091:
2092:
2093:
2094:
2095:
2096:
2097:
2098: 3101
2099:
2100:
2101:
2102:
2103:
2104:
2105: 2312
2106: 2323
2107:
2108:
2109:
2110:
2111:
2112:
2113:
2114:
2115: 3212
2116: 2387
2117: 2262
2118:
2119:
2120:
2121:
2122: 2858
2123:
2124: 2347
2125:
2126:
2127: 2376
2128: 2465
2129:
2130:
2131:
2132:
2133:
2134:
2135: 3075
2136:
2137:
2138:
2139: 2416
2140:
2141:
2142: 2777
2143: 2983 2516
2144:
2145:
2146:
2147:
2148: 2343
2149:
2150:
2151: 2403
2152: 3153
2153:
2154: 3255 2754
2155: 2481
2156:
2157:
2158:
2159:
2160:
2161:
2162:
2163:
2164:
2165:
2166:
2167: 2448
2168:
2169:
2170:
2171:
2172:
2173:
2174: 2880
2175:
2176:
2177: 2812
2178:
2179: 3213 2718
2180: 2599
2181: 2706
2182:
2183:
2184: 2835
2185: 3232
2186: 3091
2187:
2188: 2741
2189:
2190:
2191: 2477
2192: 3162
2193: 2446
2194:
2195:
2196: 2467
2197:
2198: 2993 2518
2199: 2622
2200: 2988 2894
2201:
2202:
2203:
2204:
2205:
2206: 2674
2207:
2208:
2209:
2210: 2876
2211:
2212:
2213: 2909
2214:
2215:
2216: 2999
2217:
2218:
2219: 2665
2220: 3139
2221:
2222:
2223: 2522
2224: 2553
2225:
2226: 2367
2227: 2539 2484
2228:
2229:
2230: 2692
2231:
2232:
2233:
2234:
2235:
2236:
2237: 3030
2238:
2239:
2240:
2241:
2242:
2243:
2244:
2245:
2246:
2247: 2667
2248:
2249: 3032 2952
2250: 2626
2251:
2252:
2253:
2254: 2751
2255: 3188
2256: 2884 2609
2257: 2631
2258: 2889
2259: 3204 3096
2260:
2261: 3145
2262:
2263: 3038
2264: 2693
2265:
2266: 3115
2267:
2268:
2269:
2270:
2271:
2272: 2709
2273:
2274: 2533
2275:
2276:
2277:
2278:
2279:
2280:
2281: 2623
2282: 2490
2283: 3042
2284:
2285:
2286: 2757
2287: 3072
2288:
2289: 2954
2290: 3230
2291:
2292:
2293:
2294: 2671
2295: 2845
2296:
2297:
2298:
2299: 2513
2300:
2301: 2523
2302:
2303:
2304: 2638
2305: 2901
2306:
2307:
2308:
2309:
2310:
2311:
2312:
2313: 2660
2314:
2315:
2316:
2317:
2318:
2319:
2320: 2919
2321: 3031
2322:
2323:
2324: 2791
2325:
2326: 3111
2327:
2328:
2329:
2330: 2852
2331:
2332:
2333:
2334:
2335:
2336:
2337: 2551
2338:
2339:
2340:
2341: 2831
2342:
2343: 3012 2955
2344:
2345: 3047
2346:
2347: 3121
2348:
2349:
2350: 2825
2351:
2352: 2499
2353:
2354: 3190
2355:
2356:
2357:
2358:
2359:
2360:
2361: 3055
2362:
2363: 3028 2656
2364:
2365:
2366:
2367:
2368: 2701
2369:
2370:
2371:
2372:
2373:
2374:
2375: 2581
2376:
2377: 3144
2378:
2379:
2380:
2381:
2382:
2383: 2587
2384:
2385:
2386:
2387:
2388:
2389:
2390: 3246 2584
2391:
2392:
2393: 3214
2394:
2395:
2396: 3131 2563
2397:
2398:
2399:
2400: 2931
2401:
2402: 2868
2403:
2404: 2715
2405:
2406:
2407:
2408:
2409: 2979
2410:
2411:
2412:
2413: 3199
2414:
2415:
2416:
2417:
2418: 2643
2419:
2420:
2421:
2422:
2423:
2424:
2425: 3218
2426:
2427:
2428:
2429:
2430: 2580
2431:
2432: 3077
2433: 2934
2434:
2435:
2436: 2877
2437: 2847
2438:
2439:
2440:
2441:
2442:
2443: 3227
2444:
2445:
2446:
2447:
2448:
2449:
2450: 2730
2451:
2452:
2453: 2763
2454: 2822
2455:
2456:
2457:
2458:
2459:
2460:
2461:
2462:
2463: 2973
2464: 2899
2465:
2466: 2816
2467: 3192
2468:
2469: 3084
2470:
2471:
2472: 2732
2473:
2474: 2634
2475:
2476:
2477:
2478:
2479:
2480:
2481: 2982
2482:
2483: 3026
2484:
2485:
2486: 3194
2487:
2488:
2489:
2490:
2491:
2492:
2493:
2494:
2495:
2496: 2833
2497:
2498:
2499:
2500:
2501:
2502:
2503:
2504: 2933
2505: 2874
2506:
2507:
2508:
2509:
2510:
2511: 2792
2512:
2513: 3181
2514:
2515:
2516: 3021 2895
2517:
2518:
2519:
2520:
2521: 3073
2522:
2523: 2938
2524:
2525:
2526:
2527:
2528:
2529:
2530:
2531:
2532:
2533:
2534:
2535:
2536:
2537:
2538:
2539:
2540:
2541: 2849
2542: 2976
2543:
2544:
2545: 2755
2546: 3249
2547: 2734
2548:
2549:
2550:
2551:
2552:
2553: 3251 3037
2554:
2555:
2556:
2557:
2558: 3187
2559:
2560:
2561:
2562:
2563:
2564:
2565: 2723
2566: 3262
2567:
2568:
2569:
2570:
2571: 2960
2572:
2573:
2574:
2575:
2576: 3107
2577:
2578:
2579: 3085
2580: 2740
2581:
2582:
2583:
2584:
2585: 2782
2586:
2587:
2588:
2589:
2590:
2591:
2592:
2593:
2594: 2758
2595:
2596:
2597:
2598:
2599:
2600:
2601:
2602:
2603:
2604:
2605:
2606:
2607:
2608:
2609:
2610:
2611:
2612:
2613:
2614:
2615:
2616:
2617:
2618:
2619:
2620:
2621:
2622:
2623:
2624:
2625: 3049
2626:
2627:
2628:
2629:
2630:
2631:
2632:
2633:
2634:
2635:
2636:
2637:
2638:
2639:
2640:
2641:
2642:
2643:
2644:
2645:
2646:
2647:
2648:
2649:
2650:
2651:
2652:
2653:
2654:
2655:
2656:
2657:
2658:
2659: 3159
2660:
2661:
2662:
2663:
2664:
2665:
2666:
2667:
2668:
2669: 3114
2670:
2671:
2672: 2975
2673:
2674:
2675:
2676:
2677: 3196
2678:
2679:
2680:
2681:
2682:
2683:
2684:
2685:
2686:
2687: 3041
2688:
2689:
2690:
2691:
2692:
2693:
2694:
2695:
2696:
2697:
2698:
2699:
2700:
2701:
2702:
2703:
2704:
2705:
2706:
2707:
2708: 3048
2709:
2710:
2711:
2712:
2713:
2714:
2715:
2716:
2717:
2718:
2719:
2720:
2721:
2722:
2723:
2724:
2725:
2726:
2727:
2728:
2729:
2730:
2731:
2732:
2733:
2734:
2735: 2967
2736:
2737:
2738:
2739:
2740:
2741: 3119
2742:
2743:
2744:
2745:
2746: 3195
2747:
2748:
2749:
2750:
2751: 2966
2752:
2753:
2754:
2755:
2756: 3148 3108 2996
2757:
2758:
2759:
2760:
2761:
2762:
2763:
2764:
2765:
2766:
2767:
2768: 3112
2769:
2770:
2771:
2772:
2773: 2977 2925
2774:
2775:
2776:
2777:
2778:
2779:
2780:
2781:
2782:
2783:
2784:
2785:
2786:
2787:
2788:
2789:
2790:
2791:
2792:
2793:
2794:
2795:
2796:
2797:
2798:
2799:
2800:
2801:
2802:
2803: 3216
2804:
2805:
2806:
2807:
2808:
2809:
2810:
2811:
2812: 3254 3117
2813:
2814:
2815:
2816: 3180
2817:
2818:
2819:
2820:
2821:
2822: 3130
2823:
2824:
2825:
2826:
2827:
2828:
2829:
2830:
2831:
2832: 3018
2833:
2834:
2835:
2836:
2837:
2838:
2839:
2840:
2841: 3128
2842:
2843:
2844:
2845:
2846:
2847: 3245
2848:
2849:
2850: 3156
2851:
2852:
2853:
2854:
2855:
2856: 3060
2857:
2858:
2859:
2860:
2861:
2862:
2863:
2864:
2865:
2866:
2867:
2868:
2869:
2870:
2871:
2872:
2873:
2874:
2875:
2876:
2877: 3186
2878:
2879:
2880:
2881:
2882: 3160
2883:
2884:
2885:
2886:
2887:
2888:
2889:
2890:
2891:
2892:
2893:
2894:
2895:
2896:
2897:
2898:
2899:
2900:
2901:
2902: 3244
2903:
2904:
2905:
2906:
2907: 3198
2908:
2909:
2910:
2911: 3257
2912:
2913:
2914:
2915:
2916:
2917:
2918:
2919:
2920:
2921:
2922:
2923:
2924:
2925:
2926:
2927:
2928:
2929:
2930:
2931:
2932:
2933:
2934:
2935:
2936:
2937:
2938: 3223
2939:
2940:
2941:
2942:
2943:
2944:
2945:
2946:
2947:
2948:
2949:
2950:
2951:
2952:
2953:
2954:
2955:
2956:
2957:
2958:
2959:
2960:
2961:
2962:
2963:
2964:
2965:
2966:
2967:
2968:
2969:
2970:
2971:
2972:
2973:
2974:
2975:
2976:
2977:
2978:
2979:
2980:
2981:
2982:
2983:
2984:
2985:
2986:
2987:
2988:
2989:
2990:
2991:
2992:
2993:
2994:
2995:
2996:
2997:
2998:
2999:
3000:
3001:
3002:
3003:
3004:
3005:
3006:
3007:
3008:
3009:
3010:
3011:
3012:
3013:
3014:
3015:
3016:
3017:
3018:
3019:
3020:
3021:
3022:
3023:
3024:
3025:
3026:
3027:
3028:
3029:
3030:
3031:
3032:
3033:
3034:
3035:
3036:
3037:
3038:
3039:
3040:
3041:
3042:
3043:
3044:
3045:
3046:
3047:
3048:
3049:
3050:
3051:
3052:
3053:
3054:
3055:
3056:
3057:
3058:
3059:
3060:
3061: 3202
3062:
3063:
3064:
3065:
3066:
3067:
3068:
3069:
3070:
3071:
3072:
3073:
3074:
3075:
3076: 3220
3077:
3078:
3079:
3080:
3081:
3082:
3083:
3084:
3085:
3086:
3087:
3088:
3089:
3090:
3091:
3092:
3093:
3094:
3095:
3096:
3097:
3098:
3099:
3100:
3101:
3102:
3103:
3104:
3105:
3106:
3107:
3108:
3109:
3110:
3111:
3112:
3113:
3114:
3115:
3116:
3117:
3118:
3119:
3120:
3121:
3122:
3123:
3124:
3125:
3126:
3127:
3128:
3129:
3130:
3131:
