1: 471 413 150 140 83 54 52 27 5 3 2 1
2: 100 77 66 18
3: 488 31 6 4
4: 554 552 542 472 458 426 364 318 217 189 132 126 97 67 53 48 44 26 8 7
5: 558 486 443 402 115
6: 258 122 35 11 10 9
7: 598 545 426 189 145 143 132 126 79 30 16 14
8: 348 34 21 20 15
9: 554 552 289 282 217 44 12
10: 426 189 132 126 48 29 13
11: 572 356 338 180 75 37 25 24 19 17
12: 30 23 22
13: 472 97
14: 407 274 267 193 181
15: 554 552 217 36
16: 525 366 317 304 175 109
17: 596 157 43
18: 461 326 308 280 144 58 28
19: 349 225 222 33
20: 384 194 72
21: 506 79 51
22: 406 163 106 105 57 32
23: 578 421 247 220 159 107
24: 458 101 50 49
25: 61 38
26: 134
27: 582 569 408 316 303 261 237
28: 393 312 153 42
29: 334 56 47
30: 507 385 276 170 147 110 74 41 40
31: 417 104 59
32: 39
33: 585 541 69 55 45
34: 290 260 201 179 92
35: 596 64 46
36: 324
37: 564
38: 103
39: 558 486 461 443 402 144 115
40: 273 118 80
41: 604 532 441 365 320 313 87
42: 257 113 63
43: 564 401 253 251
44: 581 96 85 68
45: 518 472 444 358 249 207 62
46: 289 282
47: 202 76 71
48: 266 65 60
49: 555 289 282 99
50: 307 123 108
51: 450 160 70
52: 353 332 197 102 94
53: 98
54: 241 190
55: 422 283 281 232 86 73
56: 84 78
57: 493 354 82
58:
59: 489 216 188
60: 319 215 198 116
61: 269 230 135
62: 386 169 88
63: 477 278
64: 244 167 130 91 81
65: 607 592 449 382 142 93
66: 125
67: 568 381 148
68: 229
69:
70: 293 183 162
71:
72: 452 374 133 119 90
73: 372
74: 584 89
75: 165
76: 137
77: 451 250 95
78: 569 408 316 261 237 155
79: 287 231
80: 581 256 240 221 214 146
81: 289 282
82: 519 262
83: 509 417 344
84:
85: 500 213 177 121 120
86: 174
87: 333 158 141 136
88: 422
89: 186
90: 592 128
91: 172 111
92: 531 488 398 238 156 124 114 112
93: 575 326 308 280
94:
95: 206 196
96: 473 161
97:
98: 453 438
99:
100: 117
101:
102:
103: 410 379 245
104:
105: 559 154 152
106: 171
107: 242
108:
109: 574 131 127
110:
111: 551 503 371 346 279 129
112: 326 308 280
113: 540 363 138
114:
115: 530
116: 286
117: 441 365 320
118: 484 420 414 343 139
119:
120: 184
121: 546 490 228 164
122:
123: 410 379 299 239
124: 455 227
125: 176
126: 508 294
127: 151
128: 428 263 173
129: 254 191
130: 586 520 195
131: 301
132: 212
133: 448 337 149
134: 192
135: 305
136: 427
137: 609 309
138: 439 219
139:
140:
141: 199
142: 604 555 532
143: 166
144: 361 323 187 168
145: 489
146:
147: 590 483 416 398 328 325
148: 488 238
149: 314 178
150: 582 306
151: 551 503 346 279
152: 510 426 248
153:
154: 224 205
155:
156: 580 524
157: 204
158: 593 440 399 182
159: 565
160:
161: 223
162: 295
163: 485 218
164: 211
165:
166: 462 454 447 339
167: 210
168: 340
169: 590 483 416 328 325 185
170: 575 226
171: 571 392
172: 350 209
173: 557 419 321
174: 200
175: 421
176: 342 203
177: 484
178: 518
179: 236
180: 292 234
181: 208
182:
183:
184: 336 235
185: 521 496 376
186: 383 284
187:
188: 489
189: 574 412 297
190: 571
191: 457 233
192: 401
193: 468 439 302 291 275
194:
195:
196: 515
197: 505
198: 468 275
199: 397
200: 520
201: 386 298
202: 436 259
203: 520 436
204:
205: 368
206: 252
207: 441 365 320 313
208:
209:
210:
211: 487 360 272
212: 423 355
213: 592 277 268 243
214: 264
215: 522 437 387
216: 300 265
217:
218: 479
219: 255
220: 378
221: 373
222: 433
223:
224: 315
225: 362 246
226: 516 499
227: 430 400 395 341
228: 562
229: 502 475 390
230: 600
231: 518 358
232: 566 535 533 458
233:
234: 487 352
235: 359
236: 579 494 476 433
237: 271
238:
239: 389
240: 557 329
241: 467
242: 563 531 311
243:
244: 595 567 366 317
245: 347
246:
247:
248: 598 270
249:
250: 537 357
251:
252:
253: 404
254:
255: 550
256: 588 296
257: 583 514 511 481 480
258: 288
259: 388
260: 394
261: 588 377
262:
263: 396 310 285
264: 429
265:
266: 375 345
267: 323
268: 361
269: 589
270: 435
271: 478
272: 609 517
273: 459
274:
275: 520 415 327
276:
277: 370
278: 605 330
279:
280: 322
281:
282:
283: 335
284: 570
285:
286: 557 419 367
287:
288: 591 351
289:
290: 593
291: 465
292:
293: 380
294: 463
295:
296: 446
297: 516 409
298:
299: 331
300:
301: 497
302:
303: 608
304:
305:
306:
307: 456 403
308:
309:
310: 482
311:
312: 513 431
313: 489
314: 391 369
315: 495 445
316:
317:
318:
319:
320:
321:
322:
323:
324:
325: 514 511 418
326:
327:
328:
329: 411
330: 442
331: 534
332:
333:
334:
335:
336:
337:
338: 466
339: 556 425
340:
341: 594 432
342:
343:
344: 492
345:
346: 470
347:
348:
349:
350:
351:
352:
353:
354:
355: 549 527
356:
357:
358:
359: 553
360:
361: 523
362:
363:
364: 405
365: 501
366:
367:
368: 460
369:
370:
371:
372:
373: 424
374: 547
375: 529
376:
377: 434
378:
379: 587
380: 479
381: 538 464
382:
383:
384:
385:
386:
387:
388:
389:
390: 595 567
391: 474
392:
393: 608 602
394:
395:
396:
397:
398:
399:
400: 536
401:
402:
403:
404: 577
405:
406:
407:
408:
409:
410:
411: 597
412:
413:
414: 560
415: 504
416: 603
417:
418:
419:
420:
421: 469
422:
423:
424: 491
425:
426:
427:
428:
429:
430:
431:
432: 506
433:
434:
435:
436:
437:
438:
439: 544
440:
441:
442:
443:
444:
445: 573
446: 498
447:
448:
449:
450:
451:
452:
453:
454: 512
455:
456:
457:
458:
459:
460:
461:
462:
463:
464:
465: 528
466:
467:
468:
469: 526
470:
471:
472:
473:
474: 576
475:
476:
477:
478:
479:
480:
481:
482:
483:
484:
485: 548 543
486:
487:
488:
489:
490:
491:
492:
493:
494:
495:
496:
497:
498:
499:
500:
501:
502:
503: 539
504:
505:
506: 606
507:
508:
509:
510: 561
511:
512:
513:
514:
515:
516:
517:
518:
519:
520:
521:
522:
523:
524:
525:
526:
527:
528: 601
529:
530:
531:
532:
533:
534:
535:
536: 599
537:
538:
539:
540:
541:
542:
543:
544:
545:
546:
547:
548:
549:
550:
551:
552:
553:
554:
555:
556:
557:
558:
559:
560:
561:
562:
563:
564:
565:
566:
567:
