1: 1648 1233 1064 489 209 81 76 3
2: 1919 1768 1610 1032 832 482 36 5
3: 1022 928 437 113 80 42 15 4 2
4: 1790 1740 1662 1528 1376 1282 1267 1120 935 925 744 729 724 677 509 492 415 376 330 303 174 162 140 133 121 96 84 41 38 16 11 1
5: 1809 559 318 63 56
6: 1456 624 70 44 30 18 9
7: 258 83 74 7 6
8: 2010 1783 1575 1201 1181 1062 951 758 597 264 118 8
9: 1806 473 79 46 28
10: 804 32
11: 1759 1455 1120 1093 724 666 556 289 262 197 174 165 157 145 140 121 96 23 10
12: 1080 488 449 213 187 110
13: 1599 1090 1029 967 828 442 215 115 43 25 24 21 20 14 12
14: 1181 753 274 230 154 67
15: 2157 2030 1701 1528 1401 1332 1262 1120 822 724 383 376 330 290 174 162 140 121 84 69
16: 1708 1495 1295 1103 858 493 296 224 77 60 53 35
17: 611 363 316 288 66 55 33 13
18: 1173 350 322 198 156 141 114 65 34
19: 2164 1599 1090 1029 967 235 175 48
20: 1282 935 29
21: 1568 1439 298 72 45 17
22: 97 27 22
23: 737 217 176 39 26 19
24: 1680 423 252 78
25: 2177 1743 1682 1060 934 778 675 418 241
26: 2009 1697 1456 847 638 624 614 410 324 217 176 169 160
27: 2243 1531 1473 1165 811 565 498 496 163
28: 2165 1408 861 759 730 40
29: 2195 585 354 82 75 50
30: 846 845 642 634 396 231 85
31: 1014 216 207 180 123 94 57
32: 986 652 300 220 142 47
33: 1838 1347 124 120 111 31
34: 1953 283 68
35: 417 203 144 37
36: 1157 688
37: 321 139
38: 1174 631 534 443 202 167 131 52 51
39: 1882 1675 1217 568 373 249 62
40: 2010 1783 1575 951 118
41: 2060 1806 679 494 328 200 54
42: 1495 1059 296 224
43: 1466 1435 1373 98 73 49
44: 374 226 61
45: 1964 1455 1419 1093 886 633 610 556 511 227 208 178 132 100 99 86 64
46: 943 824 613 299 194 149 102 89 58
47: 2281 1351 1277 992 878 538 93
48: 766 628 504 243 137
49: 540 270 71
50: 1566 905 698 406 269 234 108
51: 2292 91 90
52: 2010 1783 1575 951 493 77
53: 1390 901 125
54:
55: 1898 632 127 59
56: 842 161
57: 1201 1062 164
58: 1951 1703 1002 355 101
59: 1852 1534 260 201 104 87
60: 2024 284 278 146 138
61: 1528 376 330 88
62: 1508 92
63: 1931 1295 1103 858 119 95
64: 1555 853 786 273 159 158 112
65: 679
66: 1265 1076 895 467 219 171 116
67: 1624 936 172 105
68: 1745 1744 1604 1033 965 705
69: 2151 1651 1406 829 425
70: 2075 1942 747 152 148
71: 1455 1093 556 262 183
72: 1178 106
73: 1740 1376
74: 1405 500 461 439 379 225 192 126
75: 2199 1408 1404 861 713 652 573 468 300 220 109
76: 1341 860 823 784
77: 1898 1837 1800 1719 1656 1640 1257 1045 946 843 632 510 313 247 117
78: 2157 2030 1999 1401 1387 1342 1067 383 290 246 242 211 205 189
79: 2157 2030 1759 1401 666 383 290 289 197 165 157 145
80: 2037 1719 1656 916 510 313 193
81: 1073 469 181 128
82: 2177 675 524 418 378 326 107 103
83: 1760 1714 1579 1472 1181 230
84: 1108 952 561 531 448 229
85: 2010 1842 1783 1599 1575 1436 1090 1029 967 951 483 442 287 215
86: 492 415 136
87:
88: 970 526
89: 2115 572 307 214
90: 147
91: 576 272 228 218 130
92: 2165 1557 759 730 411 190
93: 1252 799 282 134
94: 2007 1298 871 825 306 195
95:
96: 1805 129
97: 1335 1134 994 819 580 204
98: 2162 1972 1308 1207 340 325 239 232
99: 1696 1628 151
100: 1842 1491 1218 1126 764 726 653 535 170 135
101: 1759 1312 1115 701 680 666 179 166 150
102: 869 502 255 223
103: 1078 751 744 708 492 435 415
104:
105: 1806 1480 943 844 604 275 194 191 149
106: 2117 518 122
107: 1965 212 199 177
108: 1755 1725 1079 926 684
109: 1368 1073 852 469 447 155
110: 1599 1090 1029 967 442 215
111: 811 329
112: 1467 1451 1198 881 847 812 758 695 638 614 597 548 540 537 334 280
113: 1199
114:
115: 1561 1128 222
116: 2255 1670 1567 1361 574 240 185
117: 1740 1668 1376 599 466 196
118: 659 206
119: 412
120: 341 308 143
121: 1806 191
122: 767 721 704 438
123:
124: 1242 1162 1084 983 271
125: 1821 1196 277 188
126: 1881 844 604 153
127: 268
128: 1860 1550 1501 544 419
129: 1354 953 734 716 689
130: 389 182
131: 1904 1483 1302 1191 361 302
132: 868
133: 2172 2019 1563 1129 708 668 566 381 253
134: 1013 862 335
135: 1586 1270
136: 959 660 339
137: 2157 2030 2016 1401 246 189
138: 1436 960 863 757 483 332 287 221
139: 2071 173
140: 233
141: 320
142: 971 816 279
143: 2115 1113
144: 1579
145: 758 597 168
146: 2157 2030 1401 383 290
147: 985
148:
149: 1832 1426 989 391 371 342 251
150: 2174 1999 1537
151: 1186 1180 779 643 563 555 441
152: 1479 1458 605 480 479 344
153: 1862 1746 1587 1330 1329 1017 621 394 309
154: 654
155: 1100
156: 359 294 286 186
157: 712 691 521 184
158: 1649 1596 1481 835 562 285
159: 719 454
160: 1775 1647
161: 581 250
162: 2056 1992 1978 1726 1667 1561 1128
163: 1555 1001 853 786 450
164: 1273 830 403 356
165: 1793 1200 1172 1019 817
166: 1294 1176 1154 1018 676
167: 2172 2019 1563 1161 495
168: 2281 1886 1277 538
169: 2204 1730 364 349 237
170: 1532 549 327 267
171: 1720 1710 1518 1114 561 448 229
172: 238
173: 581
174: 744 435
175: 338
176: 2196 414
177: 694 254
178: 1952 370 336 261
179: 1950
180: 1863
181: 1860
182: 263
183: 620 471
184: 1911 814 762 557 319
185: 791
186: 921 641 598 487
187: 431 347
188: 702
189: 1842 210
190: 503 244
191: 1941 591
192: 2116 1946
193: 1083 722
194: 815
195: 245
196: 2178 1391 921 780 641 627 598 487
197:
198: 1444 679
199: 708 367 348
200: 2191 1229 1204 314
201: 1394
202: 1467 1451 1198 812 695 548 537 334
203: 1862 1746 515 485
204: 368
205: 2095 1208 930
206: 399
207: 1994 1497 1120 724
208: 517 457
209: 2191 1997 1229 1204 1173 586
210: 1001 434 416 375 315
211: 2294 2271 1291 345 248
212: 377
213: 1482 892 424 236
214:
215: 1636 960 863 757
216: 1082
217: 2017 1444 440
218: 1584 1110 640 421 331
219: 1959 1266 917 276
220: 1908 256
221: 1571 732
222: 991
223: 1186
224: 1954 1023 528
225: 2189 1721 404
226: 446 353
227: 1808 1712
228: 2265 1360 1180 1085 1042 1022 1005 984 928
229: 2243 1237 1223 723 475
230: 2253 754 291
231: 2141 1674 372 257
232: 1263 1189 1089
233: 2246 2141 1887 1674 1588 365
234: 880 794 789
235: 2229 648 398
236: 2092 1618 1035 894 655 644
237: 2079 1745 1744 1201 1062 266
238:
239: 1666 699 452 281 259
240: 1662 677 509
241: 1265 1076
242: 543
243: 401
244: 2169 1616 295
245: 985 979 810 265
246: 2287 1741 1222 881
247: 1934 1318 1152 397
248: 1922 1392 846 845 739 642 634
249: 1720 833
250: 2066 1735 1238 980
251: 1332 1262 822 384 317
252: 1285
253:
254: 1242 1162 351
255: 1705 1487 1163 707
256: 1755 1725 684 663 636 395 301
257: 1182 430
258: 2013 1398 998
259: 2175 1671 1424 1053 926 735 407 343 312
260: 784
261: 1834 959 890 660 462
262: 710 639 385
263: 1267 1105 514
264: 1676 432
265: 1800 1640 1257 843 516 380
266: 1135 1079 1034 882
267: 779 333
268: 1454 826
269: 479
270: 1045
271: 2123 369
272: 2037 916
273: 1855 1615 1537 1520 571 360
274: 1602
275: 1290 1271 918 617
276: 902 785 771 665 630 400
277: 949
278: 1571 310 305
279: 2170
280: 2191 1671 1229 1053 407 343 292
281: 1932 1797
282: 643 465
283: 1047 536 304
284: 2060 1588
285: 1943 1181 386 293
286: 791 484
287:
288: 1448 673 671
289: 2060 1341 860 823 387 297
290: 1816 1718 1544 388
291: 1666 926 881 735 683 635
292: 2177 675 418 378
293: 801 392 358
294: 1896
295: 1335 1134 580
296: 1817 670
297: 1527 1056 993 669 649
298: 2155 1843
299: 1856 788 408 323
300:
301:
302: 2302 2230 1392 739
303: 1919 1645 1610 1109 626
304: 1738 1248 507 352
305: 1763 1726 1284 1144 1136 782 595 505
306: 1896 523
307: 1579 1341 860 823 311
308: 1898 1701
309: 1595 808
310: 2216 1982 1804
311: 427
312: 1269 856
313: 2188 1690 1379
314: 1760 1482 1472 892 424
315: 1870 1663 1000 870 838
316: 867 701
317: 1885 1551 1303 1030 619
318: 1676 1061 513
319: 1743
320: 969
321: 1763 1671 1053 782 505 453
322: 1948
323: 2009 1697 1034 553 357
324: 1584 1110 996 957
325: 715 337
326: 1703
327: 706 570
328: 1634 1105 1077
329: 1993 1325 1046 1006 560 529
330: 2108 1512 1281 658
331: 710 639 385
332: 1050 362
333: 760
334: 2041 594
335: 2201 1975 1644 949 578 520 346
336: 2300
337:
338: 1189 1089
339: 2198 1397
340: 460 455
341:
342: 1813 1529 1245 1167
343: 2157 2030 1991 1401 815 629 463
344: 1755 1725 1719 1656 997 684 663 636 577
345:
346: 1493
347: 1418
348: 1950 1757 1170 1010
349:
350: 1810 1739 1098 765 763
351: 1814 1608 1160 486 426
352: 1540 478
353: 2104 1699 1144 546
354: 2212 2164 2129 1855 1520 499 481
355: 1554 1356
356: 1086
357: 2222 1606 1504 1184 428
358: 1876 1760 1472 1369 390
359: 1800 1640 843 409 366
360: 1913
361: 859 700 506 458
362: 1474 657 545 522 472
363:
364: 402 393
365: 2065 512
366: 818
367: 2271
368:
369: 1022 928
370: 945
371: 2199 1404
372: 1240 470
373: 1852 1534 664
374: 1840 382
375: 1246 933 908 740 433
376: 1537 422
377: 1363 883 755
378: 1016
379: 1757 1170
380: 459
381: 501 491
382: 429
383: 1859 569
384: 1383 1364 990 405
385: 1007 718 420 413
386: 447
387: 2090 1522
388: 1394
389: 2141 1674 1078 751
390: 1294 1154 672 564
391: 1895 1852 1534 1463 1074 912 733 445
392: 476
393: 1940 625 567
394: 2292 2282
395:
396: 1034
397: 1519 1049 736
398: 2080 741
399:
400: 1895 1074
401: 1605 444
402: 854 728
403: 2294 2135 1291
404: 1855 1850 1520 745
405: 2031
406: 2295 1745 1744 1554 1356 1334 1003 963 954
407: 1896 1659
408: 1530 1179 530
409: 1244 973 904 697 533
410: 550 477 436
411: 1012 608
412:
413: 2163 1938 1611 1455 1437 1348
414: 551 527 451
415: 2054 1309 725
416: 2113 1670 1647 972 879 456
417: 2113 972
418: 1611 1437 805 497
419: 1309 1225 837
420: 474
421:
422:
423: 1333 900 532
424: 2280
425: 525
426:
427: 2223 831 720 464
428: 1755 1725
429:
430: 1126 726 653
431:
432: 1491
433: 1682
434: 490
435:
436: 902 665
437: 606
438: 1210 981
439: 1705 1487 1163 707
440: 1903 607
441: 931 923 661
442:
443: 1899 792
444: 841
445: 1923 1130 519
446: 1187 1054
447: 2150 1251 1193 1011 612
448: 1997
449: 915
450: 896
451: 1330 1329 1017
452: 1116 690
453: 2241 1998
454: 2035 1997
455: 2119 1774 855 582
456: 1515 1349 1287 1241 508
457: 1337 588
458: 618
459: 2174 583
460: 1647 797 587
461: 2062 1861 1818
462: 737
463: 1016 687
464: 1839 623
465: 1413 834
466: 1767 1164
467: 1709
468: 2175 790 646
469: 2221 857
470: 947 850 579
471: 2295 2164 1334 1003 963 954
472: 1636 1357 898 738
473: 2223 1119 962 831 720
474: 1714
475: 1148
476: 595
477: 1239 602
478:
479: 815
480: 2172 2019 1563 1129 668
481: 1854 1618 1211 541
482: 2296 2214 978
483: 1057
484: 1687 592
485: 1877
486: 811 609
487:
488: 738
489: 795 731
490:
491: 2227 1905
492:
493: 1778 1484
494: 940
495:
496: 982 756 539
497: 2058 692
498: 1686
499: 1505 542
500:
501: 1424
502:
503: 1958 1869 1476 1331
504: 807
505:
506:
507: 2011 1538 1021
508: 2054 1808 1037 725
509: 1503
510: 986
511: 1188 1004
512: 1185
513:
514:
515: 992 681
516: 1853 1039
517: 1981
518: 1237 1150
519:
520: 2117 554
521:
522: 1301
523:
524: 1041
525: 1722 711
526: 1275 1126 726 653
527: 939
528: 1260 696 685 645
529: 2302 2230 662
530: 2003
531: 2199 1404 1294 1154
532: 1177 1173 1131
533: 2247 914
534: 1363 883 755 603
535: 2246 1984 1981 774 589
536: 596
537: 2243 1051 552
538: 1839 769
539: 1030 619
540: 1847 1773 1399 1028
541: 1969
542: 2247 1197 914
543: 2112 1206
544: 2038 1372 950 600
545: 855 601
546: 1195 575
547: 1919 1842 1610 622
548:
549:
550: 1930
551: 2088 1654 1468 584
552: 997 558
553: 1350
554: 1557 752 656 615 547
555: 1263
556: 2119 1774 955
557: 2302 2230 678 662
558:
559:
560: 1059
561: 1885 1303 768
562: 1474
563: 1984
564: 772
565: 1603 1313 1212 651
566: 682
567: 793
568: 678
569: 2176 590
570:
571: 2247 1235 902 709 665
572: 2020
573: 1619 764
574:
575:
576: 1714 1498
577: 1024 920
578:
579:
580: 2092 2070 1745 1744 1509 1035 903 894 644
581: 1066 958
582: 2076 727
583: 1799 1427 1304 1244 973 904 697
584: 2199 1793 1172 1019 817
585:
586: 893
587: 2017
588:
589: 1441
590: 637
591:
592: 1601
593: 1075 593
594: 1960 885
595: 2305 1187 1087 1054
596: 2287 1741 1222
597: 1892 776
598: 802
599:
600:
601: 1716 1183 911 783
602: 750
603:
604: 1673
605: 1879 932
606: 1979
607: 2255 1567 1215 1124
608: 1710 1685 1542 1518 1114 919 874 616
609: 686
610: 961
611: 746
612:
613: 1057 836 748
614: 1275
615:
616: 2290 1918 1543 1094
617: 2218 2149 1058
618: 2301 1214
619: 1996 1205 650
620: 1393 974
621: 1609
622: 674
623: 2259 1846 1590
624: 1787 913
625: 2303 1099 964
626: 1877
627: 2164 1231 1070
628:
629: 2208 806 667
630: 1685 1542 919 874
631: 864
632: 867
633: 749
634: 2045 1828 864
635: 1466 1435
636: 1745 1744 965
637: 1305
638: 1355 1250
639:
640: 865
641: 1159 647
642: 1595 808
643: 743
644: 753
645: 1732
646: 1112 803
647: 1617
648: 1149
649: 1834
650: 1279
651:
652:
653: 1895 1074
654: 821
655:
656: 2286 703
657: 2123 1324
658: 2131 2071 1647
659: 849
660:
661: 1143
662: 1820 1096
663:
664: 1560 1339
665:
666: 1513 1412 1410
667: 1706
668:
669: 717
670: 1660
671: 1762 1123 899
672:
673: 1654 1278
674: 1935 1823 1288
675: 1657
676: 1450
677:
678: 1909 1589
679: 2013 1398 1097
680: 1869 1695 975 761
681:
682: 2000 787
683:
684: 1902 1728
685: 1194
686:
687: 1158
688:
689: 1635 1524 693
690: 1055
691: 2026
692: 1104
693: 1672 1592 1569
694:
695: 1636
696:
697: 929 887
698:
699: 866
700: 714
701: 2046
702: 1985 1884
703:
704: 2006 1416 1088
705: 909
706: 1151
707:
708: 1247 1069
709:
710: 2272 1091 773
711:
712: 1358
713: 1651 1406 1216
714: 1693 839 813 777
715:
716:
717:
718:
719: 1293
720: 1557
721: 2048
722: 1925 927 906
723: 999
724:
725:
726: 1600
727:
728:
729: 2278 1711 907
730: 1669 875
731: 1259 848
732: 2241 1533 1514 884
733: 742
734:
735: 1948 1528 1461
736: 1496 1048
737:
738: 1986
739: 1733 1573
740: 2265 1568 1439 1014
741:
742:
743: 897
744: 1968 1228
745: 1897 873
746: 1063
747:
748:
749: 1649 1596 1336 1026
750: 2235 976
751: 827
752:
753:
754:
755: 1319 968
756: 1140 1081 941
757: 1502 1156
758:
759:
760: 1223
761:
762:
763: 1286 775 770
764:
765:
766:
767: 1858 1311
768: 2206 781
769:
770: 1065
771:
772: 1145 1122
773: 1935 1823 1469 1288
774: 1425 809
775: 872
776: 1138
777:
778:
779: 2083 800
780: 1309 1225
781: 1657
782: 1232 966
783:
784: 1135 882
785: 1683
786:
787:
788: 1009
789: 1209
790: 796
791:
792: 2163 1938 876
793: 1811 1665
794: 1307 1095
795: 2035 942
796: 1584 798
797:
798: 2080 840
799: 2200 1027
800: 1203
801: 2026 937
802:
803:
804:
805:
806: 2052 948
807: 1737 1101
808: 1794
809: 1475
810: 2016 1558
811: 1770
812:
813: 1346
814: 2055
815:
816:
817: 1296
818:
819: 888
820:
821:
822:
823:
824: 1216
825:
826:
827: 1995 1549 820
828: 1544
829:
830:
831:
832: 2227 1905
833:
834: 1634 1077
835:
836:
837:
838:
839: 2151
840:
841: 1830 1478
842:
843: 1432
844:
845:
846:
847: 2266
848:
849: 1243 1220
850:
851:
852:
853:
854: 1480
855: 1659 1428 1155
856:
857: 1937 987
858: 1092 851
859:
860: 1423
861: 2286 1040
862: 2229 1359 924
863: 1916 1219
864: 2070 1509 903
865: 1867
866: 1551 938
867: 2118 1929
868: 1283 1043
869: 2183 1626
870:
871: 910
872: 1020
873: 1844
874:
875:
876: 1323
877:
878: 1299
879:
880: 889
881: 1758
882:
883: 1821 1132 877
884: 1457 1340
885:
886:
887: 1071
888: 922 891
889: 1535 1202
890: 956
891: 1882 1496 1276
892: 1498 1052
893: 2114 977
894: 1345
895:
896:
897: 2012
898: 1171
899: 1578 1470
900:
901: 1292
902:
903: 1631
904: 1875
905: 1147
906:
907:
908:
909: 1880
910: 2193 1370
911:
912: 1619
913:
914: 2163 1938 1348
915:
916: 1795
917: 2042 1700
918:
919: 1320
920:
921:
922: 1146
923: 2124
924: 1998 1310
925: 1326
926: 2204 1008 988
927: 1031
928:
929: 995
930:
931: 1116
932: 1361
933:
934:
935:
936:
937:
938: 2119 1774 1679 1421
939: 1169
940: 1258
941: 1452
942: 1127
943:
944: 1068
945:
946: 2105 1516 1255
947: 2057 2039 1780 1440
948: 2277 2168 1987 1015
949:
950: 1395 1137
951: 2284 1465
952: 2246 2014 1433 1038
953: 2124
954:
955: 1429
956:
957: 1878 1736
958:
959:
960:
961: 1751 1581 944
962:
963: 1415 1300
964:
965:
966: 2094 1540
967:
968:
969: 2089 1166
970: 1400 1384
971:
972:
973:
974:
975: 1944
976: 1521
977: 2104 1699 1107
978:
979:
980:
981: 2177 2176
982: 2301
983:
984: 2036 1417 1386 1175
985: 2295 1504 1184
986:
987: 1420 1118
988: 1546
989:
990: 2220
991: 1464 1121
992: 1111
993:
994:
995: 1789 1316 1282
996: 2053 1036
997: 2264 1968
998: 1402
999: 2283
1000: 2264 1941 1371
1001: 2299
1002:
1003: 1731
1004: 1106
1005:
1006:
1007:
1008: 1704
1009:
1010: 1928
1011: 1574
1012:
1013: 1230
1014: 1499
1015: 1785 1693
1016:
1017: 2096
1018: 1994
1019:
1020: 1754
1021:
1022:
1023:
1024: 2061
1025: 2303 2126
1026: 1142
1027: 2263
1028: 1552
1029: 2265
1030: 1694
1031: 2198
1032:
1033:
1034: 2209 1139
1035: 1227 1025
1036:
1037:
1038:
1039:
1040:
1041: 1765
1042: 2139
1043:
1044:
1045:
1046:
1047: 2274
1048:
1049: 1044
1050:
1051:
1052: 1272
1053: 1919 1314
1054:
1055: 2234 1591
1056:
1057: 2289
1058: 2143
1059:
1060: 1462 1125
1061: 1772 1423
1062:
1063:
1064: 1638 1430
1065: 1639
1066:
1067: 1289
1068: 1297
1069:
1070:
1071:
1072: 2067 1407 1328
1073: 1756
1074:
1075:
1076:
1077: 1572 1249
1078:
1079: 2119 1774
1080:
1081: 1750
1082: 1702
1083:
1084: 1935 1823 1469 1288 1254
1085: 1796 1072
1086:
1087: 1833
1088:
1089: 1141
1090: 1583
1091: 1274
1092:
1093:
1094: 1629
1095: 1851
1096: 1510
1097: 1461
1098: 2158
1099: 1891 1809
1100:
1101:
1102: 1612
1103:
1104:
1105: 1494
1106: 1654
1107:
1108: 2085 1526 1525
1109: 2075
1110: 1343
1111: 1678
1112: 1729 1614 1253
1113: 1607 1570
1114: 1692
1115: 1190
1116:
1117:
1118:
1119: 1226
1120: 2173
1121: 1961
1122:
1123:
1124:
1125:
1126: 1117 1102
1127:
1128:
1129: 2212 2129 1974 1562 1221
1130:
1131:
1132: 1168
1133:
1134:
1135:
1136:
1137:
1138:
1139: 2145 2040 1949
1140: 1261 1153
1141:
1142: 2056 1992 1978 1667 1234
1143: 1929 1385
1144:
1145: 1947
1146:
1147:
1148:
1149:
1150:
1151: 1632
1152:
1153:
1154: 1889 1268 1133
1155: 2047 1825
1156: 2180
1157: 2004 1598 1338 1322
1158: 2286
1159:
1160:
1161: 1327
1162: 1485 1403
1163:
1164: 1837
1165:
1166: 1377
1167:
1168: 1653
1169:
1170:
1171:
1172: 2106
1173: 2267 1623
1174: 2268 2237
1175:
1176:
1177:
1178: 1849
1179: 2084
1180: 1954 1306
1181:
1182: 1486
1183: 1445 1213
1184: 2241 1723
1185:
1186: 2218 2149
1187:
1188:
1189:
1190: 1811 1460
1191: 1396
1192:
1193:
1194:
1195:
1196:
1197: 1615 1224
1198: 1658
1199:
1200:
1201:
1202: 1315
1203:
1204: 2063
1205:
1206:
1207:
1208: 1980 1691 1192
1209:
1210: 1414
1211:
1212: 2105
1213:
1214:
1215:
1216:
1217:
1218:
1219: 1931
1220:
1221:
1222: 1492
1223: 1479 1458
1224: 2059 1545
1225:
1226:
1227: 1998 1582
1228: 1317
1229:
1230:
1231: 2033 1684 1382
1232: 1264
1233: 2219 2109 1442
1234:
1235: 1921
1236: 1749
1237: 1488
1238:
1239:
1240: 1459
1241:
1242:
1243: 1550
1244: 2148
1245:
1246:
1247:
1248:
1249:
1250: 2088 1734 1236
1251:
1252:
1253: 2251
1254: 2068 1256
1255: 1696
1256:
1257:
1258:
1259:
1260: 1388
1261:
1262: 1868
1263: 2260
1264: 1841
1265: 2153
1266:
1267:
1268:
1269: 2215 1365
1270:
1271:
1272: 1890
1273:
1274: 1280
1275:
1276: 1489
1277:
1278:
1279: 2094
1280:
1281:
1282:
1283:
1284: 1688 1593
1285: 1352
1286: 1547
1287: 1803 1523
1288:
1289: 1321
1290: 2137 1378
1291: 2211
1292:
1293:
1294: 1443
1295: 1781
1296:
1297: 2170
1298: 1556
1299: 1677
1300:
1301:
1302: 2060 1503
1303: 2151
1304: 2136
1305: 1517
1306:
1307:
1308: 1771
1309: 2155 1843
1310:
1311: 1818 1446
1312: 1664
1313: 2142 1366
1314:
1315:
1316:
1317: 1594
1318:
1319:
1320:
1321:
1322:
1323:
1324:
1325: 1655
1326:
1327: 1389
1328:
1329: 1641 1511
1330: 2300 1782
1331: 1367
1332:
1333: 1353
1334: 1661 1431
1335: 1362
1336:
1337: 1374
1338:
1339: 1995 1812 1549
1340: 2102 1864 1409
1341: 1429 1393
1342:
1343:
1344:
1345:
1346: 2086 1642
1347:
1348: 2120 2064 1924 1565 1344
1349:
1350: 1434
1351:
1352: 2068 1411
1353: 1914
1354: 1956 1375
1355: 1769
1356:
1357:
1358: 1907
1359: 1471
1360:
1361:
1362:
1363:
1364:
1365:
1366:
1367:
1368:
1369: 1548
1370: 2150
1371: 1613
1372: 1727
1373: 1815 1627
1374: 2273 1939
1375:
1376:
1377:
1378: 1630
1379:
1380: 1958
1381:
1382: 1872
1383: 1865
1384:
1385: 2139
1386:
1387: 1990
1388: 2216 1982 1804 1380
1389:
1390: 2238 1893
1391:
1392: 2131
1393: 2275
1394: 1702
1395: 1381
1396:
1397:
1398:
1399: 1900 1447
1400:
1401: 1871 1826 1500
1402: 2187
1403: 2005 1438
1404:
1405:
1406: 2239
1407:
1408: 2240 1760
1409: 1539
1410:
1411: 1847 1773 1399
1412: 1621
1413:
1414:
1415:
1416: 1507
1417:
1418:
1419: 1752 1713
1420:
1421: 1681 1449
1422:
1423:
1424:
1425:
1426:
1427:
1428:
1429:
1430: 1880 1502
1431:
1432: 1776
1433: 1829 1453
1434:
1435:
1436: 2073
1437:
1438:
1439:
1440:
1441:
1442:
1443: 2213
1444: 1643
1445: 2050
1446: 1717
1447: 1506
1448:
1449:
1450:
1451: 2171 1764
1452: 1541
1453:
1454:
1455: 1868
1456:
1457: 1803 1704 1490
1458: 1966
1459:
1460: 2156 1652
1461: 1779
1462:
1463:
1464: 2222 1606
1465: 1477 1422
1466: 1646
1467: 2233
1468:
1469: 1559
1470: 2280
1471:
1472:
1473:
1474:
1475:
1476:
1477:
1478: 2043
1479:
1480:
1481: 1577
1482:
1483: 1848 1576
1484: 1910
1485: 2008
1486:
1487:
1488:
1489:
1490:
1491: 2074
1492:
1493:
1494:
1495: 1819
1496: 1908
1497:
1498:
1499: 1777
1500: 2196
1501:
1502:
1503: 1971
1504: 1966 1597
1505:
1506: 1873 1689 1564
1507: 2044
1508:
1509:
1510: 1527
1511: 1974 1562
1512:
1513: 1588
1514:
1515: 2022
1516:
1517:
1518:
1519: 1622
1520: 1906
1521:
1522:
1523:
1524: 2146 1784 1707
1525:
1526: 2098
1527: 2182 2100
1528:
1529: 1988
1530:
1531:
1532:
1533:
1534:
1535: 1585
1536:
1537:
1538: 1536
1539:
1540:
1541:
1542:
1543: 2160
1544: 1791
1545:
1546:
1547:
1548:
1549:
1550:
1551: 1955
1552:
1553: 1637 1620
1554:
1555:
1556:
1557: 1748
1558:
1559:
1560:
1561:
1562: 1824
1563:
1564:
1565:
1566: 1753
1567:
1568: 1874
1569: 1625
1570:
1571:
1572:
1573:
1574:
1575: 2284 1994
1576:
1577: 2185
1578: 2029
1579:
1580:
1581:
1582:
1583:
1584:
1585:
1586: 2186 2184 1580 1553
1587:
1588:
1589:
1590:
1591:
1592: 1798
1593: 2116
1594:
1595:
1596:
1597: 1845 1766
1598:
1599: 1645
1600:
1601:
1602: 2020
1603:
1604:
1605: 2226
1606:
1607:
1608:
1609:
1610:
1611: 1869
1612:
1613:
1614:
1615: 1633
1616:
1617:
1618: 1788
1619:
1620:
1621: 2179 1944
1622:
1623:
1624: 2133
1625:
1626:
1627:
1628:
1629:
1630:
1631:
1632:
1633:
1634:
1635:
1636:
1637:
1638: 1761
1639: 1977
1640:
1641:
1642:
1643:
1644: 2021
1645: 2111
1646:
1647:
1648: 2154
1649:
1650: 2134
1651: 1650
1652:
1653:
1654:
1655:
1656:
1657:
1658:
1659:
1660:
1661: 1831
1662: 2285
1663:
1664: 1792
1665:
1666:
1667:
1668:
1669:
1670: 1917
1671:
1672: 1866
1673:
1674:
1675:
1676:
1677: 1822 1724
1678:
1679: 2236
1680:
1681: 2082
1682:
1683:
1684: 2002
1685:
1686: 1827 1747 1715
1687:
1688:
1689:
1690: 1698
1691: 2072
1692: 2206
1693:
1694: 2138
1695:
1696:
1697:
1698: 2032
1699:
1700:
1701:
1702:
1703: 1920
1704:
1705:
1706:
1707:
1708:
1709:
1710:
1711:
1712:
1713: 1907
1714:
1715:
1716:
1717:
1718:
1719:
1720:
1721: 1973
1722:
1723:
1724:
1725: 2077 1901
1726:
1727:
1728: 1970
1729:
1730:
1731:
1732: 2078
1733: 1807
1734: 2140
1735:
1736:
1737:
1738: 2161
1739: 1915 1786
1740: 2041
1741:
1742:
1743: 2018
1744:
1745:
1746: 2297 1742
1747:
1748:
1749:
1750:
1751: 2202
1752: 2190
1753:
1754:
1755:
1756:
1757:
1758:
1759:
1760:
1761:
1762:
1763:
1764: 2261
1765: 1894
1766:
1767: 2147
1768:
1769:
1770: 1857
1771:
1772:
1773:
1774: 2276
1775:
1776:
1777:
1778:
1779:
1780:
1781: 1976
1782:
1783: 1933
1784:
1785: 2207
1786:
1787:
1788:
1789:
1790:
1791:
1792:
1793:
1794:
1795: 2228
1796: 1957
1797:
1798:
1799:
1800:
1801:
1802:
1803:
1804:
1805:
1806:
1807:
1808:
1809:
1810:
1811: 1802
1812: 1801
1813: 2097 1835
1814: 2127
1815:
1816:
1817:
1818:
1819:
1820:
1821:
1822:
1823:
1824:
1825:
1826:
1827:
1828:
1829:
1830:
1831:
1832:
1833:
1834: 1989 1888
1835: 2028 1927
1836:
1837: 2197
1838:
1839:
1840:
1841:
1842:
1843:
1844:
1845:
1846: 2107
1847:
1848:
1849: 1962
1850:
1851:
1852:
1853: 1891
1854:
1855: 1836
1856:
1857:
1858:
1859:
1860:
1861: 1983
1862:
1863: 2252 2236
1864: 2093 1883
1865:
1866:
1867:
1868:
1869: 2217
1870:
1871: 2291
1872: 2081
1873:
1874:
1875:
1876: 1925
1877:
1878:
1879:
1880:
1881:
1882: 2122
1883:
1884:
1885:
1886:
1887:
1888:
1889:
1890:
1891: 1945
1892:
1893:
1894:
1895:
1896:
1897:
1898:
1899:
1900:
1901:
1902:
1903:
1904: 2001
1905:
1906:
1907: 2210
1908:
1909: 2167
1910: 2181
1911:
1912:
1913:
1914:
1915:
1916:
1917:
1918:
1919:
1920: 2288
1921:
1922:
1923:
1924:
1925:
1926:
1927:
1928:
1929:
1930:
1931:
1932:
1933:
1934:
1935:
1936:
1937: 2125
1938:
1939:
1940: 2174 2144
1941:
1942:
1943:
1944:
1945:
1946:
1947:
1948:
1949: 2231
1950: 2262 2025
1951: 2257
1952:
1953:
1954:
1955:
1956:
1957:
1958:
1959:
1960:
1961:
1962: 1912
1963:
1964: 2091 1926
1965:
1966:
1967:
1968:
1969:
1970: 2224
1971: 1936
1972:
1973: 2110
1974:
1975:
1976:
1977:
1978:
1979:
1980: 1963
1981:
1982:
1983:
1984:
1985:
1986:
1987:
1988:
1989:
1990:
1991:
1992:
1993:
1994:
1995:
1996:
1997:
1998:
1999:
2000:
2001:
2002: 2132
2003:
2004:
2005:
2006:
2007:
2008:
2009: 2087
2010: 2269
2011:
2012:
2013:
2014: 2015
2015:
2016: 2205
2017:
2018: 2192
2019:
2020:
2021: 2099
2022:
2023: 1967
2024:
2025:
2026:
2027:
2028:
2029:
2030:
2031:
2032:
2033:
2034:
2035:
2036:
2037:
2038: 2298
2039:
2040:
2041:
2042:
2043:
2044:
2045:
2046:
2047:
2048:
2049: 2152
2050:
2051:
2052:
2053:
2054:
2055:
2056:
2057: 2034
2058:
2059:
2060: 2304
2061:
2062: 2069
2063:
2064:
2065:
2066: 2023
2067:
2068:
2069:
2070:
2071: 2051
2072:
2073: 2279
2074:
2075:
2076:
2077:
2078:
2079: 2232
2080:
2081:
2082:
2083:
2084: 2027
2085:
2086:
2087: 2049
2088:
2089:
2090:
2091:
2092:
2093:
2094:
2095:
2096:
2097:
2098:
2099:
2100:
2101:
2102:
2103:
2104:
2105:
2106:
2107:
2108:
2109:
2110: 2101
2111:
2112:
2113: 2121
2114:
2115:
2116:
2117:
2118:
2119:
2120: 2103
2121: 2258 2128
2122:
2123:
2124:
2125:
2126:
2127:
2128:
2129:
2130:
2131: 2130
2132:
2133:
2134:
2135:
2136:
2137:
2138:
2139:
2140:
2141:
2142:
2143:
2144:
2145: 2203
2146: 2194
2147:
2148: 2270
2149:
2150:
2151:
2152:
2153:
2154: 2256
2155:
2156:
2157:
2158:
2159:
2160:
2161:
2162:
2163:
2164: 2166
2165:
2166:
2167:
2168:
2169:
2170:
2171:
2172:
2173:
2174:
2175:
2176:
2177:
2178:
2179:
2180:
2181:
2182:
2183: 2248
2184:
2185:
2186:
2187:
2188:
2189:
2190:
2191:
2192:
2193:
2194:
2195:
2196:
2197:
2198:
2199:
2200:
2201:
2202: 2159
2203:
2204:
2205: 2225
2206:
2207:
2208:
2209:
2210:
2211:
2212:
2213:
2214:
2215:
2216:
2217:
2218:
2219:
2220:
2221:
2222:
2223:
2224:
2225:
2226:
2227:
2228:
2229:
2230:
2231: 2244
2232:
2233:
2234:
2235:
2236:
2237:
2238:
2239:
2240:
2241:
2242:
2243:
2244:
2245:
2246:
2247:
2248:
2249:
2250:
2251:
2252:
2253:
2254:
2255: 2254
2256:
2257:
2258:
2259:
2260:
2261:
2262:
2263:
2264:
2265:
2266:
2267:
2268:
2269:
2270:
2271:
2272:
2273:
2274:
2275:
2276:
2277:
2278:
2279:
2280:
2281:
2282:
2283:
2284:
2285:
2286:
2287:
2288:
2289:
2290:
2291:
2292:
2293:
2294:
2295:
2296:
2297:
2298:
2299:
2300:
2301:
2302:
2303:
2304:
2305: 2242
2306:
2307:
2308:
2309:
2310: 2250
2311:
2312:
2313:
2314:
2315:
2316:
2317:
2318:
2319:
2320:
2321:
2322:
2323:
2324:
2325:
2326:
2327:
2328:
2329:
2330:
2331:
2332:
2333:
2334:
2335: 2249
2336: 2245
2337:
2338:
2339:
2340:
2341:
2342:
2343:
2344:
2345:
2346:
2347:
2348:
2349:
2350:
2351:
2352:
2353:
2354:
2355:
2356:
2357:
2358:
2359:
2360:
2361:
2362:
2363:
2364:
2365:
2366:
2367:
2368:
2369: 2293
2370:
2371:
2372:
2373:
2374:
2375:
2376:
2377:
2378:
2379:
2380:
2381:
2382:
2383:
2384:
2385:
2386:
2387:
2388:
2389:
2390:
2391:
2392:
2393:
2394:
2395:
2396:
2397:
2398:
2399:
2400:
2401:
2402:
2403:
2404:
2405:
2406:
2407:
2408:
