1: 167 69 18 13 8 2 1
2: 188 164
3: 202 170 169 132 114 47 42 41
4: 196 79 32 5 4 3
5: 156 7 6
6: 141 122 114 86 73 19 15 14 12 10
7: 43 17
8: 112 11
9: 153 49 9
10: 76 22 16
11: 178 60 55 53 44 36 35
12: 152 102 92 80 51
13: 122 86 73
14: 130 74 21
15: 193 116 90 45 33 25 24
16: 20
17: 168 134 67 65 23
18: 191 66 48
19: 188 164
20: 76
21: 154 128 29
22: 90
23: 141 34 27
24: 192 138 115 59
25: 192 191 138 115 91 63 59 39
26: 151
27: 170 112 111 108 95 84
28: 52
29: 103 98 56 28 26
30: 103 72
31: 37
32: 181 38
33: 105 50
34: 83 40 31 30
35: 155 151 125 104 99 89 88 82 58
36: 139 61
37: 188 164 151 46
38: 197 156 78
39: 146 95 64
40: 173
41: 200 143
42: 123
43:
44: 107
45: 136 129
46: 196 159 62 54
47: 192 125 88
48: 95
49: 97 75 57
50: 200 143
51: 111 108
52: 127
53: 71
54: 131 106
55: 144 93 70 68
56:
57:
58:
59: 161 81
60: 150 77
61: 85
62: 157 148 133 110
63: 119
64: 101 100
65:
66: 121
67: 203
68: 196 187
69: 185 117
70:
71: 148 96 87
72: 171 126
73: 104
74: 142
75:
76: 180
77:
78:
79: 173 121 94
80: 195 190
81: 140
82: 118
83:
84: 172
85: 169
86:
87: 113
88: 124
89: 168 109
90: 155
91:
92:
93: 160
94: 162
95: 149
96: 177
97: 186 135
98: 159
99:
100:
101: 120
102:
103:
104:
105:
106:
107:
108: 187
109:
110:
111: 145
112: 198 184
113:
114:
115: 137
116:
117:
118: 147
119:
120: 178
121: 183
122: 194
123: 176
124:
125:
126:
127:
128:
129: 199
130: 179
131: 166
132: 182
133: 158
134:
135:
136: 174
137: 165
138: 163
139:
140:
141:
142:
143:
144:
145:
146: 175
147:
148:
149:
150:
151:
152:
153:
154:
155:
156:
157:
158:
159:
160: 189
161:
162:
163: 201
164:
165:
166:
167:
168:
169:
170:
171:
172:
173:
174:
175:
176:
177:
178:
179:
180:
181:
182:
183:
