1: 438 282 268 265 104 76 18 10 8 2 1
2: 727 50 7 3
3: 743 374 353 288 191 185 155 6 4
4: 288 155
5: 673 196 127 5
6: 591 345 227 212 89 53 45 22 19 13
7: 863 825 513 455 421 273 43 35 30
8: 883 12
9: 496 373 178 27
10: 805 26 17
11: 710 669 660 582 34
12: 855 726 354 38 32 14
13: 824 550 89 53 22 9
14: 361 278 99 69 11
15: 663 605 513 421 273 222
16: 245 188 74 72 63 36
17: 843 699 435 414 183 159 157 111 81 29 21
18: 195 130 59
19: 323 307 272 33 16 15
20: 518 60 57 44
21: 580 536 411 209 122 108 51 23 20
22: 385 322 209 176 122 108
23: 787 752 749 725 623 168 46 42 24
24: 379 125 98 92 56 31
25: 578 292 78 39 25
26: 411 129 73 28
27: 469 103 64
28: 48
29: 639 408 296 224 204 185 103 94 83 82 64
30: 532 110 52
31: 49
32: 340 197
33: 761 680 565 445 407 401 393 342 308 228 219 210 179 93 68 61
34: 237 218 199 147 109 79 58 41 40
35:
36: 721 623 584 561 426 168 137 135 119 100 47
37: 512 509 375 96
38: 714 277 175 66
39: 324
40:
41: 474 47
42: 345 37
43: 863 825 455
44:
45: 91 75
46: 680 565 228 68
47: 846 676 146 116
48: 431 354 303 296 295 224 204 192 67 62 55 54
49: 763 283 152
50: 572 107 97
51: 673 303 55
52: 640 358 172
53: 903 643 578 406 327 65
54: 677 182
55: 296 224 204
56: 764 624 550 297 114 70
57: 768 263 248
58: 823
59: 564 164
60: 867 112 71
61: 843 832 501 415 111 81
62: 266
63: 699 468 95
64: 742 343 142
65: 518
66: 124
67: 554
68: 544 264 250 194 132 80
69:
70: 669 401 308 219 179
71: 710 669 582 383 370 363 301 259 235 123
72: 849 699 519 518 97
73: 748 685 557 484 351 257 234 163
74: 812 736 547 461 320 260 167 144 113 101 88
75:
76: 524 432 165
77: 570 476 171 87
78: 84
79: 870 741 685 654 530 484 351 234 225 214 207
80: 640 541 478 358 198 193 172
81: 637 390 77
82: 642 386 220 86
83: 806
84: 364 105
85: 591 332 208
86: 870 824 761 741 710 679 654 582 393 210 174 148 143 140
87: 876
88: 581 356 134 121
89: 439 256 160 103
90:
91: 579
92: 600
93: 546 200
94: 422 350 312 284
95: 355 249 181 102
96: 721 660 584 561 426 137
97: 734 315 279 141 85
98: 849 845 680 519 293 228 115
99: 579 363
100: 664 344
101: 639
102: 186 118
103: 660 477 254 226 162 90
104: 166 161
105: 236 170
106: 732 721 658 584 561 150
107: 858 657 117
108: 153
109: 269
110:
111: 663 541
112: 870 770 741 707 654 628 544 464 264 250 207 194 190 184 180 132 131 120
113: 858 785 669 665 657 301 286 259 235
114: 707 643 492 406 327 190 106
115: 617 511 412 326 240
116: 314
117: 870 753 741 654 207
118: 154 126
119: 318 270
120: 533
121: 581 523 518 356 156 149
122: 732 658 389 173
123:
124: 523 401 136
125: 672 660 510 138
126:
127: 689 539 342
128: 488 252 158
129: 824 730 458
130: 486
131: 738 258 244
132: 633 530 225 214
133: 792 418
134: 275
135: 702
136: 620 312 262 177
137: 374 353 128
138: 877 863 825 735 581 455 356 330
139: 764 624 316
140: 541
141: 572
142: 522 369 133
143: 309
144: 746 216
145:
146: 674 384
147: 644
148: 811 386 220
149: 349
150: 849
151: 849 519
152:
153: 365 285
154: 409 151
155: 528 299 145 139
156: 444
157: 838
158: 508
159: 184
160:
161: 233 211
162: 185
163: 300
164: 851 382
165: 335 311
166:
167: 302 232 215
168: 571 395
169: 431 187
170:
171: 886 681 498
172:
173: 668
174: 660
175: 822 757 620 262 221 202
176: 822 757 533 304
177: 776 589 550 508
178: 684 534
179: 706
180: 387
181:
182: 552 346 169
183: 874 297 253
184: 744 425 398 298
185: 846 676 372
186: 217
187: 239 189
188:
189:
190: 835 201
191: 731 560 555
192: 359
193:
194:
195: 286
196: 352
197: 621 457
198: 803 772 329
199: 514 230 203
200: 801
201: 347
202: 773
203: 777 368
204: 251 243
205: 586
206: 566
207:
208: 223
209: 446
210:
211: 339
212: 274
213: 720
214: 474
215: 784 758
216: 730 458 205
217:
218: 748 567 419 257
219: 841 703 206
220:
221: 834 820 659 294
222: 317 280
223: 580 536
224: 630
225: 596 213
226: 429
227: 448 380
228: 231
229: 287
230: 616 535
231: 242
232: 267 246
233:
234: 475 313 261
235: 482 466
236:
237:
238: 744 490
239: 720 388
240: 795 289
241: 469
242: 556 545 399
243: 238
244: 476 247
245: 681 498 276
246: 776 589 321
247: 736 547 461 320 260
248: 650 505 229
249: 779 708
250: 769
251:
252: 849 519 486 319
253:
254: 500
255: 780 471 241
256:
257:
258: 689 539
259: 629 436 314
260:
261: 864 672 662 491 334
262: 644 463
263: 891 305
264: 325
265: 716 428 348
266:
267: 290
268:
269: 412
270:
271: 860 416
272: 485 470 328
273: 594 558 449
274: 567 419
275: 679
276: 866 754
277: 873 814 336 271
278: 445 407 255
279: 388
280:
281: 550 402
282: 524 432 291
283:
284: 410 360 306
285:
286: 487 394 341
287: 617 511 326
288: 601 357
289:
290: 442 434
291: 770 628 570 464
292: 367
293:
294: 753
295:
296:
297: 865 516
298: 633 493
299:
300: 396
301: 577 337
302:
303: 595 397
304: 819 423
305: 751
306:
307: 888 437
308: 642 371 281
309: 622 599 452 445
310: 832 501 415
311: 789
312:
313: 361
314:
315: 310
316: 653 362
317:
318: 664 344
319: 649 377
320:
321: 830
322: 722 529 331
323: 876
324: 333
325: 634 467
326: 891
327: 743
328: 853 833 430
329:
330: 854 603
331: 730 537 451
332: 866
333:
334: 811
335:
336:
337:
338: 827 701
339: 702
340:
341:
342:
343: 888 378
344:
345:
346: 486 440
347: 884 821 788
348: 677
349:
350: 686
351: 538 376
352: 338
353: 664
354:
355:
356:
357: 756
358:
359:
360:
361: 465 417
362: 871
363:
364: 456
365: 587
366:
367: 533
368:
369: 585 576
370: 766 424
371:
372:
373: 810
374: 895 619
375: 896 815 489
376: 446
377:
378:
379: 526 481 400
380: 381
381: 857
382: 502
383: 483 391
384: 836 542
385: 878 494
386: 785
387: 468
388: 472 460 366
389:
390: 711
391: 495 392
392: 688 631
393: 647
394: 403
395:
396: 875 632
397:
398: 705 681 498
399:
400:
401:
402: 447
403: 745
404: 864 662
405: 713 405
406:
407: 506 454
408: 413
409: 453
410:
411: 678
412:
413: 894 767 691
414: 499
415:
416:
417: 645 427
418:
419: 459
420: 799
421:
422: 614
423:
424:
425: 816 669
426:
427: 480
428:
429:
430: 479
431: 712
432: 562
433: 612 563
434: 903 404
435:
436:
437:
438: 807 704
439:
440:
441:
442: 648 549
443:
444: 893 790
445: 443
446: 747
447: 787 752 749 725 450
448:
449: 847 540
450: 660
451:
452:
453:
454:
455:
456: 861 625 420
457:
458: 462
459: 856
460: 543
461: 773 764
462: 588
463: 879
464: 900 667 608
465: 611 609
466: 869 597
467: 441
468:
469: 615
470: 819
471: 521
472: 818
473: 606 433
474: 718 653
475: 781 531
476: 786 607
477: 686
478:
479:
480:
481:
482:
483:
484:
485:
486: 769 731
487: 746
488:
489: 885
490:
491:
492: 527
493:
494: 683 548
495:
496: 598 517
497:
498: 675 641
499:
500:
501: 837
502: 817
503: 504
504:
505: 882
506:
507: 765
508:
509:
510: 665
511: 878 815
512: 855 726
513:
514:
515:
516: 503
517:
518: 692 497
519:
520:
521: 737
522:
523: 795
524:
525:
526:
527: 568
528:
529: 583 473
530: 515
531:
532:
533:
534:
535: 800 551
536: 872 651
537:
538: 627
539: 559
540:
541: 682 638
542: 600
543:
544:
545: 602
546:
547:
548:
549:
550: 663
551: 592
552: 839
553:
554: 507
555: 778
556: 771 759
557:
558: 646
559: 604
560:
561:
562: 656
563:
564:
565:
566: 520
567: 861
568:
569:
570:
571:
572:
573:
574: 618
575:
576: 553
577:
578:
579: 700 525
580:
581:
582: 762 569
583:
584:
585: 868 717
586:
587:
588:
589:
590:
591: 573
592:
593:
594: 813 709
595:
596:
597: 590
598:
599: 574
600: 733
601:
602: 586
603:
604:
605:
606: 843 610
607: 690
608:
609:
610:
611:
612:
613:
614: 804
615:
616:
617:
618: 842 575
619:
620:
621: 593
622:
623: 687
624:
625:
626: 829 696 626
627:
628:
629:
630:
631: 693
632:
633: 760
634:
635:
636:
637: 783 661
638:
639:
640: 724
641: 788
642:
643:
644:
645: 613
646: 899 698
647: 852 729
648:
649: 880
650:
651:
652: 892
653:
654: 635
655:
656:
657:
658:
659:
660: 655
661:
662:
663:
664:
665:
666:
667:
668: 636
669: 652
670:
671:
672:
673:
674: 695
675:
676:
677:
678:
679:
680:
681:
682:
683:
684:
685: 883 728
686:
687: 740 670
688:
689: 694
690:
691:
692:
693: 850
694:
695:
696:
697:
698:
699: 671
700: 840 774
701: 666
702:
703:
704: 755
705: 812
706: 719
707:
708:
709:
710:
711:
712:
713:
714: 715 697
715:
716:
717:
718:
719: 809 775
720: 867
721:
722:
723:
724:
725:
726:
727:
728:
729:
730:
731: 835 750
732:
733:
734:
735:
736:
737: 844
738:
739:
740:
741:
742:
743: 791
744:
745:
746:
747:
748:
749:
750:
751:
752:
753:
754:
755:
756:
757:
758: 828
759:
760:
761:
762:
763:
764:
765:
766:
767:
768:
769:
770:
771:
772:
773: 723
774:
775:
776:
777:
778:
779:
780:
781:
782: 739
783:
784:
785:
786:
787:
788: 796
789:
790:
791:
792: 826
793:
794: 793
795: 874
796:
797:
798:
799:
800: 901
801:
802: 797
803:
804:
805: 898
806:
807:
808:
809:
810:
811:
812: 831
813:
814:
815:
816:
817:
818:
819:
820:
821:
822:
823: 802
824:
825:
826:
827:
828: 885 794
829: 862
830:
831:
832:
833:
834:
835:
836:
837:
838:
839: 897
840:
841:
842:
843:
844: 782
845:
846:
847:
848:
849:
850: 890
851:
852: 889
853:
854:
855:
856: 798
857:
858:
859:
860:
861:
862:
863:
864: 808
865:
866:
867:
868:
869:
870:
871:
872:
873: 887
874:
875:
876:
877:
878:
879:
880:
881:
882:
883:
884:
885:
886: 848
887:
888:
889:
890:
891:
892:
893:
894:
895:
896:
897:
898:
899:
900:
901:
902: 859
903:
904:
905:
906:
907:
908:
909:
910:
911:
912:
913:
914:
915:
916: 881
917:
918:
919:
920:
921:
922:
923:
924:
925: 904
926:
927:
928:
929:
930:
931:
932:
933:
934:
935:
936:
937:
938:
939: 902
940:
941:
942:
943:
944:
945:
946:
947:
948:
949:
950:
951:
952:
953:
954:
