1: 1101 1080 198 176 36 3 1
2: 1411 486 88 64 40
3: 822 248 194 171 130 69 62 46 32 23 14
4: 1454 1169 1066 1031 979 966 468 405 385 206 146 138 131 89 79 31 24 4 2
5: 1507 1432 1411 1365 1310 1208 997 794 793 784 757 596 571 486 88 78 77 64 40 35 29 25 15 13 7 6 5
6: 1582 619 582 555 433 311 60 20
7: 1432 973 794 77 29 25 21
8: 884 91 57 8
9: 815 248 194 10 9
10: 679 321 55
11: 1507 1208 1144 997 782 752 740 376 45 16 12
12: 1548 938 850 346 102 56 52 27
13: 360 236 104 11
14:
15: 547 112 86 82 80 71
16: 1529 1503 1232 1047 1001 951 944 719 658 480 359 307 204 185 151 106 53
17: 1247 1025 917 741 566 205 141 121 22 17
18: 907 589 74 65 54
19: 18
20: 1101 1080 905 625 81 76 49 38 33
21: 1371 844 764 762 710 441 171 130 109
22: 1378 469 187 43 39 19
23: 885 369 90 70
24: 1335 1036 351 94 51 26
25: 1375 1216 1215 942 896 887 855 673 460 451 119 68 30
26: 1255 1144 1124 953 934 752 521 376 277 272 238 200 179 98 44
27: 1141 805 774 641 391 210 165 101 28
28: 1139 34
29: 707 512 509 174 99
30: 279 202 193 41 37
31: 1519 1235 898 703 437 287 42
32: 1371 1120 844 839 766 762 710 630 441 229 196 144 109
33: 764 48
34: 1571 1153 672 523 490 255 126 61 59
35: 47
36:
37: 1360 1359 450 135 87 85 73 72 63 58
38:
39: 1326 1185 251 50
40: 212 140
41: 1451 1212 113
42: 1010 428 343 105 93
43: 1188 1185 1066 1031 978 902 769 578 503 484 473 468 251 178 122 67
44: 774 165 101
45: 66
46: 551 508 506 309
47: 1477 838 562 375 354 281 244 169 150 84
48: 503 178 114
49: 120 107
50: 1052 952 933 666 458 230
51: 1575 1378 1202 1019 989 954 929 907 865 720 589 581 469 297 283 187 162 148
52: 386 260 83
53: 782 632 397 197 182 154
54: 801 592 118
55: 1153 1010 1002 901 672 523 490 428 343 229
56: 1304 1277 1169 975 966 801 146 79
57: 716 505 314
58: 813 395 265 175
59: 1572 859 795 621 545 293 288 218
60: 701 646 378 95
61: 1477 562 169 150
62: 1495 1310 793 784 757 111 97
63: 760 709 457 256
64: 1216 1215 942 896 887 865 283 75
65: 1529 1052 952 480 359 307
66: 973
67: 1655 1642 1616 801 375 354 281
68: 1658 1117 759 100
69: 1633 352 128
70: 650 220
71: 838 244
72: 153
73: 863 809 431 390 381 237 125 92
74: 1419 1278 596 124 123
75: 424 392 166 156 115
76: 399 295
77: 338 333 285 217 103
78: 363 215 129
79: 611 328 96
80: 1575 989 581 297 108
81: 1191 946 551 508 506 309 172 152
82: 1648 1339 1071 854 682 603 413 249
83: 502 258 229 196 180 164
84: 1303 323 181
85: 246 201
86:
87: 110
88: 683 372 268 222 149 134
89: 1420 568 365 232 228 177 147
90: 1602 1482 902 805 769 615 513 473 391 336 203
91: 993 432
92: 1530 1144 855 752 376 158
93: 1519 741 253
94: 890 316 221 161
95: 1515 1502 1320 644 481 170 157 116
96: 342 223 117
97: 1528 1428 819 692 597 482
98: 590
99: 1066 1031 468
100: 1655 1642 225
101: 1463 1078 738 728 704 466 235
102: 1152 1071 980 854 682 603 413
103: 1624 313 306 145 137
104: 1467 1200 1167 726 213 189
105: 1182 340 315 155
106: 666 230
107: 961 586
108: 689 296
109: 1206 958 216 132
110: 1179 1068 815 719 567 440 159
111: 1454 1220 979 405 385 143 139
112: 954 701 191
113: 722 686 160
114: 1090 475 195 127
115: 429 133
116: 973 633 370 290
117: 207
118: 655 622
119: 953 179
120: 714
121:
122: 418 344
123: 305 184 136
124: 861 837 777 491 209
125: 941 373
126: 1462
127: 1001 658 456 289
128: 1600 444 303
129: 1347 1341 1183 901
130: 1660 1234 1182 847 822 340 315 168 142
131: 773 666 520 231
132: 1520 1123 363 215
133: 881
134: 1574 488 271 262
135: 1350 855
136: 1596 199
137: 1478 1155 1067 992 913 834 186
138: 1365 817
139: 1165 943 401
140: 1146 665 559
141: 861
142: 1368 1148 717 263
143: 1602 1261
144: 1510 905 625
145: 1216 1215 942 896 887 451 211 167
146: 1304 975 403 245
147: 663
148:
149: 1363 1166 531 447 430 421 226
150: 1246 1039 1007 1000 384 192 188
151: 795 293 173
152: 1242 689 296 219
153: 1206 1018 208
154: 830 648 224
155: 1512 1354 872 361 163
156: 1125 243 190
157: 880
158: 1463 1294 1258 1205 1078 728 466 235
159: 664 489
160: 814 330
161: 1589 866 337
162: 1085
163: 763
164: 1608 1361 645 270
165: 628 542 278 269 247
166: 1646 1066 1031 257
167: 1462 731
168: 1478 1155 1067 913 591 497 327
169: 1631 1424 900 560 335
170:
171: 1126 782
172: 985 537 275
173: 1246 1000 478 312
174: 956 902 769 473 308 259
175: 1423 1092 462 254 183
176: 1228 1100 1083 280
177: 938 241
178: 1631 560
179: 885 618 455 369
180: 1372 1299 347
181: 928 276
182: 1120 630
183:
184: 987 535
185: 1538 1397 357
186: 1196 1040 715 452
187: 1355 214
188: 1424
189: 1014 527
190: 1085 382
191: 724 412
192: 628 542 278 247
193: 1492 1057 550 292
194:
195: 935
196: 360 294
197: 1471 1434 298 233
198: 349
199: 940
200: 284
201: 721 598
202: 1156 824
203:
204: 1584
205: 1016
206:
207:
208: 973 745
209: 501 320
210: 1635 1545 836
211: 668
212: 476 264
213: 515
214: 1293 1253 411 366 282
215: 1082 638 274 252
216: 434
217: 1234 847
218: 546
219: 1478 1267 1155 1067 913 591 497 327 242
220: 414
221: 1222 592 383 368
222: 1139
223: 945 606
224: 839 766
225: 1221
226: 1267 1029 1017 583 286 234
227: 326 227
228: 1517 897 646 426 378
229: 964 696 569 543 435 266
230: 802 329
231: 1555 1541 1241 1189 389 273
232: 1131 878 406
233: 1280 918 661 267 240
234: 1406 1316 786 681
235: 1482 1224 1076 513
236: 1633 767 408
237: 425
238: 1633 1213 1186 873 438 250
239: 1131 1124 641 406
240: 362
241: 679 321
242: 1463 1078 498
243: 864 848 641 324
244: 300 239
245: 1213 873
246: 641
247:
248: 1495
249: 1255 521 277 272
250: 1412 891 485
251: 1463 1069 825
252: 1016 587 379
253:
254:
255: 1476 1393 1322 1246 1069 1051 1000 825
256: 1564 789 585
257: 1486 1093
258: 544 393 304
259: 622
260: 1050 816 811
261: 654
262: 419 291
263: 334
264: 1192 588
265: 1557 1251 976 530 453
266: 609 261
267: 534 394 301
268: 1660 649 364 322
269: 1549 355
270: 1654 1122
271: 1405
272: 1392 627 464
273: 1410
274: 339 302
275: 332
276: 1152 980 367 318
277: 371
278: 1378 526 469
279: 356
280: 1590 1512 1435 1354 872 691 325
281: 619 582 555 299
282: 577 500
283: 1346 687 676
284:
285:
286:
287: 1241 1189
288: 1219 1154 733
289: 1114 1109 999
290: 331
291: 818 702 626
292:
293: 1103 1023 533
294: 1386 902 659 449
295:
296: 1161
297: 1231 1161
298: 1564 1386 532
299: 1463 1360 1359 771
300: 1507 1208 997
301: 803 712 507
302: 1147
303: 1180 374
304: 1231 657
305: 1493 1490 1295 1073
306: 859 621
307:
308: 317
309: 746 565
310: 1355 1013 348
311: 1540 1414 1205
312: 831 791
313: 423
314: 1204 862
315: 1459 1450 1315 1086
316: 1268 1241 1189 1111 404
317: 310
318: 618 455 319
319:
320:
321: 790
322: 1505
323: 662 396
324:
325: 388
326: 677
327: 458
328: 1578 467
329: 1368 1174 345
330:
331: 1233 960 620 422
332: 1143 1033 799 493
333:
334: 549 511
335: 1286 557 353 341
336: 1290
337: 675
338: 1179 1068
339:
340: 499
341: 592
342: 978 578
343: 387
344:
345: 1660 1459 1450 1315 840 420
346: 446
347: 1658 1290 1117
348: 1077 749 651
349: 1279 1254 1170 377
350:
351: 1330 1116
352: 1633 1362 1160 767
353: 528
354: 1350
355: 1614 1512 1354 504 439
356: 671 483
357: 1218 518
358: 1627 1259 1156 442
359: 350
360: 738 704
361: 954 358
362:
363: 487
364:
365:
366: 1168 1145 842 753
367: 892 747 746
368: 1085
369: 883
370: 1585 1581 1053 705 427 400
371:
372: 768
373: 1654 402
374: 1413 448
375: 1601 1230
376: 1566 895 770
377: 1224 1128 1076
378: 1405 380
379: 1575 1008 930
380:
381: 1451 1212 525
382: 538
383: 976 787 570
384: 640
385: 963 575
386: 1309 965 932
387: 398
388:
389: 510
390: 461
391:
392:
393: 529
394: 1508 741 736 494 443
395: 1413 974
396: 1199
397:
398: 1264 1127
399: 737
400: 1474
401:
402: 602
403: 1079
404: 1292
405: 580
406: 1394 495
407: 474
408: 1464 732 522
409:
410: 1019 524 417
411:
412: 736
413: 822
414: 1585 1581 1388 1052 952 933 851
415: 407
416: 593 409
417: 1650 903 754
418: 711
419: 610 477
420: 1196
421: 931 893
422:
423: 1446 1089
424: 410
425: 548 496 470 459
426: 539
427: 934
428: 415
429: 1490 1295 1073 849
430: 1554 1053 705
431: 904 781
432: 594
433: 852
434: 1618 1240 761 517
435: 925
436:
437: 992 463
438:
439: 996 919
440: 878
441: 845
442: 647
443: 1222
444: 1330 1116 643
445: 1270 798 778 564
446: 660 616 572
447: 937 416
448:
449: 713 445
450: 1202
451:
452: 1375
453: 516
454: 734
455: 1410 492
456: 842 753 584
457: 1611 864 848
458: 829 600 465
459: 1274 1040 479
460: 436
461: 674
462: 1393 1051
463: 1400 1194 1137
464: 605
465:
466: 1419 1278
467: 1524 1332 995
468:
469: 471
470:
471: 1658 1117
472: 690
473: 1420
474:
475: 1282 656
476: 776 541
477: 519
478:
479: 1195 969 697 454
480: 1298 725 642
481: 1049 1012 949 472
482: 1612 613
483: 1121 955 726
484: 609 514
485:
486: 1528 819 612
487: 631 607 595
488:
489: 1634
490: 1051 877 540
491: 1162 613
492: 579
493: 1452 637 554
494:
495: 905
496: 1204 1097
497: 1060
498:
499: 1407
500: 552
501: 684 573
502: 1072 874
503: 1358 1030
504: 1271 1262 536
505: 1168 1145 831
506:
507: 574
508: 1272 894
509: 727
510: 1202 1191 946
511:
512: 882
513: 879 775
514:
515: 1112
516:
517: 810 730 553
518: 1407 977
519: 563
520: 1610
521: 561
522:
523: 634
524: 1201
525: 1246 1000
526: 1226 788
527: 1633 1630 1463 1078 728 576 558
528: 1210
529:
530: 1060
531: 832
532: 742
533: 599
534: 1167
535:
536: 935 892 747
537:
538:
539: 1537 1074
540: 1576
541: 741
542: 1629 922
543:
544:
545: 1593 601
546: 1140 924
547: 1574 1220
548: 1205
549: 1102
550: 923
551: 1415 1265 1063
552: 1229 1037 759
553: 1654
554:
555: 1336 1273 670
556: 1469 1283 1102
557:
558: 1346 806 687 556
559:
560:
561: 614
562: 1184
563: 1176 876 756
564:
565: 796
566: 1656 1096 1015
567:
568: 1539
569: 1401 1164 1149
570:
571:
572: 1311 1268 1159 1111
573:
574:
575: 785 750
576:
577: 1429 1422
578: 1469 1301 1283 1214 1102
579: 739 688
580: 1058 604
581: 853 608
582:
583: 912 629
584: 1388 1091 841
585: 1393
586: 678
587: 1519 914
588: 1594 1104
589:
590: 797
591: 1444
592: 735
593: 652
594: 1224 1076 948
595: 1515 1502 1320 1299
596: 1113 827 783
597: 1328 889 765
598: 1105
599: 1301 1214 792 755
600:
601: 1240 761
602:
603: 1201 956
604: 1325 694
605: 1041 636
606:
607:
608:
609: 1178
610:
611:
612: 744 700
613: 758 698
614: 743
615: 1585 1581 1388
616: 1268 1111
617: 1440
618:
619:
620:
621: 1381
622: 1437 1431 1236 667 639
623: 624
624:
625: 1216 1215
626: 617
627:
628: 1608 1361 685
629: 1621 706
630: 1349
631: 1438
632: 1026 623
633: 1081
634:
635: 1521 1134
636: 1377 1118
637: 1576 635
638: 909
639:
640: 1110
641: 780
642:
643: 1115 669
644: 1533
645:
646:
647:
648: 1616 971
649: 1523 1501
650: 1509
651: 1288
652: 751
653:
654: 1032
655:
656: 653
657:
658: 1590 1480
659:
660: 868
661: 1151
662: 680
663: 1571
664: 1195 969
665:
666: 693
667: 1239 1020
668:
669: 1568 867
670: 1399 970
671: 1643 856
672:
673:
674: 695
675:
676: 1352
677: 723
678: 1546 1391
679: 1136
680: 1424
681:
682: 1458
683: 1188 729
684:
685: 1380
686: 1499 926 699
687: 718
688:
689: 1302 833
690: 1630 1161
691:
692:
693: 981
694:
695: 1300
696:
697:
698: 1522
699: 1547
700: 1197 1009
701: 1654 1056 772
702: 708
703:
704:
705: 1119
706: 915
707: 1577 1542
708: 1640 1044
709: 1414
710: 1503 1232 1047 951 944
711:
712: 1347 1341 1183
713:
714:
715:
716: 1376
717:
718:
719: 911
720: 860
721:
722: 927
723: 1021 936
724: 1256 1250
725:
726: 1062
727: 1054
728:
729:
730: 748
731:
732: 1619 1425 826
733: 1367 1168 1145
734: 1467 1200
735: 1291 947 820
736: 1190
737: 1308
738: 1334
739: 1172 908
740: 1534
741: 1624 1508 1311 1159 857
742: 1356 1150
743: 1257
744: 1433 1138
745: 1203 1105
746:
747: 1237 1095
748: 1061
749: 958
750: 1587 959 779
751: 1424 869
752: 1133 962
753:
754: 1046 823
755: 1595 1408
756:
757: 1489
758: 804
759: 888
760: 1595 1408 1211 906 807
761: 1321 800
762:
763: 967
764: 1456
765:
766: 1611 1193
767: 1157 1135
768: 1372 1035
769:
770: 870
771:
772:
773: 1209 886 843
774:
775:
776:
777: 1005 812
778:
779: 1586
780: 1244 1088
781: 835
782: 916
783: 828 821
784: 1125
785:
786: 808
787:
788:
789: 1637
790:
791:
792: 1484
793:
794: 1468
795: 1374 1369
796: 1457 1331 1181
797: 1316
798: 1558 1494
799: 988
800: 1547
801:
802: 1384 1249 875
803: 1516 1217
804:
805: 983
806: 1333 858 846
807: 1028
808:
809: 950
810:
811: 1059
812:
813: 921
814: 1043
815: 871
816:
817: 1342
818: 1240 994
819: 1263 982
820:
821:
822: 1355 1309 1281 1141
823:
824: 1573 1004
825:
826: 991
827:
828: 1307 998
829: 1485 1003 920
830: 1011
831:
832: 1465
833:
834: 1281
835:
836:
837: 1551
838: 1568
839:
840:
841:
842: 1024
843: 1345
844:
845: 1027
846:
847:
848:
849:
850:
851:
852: 1276
853: 1280
854: 1460
855:
856: 899
857:
858:
859:
860: 1501 1130
861:
862: 1317
863:
864: 1340 1227
865: 1260
866: 1324 1173 968
867: 1524 1332
868: 1326 1099
869:
870:
871:
872: 1647
873: 910
874: 957
875: 1355
876:
877: 1395
878: 1553 1042 939
879:
880:
881: 1653
882:
883:
884: 1416
885:
886: 1364 986
887:
888:
889: 1070 1064
890:
891:
892:
893: 1306 1022
894:
895: 1177
896:
897: 1126
898:
899: 1128
900: 1404 984
901:
902:
903:
904:
905:
906:
907:
908: 1423 990
909:
910:
911: 1187 972
912:
913: 1613
914:
915: 1248
916: 1207 1065
917: 1598 1496
918:
919: 1106
920:
921: 1198 1158
922: 1644 1045
923: 1660 1238
924:
925: 1649 1305 1098
926: 1298
927:
928: 1337
929:
930:
931: 1403
932: 1560
933:
934: 1390
935: 1284 1087
936:
937:
938:
939:
940:
941:
942:
943:
944:
945:
946: 1038
947: 1075 1006
948:
949:
950:
951:
952: 1175
953: 1055
954: 1466
955:
956: 1563
957:
958: 1389
959:
960:
961:
962:
963: 1632
964: 1579 1438
965:
966:
967: 1275 1034
968: 1506
969:
970: 1461
971:
972:
973: 1442
974: 1327
975:
976:
977:
978:
979:
980:
981:
982: 1277
983:
984:
985:
986:
987:
988:
989: 1636 1441 1048
990:
991:
992: 1225
993:
994: 1094
995:
996: 1343 1319
997:
998: 1351 1142
999:
1000: 1243
1001: 1107
1002:
1003:
1004:
1005: 1269
1006:
1007:
1008: 1562 1396
1009: 1132
1010:
1011: 1383
1012: 1338
1013: 1546 1391
1014:
1015:
1016:
1017:
1018:
1019: 1428
1020:
1021: 1638
1022: 1620
1023: 1657
1024: 1245
1025: 1339
1026:
1027:
1028: 1511 1163
1029: 1340
1030: 1084
1031:
1032:
1033:
1034: 1382
1035:
1036:
1037: 1274
1038:
1039:
1040: 1426 1385
1041: 1171
1042:
1043:
1044: 1348
1045:
1046:
1047:
1048: 1506
1049:
1050: 1353
1051: 1520 1123
1052:
1053:
1054:
1055: 1444
1056:
1057: 1526 1108
1058: 1473 1417
1059: 1487 1313
1060: 1518
1061:
1062:
1063:
1064: 1223
1065: 1285
1066:
1067:
1068:
1069:
1070:
1071: 1583
1072: 1659
1073: 1362
1074: 1287
1075:
1076:
1077:
1078:
1079:
1080:
1081:
1082:
1083:
1084:
1085: 1637 1588
1086: 1296
1087: 1409
1088:
1089:
1090:
1091:
1092:
1093:
1094:
1095: 1312
1096: 1329
1097:
1098: 1373
1099: 1556
1100:
1101:
1102: 1129
1103:
1104:
1105:
1106: 1398
1107:
1108: 1652
1109:
1110: 1567
1111:
1112:
1113:
1114: 1252
1115:
1116: 1366
1117:
1118:
1119: 1289
1120:
1121:
1122:
1123:
1124: 1604
1125:
1126: 1297
1127:
1128:
1129:
1130:
1131:
1132:
1133:
1134:
1135:
1136:
1137:
1138:
1139: 1370
1140:
1141:
1142:
1143: 1259
1144:
1145:
1146:
1147:
1148:
1149:
1150:
1151:
1152:
1153:
1154:
1155:
1156:
1157:
1158:
1159:
1160:
1161:
1162:
1163:
1164:
1165: 1402
1166:
1167:
1168:
1169:
1170:
1171:
1172:
1173:
1174:
1175:
1176: 1266
1177:
1178:
1179:
1180:
1181:
1182:
1183: 1447
1184:
1185: 1622
1186:
1187:
1188: 1380
1189:
1190:
1191: 1481
1192:
1193: 1379
1194: 1569
1195: 1544
1196:
1197:
1198:
1199:
1200:
1201:
1202: 1606 1540
1203:
1204: 1607 1565
1205: 1439
1206:
1207:
1208: 1534
1209: 1483
1210:
1211: 1645 1535
1212:
1213:
1214:
1215:
1216:
1217: 1551
1218:
1219: 1445
1220: 1344
1221:
1222: 1448
1223: 1609
1224:
1225:
1226:
1227:
1228:
1229: 1318
1230:
1231:
1232:
1233:
1234: 1625
1235: 1449
1236: 1597
1237: 1314
1238:
1239:
1240:
1241:
1242:
1243: 1421
1244:
1245:
1246:
1247:
1248:
1249:
1250:
1251: 1427
1252:
1253:
1254:
1255:
1256:
1257:
1258: 1514
1259: 1641
1260: 1323
1261:
1262:
1263:
1264:
1265:
1266:
1267:
1268:
1269:
1270:
1271:
1272:
1273: 1628
1274:
1275:
1276:
1277:
1278:
1279:
1280:
1281:
1282: 1479
1283:
1284:
1285:
1286:
1287:
1288:
1289:
1290:
1291: 1357
1292: 1475
1293: 1532 1387
1294:
1295:
1296:
1297:
1298:
1299:
1300: 1580
1301:
1302:
1303: 1559
1304:
1305:
1306:
1307:
1308: 1498 1455
1309: 1531
1310:
1311:
1312:
1313:
1314:
1315:
1316:
1317:
1318: 1586
1319:
1320:
1321:
1322:
1323: 1591
1324:
1325:
1326:
1327: 1530
1328:
1329:
1330:
1331:
1332:
1333:
1334:
1335:
1336:
1337:
1338: 1605
1339:
1340:
1341:
1342:
1343:
1344:
1345:
1346: 1550
1347: 1436
1348:
1349:
1350:
1351:
1352: 1536
1353: 1497
1354:
1355:
1356:
1357: 1552
1358: 1418
1359:
1360:
1361:
1362:
1363:
1364:
1365: 1430
1366:
1367:
1368:
1369:
1370:
1371:
1372: 1599
1373:
1374:
1375:
1376:
1377:
1378:
1379:
1380:
1381:
1382:
1383:
1384:
1385: 1470
1386:
1387:
1388:
1389:
1390:
1391:
1392:
1393: 1603 1443
1394:
1395:
1396:
1397:
1398:
1399:
1400:
1401:
1402:
1403:
1404: 1500
1405:
1406: 1453
1407:
1408:
1409:
1410:
1411:
1412:
1413: 1596
1414: 1527
1415: 1626
1416: 1504
1417:
1418:
1419:
1420:
1421:
1422:
1423:
1424:
1425:
1426:
1427:
1428: 1472
1429:
1430:
1431:
1432:
1433:
1434:
1435:
1436:
1437:
1438:
1439:
1440:
1441:
1442: 1488
1443:
1444: 1525
1445:
1446:
1447:
1448:
1449:
1450:
1451:
1452: 1491
1453:
1454:
1455:
1456:
1457:
1458:
1459:
1460:
1461:
1462:
1463:
1464:
1465:
1466:
1467:
1468:
1469:
1470:
1471:
1472:
1473:
1474: 1513
1475:
1476:
1477:
1478:
1479:
1480:
1481:
1482: 1543
1483:
1484:
1485:
1486:
1487:
1488:
1489:
1490:
1491:
1492:
1493:
1494:
1495:
1496:
1497: 1639
1498:
1499:
1500:
1501:
1502:
1503:
1504:
1505: 1617
1506: 1561
1507:
1508:
1509:
1510:
1511:
1512:
1513:
1514:
1515:
1516:
1517:
1518:
1519:
1520:
1521:
1522:
1523:
1524:
1525:
1526:
1527:
1528:
1529:
1530:
1531:
1532:
1533: 1570
1534:
1535:
1536:
1537:
1538:
1539:
1540:
1541:
1542:
1543:
1544:
1545:
1546: 1615
1547:
1548:
1549:
1550:
1551: 1651
1552: 1592
1553:
1554:
1555:
1556:
1557:
1558:
1559:
1560:
1561:
1562:
1563:
1564:
1565:
1566:
1567:
1568:
1569:
1570:
1571:
1572:
1573:
1574:
1575:
1576:
1577:
1578:
1579:
1580:
1581: 1623
1582:
1583:
1584:
1585:
1586:
1587:
1588:
1589:
1590:
1591:
1592:
1593:
1594:
1595:
1596:
1597:
1598:
1599:
1600:
1601:
1602:
1603:
1604:
1605:
1606:
1607:
1608:
1609:
1610:
1611:
1612:
1613:
1614:
1615:
1616:
1617:
1618:
1619:
1620:
1621:
1622:
