1: 3163 626 603 527 525 188 28 4 3 2 1
2: 1885 925 553 263 129 90 44 30 12 5
3: 3298 462 249 20
4: 2807 1586 1504 1493 1411 1201 1075 468 455 272 262 246 183 157 80 10 8 7
5: 2278 2273 741 538 120 45
6: 1635 460 443 358 218 206 179 35 29
7: 2230 1964 1700 1637 474 287 197 91 60 6
8: 3450 3388 2807 2754 1493 1201 965 844 436 304 258 165 134 126 101 95 76 75
9: 1530 1269 851 849 16
10: 2931 531 144 48 11
11: 3237 2326 1565 1306 375 338 316 81 25 22
12: 2543 1806 257 152 65 43 31
13: 3022 1490 970 507 50 9
14: 2705 1446 40 27 21
15: 3173 1940 1806 1623 1530 1269 851 849 591 556 386 234 229 201 163 152 65 43 31 16
16: 690 388 73 17
17: 3103 1000 819 162 38
18: 3004 2231 1577 1474 1348 1309 1225 688 333 32 14
19: 3247 2155 1947 923 423 420 70 67 49 42 18
20: 3285 2925 154 142 114 53
21: 2870 998 205 199 164 26 24 15 13
22: 2640 1843 1469 1230 886 701 414 349 182 133 130 74 54 19
23: 2069 1784 1480 1368 230 132 46 39
24: 2870 1241 998 461 424 342 205 199 164 57
25: 2998 2671 723 596 589 426 284 137 131 34
26: 3528 2422 1498 153 56 23
27: 2874 2618 2059 1114 471 185 184 105
28: 1025 913 208 119 118 62 51 33
29: 1012 896 758 99
30: 3413 3296 3034 2491 1934 261 145 68 55 41 37 36
31: 1196 830 524 505 123 47
32: 2832 2775 2649 2432 2211 2183 1087 350
33: 2583 826 479 212 121 113
34: 1735 354 279 125 103
35: 2122 1949 1843 1469 1012 896 600 414 148 115
36: 3538 2980 2633 2291 1880 1756 1465 1362 1249 971 728 695 550 495 326 94 85
37: 3324 2748 1938 1216 1159 1010 760 634 403 177 96 64
38: 1418 1148 663 151 93 78
39: 3365 3216 2977 2278 2273 980 906 827 752 655 297 235 178 128
40: 3242 2770 1928 1256 617 335
41: 3292 2849 2708 1071 808 83
42: 2380 1603 1519 1297 1210 1175 1086 996 911 61
43: 455 262 246 157
44: 2256 301 158 111 59
45: 1178 546 310 213 89 86
46: 1590 445 150 58
47: 2305 1794 639 608 581 269 253
48: 2395 88 87 71
49: 3217 1666
50: 965 258
51: 2581 1504 1075 80
52: 443 218 206 92 82
53: 644 251 63 52
54: 3217 1666 1428 357
55: 2927 2094 1623 1270 1011 981 907 796 766
56: 2998 426 284 137 131
57: 2522 2295 713 66
58: 2468 2179 1182 161 97 77
59: 2654 2634 2459 1298 271
60: 3028 313 292 255 143
61: 2649 2183 1438 421 117 69
62: 2927 907
63: 3033 2228 1968 1897 1276 579 416 368 328 211 194 112 98
64: 3511 3130 2927 2742 1623 1011 907 169 72
65: 3025 1187 1178 312 310 89 86
66: 2795 1728 1240 906
67: 3128 3068 2637 2342 1010 885 466 401 109
68: 2468 2264 407
69: 3022 2001 759 336 187 102 79
70: 2506 2046 2034 898 736 661 614 519
71: 1069 1026 940 848 670 568 484 225 198
72: 1252 646 116
73: 2992 2983 2198 2182 2002 1929 1860 1331 572 526 329 295
74: 3450 3078 2663 95
75: 3355 2344 1078 1059 399 319 242
76: 2807 1493 1201 104
77: 2016 567
78: 2036 1413 865 84
79: 1637 1138 1019 962 855 280
80: 3139 2832 2432 2265 2211 1246 1096 1087 352 350 171
81: 3007 2705 1715 1551 1531 1446 1291 1183 555 174 124
82: 346 277 147
83: 1557 1134 384 282
84: 2198 863 746
85: 3135 2469 1624 303 227 127
86: 1751 106
87: 3213 3174 2927 1919 1646 1421 910 907 729 233
88: 2543
89: 3351 1993 1868 1205 624 327 318 141
90: 2588 1485 100
91: 1194 584 257 254
92: 2699 1459 772 372 323 122 107
93: 2269 1890 1360 1245 266 138
94: 968 653
95: 1589 697 394 222 221 159 108
96:
97: 693 450
98: 546
99: 1648 1642 1503 1262 238 155
100: 1531 168
101: 3245 1522 784 517 416 194
102: 1908 1601 1220 1156 446
103: 3489 2969 2517 594 340
104: 1012 896
105: 3169 2980 604
106: 3139 2265 1096 352
107: 3033 1968 579 328 211 146
108: 3068 2342 337
109: 2278 2273 752 538 186 156 110
110: 3497 1680 1453 1321 1281 1014 135
111: 3550 3455 3139 2673 2265 1646 1343 558 216 172
112: 2558 2127 1765 824 454
113: 2748 1938 207
114: 1440 1112 971 728 695 495 326 181 140
115: 3085 2748 1938 1908 1872 1157 446 207
116: 1382 1184 204 193
117: 3297 3280 3109 2400 1977 1808 1293 476 232 175
118: 3162 3090 1390 827 509 365 297 235 178
119: 638
120: 237
121: 3312 3000 1837 906
122: 245
123: 2684 2413 2192 1472 1033 647 209 166 139
124: 2992 1569 1044 508
125: 2062 471 196
126: 3321 276 192
127: 2065 1869 252
128: 174
129: 2366 311 136
130: 2544 1681 1526
131: 518 410 202
132: 3489 2969 2849 2706 2517 1661 1422 1071 808 618 594 593 465 170
133: 1791 1513 1376 965 467 200
134: 3483 1991 1895 1712 890 214 210
135: 3489 2969 2517 1782 1647 1228 149
136: 3249 3119 2600 2378 739 224 215
137: 3070 2998 2844 2615 1149 606
138: 2787 2378 1845 1003 739 224 215
139: 1586 289
140: 1725 1307 627 435
141: 3395 1657 932 761 223
142: 503 343 160
143: 3450 2325 1823 173
144: 325 167
145: 2507 1544 607 595 367 203
146: 2680 1356 1329 949 915 378
147: 3250 3050 3046 2908 2812 1951 1796 1391 1244 797 750 308 291
148: 2916 1909 942 348
149: 1058 922 891 176
150: 944
151: 2633 1756 550 283 180
152: 492 285
153: 3174 2180 2129 1933 1919 1714 1421 233
154: 2877
155: 3234 901 247
156: 2548 2335 2217 1395 477 305
157: 3363 850 270 241
158: 322 191 190 189
159: 1912 769 681 665 571 370
160: 3239 464 220
161: 1257 195
162: 371 268 267 256
163: 3037 2828 1630 712 438 390 217
164: 3464 2863 331
165: 243
166: 3520 989 788 616 296 228 219
167: 3129 2768 1613 1347 699 563
168: 1362 425
169: 2777 704 449
170: 2936 2849 2677 2234 2226 1944 1683 1178 1071 808 321 294 288
171: 790 609 356
172: 1678 459 231
173:
174: 2508 2092 1998 444
175: 3464 2863 1264
176: 2023 544 345 332 281
177: 3158 679 662
178: 2874 1114
179: 2780 2478 1313 1031 740 730 437
180: 3295 1603 1433 1262 1175 620
181: 1581 1458 1432 1251 1081 990 330
182: 2775 2179 1904 1333 1228 398
183: 1051 667 625 274
184: 1956 1732 457
185: 2132 1803 570
186: 876 841
187: 1577 1309 333
188: 240
189: 1271 1218 1061 536
190: 957 778 379
191: 1715 530 374 359
192: 1742 1705 483 380 376
193: 708 659 396
194: 2468 2253 1452
195: 1109 431
196: 914 640 576 361
197: 1228 226
198: 1356 965 644 397
199: 1944 321 294 288
200: 715 585
201: 1646 558 347
202: 3457 1985 1482 1474 406
203: 3457 1482 1369 406 239
204: 1825 691 395 260
205: 3517 1402 433
206:
207: 3388 3007 2754 1106 805 501
208: 3319 2260 511
209: 2122 1835
210: 3454 1131 748
211: 3268 2443 547
212: 3242 2770 1928 1669 1256 1163 617 341 335
213: 3365 3216 655 491
214:
215: 2640 1326 945 702 532
216: 2890 738 735 676 293 286
217: 1097 908 828 351
218: 1601 1220 314
219: 3373 2724 1785 842
220: 3313 2487 1552 244
221: 2120
222: 1825 1468 675 470 309 307
223: 3285 1735 1295 601 439 428
224: 2678 264 248 236
225: 1069 1026 940 848 670
226: 829 707 682 678 302
227: 3453 494
228: 3178 2363
229: 2884 1159 634 403
230: 405 320 306 299
231: 2913 2235 744 648 259
232: 2583 2526 1966 701 290
233:
234: 2713 2527 2008 1906 1594 1122 250
235:
236: 3460 1838 623
237: 3384 2812 1653 1566 1244 831 629
238: 3103 1007 522
239: 2016 1657 932 761
240: 2199 1954 1713 895
241: 417 389
242: 2110 429
243: 2826 2805 2683 419 377
244: 3285 344
245: 3275 1730 539 488
246: 1608 453 381
247: 2750 2370 2234 1683 537
248: 1369
249: 934 385
250: 1314 900
251: 791 364 265
252:
253: 3502 1458 559 404 273
254: 3232 1339
255: 1936 1536
256: 1516 861 780
257: 1733 660 649 383
258: 2861 1833 1382 1352 1274 1184
259: 2298 1305 1224 278
260: 3124 2657 2558 2127 1765 1716
261: 3029 1971 1300 315
262: 2409 362
263: 3522 3010 2761 577
264: 3239 1250
265:
266: 3389 2929 2747 2336 2236 2046 1557 1366 1134 927
267: 2864 2277 1739 843 621 298 275
268: 2099 551
269: 3310 858 632 580 339
270: 2607 2302 2206 987 475 300
271: 561 535 506
272: 2823 2123 1745 941
273: 3503 2458 2119 1721 1242 1202
274: 2780 2478 740 730
275: 3405 2590 2150 1630 1034 438
276: 1910 582
277: 3165 792 756 498
278: 2050 921
279: 3266 2799 602 452 409
280: 2456 1008 731
281: 3479 2946 2687 1450 937 853 430
282: 412
283: 510
284: 597
285: 1074 542
286: 2866 2864 1739 1738 1662 958 658 565 334
287: 1471
288: 734
289: 2650
290: 1424 317
291: 591 493
292: 2730
293: 3478 3396 827 680
294: 3461 418 353
295: 3396 630 557 402
296: 2276 857
297: 904 856 447
298: 3408 2496 2097 779
299: 1047 408 366
300: 2465 2446 917 709
301: 1749
302:
303: 3104 1370 392
304: 1427
305: 2864 1739 658 565
306: 1364 1146
307: 3403 353
308: 2702 2473 1953 1043
309: 3339 1655 490
310: 600
311: 1157
312: 1123 883 592
313: 692
314: 3242 2770 2250 1987 1928 1736 1256
315: 3542 3321 3021 605 393
316: 324
317: 1142 515
318: 2592 1458 687 559
319: 794 411 391
320: 3300 3297 1977 1952 1808 1628 1293 1289
321: 1716 1100 902 789
322: 3332 2812 1927 1244 629 489
323: 2454 1598
324: 2938 1457
325: 360
326: 1041 928
327: 3405 2590 1107 480
328: 2791 999 369
329: 1415 548
330: 1518 894 611 482
331: 562
332: 3162 3090 2855 2790 1390 509 478 365
333: 3370 2904 1517 1335
334: 984 363
335: 771 496
336: 3136 2997 964
337: 1835
338: 2465 2446 1514 709
339: 3352 1936 1911 1536 1353 1179 520
340: 3311 2495 1775 387
341: 2494 1882 1373 440
342:
343: 2888 2316 1668 683 458
344: 1194 584
345: 2508 2092 1998
346: 2218 972 952 809 422
347: 1959 917 743
348: 3124 2657 1440 1112
349: 3245 3148 2948 1686 1522 1005 784 517 355
350: 2784 2381 1102
351: 3372 1488
352: 1405 867
353: 1539
354:
355: 3324 529 400
356: 3528 3200 2962 2345 1167 664
357: 961 950
358: 1779 888 825
359: 2786 1344 434 432
360: 2155
361: 3364 2824 2743 2735 2354 1916
362: 3384 1566
363: 2300 948
364: 2959 2825 1073
365: 1748 714
366: 2489 1007 424
367:
368: 911 473 469
369: 1371 523
370: 1551 1183 415
371: 2656 2449 1612 516
372: 1904 1333 534 497
373: 3403 1978
374:
375: 2922
376: 3299 1247
377: 3181 2569 2245 1481 852
378: 3355 3352 2344 1911 1353 1179
379: 1784 711
380: 2522 2295 569
381: 1951 1796 1341 860
382: 2268 486
383: 2209 2101 1505 1267
384: 3502 2775 2310 2157 2004 1528 1496 1174 1070 1038 820 637
385:
386: 3323 3289 1176 767 673
387: 770 463
388: 2380 1519 1297 1210 996 705 619
389: 3279 2435 859 575
390: 881 776 668
391: 1836 521
392: 2595 1072
393: 2635 2164 1600 1231
394:
395: 2128
396: 2038
397: 1206
398: 2926 1887 373
399: 3511 3130 2742 930 382
400: 1434 566 442
401: 3247 1947 1912 423 413
402: 2139
403: 3379 710
404:
405: 2128 818
406: 2378 1707 1616 1602 1258 1035 739 612 545
407: 1462
408: 3323 2925 2835 1783 899
409: 2870 2196 1388 1271 1218 1061 1036 732
410: 3313 2487 1552 1514
411: 3351 1993 1868 1470 1098 986 955 918 887
412: 3511 3130 2742 1883 1442 930 574
413: 2151 1282
414: 2901 2099 1638 847
415: 2069 1688
416: 747
417: 3077 2355
418: 2136 1654
419: 2526 2173
420: 1693 1021
421: 2719 2431 2076 1874 1375
422:
423: 2489
424: 1445 1342 1292 978
425: 1542 956
426: 1600
427: 2317 2162 1685 1636
428: 1506 1399 1384 686
429: 3324 573
430: 3548 3437 2939 2714 564 427
431:
432:
433: 2812 2124 889
434: 1959
435: 613
436: 1478 549 514
437: 1985 903 815 781 645
438: 3308 2195
439:
440: 3129 2768
441: 3310 1317 1246 858 487
442: 2046 927
443: 3418 2137 1445 1342 1292 978 689
444: 3001 2334 2115 755 528
445: 2234 1683 1171
446: 2917 2885
447: 1616 612
448: 671
449: 1932 485
450: 1703 1301 1277 560 481
451: 3004 1348 1225
452: 2126 1611 1554 451
453: 2136
454:
455: 1651 1451 967 672 448
456: 2609 1831 783 669 554
457: 3512 1280 502
458: 1119
459: 2229
460: 1695 816
461: 2250 1987 1885 1736 870 657
462: 1834 1229 994 512
463: 2864 2312 1926 1739 1209 1207 727 658 441
464:
465: 1704
466: 3538 2872 2756 2309 2291 2142 1888 1880
467: 1467 862
468: 2492
469: 1965 1788 1520 1186 869
470: 3098 2648 2340 1675 1055 636
471: 1234 472
472: 3085 654 599
473: 3439 817
474: 2360 1724
475: 2686 1937 1571 777
476: 1425 533
477: 3296 3157 3034
478: 2165 1952 1628
479: 2678 2274 1891 1491
480: 2267
481: 3491 1649 456
482:
483: 1963 1449
484: 3103 819
485: 3314 2150 1034
486: 2288 1992
487: 1648 1642 1503
488: 2859
489: 3482 2642 1230 1139
490: 3517 1379 1006 499
491: 1443
492: 2147
493: 2566 1319
494:
495: 2051 1239
496: 2486 2371 588 504
497: 2234 1683
498: 1841 1652 872 656
499: 1423 1165
500: 2333 1233
501: 2245 1481
502: 2624 1701
503:
504: 3163 3135 513
505: 3292 2708 1082 598
506: 2306 1110
507: 2624 977
508: 3443 642 590
509: 3020 2068 1105 500
510:
511: 3506 749 720
512: 835
513: 3378 2959 2825 2707 2544 2321 1681 1526 1295
514: 1296 775
515: 1686
516: 2820 1464 795
517:
518: 3500 1060
519: 831
520: 1383 782
521: 2173 2022 628
522: 3296 3034 2196 1404 1388
523: 3494 2232 1338
524:
525: 1381 875 552
526: 1332 831 823 652
527: 2510 1856
528:
529: 1879 1801 1607 884
530: 3248 2454 2414 1598 1024 832 742 540
531: 1921 1709 1337 751
532: 982
533: 3177 1877
534: 1602 1103 541
535: 2154 2045 1723 846 719
536: 1338 1200 997 963
537: 706
538:
539: 3272
540: 2310 1781 583
541:
542: 1330 840
543:
544: 1983 1813 1580
545: 3502 1174 1038
546: 3178 2225 1545
547: 3209 2920
548: 2861 1833 1352 834
549: 1967
550: 1476
551: 1156
552: 1654
553: 810 802
554: 3426 1667 1573 635
555: 2274 2231 2069 1480 1368 543
556: 1524
557: 3280
558: 1864 1265
559: 2669
560: 3001 2115 1439 929
561: 1692 1559 1406
562: 2256 1751 633
563:
564: 3399 1092 1042 643
565: 2385 1534
566: 2011 1621 1586 1538 1065 838
567: 2909 2223 1268 1254 806
568: 2322 1515 1328 578
569: 3351 1993
570: 2775
571: 2269 1245
572: 3455 2436 2297 1128 1090
573: 2738 1858 1385 785
574: 3455 2673 2412 2405 2116
575: 2904 2663
576: 1317 892
577: 2106 2068 764
578:
579: 3512 3271 864
580: 1776 1447 1190
581: 3152 2377 1719 1663 1389 1198 812
582: 947
583: 3200 2962 2112 1491 1119
584: 1472 1155 586
585: 2249 650
586: 2795 1728
587: 1299
588: 3044 587
589: 1458 839 724
590: 2385 1534
591: 2859 2760 2547 1839 666
592: 814
593: 2750
594: 2545 1489 1013
595: 3187
596: 3389
597: 2793
598: 979
599:
600: 966
601: 2498 1052 786
602:
603: 2667 2463
604: 3047 2485
605: 2011 1065
606: 2138 2079 1852 798
607: 916
608:
609: 807 768
610: 1561
611: 2999 2653 1454
612: 2191
613: 1064
614:
615: 866 651
616: 2424
617:
618: 725
619: 2215 1533
620: 3326 2861 1833 1797 1352
621: 2347 1970 1044 793
622: 1771
623:
624: 1050 700
625: 3435
626: 2556
627: 1698
628: 3508 3470 3171 1817 610
629: 2418 936
630: 3066
631: 3454 1131 1023 615
632: 1930 1872
633: 1861 1417
634: 2614
635: 2691 2430 1597 1001 920 685
636: 3497 1748 1680 721
637: 2193
638: 2870 773
639: 2677 2613 2226
640: 3516 2362 1997
641: 622
642: 2304 2289 1455
643: 2426 1117 873
644: 946
645: 1260 1053 722
646: 2571 2551 2083 1884 931
647: 803
648:
649: 3131 2886 745
650: 1072 641
651: 1731 833
652: 2942 2596
653: 1304
654: 1128 631
655:
656: 1885 925 718
657: 2077 1707 1263
658: 1604 1561 1199 1067
659: 882 813 684
660: 2104 1396 933 677
661: 1964
662: 3432 3146 3142 2999 1454 1290
663: 2424 2003
664: 3036 969
665: 2811 1054
666: 3530 3245 3008 1967
667: 2184 880
668: 2062
669: 3150 674
670: 2849 1427
671: 3037 2828 753
672:
673: 3479 3267 2946 2687 1310
674: 3148 2948 1005
675: 3071 3026 1037
676: 3295 1433 696
677: 2169
678: 2576
679: 2048
680: 2613
681: 3324 1216 760
682: 1195 754 733
683: 1896
684:
685: 2007
686: 698
687: 2251 2040
688: 3279 2435
689: 1877 874
690: 2526 1408 1336 703
691: 804
692: 1182
693: 2996 939
694: 2082 1501
695: 716 694
696: 1599
697: 2415
698: 2366 1684
699: 1126
700: 2312 1926 801 726
701:
702: 2773 1377
703: 1549
704:
705: 845
706: 2818 1279
707: 763
708: 3421 2033 1751 1099
709: 3413 3383 2491
710: 3023 1401
711: 1774
712: 2920
713: 2359 1967 1500
714: 2937
715: 762
716: 1637
717: 2884
718:
719:
720: 1030
721: 1908
722: 2015
723: 3426 1989 1667 1579 1573 854
724: 2873
725: 3516 2362 1997 879
726: 1318
727: 1009
728: 2557 1674
729: 3219 1361
730: 1604 1199 1067 799
731: 3375 1916 1851 757
732: 1287
733: 3198
734: 3544 935 717
735:
736: 2900 1558 1016
737: 2243 912 836
738: 1740 835
739: 3251 2138 1180 1047
740: 1834
741: 1595
742: 1832
743: 3260 2429 1415 1084
744:
745: 1712 890
746: 2656 2449 1767
747:
748: 2820
749: 3198 2514 2351 1763 1690
750: 2339
751: 737
752: 1312
753: 2535 1618 1409
754: 3140
755: 2527 2290 2062
756:
757: 3431 2130 1620
758: 3228 3035 2204
759: 3354 2720 871
760:
761:
762: 1718
763:
764: 2299 1104
765: 3497 3025 1680
766: 2424
767: 3274 2084 1077
768: 2247
769: 1226 1158
770: 1624
771: 1255
772: 2691 954
773: 2597
774: 2795 1728 893
775: 2999 2653 1583 1466 800
776: 2749 2160 1056 811
777: 3241 2126 1611 1291
778:
779: 2053
780: 3355 2526 2344 2339 1152
781: 1040
782: 2964 2773 2069 1480 1377 1368 1101
783: 2617 765
784: 3201 1170
785: 1527 1002
786: 2784 2381 1881 1172
787: 2704 2694 868
788: 2815 1324 1046
789: 2423
790:
791: 2149 821
792: 3348
793: 2839 2736 2421 774
794: 3323 1783
795: 1138 1019 962
796: 2621
797:
798: 1049 787
799: 2477 2469 1357
800:
801: 2209 2101 1091
802: 2594 1004
803: 2858 1420
804: 1907 1386
805: 3526 2854 2557 1798
806:
807: 3397 2585 974
808: 1028
809: 1140 1018
810: 3165 1473
811: 2135 1902 1805
812: 2769
813: 1215
814: 1793 1585 822
815: 2921 983
816: 1661
817: 1587 837
818: 2388
819: 2275 2185 1778
820:
821: 3334
822: 1664
823: 1137
824: 3478 1498
825: 1359
826: 2888 2316 1125
827: 1136
828: 3300 3268 2443
829: 3547 2365 1057
830: 1850 1761 1569
831: 3306 2356 1862 973
832: 2112
833: 3540 1144
834: 924
835: 2702 1015
836: 1782 1647
837: 1240
838:
839:
840: 938
841: 3105
842: 2757 1672
843:
844: 2924 2703 878
845: 2327 1022
846: 1852
847:
848: 877
849: 1135
850: 2631 1824
851: 1289
852: 3503 2939 2620 2458 2119 1942 1755
853: 3448 1863 1173
854: 2712 2603
855: 2157 2004 1528 1496
856: 1898 1430 1017
857: 2280
858: 1355 960
859:
860: 2993 2496 2097 919
861:
862:
863: 1694 1204
864: 2203 1834
865: 1692 1559 1406 953
866:
867: 3195 1116
868: 1707
869: 3050
870: 3513 3512 3098 2607 1315
871:
872: 3009 1407
873: 3412 3024 2464 1380
874: 2998 951
875: 2361 2144 1914
876: 3081 1799
877: 2096 2093 1461
878: 2589
879: 1221
880: 1665 1076 905
881: 2887 2542
882: 1979
883: 1621 1538
884: 3239 2187 2176
885: 3406 2330 1578 1574 1115
886: 2992 2002 1929 1294 1039 1032
887:
888: 926
889:
890:
891: 1080 976
892: 3443
893: 909 897
894: 1426
895: 2647
896: 2460
897: 3356 3185 2849 2528 2328 1882
898: 3426
899: 2010
900:
901: 1372 1130 1066
902: 3548 3437 2731 1150
903:
904:
905: 1208
906: 2243
907: 1920 1614 1345
908: 1027
909: 1819
910: 3023 2581
911: 2567
912: 3540 1144
913: 1861 1417
914: 1162
915: 2329 1750 1108
916: 3493
917: 3064 1706 1650
918:
919: 3168
920: 1916
921: 3307 2611
922: 2926 1887 993
923: 2071 1143
924: 975
925: 2515 2501 2319
926: 2030 1048
927: 2261 2041
928: 2457 2099 1699 1550
929:
930: 959
931: 3325 2956 2762 2641 1828 1278
932: 3426 2009
933: 2336
934: 2573
935: 1980 1564 1141
936: 1631
937: 2350
938: 3453 1197 1181
939:
940: 1161
941: 3520 3198 2351 1763 1160
942: 2450 1891
943: 1920 1614 1345
944: 2899 1746
945: 3038 1629 1124
946: 1270
947: 3158
948: 1872
949: 1089
950: 1950 1367
951: 1118
952: 3352 2803 2701 2417 2377 2043 1924 1747 1095
953: 1393 943
954: 3312 2939
955:
956: 1222
957:
958:
959: 2058
960: 2304 2289 1455 1185
961:
962:
963: 3259 1659 1547 1349
964: 3446
965: 3152
966: 2647 1191
967: 1952 1628
968: 2868 1717 1085
969: 3484 2254
970: 2520 2175 1029
971: 3408
972: 2662 2246
973: 2884 1079 992
974:
975: 2558 1622 1351
976: 3192 1760 985
977: 2639 1737 1484
978: 3057 2721 1548 1537
979: 1415
980: 2430 1597
981: 2970 2266
982: 2907
983: 3061
984: 3268 3104 1284
985:
986: 3395 2891
987:
988: 991
989: 1381
990: 2466
991: 995
992:
993: 1726 988
994:
995: 3212 1882
996: 2899 2031 1746 1711 1414
997: 3319
998: 1154
999:
1000: 1020
1001: 2898 1441
1002: 1759
1003: 2642
1004: 3146 3142
1005: 1094
1006: 2660 1217
1007: 2733 2153 1809 1475 1189
1008: 2138 2000 1583 1466 1410
1009: 1361
1010:
1011: 2867 1710 1322
1012: 2518 2054 1772 1397 1219 1164
1013: 1404
1014:
1015: 2978 1062
1016: 1816 1283
1017:
1018: 1943 1583 1466 1129
1019:
1020:
1021: 2438 1535 1463 1403
1022: 2796
1023: 2689 1562
1024: 1510
1025: 1494
1026: 1237
1027:
1028: 3078 1093 1063
1029: 2508 2092 1998 1132
1030: 2348 2266 2248 2186 1995 1596 1570
1031: 2658 1495 1232
1032: 2348 2248 2186 1995 1570
1033: 2731 2681 2490
1034: 1350
1035:
1036: 2663
1037: 1045
1038: 3208 2513
1039:
1040:
1041: 2061 1859
1042: 3206 1696
1043: 2565 2107 1610
1044: 3388 2754 1106
1045:
1046: 1227
1047: 1477
1048: 2174 1958
1049: 2684 2413 2192
1050: 1682 1177
1051: 3126 1147 1133
1052: 1223 1083 1068
1053:
1054: 2986 1512 1235
1055:
1056: 2338
1057: 2051 1239
1058: 1553
1059: 3298
1060:
1061: 2019
1062: 2520 2175 1722
1063: 3324 1231
1064: 3294 2445 1266
1065: 3106 3059 2408 1193 1113 1088
1066: 2549 1865
1067: 2487 1552 1340
1068: 3383
1069: 2996
1070:
1071: 2957 1272
1072: 1766 1398
1073:
1074: 3391 2766 1253
1075: 2311 1236
1076: 3426 3083 2619 2493 2467 1667 1573
1077: 2917 2255
1078: 3554 3536
1079:
1080: 1127
1081: 2527
1082:
1083: 3212 1334
1084: 2804 1841 1830 1593
1085: 3486 1645
1086:
1087: 1120
1088:
1089:
1090: 1248
1091: 3556
1092:
1093: 2327 1203
1094: 1151
1095:
1096:
1097:
1098: 3134 1670
1099: 1935 1891
1100: 2044
1101: 2294 1754
1102:
1103:
1104: 3447
1105: 2726 2197
1106: 3013
1107: 1261
1108:
1109: 2697 1286
1110: 1435
1111: 3554 3536 3062 2497 2376 1988 1855 1787
1112: 3254 1169
1113: 1818 1211 1192
1114: 3055
1115: 1416 1111
1116: 3170 1546
1117:
1118:
1119:
1120: 2100 1889
1121: 2701 2593 1924 1747
1122:
1123: 2305 2161 1288
1124:
1125: 1387 1153
1126: 3150 2546
1127: 2481
1128:
1129: 2462 2070 1145
1130: 1121
1131: 2452 2447 1448
1132: 2444 1502
1133: 3057 1548 1537 1275
1134: 2801
1135:
1136:
1137: 3269 3027
1138: 3083 2619 1412
1139: 3231 3054 2853
1140: 1273
1141:
1142: 1609
1143: 2680
1144: 3363 1311
1145: 2368 1374
1146:
1147: 2003
1148: 3257 2861 2751 2427
1149: 3458 1789
1150: 2027
1151: 1640
1152: 2255
1153: 2670 2074 1400
1154: 1238 1213
1155: 3346 3319
1156: 2885 1812
1157:
1158: 2872 2756 2678 1444
1159: 3087 2696
1160:
1161:
1162:
1163: 1870
1164: 1419
1165: 1776
1166: 3276 2537 1768
1167: 3509
1168:
1169: 1935
1170: 2827
1171: 2014 1212
1172:
1173: 1901
1174:
1175: 3020 1346
1176: 2716 2214
1177: 2855 2790
1178: 1308
1179: 3456 2862
1180: 3188
1181:
1182: 3410 2612
1183: 1411
1184: 2305 2161 1188 1168
1185: 1615
1186: 1166
1187:
1188: 1511 1492
1189:
1190: 2917 1316
1191:
1192: 3074 2113 1497
1193: 3360 2737 2244
1194: 2896
1195: 2676 2320 1702 1486 1365 1285
1196:
1197: 3158
1198:
1199:
1200: 2277
1201: 2321
1202: 1560 1303
1203: 2403
1204: 3117
1205: 3368 2989 2643 2037 1541
1206: 2022
1207: 3160
1208: 1886
1209:
1210: 1741
1211:
1212:
1213:
1214: 3141 2175 1529
1215: 2805 2683
1216: 2180 2129 1933 1714 1243
1217: 2521
1218:
1219: 2639 1484 1214
1220: 3313
1221:
1222: 3270
1223: 3504 2632 2626
1224: 3146 3142 2782
1225:
1226:
1227: 3359 2709 2524
1228: 3147
1229:
1230:
1231:
1232: 2021
1233: 2991 2529 1363 1358
1234: 3231 3054 2853
1235: 2698
1236:
1237: 2954
1238: 2810
1239: 2370 1676
1240: 3293 2964
1241: 2039 1892
1242:
1243: 3347
1244: 1450
1245:
1246: 3361 1259
1247: 2230 2047 1946 1700
1248: 1507
1249: 2553 1392
1250: 1532
1251: 1846
1252:
1253: 2159
1254:
1255: 2839
1256:
1257: 2752
1258: 1584
1259: 1905
1260: 3453
1261: 3052
1262:
1263: 2993 1487
1264: 1632
1265: 1521
1266: 1866
1267: 2995
1268:
1269: 3107 1625
1270: 3497 2661 1378
1271:
1272: 1325
1273:
1274:
1275:
1276: 2601
1277: 1543
1278:
1279: 1921 1709 1302
1280: 1792
1281:
1282: 2208 2018
1283: 2890 2075
1284: 1850 1761
1285:
1286: 1689 1479
1287: 1941
1288:
1289:
1290:
1291: 3550 3419 2357
1292: 1903 1327
1293: 2032
1294:
1295: 2563 2241
1296:
1297: 1923
1298: 2929 1366
1299: 1807
1300:
1301: 1678
1302: 1592
1303: 2428 1437
1304:
1305:
1306:
1307: 1431
1308:
1309: 2222 1790 1394 1320
1310: 1829 1429
1311: 3102 2026 1827
1312: 2670
1313: 1354
1314:
1315: 3257 2751
1316: 3156
1317:
1318: 2804
1319:
1320: 2369
1321: 2816 1769 1671 1563
1322: 2412 2405 2116
1323: 2240
1324: 2923 2789 2125
1325: 3305
1326: 3210 3079
1327: 1634
1328: 3412 3024
1329: 3262
1330:
1331: 1857
1332: 3191 2565 2107
1333: 1525
1334:
1335: 1962
1336: 1673
1337: 1323
1338: 1840 1795
1339: 2437 1720
1340: 3432 1576 1508 1460
1341: 1410
1342:
1343: 1641
1344: 1575
1345: 2281 2220 2102 1633
1346: 2397
1347: 1591
1348: 1653
1349:
1350: 3092
1351: 2956 2641 1828
1352: 2087
1353:
1354:
1355: 1826
1356: 2894
1357: 3494 2232
1358:
1359: 2441 2433
1360: 2516
1361:
1362: 2535
1363: 2843
1364: 1800
1365:
1366: 3538 2291 1880
1367: 2079
1368:
1369: 1568
1370:
1371: 1677
1372:
1373: 3041 2540
1374: 2261 2041
1375:
1376: 2078
1377:
1378: 2389
1379: 3403 3079
1380: 1509
1381: 1981
1382:
1383: 3201
1384: 2973
1385: 2965
1386: 1499
1387: 3319
1388: 3357 2425 2178
1389: 1687
1390:
1391: 1456
1392: 3167 1945
1393: 3153
1394: 3332 1975
1395: 3320
1396: 2467
1397: 2554
1398: 1917
1399:
1400: 3263
1401: 2262 1811
1402: 2550
1403:
1404: 2535
1405:
1406:
1407: 1848
1408:
1409:
1410:
1411: 1921 1873
1412:
1413: 3460 1643
1414:
1415: 3062 2376 1787
1416:
1417:
1418: 3038 1436
1419: 1744
1420: 1918
1421:
1422: 3456 2862
1423:
1424: 2781
1425: 1540
1426:
1427:
1428: 1990 1483
1429: 2850 2800
1430: 2672 2561
1431:
1432:
1433: 3000
1434: 3251
1435: 3399
1436: 3032
1437: 3249 3119 2600
1438: 2881 1734
1439: 2049
1440: 2838
1441: 3222
1442: 2106 1894
1443: 1948
1444:
1445: 2118
1446:
1447: 2744 2729 2081
1448: 2373
1449: 3334 2966
1450:
1451:
1452:
1453: 1777
1454: 3127
1455: 2114 1626
1456:
1457: 2132 1605
1458: 1582
1459: 2420 2353 2089
1460: 3064
1461:
1462:
1463: 2315
1464: 3237 2117
1465: 2171 1660
1466: 2915
1467: 3537 2552 1960
1468: 1679
1469:
1470: 2410 1925
1471: 2564
1472: 3218 1821
1473: 3309 2856
1474:
1475: 3451
1476: 1972
1477:
1478: 1556
1479:
1480: 3313 2487 2318 2109
1481:
1482: 3442 2792
1483: 2932 1617
1484:
1485: 3518 3096 2981 1743
1486: 2624
1487:
1488:
1489: 2987
1490: 2213
1491: 1780 1752
1492:
1493:
1494: 3400 3189 2865 2774
1495:
1496:
1497:
1498: 1899
1499:
1500:
1501: 3414
1502: 2690 2133 1656
1503: 3549 2085
1504: 3195
1505: 2497 1900
1506: 3337 1627
1507: 3543
1508:
1509:
1510:
1511: 2636
1512:
1513: 2314
1514: 3155 1572
1515:
1516: 3224 2438
1517:
1518: 3122 1994
1519: 2202 1567
1520:
1521:
1522: 2813
1523: 2668
1524:
1525:
1526: 2588 1523
1527:
1528: 3205
1529: 2575 2190
1530: 2429
1531: 3335
1532:
1533: 2808
1534: 2156
1535: 1644
1536:
1537:
1538:
1539:
1540:
1541: 2270 1697
1542: 3223
1543: 3065
1544:
1545:
1546: 2399 1955
1547: 3420 2146
1548: 2257
1549: 2060 1555
1550:
1551:
1552: 2188
1553:
1554: 1957
1555:
1556: 2505
1557: 1686 1606
1558:
1559:
1560: 1939
1561: 3190 1619
1562:
1563: 2057
1564: 3180
1565: 3233
1566: 3274 2084
1567: 1691
1568: 3482
1569: 3161
1570: 2349
1571: 3044 2944
1572:
1573:
1574: 2824 2735 2354 1588
1575:
1576: 3273
1577:
1578: 2111 2005
1579: 2201
1580: 2323
1581: 2961
1582: 3378 2324
1583:
1584: 2652 2308
1585:
1586: 3052
1587: 2610 2560
1588:
1589: 2771
1590: 2402 2313 2158
1591: 3316 2605
1592:
1593:
1594: 1871
1595: 2888 2237 2090 2063
1596: 1969
1597: 1844
1598:
1599: 1639
1600: 3302 2778 2166
1601: 2013
1602: 1804
1603: 1764
1604: 1961 1915
1605:
1606:
1607: 3496
1608: 2230
1609:
1610:
1611: 3019 2764
1612:
1613:
1614: 3110 2131 1986
1615: 2390 2379 2167
1616: 3394
1617:
1618: 2947
1619: 3466 2832
1620:
1621: 2442
1622: 2549 1865
1623:
1624: 1658
1625:
1626: 3315
1627:
1628:
1629:
1630:
1631: 2028
1632:
1633: 2207 1810 1727
1634: 3419 1773
1635: 3069
1636:
1637:
1638:
1639: 1753
1640:
1641:
1642: 2080
1643: 2681 2490
1644:
1645: 3010
1646:
1647:
1648: 1708
1649: 2219
1650:
1651:
1652: 1815 1762
1653:
1654: 2906 2772
1655: 2794 2451 1922
1656: 1822
1657:
1658: 2233
1659: 3539
1660: 3465 3166
1661:
1662:
1663: 2374
1664: 3134 3097 1758
1665:
1666: 3240 1867
1667:
1668: 2499 2292
1669:
1670: 3528 1757
1671:
1672:
1673:
1674:
1675:
1676:
1677: 3333
1678: 3398 3227
1679:
1680: 3314
1681: 1842
1682:
1683:
1684: 2536
1685: 3265
1686:
1687: 1729
1688: 2943
1689: 2024
1690: 2488
1691:
1692: 3206 2470
1693:
1694: 1999
1695: 2905
1696: 2402
1697: 2608 2105 1854
1698:
1699:
1700:
1701:
1702:
1703:
1704: 2290
1705: 3341 1876
1706:
1707: 2771
1708:
1709:
1710: 2857
1711: 3480 2577 1770
1712: 2779
1713: 3425
1714:
1715:
1716:
1717:
1718: 1913 1878
1719: 2012
1720:
1721: 2572
1722: 3005 2974
1723:
1724: 3250 2908
1725: 1853
1726:
1727:
1728:
1729: 2189
1730:
1731:
1732:
1733: 3123
1734: 1786
1735: 2221
1736: 2674 1893 1802
1737: 1820
1738:
1739: 2675 2654 2634 2459
1740:
1741:
1742: 2271
1743:
1744: 2953 2392
1745: 3100
1746: 3178
1747:
1748:
1749:
1750: 3150 2546
1751:
1752:
1753: 1849
1754:
1755:
1756:
1757: 3157
1758:
1759:
1760:
1761:
1762: 2072
1763:
1764: 2450 1814
1765: 2996
1766: 2172 1996
1767: 3467 2728 1976
1768:
1769: 2375
1770: 2515 2501
1771: 2882 1974
1772: 2336 1847
1773:
1774:
1775:
1776: 2393
1777: 2701 2395 1875
1778: 3197
1779:
1780:
1781: 3288
1782: 2833
1783: 2020
1784: 2749
1785:
1786: 2025
1787:
1788:
1789: 2095
1790:
1791: 3043
1792:
1793:
1794:
1795: 2693 2064
1796: 3082
1797:
1798:
1799: 3031
1800: 2912 2448
1801: 3554 3536
1802: 3255 2479
1803:
1804:
1805:
1806: 2646 2455
1807: 3209 2806
1808: 2821
1809:
1810:
1811:
1812: 2322 2145
1813:
1814: 2205
1815:
1816:
1817:
1818: 2758
1819: 3463 3080 2958
1820:
1821:
1822:
1823:
1824:
1825:
1826:
1827: 3438
1828:
1829:
1830:
1831:
1832:
1833: 2210
1834: 2568
1835: 3475 3338
1836:
1837: 3359 2524
1838:
1839:
1840: 3402
1841: 3276
1842: 3272
1843: 3292 2655
1844:
1845:
1846: 3531
1847: 2757
1848: 1931
1849: 3121 2088
1850: 2660
1851:
1852: 2685
1853: 2541
1854:
1855:
1856: 3409 2841
1857:
1858:
1859:
1860: 2337 2029
1861: 2152
1862: 2282
1863:
1864: 3040 2525
1865: 3328 2238 2052
1866:
1867:
1868: 2755 2382
1869: 3183 2659
1870: 2918
1871:
1872: 2727
1873: 2591
1874: 3490
1875: 2941
1876:
1877:
1878: 3112
1879: 2985
1880:
1881:
1882: 2880 2006
1883: 3096 2981
1884:
1885: 2143
1886: 3314 1973
1887: 2604
1888:
1889: 1984
1890: 3012 2331
1891:
1892:
1893: 2534
1894: 2367
1895: 3084
1896:
1897:
1898:
1899:
1900:
1901: 2593
1902:
1903: 3283
1904: 2067
1905:
1906:
1907: 2788
1908:
1909: 2098
1910: 3074
1911: 2645
1912:
1913: 2396 2055
1914:
1915:
1916: 3486
1917:
1918: 3392 2121
1919: 3532
1920: 2017
1921:
1922: 2391 2252
1923:
1924:
1925:
1926:
1927: 3046
1928: 2086
1929: 2303
1930:
1931: 3342 3252 2296 1982
1932: 2212
1933: 2675
1934: 3088
1935: 2985
1936: 3515
1937: 2688 2035
1938: 2848
1939:
1940:
1941: 3376 2177
1942:
1943:
1944:
1945: 3065 2263 2242 2108
1946:
1947:
1948: 2416
1949:
1950:
1951: 3471
1952: 3116 2407
1953:
1954:
1955: 3344 2638
1956: 3159
1957:
1958:
1959:
1960:
1961: 2625
1962: 3291
1963: 2394
1964: 2693
1965:
1966: 3428 3164
1967:
1968:
1969: 3125 2629
1970:
1971:
1972:
1973:
1974: 2358
1975: 2538
1976:
1977: 2562
1978:
1979:
1980:
1981: 3353 2664
1982: 2066
1983: 2042
1984:
1985: 3499
1986: 2745
1987: 3423
1988:
1989: 2346
1990:
1991:
1992:
1993:
1994:
1995:
1996: 2073
1997: 3304
1998:
1999: 3361
2000:
2001: 3397
2002: 2740
2003:
2004: 2293
2005:
2006:
2007:
2008:
2009:
2010: 2168
2011: 2453
2012:
2013: 2091
2014:
2015: 3546 3436 2434
2016:
2017: 3505
2018:
2019:
2020: 2258 2239
2021:
2022: 2606 2411
2023: 2840
2024:
2025:
2026:
2027:
2028: 2194
2029: 2618
2030:
2031: 2056
2032: 2817 2695
2033:
2034:
2035: 3230 2341 2163
2036:
2037: 2419
2038: 3229 2539
2039: 2860
2040: 3273
2041: 2181
2042: 2283
2043:
2044: 2293
2045:
2046: 2134
2047: 2819
2048: 3002 2475 2141
2049:
2050: 2852
2051:
2052:
2053: 2589
2054: 2717
2055: 3459 2286
2056: 2598 2439
2057: 2582
2058:
2059:
2060:
2061:
2062:
2063: 2484
2064: 2103
2065: 2224
2066: 2406
2067: 2259
2068:
2069:
2070: 2682
2071:
2072: 3284 2798
2073: 2692 2148
2074:
2075:
2076:
2077:
2078: 2140
2079:
2080:
2081: 3271
2082:
2083: 2352
2084: 3393
2085: 3521
2086:
2087: 2495 2170
2088: 3504 2632
2089:
2090:
2091: 2372
2092:
2093: 2279
2094:
2095:
2096: 3169
2097: 3255
2098:
2099:
2100: 2616
2101: 2227
2102: 3138 3072
2103: 3200 2962
2104: 3086 2523
2105: 3444 3349
2106:
2107: 3053 2665
2108:
2109:
2110:
2111: 3003 2945
2112:
2113:
2114:
2115:
2116:
2117: 3498
2118:
2119: 2404
2120:
2121: 2387
2122:
2123: 2216
2124: 3209
2125: 3302 2778
2126:
2127:
2128: 2730
2129: 2830
2130: 2602
2131:
2132:
2133: 2837 2383
2134:
2135:
2136:
2137:
2138: 2644
2139:
2140: 2509
2141: 2976 2579 2398
2142: 3443 2893
2143:
2144: 2843
2145:
2146:
2147: 3091
2148: 3014
2149:
2150: 2722
2151:
2152: 3197
2153: 3120
2154: 2386 2284
2155: 3517
2156:
2157:
2158: 2583 2200
2159:
2160:
2161: 3267
2162: 2897
2163:
2164: 2476
2165:
2166:
2167:
2168: 3278
2169:
2170:
2171:
2172:
2173: 2285
2174:
2175:
2176:
2177:
2178: 2287
2179:
2180:
2181:
2182:
2183: 2776
2184:
2185: 2869
2186: 3510
2187:
2188: 3093
2189: 2272
2190: 3355
2191:
2192:
2193:
2194:
2195: 2401
2196:
2197:
2198:
2199:
2200: 2666 2532
2201: 3115 2580 2570
2202:
2203:
2204: 3111
2205: 3395
2206: 2486 2371
2207: 2480
2208: 2512
2209:
2210:
2211:
2212:
2213:
2214:
2215:
2216:
2217:
2218:
2219: 3211
2220: 3349
2221:
2222:
2223: 2384
2224: 3396
2225:
2226: 3476
2227: 3423 2301
2228: 3171
2229: 3441
2230:
2231:
2232:
2233: 3179 2622
2234:
2235: 3030 2307
2236:
2237:
2238:
2239:
2240:
2241: 2623
2242: 2343
2243:
2244:
2245:
2246:
2247:
2248:
2249:
2250: 3322 2802
2251:
2252:
2253:
2254:
2255:
2256: 2584 2519
2257:
2258:
2259:
2260: 3427
2261:
2262:
2263:
2264:
2265:
2266:
2267:
2268: 3488 2461
2269:
2270:
2271:
2272: 3256
2273:
2274:
2275:
2276:
2277:
2278: 3318
2279: 3186
2280:
2281:
2282:
2283: 3277
2284: 3401
2285:
2286:
2287: 3350
2288: 3434
2289: 3278 2883
2290:
2291: 3433 2979 2876
2292:
2293:
2294:
2295: 3005 2974
2296:
2297:
2298: 2511
2299:
2300:
2301:
2302:
2303:
2304: 2533
2305: 2332
2306:
2307:
2308: 3331 2928 2875
2309: 2472
2310:
2311:
2312:
2313:
2314: 3225 3006
2315:
2316: 2364
2317:
2318:
2319:
2320: 3276
2321:
2322:
2323:
2324: 3286 3220
2325:
2326:
2327:
2328: 2471
2329:
2330: 2586
2331:
2332: 2990 2502
2333:
2334:
2335: 3444 2718 2530
2336:
2337: 2531
2338: 2765
2339:
2340: 2753 2627
2341:
2342:
2343:
2344: 2483
2345:
2346:
2347: 2738 2504
2348: 3330 2892
2349:
2350: 2895
2351:
2352: 3377 2819
2353:
2354: 2847
2355:
2356:
2357:
2358:
2359:
2360:
2361: 2482
2362:
2363: 2734
2364: 3429 2767
2365:
2366:
2367:
2368: 2831
2369: 3149
2370:
2371:
2372: 2587
2373: 3015
2374:
2375:
2376:
2377:
2378:
2379:
2380: 3253 2440
2381:
2382:
2383:
2384: 2711
2385:
2386:
2387:
2388:
2389:
2390: 3244
2391:
2392:
2393:
2394: 3430
2395:
2396:
2397:
2398:
2399:
2400:
2401:
2402: 2932
2403:
2404:
2405:
2406:
2407:
2408:
2409: 3076 2559
2410: 3528 3132 3056
2411: 3016
2412:
2413:
2414: 3110
2415:
2416:
2417:
2418: 3191 3078
2419: 3042
2420:
2421:
2422:
2423:
2424:
2425:
2426:
2427: 3525 3501 3133
2428:
2429:
2430: 3353 2664
2431:
2432: 2474
2433:
2434:
2435:
2436: 3063
2437: 2822
2438: 3428 3164 2630
2439:
2440:
2441:
2442: 2903
2443:
2444: 3415
2445:
2446: 2503
2447:
2448:
2449:
2450:
2451: 2982
2452:
2453:
2454:
2455: 3084
2456: 2725 2500
2457:
2458: 3335
2459:
2460:
2461:
2462:
2463:
2464:
2465:
2466:
2467:
2468:
2469:
2470: 3293 2845 2814
2471:
2472:
2473:
2474: 3340
2475:
2476: 2732
2477:
2478: 3067
2479:
2480:
2481:
2482:
2483:
2484:
2485:
2486:
2487:
2488: 3466
2489:
2490:
2491:
2492:
2493: 3390 2710
2494: 2846
2495:
2496:
2497: 2739
2498:
2499: 2957
2500: 2809
2501:
2502:
2503: 3049
2504: 3386
2505:
2506:
2507:
2508:
2509:
2510:
2511: 2930 2700 2651
2512:
2513: 2988 2949
2514: 3381
2515:
2516: 2759
2517: 2628
2518: 2555
2519:
2520:
2521:
2522:
2523:
2524:
2525:
2526:
2527:
2528:
2529: 2578
2530:
2531:
2532: 2574
2533:
2534:
2535:
2536: 3385 3058
2537:
2538:
2539:
2540:
2541:
2542:
2543:
2544:
2545:
2546: 3424
2547:
2548:
2549:
2550:
2551:
2552:
2553:
2554:
2555:
2556: 3553
2557: 2599
2558:
2559: 2746
2560: 2879
2561: 3422
2562:
2563:
2564:
2565:
2566:
2567:
2568:
2569: 3358
2570:
2571: 2914
2572:
2573:
2574: 2851 2797
2575:
2576: 3101
2577:
2578:
2579:
2580:
2581:
2582:
2583:
2584:
2585:
2586:
2587:
2588:
2589:
2590:
2591: 2934 2834
2592:
2593:
2594:
2595: 3118
2596:
2597:
2598:
2599:
2600:
2601:
2602: 2940
2603:
2604:
2605: 2967
2606:
2607:
2608: 3534 3145
2609:
2610:
2611:
2612:
2613:
2614:
2615: 3137
2616: 3073 3045 2960
2617:
2618:
2619:
2620: 3303
2621: 3335
2622:
2623: 3525 3501 3133
2624:
2625: 3246 3099
2626:
2627:
2628:
2629:
2630:
2631:
2632:
2633:
2634: 3238
2635:
2636:
2637: 3060
2638: 2679
2639: 3182
2640:
2641: 3011
2642:
2643:
2644:
2645: 2975
2646:
2647:
2648:
2649:
2650:
2651:
2652:
2653:
2654:
2655:
2656:
2657:
2658:
2659:
2660: 2952
2661:
2662: 3094
2663:
2664: 3175 2951
2665: 2919
2666:
2667:
2668:
2669:
2670:
2671:
2672:
2673:
2674:
2675:
2676: 2829
2677:
2678:
2679:
2680:
2681:
2682:
2683:
2684:
2685:
2686:
2687:
2688: 3282
2689:
2690: 3404
2691: 3345
2692:
2693:
2694: 3382
2695:
2696: 2842
2697: 3199 2763
2698:
2699: 2878
2700: 3089 2783 2723
2701: 3524 2741 2715
2702:
2703:
2704:
2705:
2706:
2707: 3172
2708:
2709:
2710:
2711: 2950
2712:
2713:
2714:
2715:
2716: 2785
2717:
2718:
2719:
2720: 3051 2935
2721:
2722:
2723:
2724:
2725:
2726:
2727: 3261
2728:
2729:
2730: 3535
2731: 3445
2732:
2733:
2734:
2735:
2736:
2737:
2738: 3220
2739: 3492
2740:
2741:
2742:
2743:
2744: 3485
2745:
2746:
2747:
2748:
2749:
2750:
2751:
2752:
2753:
2754: 3533
2755:
2756:
2757: 3143
2758:
2759:
2760:
2761:
2762:
2763: 3555
2764: 3549
2765:
2766:
2767:
2768:
2769:
2770: 3151
2771:
2772:
2773: 2968
2774:
2775: 3264
2776:
2777:
2778: 3348
2779:
2780:
2781:
2782:
2783:
2784: 2871
2785:
2786:
2787:
2788: 3075
2789:
2790: 3235
2791: 3514
2792: 3327
2793:
2794:
2795:
2796:
2797:
2798:
2799:
2800:
2801: 3547
2802:
2803:
2804:
2805:
2806:
2807: 3507
2808:
2809:
2810:
2811:
2812:
2813:
2814:
2815: 2971
2816:
2817: 3193
2818:
2819:
2820:
2821:
2822:
2823: 3317
2824: 3281
2825: 3481
2826:
2827:
2828:
2829: 3017
2830:
2831: 2994
2832:
2833:
2834: 2836
2835:
2836:
2837:
2838:
2839:
2840:
2841: 3411 3095
2842:
2843: 3018
2844:
2845: 3495
2846:
2847:
2848:
2849:
2850:
2851:
2852:
2853:
2854:
2855:
2856:
2857:
2858:
2859: 3184 2902
2860:
2861:
2862:
2863:
2864:
2865:
2866:
2867:
2868: 3380
2869: 3449
2870:
2871:
2872:
2873:
2874:
2875:
2876:
2877:
2878: 3114
2879:
2880: 3374
2881:
2882:
2883: 3357
2884:
2885:
2886:
2887:
2888:
2889:
2890:
2891:
2892:
2893: 2933
2894: 2889
2895:
2896:
2897:
2898:
2899:
2900:
2901:
2902:
2903:
2904: 3194
2905:
2906:
2907:
2908:
2909: 2972
2910:
2911:
2912:
2913:
2914:
2915: 3416
2916:
2917:
2918:
2919: 2911
2920: 2910
2921:
2922:
2923:
2924: 3387
2925:
2926:
2927:
2928: 3474
2929:
2930: 3343
2931:
2932:
2933:
2934:
2935:
2936:
2937: 3552
2938:
2939:
2940:
2941:
2942:
2943:
2944:
2945:
2946:
2947:
2948:
2949:
2950:
2951:
2952:
2953:
2954: 3469
2955:
2956:
2957:
2958:
2959:
2960:
2961: 2955
2962:
2963: 3048
2964:
2965:
2966:
2967:
2968:
2969:
2970: 2963
2971:
2972:
2973:
2974: 2984
2975:
2976: 3117
2977:
2978:
2979:
2980: 3113
2981: 3202 3039
2982:
2983:
2984:
2985:
2986:
2987:
2988:
2989:
2990:
2991:
2992:
2993:
2994:
2995:
2996:
2997:
2998:
2999:
3000:
3001:
3002:
3003:
3004: 3108
3005: 3336
3006:
3007:
3008:
3009: 3462
3010: 3366
3011:
3012:
3013:
3014:
3015:
3016:
3017:
3018:
3019:
3020: 3529
3021:
3022:
3023:
3024:
3025:
3026: 3207
3027:
3028:
3029:
3030:
3031: 3287
3032:
3033:
3034:
3035:
3036:
3037:
3038:
3039:
3040:
3041:
3042: 3176
3043:
3044:
3045:
3046: 3452
3047:
3048:
3049:
3050:
3051:
3052:
3053:
3054:
3055:
3056:
3057:
3058:
3059:
3060: 3369
3061:
3062:
3063:
3064:
3065:
3066:
3067: 3329
3068:
3069:
3070:
3071:
3072:
3073: 3523
3074:
3075:
3076:
3077:
3078:
3079:
3080: 3196
3081:
3082: 3204
3083:
3084: 3154
3085:
3086:
3087:
3088:
3089:
3090:
3091:
3092:
3093:
3094:
3095:
3096:
3097:
3098:
3099:
3100:
3101:
3102:
3103:
3104: 3226
3105:
3106:
3107:
3108: 3472
3109:
3110:
3111:
3112:
3113:
3114: 3215
3115:
3116:
3117:
3118:
3119:
3120:
3121:
3122: 3527
3123: 3203
3124:
3125: 3243
3126:
3127:
3128:
3129: 3371
3130:
3131:
3132:
3133: 3407
3134:
3135:
3136:
3137:
3138:
3139:
3140:
3141:
3142:
3143:
3144:
3145: 3214
3146:
3147:
3148:
3149:
3150:
3151:
3152: 3477
3153:
3154: 3144
3155:
3156:
3157:
3158: 3417
3159: 3546 3436
3160:
3161:
3162:
3163:
3164:
3165:
3166:
3167:
3168:
3169:
3170:
3171:
3172:
3173:
3174:
3175:
3176:
3177:
3178:
3179: 3359
3180:
3181:
3182:
3183:
3184:
3185:
3186:
3187: 3362
3188:
3189:
3190:
3191:
3192: 3258
3193:
3194:
3195:
3196:
3197:
3198:
3199:
3200:
3201:
3202:
3203:
3204:
3205:
3206:
3207:
3208:
3209:
3210:
3211:
3212:
3213:
3214:
3215:
3216:
3217: 3367
3218: 3373
3219:
3220:
3221:
3222:
3223:
3224: 3236
3225:
3226:
3227:
3228:
3229:
3230:
3231:
3232:
3233:
3234:
3235:
3236:
3237:
3238:
3239: 3221
3240:
3241:
3242:
3243: 3338
3244:
3245:
3246:
3247:
3248:
3249:
3250:
3251:
3252:
3253:
3254:
3255:
3256:
3257:
3258:
3259:
3260:
3261:
3262:
3263:
3264:
3265:
3266:
3267:
3268:
3269:
3270:
3271:
3272:
3273:
3274:
3275:
3276:
3277: 3487
3278:
3279:
3280:
3281:
3282:
3283:
3284:
3285: 3290
3286:
3287:
3288:
3289:
3290:
3291:
3292:
3293:
3294:
3295:
3296:
3297:
3298:
3299:
3300:
3301:
3302:
3303:
3304:
3305:
3306:
3307:
3308:
3309:
3310:
3311:
3312:
3313:
3314:
3315: 3301
3316:
3317:
3318:
3319:
3320:
3321:
3322:
3323:
3324:
3325:
3326: 3545
3327:
3328:
3329:
3330:
3331:
3332:
3333:
3334:
3335:
3336:
3337:
3338:
3339:
3340:
3341:
3342:
3343:
3344:
3345:
3346:
3347:
3348:
3349:
3350:
3351:
3352:
3353:
3354:
3355:
3356:
3357:
3358:
3359:
3360:
3361:
3362:
3363:
3364:
3365:
3366:
3367:
3368:
3369:
3370:
3371:
3372:
3373:
3374:
3375:
3376:
3377:
3378:
3379:
3380:
3381:
3382:
3383:
3384:
3385:
3386:
3387:
3388:
3389:
3390:
3391:
3392:
3393:
3394:
3395:
3396:
3397:
3398:
3399:
3400:
3401:
3402:
3403:
3404:
3405:
3406:
3407:
3408:
3409:
3410:
3411:
3412:
3413:
3414:
3415: 3440
3416:
3417:
3418:
3419:
3420:
3421:
3422:
3423: 3519
3424:
3425:
3426:
3427:
3428:
3429:
3430:
3431:
3432:
3433:
3434:
3435:
3436:
3437:
3438:
3439:
3440:
3441:
3442:
3443:
3444:
3445:
3446:
3447:
3448: 3468
3449:
3450:
3451:
3452:
3453:
3454:
3455:
3456:
3457:
3458:
3459:
3460:
3461:
3462:
3463:
3464:
3465:
3466:
3467:
3468:
3469:
3470:
3471:
3472:
3473:
3474:
3475: 3473
3476:
3477:
3478:
3479:
3480:
3481:
3482:
3483:
3484:
3485: 3541
3486:
3487:
3488:
3489:
3490:
3491:
3492:
3493:
3494:
3495: 3551
3496:
3497:
3498:
3499:
3500:
3501:
3502:
3503:
3504:
3505:
3506:
3507:
3508:
3509:
3510:
3511:
3512:
3513:
3514:
3515:
3516:
3517:
3518:
3519:
3520:
3521:
3522:
3523:
3524:
3525:
3526:
3527:
3528:
3529:
3530:
3531:
3532:
3533:
3534:
3535:
3536:
3537:
3538:
3539:
3540:
3541:
3542:
3543:
3544:
3545:
3546:
3547:
3548:
3549:
3550:
3551:
3552:
3553:
3554:
3555:
3556:
3557:
3558:
3559:
3560:
3561:
3562:
3563:
3564:
