1: 706 442 280 65 57 4 3 1
2: 1284 1129 851 812 696 215 30 7 6 2
3: 978 927 605 412 295 236 223 31 21 5
4: 1912 640 279 263 222 61 38 9
5: 592 76 11
6: 998 747 560 460 383 114 66 56 10 8
7: 1519 706 556 539 442 298 280 264 147 75
8: 536 417 15
9: 2477 2314 2238 1759 1714 1458 1204 1030 1026 917 845 843 646 598 530 382 368 164 152 106 84 60 47 45 23 13
10: 228 54 41 24 12
11: 1054 879 456 364 300 172 97 85 64 27
12: 1226 1106 883 790 764 481 199 196 108 55 26 18
13: 2129 1684 1256 1190 1158 1056 1038 1011 867 826 608 29 22
14: 2446 2439 1258 1145 356 352 100
15: 410 228 199 108 54 41 24
16: 2238 1759 1030 845 646 598 152 106 84 60 37 17
17: 2379 2203 2020 1903 1884 1315 1141 816 593 536 437 417 377 351 184 113 25 16
18: 2401 314 240 40 14
19: 918 800 764 196 44
20: 819 335 144 71
21: 2203 2202 1810 1315 1088 686 437 399 377 184 113 25
22: 2129 1684 1256 1056 835 608 220 153 140
23: 1452 549 73 53 34
24: 1964 1691 1142 1135 998 747 560 93 81 19
25: 2314 1849 1780 1371 1060 382 164 35 20
26: 2694 2247 33
27: 1626 373 247 87 52 46 32
28: 199 108 83
29: 1221 495 326 260 202 110
30: 2566 1077 206 158 43
31: 2324 1284 1129 851 812 294
32: 2422 1724 1016 388 339 116 90 28
33: 2422 2242 1441 128 118 117
34: 2465 2370 2307 1780 999 727 574 565 367 151
35: 2172 1884 1652 1397 963 795
36: 2630 2597 2164 780 651 509 415 205 96 39
37: 906 825 101 69
38: 1515 1063 1024 181
39: 2450 2256 2227 1648 1355 937 631 313 275 210 204 146 123 112
40: 1361 1105 195
41: 2382 1580 939 49
42: 1120 484 74 36
43: 1017 726 527
44: 2251 1997 1971 1908 1666 1625 1303 877 630 589 571 466 449 385 148 135 92
45: 2088 2071 107
46: 2112 2103 1100 1034 863 243
47: 2600 1140 1040 892 703 521 376 334 324 42
48: 2550 1494 1337 95
49: 2685 1774 1588 155
50: 1664 431 286 145
51: 1504 1418 375 306 224 82 62 51
52: 1174 835 153
53: 1744 522 486 98
54: 2595 657 409 337 289 246 80 58
55: 2270 999 727 574 454 423 48
56: 2455 1830 1733 928 239 89 77 68 50
57: 1497 374
58: 2649 1856 1797 1518 805 233 79
59: 2534 779 238
60: 750 283
61: 2692 1629 1466 1437 1107 256 125 124 91
62: 2425 296 109
63: 340 127 122
64: 1088 313 210 146
65: 997 244 180 59
66: 2059 2021 1203 435 344 70
67: 2561 208
68: 1832 890 875 297
69: 2479 2367 1900 1709 998 747 560
70: 2381 1800 1575 220 198 189 149
71: 1643 1014 715 432
72: 2424 547 281
73: 1849 1576 1471 63
74: 2202 1810 1341 1311 1018 451 307 252
75: 421 168 157 132
76: 2327 446
77: 2243 1537 733 392 191 126 102
78: 1444 1202 1130 739 72
79: 2637 2066 1390 819 767 746 335 162 67
80: 363 121
81: 756 86
82: 2508 2406 2268 1509 778 776 612 282
83: 2442 2292 2164 2039 1767 1583 1125 929 881 780 639 96
84: 1038 1011 290 105 78
85: 1715 1145 559 234 231
86: 2690 1882 185 141
87: 1878 253
88: 2586 2031 170 139
89: 2600 1140 892 703 521 376 334
90: 1240 570 285 130
91:
92: 2342 1049 818 616
93: 733 414
94: 2242 128 118 117
95: 1805 381 131
96: 2424 2342 1874 1425 1293 1292 1088 1049 983 818 756 616 547 281
97: 714 207
98: 1891
99: 1968 1318 94
100: 2665 607
101: 1683 925 419
102: 1495 1441 1112 150
103: 882 650
104: 2514 2155 1422 1169 1116 809 785 581 267
105: 2252 2052 1393 1285 921 694 633 129
106: 192
107: 2038 1673 159
108: 1908 1225 630 571 148 92
109: 242
110: 672 573 426 104
111: 889 345 176
112: 323 250 111 88
113: 213
114: 2414 2030 947 564 163
115: 2030 947 564
116: 2691 2388 2172 1652 1397 1232 1040 324 241 188
117: 2128 1628 853 209
118: 1415 1147 667 499 154
119: 1447 943 407 166
120: 2545 1113 719 265 237 217
121: 1280 1230 948 510 501 336 309 115
122: 1912 1366 640 372 279 263 248
123: 1371 1060 398
124: 2279 1816 940 500 161
125: 291 99
126: 2604 771 397
127: 2566 1883 1077
128: 2484 2459 2018 1950 1493 1061 961 700 179 143
129: 302 134
130: 1944 1921 1413 1015 836 103
131: 2345 2238 1759 1727 1425 1292 1030 922 845 723 652 646 598 567 533 492 359
132: 809 581 230
133: 1997 1625 1303 877 466 449 385 135
134: 2513 2309 959 837 467 119
135: 1613 201
136: 1239 355 269 174
137: 2438
138: 562
139: 2475 1070
140:
141: 615 436 425
142: 1333 636 261
143: 2049 332 120
144: 2514 2155 1422 1212 1168 1085 506
145: 1976 1526 1013 803 658 634 357 308 169
146: 717 304
147: 1221 187
148: 1993 1862 133
149: 137
150: 819 618 335 144
151: 2508 2268 1756 1509 1014 923 612
152: 2685 2440 1774 1588 1350 1046 348 160
153: 2545 1697 1543
154: 2287 2181 1109 403 338 211 165
155: 1362
156: 2165 801 774 312
157: 1063 857 173
158: 194
159: 2442 2039 1767 1125 639
160: 2630 1697 1543
161: 1907 1553 1023 773 438 329 167
162: 138
163: 1897 404
164: 1665 746 136
165: 1959 688
166: 2639 1456 1407 1095 1071 683 212
167: 1979 310
168: 728
169: 453 142
170: 2172 1753 1652 1397 1232 512 503 268 257 156
171: 1432 349 200
172: 2231 1515 1475 1191 653 245
173: 2154 561
174: 241 188
175: 402 186
176: 1878 218
177: 514
178: 2406 491 400 225
179: 1832 919 714
180: 2581 2493 1766 1533 249
181: 1902 1857 1027 987 178
182: 1676 1286 370 216
183: 642
184: 2319 232 229
185: 2172 1652 1397 1232
186: 1913 292
187: 2018 1493 1061 700 317 203 182
188: 1826 1423 978 927 605 295 236 223
189: 2071 358 227
190: 2612 2124 1842 1748 899 493 464 274 193
191: 1487 235
192: 1058 396 258
193: 566 429
194: 1772 820
195: 2020 1903 740 277
196: 1846 994 221
197: 1913 1022 301 270
198: 2220 1472 1076 992 524 177 171
199: 1885 1872 1744
200: 1626 1090 373 247 175
201: 842 517 346
202: 2649 328
203: 778 776
204: 555 477 318 190
205: 331
206:
207: 1976 803
208:
209: 2477 1714 917 843 368
210: 1826 1521 577 183
211: 2393 885 821 678
212: 594 288
213: 2227 1929 1321 390 333
214: 2625 1092 625
215: 1378
216: 2071 1495 1112 358
217: 1226 1120 1106 883 790 484
218: 353 293
219: 1506 1270 458 262
220: 873 369
221: 2657 1856 1797 769 724
222: 1536 597 516 354 271 197
223: 2270 1877 1222 1003 482 480 468 226
224: 2579 2137 1756 1019 923 912 214
225: 2646 1331
226: 2514 2259 2155 1682 1422 815
227: 660 327 319
228: 2371 1655 1506 1270
229: 2683 2648 1929
230: 1877 1780 1572 1462 1222 1003 905 408 276
231: 2227
232: 620 251
233: 1610
234: 2694
235: 2665 949 786 510
236: 865 362 360
237: 2262 1647
238: 1938 1299 732
239: 2120 1764 1526 658
240: 2394 1515 1352
241: 1622
242: 1877 1222 1003 717 482 480 468 440 219
243: 2240 1481 462 266
244: 1679 963 797 795 529
245: 507 384
246: 1462 905 303
247: 1713 1012 342 278
248: 2243 1537 1063
249: 964 839 546
250: 932 834 833 528
251: 1575
252: 2074 1981 357 308
253: 2581 1756 1533 1201
254: 554 505
255: 1322 471
256: 1947 325
257: 1620 810 622
258: 1377
259: 451
260: 512 273 272
261: 1753
262: 2415 1913 1692 1302 1063 1022 474 347 255
263: 2639 2316 2229 2197 1858 1456 1407 1309 1136 1095 1071 683
264:
265: 1006 930
266: 2456 1812 1524 950 702
267: 2427 2140 1457 1084 990 441
268: 872
269: 2352 1559
270: 1884 907 617 305
271: 2340 1294
272: 597 516 394 331 259
273: 2046 1708 627 525 472
274: 1785 1231
275: 1664 999 727 574 367
276: 1273 858 551
277: 1794 350
278: 1638 450
279: 1990 1823
280: 910 299
281: 2442 2039 1767 1310 1157 1125 913 891 722 639
282: 2688 2427 2243 1821 1683 1537 1457 1084 925 392
283: 2514 2155 1422
284: 2443 1229 389
285: 2341 1395 792
286: 2112 2103 473
287: 2348 439 254
288: 2250 1676 1327 1286 945 629 379
289: 1511
290: 1825 498
291: 2048 1548 1163 675 623 532
292: 1328 1266 508 424
293: 2513 1157 913
294: 2513 2440 467
295: 2529 2366 661 649 600
296: 386 287
297: 611
298: 2450 937 631
299: 1263 341 321
300: 510 284
301: 406 371
302: 1214 632 330
303: 2208 1390
304: 1780
305: 1050
306: 2425 1840 1694 1341 1311 1018 711 366 343
307: 1840 1694 711
308: 1887 720 545 519
309: 2525 1062 588
310: 485
311: 534 478
312: 1751 1611 320
313: 1176
314: 411
315:
316: 2228
317: 1559
318: 891 405
319:
320: 1372 601 504
321: 1559 1047 753 628
322: 2367 1937 1900 1709 1489 1392 542 322 315
323:
324: 1653 633
325: 864
326: 2588 2474 2336 1615 766 316
327: 2212 1508 1244 1068
328: 2636 2136 1146 1102 997 541 540
329: 1936 685
330: 2147 1675 705 418 391
331: 1109 338
332: 830 665 579
333: 2343 784 427
334: 2208 737 676
335: 2661 2572 2551 2485 1570 613 420
336: 2000 1338 1279 552
337:
338: 762
339: 2095 1172 710 695 443 422
340: 2000 1338 428
341: 1963
342: 311
343: 2202 1810 1185 942 686 399
344: 2087 1987 654
345: 2003 946 904
346: 1273
347: 1988 953 759
348: 1782 380
349: 645 596
350: 2102
351: 365
352: 2110 1710 1463 544
353: 1959 1260 1091
354: 1014 715 432
355:
356: 1376
357: 2529 553
358:
359: 896
360: 2321 2089 1052 1032 811 729
361: 2391 915 537 535
362: 1275 1066 1059 445
363: 1885 1872
364: 2402 914
365: 1350 761 673
366: 2558 2557
367: 2280
368: 563
369: 743 543
370: 1212 506 387
371: 685
372: 1505 488 416
373: 1398 1154
374: 1569 1290
375:
376: 2245 1877 1751 1611 1590 1222 1003 827 697 502
377: 513
378: 751
379: 2142
380: 1657
381: 2502 2500 2473 2432 1510 1453 1330 848 679 457 361
382:
383: 1423 1050 978
384: 735
385:
386: 1993 1862
387: 1534
388: 2361 2308 1499 1242 944
389: 2401 1724 1016 548
390: 1153 781 395
391: 2654 2570 2564 2488 1623
392:
393:
394: 2301
395: 2500 2164 780 745 738 378
396: 2504 1670 1381
397: 1503 1410 935
398: 1704 796
399: 2277
400:
401:
402: 1458 1204
403: 1046
404: 1866 1169 1116 785 669 475
405: 2172 1888 1754 1715 1652 1397 1346 1232 1039
406: 1098 413
407: 1981
408: 1070
409: 2590 1064 736
410: 2363 1616 444
411: 2206 393
412: 1474 1417 463 401
413: 1420 1119
414: 2141
415: 2121 1672
416: 1400
417: 2004 1929 1066 1059 489
418: 2192 1880 1094 465
419: 670
420: 1228 977 787 671
421: 1503
422: 2231
423: 2249 1450 1182 619
424: 2034 1578 888
425: 2228 2132
426: 2032 1791
427: 2137 1019 912
428: 682 576
429: 1737
430:
431: 643 447
432: 2375 2122
433: 2367 1900 1709 523 476
434: 2278
435: 2582 2291 1788 1380 487
436: 820
437: 2612 1979 1819 993
438: 782 758 602
439: 2252 694
440: 2355 2158
441: 2502 2432
442: 1665 716 538
443: 840
444: 1799 830
445:
446: 2634 856 775
447: 469
448: 901 847
449: 791
450: 2134 1404
451: 455
452: 2282 2041 1776 1600 518 433
453: 1143
454: 2674 1206 624 614
455: 1455
456: 1399
457: 884 430
458:
459: 2297
460:
461: 1874 1293 983
462: 1402 1097 725
463: 1870 871
464:
465: 1094
466: 2423 1382 1053
467: 1619 918 800
468: 1820 1707 1108 452
469: 434
470: 2674 681 606
471: 1043 708
472: 2660 2498
473: 1264 916 511
474: 2511 2150 2145 1855 936 701
475: 1825 867 826
476: 2408 2113 1460 886
477: 2025 1784 1451 637
478: 1446 1356 789 641 578
479: 1561 1387
480: 1719 1698 734 584
481: 806
482: 2033 1726 1298 887 680
483: 1902 1857 1327 1252 1165 1027 987 945 629
484: 568
485: 2250
486: 2612 1013 590
487: 1100
488: 1836 1716 1254 448
489:
490: 2183
491: 1821
492: 2345 1727 723 652 567
493: 955
494: 668 520
495: 470
496: 2672 2580 1216 684 572
497: 1427
498: 2669 988 550
499: 2599 2420 2114 1792
500: 2403 1806 1449
501:
502: 1246
503: 1079
504: 2430 2332 1476 854 479
505:
506: 2109 1251 861
507: 2439
508: 656
509: 902 712
510: 2042
511: 644
512: 837 496 459
513: 1993 1862
514: 2218 2191 1828 1719 1698 1598 1520 1379 1307 1241 1197 734
515: 2678 1442 1275 1021 980
516: 1033 490
517: 1544 1009 461
518: 1967 1454 1055 876 850 831 707
519: 1619 595
520: 2139 1271 1036 1002 970
521: 2504 692 626 591
522: 2605 2552
523:
524: 1546 794 497
525: 924 687
526: 2191 2032 1197 699
527: 1414 1200 965 575
528: 2130 1344
529: 984 823
530:
531:
532: 677
533: 586
534: 1786 635
535: 1358 674 666
536: 1401
537: 731 515 494
538: 1137 975 526
539:
540: 483
541: 1589
542: 1718
543: 2654 2570 2564 2488 2108
544: 1398 1154
545: 2516
546: 2530 1881 1631
547: 1420 1119
548: 2231 1963 1475 1191 1118 663
549: 540
550: 1608 1523 941
551: 2145
552: 1335
553:
554: 1726 1298
555: 1545
556: 2652 2538 1126
557: 973 859
558: 1695
559: 2435
560: 2140 990
561: 1325
562:
563: 2273 2175
564: 1554
565: 972 664
566: 2487 755
567: 1874 1410
568: 557
569:
570: 808 799
571: 531
572: 2322 2050
573:
574:
575: 2324 603
576: 689
577: 2075 1167 832
578: 621
579: 599 569
580: 1786 1522 580
581: 868
582: 1392
583: 963 795 529
584: 1492
585: 1977
586: 1187 1180
587: 2698 1329
588:
589: 1686 903 898
590: 1889
591: 1778 991 655
592: 1889 587
593: 2595
594: 2278 2153 2099 1507 1391 1004
595:
596: 2357 2015 742 585
597: 2194 1115
598: 802
599: 1721 1403 1218 1184 846
600: 2419 1394 1028
601:
602: 2644 1148 1072
603: 1466 1437 1107
604: 880
605: 1267
606: 2503 730 583
607: 2102 1722
608: 1996 1133
609: 1835
610: 2370 2307 804 610
611: 849 638
612: 1985
613: 2631 953 759
614: 1464
615: 2634 1935
616: 1438 1045
617: 609
618: 1809 986 718
619: 704
620: 2500
621: 2221
622: 1186
623: 2607 1555
624: 2148 1798 1478 1255
625: 2511 2400 2187 1586 936 558
626:
627:
628: 1235 1035
629: 2467 866
630: 2663 1649
631: 2519 1001
632:
633: 1742
634: 2217 2004
635: 2666 1343
636: 1205 744 698
637: 2382 1580 1215
638: 1853 1170 754
639: 2350
640: 1557 1408 957 582
641: 1430
642:
643: 1207
644: 2494 2311 1633 1604 709 604
645: 1474
646: 1523
647:
648: 1999 1884
649: 1225
650: 1289
651: 2186
652: 2065 1843
653: 2625 1092
654: 1849
655: 1128 721
656: 2502 2432 1453 848
657: 798
658: 2446 2083 1051 768
659: 1185 942
660:
661: 1080 817
662: 1044
663: 968
664: 748
665: 2315
666: 829
667: 2282
668: 1093 1087
669: 2165 1257
670: 1783
671:
672: 2349 1488
673: 741
674:
675:
676: 1598 1307
677: 1283
678: 2534
679: 1426 691
680: 2016 1195 749
681: 2519 2201
682: 1909
683:
684:
685: 2120 1764 763 648
686: 1577 1461 844
687: 2517 1086 900
688: 2610 2196 1485
689: 2317 2288
690: 2562 1467
691: 960
692: 1305
693: 1365
694: 1335 1243
695: 1418 908
696: 1000 828 659
697: 1389
698: 2524 1272
699: 2468
700:
701:
702: 1202
703: 926
704: 1988 1277
705:
706:
707: 2200 822 713
708: 647
709: 2568
710: 2299
711: 1512 894
712: 662
713:
714: 2385 1904
715: 2072
716: 2315 2199
717: 1468 690
718:
719: 2209 874
720: 2028 788
721: 1915 1465
722:
723: 1793 855 752
724: 1847 934
725:
726:
727:
728: 2661 2485
729: 1099
730: 1471
731: 2150 1855 824
732: 841
733: 1314 974
734: 2406
735:
736: 1909 1217
737: 693
738: 938
739: 2168 1602
740: 2453
741: 2519 2379 1814 1173 1141 816
742: 1875
743: 1370 1345 1236 807
744: 2312 2310 1770
745: 2422 2293
746: 1949 1213
747: 2588 2474
748: 2114 1373
749:
750: 2291 1583 929 881
751: 1081
752: 2515 1530
753:
754: 2691 2661 2485 2388
755: 2433 2025 1899 1784
756: 1164
757: 2497
758: 2482 1101
759:
760: 2519 971
761: 2489 2347 1082
762: 2291 1788 1380
763: 2408 2113 1460 886
764: 893
765: 2446 1258
766:
767: 1194 1131
768: 2373 2069
769:
770: 1529 911
771: 770
772: 981
773: 2051 862
774:
775: 1149
776: 2632 1999 1469 895
777: 2520 1656 1498
778: 1396 1083
779: 2659 2356 2298 2013 1629 1428 1367 760
780: 1518
781: 1653
782: 1323 1308 1186
783: 1269
784: 1504 869
785: 897 793
786: 2303
787: 1983
788: 2499 2008 1859 1048
789: 2535 772
790: 1542
791: 2019 1905 1681
792:
793: 2274 2111 1514 1253
794: 2088 783
795: 1929 1907 1553 1023
796: 2230 2144 933
797: 2678 2558 2557 1442 1151
798: 2437 1832 1227 1073 852
799: 2568 1110
800:
801: 2404 870 777
802: 2551 1946 1560 1020
803: 1922 1564
804: 1193
805:
806:
807: 951
808: 1443
809: 1755
810:
811:
812: 1360 1296 989
813: 1660 1306
814: 1134 757
815:
816: 2033 887
817: 1473
818: 1445 1383
819: 1936 1440 838 765
820: 1671
821:
822:
823: 1525
824: 2216
825:
826: 1483
827: 1096
828: 2583
829: 2063 1644
830: 2542 1924 1252 1065
831: 2403 1806 1449
832: 2094 2091
833: 2127 1941
834: 976
835: 2670 1585
836: 1447
837: 2469 2182 1937
838: 1926 814
839: 2586 2031
840: 2105 1982
841:
842:
843: 1535 985
844: 2563 2160 1069
845: 2433 1386
846: 2158 1922 1564
847: 2635
848:
849: 2553
850: 2265 1725 1605 1067
851: 2000 1162
852: 1963
853: 2677 1123 878
854:
855: 1008
856:
857: 2007 1962 1844
858: 1729 1594
859: 1916
860: 2327 1973
861: 2174
862: 1029 813
863: 1925
864:
865:
866: 1664 1291
867: 2160 1069
868:
869: 1209
870: 2665
871: 954
872: 1074 1005
873: 1278
874: 1552 966
875: 2060
876: 1021 980 860
877:
878:
879:
880: 1663
881: 2362
882:
883: 1931 969
884: 2591 2553
885: 1865
886:
887: 1313
888: 1624 931
889: 1282
890:
891: 1620
892: 2023 1248
893: 2339 2222 1563
894: 2439
895: 1031
896: 1482 1281
897: 982
898: 2614 2575 2289 1517
899: 1078
900: 2676 1821 1057
901:
902: 1578
903: 1208
904: 2153 2099 1507 1391 952
905: 1724
906: 2313 2300 2204 1765
907: 2126
908: 2072
909: 1986 1477
910:
911: 1953
912: 1342 967
913:
914: 1124
915: 1431
916: 2071
917: 1319 1223
918:
919:
920:
921:
922: 2507 1837
923:
924: 1867 1385 909
925: 2247 1827
926: 1780 1199
927: 2515 1574 1075
928: 1364
929: 2132
930:
931: 956
932: 1132
933: 2002 1658
934: 1669
935: 2242
936: 2167 2085 2029 1723
937: 2286 1823
938:
939: 1854
940:
941:
942:
943: 2491 2470
944: 1234 1103 958
945: 1607
946: 1189
947: 1839
948:
949: 2479
950: 2162 1010
951: 2592 2207 1896 1802 1746
952:
953: 1104
954: 2640 1978 1581
955: 2304
956: 2395 1175 1042
957: 2195
958: 1960 1860 920
959: 2531 1025
960: 2352 1152
961:
962: 2391
963: 1412 996
964: 1405
965: 1731 1300
966: 2449
967: 1155
968: 2139
969: 1353 995
970: 2572
971:
972: 1406
973:
974:
975: 2036 1895
976: 2060
977:
978: 2265 2264
979:
980:
981:
982: 1502
983: 1375
984:
985: 2542
986: 2647 2254 1917 1531
987: 1595
988:
989:
990: 2282 2041 1974 1600
991: 2200
992: 1789
993:
994: 2486
995:
996:
997: 2440 1552 962
998: 1183
999: 1111
1000: 1219
1001:
1002: 1945 1906
1003: 1772 1528
1004: 1568
1005: 2669 2119
1006: 1689 1037
1007: 1159
1008: 1436 1121
1009: 1156
1010: 1627 1312
1011: 1703 1114
1012:
1013:
1014: 2273 2175
1015: 1429
1016: 1544 1416
1017: 2222
1018: 1971 1274 1171
1019: 2400
1020: 2390 2248 2043 1089
1021: 2523
1022: 2576 1332
1023: 2111 1470
1024: 1603 1540
1025: 2141
1026: 2319
1027: 979
1028:
1029: 2135 1869
1030:
1031: 2430
1032: 2040
1033: 2005 2001
1034: 2620
1035: 2688
1036:
1037:
1038: 1238
1039: 1965
1040:
1041:
1042: 2629 1007
1043: 1424
1044: 1415
1045: 2340 1700
1046:
1047:
1048:
1049: 2387
1050:
1051: 1250 1196
1052:
1053:
1054: 1881 1646
1055:
1056: 2636 2136 1146
1057: 2246 1041
1058: 1617 1287
1059: 2316 2197
1060: 2378
1061: 2641
1062: 2010 1969 1550
1063: 2426
1064: 2462 2152
1065: 1614
1066: 2377 1127
1067:
1068: 1211
1069: 2163 1623
1070:
1071:
1072: 2375 2122
1073: 2492 1374
1074: 2333 2080
1075: 1940 1796
1076:
1077: 1480
1078:
1079: 2351
1080:
1081:
1082: 1139
1083: 2560
1084:
1085: 1247
1086: 1930 1490
1087: 2168 1824 1602
1088:
1089: 2276
1090: 1569
1091: 2171 1712
1092: 2633 1464 1348
1093:
1094:
1095: 2241 1762 1651
1096: 2322 2311 1668
1097: 1995 1188
1098:
1099: 1747
1100: 2131
1101:
1102: 1161
1103:
1104: 1448 1122
1105: 2546 2533 1850 1198
1106: 2405 1297
1107: 2171 1178
1108: 2541
1109: 2101
1110: 1384 1117
1111: 2403 1806 1339
1112:
1113: 2556
1114:
1115: 1642
1116: 2305
1117:
1118:
1119:
1120: 2499
1121: 1587 1276
1122: 1249 1237
1123: 2286
1124:
1125: 2310 1419 1301
1126: 2584
1127:
1128: 2173 1758 1630 1160
1129:
1130: 2394 1760 1262
1131: 1618 1177
1132:
1133: 1619
1134: 2250 1612
1135:
1136:
1137:
1138: 1641
1139:
1140:
1141:
1142: 2260 2180
1143: 2673 1871 1803 1775 1181
1144:
1145: 2660
1146: 2650 2429 1943 1873 1609 1409
1147:
1148: 1352
1149:
1150:
1151: 1479
1152: 1166 1138
1153: 1369
1154: 2475
1155: 1144
1156: 1970
1157:
1158: 1763
1159: 1150
1160: 1324
1161: 2674
1162:
1163: 2059 1388 1326
1164: 2536 2296
1165: 2073 1224
1166:
1167:
1168:
1169:
1170:
1171: 2023 1248
1172:
1173:
1174: 2553 2146
1175: 2675
1176: 1265
1177: 1556 1439
1178:
1179: 1901
1180: 2443
1181:
1182:
1183: 2076 1179
1184: 2419
1185: 2215
1186: 1932 1562
1187:
1188:
1189: 1596 1359
1190:
1191: 2473 1510 1330
1192:
1193: 2530 1631 1192
1194: 1316
1195:
1196: 1567
1197: 2344
1198: 1599
1199: 2386 1910
1200: 1776
1201:
1202: 1662
1203:
1204:
1205:
1206:
1207: 1794
1208: 2359 1636 1304
1209:
1210: 2362
1211:
1212: 2498 1740 1690
1213: 1919
1214: 1421
1215:
1216: 1551
1217:
1218:
1219: 1769
1220: 1822 1354
1221: 1210
1222:
1223: 2454 1890 1834
1224: 1591 1259
1225:
1226:
1227: 2185 2068
1228:
1229:
1230: 2551 1317
1231: 1679 1233
1232: 1661 1220
1233: 1527
1234: 2013 1428
1235:
1236: 1650
1237:
1238: 1500
1239: 2526
1240:
1241:
1242:
1243: 1351
1244:
1245: 1701
1246:
1247: 2526 1699
1248:
1249:
1250: 1678
1251: 1349
1252: 1245
1253:
1254: 2139
1255:
1256:
1257: 1593
1258: 2407
1259: 1334
1260: 2585
1261:
1262: 2087 1987
1263: 2495 1728
1264: 2356 2298
1265: 2364
1266:
1267:
1268:
1269:
1270: 1571
1271:
1272:
1273:
1274:
1275:
1276: 1660
1277:
1278: 2487
1279: 1368
1280: 2523 1261
1281:
1282: 2100 1268
1283: 2493 2487 1766
1284:
1285: 1539
1286: 1433 1336
1287: 2056
1288:
1289:
1290:
1291:
1292: 1972
1293:
1294: 1435
1295:
1296:
1297:
1298: 2491 2470
1299:
1300:
1301: 1777
1302:
1303:
1304:
1305:
1306: 2409 1584
1307: 2633
1308:
1309:
1310: 2657
1311: 1752
1312: 1565
1313: 2026 2011 1743 1288
1314:
1315: 2084 1851 1674 1621
1316: 1295
1317:
1318: 2269 2022
1319:
1320: 1597
1321: 2654 2581 2570 2564 2488
1322:
1323: 2661 1558 1434
1324: 2159
1325: 1363
1326:
1327:
1328: 2433
1329:
1330:
1331: 2256 1648
1332: 2676
1333: 1639
1334: 2272
1335: 1645
1336: 1340
1337: 2157 1320
1338: 1838
1339: 2693 2244 2117 1357
1340: 2255
1341:
1342: 1771
1343:
1344:
1345:
1346: 1845 1667 1640
1347: 1643
1348:
1349: 2597 1705 1579
1350: 2501
1351: 2046 1708
1352: 1491
1353: 2253
1354:
1355:
1356:
1357: 2057
1358:
1359:
1360:
1361: 1702 1347
1362: 1831
1363:
1364: 2402 1773
1365:
1366:
1367: 2645
1368:
1369:
1370:
1371: 2360 1496
1372:
1373: 2658
1374:
1375:
1376: 2572 2512
1377: 1549
1378:
1379:
1380:
1381:
1382:
1383: 1717
1384:
1385: 2606 2554 2396
1386: 1687
1387:
1388: 2116 1817
1389: 1768
1390:
1391:
1392: 1928
1393:
1394:
1395:
1396: 1459
1397:
1398: 1501
1399: 1720 1637
1400: 2673 1891
1401: 1876
1402: 1741
1403: 2512
1404: 2327 1973
1405:
1406:
1407: 1781
1408: 2602
1409: 2337
1410:
1411:
1412:
1413: 1757
1414: 2092
1415: 2668 2170 1975
1416: 1787
1417:
1418:
1419:
1420: 1995
1421: 1833
1422: 2026 2011
1423: 1411
1424: 1484
1425:
1426:
1427: 2176
1428:
1429:
1430:
1431:
1432: 2543 2358 2169
1433:
1434:
1435:
1436:
1437: 1961
1438:
1439: 2250 1612
1440:
1441: 1879
1442: 2061
1443: 2394 2056
1444:
1445: 1989
1446: 2549
1447:
1448: 1927
1449:
1450: 2082 1918
1451:
1452:
1453:
1454: 2313
1455:
1456:
1457:
1458:
1459:
1460:
1461:
1462: 1486
1463: 2342
1464:
1465:
1466: 2509 1745
1467: 2547 1516
1468:
1469: 1948
1470:
1471:
1472:
1473:
1474:
1475: 2153 2099
1476: 2263 1635
1477: 1566
1478: 2214
1479:
1480:
1481: 1923
1482:
1483: 2602
1484: 2599 2420 1792
1485:
1486:
1487: 2163
1488:
1489: 1826
1490: 1861
1491: 2364
1492: 1807 1513
1493:
1494: 1841
1495: 2410
1496: 1852
1497:
1498:
1499: 2308 1933
1500:
1501: 2098
1502: 1911
1503:
1504:
1505: 1892
1506:
1507:
1508: 2329
1509:
1510: 2434 1680
1511:
1512: 1795 1541
1513:
1514:
1515: 2500
1516: 1573
1517:
1518:
1519:
1520: 2281
1521: 2457 1735
1522: 1706
1523: 2380 1804
1524: 2642 1532
1525: 2609 1914
1526: 1956
1527: 2024 1547
1528: 1736
1529:
1530: 1951 1592
1531:
1532: 1659
1533:
1534:
1535:
1536:
1537: 2413 2188 2009
1538: 1693
1539:
1540: 2294
1541:
1542:
1543:
1544:
1545: 2556
1546: 2045 1606
1547: 2563 1734
1548:
1549: 2418 2323 2271 1634
1550: 2346 1811
1551: 2594
1552:
1553:
1554:
1555:
1556: 2107
1557: 2235 2104 1980
1558:
1559:
1560:
1561: 2006
1562:
1563: 2123
1564: 1696 1654 1538
1565:
1566:
1567: 1632
1568:
1569: 2452
1570: 2184
1571:
1572: 2219
1573:
1574:
1575: 2077
1576:
1577:
1578:
1579:
1580:
1581:
1582: 2178 2079
1583:
1584: 1688
1585:
1586: 2471
1587:
1588: 1868
1589:
1590:
1591:
1592:
1593: 2632
1594:
1595: 2035
1596:
1597: 2497
1598:
1599: 1677
1600:
1601:
1602:
1603:
1604: 1582
1605:
1606: 2619
1607:
1608:
1609: 2267
1610:
1611:
1612: 2518
1613: 1601
1614:
1615: 2539
1616: 1711
1617:
1618:
1619: 2246
1620:
1621: 2389
1622:
1623: 2578
1624:
1625:
1626:
1627:
1628:
1629: 2699 1961 1685
1630:
1631:
1632:
1633:
1634: 2125
1635: 2336
1636: 2601
1637: 2258
1638: 2086
1639:
1640: 2628
1641: 2528
1642:
1643:
1644:
1645: 2014
1646: 1893
1647:
1648: 1732
1649: 2251 1958
1650:
1651: 2261 1863
1652:
1653: 1750
1654: 2679
1655: 2411 1808
1656:
1657: 2384 2275
1658: 1813
1659:
1660:
1661: 2354 2149
1662: 2258
1663:
1664:
1665: 2654 2570 2564 2488
1666:
1667: 2218 1966
1668:
1669: 2226
1670: 1994 1801
1671:
1672:
1673:
1674: 1870
1675:
1676: 2505 2118
1677: 2064
1678:
1679:
1680:
1681: 1730
1682:
1683:
1684:
1685: 2070 1739
1686: 1829
1687: 2421
1688:
1689:
1690: 2611 2548
1691: 2205
1692:
1693:
1694:
1695:
1696:
1697:
1698:
1699:
1700:
1701: 1818
1702: 2143
1703: 1779
1704:
1705:
1706:
1707: 1984
1708:
1709:
1710:
1711: 1761
1712:
1713:
1714:
1715:
1716:
1717:
1718:
1719: 2217
1720:
1721:
1722:
1723:
1724:
1725:
1726:
1727: 2428
1728:
1729:
1730: 2325
1731: 1749
1732:
1733: 1942 1790
1734:
1735:
1736:
1737:
1738: 1738
1739:
1740:
1741:
1742:
1743: 2650 2361
1744:
1745:
1746:
1747:
1748:
1749: 2616
1750:
1751: 2480
1752: 1815
1753:
1754: 2239
1755:
1756:
1757: 2223
1758:
1759:
1760:
1761:
1762:
1763:
1764:
1765:
1766: 1957
1767: 2097
1768: 2096
1769: 2218 1966
1770:
1771:
1772:
1773: 2293
1774:
1775:
1776:
1777:
1778:
1779:
1780:
1781:
1782:
1783:
1784:
1785: 2054
1786:
1787:
1788:
1789: 2679 2613 2532
1790: 1920
1791:
1792:
1793: 2078
1794:
1795:
1796:
1797:
1798: 1955
1799: 2449
1800: 2683 1848
1801:
1802:
1803:
1804: 2399 2037
1805:
1806:
1807:
1808:
1809:
1810:
1811:
1812: 2161
1813:
1814:
1815:
1816:
1817:
1818:
1819:
1820:
1821:
1822:
1823:
1824:
1825: 2012
1826:
1827: 2561 1898
1828:
1829: 1886
1830:
1831: 2684
1832:
1833:
1834:
1835: 2189
1836: 2451
1837:
1838:
1839:
1840:
1841:
1842: 1934
1843: 2353
1844: 2522
1845:
1846: 2055
1847: 2690 2190
1848:
1849: 2067
1850:
1851:
1852: 2648 1864
1853: 2372
1854:
1855:
1856:
1857:
1858:
1859: 2473
1860:
1861: 2210
1862:
1863:
1864: 2431
1865: 2081
1866:
1867:
1868:
1869: 2151
1870:
1871:
1872: 2483
1873: 2478
1874: 2198
1875: 1952 1939
1876:
1877:
1878:
1879: 1991 1894
1880:
1881: 2436
1882:
1883:
1884:
1885:
1886:
1887: 2663
1888:
1889:
1890:
1891: 2236
1892:
1893:
1894:
1895:
1896: 2166
1897: 2544 2284
1898: 2328
1899:
1900:
1901: 2376
1902:
1903: 2334
1904:
1905:
1906:
1907:
1908:
1909:
1910: 2106
1911:
1912: 2472
1913:
1914:
1915:
1916:
1917:
1918: 1954
1919: 2673
1920: 2133
1921:
1922: 2666 2571 2115
1923:
1924: 2698
1925: 2138
1926:
1927:
1928:
1929:
1930:
1931: 1992
1932:
1933: 2315
1934: 2044
1935:
1936:
1937:
1938:
1939:
1940: 2211
1941:
1942:
1943:
1944: 2027
1945:
1946:
1947:
1948: 1998
1949:
1950:
1951:
1952:
1953:
1954:
1955: 2326
1956: 2179
1957:
1958:
1959: 2624
1960:
1961:
1962: 2090
1963:
1964:
1965:
1966: 2373 2069
1967:
1968:
1969:
1970:
1971:
1972: 2306
1973:
1974:
1975:
1976:
1977: 2047
1978:
1979:
1980: 2659
1981: 2383
1982: 2277 2017
1983:
1984: 2463
1985: 2361
1986: 2563
1987:
1988:
1989: 2577 2287
1990:
1991:
1992:
1993:
1994:
1995: 2489 2347
1996:
1997:
1998: 2423 2338
1999:
2000:
2001: 2626
2002:
2003:
2004:
2005: 2062
2006:
2007:
2008:
2009:
2010:
2011:
2012: 2521
2013:
2014:
2015:
2016:
2017:
2018:
2019:
2020:
2021:
2022:
2023: 2213
2024:
2025:
2026:
2027:
2028: 2053
2029:
2030: 2335
2031:
2032:
2033:
2034:
2035:
2036: 2567
2037:
2038: 2374
2039: 2156
2040:
2041:
2042:
2043:
2044: 2506 2058
2045:
2046: 2237
2047: 2652 2650 2538
2048:
2049:
2050: 2632
2051:
2052:
2053:
2054:
2055:
2056:
2057:
2058:
2059:
2060: 2447
2061:
2062:
2063:
2064: 2285
2065:
2066:
2067:
2068:
2069:
2070:
2071:
2072:
2073: 2664 2318
2074:
2075:
2076: 2448
2077:
2078:
2079:
2080:
2081: 2460
2082:
2083:
2084:
2085:
2086: 2093
2087:
2088:
2089: 2476
2090:
2091:
2092:
2093:
2094:
2095:
2096:
2097:
2098:
2099: 2292
2100:
2101:
2102:
2103: 2266
2104:
2105:
2106:
2107: 2603 2177
2108:
2109:
2110: 2559 2555
2111:
2112:
2113:
2114:
2115: 2398
2116:
2117: 2330
2118:
2119:
2120: 2587
2121:
2122:
2123:
2124:
2125: 2193
2126: 2365
2127: 2344
2128:
2129:
2130:
2131:
2132:
2133:
2134:
2135:
2136:
2137: 2377
2138:
2139: 2680
2140: 2412
2141:
2142:
2143:
2144:
2145:
2146:
2147:
2148:
2149:
2150:
2151:
2152: 2320
2153:
2154: 2224
2155:
2156: 2397
2157:
2158:
2159: 2290
2160:
2161:
2162:
2163: 2593
2164: 2417
2165:
2166:
2167:
2168:
2169: 2547
2170:
2171:
2172: 2234
2173: 2429
2174:
2175:
2176:
2177:
2178:
2179:
2180:
2181:
2182:
2183: 2496
2184:
2185:
2186:
2187:
2188:
2189:
2190: 2283
2191:
2192:
2193: 2464
2194:
2195:
2196:
2197:
2198:
2199:
2200:
2201: 2444
2202: 2466
2203:
2204:
2205:
2206: 2689
2207: 2671
2208: 2623
2209: 2490
2210: 2615
2211: 2697 2574
2212:
2213:
2214: 2232
2215: 2392
2216:
2217:
2218:
2219:
2220: 2543 2358
2221: 2233
2222:
2223:
2224:
2225:
2226: 2441
2227:
2228:
2229:
2230:
2231: 2225
2232:
2233:
2234:
2235:
2236:
2237:
2238: 2537
2239:
2240:
2241:
2242:
2243:
2244:
2245:
2246:
2247:
2248:
2249:
2250:
2251:
2252: 2257
2253:
2254:
2255:
2256:
2257: 2445
2258:
2259:
2260:
2261: 2540
2262:
2263: 2692
2264:
2265:
2266: 2643
2267: 2331
2268:
2269:
2270:
2271:
2272:
2273:
2274:
2275:
2276:
2277:
2278:
2279: 2686
2280:
2281:
2282: 2414
2283: 2621
2284:
2285:
2286:
2287: 2458
2288:
2289:
2290: 2461
2291:
2292:
2293:
2294: 2510
2295:
2296:
2297:
2298:
2299: 2653 2617
2300:
2301:
2302: 2302
2303: 2618
2304:
2305:
2306: 2645
2307:
2308:
2309:
2310:
2311:
2312: 2295
2313: 2369
2314:
2315: 2662
2316:
2317:
2318:
2319:
2320:
2321:
2322:
2323:
2324:
2325:
2326:
2327:
2328:
2329:
2330:
2331: 2368
2332:
2333:
2334:
2335:
2336:
2337:
2338:
2339:
2340:
2341:
2342:
2343:
2344:
2345:
2346:
2347:
2348:
2349:
2350:
2351:
2352:
2353:
2354:
2355:
2356:
2357:
2358: 2573
2359:
2360:
2361:
2362:
2363:
2364:
2365:
2366:
2367:
2368:
2369:
2370: 2416
2371:
2372:
2373:
2374:
2375:
2376:
2377:
2378: 2638
2379:
2380:
2381:
2382:
2383:
2384:
2385:
2386: 2527
2387:
2388:
2389:
2390:
2391:
2392:
2393: 2481
2394:
2395:
2396:
2397:
2398:
2399:
2400:
2401:
2402:
2403:
2404:
2405:
2406:
2407:
2408:
2409: 2682
2410:
2411:
2412: 2569
2413:
2414:
2415:
2416:
2417:
2418:
2419:
2420:
2421:
2422:
2423:
2424:
2425:
2426:
2427:
2428:
2429:
2430:
2431:
2432:
2433:
2434:
2435:
2436:
2437:
2438:
2439:
2440:
2441:
2442:
2443:
2444:
2445:
2446:
2447:
2448:
2449:
2450:
2451:
2452:
2453:
2454:
2455:
2456:
2457:
2458:
2459:
2460:
2461:
2462: 2565
2463:
2464:
2465:
2466:
2467:
2468:
2469:
2470:
2471:
2472:
2473:
2474:
2475:
2476:
2477:
2478:
2479:
2480:
2481:
2482:
2483:
2484:
2485:
2486:
2487:
2488:
2489:
2490: 2643
2491:
2492:
2493: 2655
2494:
2495:
2496:
2497:
2498:
2499:
2500:
2501:
2502:
2503: 2656
2504:
2505:
2506:
2507:
2508:
2509:
2510:
2511:
2512: 2696
2513:
2514:
2515:
2516: 2627
2517:
2518:
2519:
2520: 2608
2521:
2522:
2523:
2524:
2525:
2526:
2527:
2528:
2529:
2530:
2531:
2532:
2533:
2534:
2535:
2536: 2598
2537: 2596
2538:
2539:
2540:
2541:
2542:
2543:
2544:
2545:
2546:
2547: 2667
2548:
2549: 2695
2550:
2551:
2552:
2553:
2554:
2555:
2556:
2557:
2558:
2559:
2560:
2561:
2562:
2563:
2564:
2565:
2566:
2567:
2568:
2569:
2570:
2571:
2572:
2573:
2574:
2575:
2576: 2589
2577:
2578: 2622
2579:
2580:
2581:
2582:
2583:
2584:
2585:
2586:
2587:
2588:
2589:
2590:
2591:
2592:
2593:
2594:
2595:
2596:
2597:
2598:
2599:
2600:
2601:
2602:
2603: 2651
2604:
2605:
2606:
2607:
2608:
2609:
2610:
2611:
2612: 2687
2613:
2614:
2615:
2616:
2617:
2618:
2619:
2620:
2621:
2622:
2623:
2624:
2625:
2626:
2627:
2628:
2629:
2630:
2631:
2632:
2633:
2634:
2635: 2681
2636:
2637:
2638:
2639:
2640:
2641:
2642:
2643:
2644:
2645:
2646:
2647:
2648:
2649:
2650:
2651:
2652:
2653:
2654:
2655:
2656:
2657:
2658:
2659:
2660:
2661:
2662:
2663:
2664:
2665:
2666:
2667:
2668:
2669:
2670:
2671:
2672:
2673:
2674:
2675:
2676:
2677:
2678:
2679:
2680:
2681:
2682:
2683:
2684:
2685:
2686:
2687:
2688:
2689:
2690:
2691:
2692:
2693:
