1: 66 24 21 4 3 2 1
2: 85 44 40 23 7
3:
4: 85 61 20 6
5:
6: 58 14 13 11 5
7: 44 40 32 19 18 12 8
8: 73 36 17 16 15 9
9: 10
10: 85 61
11:
12:
13: 22
14: 87 39 34 29
15: 64 63
16: 84 75 44 40
17: 31
18: 41
19: 80 42 39 38
20: 80 26
21: 39 27
22: 59 58 30
23: 51 28 25
24: 43 37 33
25: 49
26: 84 75 35
27: 46
28: 82
29:
30: 52
31: 60 54
32: 42 38
33: 67 59
34: 68
35:
36:
37:
38: 79 57
39: 45
40: 56
41:
42: 50 47
43:
44: 71
45:
46: 48
47:
48: 83 78 53
49:
50: 55
51: 77 74
52:
53: 76 72
54: 62
55:
56: 65
57:
58: 88
59: 69
60:
61:
62:
63: 81 70
64:
65:
66:
67:
68:
69:
70:
71:
72: 86
73:
74:
75:
76:
77:
78:
79:
