1: 430 425 214
2: 1733 1400 118 45 37 14
3: 2139 1939 1897 629 584 512 92 21 11 7 6 1
4: 2200 1999 1899 1738 1557 1474 1406 1139 1096 969 837 317 279 228 48 4 3 2
5: 987 249 91 33 22 20
6: 1493 115 57 17 9
7: 1096 317 279 228
8: 1236 400 72 69 10
9: 1603 1272 1253 923 848 797 695 568 566 529 381 156 66 50 46 5
10: 1934 1861 1214 1178 163 106 52
11: 1407 301 55 44
12: 2337 1459 1070 716 680 652 580 435 60 40 12
13: 1252 625 439 39 24 23
14: 2148 1322 851 636 506 464 452 156 66 50 46 28 15
15: 2427 343 34 27 25 8
16: 1555 495 100 19
17: 224 75 63 54 41 16 13
18: 1488 1124 381 362 335
19: 2450 1385 59 18
20: 776 541 65 36
21: 2271 1960 1765 814 799 766 611 349 265 234 31
22: 1938 428 42
23: 2125 1162 661 455 351 104 53 47 26
24: 1284 1242 199 43 30 29
25: 1072 810 603 499 474 135 101 77
26: 2052 310
27: 643 162 110
28: 2316 2224 32
29: 1722 1482 854 816 488 261 109 35
30: 2160 1669 305 121 51 38
31: 2038 1789 1355 1210 181 82 64
32: 1254 471 422 170
33: 2014 1934 1804 1389 1214 1080 890 427 185 163 158 93
34: 1389 1080 427 185 158
35: 1487 1168 1001 808 414 407 58
36: 2054 262 173 88 74 56
37: 2391 1744 1286 879 413 272 151 145 49
38: 1541 1472 80 68
39: 2121 1897 1434 719 703 512 62
40: 241 94 67
41: 2028 1557 1474 1230 1162 916 661 455 351 106 104
42: 1493 1458 556 416
43: 2307 1675 1111 149 127 61
44: 311 159 103 81
45: 1819 974 721 662 275 197 96 70
46: 2245 1782 1749 1697 1667 1610 1522 1313 1266 1187 1100 1098 994 519 330 319 295 204 169
47: 1245 73
48: 304 137
49: 1744 879 151
50: 1249 320 98 87 84 76
51: 2367 1991 1662 1317 923 720 566 529 187 83
52: 142
53: 1101 102
54: 488 175 114
55: 2192 1731 1482 1047 1011 614 505 463 395 383 225 78
56: 1891 1416 1367 1156 919 822 725 535 334 90
57: 1560 448 150 132 71
58: 892 451 108 89
59: 2099 1436 1311 1142 927 466 378 99
60: 1051 975 651 630
61: 2438 2375 2260 2216 1981 1268 1104 891 693 676 674 481 449 423 190
62: 2049 1606 608 322 253 207
63: 2176 825 562
64: 1338
65: 1791 1597 119 107 105 79
66: 1799 1680 1199 1168 1039 808 414 263 259 157
67: 2227 1810 1740 1360 663 380 347
68: 2386 1258 1050 198
69: 2278 346 213 134
70: 1603 1488 242 113 85
71: 2148 1812 1717 1322 863 452
72: 1624 1463 894 717
73: 1603 848 847 760 637 250
74: 2003 1263 704 357 223
75: 1561 870
76: 1047 614 505 225 86
77: 1722 261
78: 1296 1280 1201 992 685 669 465 130 129
79: 111
80: 2003 740 283 186
81: 2396 2031 1430 835 557 367
82: 95
83: 274 117
84: 2133 1956 1946 1267 299
85: 1557 1474 945 837 206 174 165
86: 2387 1287 1042 184 148
87: 2208 2101 2062 1997 1072 499 474 337 120
88: 358 155 154
89: 915 812 397 191
90: 1903 1799 1405 1199 834 133
91: 483
92:
93: 1981 891 693 676 593 294 190
94: 2450 1749 1522 1313 1100 1098 636 381
95: 2248 1132 970 873 660 340 233
96: 2103 1729 828 778 763 678 478 97
97: 112
98: 550 124
99: 1763 1642 1081 116
100: 1321 783
101: 2083 1433 917 752 646 607 477
102: 1333 1298 999 921 881 177 147
103: 2103 1466 1321 1114 783 478 307 244 208 188 180 123
104: 1327 948 503 264 128
105: 1229 419 273
106: 1908 1678 1562 841 722 492
107: 1934 1214 680 580 200 140
108: 754 664 663 507 433 398 380 347 291 202 152
109: 2381 2010 1556 1251 418 282
110: 1070 716 652
111: 622 510 166 126
112: 1677 527 318 252 209
113: 1691 601 591 388 292
114: 1444 189 136
115: 851 636 246
116: 1375 1093 1009 675 622 595 583 510 224
117: 410 153 141
118: 2154 2085 761 743 476
119: 647
120: 1062 491 324 254 247
121: 1883 1316 1038
122: 1417 131 122
123: 2188 1440 1272 1212 1082 797 549 146 144
124: 2470 178 125
125: 2200 739 220
126: 884 219
127: 533 421 289 284 243
128: 267 183 139
129: 2271 814 349 234
130:
131: 1139 516 402
132: 1840 1359 833 762 231
133: 1362 1033 880
134: 2086 769 138
135: 2280 1773 1076 886 707 387 326
136: 2300 1535 1159 1035 935 852 582 394 201
137: 1159 1035 852 354
138: 1161 959 432
139: 1778 1762
140: 553 161
141: 1852 1173 226
142: 2135 600 229
143: 2185 1812 1717 951 863 266
144: 1967 1600 360 164
145: 2164 2122
146: 2204 1883 1334 1316 1118 1038 592 462 372 171
147: 2145 546 308 237
148: 2380 1959 1612 1599 424 143
149: 831 558 461 179
150: 2461 1361 742 525 344
151: 790 444 211
152: 2448 798
153: 2392 774 443
154: 2166 691
155: 1346 759
156: 2311 1167 515
157: 431 248 222 195 160
158: 785 373 176
159: 1647 1051 975 706 651 389
160: 1603 848
161: 2208 2062 438 210
162: 1009 675 595 583
163: 2204 1334 592 216
164: 719 703 312 235 205
165: 2258 345 196 193
166: 1140 260 239
167: 212
168: 1358 1007 907 554
169: 1205 328 278
170: 1482
171: 2193 2011 1061 203
172: 168
173: 1591 1245 1112 370
174: 1126 995 682 258
175: 490 339 256
176: 1729 763
177: 276 172
178: 2198 1326 684
179: 1689 996 799 611 514 411 403 265 217
180: 807 700 236
181: 1607 1378 1095 867 167
182: 2177 828 778
183: 1439 482
184:
185: 2192 1311 1011 463 395 194
186: 2149 1777 888
187: 1879 1570 521
188: 781
189: 640 341 192 182
190: 1475 1440 450 269
191: 244 208
192: 686
193: 1689
194: 715 650 393 342
195: 2268 861 469 442 285
196: 1132 873 233 221 218
197: 468 420 286
198: 1488
199: 1345 1172 293
200: 960 933 793 489 309
201: 2023 1247 1132 982 873 552 533 421 257
202: 2040 1592 1437 971 390 313
203: 1287 718 280
204: 773
205: 1126 682
206: 2242 1641 1620 1291 517 376
207: 1509 1034
208: 2167
209: 1502 1423 1176 1147 963 938
210: 2128 1967 1600 1427 922 829 741 526 479 475
211: 983 336
212: 1797 1312 1274 909 785 404
213: 1182 732 392 230
214: 2258 481 449
215: 1160 544
216: 2313 1484 215
217: 1205
218: 2112 1948 565
219: 756 667
220: 1707
221: 1638 1306 1103 1012 913 587 238
222: 1660 522
223: 2139 677 497 356
224: 2124 1903 1771 1405 1403 245
225: 584 368
226: 1731 315 287
227: 1871 800
228: 2181 1149 1075 227
229: 2208 2062 1865 369
230: 1233 606 298
231: 2438 2375 548 409 255
232: 1637 1511
233: 1255 984
234: 2066 977
235: 602 542
236: 2377 1644 1244 898 654 240
237: 1957 1536 1294 902 406
238:
239: 1319 277
240: 1497 232
241: 920
242: 2399 2395 2377 1531 1238 911 632
243: 2066 1964 1778 1762 417
244: 1584 1381 694 386
245: 457 297
246: 1799 1199
247: 1805 1650
248: 746
249: 2272 1163
250: 1903 1767 1405
251: 1785 1164 799
252: 2478 2354 1811 817 597
253: 1409 564 327
254: 947 579
255: 1446 1046 268 251
256: 2182 876 604 509 498 486
257: 2128 1878
258: 2260 1691 1359 1268 1104 423
259: 1473
260:
261: 2200 739 329
262: 2338 2226 1692 1009
263: 634 470
264: 2483 2478 817 306
265:
266: 2208 2062 1107 710
267: 644 300 270
268: 2440 1022 454
269: 887 271
270: 1312 735 633
271: 2489 2099 1513 1436 1164 1126 1118 1060 533 421
272: 281
273: 1714 338
274: 1187 994 519 295
275: 973 917 607 477 296
276:
277: 2492 2196 794 353
278: 641 290
279: 2093 616 374 331 303
280: 1963 1832 513
281: 1725 531
282: 1709 1616
283: 1998 1270 979 365
284: 2209
285: 702
286: 2002 493
287: 2274 2030 1931
288: 2457 1352 645 543 314
289: 1749 1522 1313 1100 1098 371 288
290: 2103
291:
292: 1344 1150 755
293: 1891 1367 1156
294: 1960 1731 1647 766 706 415
295: 914
296: 1039
297: 2121 555 534
298: 1587 472
299: 1639 1596
300: 1416 919 822 725 535
301: 1606 608 302
302: 1296 1201 992 685
303: 1557 1474 1311 837 352
304: 681 333
305: 1223 934 737
306: 1986 1737
307: 914
308: 2220 2157 2049 2022 1658 573
309: 724
310: 2014 972
311: 1583 692
312: 2339 480
313: 1862 962 813
314: 678 332
315: 1341 366
316:
317: 810 603
318: 2476 434
319: 1272 797 568
320: 804 687 382
321: 2296
322: 2161 538
323: 348 321 316
324: 361
325: 1423 1147 963 938 570
326: 1427 922 479
327: 2172 744 508 396
328: 1952 1592 1437
329: 2392 1398 624 487 363 323
330: 2291 1311
331: 1469 426
332: 1348 1023
333: 536 504
334: 456 325
335: 731
336: 2362 1185 672
337: 1397
338: 800
339: 749
340: 1253 695 412
341: 1659 1628 1336 359
342: 1582 918 364
343: 2042 1608 1059 866 447
344: 599
345: 2489 1513 760
346: 2125
347: 459
348: 2425 805
349: 2173 1678 547
350: 1118 377
351: 1850 1750 906 375
352: 628
353:
354: 2405 1744 973 879
355: 1830 1133 965 670 520 355
356: 1068
357: 385
358: 2406 1594 671 350
359: 1821 865 656 524 460
360: 1299 446
361:
362: 1581 1181 401
363:
364: 864
365: 1967 1766 1600 399
366: 2477 2271 2261 539 523
367:
368:
369: 2164 2122 1722
370: 1604 453 384
371: 1666
372: 1030
373: 1311 985 576
374:
375: 2193 2011 656
376: 2059 1190 967 391
377: 569 537 445 405
378: 574 572
379: 2036 1879 1755 942 551
380: 2477 2261 1109 770 617
381:
382:
383:
384: 2412 1766 774
385: 665
386: 2186 1586 983 939 753 532
387: 2198 1359 833 762
388: 2447
389:
390: 795 408
391: 1498
392: 1907 1838 944 872
393: 1850 1750 1377 696 440
394: 2041
395: 2386 473 379
396: 618
397: 2431 1768 1733 1613 1400 1240 1158
398: 458
399: 436
400: 528
401: 2377 1644 1143 898
402: 1918 1069 673
403: 2391 1854 1286 413
404: 429
405: 2206 1695
406: 1815 775
407: 2366 2288 2220 2157 2082 441
408: 2234 1716
409: 1433 826 494
410: 2083 752
411: 1916
412:
413: 1177 559 530
414: 1540 1359 1221
415: 2252 659
416: 1851 1529 1517 1380 1063
417: 496
418:
419: 2372
420: 1898 1117
421: 689 511
422: 791
423: 1362
424: 705
425: 1719
426: 1321 783
427:
428: 501
429: 2313 1962 1484 1168 1116
430: 2467 1934
431: 1473 575 540
432: 578 561
433:
434: 929
435: 1710
436:
437: 2461 2271 2258 2173 1361 814 701
438: 1647 706
439: 747 729
440: 1587
441: 1697 1610 1202 666
442: 1614
443: 2314
444: 1674 786 437
445: 2155 1071 988
446: 2112 1948 1767 788
447: 1804 1030 890
448:
449: 2471 2249 2072 723
450: 2424 843
451: 1429
452: 1224 1025 484
453: 809
454: 1085 586
455: 736
456: 2460 787 545
457: 2367 1991 1662 1317 720
458: 2267 1122 727
459: 1333 999 921
460: 2088 1871 815
461: 2144 1774 1279 900
462: 2302 1968 1760 1069
463: 678
464: 1807 1574 796
465:
466: 1720 1234 953 467
467: 2216 674
468: 1774 1279
469: 1691
470: 1458
471: 1018 621
472: 958 658 502
473: 2469 1491 1074
474: 904
475: 648
476: 2181 1149 631
477: 1861 1178
478: 2017
479: 620 500
480:
481: 571 485
482: 2377 1644 898 654
483: 2345
484: 2437 2422 619
485: 1622
486: 889 823
487: 2461
488: 2448 1094 798
489: 2369 2360 1126 1053 682
490:
491: 1171 560
492: 1683 594
493: 1207
494:
495: 613
496: 646
497: 1854
498: 2479 642
499: 2029
500: 1909 708
501: 615
502: 733
503: 2148 1943 1324 1309 751
504: 2053 856 738
505: 1519 932 819
506: 1215 936
507: 588
508: 1308
509: 1429 1017
510: 1921 563
511: 989 925 610
512: 1638 1306 1012
513: 596
514: 2186 1891 1807 1586 1574 1367 1156 939 686
515:
516: 1558 1551 1547 862
517: 2398 1375
518: 1864 1420
519: 2293 1842 1395
520: 2039 998
521:
522:
523: 2340 1356
524: 1680 1342 1105
525:
526:
527: 2387 1385 589
528: 2174 1757 518
529: 1943 581
530: 2113 1220
531: 1544 1162
532: 1068 1041
533: 1386
534: 1879 1555 1360 728
535: 1047
536: 1834 818
537: 1630 1067 598 567
538: 1799 1733 1400 1199 1164 745
539:
540:
541: 2400 626
542: 2319 1473
543: 951
544: 655
545: 2307
546: 605
547: 1678 748 722
548: 844
549: 1480 577
550: 1748 1554 952
551: 2294
552: 769
553: 1724 1564 1553 1078
554: 997 883
555: 2203
556: 748
557: 966
558: 1016
559: 1657 1113
560: 1788
561: 2337 1459 734
562: 1779 1589
563: 1697 1610
564: 1086 1021
565: 1151
566:
567:
568: 627
569: 1920 1277 1056
570: 1048
571: 1523 1323
572:
573: 2367 1991 1662 1317
574: 1192 585
575: 1963 1164
576: 1085 772 586
577: 1061 653
578:
579:
580: 1971 1794 1425 590
581: 1525
582: 2323 2313 1972 1797 1484 1274 1116 825
583: 1837 1578
584: 2339 1803
585: 1891 1367 909
586: 612
587: 1696 1636 893 764
588: 2255 780
589: 1973 908
590: 2130 1983 1166
591: 2302 1859 1760
592:
593: 1947 1418
594: 1384 1175
595:
596: 1607 867
597: 635
598: 930 924 639
599: 2278
600: 1131
601: 2154 2106 2085 1528 743 697
602: 2317 1184 899
603: 1468 1121
604: 1661 713
605: 1028
606: 2471
607: 1851 1529 757
608: 1155
609: 2443
610: 1043
611: 2081
612: 1652 609
613: 714
614:
615:
616: 1764 1410 638
617: 2001 1587 1002
618: 1814 1120
619: 668
620: 2061 1013 846
621: 2241 2121 750 688
622: 1839
623: 1777
624: 2339 1879 1524 1428 1373
625: 1518 868
626: 1526 777
627: 2017 1889 871
628: 1929
629:
630:
631: 1602 1471
632: 926
633: 2311 1224 623
634: 1759
635: 931 858 807 726
636: 1141 874 712 683
637: 832
638: 1203
639: 1187 806 679
640: 1188
641: 1894
642:
643: 1457
644:
645: 2323 1972 1350
646: 1875 869
647: 1819
648: 1677 1542 1044
649: 1194 957
650:
651: 1390
652:
653: 657
654: 1851 1785 1529 1121 801
655:
656: 836 824
657: 1563 1402 758
658:
659: 649
660:
661: 1456 1183 875 789
662: 1435 1349 1246
663: 2181
664: 1832 1821
665: 1878
666: 1866 1534 1331
667: 1225 711
668:
669: 1275 943
670: 1542 1010 784
671:
672: 2223
673: 2053 856
674:
675: 1465 709
676: 690
677: 1325 1237 1088
678: 1598
679: 1090
680:
681: 2133 1946
682: 2332 1869 1065
683: 2365 1978 1806 1248 1069
684:
685:
686:
687:
688:
689: 1255
690: 1066
691: 2161 1057
692: 2408 1211
693: 1354
694: 2257
695: 2162 1441 980
696: 1681 1239 1227 1208 820
697:
698: 2106 1528
699: 2383 1453 1388
700:
701:
702: 2320 1089 849
703: 1375 1093 699
704:
705: 1036 1020
706: 905 730
707: 2456
708: 1099
709: 1559
710: 1385
711:
712: 1049
713:
714:
715: 970
716: 1765 1433 698
717: 1024
718: 1218
719: 2425
720: 2408
721: 2383 2217
722:
723: 2337 1771 1459
724: 2243 1821 1426
725: 2128
726:
727: 782
728: 1040
729:
730:
731: 1282 1108 803
732: 1704
733: 765
734:
735: 2451 2240 2161 1546 1004
736: 1508 1330
737: 830 767
738: 1135
739:
740:
741: 1633
742:
743: 2079
744: 1217 768
745: 857
746:
747: 1566 1340
748: 2489 1513
749: 2431 1768 1613 1240 1158 779
750: 1641 1620
751: 1003
752: 945
753:
754:
755: 1196
756: 2246 1617
757: 1434
758:
759:
760: 984 792
761: 858
762: 1866 1534 1331
763:
764: 1130
765:
766: 1577 1476
767: 2451 1546
768: 2298 1576 955
769: 1862 991 771
770: 1975 1942 1073
771: 1834
772: 1569
773:
774:
775: 1115 1000
776:
777: 1995 1629
778: 842
779: 1014
780: 2457 1169
781:
782: 2025 1761
783: 2035 1465
784: 1448
785: 2074 2024 1634
786:
787:
788:
789: 1573 1329 912
790:
791: 2041 1994 1954 1486
792:
793: 910
794: 2082
795:
796:
797: 2097 838
798: 1152
799: 1512 895
800: 878
801:
802:
803:
804: 2089
805: 1923
806:
807: 2148 1322
808: 1293
809:
810:
811: 2054 1137
812:
813: 1153
814: 2397 2240
815: 840
816:
817:
818: 2020
819: 2393 2131 1892 1092
820: 1543
821: 2463
822: 2407 1510
823: 1442 802
824: 1198
825: 1127 821
826: 1083
827: 1489 968 811
828:
829: 2047 1206
830: 2127
831: 877
832:
833: 1968 1721
834: 1106
835:
836:
837: 1959 1612
838: 1776 1097 897
839: 2314
840: 940
841: 2132
842: 1943 1324
843: 1542
844: 2311 2086 1304 827
845: 1461 1460
846: 2366
847:
848:
849: 1837
850: 941
851: 1770
852: 1748
853:
854:
855: 1703
856: 2022 1658 1524 1428 1373
857:
858: 860
859: 1918
860: 1701 1451
861:
862:
863: 2305 1844
864:
865: 1950 1828
866: 2193 2011
867: 1485 839
868:
869: 1635 1297
870: 859
871: 2095 1955
872: 1533
873: 1605 1029
874: 2144 845
875:
876: 2280 1773 1076
877:
878: 2473 2453 993
879: 1870 1110 1052
880: 2415 1538 1235 1026
881: 1726 1301
882: 2026
883:
884: 1216 882 850
885:
886: 1031
887: 1896
888:
889:
890: 1209 1125
891:
892: 1789 1355 1210
893:
894: 1858 855
895: 1930
896: 954 853
897: 2164 2122 1364
898: 2321
899: 2413 1422 1228 928
900: 1673
901: 1375 1093
902: 1439
903:
904: 2352
905:
906: 1856
907:
908:
909: 1200
910: 1910
911: 1193 901
912: 2020
913: 1879 1415
914:
915: 1290 1250
916: 1203
917: 2211
918: 1530
919:
920: 1849
921:
922: 1006
923: 1339 896
924:
925: 885
926: 1292
927:
928: 1902
929: 2369 2360 2282 1537 1053
930:
931: 1961 946 903
932: 2015 1787
933:
934: 2174 956
935:
936: 1179 976
937: 2333
938: 1310
939:
940: 2133 1946 1273
941: 1213
942: 1954
943: 1503
944:
945: 2264
946: 1802 1368
947: 2171 1626
948: 2436 937
949: 1005
950: 1593
951:
952:
953: 1962 1226
954:
955: 2481 1492
956:
957:
958: 2321 1478
959:
960: 2482 2068 1938 1454
961: 1954
962: 1853
963: 1813 1443
964: 2104 1467 1032
965: 2369 2360 981
966: 2008
967: 1055
968: 2405 1848 1315 1189
969:
970: 1079
971: 1462 1145 1102
972: 2414
973:
974: 1619
975: 1922 1781
976:
977:
978: 1957 1536
979: 2183 1745 1365
980:
981:
982:
983:
984: 2399 2395
985: 2370 1784 1618
986: 1841 1699
987: 1865
988: 1599
989:
990: 2250
991: 1119
992:
993: 1260 1191 1186 1136
994: 1952
995: 2315
996: 2033 1645 1148
997: 1958
998:
999:
1000: 1008
1001:
1002:
1003: 950
1004: 1180
1005:
1006: 2115 1843 1504
1007: 949
1008: 2016
1009:
1010: 1923
1011:
1012: 1779 1589
1013:
1014:
1015:
1016:
1017: 1949 1262 1195 1154
1018: 2452 1783 1462 1372 1145 1102
1019: 1265
1020:
1021: 1204
1022: 2483
1023: 1769 1445
1024:
1025:
1026: 1077 990
1027:
1028: 1276
1029: 1064
1030: 1876 1712
1031: 1541
1032: 2019
1033: 1369 1357
1034: 1067
1035: 1401 1027
1036: 2009 1702 1138
1037: 961
1038:
1039: 1019
1040: 1857
1041:
1042: 1295 1037
1043:
1044: 1793
1045: 1772
1046:
1047: 1984 1241 1045 964
1048: 986
1049: 1615
1050: 1852
1051: 1899
1052: 2097 1532
1053: 2159 2017 1889
1054:
1055:
1056: 1399
1057:
1058:
1059: 1091
1060: 1123
1061: 2309 1393
1062: 2222
1063: 978
1064: 1831
1065:
1066: 1847
1067: 2358 1713
1068:
1069: 1609 1144
1070: 2352 1353
1071:
1072:
1073: 2426 1698
1074: 1585
1075:
1076: 2377 1759 1644
1077: 2319
1078: 2485
1079: 1935 1708
1080:
1081:
1082: 1549
1083: 2332
1084: 1475
1085:
1086: 1271
1087: 1665 1419
1088:
1089: 2214 1084
1090:
1091: 2351
1092:
1093:
1094: 2384 1281
1095: 2388 2137
1096: 1817
1097: 1015
1098: 1833 1752
1099:
1100: 1404 1347
1101: 1851 1529 1305
1102: 2437 1222
1103: 2442 2252 1058
1104:
1105:
1106:
1107: 1882 1640
1108: 1259
1109: 2411 1904
1110: 1823 1366
1111: 2177
1112: 2094 1887
1113: 2116 1621 1129
1114: 2114 1370
1115:
1116:
1117:
1118:
1119:
1120: 1690
1121: 1965
1122: 1337
1123: 1054
1124:
1125: 1376
1126: 2269 2091
1127:
1128:
1129:
1130: 2120
1131:
1132: 1988
1133: 1318
1134: 1826
1135: 1470
1136: 1455
1137:
1138: 1976
1139: 1087
1140: 1232
1141: 2413 1243
1142: 2464 1746 1494
1143:
1144:
1145: 2028
1146: 1516
1147: 1506 1300
1148:
1149:
1150:
1151: 1495
1152:
1153: 2361
1154: 2125
1155: 2244 1157
1156: 1134
1157: 2020
1158: 1174
1159:
1160: 2300 1766
1161: 2327
1162: 2119
1163:
1164: 2340
1165:
1166: 2092
1167: 2253 1944 1588 1431
1168: 1747 1128
1169: 1863 1302
1170: 1197
1171: 1392
1172:
1173: 1734 1328
1174: 1942 1314
1175: 1477
1176:
1177:
1178:
1179:
1180: 1283
1181:
1182:
1183: 2006 1450
1184: 1739
1185: 1552
1186: 1661
1187:
1188: 1515 1257
1189:
1190:
1191: 1303
1192: 2170
1193: 1288
1194: 2287
1195:
1196: 2325 1872 1694
1197:
1198: 1481
1199:
1200:
1201: 1146
1202: 2158 2064 1874 1264
1203: 2075 1521
1204: 1980
1205: 2458 2303 1501 1411
1206: 1859
1207: 2381 2010 1643 1165
1208:
1209:
1210:
1211:
1212: 1792
1213:
1214: 1505
1215: 1396
1216:
1217: 1670
1218: 2250 1895 1730
1219:
1220:
1221:
1222: 2480 1432
1223:
1224: 2067
1225:
1226:
1227: 1170
1228: 1742
1229: 2487
1230: 1790
1231: 2232 1391
1232: 1992 1219
1233: 1394
1234:
1235:
1236:
1237:
1238: 2465 1646
1239:
1240:
1241: 1925
1242: 1269
1243:
1244:
1245: 1464 1261
1246: 2427 2362
1247:
1248:
1249: 1803
1250: 1571
1251: 1631
1252:
1253:
1254: 2057 1845
1255: 1996
1256:
1257:
1258: 1363
1259: 1332
1260:
1261: 1818
1262:
1263:
1264: 1987
1265:
1266:
1267: 2228 2111 1945
1268:
1269: 2060 1959
1270: 1595 1320
1271: 2370
1272: 2316
1273: 1452
1274:
1275:
1276: 1824
1277:
1278:
1279:
1280: 2065
1281:
1282: 1832 1278
1283: 1813 1256
1284: 1424
1285: 2344
1286:
1287: 1231
1288: 1408
1289: 1343
1290:
1291:
1292:
1293: 1382 1307
1294:
1295:
1296: 1682
1297:
1298:
1299:
1300: 2210
1301: 1900
1302:
1303:
1304:
1305: 2301 1383
1306: 2084
1307:
1308:
1309: 2286
1310: 2077 1387
1311: 2247 2180 1989 1656
1312: 2471
1313:
1314:
1315: 1507 1289
1316:
1317:
1318:
1319:
1320: 2348 1371
1321: 2194
1322:
1323:
1324:
1325:
1326:
1327:
1328: 2365 1978
1329:
1330: 2356 1335
1331:
1332:
1333: 1568
1334:
1335: 2486 1780
1336: 1679
1337:
1338:
1339: 1414
1340: 1741
1341: 1625
1342: 2018 2012
1343:
1344: 2263
1345:
1346:
1347:
1348:
1349:
1350:
1351: 1796
1352: 1805 1650 1572
1353:
1354:
1355:
1356:
1357: 1285
1358:
1359:
1360:
1361: 1438
1362:
1363:
1364: 1700
1365: 2318 1901
1366: 2233 2141
1367:
1368:
1369:
1370: 1953
1371: 1905 1718
1372: 1992
1373: 2109 1736 1676 1379
1374: 1483
1375:
1376:
1377:
1378:
1379:
1380:
1381: 2201 1877
1382:
1383:
1384: 1496
1385:
1386:
1387:
1388:
1389:
1390:
1391: 2482 2068 1527
1392: 2442
1393:
1394:
1395:
1396: 2169
1397:
1398:
1399:
1400: 1651 1499
1401:
1402: 2136 1490 1374
1403: 1985 1514
1404: 1881
1405:
1406:
1407:
1408:
1409: 2126
1410: 1705
1411: 1351
1412: 1743
1413: 1880 1756
1414: 1671
1415:
1416: 1867
1417:
1418:
1419: 2323 1972
1420: 2245 1822 1654
1421:
1422:
1423:
1424:
1425:
1426:
1427: 1829 1548
1428:
1429:
1430: 2329 1413
1431: 2418 2090
1432: 1970
1433:
1434:
1435:
1436:
1437: 2336 2013 1786
1438: 2493
1439: 1968
1440:
1441: 2443
1442: 2288
1443:
1444: 2229
1445:
1446:
1447:
1448: 2349
1449: 2245 1667
1450:
1451: 1468
1452: 1579
1453:
1454:
1455:
1456:
1457: 2227 1810 1740
1458: 2153 1711
1459: 2037
1460:
1461:
1462:
1463:
1464: 1846
1465: 1421
1466: 2343
1467:
1468: 2119
1469:
1470: 2146 1715 1664
1471: 1874
1472: 2429
1473:
1474: 1969
1475: 2381 2292 2010
1476: 1966
1477:
1478: 1479
1479: 1575
1480:
1481: 2474 1873 1653
1482: 1447 1412
1483: 2438 2375 1941
1484: 2110
1485: 1565
1486:
1487:
1488:
1489: 1728
1490:
1491:
1492:
1493:
1494: 1695
1495: 1751
1496: 2338 2226 1692
1497:
1498: 1550
1499:
1500: 2207
1501:
1502: 1627
1503:
1504: 1632
1505: 2273 2087
1506:
1507: 1624
1508: 1775
1509:
1510:
1511:
1512:
1513: 1758
1514: 1869
1515: 2335
1516:
1517:
1518: 2046 1663 1545 1449
1519:
1520: 1649
1521: 1816
1522:
1523: 1693
1524: 2088
1525: 2406
1526: 2219
1527: 2357
1528:
1529: 1611
1530:
1531:
1532: 2445
1533: 2251
1534:
1535: 2279
1536:
1537: 2142
1538:
1539:
1540:
1541: 2339 1732
1542: 1840
1543: 1754
1544:
1545:
1546:
1547: 2276 1868
1548:
1549: 2285 1809
1550: 2469
1551: 2432
1552:
1553: 2450
1554:
1555:
1556:
1557: 2428
1558: 2289 1601
1559: 2355 2187 1977 1567 1520
1560: 1927 1687
1561:
1562:
1563:
1564:
1565: 1906
1566: 1855
1567: 2098 1539 1500
1568:
1569: 1795
1570:
1571:
1572:
1573: 2342
1574:
1575:
1576: 2096 1668
1577: 2412
1578:
1579:
1580: 1933
1581:
1582: 1885
1583:
1584:
1585:
1586:
1587:
1588: 2143 1723 1580
1589:
1590:
1591: 1792
1592:
1593:
1594: 1827
1595:
1596:
1597:
1598:
1599:
1600:
1601:
1602:
1603:
1604: 1911
1605:
1606:
1607: 2299
1608: 2491 1727
1609:
1610:
1611: 2368 2058
1612: 2444 1990
1613:
1614:
1615:
1616: 1685
1617:
1618:
1619:
1620:
1621: 2138
1622:
1623: 1648
1624:
1625: 2027
1626:
1627:
1628:
1629:
1630:
1631:
1632:
1633: 2191 2190
1634: 1860
1635:
1636: 2225 1623
1637: 2435
1638: 2056
1639:
1640: 2373 1798
1641: 2195 2151
1642:
1643:
1644:
1645:
1646:
1647: 2000 1800
1648:
1649:
1650:
1651:
1652: 1852
1653:
1654:
1655:
1656:
1657:
1658:
1659:
1660: 2284
1661:
1662: 2283
1663: 1982
1664: 2150
1665:
1666:
1667: 1590
1668:
1669:
1670:
1671: 2308
1672:
1673:
1674:
1675:
1676: 2070
1677: 1684
1678: 2310 1915
1679:
1680:
1681:
1682:
1683:
1684:
1685:
1686: 2185
1687:
1688:
1689: 2007
1690:
1691: 2156
1692:
1693:
1694: 2224
1695:
1696: 2108 1926 1655
1697:
1698: 2422
1699:
1700: 1993
1701:
1702:
1703: 1919
1704: 2396 2031
1705:
1706:
1707:
1708: 2100
1709:
1710:
1711:
1712: 1672
1713:
1714:
1715:
1716: 1688
1717:
1718:
1719:
1720:
1721:
1722:
1723:
1724:
1725:
1726: 2228 2111 2080
1727: 2048
1728: 2231
1729:
1730: 1836
1731:
1732:
1733: 1890
1734: 2404
1735:
1736:
1737: 1912
1738: 2417
1739: 2462 2076 1686
1740: 2145
1741: 1951 1940
1742:
1743:
1744: 2346
1745:
1746: 1913
1747: 2045
1748: 2194
1749:
1750: 1801
1751:
1752:
1753: 2419 1735
1754: 2468
1755:
1756: 2403
1757:
1758:
1759:
1760:
1761:
1762:
1763: 2102
1764: 1706
1765:
1766: 1979
1767:
1768:
1769:
1770: 2063
1771:
1772: 1888
1773: 2184
1774:
1775:
1776:
1777:
1778: 1820
1779: 2097
1780:
1781:
1782: 2341
1783:
1784:
1785:
1786:
1787:
1788:
1789:
1790:
1791:
1792:
1793:
1794:
1795:
1796:
1797:
1798:
1799:
1800: 1753
1801:
1802:
1803:
1804: 2147
1805:
1806: 2328
1807:
1808: 1924
1809: 2359
1810: 1893
1811:
1812:
1813:
1814:
1815:
1816:
1817:
1818:
1819:
1820:
1821: 2202
1822:
1823:
1824:
1825:
1826: 2044
1827: 1932
1828: 2465 1886
1829: 2458
1830:
1831:
1832:
1833:
1834: 1937
1835:
1836: 2073
1837:
1838:
1839: 1928
1840:
1841:
1842: 1835
1843:
1844: 2281 2043 1808
1845:
1846: 2149
1847:
1848:
1849:
1850:
1851: 2179
1852:
1853:
1854: 2069
1855:
1856: 1936
1857:
1858: 2484
1859: 1825
1860:
1861:
1862:
1863:
1864: 2032
1865: 2004
1866:
1867:
1868: 2433 1914
1869:
1870: 2165
1871:
1872:
1873:
1874:
1875:
1876: 2189
1877:
1878:
1879: 2117
1880:
1881:
1882:
1883:
1884:
1885:
1886:
1887:
1888: 2322
1889: 1884
1890:
1891: 2129
1892:
1893:
1894:
1895:
1896:
1897:
1898: 1917
1899:
1900:
1901:
1902: 2330
1903:
1904: 2306
1905:
1906:
1907:
1908: 2374
1909: 2107
1910:
1911: 2213 2055
1912:
1913:
1914: 2272
1915: 2205
1916:
1917:
1918: 2235
1919:
1920:
1921:
1922:
1923:
1924:
1925:
1926:
1927: 2236
1928:
1929:
1930:
1931:
1932: 2140
1933: 2466
1934: 2439
1935:
1936: 2423
1937:
1938:
1939:
1940:
1941: 2123
1942: 2021
1943:
1944:
1945: 2266 2118
1946: 2078
1947:
1948:
1949:
1950: 2221
1951:
1952:
1953:
1954:
1955:
1956: 2409
1957:
1958: 2051
1959:
1960:
1961:
1962:
1963:
1964:
1965:
1966: 2197
1967:
1968: 2363
1969: 1974
1970:
1971:
1972:
1973:
1974: 2230
1975:
1976:
1977:
1978: 2114
1979:
1980:
1981:
1982: 2005
1983: 2430 2134
1984:
1985:
1986:
1987:
1988:
1989:
1990:
1991:
1992:
1993:
1994:
1995:
1996: 2034
1997:
1998:
1999:
2000:
2001:
2002:
2003:
2004:
2005: 2394
2006:
2007:
2008:
2009: 2402 2212
2010:
2011:
2012:
2013:
2014:
2015:
2016: 2050
2017:
2018:
2019: 2188
2020:
2021: 2270
2022:
2023:
2024:
2025:
2026:
2027: 2455
2028:
2029:
2030:
2031:
2032:
2033:
2034:
2035:
2036: 2238
2037:
2038:
2039:
2040:
2041:
2042: 2488
2043:
2044:
2045:
2046:
2047:
2048:
2049:
2050:
2051: 2178
2052: 2371
2053: 2071
2054: 2237
2055:
2056:
2057:
2058:
2059: 2256 2175
2060:
2061:
2062:
2063:
2064:
2065:
2066:
2067:
2068:
2069:
2070:
2071:
2072:
2073:
2074:
2075:
2076:
2077:
2078:
2079:
2080:
2081:
2082:
2083:
2084:
2085:
2086:
2087:
2088:
2089:
2090: 2105
2091:
2092:
2093:
2094:
2095: 2218
2096:
2097:
2098: 2168
2099:
2100:
2101:
2102:
2103:
2104:
2105:
2106:
2107:
2108:
2109:
2110:
2111:
2112:
2113:
2114: 2459
2115:
2116:
2117:
2118:
2119:
2120:
2121:
2122: 2152
2123: 2163
2124:
2125: 2259
2126:
2127: 2199
2128:
2129:
2130:
2131:
2132:
2133:
2134:
2135:
2136:
2137:
2138:
2139:
2140:
2141:
2142:
2143:
2144: 2254
2145:
2146: 2304
2147:
2148:
2149:
2150:
2151:
2152:
2153:
2154: 2290
2155:
2156: 2353 2297
2157:
2158:
2159:
2160:
2161:
2162:
2163: 2390
2164:
2165:
2166:
2167:
2168:
2169:
2170:
2171: 2379
2172:
2173:
2174:
2175:
2176: 2277 2262
2177:
2178:
2179:
2180:
2181:
2182:
2183:
2184:
2185:
2186: 2436
2187:
2188:
2189: 2215
2190: 2382
2191:
2192:
2193: 2295
2194:
2195:
2196: 2275
2197:
2198:
2199:
2200:
2201:
2202:
2203:
2204:
2205: 2239
2206:
2207:
2208:
2209:
2210:
2211: 2324
2212:
2213:
2214:
2215:
2216:
2217:
2218:
2219:
2220:
2221:
2222:
2223:
2224:
2225: 2331
2226:
2227:
2228:
2229: 2441 2350
2230:
2231:
2232:
2233:
2234: 2385
2235:
2236:
2237:
2238:
2239: 2401
2240: 2347
2241:
2242:
2243:
2244: 2410
2245:
2246:
2247:
2248:
2249:
2250:
2251:
2252: 2421
2253:
2254: 2376
2255:
2256:
2257: 2472
2258:
2259:
2260:
2261:
2262:
2263:
2264:
2265:
2266:
2267: 2312
2268:
2269:
2270:
2271:
2272:
2273:
2274: 2389
2275:
2276:
2277: 2265
2278:
2279:
2280:
2281:
2282:
2283:
2284:
2285:
2286:
2287:
2288:
2289:
2290:
2291:
2292:
2293:
2294:
2295:
2296:
2297:
2298:
2299:
2300:
2301:
2302:
2303:
2304:
2305:
2306:
2307:
2308:
2309:
2310:
2311:
2312:
2313:
2314:
2315:
2316:
2317:
2318:
2319:
2320:
2321:
2322:
2323:
2324:
2325:
2326:
2327:
2328:
2329:
2330:
2331:
2332:
2333:
2334: 2326
2335:
2336:
2337:
2338:
2339:
2340:
2341:
2342:
2343:
2344:
2345:
2346:
2347:
2348:
2349:
2350:
2351:
2352:
2353:
2354:
2355:
2356:
2357:
2358:
2359:
2360: 2475
2361:
2362: 2334
2363:
2364:
2365:
2366:
2367:
2368: 2434
2369:
2370:
2371:
2372: 2420
2373: 2416
2374:
2375: 2454
2376:
2377:
2378:
2379:
2380:
2381:
2382:
2383: 2446
2384:
2385:
2386:
2387:
2388:
2389:
2390:
2391:
2392:
2393:
2394:
2395:
2396:
2397:
2398:
2399:
2400: 2449
2401:
2402:
2403:
2404:
2405: 2364
2406:
2407:
2408:
2409:
2410:
2411:
2412:
2413:
2414:
2415:
2416:
2417:
2418:
2419:
2420:
2421:
2422:
2423: 2378
2424:
2425:
2426:
2427:
2428:
2429:
2430: 2473
2431:
2432:
2433:
2434:
2435:
2436:
2437:
2438:
2439:
2440:
2441:
2442:
2443:
2444:
2445:
2446:
2447:
2448: 2490
2449:
2450:
2451:
2452:
2453:
2454:
2455:
2456:
2457:
2458:
2459:
2460:
2461:
2462:
2463:
2464:
2465:
2466:
2467:
2468:
2469:
2470:
2471:
2472:
2473:
2474:
2475:
2476:
2477:
2478:
2479:
2480:
2481:
2482:
2483:
2484:
2485:
2486:
2487:
2488:
2489:
2490:
2491:
2492:
2493:
2494:
2495:
2496:
2497:
2498:
2499:
2500:
2501:
2502:
2503:
2504:
2505:
2506:
2507:
2508:
2509:
2510:
2511:
2512:
2513:
2514:
2515:
2516:
2517:
2518:
2519:
2520:
2521:
2522:
2523:
2524:
2525:
2526:
2527:
2528:
2529:
2530:
2531:
2532:
2533:
2534:
2535:
2536:
2537:
2538:
2539:
2540:
2541:
2542:
2543:
2544:
2545:
2546:
2547:
2548:
2549:
2550:
