1: 41 31 16 14 13 11 2 1
2: 2094 956 590 63 45 8
3: 2061 1294 1066 1009 917 773 607 519 422 406 405 91 77 76 50 49 32 30 29 28 27 24 23 22 7 5 4 3
4: 2061 1439 1431 1066 410 406 289 228 213 166 96 70 66 37 33 20 15 12 10 9 6
5: 1329 863 546 521 21
6: 2475 2458 2107 1894 1875 1806 1621 1593 1498 1317 1176 1156 1082 973 936 790 444 351 207 206 123 85 17
7: 1995 1806 1441 1421 1176 1018 710 690 483 158 77 76 68 53 47 19
8: 2237 1294 1116 773 405 91 50 34 28 27 23 22 18
9: 1894 1082 444 101 77 76 19
10: 1995 1441 1421 483 158 68
11: 2235 32 29
12: 1594 1431 1188 776 679 414 213 166 70 43
13: 2458 1621 1156 71 25
14: 2468 2211 1439 1294 1019 970 773 565 410 405 289 228 91 84 64 56 48 36 26
15: 2061 1492 1328 1066 475 406 30
16: 1930 1754 1555 1359 1062 845 688 659 627 499 469 404 304 256 220 163 148 35
17: 2254 1930 1837 1520 1025 942 699 499 358 308 277 252 250 112 58
18: 1744 1598 418 119
19: 486 118
20: 822 592 240 136 131
21: 577 183
22: 2175 1713 1221 1189 1161 1127 1085 504 379 265 162 42 40 38
23: 187 100
24: 2475 2263 1317 973 937 790 351 85
25: 2468 2247 2211 2137 1019 869 810 565 121 97 82
26: 2493 974 105 57 54 46
27: 1255 310 59
28: 1188 776 414
29: 2482 2184 2050 1071 370 367 268 251 241 193 145
30: 2423 2296 1770 1582 1328 1188 794 776 209 187 139 133 106 100
31: 2253 2134 1925 1617 1278 587 87 62
32: 2485 609 365 88 67 51
33: 913 713 540 55
34: 1292 101 52
35: 2434 2181 2091 1571 1191 949 626 492 401 386 356 305 44 39
36: 2423 968 139
37: 2024 363 352
38: 1420 1214 826 336 226 129
39: 2329 1901 1883 1814 1582 1284 919 764 763 759 722 552 506 430 253 203 186 103
40: 2107 1875 1781 1593 1498 206 61
41: 1397 696 572 316 237 92
42: 1894 1082 936 444
43: 1520 308
44: 1893 1555 845 769 707 659 415 288 260 220 163 128 117 108 93 73
45: 2603 2550 1900 1801 1359 1062 688 256 115
46:
47: 1883 552 430 203 103
48: 2567 784 296
49: 2062 1981 1594 1035 985 920 150 126
50: 2463 290
51: 1548 653 170
52: 2374 557 231 143 60
53: 2059 1914 1315 1177 630 111 89 74
54: 2226 2061 1364 1066 441 406 122 69 65
55: 1357
56: 1981 1207 1109 985 703 429 107
57: 673 527 219 142
58: 880 495 199
59: 627 469 148 75
60: 1764 1410 999 921 210
61: 2485 882 609 365 67
62: 1962 1351 1348 98
63: 2329 763 186
64: 417 291 227 72
65: 2397 299 287
66: 1298 339 285 80
67: 123
68: 1845 1151 576 547 392
69: 1859 521 79
70: 415 288 260 128 117
71: 813 179
72: 2254 1837 1754 1025 942 699 404 358 304 252
73: 2326 1478 1121 1018 710 690 195 114
74: 1924 1919 1714 1238 511 125 81
75: 2104 1972 1909 1600 181 178 86 78
76: 1856 621 90
77: 1339 1084
78: 1934 1849 1072 1031 770 281
79: 104 102
80: 2469 2394 2128 1908 855 846 712 327 149
81: 2237 1370
82: 147
83: 2229
84: 408 373 232 152
85: 427 357 355 341 169 124 83
86: 1811
87: 303
88: 254
89: 2302 2226 2190 1846 1737 1504 1456 1064 861 496
90: 2255 2234 1268 1193
91: 2389 1142 1034
92: 1902 1483 1319 1170 445 192 172
93: 1773 1356 654 110 99
94: 2226 135
95: 1003 882 215 157
96: 320
97: 1144 411 301 239
98: 2111 1952 1110 1032 1009 761 733 330 319 116
99: 1040
100: 733 95
101: 2085 1138 605 156 109
102: 2359 2204 2089 720 94
103: 2367 2213 1807 1766 1734 1336 1146 681
104: 159
105: 2525 679 113
106: 2253 1925 1806 1662 1606 1532 1176 1078 969 906 345 236 233
107: 246
108: 1853 1063 765 533
109: 1106 274 191 175 167
110:
111: 2530 1442 1377 1299 524 413 385 224 211 176 164
112: 1901 1284 919 759 424 295 244 194
113: 201
114: 2482 1071 367
115: 1873 1232 200
116: 892 247 133
117: 2383 859
118: 2359 2089 1519 1445 600 537
119: 1489 1023 984 165 151
120: 2175 1713 1247 1161 613 504 482
121: 2410 1771 1545 1086 993
122: 1321 803 603 543
123: 1315 111
124: 2552 1663 375
125: 716 138
126: 2430 1986 1907 1097 1009 222 171 161 130
127: 2069 423 306 189
128: 567 473 205 196
129: 2453 2377 2263 2155 2011 1229 1208 937 542 536 385 374 155 120
130: 750 593 132
131: 1571 1431 943 492 401 300
132: 2208 1108 962 915 724
133: 1509
134: 1810 1011
135: 1210
136: 1510 714
137: 2062 2048 1035 150
138: 2438 2332 1948 198 140 127
139: 1095 455 144
140: 2500 2110 787
141: 2110 578 525 432 282
142: 474 134
143: 800 388 326 223 146 137
144: 1268
145: 1387 465 461
146: 808 656 636 532
147: 2386 1692 328 321 309 168
148: 207
149: 277 250
150: 1478 1121 801 784 297
151: 2487 1547 266 217
152: 1725 1067 647 398 204
153: 2215 1448
154: 2349 1647 267
155: 2446 2387 1604 657
156: 1418 390 369
157: 2065 1009 319
158: 1781 1158 1010 808 656 636 615 532
159: 2433 2302 2226 1456 1292 496 218 154
160: 1119 796
161: 2369 141
162: 450
163: 214 153
164:
165: 2508 2028 529
166: 711 682
167: 2453 2377 1229 542 374
168: 2155 536
169: 384
170: 797 579 202
171: 2302 1814 1456 496
172: 1798 1152 242
173: 1759 628 354 334
174: 2097 1653 1101 1061 952 853 671 562 508 185
175: 1104 428
176: 2216 1993 808 656 636 532
177: 556 335 325 184
178: 1999 1394 1014
179: 1766 1336 681
180: 2319 1867 1490 249
181: 383 160
182: 2365 1898 1681 1612 1124 816
183: 421 382 238 174
184: 722 479
185: 2301 2191 700 501
186: 2280 1803
187: 457
188:
189: 882
190: 1241 959 689 476
191: 385 211
192: 1026 516 173
193: 2031 553
194: 1928 1492 1077 560 475 454 271
195: 2497 1943 1129 1095 762 453 452 343 243
196: 2568 456 349
197: 1469 230
198: 637
199:
200: 2336 1680 739
201: 2299 2064 1765 1575 1227 1129 1115 1091 1070 1023 984 904 762 453 343 190
202: 2124 1411 177
203: 1813 1361 378 255
204: 722 479 234
205: 2274 1279 1231 1059 756
206: 1080 753 425
207: 299 287 182
208: 1157 180
209: 1752 1724 885 452 243
210: 1282 950 571 350
211: 2491 555 545 188
212: 273 259
213: 1926
214: 2119 2073 1369 317
215: 2245 510 262
216: 2493 1053 824
217: 1099 1020 672
218: 1724 885 208
219: 416
220: 2445 2261 2224 680
221: 1932 1537 568 538 472 197
222: 1695 725 601
223: 574 396
224: 2232 1204
225: 2111 314
226: 2463 2263 1492 937 475 269
227: 460
228: 2280 1803 1024 366 340
229: 1462 737
230: 221
231: 2508 2423 1760 1145 968 744 359 212
232: 1418 1293 535
233: 2587 431
234: 1582 1395 377
235: 2407 2299 1969 1924 1919 1564 1091 635
236: 1857 586
237: 2434 2091 1191 949 386 305
238: 2296 1770 794 216
239: 1377 524
240: 700 312
241: 573 275
242: 734 225
243: 528 284
244: 594 258
245: 1679 964 264
246: 1952 1153 324
247: 2057 1147 1008 278
248: 1384 1240
249: 1509 1424
250: 2127 761 263
251: 983 723 619 229
252: 1452 575 448 283
253: 697 322
254: 1235 361 276 257
255: 2373 2236 1143 622 451 302
256: 2488 1118 1038 870
257: 1720 1648 1523 925 248
258: 992 939 668 582 331 280 245
259: 2396 2283 1842 1432 1404 957 709 509 484 420 347 333
260: 1793 1250 662 235
261:
262: 1312 643
263: 2395 1540 1488
264:
265: 261
266: 1906 914
267: 2276 293
268: 2602 901 875
269: 313
270: 1686 446
271: 2116 1683 584 554 491 348
272: 2463 1997 1830 1471 1260 911 362
273: 863
274: 1462 1101 1061 515 387
275: 2121 2074 769 707
276: 2253 1925 1662 604
277: 1158 1010 615
278: 608 346
279: 1873 485 436
280: 2222 987 534
281: 2045 1572 462 409 286
282: 1215 1192 439 433
283: 1036 652 487
284:
285: 945
286: 1784 864
287: 1467 1405 447
288: 1476 1403 1289
289: 1017 500
290: 1636 1302 856
291: 943 806
292: 1826 559 399
293: 2448 2329 2065 494 272
294: 1457
295: 2011 1208 804 360
296:
297:
298: 1724 318
299: 1086 993 279
300: 1495 1374 1000 270
301: 649 585
302: 1762 1389 1101 1061 608 515 387
303: 2359 2089 1626 600
304: 2438 1948 944
305: 836 372 332
306: 2297 2208 2194 1275
307: 2603 2550 1801
308: 2092 899
309: 2360 1541 1168 1069
310: 1056 376
311: 2365 1898 1612 892 435 381
312: 1002 329 294
313: 407
314: 2514 2008 1878 743
315: 2261 1893 566 440 337
316: 2380 2046
317: 1479 1150 598
318: 623
319: 518
320: 2404 1311 907 832 610
321: 1159 793 364 344
322: 1328
323: 292
324: 2429 1175 634 611
325: 1322 1051 371
326: 2070 1484 468
327: 323 298
328: 624 541
329: 2516 1355
330: 706
331: 1849 934
332: 438 315
333: 2042 1929 955
334: 1956 1935
335: 1961 564 311 307
336: 2136 2005 419 368
337: 2518 2340 1688 727
338: 2449 2427 549 539
339: 1352 490
340: 2554 1033 943 806
341: 2327 1116 831 732
342: 708
343: 1012
344: 2195
345: 2516 913 540 338
346: 2574 2153
347: 1833 1402 1027
348: 2480 1944 1162 1043 400
349: 698
350: 2201 512
351: 1306 1301
352: 1718 591 480
353:
354: 2365 1898 1612 471 464 342
355: 868
356:
357:
358:
359: 2514
360: 2516 1306 1301 678
361: 1630 975
362: 2458 2335 1621 1156 772
363:
364: 2603 2550 1801
365: 1761 1179 819 570
366: 958 402
367: 795 664 380
368: 2445 959
369: 2396 1432 738 437
370: 601 505
371: 2369 728
372: 397
373: 2073 578 394
374: 633 596 412
375: 459 353
376: 2170 2033 1113 683 503
377:
378: 1889 655
379: 481 458
380: 749
381: 2450 966 931
382: 2552 1663 1129 772 395
383: 2149 754
384: 1241
385:
386: 2026 1385 1120 1001
387: 1199 972
388: 1974 888 602 526 389
389: 1752
390: 2299 1091 449
391: 946 771
392: 2332 1857 403
393: 2262 1167 629
394: 2427
395: 2364 777 478
396: 1016 941 782 523
397: 2574 2153 1538 1130
398: 2347 1453 393
399: 2364 1834 1512 834 391
400: 2530 1442 1299
401: 2102 2072
402: 2555 1312 1167 958 629
403: 1782 1136 520
404: 1842 958
405: 1912 1627 477
406: 2010 1947
407:
408:
409:
410: 2028
411: 1934 1856 1094
412: 1039
413: 2570 2489 1886 1508
414: 1864
415: 1940
416: 1551
417: 1850 550 426
418: 558
419: 2489 1935 1886
420: 1134
421: 1254
422: 2266 2130 1914 1771 1601 1177
423: 1793
424: 2393 2352 1116 831 732
425: 869 810
426:
427: 616
428: 1942 994 774 606
429:
430: 1977
431: 1915 676
432: 670 443
433:
434: 580 442
435: 1923 674
436:
437: 1549
438: 2161 1695
439: 917 519
440: 1022 434
441:
442: 2488 581 517
443:
444: 1926 811
445: 2445
446: 463
447: 489
448: 1238
449:
450: 2279 1530
451:
452: 1658 1235 821 802
453: 764
454: 1976
455: 1444 1222 858 833
456: 2370 1433 1137
457: 1914 1177
458: 2495 507
459: 2065 1717 544 494
460:
461: 2484 2190
462: 502
463: 758
464: 1619 695
465: 922 729
466: 2514 1878 685 470 466
467: 2090 1217 981
468: 1868 1782 1187 1136
469: 2473 854
470:
471:
472: 1469 1340
473:
474: 2443 2034 1918 1060
475: 1586 569
476: 965 748 694 514
477: 497
478: 1221 1127 1085 660 588 488
479:
480: 927 923 704
481: 2016 1233 838 751
482: 2493
483: 1991 1288
484: 2458 650
485: 2529
486: 1899 1829 1369 1228 467
487:
488: 2198 1622 531
489: 1836 780 715 675 614
490: 1975 1387 781 638
491: 1966 1454 938 850
492: 1820 1780 824
493: 1320
494: 2448 669 493
495: 2410 1050
496: 928
497: 951
498: 1703 1482 1423 498
499: 1168 1069
500: 1222 833 827
501: 2539 2365 1898 548
502: 1871 639 583 513
503: 1904 932
504: 2579 1264
505: 1489 1074 561 551
506: 631 618
507: 2288 799
508: 661
509: 2217 1660 930
510: 2304
511: 1206
512: 1015 651 612 522
513: 1165 851
514: 641
515: 2218 1360
516: 1220 717
517: 1845 620
518:
519: 1048
520: 1149 963
521: 2186 2016 2000 1577 1449 871 841
522: 2531 2450 931
523:
524: 2459
525: 2187 828
526: 1616 807 693 684
527: 1899 1829 1696 642
528: 1885 839
529: 1717 897 530
530:
531: 1341
532:
533: 2344
534: 1916 1171 842 735
535:
536: 1450 667
537: 2187 828
538:
539: 1567
540: 2406
541: 902
542: 1661 1391 1160 1149 963 805
543: 760 599
544: 617
545: 2182 1591 1251 589
546: 900
547:
548: 1140
549:
550: 1584 883
551: 2441 1084
552: 1499 1335 731
553: 1362
554: 1468 786
555: 563
556: 1646 1610
557: 1780
558: 1961 1849 979
559: 1696 1333 747
560: 2607
561:
562: 632
563: 2568 1004
564: 1247
565: 812
566: 2094 991 686
567: 2093 1884
568: 2366 1716 1178 1132
569: 644
570: 2429
571: 1726 874 687
572: 2101 1609 646
573:
574: 929 658
575: 804
576: 996
577: 1291
578: 648
579:
580: 1189 946 771
581: 990
582: 755
583: 1055 995 867
584: 1909 1600 1007 840
585:
586: 1443 1261 640
587: 2326
588: 2057 1384 1240 989
589: 1833 1781 742 691
590: 2315 2162 1657 916 905
591:
592: 1651
593:
594: 1516 884 701
595: 2169 1715
596: 1558 1379 692
597:
598: 2064 1575 1227 1115 740
599: 2481 2390
600: 1932 1537
601: 1710
602: 2466 597
603: 1708
604:
605: 2193 1626
606: 2085 1639
607: 1190 910 595
608: 1954
609:
610: 2438 1948
611:
612: 2523 2226 1902 1833 1788 1583 1483 1319
613: 1503 1200 857
614: 1957
615:
616: 2244
617: 1782 1016
618:
619: 2216 1993 933
620: 1044 663
621: 1923 1677
622: 719 645
623: 1042
624: 2079 625
625: 2532 779
626: 1904 1217
627: 2041
628: 1337 849 829
629: 2583 2380 2046
630: 1496
631: 1436
632: 2262 1155
633: 2146 1531
634: 1608
635: 1865
636: 1307
637: 2502
638: 2564 2441 2343 1514 1028
639: 746
640: 2163 1056 783
641:
642: 1435
643: 1922 1828 1534 1216 721
644: 1835 1088
645: 1181
646:
647: 2181 1813 1182 935 705 677
648: 1345 1049
649: 2392 1808 1505
650: 1666 1194
651: 789
652: 1633
653: 2004 1614
654: 1107
655: 2044 1784 817
656: 2505 1186 1180 1117
657: 1212 730
658: 1037 977
659: 2475 2437 1346
660: 2298 2080 882
661: 2604 764
662: 1661
663:
664:
665: 666
666: 2444
667:
668: 890
669:
670: 1797 1745 1569 1371 798 726
671: 2588
672: 2104 1595 1511
673: 1408 886 665
674:
675: 1005
676: 1747 1323
677: 873
678: 2566 1369 1228 1149
679:
680: 1753 1114
681: 1347 1343
682: 2508
683: 1396 1276
684: 778
685: 1681 1124 814
686: 1815 736
687: 2488
688: 2088 1883 757
689:
690:
691: 1765 904
692: 2431
693:
694:
695: 2064 1566 862
696: 1225
697: 1661 1205 881
698: 2134
699:
700: 1100
701:
702: 1109
703: 1269 1068 1058 702
704: 1834 1512 785
705: 2366 1690
706: 2331 2016 801
707: 2435 1203 1174
708: 2393 2352
709: 1316 1297 1054
710: 2125
711: 1280 997 820
712: 2564 2343
713: 1402 1087
714: 2516
715: 1816
716: 1705 1685 791
717: 844 745
718: 718
719: 2096 2084 1968
720: 1900
721:
722: 775
723: 1743
724:
725: 1981 1477 1141 866 741
726: 1154
727: 1588 818
728: 1470
729: 956
730:
731:
732: 1286
733: 1835
734: 1313 878
735:
736: 2502 1816
737: 1196
738: 898
739:
740: 767
741: 2410 887 848 788
742:
743:
744: 2353
745: 2362 1135
746: 2362 1895 1465 1283
747: 852
748: 2606
749: 2205 1902 1483 1319
750: 2232 766
751: 2265 2239 1839 1092 1029 978
752: 1524
753: 2120 768
754:
755: 2047 986
756: 1381 823
757: 2163
758: 1827
759: 2261 2235
760: 1744 1598 1218 967
761:
762: 1410 999
763:
764: 1392 835
765: 1964 1755
766: 1633
767:
768: 1252
769:
770: 1987 1673 1388
771:
772:
773: 1680
774: 2310 1941 1890
775: 1638 1522 1065 1013 860 809
776:
777:
778:
779:
780: 2294 1131
781: 1678
782: 1924 1919
783: 1592
784: 2397 2196 982
785: 1237
786: 1992 1962 1909 1600 1351 1348
787:
788: 1613
789: 1590 909
790: 879
791:
792:
793: 2037 1481 752
794:
795: 1296
796: 1602
797: 926 903 893
798: 2589 2339 1133
799: 1509
800: 2419 1427
801: 2435 1394
802: 2251 1553 876
803: 1090 1046
804: 1796 896
805: 2577 895
806:
807: 2208 1678 912
808: 1675 1589
809: 1334
810: 1552
811: 2252 1838
812: 1559 1172
813:
814: 889
815: 1897 1244
816: 1809 1400
817: 1937
818:
819: 837 825
820:
821: 2547 2527 1539 998
822:
823: 1996 1848 1500 1363
824: 2114
825:
826: 1273
827: 2360 1541
828:
829: 1606 1078
830: 2336 1263
831: 2165 792
832: 1981 985 830
833: 2284
834: 2126 1202 1123
835: 843
836: 1951 1599 1267
837:
838: 2026 1554 1461 1277 1001 865
839: 2140
840:
841:
842: 2310 2291 1941 1890
843: 847
844: 2161
845: 2514 1878
846: 2402 1338 877 815
847: 1650 1494 1271
848:
849: 1950 1832
850: 2426 2408 1309 948
851: 1409
852: 1694 1314 953
853: 2041 1045
854: 2292 1814 1102
855: 2210
856: 2193 1502 1265 1246
857:
858:
859:
860:
861:
862:
863: 2138 1340 1318
864:
865: 1417 971
866: 1632
867:
868: 1385 1120 872
869: 1073
870:
871: 2237 1370
872: 1367 908
873:
874: 2408 1365
875: 1475 1274
876: 1711 1697
877:
878: 2265 2239 1839 1092 1029
879:
880: 2047 1893
881:
882: 1557
883: 1182 935
884: 1738
885: 961
886:
887: 2121 2074
888:
889: 1253
890: 2019
891:
892: 1332 1236 954
893: 2428 918
894:
895: 1093
896:
897: 2491
898:
899: 2499
900: 2456
901: 2260
902:
903: 1338
904: 1532
905: 1047
906: 1557 1377
907:
908: 2506 2017
909:
910: 1934 976
911:
912:
913: 1081
914:
915: 2157
916: 2364 1234
917: 1213
918:
919:
920: 894
921: 1472
922: 1740 1256 1163
923: 1126
924: 1646 1610 1057 940
925: 2067
926: 2303 1819 1709 1447 1041
927: 2125 1310
928:
929: 2293 1775
930: 2126
931:
932: 1570 1248
933: 1360
934: 1928
935: 1983
936: 1486
937: 1963 1800 1419
938: 2529 1164 891
939: 2223 1877 1546 1030
940:
941: 1764
942: 2495
943: 1079
944: 1230
945: 2531 2360 1541 1398
946: 2345
947: 1096
948: 2589 1603 924
949: 2473
950: 1128
951: 1778
952: 1682 960
953:
954: 947
955:
956: 2285
957: 1866
958: 1913 1578
959: 1350 1308
960:
961: 2319 2160 1867 1239
962:
963: 1615
964: 2513 2481 2390 2030
965: 1242
966:
967: 2420 2225 2023 1913
968: 1937 1562
969: 1642 1580
970: 1006
971: 1310
972:
973: 2553 1938
974: 2338 1855 1414
975: 1382
976:
977: 1587
978:
979: 1515
980:
981: 1998
982: 2206 980
983: 2375 2357
984: 2197 1259
985:
986:
987: 1611
988: 2586
989: 1607
990: 2515 1103
991: 1601 1173
992:
993:
994: 2247 2137
995: 2233 1466 1290
996: 2219
997: 988
998:
999:
1000: 2251 1707 1111
1001: 1757
1002: 1760
1003: 2288
1004: 2127
1005:
1006: 1270
1007:
1008: 2154 1840 1245
1009:
1010:
1011: 1936
1012:
1013: 2543 2413 1535
1014: 2008
1015: 2049 1852 1491 1226
1016: 2560 1625
1017: 1507 1353 1272 1198 1166
1018:
1019: 1021
1020: 2593
1021: 1327
1022:
1023:
1024:
1025:
1026: 1205
1027: 1831
1028: 1434 1325
1029: 2300 2032
1030: 2331 2158 2117
1031: 2183 1209
1032: 2452 1888 1861 1787 1701
1033:
1034: 2120
1035: 1596 1563
1036:
1037: 2276 1230
1038:
1039:
1040: 2298 1693
1041: 1354
1042: 2467 1122
1043: 1949 1735 1223 1219
1044:
1045:
1046: 1756
1047: 1262
1048: 2573 2544
1049: 2122
1050: 2601
1051:
1052: 2283 1324
1053:
1054:
1055: 2315
1056:
1057:
1058: 1842
1059:
1060: 2291
1061: 2057 1266
1062: 2523
1063: 1983 1139
1064: 2596 1960 1440
1065:
1066: 1574
1067: 1777 1493
1068: 2152 1075
1069: 2505
1070:
1071:
1072: 1249
1073: 2520 2111
1074:
1075: 2521
1076: 2497 2212 1943 1422
1077:
1078: 1175
1079: 1794
1080: 1052
1081:
1082: 1303
1083:
1084:
1085:
1086: 1740
1087:
1088: 1763 1643
1089: 1487 1076
1090:
1091: 1727
1092:
1093: 2278
1094: 1613 1592 1105
1095: 1426
1096: 2241 2164
1097: 2323 2309 2248 1285
1098:
1099: 1342
1100: 2588 1211
1101: 1197
1102: 1494
1103:
1104:
1105:
1106:
1107: 2094 1521
1108: 1697 1083
1109: 1446
1110: 2606 1862 1186 1180
1111: 2451 1760 1331 1089
1112:
1113: 2006 1295 1098
1114: 1415 1112
1115:
1116: 1824
1117:
1118: 1771 1169
1119: 2599
1120: 1438
1121: 2358
1122: 1955 1641
1123: 2228
1124: 1195
1125:
1126: 2419 1518
1127: 1605
1128: 2581 2388
1129: 2167 1581 1258
1130: 2480 1326
1131: 2425
1132:
1133: 2452 1148
1134: 2048
1135: 2246
1136: 2525
1137: 2516 2165 1912 1627
1138: 1538
1139: 2186 2000 1577 1449
1140: 1870
1141: 1733 1412 1201
1142:
1143: 2449 1407 1125
1144: 1812
1145: 2532 1869
1146:
1147: 1376
1148: 1632
1149: 2515 1437
1150:
1151: 2348 1629
1152:
1153: 1698
1154:
1155: 1913
1156: 2548
1157:
1158: 1684 1654 1406
1159:
1160: 1463 1287
1161:
1162: 1378
1163:
1164:
1165: 2065
1166: 1775
1167:
1168:
1169: 2143
1170: 1375
1171: 1971 1480
1172:
1173:
1174:
1175: 1573
1176:
1177:
1178: 2551 1428
1179: 1413
1180: 2231 1460 1281
1181: 1185
1182:
1183: 1401
1184:
1185:
1186: 1668
1187: 1779 1390
1188:
1189:
1190: 2505 1644
1191:
1192:
1193:
1194: 1243
1195:
1196:
1197:
1198: 1386
1199: 1349 1224
1200:
1201: 1565
1202: 2214
1203:
1204: 1675 1589
1205: 1708
1206:
1207: 2459
1208: 1672 1620
1209:
1210: 2430 1986
1211: 2212 1422 1330
1212: 1550
1213:
1214: 2210 1671
1215:
1216:
1217: 2272
1218: 2356 1305
1219: 2141
1220:
1221: 2138
1222:
1223: 2241 2164
1224: 2500 1183
1225: 2515 2325 2311
1226: 1304
1227: 1769 1700
1228: 1719
1229:
1230: 1792
1231:
1232: 1674 1464
1233: 1366
1234: 1184
1235: 2144
1236: 1645
1237: 1814
1238:
1239:
1240:
1241: 2121 2074
1242: 2204 2187
1243:
1244:
1245: 2405 1818
1246: 1634
1247:
1248:
1249: 1879
1250:
1251: 1485
1252:
1253: 2327 1257
1254:
1255:
1256: 2080
1257:
1258:
1259:
1260:
1261: 2428
1262: 1802
1263:
1264:
1265: 1874 1430
1266:
1267: 1375
1268:
1269:
1270:
1271: 2112
1272: 1429
1273: 2444
1274: 2556
1275:
1276:
1277:
1278:
1279: 1425
1280: 1525 1344
1281:
1282:
1283: 2484 1455
1284:
1285:
1286:
1287:
1288: 2519 2442
1289: 2281 1971 1480
1290: 1624
1291:
1292: 1561
1293: 1759 1358
1294: 1936 1723
1295:
1296: 2020
1297:
1298:
1299:
1300: 1905
1301:
1302: 2052
1303:
1304:
1305: 2206
1306:
1307: 2230 1506
1308:
1309:
1310:
1311:
1312: 2150 1649 1300
1313: 2039
1314: 1783 1731
1315:
1316:
1317:
1318: 2273
1319:
1320:
1321:
1322: 2167
1323:
1324: 1895 1465
1325: 2436
1326: 1982
1327: 2101
1328: 1730 1527
1329: 2577
1330:
1331:
1332:
1333: 2079
1334: 2432
1335:
1336:
1337: 2179 1544
1338: 2565
1339: 2540
1340: 1526
1341: 1732
1342:
1343:
1344: 1331
1345:
1346:
1347:
1348: 1804
1349:
1350: 1978
1351: 2119
1352: 2549
1353:
1354:
1355:
1356: 1416
1357: 2324
1358:
1359:
1360:
1361: 2376 1881 1372
1362:
1363:
1364: 2249 2021
1365: 2422 1921 1741
1366: 1536
1367: 2380
1368:
1369: 1876
1370:
1371: 1979 1902
1372: 1383
1373: 2334 2316
1374: 1858
1375:
1376:
1377: 2538 2105 1712
1378: 1664 1393
1379:
1380: 1368
1381:
1382:
1383: 1373
1384: 2594 1946
1385:
1386:
1387: 1473
1388:
1389: 2100
1390: 1825
1391:
1392:
1393:
1394: 2526 1699
1395:
1396:
1397:
1398:
1399:
1400: 2270
1401: 1740
1402: 1783 1731 1560 1542
1403:
1404: 2003
1405:
1406:
1407: 2326
1408: 1380
1409: 2533
1410: 2086
1411:
1412: 1556
1413:
1414: 2541
1415: 1623
1416:
1417: 1653
1418: 2597 1687
1419:
1420:
1421:
1422: 1670
1423:
1424:
1425:
1426: 2039
1427:
1428: 2133 1474
1429:
1430:
1431:
1432: 2582
1433:
1434: 1399
1435: 1533
1436:
1437: 2267 1736
1438: 2275
1439: 2131
1440:
1441:
1442: 2510 2185 1748
1443: 2491
1444:
1445: 1772
1446:
1447: 2467
1448:
1449: 1820
1450: 1631
1451:
1452:
1453:
1454: 2402 1860
1455: 2416
1456:
1457:
1458: 2542 2066
1459:
1460: 1459
1461: 2503
1462: 1720
1463: 2450 2077 1863 1721
1464:
1465:
1466:
1467: 1785
1468:
1469:
1470: 1529
1471:
1472:
1473: 2582 2150 1956 1649 1501
1474: 2589 2339 2129
1475:
1476: 1933 1879
1477: 2492 1746
1478:
1479:
1480: 2580
1481:
1482: 1517
1483: 2077 1721
1484:
1485:
1486: 1729
1487:
1488: 1817 1618
1489: 1822
1490: 1528
1491: 2166 1751
1492: 1513
1493: 2162 1657
1494:
1495:
1496: 1843 1790
1497: 1911 1767 1451
1498:
1499:
1500:
1501: 2148
1502: 1795
1503:
1504:
1505:
1506:
1507:
1508:
1509:
1510:
1511: 2409
1512:
1513: 2361
1514: 2001
1515:
1516:
1517: 1655
1518:
1519: 2384 1543
1520:
1521:
1522:
1523:
1524: 1656
1525:
1526:
1527: 1497 1458
1528:
1529: 2337 2078 1750
1530:
1531:
1532: 2306 1739
1533:
1534:
1535: 2073
1536:
1537: 1579
1538:
1539:
1540:
1541: 1689
1542:
1543:
1544:
1545:
1546:
1547:
1548:
1549: 1854
1550:
1551:
1552: 1568
1553: 2521 2253 1925 1851
1554:
1555:
1556: 1995 1789
1557: 1722
1558:
1559:
1560: 2470 1847 1659
1561: 2150 1730 1649
1562:
1563:
1564:
1565: 2534 1576
1566:
1567: 1640
1568: 2433
1569:
1570:
1571: 2528
1572:
1573:
1574:
1575:
1576: 2368
1577: 2060
1578:
1579: 2178
1580:
1581: 1667
1582: 1676
1583:
1584:
1585:
1586: 2466
1587:
1588:
1589: 2063
1590: 1887
1591:
1592:
1593:
1594: 2058
1595:
1596:
1597: 2598
1598:
1599:
1600:
1601: 1776
1602:
1603:
1604: 2471 1652
1605: 2036 1821
1606: 2583
1607:
1608: 2106 1959 1691
1609:
1610:
1611: 1597
1612: 2103 1872
1613:
1614: 1585
1615: 2407 1969
1616:
1617:
1618:
1619:
1620:
1621:
1622:
1623:
1624: 2095
1625:
1626:
1627:
1628:
1629: 1728
1630:
1631: 1774
1632:
1633:
1634: 2342
1635:
1636:
1637:
1638:
1639:
1640: 2055
1641:
1642: 1996
1643: 2028
1644:
1645:
1646: 2012
1647: 2240
1648:
1649: 2382 1635
1650:
1651: 1665
1652: 1985
1653: 1819
1654:
1655: 2607
1656:
1657:
1658:
1659:
1660:
1661: 1841
1662: 2200
1663:
1664: 1742
1665: 1704
1666: 1989
1667:
1668: 1637
1669: 2416 2135
1670: 2056 1805
1671:
1672:
1673: 2385
1674: 1628
1675:
1676:
1677:
1678: 2334
1679: 2045
1680:
1681:
1682: 2322
1683: 2145
1684: 2087
1685: 1749
1686:
1687:
1688:
1689:
1690:
1691:
1692: 1669
1693:
1694: 2344
1695:
1696:
1697: 1910 1799
1698:
1699: 2007
1700:
1701:
1702:
1703:
1704:
1705:
1706:
1707: 2374
1708: 2032
1709:
1710:
1711:
1712:
1713:
1714: 1970 1791
1715:
1716:
1717: 2002
1718:
1719:
1720:
1721: 1931
1722:
1723:
1724: 1768
1725:
1726: 2203
1727: 2309 2248
1728: 1917
1729:
1730: 1965
1731: 2109
1732:
1733:
1734: 2054
1735:
1736: 2536
1737: 2569 1967 1903 1706
1738:
1739:
1740:
1741:
1742:
1743: 2522 2412
1744: 2068
1745: 1891 1702
1746:
1747:
1748:
1749: 1882
1750:
1751:
1752:
1753:
1754:
1755: 2438 1948
1756:
1757:
1758:
1759:
1760:
1761: 2575
1762:
1763:
1764:
1765: 2528 2312
1766:
1767:
1768: 1988
1769:
1770:
1771:
1772: 1939
1773:
1774:
1775:
1776:
1777:
1778: 2180
1779:
1780: 2563 2477 2461 2018
1781: 2277
1782: 2491
1783: 2222
1784:
1785: 2594 2009 1946
1786: 2350
1787:
1788: 2257 2209
1789:
1790: 2598
1791:
1792:
1793:
1794:
1795: 2566 2303
1796:
1797:
1798:
1799:
1800: 2460 1786
1801: 2027
1802:
1803:
1804: 2465
1805:
1806: 2318
1807:
1808:
1809:
1810: 1892
1811:
1812:
1813:
1814:
1815:
1816: 2378 1880
1817:
1818:
1819:
1820:
1821: 2158 2117
1822:
1823:
1824: 1758
1825:
1826: 1927 1896
1827:
1828:
1829:
1830:
1831:
1832:
1833:
1834: 2511
1835:
1836: 2044
1837: 2501 1844
1838: 2379 2132 1823
1839:
1840:
1841:
1842: 1859
1843:
1844: 2492
1845:
1846:
1847: 2118
1848:
1849:
1850:
1851:
1852: 2108
1853: 2558 1945
1854:
1855: 2268
1856:
1857:
1858: 2524
1859:
1860:
1861:
1862:
1863:
1864:
1865:
1866: 2576
1867: 2286
1868: 2264
1869: 2287
1870:
1871:
1872:
1873:
1874:
1875:
1876:
1877: 1990
1878:
1879: 2053
1880:
1881:
1882:
1883:
1884: 2295
1885:
1886:
1887:
1888: 2242
1889:
1890:
1891: 2398 1953
1892: 2051
1893:
1894:
1895:
1896:
1897:
1898:
1899:
1900:
1901:
1902: 2307
1903:
1904:
1905:
1906: 1920
1907:
1908: 2590
1909: 2457
1910:
1911:
1912:
1913:
1914:
1915:
1916: 2202
1917:
1918:
1919:
1920:
1921:
1922:
1923:
1924:
1925:
1926:
1927:
1928:
1929:
1930:
1931: 2328
1932: 2439 2174
1933: 2592 1973
1934:
1935:
1936:
1937:
1938: 2258 2177
1939:
1940: 2598
1941:
1942: 2171 2035
1943:
1944:
1945:
1946: 2221
1947: 2595
1948: 2537 2071
1949: 1980
1950: 2403
1951:
1952:
1953: 2381
1954:
1955:
1956:
1957: 2290
1958: 2462 2098
1959:
1960: 2168
1961: 2313
1962:
1963:
1964:
1965:
1966:
1967:
1968: 2218
1969:
1970: 2189
1971: 2535
1972:
1973:
1974: 2349
1975:
1976:
1977: 2076
1978:
1979: 2507 2476
1980: 2604
1981:
1982:
1983:
1984:
1985:
1986: 2308 2043
1987: 2149
1988:
1989:
1990: 2025
1991: 2014
1992: 2564 2343
1993: 2353 2141
1994: 2509
1995: 1994
1996:
1997: 2015 1958
1998:
1999:
2000: 2482 2411
2001:
2002: 2474
2003:
2004:
2005: 2517 2435
2006: 2399
2007:
2008:
2009:
2010: 2207
2011:
2012:
2013:
2014:
2015:
2016:
2017:
2018: 2504 2492
2019:
2020:
2021: 2561 2083
2022:
2023:
2024:
2025:
2026:
2027:
2028: 2351
2029:
2030:
2031:
2032:
2033:
2034: 2440
2035: 2569
2036: 2139
2037:
2038: 2415 2022
2039: 2559
2040:
2041:
2042:
2043:
2044:
2045:
2046: 1984
2047:
2048:
2049:
2050: 2081
2051:
2052:
2053:
2054:
2055: 2176
2056: 2082
2057: 2013
2058:
2059:
2060:
2061:
2062:
2063:
2064:
2065:
2066:
2067: 2371
2068:
2069:
2070:
2071:
2072:
2073:
2074:
2075:
2076:
2077:
2078:
2079:
2080:
2081:
2082:
2083:
2084:
2085:
2086: 2498
2087: 2401
2088:
2089:
2090:
2091:
2092:
2093:
2094: 2075
2095:
2096:
2097: 2038
2098:
2099:
2100:
2101: 2269
2102: 2029
2103:
2104:
2105:
2106:
2107: 2040
2108:
2109:
2110:
2111:
2112:
2113:
2114: 2188
2115:
2116:
2117: 2562
2118: 2173
2119:
2120: 2571 2199 2113
2121: 2314
2122: 2317
2123:
2124:
2125: 2424
2126:
2127:
2128: 2259
2129:
2130:
2131: 2591 2099
2132:
2133:
2134: 2341 2250
2135:
2136:
2137:
2138:
2139:
2140:
2141:
2142: 2294
2143:
2144:
2145:
2146: 2115
2147:
2148:
2149:
2150:
2151:
2152:
2153:
2154:
2155:
2156:
2157:
2158: 2418
2159:
2160:
2161: 2147
2162:
2163: 2243
2164: 2227
2165:
2166:
2167:
2168:
2169: 2564
2170:
2171:
2172:
2173:
2174: 2483
2175:
2176:
2177:
2178: 2238
2179:
2180: 2159
2181:
2182:
2183: 2151
2184:
2185: 2486
2186: 2156
2187:
2188:
2189:
2190:
2191:
2192:
2193:
2194: 2123
2195: 2472
2196:
2197:
2198:
2199:
2200:
2201:
2202:
2203:
2204:
2205: 2192
2206:
2207: 2496
2208:
2209:
2210: 2605
2211:
2212:
2213: 2142
2214:
2215:
2216:
2217:
2218: 2256
2219:
2220:
2221:
2222:
2223:
2224:
2225:
2226:
2227:
2228: 2330
2229:
2230:
2231:
2232:
2233:
2234:
2235:
2236:
2237: 2567
2238:
2239:
2240:
2241:
2242:
2243:
2244:
2245: 2172
2246:
2247:
2248:
2249:
2250:
2251:
2252:
2253: 2400
2254:
2255:
2256: 2572
2257:
2258:
2259:
2260:
2261:
2262: 2455
2263: 2321
2264:
2265: 2391
2266:
2267: 2289
2268:
2269:
2270:
2271:
2272: 2282
2273: 2421
2274:
2275:
2276:
2277:
2278:
2279:
2280:
2281:
2282:
2283:
2284:
2285: 2220
2286:
2287:
2288:
2289:
2290: 2479
2291:
2292:
2293:
2294:
2295:
2296:
2297:
2298:
2299:
2300:
2301:
2302:
2303:
2304:
2305:
2306:
2307:
2308:
2309:
2310:
2311:
2312:
2313:
2314:
2315:
2316:
2317:
2318:
2319:
2320:
2321:
2322:
2323:
2324: 2271
2325:
2326:
2327:
2328: 2355
2329:
2330:
2331:
2332:
2333:
2334:
2335:
2336:
2337: 2454
2338: 2363
2339:
2340: 2320
2341:
2342:
2343:
2344:
2345:
2346:
2347:
2348:
2349:
2350:
2351:
2352:
2353:
2354:
2355: 2478
2356:
2357:
2358:
2359:
2360:
2361:
2362:
2363:
2364: 2600
2365:
2366:
2367:
2368:
2369:
2370: 2564
2371:
2372:
2373:
2374:
2375:
2376:
2377:
2378:
2379:
2380:
2381:
2382:
2383:
2384:
2385:
2386:
2387:
2388:
2389: 2305
2390:
2391: 2346
2392:
2393:
2394:
2395:
2396:
2397: 2372
2398:
2399:
2400:
2401:
2402:
2403:
2404:
2405:
2406:
2407:
2408:
2409:
2410:
2411: 2417
2412:
2413:
2414:
2415:
2416: 2414 2333
2417:
2418:
2419:
2420:
2421:
2422:
2423:
2424:
2425:
2426:
2427: 2354
2428:
2429:
2430:
2431:
2432:
2433:
2434:
2435:
2436:
2437:
2438:
2439:
2440:
2441:
2442:
2443:
2444:
2445:
2446:
2447:
2448:
2449:
2450:
2451:
2452:
2453:
2454:
2455:
2456:
2457:
2458:
2459:
2460:
2461:
2462:
2463:
2464:
2465:
2466:
2467:
2468:
2469:
2470:
2471:
2472:
2473:
2474:
2475:
2476:
2477:
2478:
2479:
2480:
2481:
2482:
2483: 2447
2484:
2485:
2486:
2487:
2488:
2489:
2490:
2491:
2492:
2493:
2494:
2495:
2496:
2497:
2498:
2499:
2500:
2501:
2502:
2503:
2504: 2546
2505: 2490
2506: 2464
2507:
2508:
2509:
2510:
2511:
2512:
2513:
2514:
2515:
2516:
2517:
2518:
2519:
2520:
2521:
2522:
2523:
2524:
2525:
2526: 2585
2527:
2528:
2529:
2530:
2531:
2532:
2533: 2557
2534:
2535:
2536:
2537:
2538:
2539:
2540:
2541:
2542:
2543:
2544:
2545:
2546:
2547:
2548:
2549:
2550:
2551:
2552:
2553:
2554:
2555:
2556:
2557:
2558:
2559:
2560:
2561:
2562:
2563:
2564: 2512
2565:
2566:
2567:
2568:
2569:
2570:
2571:
2572:
2573:
2574:
2575:
2576:
2577:
2578:
2579:
2580:
2581:
2582:
2583:
2584:
2585:
2586:
2587:
2588:
2589:
2590:
2591:
2592:
2593:
2594:
2595:
2596:
2597:
2598: 2494
2599:
2600:
2601:
2602:
2603:
2604:
2605:
2606:
2607:
2608:
2609:
2610:
2611:
2612:
2613:
2614:
2615:
2616:
2617:
2618:
2619:
2620:
2621:
2622:
2623:
2624:
2625:
2626:
2627:
2628:
2629:
2630:
2631:
2632:
2633: 2545
2634:
2635:
2636:
2637:
2638:
2639:
2640:
2641:
2642:
2643:
2644: 2578
2645:
2646:
2647:
2648:
2649:
2650:
2651:
2652:
2653:
2654:
2655:
2656:
2657:
2658:
2659:
2660:
2661:
2662:
2663: 2584
2664:
2665:
2666:
2667:
2668:
2669:
2670:
2671:
2672:
2673:
2674:
2675:
2676:
2677:
2678:
2679:
2680:
2681:
2682:
2683:
2684:
2685:
2686:
2687:
2688:
2689:
2690:
2691:
2692:
2693:
2694:
2695:
2696:
2697:
2698:
2699:
2700:
2701:
2702:
2703:
2704:
2705:
2706:
2707:
2708:
2709:
2710:
2711:
2712:
2713:
2714:
2715:
2716:
2717:
2718:
2719:
2720:
2721:
2722:
2723:
2724:
2725:
