1: 510 156 2 1
2: 511 306 206 187 74 16 14
3: 363 39 8 6 5
4: 367 259 253 167 142 90 72 51 13 11 7 4 3
5: 36 26
6: 144
7: 184 41 10
8: 331 317 261 258 115 112 103 94 40 33 32 12
9: 258 33 32 12 9
10: 409 402 160 22 21 18
11: 465 424 189 186 144 92
12: 384 65 52
13: 532 376 374 340 320 217 64 61 20 19
14: 80 28 27
15: 469 420 283 252 163 71 37 35
16: 99 49
17: 117 29
18: 528 490 423 309 24
19: 516 452 191 162 126 25 15
20: 185 181 17
21: 217 30
22: 532 64 23
23: 353
24: 525 225 68
25: 147 89 66 46
26: 354 125 43
27: 535 510 406 379 285 156 147 89 66 60 46
28: 550 483 457 433 427 365 340 320 301 210 121 78
29: 516 511 442 306 206 126 74 62 55 34
30: 149 44 42
31: 214 108 86 85 76
32: 562 537 444 313 120 69 67 31
33: 130
34: 525 432 225 169 45
35: 430 358 228 152 144 73 53
36: 201 180 101 97
37: 369 106 59
38: 413 114 84
39: 87
40: 154 110 50 38
41: 406 379 285 60
42: 48
43: 386 339 325 54
44: 82 79 70 56
45: 550 483 332 302 244 210 75
46: 450 250
47: 526 380 226 161 102 58
48: 463 230 202 151 104
49: 564 128 91
50: 470 194 47
51: 308 215
52: 319
53: 536 311 298 116 113 98 93
54: 375
55: 545 505 105
56: 331 132 112 103 94
57: 569 562 234 224 165 153 148
58: 207
59:
60: 424 100 63 57
61: 571 401 271 268 175 170
62: 369 203 96 77
63: 459 433 301 78
64: 511 498 306 182 83
65: 243
66: 573 237 223
67:
68: 427 121
69: 197
70: 190 95
71: 547 294
72: 477 267 137 134 81
73: 566 434 279 208 193 140
74: 196
75: 504 248 133
76: 421
77: 477 369 227 179 172
78: 570 426 344 218
79: 227 172
80: 231 173
81: 474 436 394 219 139 88
82: 477 472
83: 371 176 157
84: 562 241 234 127 122
85: 555 300 109
86: 161 111
87: 142
88: 577 514 381 373 351 242 138
89: 150 129
90: 542 316
91: 449
92: 530 195
93: 287 247
94: 463 355
95: 517 372 260 249 183
96: 221
97: 416 390 326
98: 559 545 428 423 383 309 107 105
99: 177
100: 358
101: 196 166 145
102: 369 338 212
103: 457 365 241 164 123 119
104: 530 430 228 195 136
105: 576 318
106:
107: 297 292 273 131
108: 192
109: 367 259 253 167 118
110:
111: 457 365 164
112: 255
113:
114: 199
115: 347
116: 569 159
117: 514 373 135
118:
119: 337
120:
121:
122: 297
123: 517 372 247 204 124
124: 304
125: 583 488 232
126: 188
127:
128: 411 350
129: 333 291 281 216
130: 266
131: 178
132: 314 143
133: 474 343
134: 269
135: 401 271 170
136: 494
137: 573 237 223
138: 515 171
139:
140: 498 310 158 141
141: 526 380 256 226
142: 280 146
143: 155
144: 496 479 438
145: 504 327 233 229
146: 582 443
147: 565 393 235
148: 450 250 168
149:
150: 580 521 410 369 307 228
151: 251
152: 353
153: 488 322 238 174
154:
155: 292
156: 587 453
157: 288
158: 346
159: 509 305
160: 332 302 244
161: 293 200
162:
163: 523 403
164: 329
165:
166: 459 385
167: 290 211
168:
169: 220 198
170: 559 426 354
171: 429
172:
173: 480 286
174:
175:
176: 395
177: 374
178:
179: 527 276
180:
181: 513 205
182: 284
183: 476 447
184: 222
185: 505
186: 263
187:
188: 213
189:
190: 501
191: 335
192: 404 377 341 246
193: 368 334
194: 507
195: 460 209
196: 558 543
197: 345
198: 545 295
199:
200: 542 453
201: 574
202:
203: 539
204: 312
205:
206: 268
207:
208:
209: 264
210:
211: 435
212: 535 274
213: 378 240
214: 538 388 262 239
215: 580 307 254
216:
217: 352 272
218: 446 397 348
219: 265
220: 576
221: 236
222: 548 448
223:
224:
225: 245
226: 587 278
227: 362 328
228: 277
229: 467
230: 315
231:
232: 361
233: 520 473 270
234: 257
235: 359
236:
237:
238: 519 487
239: 382
240: 557 296
241: 324
242: 590
243:
244: 466 336
245: 565
246:
247:
248: 495
249: 588 273
250: 356
251: 583
252:
253:
254:
255: 461
256:
257: 407 303
258:
259: 589
260: 546 486
261: 503
262: 275
263:
264:
265:
266: 528 490
267:
268: 404
269:
270: 561
271: 465
272: 299
273: 489
274:
275:
276: 506 497
277: 518 282
278:
279:
280: 440
281: 506 497 330
282: 364 349 289
283:
284: 357
285:
286:
287: 559 464
288:
289: 439
290: 398
291: 321
292:
293:
294: 540
295:
296:
297:
298:
299: 472
300:
301: 342
302: 485 387
303: 399
304: 579 572 549 414
305:
306:
307: 454
308:
309: 552
310: 441 437
311: 418
312: 370
313: 323
314: 584
315:
316: 452
317: 495
318:
319:
320: 524
321:
322: 471
323: 570 484 392
324: 419 389
325:
326:
327: 440
328:
329:
330:
331:
332:
333:
334: 475
335:
336:
337:
338:
339:
340: 462
341:
342: 528
343: 408 396
344:
345:
346:
347:
348:
349:
350: 417
351:
352:
353:
354: 360
355: 518
356:
357: 366
358:
359:
360:
361: 541
362:
363: 412
364: 456
365:
366: 425
367:
368: 582 443
369: 455
370:
371: 563
372:
373: 500
374: 431
375: 499 405
376: 581
377:
378:
379:
380:
381:
382: 585
383:
384:
385: 554 445
386:
387: 451
388:
389: 391
390: 400
391:
392:
393: 527
394:
395:
396:
397:
398:
399:
400:
401: 508 415
402:
403:
404: 481
405:
406:
407: 493
408:
409:
410: 588
411:
412:
413:
414:
415: 534
416:
417: 478 422
418: 468
419:
420: 492
421:
422:
423:
424:
425:
426:
427:
428:
429:
430:
431:
432:
433:
434:
435:
436:
437:
438:
439:
440:
441: 564
442:
443:
444:
445:
446:
447:
448:
449: 458
450: 491
451:
452:
453:
454:
455: 578 529
456: 502
457:
458:
459:
460:
461: 533
462:
463:
464:
465:
466:
467:
468:
469:
470: 583
471:
472:
473:
474:
475:
476:
477:
478:
479:
480:
481:
482:
483: 482
484:
485:
486:
487:
488:
489:
490: 553
491: 560
492:
493:
494:
495:
496:
497:
498:
499:
500:
501:
502:
503:
504:
505:
506:
507:
508: 567
509:
510:
511:
512:
513:
514:
515:
516:
517: 512
518:
519:
520: 522
521:
522: 586
523:
524:
525:
526:
527:
528:
529:
530:
531:
532:
533:
534:
535:
536:
537:
538: 556 551
539:
540:
541:
542: 531
543:
544:
545:
546:
547:
548:
549:
550:
551: 544
552:
553:
554:
555:
556:
557:
558:
559:
560:
561:
562:
563: 575
564:
565:
566:
567:
568:
569:
570: 568
571:
572:
573:
574:
575:
576:
577:
578:
579:
580:
581:
582:
583:
584:
585:
586:
587:
588:
589:
590:
591:
592:
593:
594:
595:
596:
597:
598:
599:
600:
601:
602:
603:
