1: 2844 2755 1523 1430 1336 183 100 21 10 3 2 1
2: 2290 234 54 12 7 4
3: 2895 195 94 56 8
4: 898 870 187 148 22 9 5
5: 2874 1486 1446 1308 1223 1209 1112 902 735 591 546 476 465 397 235 227 201 194 184 178 132
6: 2345 1981 1885 1475 370 93 63 47 38
7: 2509 1824 1721 1560 1270 1144 588 6
8: 2496 2395 1235 815 712 75 34
9: 2031 1832 839 753 190 177 99 79 41 16 11
10: 270 190 24 18 17
11: 2403 2031 1617 1482 1411 1245 851 763 753 664 472 252 210 143 25
12: 2963 2733 2348 2192 1745 1265 1083 1068 999 516 239 70 33 31 19 15 13
13: 2415 2199 1388 1249 1030 746 621 321 311 169 62 58 30
14: 2577 383 244 170 57 26 20 14
15: 32
16: 2031 753 252
17: 1624 1318 1047 52
18: 1528 475 175 74
19: 1980 1209 1195 469 397 247 199 51
20: 2856 2730 2674 681 137 92 35
21: 2382 1118 1003 932 506 482 439 431 424
22: 2897 228 88 27
23: 855 60 44
24: 2569 246 130 82
25: 1838 1148 500 436 309 191
26: 2960 2237 2124 1372 1242 91 61 39 37 23
27: 2856 2674 2124 1415 1372 1242 1046 681 137 91 28
28: 2680 2274 2108 1828 1247 710 668 417 377 347 142 87 83
29: 2529 1297 1264 315 76 45
30: 2339 2082 2027 1342 1182 627 576 449 377 340 200 83 71 65 59 29
31: 2708 1726 1344 1229 307
32: 2936 2671 2339 2082 1342 627 576 449 340 71
33: 1857 1434 1246 569 186 176 86
34: 2499 2073 267 40
35: 2874 2771 2556 2461 2241 1374 1223 1061 828 457 235 211 181 141 118 103 98 95 78 43
36: 2807 2791 2428 2397 1548 1409 270 202 190 165 160
37: 2158 654 134 81
38: 1032 722 648 509 66
39: 2274 1828 1247 710 142 36
40: 530 123 69 53
41: 2771 2461 2282 2191 828 48
42: 1216 1127 1050 375 50
43: 2783 2419 2412 1933 1905 1226 916 775 429 198 46 42
44: 1980 1195 469 247 199 97
45: 1929 1903 1413 547 237 49
46: 2230 2136 1439 1334 377 317 223 166 55
47: 1797 1236 149
48: 2733 2348 1265 1068 516 136 124
49: 2382 2275 1501 643 439 414 303 272 219
50: 2856 2674 1809 681 144 137 113
51: 1750 1190 119
52: 2874 2373 2326 1740 1255 1241 1223 993 577 551 545 235
53: 2862 1171 720 283
54: 1394 512 413 284 110
55: 1403 1276 570 415 289 129
56: 2908 2402 2301 1018 794 254 131 106
57: 920 162 64
58: 1452 1114 1044 440 108 101
59: 2630 2445 2384 1801 1307 1215 832 292 164 154
60: 2181 2062 501 67
61: 2813 2782 2364 1298 1245 1223 851 664 210
62: 2711 2595 1920 1717 975 945 787 697 475 354 151
63: 2538 2493 2051 2027 1581 1182 1179 1042 800 618 585 505 200 152
64: 2158 1103 749 738 180
65: 2660 2035 233 138
66: 2851 1620 1504 390 208 174 109 68
67: 2364 1298 483 365 150
68: 2824 2007 1571 599 335
69: 2498 1734 263 117 115
70: 2518 2409 952 719 630 324 80
71: 1617 1482 472
72: 2308 257
73: 1346 73
74: 2044 165 127 77
75: 2194 1630 1594 1524 1082 830 264 213 179
76: 1374
77: 2241 2107 530 181
78: 2608 475 84
79: 1814 1363 542 171
80: 1446 1308 201 184 146 72
81: 2560 2496 2395 1924 1751 1695 1544 259 218 215 111
82: 1842 905 581 511 90
83: 2938 1908 1128 1043 886 721 192
84: 2134 1649 520
85: 1953 359
86: 2462 1795 282 206 112 102 85
87: 1268 389
88: 563 403 391
89: 2003 1805 1575 1112 902 735 546 465 227 116 96 89
90: 2577 586 532 105
91: 2274 2142 2045 1828 1247 924 710 430 406 360
92: 2100 518 388
93: 135
94: 167 158
95: 2232 1708 997 665 598 527 419
96: 2798 2632 2415 2037 1388 1058 746 514 321 114
97: 2101 1763 155
98: 2663 2594 2538 1581 1179 172 125
99: 2449 1556 1347 881
100: 1970 1395 841 156 120
101: 1614 1064 1056 924 691 531 430 406 214 145 139 107
102: 2055 926 907 163 133
103: 1311 646 301 268
104: 1951 1710 1364 1091 769 615 386 159
105: 933 809 204 104
106: 2497 1142 755 638 562 346 308
107: 194 178 128
108: 2493 1042 585 565 126 122
109: 1240 852 568 374 121
110: 2917 2253 255
111: 2516 803 286
112: 2733 2348 1820 1356 1265 1068 850 822 589 516 427 140
113: 2185 936 606
114: 2643 2275 1501 643 303 272
115: 2520 467 332
116: 777 754 265 185 173
117: 1614 1321 938 622 343 205 189
118: 2908 1878 336 224
119: 2668 1626 1206 209 207 153
120: 2646 1694 792
121: 2386 1274 947 345 329
122: 930 884 807 337
123: 2122 1893 1625 816 453 351 330 231
124: 1938 396 157
125: 2096 937 188
126: 2821 1729 1067 979 384
127: 2919 2477 2107 874 240
128: 2353 2347 1069 258 161 147
129: 1351
130: 600 433
131:
132: 717 538
133: 306
134: 944 325
135: 2891 2302 1296 1037 816 736 453 410 351 330 182
136: 385 339
137: 2254 1001
138: 1121 1116 1104
139: 2506 818 729 671
140: 2323 2076 1108 673
141: 381 249
142: 2934 2014 1111 398 203
143: 2254 1074 1001 266
144: 531 214
145: 536
146: 625
147: 291 229
148: 2841 2408
149: 1580 1059 811 548 492
150: 2546 2049 1792 471 426
151: 2955 2804 1961 1812 786 610 334
152: 2008 1657 1107 604
153: 2297 930 895
154: 2075 1206
155: 1484 537 455 404 399 281 243
156: 2044
157: 2051 1465 1205 771 728 618
158: 665 598 527
159: 2810 991 704 552
160: 2863 2383 1639 804 368 217
161: 2834 168
162: 2359 2288 1880 1631 1431 766 583
163: 2026 1569 1384 1277 1187 835 555 454
164: 1614 938 650 372 316 256
165: 2861 366 302 197
166: 2670 2568 1096 730 288
167: 1527 715 587 474 280
168: 2216 2142 2132 1921 1579 759 666 635 479 305
169: 2345 1161 519
170: 2641 1261 236
171: 2924
172: 1599 459 225
173: 2288 1631 1431 824 378 300 277 196
174: 2579 1010 972
175: 1774 1401 1204 640 596 446 271
176: 2729 1022
177: 2730 1019 481 450
178: 298 287
179: 2449 2061 1617 1556 1482 1347 966 881 472
180: 2735 2618 2463 1080 779 595
181: 2185 1781 1398 1000 936 674 250
182: 2315 1256 667 490 314 242
183: 2345 2152 1976 1948 1472 1332 1161 253
184: 2107 1971 248
185: 2265 2153 857 543 495
186: 1800 760 670 557 285
187: 1006 974 825
188: 2044 1252 421 221
189: 2918 2732 836
190: 2005
191: 1163 362 193
192: 2175 1816 1689 1357 1258 241 232
193: 1048 262
194: 2599 452 222
195: 2496 2395 2281 1383 815 790 464 216
196: 764
197: 2806 2436 946 508 274
198: 220
199: 2483 2302 1800 1296 760 736 724 670 376
200: 1797 1236 1107
201: 1078 353
202: 2485 2098 273
203: 2230 2136 317
204: 1857 1246 1087
205: 408 394
206: 1699 1016 582 535 338
207: 793 473
208: 2810 2014 1601 1494 1131 1111 873 739
209: 2954 2811 2097 1802 1594 776 296 212
210: 2971 1535 1426 958 566
211: 2851 2576
212: 1385 1294 677 276
213: 962 297
214: 1063 1054 791
215: 534 418 226
216: 1703 251
217: 1384 1277 709 533 460 269
218: 2000 549
219: 2599 904 522
220: 1465 293
221: 2274 1828 1826 1279 1247 710 652 260
222: 2774 380
223: 1043 721
224: 2181 1132 501 230
225: 1315 626
226: 1816 1689 1118 1003 932 506 482
227: 2602
228: 2042 1008 295
229: 1688 1579 1248 1158 879 731
230: 1176 660
231: 2424 2218 1594 356
232: 2434
233: 2634 2169 1831 1381 245
234: 2657 955 498 320
235: 2296 1476
236: 1983 1853 927
237: 1560 238
238: 2255 1957 580 521 319
239: 1584 867 420
240: 2192 594 392
241: 2645 2142 360
242: 2408 1605 844
243: 2547 1367 352 294
244: 1808 1271 837 800 505
245: 1226 916 429
246: 2643 2265 2153 1914 1799 1459 1145 1087 1074 857 357
247: 2918 836 624 290
248: 275
249: 2290 1090
250:
251: 2577 1155 1153 611 499 312
252: 1041
253: 1879 1779 261
254: 431 424
255: 2062 1149 373 310
256: 2834 2051 987 618 326
257: 2163 605 602 409
258: 2539 1173 954 322
259:
260: 2051 618
261: 2938 858 553
262: 1415 1046 313 304
263: 2864 880 840
264: 1777 1012 470 447 443
265: 1400 980 774
266:
267: 2169 1969 1549 1381 411
268: 2647 2615 2415 1607 1526 765
269: 329
270: 1831 1208 1199 341
271: 1311 1096 730 646 544 400
272: 2404 934 369
273: 2026 555
274: 2813 2075 620 599 526 510 278
275: 2003 1805 1590 1575
276: 1049 617 279
277: 1595 985
278: 1373 1129 438
279: 2434 364
280: 299
281: 1932 1590 631
282: 2483 1601 1135 1131 739 724
283: 1725 579
284: 695
285: 639 458
286: 1187 703 550
287:
288: 2664 2227 768 478
289: 379
290: 1789 327
291: 2797 2010 1901 928 355
292: 1232 976 945 623 601
293: 2802
294: 1445 349 344
295: 2512 2360 2067 1761 1320 1130 805
296: 2958 1712 1070 425
297:
298: 2505 2121 1028
299: 1899 1239 584
300: 1402 323
301: 2951 904 494
302: 1570 1233
303: 2870 1162 402
304: 2311
305: 2653 2094 1254 854 634 556
306: 2328 666
307: 2285 2260 2021 1439 1334 797 422
308: 2264 1956 743
309: 2175 969 890 883
310: 2498 1734 507 328
311: 2547 416
312: 1420 1213 1186
313: 2668 2293 1626 1540 1197 1013
314: 1684 1505 992 914 904 571 361 342
315: 2798 2632 2249 2005 1304 514
316: 1748 892 363
317: 2051 1596 662
318: 2359 1880
319: 766
320: 2842 1306
321: 2729 1692 1022 358
322: 1193 1039
323: 2924 2621 2475 1780 915 405
324: 2604 686 684 613
325: 2860 331 318
326: 1367 1221
327: 2871 2042 1361 1204 659
328: 2854
329: 2804 2475 2400 2141 2018 1961 1812 1788 786
330: 2849 2147 1954
331: 2109 953
332: 2950 2692 487 333
333: 771 728
334: 2409 393
335: 2793 2741 2529 1669 1613 1313 493
336: 1140 986
337:
338: 2373 1740 577 551 545 387
339: 350
340: 2816 1436 1340
341: 853 672
342: 934
343: 2161 1191
344: 1641 700
345: 2776 539 382
346: 2972 992 914 348
347: 448
348: 2304 1554 1374 616 607
349: 2818 2663 2594 1930 1396 859
350: 2158 1245 851
351: 904 456
352: 770
353: 628 485
354: 2635 2592 2145 714 435
355: 2175 969 883
356: 921 813 590
357:
358: 967
359: 1359
360: 2830 619
361: 2265 2153 857 428
362: 885 559 489
363: 2241 1699 582
364: 1775 1289 434 407
365: 2767 2607 1731
366: 2516 2411 2000 1784 1592 1217 395 371
367: 733
368: 2658 1836 1610 1016 535
369: 2008 1657 838
370: 1076
371: 2555
372: 1848 574 477
373: 871
374: 2172 799 445
375: 1023 752 663 608 513
376: 2101 637
377: 818
378: 2059 412 367
379:
380: 2157 1773 988
381: 2256 1310 1064 1056
382: 1950 1393 1110
383: 1411
384: 2385 2019 1899 1239 708
385: 2565 2148 2099 675
386: 2409 1556 1420 1347 1213 1186 966 909 642 523
387: 2475 1780 1699 1175 706
388: 2798 2632
389: 2358 1762 401
390: 2380 1823 1301 1272 899
391: 2029
392: 2480 1966 1378
393: 2704 961 831 687 554
394: 2630 1801 912 461
395: 1949 1450 1157 789 451
396: 1884
397: 2325 1253 1027 756 689 645
398: 2284
399: 781 633
400:
401: 2172
402: 2075 620
403: 2976 1786 1442 896 894 876 657
404: 1932 744 541
405: 1603 903
406: 2927 1449 742
407: 1978 1863 529
408: 2220 2019 1692 1682
409: 1033
410: 2529 1264
411: 2540 2112 1345 964
412: 2704 423
413: 2669 2534 2415 2362 1808 1388 1368 1271 837
414: 437
415: 2560 1751 1695 785 644
416: 2874 2668 2401 2123 1626 1223
417: 1921
418: 2049 1944 1703
419: 2591 2224 1234 1085
420: 2779 941 578
421: 1204
422: 2160 1547 761
423: 2874 2791 1412 1223 1089 737 693 444
424: 2806 2596 2469 2436 1722 1385 1294 666
425: 1912 1174
426: 2546 2156 1500 1325 488
427: 2149 432
428: 1969 1549 900 497 441
429: 1497 692
430: 573
431: 1290 1220 1095
432: 2147 1007
433: 2767 1731 1004
434: 2658 2180 2166 1921 1679 1616 943 603
435:
436: 1304
437:
438: 2446
439: 1467 1466 1133
440: 2628 2343 970 872 540 442
441: 2899 1366 1026 707
442: 2404 961 702
443: 2714 1850 502
444:
445:
446: 1278
447: 832 650
448: 2244 1602 888 877
449: 1458 863 609 524 503 484
450: 2790 1280 1266 978 468
451: 2609 1995
452: 1143 597
453: 463
454: 1020
455: 2265 515
456: 1326 1035 968
457: 2713
458: 1235 712
459: 2345 1161 1072
460: 2684 2228 908
461: 2891 1037 676
462: 1152 910 701
463: 1476
464: 2404 2297 1876 895 683
465: 1273 1021
466: 2766 592
467: 2220 466
468: 2963 2282 1745 1083
469: 2514 2234 764
470: 1654
471: 1447 1051
472: 1854 1221 462
473: 2014 1111
474:
475: 1604
476: 1642
477: 1650 1263
478: 1918 1645 1214
479: 1314 1138
480: 2960 2237 1382
481: 2285 2021 1621
482: 2281 1442 1250 593
483:
484: 2824 2271 2007 1941 1571 1140
485: 2271 1941
486:
487: 2977 2841 2466 2435 2287 1484 1146 984
488: 2422 2056 632 486 480
489: 1292
490:
491: 2514 2234
492: 1579 879 731 572
493: 1804 1566 1444 1136
494: 2216 2132 759 496
495: 1014
496: 1949 1450 741
497: 2244 1602
498: 2516 983 575 491
499: 2476 1993
500: 1123
501: 2599 1150 922 614 567
502: 2095 653 560
503:
504: 2949 1187 703 550
505: 2158 1169 1160
506: 1257 1117 1065 990 829
507: 1924 1134
508:
509: 1920 1717 975 697
510: 2318 2243 1705 669
511:
512: 2938 2880 1800 1128 886 504
513: 2128 1692
514: 2882 1757 1198 865
515: 1120
516: 1527 1421 1135 558
517: 820 517
518: 1519
519: 1894 1701
520: 2815 2263 1583 1071 655
521: 1725
522: 2677 2566 866
523: 2561 2416
524:
525: 2649 911
526: 2412 775 525
527: 2189 1655 561
528: 2320
529: 2945 2748 2501 2167
530: 2455 1819
531:
532: 2219 1409 1062
533: 2157 716 636
534: 2567
535: 1662 798
536:
537: 1488 1323
538:
539: 2372 1320
540: 2285 2021 757
541: 2465 994 740
542: 2543 1534
543: 647
544: 528
545: 1540 1013
546: 2812 2369 1319 940
547: 2829 2797 2010 1901 1635
548:
549: 891 711
550:
551: 2757 1550 1102 855
552:
553:
554: 780
555: 1922 1618 1407 1002 810
556: 1201
557:
558:
559:
560: 2889 2340 2160 2046 1915 1547 761
561: 2472 2312 2214 2102 1259
562: 2881 1886
563: 1208 1199
564: 2247
565:
566: 2450 1906 957
567: 1177 564
568: 2270 1167 1125
569: 2328 1775 1405 1170
570: 2844 2778 2755 801 690
571: 2525 2204 821 688
572: 893
573: 1852 612
574: 814
575: 1929 1903 1813 1719 1693 1260 950
576:
577: 1815 1464
578:
579: 861 846 694
580: 2152 1976 1332 651
581: 2370 1887 1164 949 917 802 713
582: 2380 1301 1272 899
583: 2976 2334
584: 2977 2466 2435 2002 1723
585: 1568
586: 2686 1864
587:
588: 641
589: 1887 1358 1164 917 713
590: 2367 2290 727 661
591: 1362
592: 2886 2532 1352
593: 2405 1098 948
594: 1573 1060
595: 1821 1807
596: 2491 2030 906
597: 758 699
598:
599: 1330
600: 2382 2264 1093 718
601: 1122 679
602: 1401
603: 2339 2082 658
604: 2114 1916 1775
605: 2684 2339 2228 2082 1895 908 795
606: 1442 1250 796
607: 2936 2671 2269
608: 2958 1836 1712 1610 935
609: 2944 2374 1943 1287
610:
611: 2740 1759 1369 1293 656
612: 2477 1194 977
613: 2024 1109
614: 2385 772
615:
616: 2790 1951 1699 1280 1266
617: 1688 1248
618: 2529
619:
620: 2559 1180 678
621: 2253 2165 860
622: 1743
623: 925
624: 1967 982 762
625: 2249 2189 1655 629
626: 2866 1124
627:
628: 2041 1375
629: 1138 745
630: 2908 685
631: 2858 2534 2362 1846 1702 1646 1368
632: 2426 2274 2247 2137 1828 1497 692
633: 2497 2000 1005
634: 2775 2194 830
635:
636: 1194 977 696 649
637: 2543 1534
638: 2643 1914 1390 748
639: 2064
640:
641: 1267
642: 1691
643: 2216 2132 1574 856
644: 2092 1202
645: 2137
646: 1031 773
647: 2936 2671 2269
648: 2814
649: 2728 1663 1585 1578
650: 1207
651: 2056 1852 1300
652:
653: 2679 2125 901 788
654: 2776 2113 2060 1251
655: 2123
656: 2307 2000 1593
657: 2725 1417 864
658:
659: 2806 2436
660: 1210
661:
662: 2849 1954
663: 2653 2094 1254 682
664:
665: 1803 1141 698
666: 998
667:
668: 2935 2616 1329 680
669: 2596 2469 1722
670: 1350
671: 2057 1053
672: 2908 2017 1704 1228 981
673: 2884 2093
674: 1952 747
675: 1613 782
676: 2625 2608
677: 2811
678: 2887 1650 1263
679: 2071
680: 1683
681: 1870
682: 2978 1735 1713
683: 2845 827
684: 1224
685:
686: 2811 1320 858
687: 1513 868
688: 1675
689: 1861 1506 1433 887 723
690:
691: 2859 2597 2174 2160 1589 1547 1474 1423 889 848 725
692: 823
693: 2191
694: 2604 1799 1459 1145
695: 978
696:
697: 1453
698:
699: 2816
700: 1916 808 705
701: 2625 2302 1843
702: 2543 2276 1595 1534 985 783
703: 1406 942
704: 2369 1341
705: 2765
706: 2589 2300 1798 1151
707: 1796 1551 1391 1079
708:
709: 2700 2305 1562 1034
710: 1365
711: 1669 826
712: 2431
713: 1794 819
714: 784
715: 750
716: 963
717: 2255 1957 1017
718: 1709
719: 929
720:
721: 1343 734
722: 2735 2618 2463 1970 1876 1395 1080 995 956 751
723:
724: 2479 2211 1561 732
725:
726: 862
727: 1685
728: 1454 1203 1029
729: 875
730: 2600
731: 2146 1866 726
732: 1544
733: 2068 1077
734: 2512 1165
735:
736:
737:
738: 2714 2308 2063 1850 1778 1543 1485 1243
739: 2738 2697
740: 1979
741:
742: 2224 1038
743: 1843 1184
744: 2261 2222 1619
745: 2177 1588
746: 2327 1888
747: 2207 1331
748: 1310 923 878
749: 2171 1643
750: 842 833
751:
752:
753:
754: 2324 1521 1488
755: 869
756: 849
757: 2972 1629 1154
758: 2231 1752 1652 1399 1286 778 767
759: 1668
760: 1682 1101 1086
761: 2421 1669 1487 1309
762: 1275
763: 1045
764:
765: 1480
766: 2074 2004
767: 2967 1818
768: 2328 1106 897
769:
770: 2009 1440
771: 2240
772: 1911 1677 1460
773: 1824 1721
774: 2407 2081 1299 971 812
775:
776: 2242
777:
778: 2547 1708
779: 2587
780: 2866 2459 1281
781: 2197 931
782: 2130
783: 1918 1645
784: 2865
785: 2891 2019 1394
786: 1073
787: 2809 2229
788: 1971
789: 2669
790:
791: 1088 834
792: 806
793: 1024
794:
795: 2813 2118 1851 1806 1437 1113
796: 2898 1546 1219
797: 1380
798: 2628
799: 2140 2088 918
800: 1997 1665 1156 1052 843 817
801: 2751 2202
802: 2756
803:
804: 1339
805: 1009
806: 1767 1640
807: 2610
808: 2816 2385 1767 1640
809: 2284
810: 2629
811:
812: 2323 1108
813: 882
814: 2544 2326 1919 1255 1241 1188 993
815: 2872
816: 1604 996
817: 2913 1742
818: 2636 2511 2183
819: 973
820: 1842
821:
822: 1387 1360
823:
824: 2635 2592 1553 1495
825: 2036 1492 1097
826:
827: 1156
828: 2576
829: 1793
830: 1994 1105
831: 2751 2619 2202 1463
832: 1040
833:
834: 2110 913
835:
836: 1099 847
837: 2037 1058
838: 1119
839:
840:
841: 2775 1319 845
842: 2177 1588 1185
843:
844:
845: 2394 1878 1462 1262
846:
847: 2434 1647
848: 2793 2741
849: 1897 1303 1025
850:
851: 1879 1779 1541 1057 1015
852: 1612 1416
853:
854:
855: 1597
856: 2602 1518 1324 1317
857: 2131 1137 939
858: 2139 1491
859: 2848
860:
861: 919
862:
863: 2676
864: 1196
865: 2911 2409 2406
866: 1586
867: 2559 1661
868: 1244 1055
869:
870:
871:
872:
873:
874: 2591 1493
875: 1783
876:
877: 1667
878: 2579 1335
879: 2659
880: 2477
881:
882: 1231 1126
883: 1355
884: 2713 1841
885: 2020
886:
887: 2335 2164 2032
888:
889: 1305
890: 2817
891: 1872 959
892: 2479 2211 1676 1561
893: 2747 1998
894:
895: 2820
896: 2250
897: 1673 1084
898:
899:
900: 2097 1802 951
901: 2802 2122 1893 1625
902: 1328 1295
903: 2960 1637
904: 2768
905: 1590 1499
906:
907: 1736 1451 960
908:
909: 2705 2105 1200
910: 2939 1563 1081
911: 2917
912: 1836 1610
913:
914: 1595
915: 2308 2063 1543 1172
916: 2858
917: 1809 1181
918: 2888 1302
919: 2889 2091 1737 965
920:
921: 2184 2080 1517
922: 989
923: 2800 2482 1222
924:
925: 2252 1479
926:
927:
928:
929:
930: 2016
931: 2859 2597 2174 1589 1522 1474 1423
932: 2754 1991 1285 1178
933:
934: 2783 2419 1933 1905
935:
936: 1996 1036
937: 1660
938: 2295
939: 2760 1706 1496
940: 1935
941: 1902 1778
942: 2135 1473
943:
944:
945: 2688 2492 2486 2339 2082
946: 1904 1115
947: 1564
948: 2636 2511 2443 2183
949: 2796 1092
950:
951:
952:
953:
954: 1909
955:
956: 2449 1533
957: 1823 1075
958: 1503 1011
959: 2467
960: 1777 1730
961: 2168 2066
962:
963: 2676 1558
964: 1838
965: 1159
966:
967: 1211
968:
969: 1066
970: 1288
971: 1939 1493
972: 2818 1930 1396
973: 2670 2568 1790
974: 1545
975: 2421 1487
976:
977:
978:
979: 2721
980:
981: 2354 1708
982: 1227
983:
984:
985: 2364 1913
986: 2149 1525
987:
988: 2443 2282
989: 2402 2301 1644
990: 1606 1225
991:
992: 2722
993: 2536 2388 1139
994:
995: 1371 1094
996:
997: 1354
998:
999:
1000: 2512 1218
1001: 1981 1475
1002: 1798
1003: 2295 2144 1830 1690 1424
1004:
1005: 2934 1229
1006: 1702 1646
1007:
1008:
1009: 1883
1010: 2414
1011:
1012: 1988
1013:
1014: 2508 1582 1410
1015: 1312
1016: 2846 2356 1428 1168
1017: 2976 2334 1877 1785
1018: 2784 2328 1845 1512
1019: 1438 1237
1020:
1021: 2108 1147
1022: 2416 1882
1023: 2924 2732
1024: 2392 1963
1025:
1026: 2287
1027: 2092
1028: 1846
1029: 1664
1030:
1031:
1032:
1033:
1034:
1035: 1386
1036:
1037: 2920 2805 1425 1327
1038: 2078
1039: 2324 1902 1521
1040:
1041: 2782 1100
1042: 1840 1284
1043:
1044: 2439
1045:
1046: 2499
1047:
1048: 2218
1049:
1050: 1972
1051: 1707
1052:
1053:
1054: 2453 1489
1055: 2781 1189
1056: 2809 2229 1333
1057: 1212 1166
1058:
1059: 1979 1530
1060: 2952 1494
1061:
1062: 1542
1063:
1064: 2919
1065: 2525 2204 1910
1066: 1753
1067: 2586 1389
1068:
1069: 2259 2116
1070: 1441
1071: 2268 1498
1072: 2050
1073: 2682
1074:
1075: 2910
1076:
1077:
1078: 2522 2317 1670 1349
1079: 2166 1679 1616
1080: 2627 2549
1081:
1082: 2232
1083:
1084: 2939 1563
1085:
1086: 1414 1316
1087: 1287 1183
1088:
1089: 2561 1865
1090:
1091:
1092:
1093: 1531 1291
1094: 1973 1698 1633
1095: 1297
1096: 2737
1097: 2966 2656 2601
1098:
1099: 2166 2028
1100: 1672
1101:
1102:
1103: 1766 1338
1104:
1105:
1106: 2400 2141 2018 1788
1107:
1108: 1443
1109: 2256 1269
1110: 2795
1111:
1112:
1113: 1552
1114: 2061 1283
1115:
1116: 1770 1397
1117: 2749 1869 1238
1118: 2369 2194 1192
1119:
1120: 2619
1121: 2786 2366 2090 2034
1122:
1123: 1856 1680
1124: 2356 2254 1428
1125: 2816
1126: 2848 2277 1746
1127: 1230
1128: 1455
1129: 2464 1833
1130:
1131: 1516
1132: 2695
1133: 1749
1134: 2248 1348
1135:
1136: 1907
1137: 2651
1138: 2763 2575
1139:
1140:
1141:
1142:
1143:
1144:
1145: 2769
1146: 1520
1147: 2344 1470 1282
1148:
1149:
1150:
1151: 1985
1152:
1153:
1154: 1764 1529
1155: 1435
1156: 1509
1157:
1158: 1376
1159:
1160: 1984 1609
1161: 1353
1162: 2759 2758 2332 1947
1163:
1164: 1537 1483
1165: 2210 1747
1166: 1468
1167: 2813
1168: 2711 2595
1169: 2264 1956
1170: 2809 2229 1539
1171: 1809 1469
1172:
1173: 1929 1903 1471
1174: 1966
1175: 1477
1176: 1392
1177: 2661 2460
1178: 2912 1896 1678
1179: 2106
1180: 2052
1181: 2736
1182:
1183:
1184: 2314
1185: 2513 2138
1186: 2352
1187:
1188:
1189: 2807 2432
1190:
1191: 2096
1192:
1193: 2253 1871
1194:
1195: 2585 1666
1196:
1197:
1198:
1199:
1200:
1201: 1370
1202: 2853 1653
1203: 1379
1204: 1608
1205: 1868
1206:
1207:
1208:
1209: 2186
1210: 2831
1211:
1212: 2535
1213: 2802
1214: 2771 2461 1337
1215:
1216: 2889 2660 2043 2035
1217:
1218: 2224
1219:
1220: 2776
1221: 2929 2006 1636 1322
1222: 1461
1223:
1224:
1225: 2379 1968
1226: 1859
1227: 2655
1228:
1229:
1230:
1231: 2940 2190
1232: 1658
1233:
1234: 2372
1235:
1236: 2694 1576
1237:
1238:
1239: 1377
1240: 2880 1628
1241: 1696
1242: 2219
1243: 2718 1700
1244: 2342 2201 1514
1245:
1246: 2208
1247: 2617 2410
1248:
1249: 2533
1250: 2685
1251: 1559 1432
1252: 2146 1866 1457 1448
1253:
1254:
1255:
1256:
1257: 2583
1258:
1259:
1260: 2689
1261: 1532
1262: 2716 1404
1263: 2067
1264: 2855
1265: 2126
1266:
1267:
1268: 2487
1269: 1873 1427
1270:
1271:
1272: 2878
1273: 1429 1408
1274:
1275:
1276: 2743
1277: 1481 1418
1278: 2056
1279:
1280:
1281:
1282: 2750 2521
1283: 2356 1732
1284:
1285: 1615
1286: 2832
1287:
1288: 2045
1289: 1490
1290: 1515
1291: 2448
1292:
1293: 1772
1294:
1295: 1555
1296: 1632 1627
1297: 2970 2322
1298: 2154
1299:
1300:
1301: 1889 1422
1302:
1303: 2280 1623
1304:
1305: 2213
1306: 2329 1502
1307: 1855
1308:
1309:
1310:
1311:
1312: 2212
1313: 2192
1314: 1928
1315:
1316: 1768 1419
1317:
1318: 2406
1319: 2537
1320: 1611
1321:
1322: 1981 1634
1323: 2906
1324: 2787 2389
1325:
1326:
1327:
1328:
1329:
1330: 1724
1331: 1565
1332: 1965 1817
1333: 1510
1334: 1511
1335: 2496 2395
1336:
1337:
1338:
1339: 2787
1340: 1940
1341: 2957
1342:
1343: 1536
1344: 2573 2572 2484
1345:
1346: 2246
1347: 1844 1567
1348: 2127
1349:
1350: 1994
1351:
1352: 1939 1671
1353: 2850 2250 1715
1354:
1355:
1356:
1357: 2394 1456
1358:
1359:
1360: 2029
1361: 2827
1362: 1656 1507
1363: 2313 1787 1718
1364: 1983 1853
1365: 1577
1366: 1638
1367:
1368: 1681
1369: 2519
1370: 1687 1686
1371: 2150 1622
1372:
1373: 2533 1931 1508
1374:
1375: 2772
1376: 2050
1377:
1378: 2346
1379:
1380: 2872 2221
1381: 1478
1382: 2225
1383: 2349
1384:
1385: 2675
1386:
1387: 1849
1388: 2974 2330
1389:
1390: 2665
1391: 1927
1392: 2084 1992
1393: 2430 2023 1900
1394: 1758
1395:
1396:
1397:
1398:
1399:
1400:
1401:
1402: 2441 1791
1403: 2973 1847
1404:
1405:
1406:
1407: 2803
1408: 2490 1744
1409: 2151
1410:
1411:
1412: 2399
1413:
1414: 2851 2696
1415: 2456
1416: 2828 1974
1417: 1937 1572
1418: 2639 2077
1419: 1898
1420: 1598
1421:
1422: 2762
1423: 2340 2046 1915
1424:
1425:
1426:
1427:
1428: 2865 1538
1429:
1430: 2888
1431: 1890
1432: 2678 2118
1433:
1434: 2423
1435:
1436: 2428 1557
1437: 1728
1438:
1439: 2721 2712 1765
1440: 1741
1441:
1442:
1443: 2179
1444: 1648
1445:
1446:
1447: 1825
1448: 2338
1449: 2523
1450: 2923 2162 1989
1451: 1760
1452: 2773 1810 1738
1453:
1454:
1455: 2065
1456: 2881 2785 2507
1457:
1458: 2696 2368
1459: 2438
1460: 2702 1651
1461: 2418
1462: 2544 1919
1463:
1464: 2226
1465: 2527 2012
1466: 1955
1467: 2607
1468: 1591
1469: 2510
1470:
1471:
1472:
1473:
1474:
1475:
1476: 2089
1477:
1478:
1479:
1480:
1481: 2951
1482:
1483:
1484:
1485:
1486: 1755
1487:
1488:
1489:
1490: 1587
1491:
1492: 1739
1493: 2459
1494: 1977
1495: 2120
1496:
1497: 2350
1498: 2786 2366 2034 1600
1499:
1500:
1501: 2382
1502: 2974
1503:
1504: 2188
1505:
1506:
1507: 2115
1508: 1936
1509: 2712
1510:
1511:
1512: 2354
1513:
1514: 2465
1515: 1674
1516:
1517: 2961
1518: 2789 1697
1519: 2048 1727
1520:
1521: 2878
1522:
1523:
1524:
1525: 2454
1526:
1527: 1827
1528: 2155
1529:
1530:
1531: 1834
1532:
1533: 2371
1534: 2826
1535: 2873
1536:
1537:
1538: 2679
1539: 2727
1540: 1892
1541: 2766 1829
1542:
1543:
1544:
1545: 1659
1546:
1547: 2820
1548: 2170 2111
1549:
1550: 1822
1551:
1552: 1835
1553: 2351
1554:
1555: 2011
1556: 1716
1557:
1558: 1711
1559: 2612
1560: 2357
1561: 1858
1562: 2978
1563:
1564:
1565: 2039
1566: 2442
1567:
1568:
1569:
1570:
1571: 1926
1572:
1573: 2752 2714
1574: 2528 1885
1575:
1576:
1577: 2667 2209
1578:
1579:
1580: 2527 1999 1714
1581: 1733
1582: 2870 2698
1583:
1584: 2639
1585:
1586:
1587: 2500 2451
1588:
1589: 2387
1590:
1591:
1592: 2079
1593: 2920 2805
1594: 2611 2381
1595: 2001
1596:
1597: 1720
1598:
1599: 2798
1600:
1601:
1602:
1603:
1604:
1605: 1811
1606:
1607:
1608:
1609:
1610: 2550
1611:
1612: 2887 1862
1613:
1614: 2666
1615: 2025
1616:
1617: 1771
1618:
1619: 2830 2548 2515
1620: 1782
1621:
1622: 2143
1623:
1624: 2470
1625: 2723 2087
1626: 2574
1627:
1628:
1629:
1630: 2640
1631:
1632:
1633: 1756
1634: 2133
1635:
1636: 2896 1754
1637:
1638:
1639: 2876 2298
1640: 2932
1641: 2223
1642:
1643:
1644:
1645: 1769
1646:
1647:
1648: 1960
1649:
1650:
1651: 2545
1652: 2849
1653:
1654: 2069
1655:
1656: 2564
1657: 1839
1658:
1659: 2217
1660:
1661: 2236
1662: 2930 1776
1663:
1664: 2843 1958
1665:
1666:
1667:
1668: 1874
1669: 2553 2086 1925
1670:
1671:
1672:
1673:
1674: 1964
1675: 2813 1945
1676:
1677:
1678:
1679:
1680: 2040 1837
1681:
1682: 2503
1683:
1684:
1685: 1973
1686:
1687:
1688:
1689: 2923
1690:
1691:
1692: 1917
1693: 2949
1694:
1695:
1696: 2708
1697: 2182
1698:
1699:
1700:
1701:
1702: 2552
1703: 1891
1704:
1705:
1706:
1707: 1860
1708:
1709:
1710: 1987
1711:
1712: 2205
1713: 2420
1714:
1715:
1716:
1717:
1718: 2196
1719: 2580
1720: 2238
1721: 2973
1722:
1723: 2353 2104
1724: 2333
1725:
1726: 2393 1975
1727:
1728:
1729: 1934
1730:
1731: 2103 1881
1732:
1733:
1734:
1735:
1736: 2365
1737:
1738: 1923
1739:
1740: 2509
1741: 2278
1742:
1743:
1744: 1875
1745: 2398 2310 2291
1746: 2053
1747: 2206
1748: 2582 2129 1959
1749:
1750: 1867
1751: 2962
1752:
1753:
1754: 2701 2531
1755: 2680
1756:
1757: 2777 2448 2108
1758: 2778
1759: 2015
1760:
1761:
1762:
1763: 2812
1764: 2972
1765:
1766:
1767: 2926
1768: 2709
1769: 2266
1770: 2960
1771:
1772: 2868 2693
1773:
1774:
1775: 2590 2117
1776:
1777:
1778: 2620
1779: 2829 2551
1780:
1781: 1962
1782:
1783: 2013
1784:
1785:
1786: 2923 2162
1787: 2717 2058 1946
1788:
1789: 2427
1790: 2038
1791: 2176
1792:
1793: 2033
1794:
1795:
1796: 2819 2599 2239
1797:
1798: 2679 2650
1799: 2625 2047
1800: 1982
1801: 2829 2814
1802:
1803:
1804: 2726 2187
1805:
1806: 1942
1807: 2877
1808:
1809:
1810: 2847
1811:
1812:
1813:
1814:
1815: 2413 2195
1816:
1817: 1986
1818:
1819:
1820:
1821:
1822:
1823: 2425 2085
1824:
1825:
1826:
1827: 2022
1828:
1829:
1830: 2495
1831:
1832:
1833:
1834: 2355
1835:
1836:
1837:
1838:
1839:
1840: 2759 2758
1841: 1990
1842:
1843: 2731
1844:
1845:
1846: 2655
1847: 2883 2200
1848:
1849:
1850: 2726
1851: 2502
1852: 2233
1853:
1854: 2273
1855: 2258
1856:
1857:
1858:
1859:
1860:
1861:
1862:
1863: 2444
1864: 2707 2433
1865:
1866: 2685
1867:
1868: 2921 2299
1869:
1870:
1871:
1872: 2429
1873:
1874:
1875:
1876: 2070 2054
1877: 2440
1878:
1879:
1880:
1881:
1882:
1883: 2072
1884:
1885:
1886:
1887:
1888:
1889:
1890:
1891: 2881
1892:
1893: 2119
1894:
1895: 2083
1896:
1897:
1898:
1899:
1900:
1901:
1902: 2173
1903:
1904:
1905: 2645
1906:
1907: 2852
1908:
1909: 2251
1910: 2446
1911: 2753
1912:
1913:
1914:
1915:
1916:
1917:
1918: 2378
1919: 2867 2437 2363
1920:
1921:
1922:
1923:
1924:
1925:
1926:
1927: 2391
1928:
1929:
1930:
1931: 2941
1932:
1933:
1934: 2728 2193
1935:
1936:
1937: 2235
1938:
1939:
1940:
1941:
1942: 2321
1943:
1944:
1945: 2606
1946:
1947: 2375
1948:
1949:
1950:
1951:
1952:
1953: 2283
1954:
1955: 2626 2337
1956:
1957:
1958: 2846
1959:
1960:
1961:
1962:
1963: 2914 2887
1964:
1965:
1966: 2315
1967: 2159
1968: 2289
1969:
1970:
1971:
1972:
1973: 2554
1974:
1975:
1976: 2309
1977:
1978:
1979:
1980: 2964
1981:
1982: 2904
1983:
1984:
1985: 2178
1986:
1987: 2488
1988:
1989:
1990: 2768
1991:
1992: 2822 2306
1993:
1994: 2933
1995: 2292
1996:
1997:
1998:
1999:
2000: 2316
2001:
2002: 2473
2003:
2004:
2005: 2203
2006:
2007:
2008:
2009:
2010:
2011: 2864
2012:
2013:
2014: 2377
2015:
2016:
2017:
2018: 2954
2019:
2020: 2457
2021:
2022:
2023:
2024: 2792
2025:
2026:
2027: 2622
2028:
2029:
2030: 2471
2031: 2262
2032:
2033:
2034:
2035:
2036:
2037: 2279
2038: 2396
2039:
2040:
2041: 2198
2042: 2603
2043: 2687
2044:
2045:
2046: 2914
2047:
2048:
2049:
2050:
2051:
2052:
2053:
2054: 2761
2055:
2056:
2057: 2734 2563
2058:
2059:
2060:
2061: 2474
2062: 2215
2063:
2064:
2065:
2066:
2067:
2068:
2069:
2070:
2071: 2286
2072: 2652
2073:
2074: 2571
2075:
2076:
2077:
2078:
2079:
2080:
2081: 2555
2082: 2808
2083:
2084:
2085:
2086:
2087: 2294
2088:
2089:
2090: 2837
2091: 2979 2319
2092: 2588
2093: 2890
2094:
2095:
2096: 2245
2097:
2098:
2099:
2100: 2931
2101:
2102:
2103: 2468
2104:
2105: 2926
2106:
2107: 2542
2108:
2109:
2110:
2111:
2112:
2113:
2114: 2562
2115: 2570
2116:
2117: 2541
2118: 2614
2119: 2257
2120: 2331
2121:
2122: 2336
2123:
2124:
2125:
2126:
2127:
2128:
2129:
2130:
2131:
2132:
2133: 2710
2134:
2135:
2136:
2137: 2452 2267
2138:
2139: 2272
2140:
2141:
2142: 2662
2143:
2144:
2145:
2146:
2147:
2148:
2149:
2150: 2584
2151: 2648
2152:
2153:
2154: 2361
2155:
2156:
2157: 2638
2158:
2159:
2160:
2161: 2303
2162:
2163:
2164:
2165:
2166:
2167:
2168:
2169:
2170: 2947
2171:
2172:
2173: 2690
2174:
2175:
2176:
2177:
2178: 2631
2179:
2180:
2181:
2182: 2417
2183:
2184:
2185: 2892
2186:
2187:
2188: 2494
2189:
2190: 2447
2191:
2192:
2193:
2194: 2341
2195: 2944
2196:
2197: 2526
2198: 2613
2199: 2633
2200:
2201:
2202:
2203:
2204:
2205:
2206:
2207:
2208:
2209: 2715
2210:
2211:
2212: 2857 2390
2213:
2214:
2215:
2216:
2217:
2218:
2219: 2524
2220:
2221:
2222:
2223: 2481
2224:
2225:
2226: 2835
2227:
2228:
2229:
2230:
2231:
2232:
2233:
2234:
2235:
2236:
2237:
2238:
2239:
2240:
2241: 2376
2242:
2243:
2244:
2245: 2581
2246:
2247: 2624 2489
2248:
2249:
2250: 2558
2251:
2252:
2253:
2254:
2255:
2256:
2257:
2258:
2259:
2260: 2823
2261:
2262: 2948 2836
2263:
2264: 2673
2265:
2266:
2267:
2268:
2269:
2270:
2271: 2616
2272:
2273:
2274:
2275:
2276:
2277:
2278:
2279: 2770
2280: 2517
2281:
2282:
2283:
2284:
2285:
2286:
2287:
2288:
2289: 2478
2290: 2801
2291:
2292:
2293:
2294:
2295:
2296:
2297:
2298:
2299: 2753
2300: 2598
2301:
2302: 2458
2303:
2304:
2305: 2699
2306:
2307:
2308:
2309:
2310:
2311:
2312:
2313:
2314:
2315:
2316:
2317:
2318:
2319:
2320:
2321: 2578
2322:
2323:
2324:
2325:
2326:
2327:
2328: 2593
2329: 2799 2703
2330:
2331:
2332:
2333:
2334:
2335: 2637
2336:
2337:
2338:
2339: 2893
2340:
2341:
2342:
2343:
2344:
2345:
2346:
2347:
2348:
2349:
2350:
2351:
2352:
2353:
2354: 2504
2355:
2356:
2357:
2358:
2359:
2360:
2361:
2362:
2363:
2364:
2365:
2366:
2367:
2368:
2369:
2370:
2371:
2372:
2373:
2374:
2375: 2742
2376:
2377:
2378: 2942 2557
2379:
2380:
2381:
2382:
2383:
2384: 2720
2385:
2386:
2387:
2388:
2389:
2390: 2691
2391: 2672
2392:
2393:
2394:
2395:
2396: 2780
2397:
2398:
2399:
2400:
2401:
2402:
2403:
2404:
2405:
2406: 2530
2407:
2408:
2409:
2410:
2411:
2412:
2413: 2683
2414:
2415:
2416:
2417:
2418:
2419: 2746
2420: 2724
2421:
2422:
2423:
2424:
2425:
2426:
2427:
2428:
2429:
2430:
2431:
2432:
2433: 2869
2434:
2435:
2436:
2437: 2922
2438:
2439:
2440:
2441: 2719
2442: 2916
2443:
2444: 2644
2445: 2894
2446: 2879
2447:
2448:
2449:
2450:
2451: 2681
2452:
2453: 2623
2454:
2455:
2456:
2457:
2458:
2459:
2460: 2617
2461:
2462:
2463:
2464:
2465:
2466:
2467:
2468:
2469:
2470:
2471: 2885
2472: 2838
2473: 2605
2474:
2475:
2476:
2477:
2478:
2479:
2480:
2481:
2482:
2483:
2484: 2969 2900
2485:
2486:
2487:
2488:
2489:
2490: 2744
2491:
2492:
2493:
2494: 2953
2495:
2496:
2497:
2498:
2499:
2500:
2501:
2502:
2503:
2504:
2505:
2506:
2507:
2508:
2509:
2510:
2511: 2654
2512:
2513:
2514: 2839
2515:
2516: 2745
2517:
2518:
2519:
2520:
2521:
2522:
2523:
2524:
2525: 2642
2526: 2968
2527:
2528:
2529:
2530: 2875
2531:
2532:
2533:
2534:
2535:
2536:
2537:
2538:
2539:
2540:
2541: 2937
2542:
2543:
2544:
2545: 2788
2546: 2928 2909
2547:
2548:
2549:
2550:
2551:
2552: 2946
2553:
2554:
2555:
2556:
2557:
2558:
2559:
2560:
2561:
2562:
2563:
2564:
2565:
2566:
2567:
2568:
2569:
2570:
2571: 2897
2572:
2573:
2574: 2975
2575:
2576:
2577:
2578:
2579:
2580: 2739
2581: 2925 2764
2582:
2583:
2584:
2585: 2907
2586:
2587: 2706
2588: 2825
2589:
2590:
2591:
2592:
2593:
2594:
2595:
2596:
2597:
2598:
2599:
2600:
2601:
2602:
2603:
2604:
2605:
2606:
2607:
2608:
2609:
2610: 2943
2611:
2612:
2613:
2614:
2615:
2616: 2794
2617:
2618:
2619:
2620:
2621:
2622:
2623:
2624:
2625:
2626:
2627:
2628:
2629:
2630:
2631:
2632:
2633:
2634:
2635:
2636:
2637:
2638:
2639:
2640: 2959
2641:
2642:
2643:
2644:
2645: 2902
2646:
2647:
2648:
2649:
2650:
2651:
2652:
2653:
2654:
2655:
2656:
2657:
2658:
2659:
2660: 2915
2661:
2662:
2663:
2664:
2665:
2666:
2667:
2668:
2669:
2670:
2671:
2672:
2673:
2674:
2675:
2676:
2677:
2678:
2679:
2680:
2681:
2682: 2952
2683:
2684:
2685:
2686:
2687:
2688: 2903
2689:
2690:
2691:
2692:
2693:
2694:
2695:
2696:
2697:
2698:
2699:
2700:
2701:
2702:
2703:
2704:
2705:
2706:
2707:
2708:
2709:
2710:
2711:
2712:
2713:
2714:
2715:
2716:
2717:
2718:
2719:
2720: 2833
2721:
2722: 2840
2723:
2724:
2725:
2726:
2727:
2728:
2729:
2730:
2731:
2732:
2733:
2734:
2735:
2736:
2737:
2738:
2739:
2740:
2741:
2742:
2743:
2744:
2745:
2746:
2747:
2748:
2749:
2750:
2751:
2752: 2905
2753: 2965
2754:
2755:
2756:
2757:
2758:
2759:
2760:
2761:
2762:
2763:
2764:
2765:
2766:
2767:
2768:
2769:
2770:
2771:
2772:
2773:
2774:
2775: 2901
2776:
2777:
2778:
2779:
2780:
2781:
2782:
2783:
2784:
2785:
2786:
2787:
2788:
2789:
2790:
2791:
2792:
2793:
2794:
2795:
2796:
2797:
2798:
2799:
2800:
2801:
2802:
2803:
2804:
2805:
2806:
2807:
2808:
2809:
2810:
2811:
2812:
2813:
2814:
2815:
2816:
2817:
2818:
2819:
2820:
2821:
2822:
2823:
2824:
2825:
2826:
2827: 2956
2828:
2829:
2830:
2831:
2832:
2833:
2834:
2835:
2836:
2837:
2838:
2839:
2840:
2841:
2842:
2843:
2844:
2845:
2846:
2847:
