1: 405 74 9 1
2: 959 768 542 515 216 60 11 7 6 3 2
3: 669 63 56 34 25 5 4
4: 223 180 78 20
5: 1264 963 742 566 272 165 151 30
6: 890 703 427 46 27 15
7: 511 332 21 12
8: 877 106 93 49 10 8
9: 563 69 19 17
10: 666
11: 1147 751 683 82 80 28 18 13
12: 1277 871 255 118 32
13: 1285 1267 1226 799 759 730 648 625 469 442 409 290 236 196 105
14: 1267 1162 987 730 290 23 16 14
15: 306 72 31
16: 1014 957 752 501 399 349 172 161
17: 928 253 37
18: 1206 1079 914 600 481 354 66 45 22
19: 918 58
20: 1175 1101 860 315 193 157 153 35
21: 1259 552 167
22: 1319 801 668 604 407 346 190 122 91 26
23: 872 361 136 111 24
24: 973 758 683 610 394
25: 1101 315 157 153 79 53
26: 1295 710 101 36
27: 563 449 333 233 192 177 97 69 29
28: 391 370 194 142 77 73
29: 1028 959 145
30: 1168 1111 704 379 83 39 33
31: 750 526 286 203 112 90
32: 433 294 95
33: 1271 427
34: 295
35: 1024 680 262 125 42 38
36: 926 845 595 528 524 372 210 197 191 140 41
37: 934 772 606 534 480 444 366 363 138 134
38: 320
39: 899 542 515 137
40: 1014 349 121
41: 449 177
42: 773 472 228 86
43: 677
44: 728 687 347 342 222 213 70 54
45: 369 259 241 108
46: 1279 709 451 240
47: 1160 280 133 92 65
48: 1147 1133 768 751
49: 188 138 134
50: 811 505 377 200 185
51: 496 282 131 50 40
52: 1248 485 84 75
53: 516 316
54: 146 62 52
55: 1180 842 744 651 609 426 219 68
56: 1014 349 51
57: 1237 102 99 55 43
58: 144 113
59: 1193 1072 1066 837 492 281 215 104 57
60: 288 156 48
61:
62: 1310 1133 1130 328 47 44
63: 547 456 169 59
64: 114
65: 1070 537 509 466 258 85
66: 744 651 609 219
67: 1057 410 123
68: 997 927
69: 668 534 472 407 366 346 190 91 67
70: 1298 1266 957 828 434 412
71: 752 237 129 94 71
72: 1304 545 529 273 260 201 98
73: 189 162
74: 212
75: 980 688 532 217 176 143 64 61
76: 1169 459 230 109
77: 1193 1072 104 89
78: 878 812 274
79: 898 178
80: 667 617 242 76
81: 845 595 588 528 140
82: 1259 552 443 160
83: 566 272
84: 156 116
85: 703 591 487 96
86: 454 87
87: 697 670 598 356
88: 1285
89: 898 115
90: 544 344 246 81
91: 641 284
92: 699 652 461
93: 1060 996 581 425 309 279 278 199 179 152 128 124 110
94: 509 466
95: 249
96:
97: 1259 649 552 103 100
98: 1075 1000 844 590 535 396 341 88
99: 1243 1227 884 804 355 256 119
100: 1311 708 285 263 211
101: 1119 789
102: 530
103: 1235 1097 1041 776 307 173
104: 958 147
105: 842 811 620 509 505 466 436 149
106: 1311 821 711 587
107:
108: 792 448
109: 529 273 260 201
110: 876 387 329 311 139
111: 1159 475 277 107
112: 362 359 198
113: 604
114: 1115 841
115: 768
116: 842 149
117: 1117 415
118: 226 202
119: 941 522 283 275
120: 184
121: 1267 1170 1052 820 371 127 117
122: 309 278 179
123:
124:
125: 1304 545 298 168
126: 186 135
127: 1285 442 236
128: 878 812 703 424 274 265 264 155
129: 1217 171
130: 1238 910 695
131: 1309 1187 401 268 130
132: 1276 1256 1040 966
133: 835 141
134: 452 271
135: 976 209
136: 882 671 166
137: 281
138: 1037 1010 748 510 489 440 439 297
139: 926 210
140: 205 120
141: 1179 873 852 850 696 632 593 519 126
142: 618
143: 408 323 207 132
144: 492 215
145: 767 635 379 148
146: 1152 1054 830 689 665 154
147: 1160 1106 756 693 183
148: 483 221
149: 949 900 337 269 158
150: 1116 1113 856 289
151: 650 599 429 414 403 150
152: 530 376 195 174
153: 750 423 369 352 259
154: 358
155: 620 436 326
156: 904 890 764 182
157: 1084 898 675 463
158: 1157 945 783 304 164
159: 915 656
160: 1258 681 339 331 321 163
161: 738
162: 1204 1143 373
163: 707 225
164: 477 247
165: 1237 941 604 522 334 303 238
166: 1073 938 896 876 305
167: 777 467 159
168: 653
169: 390 293
170: 367 204
171:
172: 296 170
173: 1284 218 187
174: 1295 710 261 214
175: 831
176: 1215 758 394 292 266
177: 956 431
178: 483
179: 976 248 175
180: 1304 1231 637 506 319 252
181: 994 568 556 503 417 220
182: 1105 453
183: 386
184:
185: 1106 693
186: 1290 944 206
187: 999 626 181
188: 1266 828 245
189: 1090 999 626 252
190: 582
191:
192: 1205 232
193: 952 388 239
194: 932 762 658 540 270
195: 982 518 381 208
196: 391 370 234
197:
198: 729 608
199:
200: 1077 961 299 244
201: 993
202: 393
203: 1202 834 787 336 325
204: 556 503 446
205: 816 251
206: 380
207: 903 314
208: 801 758 430 404
209: 869 327
210: 389 384 383 229
211: 428 375
212: 1097 1011 659 307
213: 1261 928 494 224
214: 578
215: 318
216: 358
217: 899 479
218: 1022 835 629 464
219: 649 243
220: 672 499
221: 1010
222: 1025
223:
224:
225:
226:
227: 1159
228: 777 312
229: 1319
230: 806
231: 1102 577 495 397
232: 684
233: 1308 227
234:
235: 979 517 484 324 235
236: 662 420 231
237: 538 322
238: 786
239: 1019 1012 482
240: 434 412
241: 801 378
242: 542 515
243: 752 506 457
244: 956 533 508 360
245: 257 250
246: 1180
247: 1140 1002 989 377
248: 747 521
249: 1293 554
250: 1254 760 636 416
251: 656 254
252: 1004 904 797 645
253:
254:
255: 536
256:
257: 938 615 601 574 541 526
258: 699 475 461 447
259: 300
260: 592
261: 1101 891 857 382 276
262: 1020
263: 340 291
264: 301
265: 1060 996 581 458 398
266: 1240 861
267:
268: 984 500
269: 881 550
270: 1184 858
271: 1161 691 438
272: 421
273: 957 501
274: 1263 1208 486
275: 1051 597 562
276: 1267 730 348 338 287
277: 904 764
278:
279: 1179 1168 1111 1037 850 704 696 593 519 489
280: 1034 1025 976 971 888 779 308 267
281: 910
282: 1275
283: 1223 1086 1083 351
284:
285: 1178
286: 947 374
287: 925 891 623 365
288: 891 857
289: 1215
290: 1198
291: 973 571 525 357
292:
293:
294: 378
295: 703 424
296:
297:
298: 959
299: 1311 711
300:
301: 1125
302: 1285 1256 442 313
303: 1057 849
304:
305: 330
306: 1199 310 302
307: 743 418
308: 399
309:
310: 539
311: 870 497
312: 1296 970 335
313: 818
314: 1075 1000 844 590 535
315: 471 470
316: 910
317: 647 589
318: 1169 450
319: 400
320: 580 402
321: 1231 780 637 611 523
322:
323: 796 785 774 674 507
324: 1287
325:
326: 395 317
327:
328: 983 921
329: 1037 489 440 439
330: 1194 1170
331: 1179 1023 850
332:
333: 848 727 603 588
334: 973 784
335:
336:
337: 1266 1073 896 828
338: 971 888
339: 858
340: 968 572 345
341: 1049 422
342: 1297 1050 419
343:
344:
345:
346: 1110 954 699 461
347: 1288 1286 1202
348: 435
349:
350: 1257
351: 586
352: 1312
353: 343
354: 350
355: 610
356: 353
357: 1165 656 560
358: 806 455
359: 1099 902 809 692
360: 754 585
361: 475 447
362: 437
363: 1026
364:
365: 1160 1140 989
366:
367: 411
368: 569 512 498 432
369: 690 392
370:
371: 368 364
372: 1022 413
373: 753
374:
375: 984 514 488 468
376: 1251 936 802
377:
378:
379: 976 830 665 385
380:
381: 983
382: 1271
383:
384: 904 764
385:
386:
387:
388: 937 786
389: 955 905 838 720
390: 1225 445
391: 462 406
392: 1057 849
393: 814
394: 815
395: 1230 1055 929 732 706 614
396:
397: 1014 644
398: 1041 776 725
399: 708
400: 1303 799 759 648 625
401:
402: 1059 967 960 701
403: 583
404: 763
405: 460
406: 1178 1085 803 639
407: 1180
408: 1145 745 718
409:
410: 1215 1135 1094 724
411:
412:
413: 513
414: 654
415:
416:
417:
418: 1136 491
419: 1001
420:
421: 627
422: 827 771
423:
424: 640
425: 441
426: 555
427: 1213 757 737 716 612
428: 559
429: 853 478 473
430:
431: 1048
432: 950 686
433:
434: 835
435: 1321
436: 1078 624 564
437:
438: 1107 741 663
439: 1056 474
440: 1050 988
441:
442:
443: 527
444: 1087 605
445:
446:
447: 643 502
448:
449: 1315
450: 1015
451: 1108
452: 504
453: 908 734 631 465
454: 1284 569 498
455: 705
456: 1170 1134
457: 723
458: 490
459: 991
460: 953 879 717
461: 608
462: 958
463: 1008 916
464: 782
465: 1212
466:
467:
468: 767 635
469: 622
470: 1093
471: 476
472: 867
473: 1008 916
474: 1110
475: 952
476: 997 927
477: 1284
478:
479: 924 731
480: 739 698
481: 862 769
482: 979 773 520
483: 1145 934 772 745 606 596 546
484: 603 493
485: 798 557
486: 570
487:
488: 969 892 543
489:
490: 1015
491: 877
492: 1191
493:
494: 586
495: 1235 1005
496: 1138 736
497: 1321
498: 1127 974 939
499: 875
500: 700 685
501: 553
502: 1006 722 561
503: 1081 919 833 548
504: 1013
505:
506: 838 720
507: 922 865 813
508: 567
509:
510:
511:
512: 1314
513: 794
514: 1205 778 682 549
515:
516:
517:
518: 1296 1191
519: 746
520: 1018
521:
522: 1319 1231 965
523:
524: 1305
525: 1058 607
526:
527: 994
528: 1244 885
529: 661
530:
531: 1087
532: 796 774
533: 1182 1133
534:
535:
536: 1167
537: 660
538: 584
539: 1002 791
540:
541:
542: 950
543: 907
544:
545:
546:
547: 594
548:
549: 531
550:
551: 1128
552:
553: 1184 551
554: 1207 575
555:
556: 854
557: 1203 616
558:
559: 1090 761
560: 558
561: 825
562:
563: 1043 962
564: 1273
565: 1210
566: 866
567: 897
568: 719 633
569: 1310 1130 901 842 721 573
570:
571:
572: 868
573: 621
574:
575:
576:
577: 673
578: 1134 579
579: 726
580: 576
581: 565
582: 848 727
583: 895
584: 628
585:
586:
587: 1287 655
588:
589: 1318 713
590: 1033 981
591: 1303 602
592: 1275 807
593: 715 619
594:
595: 810
596: 1194
597: 694
598: 1196 910
599: 993
600: 1296
601: 1046 934
602:
603: 1212
604:
605: 1042 972
606: 1294 770 657
607: 1036
608:
609: 646
610: 676
611:
612: 906
613: 1011 659
614: 664
615:
616: 729
617:
618: 1278
619: 1086 634
620: 880
621: 1005
622:
623: 1274 630
624:
625:
626:
627:
628:
629:
630:
631: 613
632: 781 642
633:
634: 638
635: 793
636:
637:
638: 1188
639:
640: 836
641:
642:
643: 1098
644: 903 765
645: 1268 886
646: 712
647:
648:
649:
650: 1217
651:
652: 1090
653: 1029
654: 1131
655: 855 790
656:
657: 1255
658:
659:
660:
661:
662:
663:
664: 742
665: 749
666: 974 939
667: 669
668: 977
669:
670:
671:
672: 678
673:
674:
675: 1189
676: 1206 1079 702
677:
678:
679: 735
680:
681:
682: 1219 864
683:
684: 679
685: 1272 851
686:
687: 992
688: 755
689:
690:
691: 1132
692: 1306 1245 889
693:
694: 1065 985 788
695: 1101 964
696:
697: 832
698:
699:
700: 1218 948 775
701:
702: 714
703:
704: 1117
705:
706: 843
707:
708: 1320
709: 1318 931
710:
711:
712:
713:
714: 1260
715: 894 817
716:
717: 1091
718: 1276 1040 966
719:
720: 1247 946
721: 968
722:
723: 1203
724: 823
725:
726:
727: 805
728:
729:
730:
731: 740
732:
733: 1141 933
734: 1315
735:
736:
737:
738:
739:
740:
741:
742: 808
743:
744: 1171
745:
746: 1127
747:
748: 1137
749:
750: 1064 863
751:
752:
753: 1246 1031
754:
755: 859 819
756:
757:
758:
759:
760:
761:
762: 733
763:
764: 1112
765: 1038 840
766:
767: 839 826
768: 1221
769: 824
770:
771:
772: 1236 942
773: 1007
774:
775:
776: 1295
777:
778:
779:
780:
781:
782: 795
783: 1187
784:
785:
786: 1283
787:
788:
789:
790: 766
791:
792:
793:
794: 1065 985 874 822
795:
796: 1118
797: 911
798:
799: 1214 829 800
800:
801: 1016
802:
803: 1307
804: 1228 1192 1164 887
805:
806: 1273
807:
808: 1209
809: 1248 1044
810:
811:
812: 1253
813:
814: 1173 1009
815: 1124
816: 1071 986
817:
818:
819: 1030
820: 1067
821: 1039 917
822: 846
823: 1162 987
824: 1076
825: 1278 935
826: 1122
827: 930
828: 1185
829: 1152
830: 1172
831:
832:
833:
834: 923
835: 1100 990 847
836: 1082 1003
837:
838:
839: 1265 998
840: 1238
841:
842:
843: 1017
844:
845:
846:
847:
848:
849:
850:
851: 1229
852:
853:
854:
855: 920
856:
857:
858:
859:
860:
861:
862: 913
863:
864: 909
865:
866:
867:
868:
869: 1292 1224
870: 1186
871: 1322
872:
873: 1096
874: 883
875: 1181
876:
877:
878: 1043
879:
880: 893
881: 970 912
882: 1269
883:
884:
885:
886: 1195 1121
887:
888:
889:
890:
891:
892:
893:
894:
895:
896:
897:
898:
899:
900:
901:
902: 1045
903: 1129
904:
905:
906:
907:
908:
909:
910: 1053
911:
912: 951
913:
914: 1195
915: 1068
916: 1226
917: 1092
918:
919:
920: 1027
921:
922:
923:
924:
925:
926:
927: 1168 1111
928:
929: 1144
930:
931:
932: 940
933:
934:
935:
936:
937:
938:
939:
940: 1095
941: 1103
942:
943:
944:
945:
946:
947:
948: 943
949:
950:
951: 1201
952: 1241 1047
953:
954:
955:
956: 1197
957: 1061
958:
959:
960:
961: 995
962:
963:
964: 1109 1089 1088
965: 1021
966:
967:
968:
969:
970:
971:
972:
973:
974:
975:
976:
977:
978: 975
979:
980: 1075
981:
982:
983: 1316
984:
985:
986: 1032
987:
988:
989:
990:
991:
992:
993:
994: 1035
995:
996:
997: 978
998: 1150
999:
1000:
1001:
1002:
1003:
1004: 1148
1005:
1006:
1007: 1154
1008:
1009:
1010:
1011: 1177
1012: 1146 1062
1013:
1014:
1015:
1016: 1252
1017:
1018:
1019:
1020:
1021:
1022:
1023:
1024:
1025: 1233
1026:
1027:
1028: 1104
1029:
1030:
1031:
1032:
1033:
1034: 1069
1035: 1063
1036: 1163
1037:
1038:
1039:
1040:
1041:
1042:
1043:
1044: 1156
1045: 1317
1046:
1047: 1183
1048:
1049: 1153
1050: 1239 1200
1051:
1052:
1053:
1054:
1055:
1056:
1057:
1058:
1059:
1060:
1061:
1062:
1063: 1282 1120
1064:
1065:
1066: 1166
1067:
1068:
1069:
1070: 1074
1071: 1176
1072: 1234 1080
1073:
1074:
1075:
1076: 1222
1077:
1078:
1079:
1080: 1116
1081:
1082: 1126
1083:
1084: 1280
1085: 1158
1086:
1087:
1088: 1297
1089:
1090:
1091: 1142
1092:
1093:
1094:
1095: 1301 1190
1096:
1097: 1211
1098:
1099:
1100:
1101: 1228 1192 1164
1102:
1103:
1104:
1105:
1106: 1300
1107:
1108:
1109: 1220
1110:
1111:
1112: 1272 1139
1113: 1123
1114:
1115:
1116:
1117:
1118: 1114
1119:
1120:
1121:
1122:
1123:
1124:
1125:
1126:
1127:
1128: 1249
1129:
1130:
1131:
1132:
1133:
1134:
1135:
1136:
1137:
1138:
1139: 1149
1140:
1141:
1142:
1143: 1281
1144:
1145:
1146:
1147:
1148:
1149:
1150:
1151: 1216
1152:
1153:
1154:
1155:
1156:
1157: 1232
1158:
1159:
1160:
1161: 1151
1162:
1163:
1164:
1165:
1166:
1167:
1168:
1169:
1170:
1171: 1174
1172: 1155
1173:
1174:
1175: 1250
1176:
1177:
1178:
1179:
1180:
1181:
1182:
1183: 1289
1184:
1185:
1186:
1187:
1188:
1189: 1262
1190:
1191:
1192:
1193:
1194:
1195:
1196:
1197:
1198:
1199:
1200:
1201:
1202:
1203:
1204:
1205:
1206:
1207:
1208:
1209:
1210:
1211:
1212:
1213: 1291
1214:
1215:
1216:
1217:
1218:
1219:
1220:
1221:
1222:
1223:
1224:
1225:
1226:
1227:
1228:
1229:
1230:
1231:
1232:
1233:
1234:
1235:
1236:
1237:
1238:
1239: 1313
1240:
1241:
1242:
1243:
1244:
1245:
1246:
1247:
1248:
1249:
1250:
1251: 1299 1242
1252:
1253:
1254:
1255:
1256:
1257:
1258:
1259:
1260:
1261:
1262:
1263:
1264:
1265:
1266:
1267: 1270
1268:
1269:
1270:
1271:
1272:
1273:
1274:
1275:
1276:
1277:
1278:
1279:
1280:
1281:
1282:
1283:
1284:
1285:
1286:
1287:
1288:
1289:
1290:
1291:
1292:
1293:
1294:
1295:
1296:
1297:
1298:
1299:
1300:
1301:
1302: 1302
1303:
1304:
1305:
1306:
1307:
1308:
1309:
1310:
1311:
1312:
1313:
1314:
1315:
1316:
1317:
1318:
1319:
1320:
1321:
1322:
1323:
1324:
1325:
1326:
1327:
1328:
1329:
1330:
1331:
1332:
1333:
