1: 25 2 1
2: 2127 1312 582 439 139 83 16 13 7 5 4 3
3: 2829 2649 2522 2235 939 514 437 433 364 179 140 46 36 35 26 9
4: 2792 2572 2549 2517 2447 2444 2185 938 149 115 17 11 10
5: 2947 1939 1794 1697 1331 1329 1222 1005 770 760 367 332 321 117 28 22 19 12
6: 1388 715 604 379 198 118 82 41 29 23 8 6
7: 2056 1646 152 33 32
8: 2800 2300 2122 1175 1174 1012 992 923 904 686 196 160 121 110 77 52 48 30 20
9: 2968 2729 2385 2002 1823 1563 823 638 445 358 129 122 87 65 15
10: 57 21 14
11: 2730 2499 2228 242 167
12: 2631 968 548 394 86 75 59 18
13: 2437 336
14: 766 293 158 95 51 39 24
15: 2725 1897 1825 448 378 376 373 94 76 74 38 31
16: 2012 1411 592 258 173 53 44
17: 2994 2437 652 224 187
18: 2060 80 27
19: 2993 1858 1223 924 827 43
20: 1636 539 88 62 34
21: 2499 2437 2366 2243 2128 1687 968 548 520 394 336 242 230 167 137 86 80
22: 2808 2591 1731 1284 772 658 641 563 499 73
23: 2113 1773 480 161 58
24: 2498 2233 1500 965 514 364 68 40
25: 1995 1291 1282 467 294 281 259
26: 2974 2847 2366 2243 2224 2128 1288 808 652 508 208 182 145 108 103
27: 2084 952 596
28: 1416 1270 1071 315 125 78 63 61
29: 2321 2077 1970 1866 1770 1513 280 170 97 91 37
30: 2236 663 283 273 237 218 155 64
31: 2739 307 251 172 104
32: 1432 917 42
33: 441 146 60 47
34: 2994 2400 1963 1955 1839 1811 1458 1255 762 670 576 553 532 524 348 312 285 264 55 49 45
35: 2653 331 92 50
36: 2635 2422 1964 1697 740 567 332 54
37: 2581 2361 1230 1154 130 67
38: 2224
39: 3008 1697 718 593 569 72 69
40: 1572 476
41: 2400 532 264
42: 2981 2835 509 190 135 89 84
43: 2669 1180 594 269 157 126
44: 2325 1056 880 233 111 106 56
45: 1897 1825 148 81
46: 2823 1794 1754 1382 1331 1274 1222 770 757 656 632 605 321 174
47: 2922 1634 1216 1193 998 858 674 549 366 311 270 255 225 66
48: 2783 1955 1901 1667 576 553 508 208 108 103
49: 2842 2447 2444 1571 877 688 675 350 70
50: 2625 367
51: 1086 891 504 434 388
52: 2179 2035 1500 995 816 514 364 150 100 71
53: 812 316
54: 2735 2645 2422 2350 2235 2201 2015 905 781 614 519 455 433 303 271
55: 2166 1961 732 429 229 156 93 79
56: 1016 928 619 243 120 102
57: 2695 2644 1463 1446 1120 1071 875 496 425 349 238
58: 928 619 243 188 120
59: 447 109
60: 2957 2730 1059 895
61: 1153 972 197
62: 448 376 373 94 85
63: 2575 239 128 124
64: 1811 304
65: 2823 1754 1382 1274 217
66: 1805 1629 1493 1013 882 113
67: 2201 1987 1899 1685 1474 1342 1253 789 767 640 630 614 519 231 151 101
68: 2545 2233 1383 1380 863 203
69: 807 723
70: 2074 1629 882
71: 2591 772 658 641 114
72: 1725 1022 998 683 272
73: 953 360
74: 2786 2312 1885 1881 1551 1391 1267 732 478 454 429 229 228 205 156 90
75: 2296 1185 1182 643 565 199
76: 2827 1995 1214 611 500 346
77: 1308 1178 722 638 628 445 169 144 96
78: 2116 1903 1733 1405 1176 869 734 450 165 141 112
79: 2997 2832 870 673 637 138 99 98
80: 2020 1690 1205 1063 932 223
81: 725 427 324 313
82: 2510 2233 1158 1027 645 354 276 235
83: 2797 2678 2189 1774 831 163
84:
85: 2075 1542 159
86: 3008 1579 823 718 593 569 204 189 134
87: 2668 2491 479 383 206 123
88: 2478 879 786
89: 2520 1500 1292 893 523 514 484 468 435 426 391 368 364
90: 2969 1827 1799 1578 1188 869 162 105
91: 2579 1432 1325 985 952 917 596
92: 2911 518 512 408 406 177
93: 278 136 133 116
94: 2900 2330 1904 1357 838 487 326 244 143 127
95: 2228 696 107
96: 2677 2524 2325 2263 1981 1889 1846 1828 1599 1560 1496 1424 1318 1056 934 880 771 679 663 283 273 257 237 233 220 218 155 153
97: 1886 902 672 216
98: 1163 583 178 154
99: 1484 989
100: 1715 1427 834 802 733
101: 1212 458 194
102: 2153 981 901 704 529 481 448 447 376 373 295 290 176 142
103: 1987 1474 789 767 640 630 234 131
104: 460 344 226 132 119
105: 2518 2413 999 920 381
106: 2295 1806 1496 1318 501 453 288 275 184
107: 2314 742 542 420 322
108: 2214 573 265
109: 2147 2087 809 768 403
110: 1309 1050 644
111: 1333
112: 689 375 306
113: 2636 2492 1135 746 266 180
114: 231
115: 2373 1468 477 399 210 147
116: 1086 891 700 504 434 388 302
117: 1921 1344 423 397 213 209
118: 2792 2572 2185 1903 450 309
119: 2786 2312 1881 454 205
120: 2339 1007 183 166
121: 2729 2385 1823 1563 358
122: 2756 2510 656 632 605 174
123: 1634 549 366 311
124: 2378 622 491 284 186
125: 2994 1536 1523 797 796 382
126: 1289 1199 1152 964 483 395 207
127: 459
128: 2918 2847 185
129: 1375 1076 164
130: 2447 2444 2358 1624 675 350
131: 2900 2152 1904 838 487 326 171
132: 1701 557 391 222
133: 1227 590 168
134: 1342 1253
135: 249 214
136: 2362 1643 1204 944 794 211
137: 2545 2524 2263 1955 1889 1828 1515 1497 863 576 553 348 285 201
138: 2348 2286 2066 1670 446
139: 2373 2083 319 175
140: 1882 1173
141: 1999 1864 731 503 444 308
142: 2143 2129 597
143: 2726 2437
144: 1383 1380 282
145: 927
146: 1297 525
147: 2080 386 325 296 192 181
148: 2729 2603 2385 1823 1563 739 405 193 191
149: 1753 1658 472 417 416 252
150: 2261 1832 950 318 200
151: 2564 2208 279
152: 2120 893 484 202 195
153: 1653 482
154: 2002 1846 823
155: 1763 1165 691 651 563 499 341
156: 773 726 654
157: 2827 1256 1214 456 347 320 305
158: 2166 1961 758 540 390 248
159: 2644 2386 1673 1463 1446 1202 662 624 398 330 317 277
160: 2798 1769 1748 449 374
161: 1460 1029 267 236
162: 1001 232
163: 1941 1018 906
164: 1693 421 396 291
165: 1867
166: 1619 545 543 355
167: 1990 959 221
168: 2520 2135 1292 523 468 435 426 368
169: 2360 1686 1351 1136
170: 411
171: 1922 899 356 314
172: 1536 1523 797 796
173: 2875 2723 2599 2570 2284 1831 1625 1602 1285 1128 240 212
174: 2631 930 778
175: 2529 1913 1501 1489 1438 1429 1092
176: 847
177: 428 245
178: 2845 286
179: 215
180: 2103 1124 677 297 247
181: 2695 1431 1120 875 795 404
182: 1416 1270 465 359
183: 262
184: 2524 2263 1889 1828 1515 1497 1444 462 219
185: 2649 2522 939
186: 2461 1552 1487 881 250
187: 2284 890 263 227
188: 391 222
189: 1671 1655
190: 2669 2200 1286 300 274
191: 2787 1436 241
192: 1478 556
193: 268
194: 1693 384
195: 1339 1315 730 495
196: 2559 1198 826 719 413 256
197: 2210 1585 803
198: 2922 1216 858
199: 2267 2072 1062 310
200: 1295 993
201: 1783 1648
202: 2125 1533 687
203: 1160 299 254
204: 2966 2921 2398 1942 1765 1626 1330 515
205: 1096 301
206: 1613 1116 547 410
207: 2490 1963 1615 762 312
208: 1653 1574
209: 2672 2636 1715 1705 1427 834 493
210: 466
211: 1763 1420 1165 691 651
212: 1557 914 610 551
213: 1157
214: 1900 260
215: 2728 440 385 377
216:
217: 978 900
218: 2821 2402 1635 871 790 298
219: 2534 1378 253 246
220: 1995 1939 1329 1236 1228 1005 760 724 339 292
221: 1126 994
222: 1919
223: 2398 580 533 362 352
224:
225: 2712 2337 1928 922 710 337
226: 2903 2615 2610 678 489 333 261
227: 1966 1305 1191 1163 698 616 583
228:
229: 617 419 327 289
230: 2257 1995
231: 527 443
232: 1166
233: 2644 1463 1446 662 624 526 469 442 430 401
234: 2292 1850 1206 1032 839 621
235: 2299 602 287
236: 869 370
237: 1734
238: 854 850 608 345
239: 1960 1809 1627 1058 975
240: 2526 1548 631 555 511 371
241: 2241 1023 365 342
242: 902 470 452
243: 2923 2181 1499 962
244: 2184 2120 2046 1256 860 817 798
245: 2534 1378 897 353
246:
247: 1265 369
248: 1546 1043 949
249: 2214 2201
250: 2907 2199 811
251: 2835 509 334
252: 2114 1486 1307 1168 1125 550 340
253: 2258 1169 1122 815
254: 1127 575
255: 1943 1741
256: 1640 1379 485 323
257: 3005 961 516 431
258: 2847 1135 746 361 343
259: 2794 1824 1264 1049 506
260: 2669 2200 1286 795 404
261: 2900 1904 954
262: 1102
263: 1296 1207 706 656
264: 779 579 432
265: 2792 2572 2185 804
266: 2218 1779 1385 424
267: 2368
268: 1677 438
269: 1947 1833 1011 338
270: 2911 2166 2058 1964 1961 1126 994 758 740 567 540 518 512 328
271: 787 578
272: 2472 1409 945 471
273: 2802 2350
274: 1931 1744 457 387
275: 2842 1571 877 688
276: 2829 2713 2122 1665 928 777 437
277: 1281 856 788 584 544
278: 2976 1982
279: 2441 1882 1173 613 521
280: 2832 637 537 380
281: 1753 1658 954
282: 2708 1118 926 414
283: 1411 1104
284: 2765 2562 1147 1079 907 581 329
285: 2570 1971 1940 1302 538 392
286: 1519 625 363 335
287: 2820 2713 1665 777
288: 1176
289: 2317 1885 1674 1551 1208 1162 840
290: 615
291: 1046 436 351
292: 2875 2723 2599 1831 1625 1602 1285
293: 513
294: 982
295: 977 681 407
296: 1520 846
297: 692
298: 1115 868 680
299:
300: 1596 980 874 372
301: 2356 2045 1445
302: 837 756 546
303: 1458 670 524 389
304: 1462 872
305: 2808 1759 1284
306: 2285 1541 589 510 357
307:
308: 2124 1067
309: 1555 1074
310: 2523 1590
311: 2713 1665 777
312: 1219
313: 2616 1592
314: 2214 1088 830 822 415
315:
316: 1566 1400 634 568
317:
318: 601
319: 1373 1114
320: 1846 1795 1764 1735 1717 1483 1229 655 636 591 588
321: 2543 940
322: 2831 693 488 418 412
323: 2844 558 393
324: 402
325:
326: 1186 1051 707 522
327: 876 774
328: 2534 1378
329: 2500 814 507
330: 1420 490
331: 2992 916 848 598
332: 647
333: 1760
334: 2063 1195 1087 709
335: 2610 1100
336: 2976 1579
337: 2747 1742 1605 1130 888 492
338: 705 564
339: 2968 2052 701 473
340: 2745 2707 2075 1998 708
341: 2499 2122 1633
342: 1553 690
343: 1059 895
344:
345: 905 781 517
346: 1025 805 561 494
347: 2486 1919 892
348: 2914 2580 2310 2307 1999 1864
349: 1795 1764 1229 655 588 400
350: 2826 1095
351: 1660 1263
352:
353:
354: 2276
355: 1521 806
356: 2679 836 409
357: 2756 855
358: 1332
359: 1492 1376 1328 728
360: 1561 464 463
361: 1693
362: 2919 2886 2789 2610 2554 1100
363: 2633 2517 2272 422
364: 2050 1561 1081 965 885 498
365: 2783
366: 1003 935 799
367: 2105 536
368: 2993 1612 833 585 535
369: 2295 1806 1538 1210 997
370: 903 657 475
371: 2800 1343 1326 992 686
372: 1624 947
373: 2595 2406 2338 648 560 451
374: 2359 530
375: 1907 497 461
376:
377:
378: 2955 2237 764 552
379: 639
380: 486
381: 2358 2041 1624
382: 2767 1908 1488 554
383:
384: 2547 2502 2351 2228 1750 1379 866 696
385: 2607
386: 964 505
387: 1753 1572 784
388: 1080 971 572
389: 2354 1900 1266
390: 2156 1809 1743 1161 1098
391: 1638 702
392: 1924 1448 531
393: 2658 1589
394: 1982 660
395: 2153
396: 1787 1492 1376 1328 1093 728 714
397: 2768 1313
398: 2462 1236 1228
399: 2154 974
400: 2877 2747 1742 1632 1613 1605 1047
401: 2067 933 685 659 474
402: 2093 2034 1748 1402 649 633
403: 1558 1374
404: 2240 1869 867 842
405:
406: 1682
407: 502
408: 2724 1060
409: 1977
410: 1805 1493 1305 1013 810 668
411: 2854 1982 763
412: 2216 2176 2090 1215
413: 2899 749
414: 2545 863
415: 1243 1052
416: 2165 1323 595 534
417: 1870 1851
418: 1982 1929 1231 1112 1041 660
419:
420: 2255 1146 717
421: 1876
422: 2550
423: 2478
424: 2625 2330 1357 1061
425: 1022 841 747
426: 2264 1991 1567 562
427:
428:
429: 2539 1455 1367 937 752 646
430: 800
431: 2343
432: 1829 769 694
433: 1451
434: 753
435: 2008 1090
436: 1121
437: 1094
438: 737
439: 1687 1026 743
440:
441: 2515 2119 1925 1421 1194 703
442: 1160 570
443: 1317 1009 948 716
444: 2808 1284
445: 2729 2697 1871 609
446: 2666 2644 1491 1463
447: 2695 2127 738
448: 528
449:
450: 1686
451: 1381 889 748 541
452:
453: 720
454: 2631 819
455: 2474 1593 1103
456: 2922 1450 1254 1216 1037 721 627 618 566
457: 2739 1600 1036
458: 1850 1206 1032 839 676 559
459: 2803 1920 1583
460: 2366 2243 2128 1990 1288
461: 972
462: 2830 671
463: 1213
464: 2774 1910
465: 2923 1447 661
466: 946 606
467: 1760 600
468: 2278 1683 1164
469: 2663
470: 2838 1538
471: 682
472: 1584 990 741 629
473: 1684 1310
474: 2245 1242 620
475: 2535 2283 635
476: 2299 1794 1331 1222 770 602 599
477:
478: 2531 910 792
479: 2965 2242
480:
481: 1072
482: 2366 2243 2128 1433 1288 1185 1182
483: 2918 2595 2338 925
484:
485: 2400 2036 1212 653
486: 2565 2344 2099
487: 2316 1651
488: 2091 1965 1150 750 642
489: 2620 2501 2035
490:
491: 1727 1633 1566 1400 1225 1201
492: 2469 2299
493: 2661 1527 1040
494: 835 735 574
495: 1348 1172
496: 2971
497: 2492 1768 1714 1679 832 587
498:
499: 571
500: 1390
501:
502: 2710 1210
503: 1778 955
504: 1956 1303 623
505: 2296 1364 1232 1177 1123 737
506: 2687
507: 2156 1743 1161 1098
508: 829 577
509: 1875
510: 1944 1699
511: 612
512: 1661
513: 1159
514: 1067
515: 2467
516: 2582
517: 1089 754
518: 2060 1226 1021
519: 2794 1049
520:
521: 2917 942
522: 2580 1327 1262
523: 859
524:
525: 1480 1299 1119 751 666 586
526: 1554
527:
528:
529: 2771 2546
530: 2359 2233
531: 2800
532: 1587 1534
533:
534:
535: 2130 1151
536: 1356 1117
537:
538: 2435 1791 1106 712
539: 2620 2501 1409 878 813 727 699
540: 2826 1033 824 745
541: 2450 2273 2215 713
542: 929
543: 1793 1111
544: 2309
545: 1960
546: 853 664 603
547: 1308 1178 722
548: 2776 1054
549: 1630
550: 1561 1271
551: 2810 943
552: 1481 1167 963 921
553: 2345
554:
555:
556:
557: 2909 2291 1144 918 820
558: 2802 969 607
559: 1528
560: 1549 1171
561: 2875 2723 1831 1625 1602 1438 1092
562:
563: 1539
564: 2264
565: 711
566: 1937 1510
567: 1805 1493 1013
568: 2704 2483 2036 818
569: 981 901 704
570: 1666 1240 1217
571: 2778 775
572:
573: 821
574:
575: 2718
576: 665
577: 2156 1743 802 733
578: 1507 1034 966 884
579: 851 736
580: 2502 1750
581: 973 919 626
582: 2321 2077 1866 1513
583: 2674 1321
584: 1078
585: 2663 1504 1452 1019
586: 1606 1250 1030
587: 1598 1196
588: 2234 1314
589: 2136
590: 1370 669
591:
592: 1609
593: 2621 759
594: 2044 1809
595: 2327 1526 650
596: 2913 2205 1517 1433 1039 667
597: 2492 911
598: 1844 695
599: 1943 1741 1397 828
600: 1254 1037
601:
602: 1466 1283 970
603: 956
604: 1529 785
605: 915
606: 1846 1055
607: 2722 1967 1890 1524 1372 1245
608: 1252 1130 888
609: 1790
610:
611: 2683 1987 1954 1231 1112 1041
612: 2973 2400 1426
613: 2463 684
614: 2659 2048 909
615: 2732
616: 2747 2704 2036 1742 1605 729
617: 2123
618: 2465 2375
619: 1191
620: 2696 2511 793
621:
622: 2942 2269 2174 1064
623: 1340 898
624: 697
625: 1058 975
626: 1395 1101
627:
628:
629: 1428
630: 1511 1008 896
631: 1467
632: 2934 2180
633: 2510 1311 1158 1143 845
634: 2236 1709 1659 1035 986
635: 2980
636: 2771 2546 780 761
637: 2974 1473 912
638: 2943 1631
639:
640: 2581 2361 1963
641:
642:
643: 1849
644: 2966 2921 1765 1330
645: 1679
646: 2157 1069
647: 1516
648: 2230 1700 1110 852
649:
650: 1024 755
651:
652:
653: 1865
654:
655: 2838 2819 2690
656: 2449 1345 1044
657: 886 744
658: 1817 1301 801
659: 1302
660: 2672 864
661: 2557 1820 1453
662: 1211
663:
664: 1745
665:
666: 1189
667:
668: 1447 1068
669: 2521 1338
670: 1304
671: 1399
672: 1946
673:
674: 2396 1496 1318 934
675: 1698 951
676:
677: 2113
678: 1983 908
679: 2580 2396 2300 1175 1174 1012 923 904
680: 2486
681: 2078 791
682: 765
683: 1832
684: 1413 1070 1020 776
685: 2626 2008 1381 1155
686: 2106 1203
687: 2966 2921 1786 1739 1708
688: 2261 950
689: 1134
690:
691: 1663
692: 825
693: 1644
694: 2254 865 844 782
695:
696: 2852 2578
697: 1149
698:
699: 2429 2173
700: 2709 2701
701: 2909 2291 1170
702:
703: 1450
704: 1097
705: 2364
706: 1105 1091
707: 783
708: 2625 2538 2336
709: 2780
710: 2725
711: 2890 1796
712: 2009
713:
714: 2808 1791 1580 1494
715:
716:
717: 843
718: 2738 2401 2226 2163
719: 2491 1113 861
720: 2954 1425 1006
721: 1077 1066
722: 2610 1995
723:
724: 1401 1184 849
725: 2697 1015
726: 1414
727: 2767 1908 987 958
728: 1278
729: 1324
730: 960
731: 1859
732: 2147 931
733:
734: 2745 2707
735:
736:
737:
738: 2989 2017 1218
739: 1878
740: 2735 2645 2015
741: 887
742: 2135
743: 2902 1148
744: 936
745: 1664 857
746: 2386 1879 1673 1109
747: 1852 1547 1512 873
748: 2198
749: 1000
750: 2404
751: 941
752: 2761 1862 1410
753: 1915 1619 1447 1068
754: 2882 2860 2353
755: 1261 1129 1053
756: 3000 2878 2270 2086 1057
757:
758: 1958 1622
759: 1702
760: 2634
761: 913
762:
763: 2664
764: 1115
765: 2477 2259 862
766: 2575 1438
767: 2558 2014 1197
768: 2155 1505
769: 2929 2496 2357 1502
770: 2839 1971 1940
771:
772:
773: 2764
774: 1468 883
775: 2116
776:
777: 2494 2171 983
778:
779: 2622 1597
780: 2040 957
781: 1550
782: 2065 984
783: 1233
784: 2084
785: 2406
786: 2793 2479 1980
787: 2744 1834 1610
788:
789: 1617 1545 1530 967
790: 2777
791: 2031 1905
792:
793: 2116
794: 1303
795: 2289 1369
796: 2483 1950 1133
797:
798: 2078 1809 1355
799: 1004
800: 2992 1415 1045
801: 2962 1916 1894 1038
802: 2657 1562 1449 1220 1002 996
803: 2466 1561
804:
805: 1957
806: 2845 1138 1137 988
807: 1358 894
808:
809: 2631 1917 1479 1235 1179
810:
811: 2174 1075
812: 1860
813: 2145 1107
814:
815:
816: 2246 2194
817:
818: 1084
819: 2693 1692
820: 2012
821:
822: 2109
823:
824: 2564 2208 1522
825: 1966
826:
827:
828: 2647 2192 1010
829: 1676
830: 1822 1108
831: 2818 1789 1780 979
832: 1443
833:
834: 2186
835: 2498 1757 1576
836:
837: 2929 1628
838: 2390 2038 1485
839: 2581 2361 1230 1154
840: 1377 1280
841: 1703 1423
842: 2718 2574 1945 1083
843: 1618 1334 1275 1183
844: 1407 1269 1141
845: 2652 2606 1322
846: 2995 2374 1535 976
847:
848: 1978 1573 1490 1320 1082
849:
850: 2020 1063
851:
852: 2004 1393 1237
853: 2535 2352 2283 2187 1239
854:
855: 2093 2034
856:
857: 2630
858: 1927
859:
860: 1883 1287
861: 2970 2889 2410 2305 1258 1017
862: 1645 1639 1437
863:
864: 1985
865: 2640 2368 2224 1539 991
866:
867: 2277 1131
868:
869:
870: 2706
871:
872:
873: 2657 1220 996
874: 1440
875:
876: 1934 1836
877: 2816
878: 2677 2398 1981 1560 1424 1319
879: 2491 2436
880:
881: 2966 2921 1765 1359
882: 2596 2556 2442 2003
883: 1728
884: 2049
885: 2936 1246
886: 2308 1722
887: 1792
888: 2731 1259
889: 2687 1298
890: 1335
891: 2504
892: 2323 1800 1782 1736
893:
894: 1099
895: 1268
896: 1916 1894
897: 2026 1729
898:
899: 1042
900: 2625 1061 1031
901: 1014
902:
903: 2763
904: 2904 1837 1065
905: 1422
906: 2778 1139
907:
908:
909: 2069 1620 1614
910: 2683
911: 2051
912:
913:
914: 2053
915: 2454
916:
917: 2035
918: 1260
919: 2133
920: 2387 1257 1028
921: 2905 2161 2130 1293
922: 1300
923:
924: 2589 1877 1498
925:
926: 1431
927:
928: 2805 2140 1224
929: 2255
930: 2938 2365 2121 2096
931: 2177
932: 1306
933: 1926 1272 1249
934: 2513
935: 1336
936:
937: 1048
938: 2023 1190
939: 2822
940: 2214
941: 2058
942: 2904
943:
944:
945: 1862 1543 1495
946: 1701
947: 2487 2178 1192
948:
949: 2202 2201
950: 1810
951: 2828 2614
952: 2547 2351
953: 1637
954: 2512 2459 1621 1398 1368 1156 1140
955: 2384
956: 1924 1874 1601
957: 1517
958: 1412
959: 2001 1861 1073
960: 2957 2839 2543 2428 1145
961: 2765 2562 1723
962: 1209
963:
964: 2957
965: 2626 1155 1085
966: 2833 2544 2141
967:
968: 2660 2592 2536 1848 1341
969:
970: 2151
971: 1273
972: 2857
973: 2064
974: 1537
975:
976:
977:
978:
979: 2756
980: 1876 1221 1200
981: 2895 2670 2405 2079
982: 1804
983:
984:
985: 2653 1181
986: 1784
987:
988:
989:
990: 2919 2886
991:
992: 2839 1132
993: 2146
994: 2817 1929
995: 1187
996: 2417 1349
997:
998:
999:
1000: 2630
1001:
1002:
1003: 2986 2882 2860 2421
1004:
1005: 2195
1006: 1944 1699
1007: 2221 1959
1008: 2475 2392 1932
1009:
1010:
1011: 1621
1012:
1013: 2752 1461
1014:
1015: 1735 1717 1483
1016: 1290
1017: 2201
1018: 2982
1019: 2666 1803
1020: 2745 2707
1021: 2840
1022: 1384
1023: 2062
1024: 2769
1025:
1026: 2282 2137 1982 1595
1027: 2041
1028:
1029:
1030:
1031: 1623
1032: 2593 2355
1033: 1509
1034: 2517
1035:
1036: 2960 1835
1037:
1038: 1568
1039:
1040:
1041: 1247
1042: 2756 2688 1813 1503 1465
1043: 1710
1044: 2342 1788
1045: 2791 1142
1046: 2213
1047: 1819
1048: 2880 2294 2107
1049: 1277
1050: 1525
1051: 2968
1052: 1978 1320
1053: 2720
1054:
1055: 1775
1056:
1057: 1441
1058: 2529 1913 1501 1489
1059: 2354 2022
1060: 2088 1591
1061: 1642
1062: 1821
1063:
1064: 2490 1386
1065: 2642 1678
1066: 2396
1067: 2438 2229
1068: 1702
1069: 2748
1070: 2635
1071: 1862
1072:
1073: 2774
1074: 1615
1075: 1518
1076:
1077: 2142
1078: 1366
1079: 2238 2013 1430
1080:
1081:
1082: 1363
1083:
1084: 2967
1085: 2164 2043 1435
1086: 2948 2412 1244
1087:
1088: 2098
1089: 1675 1248
1090:
1091: 2703
1092: 2906
1093: 2018
1094:
1095: 2914 2307
1096: 1737 1294
1097: 2168
1098:
1099: 1565
1100: 2603
1101: 2482
1102: 1238
1103: 2570 1705
1104: 2423
1105: 1700
1106:
1107: 2367 2191
1108: 1419
1109: 2642 1935
1110:
1111: 2464 1738
1112: 2040 1475
1113: 2633
1114:
1115: 1951
1116: 1241
1117:
1118: 2476 1830
1119: 2274 1234
1120:
1121:
1122: 2857
1123: 1696
1124: 1948
1125: 2747 1361
1126: 2662 1933
1127: 2581 2361 1482 1251
1128: 2956
1129:
1130:
1131: 2524 2424 2263 1889 1569 1456
1132: 2172
1133:
1134: 2685 1681
1135: 1276
1136:
1137: 1360
1138:
1139: 1772
1140: 2047
1141: 1875 1570
1142: 2717 1346
1143:
1144: 2897
1145: 1316
1146: 1979
1147:
1148: 2972 2699 2432 1668
1149:
1150: 2014
1151: 1371
1152: 2931 2310
1153: 2807 1408
1154: 2751
1155:
1156:
1157: 2882 2860 2353 1531 1387
1158:
1159:
1160: 2646 1797 1442
1161: 1434
1162: 1901 1667
1163:
1164:
1165:
1166: 2311
1167:
1168: 2204 1895 1279
1169: 2024
1170: 1911
1171:
1172:
1173:
1174: 2360
1175: 2660
1176: 2352 2187 1730 1506
1177:
1178: 2369 2070
1179: 1559
1180:
1181: 1577
1182: 1704
1183: 1662
1184:
1185:
1186: 2668
1187:
1188: 2184 2046
1189:
1190:
1191:
1192: 2804
1193: 1406
1194:
1195: 2506 1751
1196:
1197:
1198: 2925 2271
1199:
1200:
1201: 1337
1202: 1350
1203: 2670 2434 2405 1688 1354
1204:
1205:
1206:
1207:
1208: 1807 1353
1209: 2824 2548
1210:
1211:
1212:
1213:
1214: 1604
1215: 2579
1216: 2539
1217: 2358 1624 1389
1218:
1219: 1459
1220:
1221: 2253 1404
1222: 1863
1223: 1634 1586
1224:
1225: 2087
1226:
1227:
1228:
1229: 2252
1230: 2721
1231: 2197
1232: 1694 1556
1233: 1470
1234:
1235: 2506 1352
1236:
1237: 1695
1238:
1239:
1240:
1241:
1242:
1243:
1244: 2290 1842 1347
1245: 2056 1646
1246: 2394 1365
1247: 2872 2851 1856 1718 1394
1248: 2006 1724 1469
1249: 1454
1250: 1899 1685
1251: 3003 1872 1471
1252: 2025
1253: 2285
1254: 1719 1532
1255: 2315 1680
1256:
1257: 1418
1258: 1514
1259:
1260: 1582
1261: 2820 2489
1262:
1263:
1264: 2794
1265: 2029 1396
1266: 1912
1267: 2388
1268: 2990 2445 1656 1439 1362
1269: 2007
1270: 1476 1403
1271:
1272:
1273:
1274:
1275:
1276:
1277:
1278:
1279: 2279 1472
1280: 1727
1281: 1657 1540
1282:
1283: 1798
1284: 2205
1285:
1286:
1287: 2248 1857
1288:
1289:
1290: 2738 2401 2226 2163 1936
1291: 2142
1292: 1392
1293:
1294: 1716 1564
1295: 1996
1296:
1297: 2940 2407 1691
1298:
1299: 1873
1300: 2722 1887 1417
1301:
1302: 2156
1303:
1304: 1544
1305: 1847
1306:
1307:
1308:
1309:
1310:
1311: 2676
1312:
1313:
1314: 2324
1315: 2698 2648
1316: 2452
1317: 1464
1318: 1616
1319: 2298 1949
1320:
1321:
1322: 1677
1323:
1324:
1325: 2756
1326:
1327: 2791
1328: 2052
1329:
1330: 1827 1799
1331: 1818
1332: 2209
1333: 2779
1334:
1335:
1336: 2970 2889 2846
1337: 2863 2306 2016
1338:
1339: 2770
1340:
1341: 2987 2399
1342: 2803
1343:
1344: 2799
1345:
1346:
1347:
1348: 1947 1833
1349: 2759
1350: 2855 1785
1351:
1352: 2955 1767
1353: 2426 1713
1354: 2665 2293
1355: 2258
1356: 2399
1357:
1358:
1359: 2931 1508
1360:
1361:
1362: 1457
1363:
1364:
1365:
1366:
1367: 2372
1368: 2451
1369: 2509
1370: 1771
1371: 1747 1581
1372: 2397 1669
1373:
1374:
1375: 2940
1376: 1732
1377: 1647
1378: 1594
1379: 2850
1380: 2057 1477
1381:
1382: 2318
1383:
1384:
1385: 2540 1706
1386:
1387: 2420
1388:
1389: 2486 2011
1390: 2144
1391:
1392:
1393: 2762 1993
1394:
1395: 2073
1396: 1672
1397: 2781
1398:
1399: 1974 1853 1777
1400:
1401: 1611
1402: 2577
1403:
1404: 2877
1405:
1406:
1407: 1776
1408:
1409:
1410: 1711
1411: 2678 1712
1412:
1413: 1749
1414: 1918
1415: 2203 2139 1880 1758
1416: 2409 2212
1417: 2812
1418:
1419: 1575
1420: 2126
1421: 2646
1422: 1816
1423: 2218
1424:
1425: 2383
1426: 1840
1427:
1428:
1429: 2212 1962 1838 1720
1430:
1431: 2773 2771
1432: 1807
1433: 2533
1434: 2027
1435:
1436:
1437:
1438: 1652
1439:
1440:
1441: 2203 1758
1442: 1906
1443:
1444:
1445: 2932
1446: 2849
1447: 1855
1448:
1449: 1654
1450:
1451: 2658
1452:
1453:
1454: 2864 1812
1455:
1456: 1603
1457: 2576 2328
1458: 2945 2531
1459:
1460: 2117
1461: 2759
1462: 2865
1463:
1464:
1465: 1841
1466: 2920 2881 1984
1467:
1468:
1469:
1470:
1471:
1472: 1854
1473: 2962
1474: 2996
1475:
1476:
1477: 2693
1478:
1479: 2097
1480: 2066 1670
1481:
1482: 2925 1896 1588
1483: 1607
1484: 2150
1485: 1650
1486:
1487:
1488: 2600
1489: 2910
1490:
1491: 2814
1492:
1493: 2569 1892
1494:
1495: 2370 2148
1496: 1725
1497:
1498:
1499:
1500:
1501: 2320 1649
1502: 1993
1503: 2980 1689
1504: 2032
1505: 2335 1746
1506:
1507:
1508:
1509:
1510: 2414
1511: 2503 1740
1512:
1513: 1608
1514: 2101
1515:
1516:
1517:
1518:
1519: 2485 2102
1520: 2730 2005 1902
1521: 2431 2256 2100 1930
1522:
1523:
1524:
1525: 2030
1526: 2240 1808
1527:
1528:
1529:
1530:
1531:
1532:
1533:
1534: 2883 1997
1535:
1536: 2450 2273 2215 1641
1537: 2658 2071
1538:
1539:
1540:
1541: 2057
1542:
1543:
1544: 2670 2405
1545: 2112
1546: 2287
1547:
1548:
1549:
1550: 2588
1551: 2477 2259
1552: 2801
1553: 2641 2639
1554:
1555: 1868
1556: 1748
1557: 2977 1756
1558:
1559: 2980 2260
1560: 1755
1561:
1562:
1563:
1564:
1565: 2054
1566: 2480
1567: 2715
1568:
1569: 2217
1570: 2427
1571:
1572:
1573: 2280 1815
1574: 2055 1898
1575:
1576: 2997
1577:
1578:
1579: 2456
1580: 2415
1581:
1582: 2081
1583:
1584:
1585: 2722 1707
1586:
1587:
1588: 1802
1589:
1590: 2673
1591: 2612 2304 1992
1592:
1593:
1594:
1595: 2508 1801
1596: 1968
1597: 2118 1972 1726
1598: 2749 2621
1599: 2869
1600:
1601:
1602:
1603: 2537 2068
1604:
1605:
1606:
1607:
1608: 2042
1609:
1610:
1611: 1975 1766
1612:
1613:
1614:
1615: 1761 1721
1616: 2167
1617: 2979 2770
1618:
1619:
1620:
1621: 1781
1622:
1623:
1624:
1625:
1626: 1923
1627:
1628: 2994
1629:
1630:
1631:
1632:
1633: 2220
1634:
1635:
1636:
1637: 2301
1638: 2544
1639: 1843
1640: 2666
1641: 1888
1642:
1643: 1752
1644:
1645: 2567 1911
1646:
1647:
1648: 2376
1649: 1891
1650: 2754
1651: 2769
1652:
1653: 2935
1654:
1655:
1656:
1657: 1814
1658:
1659: 1952
1660:
1661:
1662: 2587 2244
1663:
1664: 2841 2433 2061
1665:
1666: 2220
1667: 2811 2528
1668: 1826
1669: 2507 1762
1670:
1671: 2496
1672:
1673:
1674:
1675: 2019
1676:
1677:
1678:
1679:
1680:
1681:
1682:
1683: 2347
1684:
1685:
1686:
1687: 2138
1688: 1845
1689: 2281 1953
1690:
1691:
1692: 2737
1693:
1694: 2984 2303
1695:
1696:
1697: 2262
1698: 2726
1699:
1700: 2497
1701: 1994
1702:
1703: 1909
1704: 2617
1705: 2963
1706: 2978
1707:
1708:
1709: 2796
1710: 2231
1711:
1712:
1713: 2251
1714:
1715:
1716:
1717:
1718:
1719: 2716 2462 1914
1720: 2655
1721:
1722: 2463 2360
1723:
1724: 2937 2619
1725:
1726:
1727: 2193 2040 1893
1728:
1729:
1730:
1731: 2946 2288 2188
1732:
1733: 2532
1734:
1735:
1736:
1737:
1738:
1739: 2000
1740:
1741:
1742:
1743:
1744:
1745:
1746: 2586
1747: 2887
1748:
1749: 2037
1750: 2468 2382 2249
1751:
1752:
1753: 2196
1754:
1755:
1756:
1757:
1758: 2132
1759: 2536
1760:
1761:
1762:
1763: 2182
1764: 2111 2092
1765: 2893 2095
1766:
1767:
1768:
1769:
1770: 2817 1884
1771:
1772:
1773:
1774: 2975
1775: 2322
1776:
1777: 2334
1778: 2601
1779: 2162
1780:
1781: 1986
1782: 2149
1783:
1784: 2110
1785:
1786: 2974
1787:
1788: 2222
1789: 2326
1790: 2225 1973
1791:
1792: 2381
1793:
1794:
1795: 2033
1796:
1797:
1798:
1799:
1800:
1801:
1802:
1803:
1804:
1805:
1806:
1807: 2160
1808:
1809:
1810: 2927
1811: 2664
1812: 2551 2457
1813:
1814:
1815:
1816:
1817:
1818:
1819: 2443
1820: 2085
1821: 2880 2107
1822:
1823: 2170
1824:
1825: 2488
1826: 2590
1827:
1828:
1829: 2371
1830:
1831:
1832: 2682
1833:
1834: 2541
1835:
1836: 2629
1837: 2833
1838:
1839:
1840: 2190
1841: 2094
1842: 1988
1843:
1844: 2010
1845:
1846: 2239
1847:
1848:
1849: 1989
1850: 1938
1851: 2563
1852:
1853: 2089
1854:
1855:
1856: 2039
1857:
1858:
1859: 2241
1860: 2082
1861: 1969
1862: 2755
1863:
1864: 2837 2694 2028
1865: 2679
1866:
1867:
1868:
1869: 2643
1870: 2671
1871:
1872:
1873:
1874: 2219
1875: 1976
1876:
1877:
1878:
1879:
1880: 2560
1881:
1882: 2711
1883:
1884: 2349 2076
1885: 2439 2104
1886: 2159
1887: 3001
1888: 2583
1889: 2380
1890: 2340
1891: 2608 2207
1892:
1893: 2917 2795 2319
1894:
1895: 2866
1896: 2828 2614
1897:
1898:
1899: 2391 2131
1900:
1901:
1902:
1903: 2753
1904:
1905:
1906:
1907: 2949 2892 2654
1908:
1909: 2408
1910: 2481
1911: 2265
1912:
1913:
1914:
1915: 2908
1916:
1917:
1918:
1919: 2784
1920: 2960
1921:
1922:
1923:
1924:
1925:
1926: 2873
1927:
1928: 2247
1929:
1930:
1931: 2158
1932:
1933:
1934: 2553
1935:
1936:
1937:
1938: 2848
1939:
1940: 2983 2021
1941: 2782
1942: 2211
1943:
1944:
1945:
1946: 2605
1947: 2356
1948:
1949: 2356
1950:
1951:
1952: 2332
1953:
1954:
1955:
1956: 2227
1957: 2680
1958:
1959: 2758 2115
1960:
1961:
1962:
1963:
1964:
1965:
1966:
1967: 2785
1968:
1969:
1970: 2430
1971:
1972:
1973:
1974:
1975: 2183
1976: 2059
1977:
1978: 2169
1979: 2656
1980: 2802
1981:
1982: 2448
1983:
1984:
1985: 2333
1986: 2484
1987:
1988:
1989:
1990: 2395
1991:
1992:
1993: 2393
1994:
1995:
1996: 2689 2175
1997:
1998:
1999:
2000: 3002
2001:
2002:
2003:
2004:
2005:
2006:
2007:
2008:
2009:
2010:
2011:
2012:
2013:
2014:
2015:
2016: 2418 2275
2017: 2999
2018:
2019:
2020: 2585
2021:
2022: 2692
2023:
2024: 2206 2108
2025: 2675
2026:
2027: 2341 2302
2028:
2029: 2700
2030:
2031:
2032:
2033:
2034:
2035:
2036:
2037:
2038: 2460
2039:
2040:
2041:
2042:
2043: 2425
2044:
2045: 2266
2046:
2047:
2048:
2049: 2250
2050:
2051:
2052:
2053:
2054:
2055:
2056: 2632
2057:
2058:
2059: 2346
2060:
2061: 2569
2062:
2063:
2064: 2898
2065: 2958
2066: 2561
2067:
2068: 2598 2134
2069:
2070:
2071:
2072: 2313
2073: 2594
2074:
2075: 2951 2681
2076: 2453
2077:
2078: 2458
2079:
2080: 2772
2081:
2082:
2083:
2084: 2897
2085:
2086:
2087:
2088: 2979
2089:
2090:
2091: 2257
2092:
2093:
2094: 2329
2095:
2096:
2097:
2098:
2099:
2100:
2101: 2727
2102:
2103:
2104:
2105:
2106: 2223
2107:
2108: 2566 2416
2109: 2623
2110:
2111: 2620 2501
2112: 2297 2232
2113:
2114:
2115:
2116: 2775 2571
2117: 2567
2118:
2119:
2120:
2121: 2805
2122:
2123:
2124:
2125:
2126: 2944
2127: 2419
2128:
2129:
2130:
2131:
2132:
2133: 2268
2134:
2135:
2136:
2137:
2138:
2139:
2140:
2141:
2142:
2143:
2144: 2627
2145:
2146:
2147:
2148:
2149:
2150:
2151: 2714
2152:
2153:
2154:
2155: 2411
2156:
2157:
2158:
2159:
2160:
2161:
2162:
2163:
2164: 2959
2165:
2166:
2167:
2168:
2169: 2836
2170:
2171: 2471
2172:
2173:
2174: 2952
2175:
2176:
2177: 2573
2178:
2179:
2180:
2181:
2182:
2183: 3007
2184: 3006
2185: 2809
2186:
2187:
2188:
2189:
2190:
2191:
2192:
2193:
2194:
2195:
2196:
2197:
2198:
2199:
2200:
2201:
2202:
2203: 2440
2204:
2205: 2879
2206:
2207:
2208:
2209: 2377 2363
2210:
2211: 2650
2212:
2213: 2867
2214: 2806
2215:
2216:
2217: 3009
2218: 2389
2219:
2220: 2530 2331
2221:
2222:
2223:
2224: 2473
2225:
2226:
2227:
2228:
2229:
2230: 2746
2231:
2232: 2896
2233:
2234:
2235:
2236:
2237:
2238:
2239: 2939
2240:
2241:
2242:
2243:
2244:
2245:
2246:
2247: 2846
2248:
2249:
2250: 2493
2251:
2252:
2253: 2379
2254:
2255:
2256: 2724
2257:
2258:
2259:
2260: 2602
2261:
2262:
2263:
2264:
2265:
2266: 2843
2267:
2268: 2470
2269:
2270:
2271: 2584
2272:
2273:
2274:
2275:
2276:
2277:
2278:
2279:
2280:
2281:
2282:
2283:
2284:
2285:
2286:
2287:
2288:
2289: 2720
2290:
2291: 2813
2292: 2446
2293:
2294: 2403
2295:
2296: 2705
2297: 2861
2298:
2299: 2916 2874
2300:
2301:
2302:
2303:
2304:
2305:
2306:
2307:
2308: 2853 2743
2309:
2310: 2742
2311:
2312:
2313: 2834
2314:
2315: 2884
2316: 2495
2317:
2318: 2926
2319:
2320:
2321: 2552
2322:
2323:
2324:
2325:
2326:
2327:
2328:
2329: 2964
2330: 2750
2331: 2455
2332:
2333:
2334: 2702
2335:
2336: 2733
2337:
2338:
2339:
2340:
2341:
2342:
2343:
2344:
2345:
2346:
2347:
2348:
2349:
2350:
2351: 2613
2352: 2936
2353:
2354:
2355: 2953
2356: 2568
2357:
2358: 2901
2359:
2360:
2361:
2362:
2363: 2757 2684 2525
2364: 2542
2365: 2589
2366:
2367:
2368:
2369:
2370:
2371: 2859
2372:
2373:
2374: 2876
2375:
2376:
2377:
2378:
2379:
2380: 2505
2381:
2382:
2383:
2384:
2385: 2821
2386:
2387:
2388:
2389: 2519
2390:
2391:
2392:
2393:
2394:
2395:
2396:
2397:
2398:
2399:
2400:
2401:
2402:
2403:
2404:
2405:
2406:
2407: 2736
2408: 2924
2409:
2410:
2411:
2412:
2413:
2414:
2415:
2416:
2417:
2418:
2419:
2420: 2824
2421:
2422: 2609
2423:
2424: 2611
2425: 2734
2426: 2719
2427: 2691
2428:
2429:
2430:
2431: 2555
2432: 2516
2433: 2514
2434:
2435: 2527
2436:
2437:
2438: 2741
2439:
2440:
2441:
2442:
2443:
2444:
2445:
2446: 2618
2447: 2871
2448: 2686
2449:
2450:
2451:
2452:
2453:
2454: 2604
2455:
2456:
2457: 2667
2458: 2884
2459:
2460:
2461:
2462:
2463:
2464: 2637
2465:
2466:
2467:
2468:
2469:
2470: 2760
2471:
2472:
2473: 2894
2474:
2475:
2476:
2477:
2478:
2479:
2480:
2481:
2482:
2483:
2484:
2485:
2486:
2487:
2488:
2489:
2490:
2491:
2492:
2493:
2494: 2947
2495:
2496:
2497:
2498:
2499:
2500:
2501:
2502:
2503:
2504:
2505:
2506:
2507: 2998
2508:
2509:
2510:
2511:
2512:
2513:
2514: 2624 2597
2515:
2516:
2517:
2518:
2519: 2628
2520:
2521:
2522:
2523:
2524: 2888
2525:
2526:
2527:
2528:
2529:
2530: 2651
2531: 2930
2532: 2933
2533:
2534:
2535:
2536:
2537:
2538:
2539:
2540:
2541:
2542: 2766
2543:
2544:
2545:
2546:
2547:
2548:
2549:
2550:
2551:
2552:
2553:
2554: 2638
2555:
2556:
2557:
2558:
2559:
2560: 2912
2561:
2562:
2563:
2564:
2565:
2566:
2567:
2568:
2569:
2570:
2571:
2572:
2573:
2574: 2815
2575:
2576:
2577:
2578:
2579:
2580:
2581:
2582:
2583:
2584:
2585:
2586:
2587: 2985
2588:
2589:
2590:
2591:
2592:
2593:
2594:
2595:
2596:
2597:
2598: 2941 2740
2599:
2600:
2601:
2602:
2603:
2604:
2605:
2606:
2607:
2608:
2609:
2610:
2611:
2612:
2613:
2614: 2928
2615:
2616:
2617:
2618:
2619:
2620:
2621:
2622:
2623:
2624:
2625:
2626:
2627:
2628:
2629:
2630:
2631:
2632: 2858
2633:
2634:
2635: 2988
2636:
2637:
2638:
2639:
2640:
2641:
2642:
2643:
2644:
2645:
2646:
2647:
2648:
2649:
2650:
2651:
2652:
2653:
2654:
2655: 2790
2656:
2657:
2658:
2659:
2660:
2661:
2662:
2663:
2664:
2665:
2666:
2667:
2668:
2669:
2670:
2671: 3004
2672:
2673:
2674:
2675:
2676: 2885
2677:
2678:
2679:
2680:
2681:
2682:
2683:
2684:
2685: 2788
2686:
2687:
2688:
2689:
2690:
2691:
2692: 2915 2825
2693:
2694:
2695:
2696:
2697:
2698:
2699:
2700:
2701:
2702:
2703:
2704:
2705:
2706:
2707:
2708:
2709: 2862
2710:
2711:
2712:
2713:
2714:
2715: 2961
2716:
2717:
2718:
2719:
2720:
2721:
2722:
2723:
2724:
2725:
2726:
2727:
2728:
2729:
2730:
2731:
2732:
2733:
2734:
2735:
2736:
2737:
2738:
2739:
2740:
2741:
2742:
2743:
2744:
2745: 2870
2746:
2747: 2868
2748:
2749:
2750: 2891
2751:
2752:
2753:
2754: 2856
2755:
2756:
2757:
2758:
2759:
2760:
2761:
2762:
2763:
2764:
2765:
2766:
2767:
2768:
2769:
2770:
2771:
2772:
2773:
2774:
2775:
2776:
2777:
2778:
2779:
2780:
2781:
2782: 2991
2783:
2784:
2785:
2786:
2787:
2788:
2789:
2790:
2791:
2792:
2793:
2794:
2795:
2796:
2797:
2798:
2799:
2800:
2801:
2802:
2803:
2804:
2805:
2806:
2807:
2808:
2809:
2810:
2811:
2812:
2813:
2814:
2815:
2816:
2817:
2818:
2819:
2820:
2821:
2822:
2823:
2824:
2825:
2826:
2827:
2828:
2829:
2830:
2831:
2832:
2833: 2950
2834:
2835:
2836:
2837:
2838:
2839:
2840:
2841:
2842:
2843:
2844:
2845:
2846:
2847:
2848:
2849:
2850:
2851:
2852:
2853:
2854:
2855:
2856:
2857:
2858:
2859:
2860:
2861:
2862:
2863:
2864:
2865:
2866:
2867:
2868:
2869:
2870:
2871:
2872:
2873:
2874:
2875:
2876:
2877:
2878:
2879:
2880:
2881:
2882:
2883:
2884:
2885:
2886:
2887:
2888:
2889:
2890:
2891:
2892:
2893:
2894:
2895:
2896:
2897:
2898:
2899:
2900:
2901:
2902:
2903:
2904:
2905:
2906:
2907:
2908:
2909:
2910:
2911:
2912:
2913:
2914:
2915:
2916:
2917:
2918:
2919:
2920:
2921:
2922:
2923:
2924:
2925:
2926:
2927:
2928:
2929:
2930:
2931:
2932:
2933:
2934:
2935:
2936:
2937:
2938:
2939:
2940:
2941:
2942:
2943:
2944:
2945:
2946:
