1: 283 105 33
2: 2179 1483 350 274 257 235 77 38 20 18 11 7 3 2 1
3: 2491 2321 1162 948 887 850 706 592 490 350 274 268 257 235 167 166 139 77 65 45 27 12
4: 2650 2627 1503 588 36
5: 2587 2073 1093 341 256 177 82 25 19 5 4
6: 6
7: 2679 2173 1373 1171 61 60 41
8: 1157 785 66
9: 2288 2280 2233 1592 1475 1231 878 488 431 150 69 26 21 10 8
10: 2637 1641 1479 1072 1053 795 399 161 14 9
11: 2526 2433 2272 1886 1368 689 282 231 190 115 108 29 13
12: 321 296 128
13: 1939 221 64 24 16 15
14: 222 91
15: 2369 1729
16: 2637 1641 1479 1462 1299 1072 1053 795 285 278
17: 2694 2680 1169 227 134 17
18: 399 161 52
19: 2271 1835 1395 1335 1258 549 488 383 345 232 195 141 81 23
20: 828 111 32 30
21: 1349 608 392 95 34
22: 2474 1568 168 28 22
23: 1269 970 902 109 40
24: 1579 777 754 478 334 181 162 78 76
25: 2570 1280 1039 689 596 493 282 231 207 108
26: 1122 538 101 58 46
27: 776 770 722 644 338 37
28: 1257 874 645 523 236 132 31
29: 2015 1162 887 706 125 39
30: 840 685 571 127 84
31: 1337 537 359 228 137
32: 839 796 402 297 203 80 67 35
33: 1981 1969 1774 1764 1490 1297 730 304 300 59 43
34: 1835 1807 1793 843 339 330 252 112 106 49
35: 898 258 62
36: 501 90 48 47
37: 2016 1784 1631 1321 1028 733 615 527 201 85
38: 2203 1013 854 819 610 530 260 254
39: 2535 1879 1540 1413 1365 764 142 97
40: 1974 1665 284 63 54
41: 493 207
42: 1374 555 553 452 51
43: 165
44: 2330 2303 217 42
45: 2328 1299 285 278 71 53
46: 1447 1419 750 415 147 44
47: 2477 1631 1427 1321 1028 527 430 290 201 160 74 72
48: 1447 1419 750 415 398 163 107 104
49: 2395 2194 446 355 241 174 130 88 55 50
50: 2217 1051 346
51: 965
52: 2280 1592 878 431 150 69 56
53: 2491 2377 2180 850 655
54: 1669 1576 1573 1149 645 523 180 172
55: 1025
56: 1943 1569 1411 1009 388 366
57: 843 651 339 330 252 206 197 194 89
58: 2253 1839 1821 1380 952 835 450 394 118
59: 1628 1546 533 405 184 140 102 57
60: 712
61: 2603 1831 1717 1526 1442 985 793 289 267 94
62: 2694 2680 2280 1922 1614 1592 1435 1394 1178 1169 1104 993 964 909 878 701 431 69 68
63: 1013 819 610 530 254
64: 502 245 119
65: 973 387 123 73 70
66: 2294 543 312
67: 1229 153 146
68: 2637 2217 1641 1479 1072 1053 1051 977 942 795 594
69: 2587 1093 341
70: 1668 980 126
71: 1675 408 324 178
72: 2329 430 290 160 103 93 92
73: 326 273 99
74: 2588 681
75: 2430 1581 904 549 421 383 275 195
76: 2560 920 247
77: 2650 2615 2130 1503 1130 753 588 453
78: 2421 2321 1313 948 592 268 167 166 139
79: 1895 1398 1150 917 703 698 458 175
80: 1763 1444 967 940 372 340 75
81: 1274 1121 485 113
82: 2477 1427 116 79
83: 915 646 87
84: 2694 2680 2466 2011 1169 973 628 566 504 387 351 315 288 227 202 134 120
85: 2255 2093 2055 2010 1708 1533 1098 875 775 309 185 182
86: 1579 754 181 158
87: 1831 1780 792 705 401 117
88: 1207 86
89: 1463 225
90: 2159 771 171 149 83
91: 2093 1404 182
92: 2377 655 187
93: 1619
94: 783 100
95: 1905 1514 686 373
96: 2011 1887 1788 1639 1162 887 706 628 315 288 202 96
97: 2687 743 449 435 98
98: 2404 1939 627 348 329 121
99: 1485 1374 1171 651 638 555 452 197 194
100: 1324 574 514 513 189
101: 2655 2048 1900 1808 1703 1239 199 157 131 110
102: 1547 550
103: 1775 1495 808 603 249
104: 900 441 375
105: 2704 2092 593
106: 2566 2032 1632 524 319
107: 692
108: 509
109: 1098 875 860 775 185
110: 2429 1462 1349 1021 1013 915 819 646 610 530 392 254 176
111: 2351 2008 1572 1423 1333 607 244 192 152 136 114
112: 2483 313 169
113: 830 499 417
114: 2016 1986 1784 1463 553
115: 2120 2079 2018 1653 374 281 280 262 210 179
116: 1826 1497
117: 2564 2437 1694 1379 1356 1168 694
118: 1909 1766
119: 154
120: 2139 442 352 328 243 151
121: 2035 1480 447 135
122: 1267 1219 423
123: 1855 465 353
124: 1878 1748 1507 1429 342 148
125: 2580 2043 1630 760 233 220 159
126: 2491 733 188
127: 511 292 250
128: 1785 1387 757 675 212 124
129: 2627 575 497
130: 860 311
131: 2383 1917 1862 1757 1678 1009 725 664 362 306
132: 2271 1395 1335 1258 345 232 144
133: 716 122
134: 1632 524 138
135: 2315 2279 1613 778 263 238
136: 2694 2680 2634 2466 2461 1480 1190 1169 541 501 378 227 133
137: 2708 1008 640 382 322 302 129
138: 2461 1190 671 570
139: 1184 810 673 385
140: 959
141: 2382 784 445
142: 1582 1019 690 310 164 155 145
143: 1356 1168
144: 720 542 463
145: 904 421 275 143
146: 2570 2421 1173 1089 1039 911 808 603 335
147: 2371 1893 1745 1159 978 662 649 556 525 259
148: 1769 717 248 214
149: 191
150: 2272 1886
151: 2430
152: 2568 196
153: 844 618
154: 1138
155: 1658 1528 1262 960 851 440 251 170
156: 2115 567 369 173
157: 1043 480
158: 1593 1456 534 266 204
159: 1649 1261 1226 558 516 198
160: 744 629 459
161: 2223 1593 534 266 204
162: 2255 2010 769 637 467 424 286 156
163: 2596 357
164: 2686 2387 2011 1995 1281 1223 628 616 535 186
165: 1058 1016 510
166: 1674 271 230
167: 2564 1694 694 213 183
168: 1831 705
169: 1581
170: 193
171: 977 942 594 474 457
172: 604
173: 1186
174: 586
175: 1390 1216 667
176: 681
177: 488
178: 657 484 461
179: 1918 536
180: 2040 1485 638
181: 279 229 216
182: 559 496 420
183: 1124 934 742
184: 1720
185: 2047
186: 1643 1530 1303 941 903 817
187: 2681 1851 1507 1456 1429 912 905 659
188: 2360 1765 1414 631
189: 2176 877 756 687 413
190: 2645 708
191: 2379 1542 1312 1059 791 294
192: 2706 224
193: 2159 314
194: 2125 1969 209
195: 1670 1472 647 475
196: 2596 2073 1750 414
197: 2636 320 303 219 208
198: 2563 2448 2320 1933 1794 1371 1103 1091 1073 974 562 215 200
199: 2605 1932 1076
200: 2705 2035 1481 720 542 463 270
201: 938 460 371 272
202: 1471
203: 2461 1157 1154 1114 1037 785 654 609 471
204: 1292 205
205: 2679 2173 1373
206: 1332 572
207:
208: 2213 1626 1081 979 802 772 521
209: 2227 2178 2103 1969 1848 1315 1137 508 412 384 376
210: 1576
211: 2497 2058 1582 1555 1454 1399 1182 1181 584 317 307
212: 1782 1095 809 724 360
213: 2431 1858 794 419
214: 1456 1254
215: 1477 983
216: 293 223
217: 358
218: 552 246
219: 1817 617 368
220: 1923 1208 982
221: 858
222: 1851 1280 905 596 393
223: 226
224: 1758 211
225: 2254 2198 2029 585 354
226: 1669 1149
227: 1888
228: 1167 308 264 239
229: 665
230: 2544 1957 1152
231: 1859 361
232: 2637 2130 1641 1479 1072 1053 795 453
233: 1303 941 903 636
234: 1197 469
235: 261 218
236: 725 664 269 253
237: 2601 255
238: 2533 1887 1787 1639
239:
240: 2357 739 470 325 316 237
241: 1120 298
242: 1009 891 690 554
243: 1933 451 391
244: 876 331
245: 1264 996 553 234
246: 2458 2359 1129 741 491 277
247: 1611 1468 820 287
248: 1969 304 300
249: 2350
250: 2422 2376 1687 1597 349
251: 788 386
252: 2403 1244 1118
253: 2356 1975 1368
254: 2564 2168 1403
255: 2591 2062 1742 1649 1261 1226 841 813
256: 2099 1614 1206 1178 583 564 481 305 242
257: 1014 888 852 798 684 547 517
258: 1004
259: 2708 1930 1008 871 660 640 370
260: 2507 2493 2355 240
261: 1388 299
262: 2653 697
263: 2090 1608
264: 1141 418
265: 1856 1624 881 774 426 276
266: 1671 472 301
267: 2475 265
268: 2359 2288 1475 1231 958 625
269: 1722
270: 1579 1245
271: 2379 922 612 364
272:
273: 2414
274: 2638 2305 2210 456 409 337
275: 2268 2169 1953 859 318
276: 968 855 494 468
277: 356
278: 1146
279: 2612 1445 1082 546 515 407
280: 1968 1853 645 523
281: 1529 1187
282: 2488 2257
283: 2142 1406 789
284: 2615 1851 1130 905 333
285: 2431 2344 1858 1607 1344 1342 799
286: 2655 2048 2011 628 551
287: 1091
288: 1968 1853 1189 1135 404
289: 1272 1210 812
290: 2411 591
291: 1047 580 563
292: 1105 635
293: 2320 1371 562
294: 1936 295
295: 1283 707
296: 2322 2105 332
297: 559 496
298: 1507 1429
299: 2686 1995 1552 1077
300:
301: 2037 1222 957 291
302: 1805 438
303:
304: 1294 1044 913 422
305: 1693 1563 949 919
306: 691 576
307:
308:
309: 1666 816
310: 866 776 770 722 644 338
311: 1697 1519 634
312: 2411 735
313: 1152 963 336 327
314: 2515 641
315: 2570 1039
316: 2556 801
317: 2130
318: 1821 1380 952 462
319: 781 623 614 425
320: 2676 2474 2299 1451
321: 406 365
322: 2530 1721 1652 1614 964 909
323: 2592
324: 2431 1858
325: 727 477
326: 2176
327: 1011 343
328: 1997 1948 611
329: 726
330: 2180 1628 533 405 347
331: 2578 2535 2316 1896 1540 598
332: 1674 1643
333: 2585 2175 1250 992 961 323
334: 2368 2006 1424
335:
336: 2136 737 377
337: 1114 654 609 454
338: 2447 1116 380
339: 1936 1268
340: 1557 1422
341: 2405 747 381
342: 2229
343: 2413 2187 1210
344: 1238
345: 486
346: 2184 1919 395 367
347: 1481 738
348: 695
349: 2693 2312 621 600 344
350: 893 765 648 396
351: 2479 1831 1337
352: 2552 2493 1930 1691 1147 895
353: 1379 403
354: 2452 2067 532
355:
356: 1154 752
357: 1409 1211 619
358: 1424 557 397
359: 1247 520
360: 2620 1721 1565 1243
361: 2550 2468 907 700 540 416
362: 2329 933
363: 2087 1872
364: 803
365: 2283 653
366: 1934 1915 1903 1518 606 531
367: 2539 1240 436
368: 379
369: 2455 1282
370: 2461 1190 671 448
371: 1816 1317 500
372: 587 487
373: 1058 1016
374: 2587 2147 759 427
375: 483
376: 824
377: 711
378: 2215 831
379: 891 554
380: 2646 1723 1092
381: 1460 1452 897 696
382: 978 662 525 389
383: 2673 2489 1777 1633 1618 1582 1554 565 539
384: 2399 2056 1795 1309 782 749
385: 518
386: 2671
387: 1690 1151 519
388: 1805 626 363
389: 1711 1676 1079 976 889 805 437
390: 1273 1198
391: 1194
392: 1788 1780 434
393: 932 761 679
394: 1943 1411
395: 1868 922 612 432 411
396: 2103 508 428
397: 577
398:
399: 2379 1312 1096 779 400
400: 1755 674 561
401: 2645
402:
403: 1860 1425 390
404: 969 498
405: 1628 710
406:
407:
408: 2352 2251 2238 1417 721
409: 1796
410: 482
411: 2438 928 495
412: 1176
413: 444
414: 1517 568
415: 837 787
416: 1344 1342 1117 507
417: 1824 455
418: 2180
419: 1917 1862 1693 1563 949 919
420: 2637 1641 1479 1366 1126 1072 1053 846
421: 979 772 410
422: 2379 2062 827 443 433
423: 2612 1892 1177 639 590 492
424: 714
425: 1839 1020
426: 1649 1261 1226 882
427: 2282 864
428: 1715 429
429: 2488 1971 1615
430: 2180 1816 503
431:
432: 2466 2260 811 506
433: 1552 666
434: 786 545
435: 489
436: 1127
437: 2383 1857 1757 1678 1654 1547 953
438: 2307 1034 1030
439: 1498
440: 2598 1136
441: 505
442:
443: 2284 1877 1705 1512 1465 1319 622
444: 1754 1446 439
445: 1921
446: 2120 1653
447: 1454 1182 1181 476
448: 2589 718 464
449: 1913
450: 2320 1371 734
451: 1894 1101 732
452:
453:
454: 731 663
455: 1061 579 573
456: 2589 1894 1101 732
457:
458: 2615 1130 753
459: 2277 636
460:
461: 2574
462: 879 800 643
463: 512
464: 1673
465: 1924 1402 1213 466
466: 2239 1825 1473 1434
467: 2458
468: 677
469: 473
470: 2142 1517 818 529
471: 2215 1655 826
472: 2575
473: 2233 863 569
474: 2618 2426
475: 1398
476: 797
477: 1404
478: 2136 2036 2028 1871 526
479: 2407 1439 595 589
480: 2293 1538 1405
481: 989 853
482: 2394 2023 1377 1298 633
483: 944
484: 924 807
485: 2289 1062
486: 2534 1372 1225 582
487: 1045 522
488:
489: 2381
490: 1549 479
491: 1895 1150 703 698
492: 1477 983
493: 2000 1973 1799 1274 528
494: 2394 1001 972 925 656
495: 1606 1284 1218
496: 1971 923 857
497: 1648
498: 2095 1505 1052 729
499: 1024 937
500: 935 544
501:
502: 1188 1040
503: 2570 670
504: 1586 832
505: 930
506: 1131 867
507: 2500
508: 866
509:
510: 1232 862
511: 2062 1241 868 827
512: 2202 815
513:
514: 1921 1012
515:
516: 1558 1393 1204 642
517: 1636
518: 1887 1639
519: 2254 2198 2029 585
520: 2316 2283 1896
521: 1643 1254 817
522: 829 560
523:
524:
525: 1809
526: 745 548
527: 2522 1772 1541 1094 1048
528: 2392 2176
529: 719
530: 581
531: 1944 1879 1336 1075 1005
532: 1247 987
533:
534: 597
535: 1341 599
536: 2415 2171
537: 2550
538: 1148 1142
539: 910
540: 1158 676
541: 1569
542:
543: 1007
544: 2535 1540 723
545: 880
546:
547: 1588 1553 1255
548: 2432 1330
549: 2503
550: 1430 1000
551: 2102
552: 2521 2222 1458 1426 1121 613
553: 1684 899 578
554: 1976 1510 838 709
555:
556:
557: 1550
558: 1251 678
559: 2487 2413 2187
560: 1930
561: 1233
562: 2674 2119 1180 669
563: 1788 1457
564: 605
565: 2419 1989 1841 1358 751
566: 1774
567: 2649 2390 2275 1660 1388
568: 2232 966 823 630
569: 2455 602
570: 683
571: 2058 1399 1111
572: 2337 2004 1815 1667
573: 2319 1843 1397 650
574: 2440 2081 1832 1139
575: 2440
576: 2660
577: 2673 2157 2057 1618
578: 1565 758
579: 1432
580: 2614
581: 1808 1703 1239
582: 2268 736 624
583: 2605
584: 1558 1393 642
585: 2050
586: 1894 1526 1442 1101
587: 2235 988
588: 2517 2185 1822 1428 652
589: 2463 1491 1467 688
590: 1600
591: 2591 2499 2465
592: 2202
593: 1879 1336 1075
594: 2472 1242 601
595: 1732 699
596: 1868 1446 1353
597: 1280 780
598: 2055 1708 682
599:
600: 1912 946
601: 1963 861
602: 1983
603:
604: 1622
605: 2660 2497 1555
606: 1804
607: 2524 2163 1946 892 773
608: 1391 755
609: 1249
610: 2073
611: 1610 658
612: 1433
613: 2336
614: 1496
615:
616: 2000 1799 1236 632
617: 2310 1015
618: 1721 822
619: 1894 1140 951 836
620:
621: 2069
622: 740 620
623:
624: 1438 1308 713
625: 1751 1070 763
626: 2175 1250 992 961
627: 2596 2595 2350 2164 2042 1949
628: 2165 1026
629: 2003 1584 704
630: 2356 1975 1192
631: 1750
632: 1697
633: 2424 1829 1728
634: 1988 768 680
635: 2416 1521
636: 2412 1267 1219 906
637:
638: 1407 1215 1108 856 702
639:
640: 2266 1603 1506
641: 2122
642: 1435 1104 993
643:
644:
645: 1867 661
646: 2501 1364
647:
648: 2648 1947 1810
649: 2615 2380 1714
650: 2006
651: 2682
652: 2433
653: 2292
654: 2142
655: 1582 1019
656:
657: 2492 1607 890
658:
659: 1683
660: 1745 728
661:
662: 1296
663:
664: 1074 849 672
665: 1421
666: 2612 1445 1082
667: 2356 1975
668:
669: 1389 1287
670: 1827
671:
672: 1034
673: 1450 668
674: 1340 766 693
675: 2474 2263
676: 2091 2055 1708 1547 1440
677: 1241
678: 2212 1102 814
679: 2191 2174 1890 1735 1345
680: 2636
681: 2157 2057
682: 1313 833
683: 1916 1621 1376 1035 806
684:
685: 1781 715
686: 1842
687: 1271 1042
688:
689:
690: 1339 746
691: 2174 1735
692: 2372 1275
693: 1319
694: 955
695: 2247 1029
696: 2561 1090
697: 1237 873
698: 2712 2095 1668 1536 1535 1505 1334 980
699: 2579 2070 1179
700:
701: 931
702: 2595 2164 2042 1054 834
703: 2343 2088 1069 916
704: 1155
705: 2386 1234
706:
707: 1386 1084
708: 2546 1320
709: 1175
710: 1617 1110
711: 1363 865
712: 2275 1660
713: 1064
714:
715: 2391 1650 1378
716: 804
717: 926
718: 1476 845
719: 2436 842
720: 1907 997
721: 1570 1199
722: 767
723: 1106
724: 2169
725: 2410
726: 2666
727: 1293
728: 1060 1006
729: 2521 2222 2088
730: 1277 748
731: 1718
732: 2569
733:
734: 2565 2288 1475 1078 1041
735: 2089 1609 1046 762
736: 2116 1542 1217 939
737:
738: 1066 1033 950
739: 1322 869
740:
741: 2369 1729 1367
742: 1264 996
743: 2078 1195
744: 908
745: 1259
746: 1235
747: 2403 1905 1244 1118
748:
749: 883 848
750: 2672 2577 2249 2110 995 790
751: 1279
752: 2007
753:
754:
755: 1910 1902 1266
756: 2381 1265
757: 1972
758: 1807 1793
759: 2338 921
760: 821
761: 2114 1144
762: 2532 2345 1935
763: 2586 1513
764:
765: 2682
766: 1174
767: 990
768: 2436 1837
769: 1922 1394
770: 2596
771: 1654 953
772:
773:
774: 2607
775: 2422 2376
776: 2354 981
777: 2280
778: 1670
779: 2448 1787 1316 1300
780: 2020 1783 1400
781:
782: 929
783:
784: 2332 2183 1654 825
785: 2179 1804 1483
786: 956 918
787:
788:
789: 2366 1360 847
790:
791: 2705 1088
792:
793: 1420 1302
794: 2208
795: 2419 1841 1358
796: 2622
797: 1516
798:
799: 1915 1071
800:
801:
802: 1022 896
803:
804: 1747
805:
806: 1448
807: 2652
808: 927
809: 1779 1055
810: 2423 1834 971
811: 2646 1092
812: 1211
813: 2007
814:
815: 2201 2081 1666
816: 870
817:
818: 1362
819: 1381
820: 2158 1246
821: 1068
822: 1056
823: 1920 1202
824: 1201
825: 2568
826: 2248
827:
828: 2651 2082
829: 2244
830: 1522
831: 1459
832:
833: 1224
834: 2375
835: 991
836: 1416 986
837: 945
838: 1915
839:
840: 1285
841: 2572 894
842: 947
843: 2189 1726
844: 2224 1596 1253 1235 936
845: 2481
846: 2572
847: 2700 2325 2209
848: 1914 885
849: 1687 1597
850:
851:
852:
853: 2201
854: 884
855: 1761
856: 1027
857: 2533 1220 1183 943
858: 1351 1097
859: 2634
860:
861: 1767
862: 886 872
863: 1415 1263 1085
864: 1227
865: 2049
866:
867:
868: 2159 2071 1681 1551
869:
870: 2351 1423 1333
871:
872: 901
873: 1982
874: 2554 2181 1970
875: 1065
876: 1637
877: 1785 1557 1387
878: 2658 1803
879:
880: 1032
881: 1134 1123
882: 1023
883: 2618 1693 1563 949 919
884:
885: 2569
886: 2078
887:
888: 2053 1749
889:
890: 1515
891: 994
892: 954
893: 1370
894:
895:
896:
897: 1464
898:
899:
900: 2694 2680 2596 1727 1145
901: 2366 1655 1366 1360 1126
902: 2502 2432
903: 2411
904:
905: 914
906: 2573 2113 1017
907: 2537 1823
908: 2223 1940
909:
910: 2126 2124 1741 1577
911: 2542 1305
912: 1508
913: 2182 1537 1248
914: 2176 2167 1611 1609
915: 2450
916:
917: 2442 2331 2241 1602 962
918: 2619 1115
919:
920: 1325
921: 2313
922:
923:
924: 1595 1311
925: 1730 1382 1355 1161 999
926:
927: 1758 1010
928: 1941 1133 1036
929: 1999
930:
931: 2101 1191
932: 1538
933:
934: 1957
935: 1170 975
936: 1789 1470
937:
938:
939: 1067
940: 2024
941: 1480
942: 2453 2281 2038 1718
943: 1724
944: 1377
945: 1080
946: 1165 998
947: 1601 1038
948: 1375
949: 984
950: 1567 1196
951:
952: 2511 1494
953:
954: 1852
955: 1634
956: 1778
957: 1557 1003
958:
959:
960: 2508 1589
961: 1798 1163
962: 2224
963: 1562
964: 1754 1560 1212
965: 1304
966:
967:
968: 1002
969:
970: 1689 1119
971:
972:
973: 2554 1970
974: 2116 1125 1031
975: 2602 1107
976: 2669 1049
977: 2653 2573 2113 1583 1057 1018
978:
979:
980: 2562
981: 1233
982: 2567 1859
983: 1647
984:
985: 2179 1483
986: 1153
987: 1706 1499
988:
989: 1112 1050
990: 1083
991: 1770 1672
992: 1566
993: 2065
994:
995: 2558
996: 2674 2119 1307
997: 2612 2233 1109
998: 1959
999:
1000: 2667 1830 1063
1001: 2479 1965 1203
1002: 2086 1564
1003:
1004:
1005: 2486
1006: 2543 1979
1007: 1752
1008:
1009: 1318 1100
1010:
1011: 2268
1012:
1013: 1944
1014:
1015: 2454 2266 1677 1329
1016: 1709 1663 1401 1289
1017: 1737
1018: 1904
1019: 2583 1252
1020:
1021: 1547 1511
1022:
1023:
1024:
1025:
1026:
1027: 1410 1193
1028:
1029: 1527
1030: 1534
1031: 2014 1927 1132
1032:
1033: 1773 1323
1034: 1532
1035:
1036: 2339 1256 1128
1037: 1599
1038: 2234 1875 1113
1039: 1087
1040: 2066
1041: 2678 1899
1042: 1326
1043: 1392
1044: 2563 2448 1794
1045: 1556 1086
1046: 1484
1047: 1629
1048: 2389 2291 1286
1049: 2686 2563 2448 1863 1794 1228
1050: 2583
1051: 1820
1052:
1053: 1099
1054:
1055: 1205
1056: 1359
1057:
1058:
1059: 2481 1214
1060: 1531
1061: 2695
1062: 2501 1993 1661 1160
1063: 2585
1064:
1065: 1613 1143
1066: 2623 2034
1067: 1581 1172
1068: 2196
1069:
1070:
1071:
1072: 2536
1073:
1074: 1254
1075:
1076:
1077:
1078: 2473
1079:
1080: 1166
1081: 2137
1082: 1723
1083: 2160 1539
1084: 2323 1701 1156
1085: 2050
1086:
1087: 2292
1088: 1200
1089: 1802 1314
1090:
1091:
1092: 2624 2076 1343
1093: 2125
1094:
1095: 2195 2044
1096: 1291
1097:
1098:
1099: 2508
1100: 2019
1101: 2005
1102:
1103: 2397
1104: 2290
1105:
1106: 1927
1107:
1108: 1509
1109: 2047
1110: 2111
1111: 2466 1710
1112: 2083
1113:
1114: 1348
1115: 1436 1408
1116: 1260
1117:
1118:
1119:
1120: 2507 2355
1121: 2428 1320 1278
1122:
1123:
1124: 2401
1125: 1790
1126:
1127: 2305 2210
1128: 1164
1129:
1130:
1131: 1185
1132: 1712
1133: 2662 2633 2218 1713
1134:
1135:
1136: 1980 1682 1644 1455
1137: 2610 1850
1138: 1646
1139:
1140:
1141:
1142:
1143: 2594 2302
1144:
1145: 1775 1495
1146: 1230
1147: 1716
1148:
1149:
1150: 1590
1151:
1152: 2387
1153:
1154:
1155: 1354
1156: 2284 1512
1157:
1158: 2437
1159: 1347
1160: 2469
1161:
1162:
1163: 2343 1572
1164: 2417 1523
1165: 2663
1166: 1221
1167:
1168:
1169: 2708 1209
1170: 2439
1171: 1461
1172: 1692 1352
1173: 1604
1174: 2474
1175:
1176:
1177:
1178:
1179: 2566 2032 2002 1396
1180: 1854
1181: 1591 1331
1182: 2518 2374 1967
1183: 1288
1184: 1884 1338
1185: 2026
1186:
1187: 2330 1956
1188: 2144
1189: 1290
1190: 1487 1486
1191: 1544 1270
1192: 2051 1295
1193: 1631
1194: 1491
1195: 2445 1883 1276
1196: 2685
1197:
1198:
1199: 2441
1200: 2262
1201: 1923
1202:
1203:
1204: 2532 2345 1935
1205:
1206:
1207: 2027
1208: 1502
1209:
1210: 1670
1211:
1212:
1213: 2580 2043 1866 1801
1214:
1215: 1960 1383
1216: 1885 1840
1217: 1466
1218:
1219:
1220:
1221: 1346
1222: 2367 1909 1766
1223: 1504 1328
1224: 1828 1468
1225:
1226: 1679
1227: 1818
1228: 2696 1688
1229: 2677 2656 1585
1230:
1231: 1901 1350
1232:
1233:
1234:
1235: 1847 1821 1469
1236: 2701
1237:
1238: 1489
1239: 1689 1361 1306
1240:
1241:
1242:
1243: 1918
1244: 2400
1245: 2661 1685
1246: 1709 1663
1247: 2551 2326 2068 1482
1248: 2528
1249:
1250: 2418
1251: 1760 1437
1252: 1777
1253: 1478
1254:
1255: 1665
1256:
1257:
1258: 2421
1259:
1260: 1972
1261:
1262: 1814
1263: 1696
1264: 1984
1265: 1651
1266: 1543 1301
1267:
1268:
1269:
1270:
1271: 2133
1272:
1273: 1889 1657
1274: 2152 1870
1275:
1276: 2054 1443
1277: 2608 2297
1278:
1279: 2077
1280:
1281: 1864
1282:
1283:
1284: 2290
1285:
1286: 1310
1287: 2273 2214 1744
1288:
1289:
1290: 2332
1291:
1292: 2703
1293: 1492
1294: 1385
1295: 2658 1803 1327
1296: 1912
1297:
1298: 1719
1299: 2154
1300: 1369
1301: 2423 1834
1302:
1303: 2278
1304:
1305: 1797 1686 1431
1306:
1307: 1561
1308:
1309:
1310: 1854 1357
1311: 1680
1312: 1578
1313: 1954
1314:
1315:
1316: 2239 1825
1317:
1318: 1656 1580
1319: 2406 2153 2061
1320:
1321: 2268
1322: 1384
1323:
1324: 1473
1325: 2118
1326: 2358 1501
1327: 1441
1328: 2108 2046
1329: 1640 1525
1330: 1704
1331:
1332:
1333: 2328
1334: 2492 1736
1335:
1336:
1337: 1457
1338: 2640 2287
1339: 2167 2045
1340:
1341: 2478
1342:
1343:
1344:
1345: 2513
1346:
1347:
1348:
1349: 2453 2281 2038
1350: 1987
1351:
1352: 2293 1513
1353:
1354:
1355:
1356:
1357: 2611 2221
1358:
1359:
1360: 2617
1361:
1362: 2385
1363: 1731
1364: 1991 1891
1365: 1493
1366: 1449 1412
1367: 2030
1368:
1369: 2021
1370:
1371:
1372: 2109
1373: 2598
1374:
1375: 1594
1376: 2190 1929
1377:
1378:
1379: 2362
1380:
1381:
1382:
1383: 2261
1384:
1385: 2033
1386:
1387: 2237
1388: 2276 1874
1389:
1390:
1391:
1392: 2697 1453
1393:
1394: 1952
1395:
1396: 1571
1397: 2487
1398: 1612 1548
1399: 1638
1400: 2373
1401:
1402: 1662
1403: 2456
1404:
1405: 1973
1406:
1407: 1605 1488
1408: 2240 1418
1409:
1410: 1945
1411:
1412:
1413:
1414:
1415: 2435 2342
1416: 1574
1417:
1418: 1942
1419:
1420: 2161
1421: 1627 1598
1422:
1423:
1424: 1707
1425:
1426:
1427: 2087 1776
1428: 2274 1838
1429: 2363 1880
1430:
1431: 1698
1432:
1433:
1434:
1435:
1436:
1437: 2641 2571
1438:
1439: 1725
1440:
1441: 1474
1442: 2162
1443: 2258
1444:
1445: 1545
1446:
1447: 2063
1448:
1449: 2205
1450: 2489 2408 1938
1451:
1452: 1520
1453: 2574
1454:
1455:
1456: 1882
1457: 2638
1458:
1459:
1460: 1664 1500
1461:
1462:
1463:
1464: 2250
1465:
1466: 2072 1897
1467: 2295
1468: 2606
1469:
1470:
1471: 1934
1472: 2084
1473:
1474:
1475:
1476: 2711 1762
1477: 1625
1478:
1479: 1740
1480: 2017 1898
1481: 2546 1635
1482:
1483: 1645
1484: 2230
1485: 1743
1486: 1876
1487: 2256
1488:
1489: 2567
1490: 2324 1699
1491:
1492:
1493:
1494:
1495:
1496: 2560
1497:
1498: 2604
1499: 1962
1500:
1501:
1502:
1503:
1504:
1505: 2498 2451 2177
1506: 2393 1926 1800
1507: 2464
1508: 1792 1524
1509: 1738
1510:
1511:
1512: 1958
1513:
1514:
1515:
1516:
1517:
1518: 2226
1519:
1520:
1521: 2506 1961
1522: 1620
1523:
1524: 2659 1756
1525:
1526: 2015
1527:
1528:
1529:
1530:
1531:
1532: 2089
1533: 2045
1534: 1642 1559
1535: 2343 2055
1536: 2060 1806
1537: 2294
1538: 2578
1539:
1540:
1541: 1739
1542: 1702
1543:
1544: 2649 2390 1575
1545:
1546:
1547:
1548: 2559
1549: 2622
1550:
1551:
1552:
1553:
1554:
1555:
1556:
1557: 2200
1558: 1845
1559: 1949
1560:
1561:
1562:
1563:
1564:
1565: 2434
1566:
1567:
1568: 2482 2158
1569: 2616 1966
1570:
1571: 2225 1623
1572:
1573:
1574: 2385 1813
1575:
1576: 2147
1577:
1578: 1844
1579: 2338 2129 1791
1580: 2416
1581: 2353
1582: 2626 1587
1583:
1584: 1931 1861
1585:
1586: 2516
1587: 1951
1588: 1812
1589:
1590:
1591: 2671
1592: 2480
1593: 2269
1594:
1595:
1596:
1597:
1598: 1768 1700
1599:
1600:
1601: 1869
1602: 1616
1603:
1604:
1605:
1606:
1607:
1608:
1609:
1610:
1611:
1612:
1613:
1614:
1615:
1616: 2515
1617: 1992
1618:
1619:
1620:
1621:
1622: 2052 1771
1623:
1624:
1625:
1626: 2146
1627: 2582
1628: 2449
1629: 2639
1630:
1631:
1632:
1633: 2427
1634:
1635:
1636: 2575 2496
1637:
1638: 2408 1938 1695
1639: 2396 2001 1753
1640:
1641: 1659
1642:
1643:
1644:
1645:
1646:
1647: 2613 2319
1648: 2491 2031
1649:
1650:
1651: 2339
1652:
1653:
1654: 2206 1873
1655:
1656:
1657: 1833
1658:
1659: 1811
1660:
1661:
1662: 1734
1663:
1664: 1941
1665:
1666: 2009
1667:
1668: 2632 2614 1733
1669:
1670: 2631
1671: 2654
1672: 2236
1673:
1674: 2538 1977
1675: 2149 2100
1676: 2096 1865
1677: 1990
1678: 1765
1679:
1680: 1985
1681:
1682: 1881
1683:
1684:
1685: 2460
1686:
1687:
1688:
1689:
1690: 2459
1691:
1692:
1693: 2578 1849
1694: 1964
1695: 2298
1696: 1819
1697: 2064
1698:
1699: 2172
1700: 1908
1701:
1702: 1978
1703: 2220
1704:
1705:
1706:
1707: 1759
1708:
1709: 2216 2132
1710:
1711:
1712: 2442
1713:
1714:
1715:
1716:
1717:
1718:
1719: 1955
1720:
1721:
1722:
1723:
1724: 2684
1725: 1746
1726:
1727: 2559 2341 2186
1728:
1729:
1730: 1994
1731:
1732: 2589
1733: 2433
1734: 2641 2571
1735:
1736:
1737:
1738:
1739: 2703
1740: 2676 2299
1741:
1742:
1743:
1744:
1745:
1746:
1747:
1748:
1749:
1750: 2135
1751:
1752:
1753:
1754: 2443 2285 1846
1755:
1756: 2059
1757:
1758:
1759:
1760:
1761: 2121 1786
1762:
1763:
1764: 2707
1765: 2690
1766:
1767:
1768:
1769:
1770: 2608 2514
1771: 2599 1911
1772:
1773:
1774:
1775:
1776: 2471
1777: 2557
1778:
1779:
1780: 2207
1781:
1782:
1783:
1784:
1785:
1786:
1787:
1788:
1789: 2349
1790:
1791: 2436
1792: 2127 1925 1906
1793: 2468
1794:
1795:
1796:
1797:
1798:
1799:
1800:
1801:
1802: 2562 2150
1803: 2422 2376
1804:
1805:
1806:
1807: 2286 2106
1808:
1809:
1810:
1811:
1812: 1836
1813:
1814:
1815:
1816:
1817:
1818: 2597
1819: 2666
1820:
1821:
1822:
1823:
1824:
1825:
1826: 2301
1827: 2277
1828:
1829: 1996
1830: 1928
1831:
1832:
1833: 1937
1834: 2370
1835: 2499 2465
1836:
1837: 1944
1838: 2712
1839:
1840: 2267
1841:
1842:
1843:
1844:
1845:
1846: 2709 2597
1847:
1848:
1849:
1850:
1851:
1852:
1853:
1854: 2402
1855:
1856:
1857: 2085
1858:
1859:
1860:
1861:
1862:
1863:
1864:
1865:
1866:
1867: 2446 2384
1868: 2170
1869:
1870: 2311
1871: 2590
1872:
1873: 2529
1874:
1875: 2348 2347
1876: 2309
1877: 2245
1878: 2166 2138
1879:
1880: 2012
1881: 2393 2346 1950
1882: 2094
1883:
1884:
1885:
1886:
1887:
1888:
1889:
1890: 2525
1891: 2131
1892: 2689 2141
1893:
1894:
1895: 2080
1896:
1897:
1898: 2306
1899:
1900:
1901:
1902:
1903:
1904:
1905:
1906:
1907: 2519
1908: 2630
1909:
1910:
1911:
1912:
1913:
1914:
1915:
1916: 2610
1917:
1918:
1919:
1920:
1921:
1922: 1998
1923:
1924:
1925:
1926: 2513
1927:
1928: 2317 2252 2013
1929:
1930:
1931:
1932: 2265
1933:
1934:
1935: 2703
1936:
1937: 2635
1938:
1939: 2528 2107 2074
1940: 2644
1941: 2388 2270
1942:
1943: 2219
1944: 2512 2333
1945: 2248 2140
1946:
1947:
1948:
1949: 2204
1950:
1951:
1952:
1953:
1954:
1955:
1956: 2335
1957:
1958:
1959:
1960:
1961: 2128
1962:
1963: 2314
1964: 2075
1965: 2425
1966:
1967:
1968: 2490 2378
1969:
1970:
1971: 2246
1972:
1973:
1974: 2484
1975: 2318 2117 2041
1976:
1977: 2025
1978:
1979: 2097
1980:
1981: 2192
1982: 2193
1983: 2675
1984:
1985:
1986: 2409 2123
1987:
1988:
1989: 2523
1990: 2545
1991:
1992:
1993:
1994:
1995:
1996: 2457
1997:
1998: 2098
1999:
2000: 2022
2001:
2002:
2003:
2004:
2005:
2006:
2007:
2008:
2009: 2039
2010:
2011:
2012:
2013: 2228
2014: 2134
2015:
2016: 2188
2017: 2697
2018: 2199 2104
2019: 2629
2020:
2021:
2022:
2023:
2024:
2025:
2026:
2027:
2028: 2444
2029:
2030: 2189
2031: 2155
2032:
2033: 2467
2034:
2035:
2036:
2037: 2518 2374
2038:
2039:
2040:
2041:
2042:
2043:
2044: 2549 2148
2045:
2046: 2621 2264
2047:
2048:
2049:
2050: 2668
2051:
2052:
2053:
2054:
2055: 2243
2056:
2057:
2058:
2059:
2060: 2308
2061: 2259
2062: 2112
2063:
2064: 2145
2065:
2066:
2067:
2068: 2584
2069:
2070:
2071: 2365
2072:
2073:
2074:
2075:
2076:
2077:
2078:
2079:
2080:
2081:
2082:
2083: 2667
2084:
2085:
2086:
2087:
2088:
2089:
2090: 2470
2091: 2544
2092:
2093:
2094:
2095:
2096: 2156
2097:
2098:
2099:
2100: 2452
2101: 2231
2102:
2103:
2104: 2246 2151
2105: 2352
2106: 2420
2107:
2108:
2109:
2110:
2111:
2112:
2113:
2114:
2115: 2143
2116:
2117:
2118:
2119:
2120:
2121:
2122:
2123:
2124:
2125:
2126:
2127:
2128:
2129:
2130:
2131: 2334
2132:
2133:
2134:
2135: 2197
2136:
2137:
2138:
2139:
2140:
2141:
2142:
2143:
2144:
2145:
2146:
2147: 2541
2148:
2149: 2211
2150:
2151:
2152:
2153:
2154:
2155:
2156: 2296
2157:
2158:
2159:
2160:
2161:
2162:
2163:
2164:
2165:
2166:
2167:
2168:
2169:
2170: 2476
2171: 2553 2300
2172:
2173:
2174:
2175:
2176:
2177:
2178:
2179:
2180:
2181:
2182:
2183: 2495
2184:
2185:
2186:
2187: 2548
2188:
2189:
2190: 2242
2191:
2192: 2462
2193:
2194:
2195:
2196:
2197:
2198:
2199:
2200:
2201:
2202:
2203: 2504
2204:
2205:
2206:
2207:
2208:
2209:
2210:
2211: 2527
2212:
2213:
2214:
2215:
2216:
2217: 2692
2218: 2505
2219:
2220:
2221:
2222:
2223:
2224:
2225:
2226: 2340
2227: 2327
2228:
2229:
2230: 2361
2231: 2485
2232:
2233:
2234:
2235:
2236: 2364
2237: 2398
2238: 2576 2304
2239:
2240:
2241:
2242:
2243:
2244:
2245:
2246:
2247:
2248:
2249: 2698
2250:
2251:
2252:
2253:
2254:
2255:
2256:
2257:
2258:
2259:
2260:
2261:
2262:
2263:
2264:
2265:
2266:
2267:
2268:
2269:
2270:
2271:
2272:
2273: 2664
2274:
2275: 2509
2276:
2277: 2555
2278: 2581
2279:
2280:
2281:
2282: 2600
2283:
2284:
2285:
2286:
2287:
2288:
2289:
2290:
2291:
2292:
2293:
2294:
2295:
2296:
2297:
2298:
2299:
2300:
2301:
2302:
2303:
2304:
2305:
2306:
2307:
2308:
2309:
2310:
2311:
2312:
2313:
2314:
2315:
2316:
2317:
2318: 2609
2319:
2320:
2321:
2322:
2323:
2324:
2325:
2326: 2654 2642
2327:
2328:
2329:
2330:
2331:
2332:
2333:
2334:
2335:
2336:
2337: 2540
2338:
2339:
2340:
2341:
2342: 2647
2343:
2344:
2345:
2346:
2347: 2702
2348:
2349:
2350:
2351:
2352: 2699
2353:
2354:
2355:
2356:
2357:
2358:
2359:
2360:
2361:
2362:
2363:
2364:
2365: 2688 2593
2366:
2367:
2368:
2369:
2370:
2371:
2372:
2373: 2671
2374: 2628
2375:
2376:
2377:
2378:
2379:
2380:
2381:
2382:
2383:
2384:
2385:
2386:
2387:
2388:
2389:
2390:
2391: 2683
2392: 2494
2393:
2394:
2395:
2396:
2397:
2398:
2399:
2400:
2401:
2402:
2403:
2404:
2405:
2406:
2407:
2408:
2409:
2410:
2411: 2510
2412:
2413:
2414:
2415:
2416: 2710
2417:
2418:
2419: 2531
2420:
2421:
2422:
2423:
2424:
2425:
2426:
2427:
2428:
2429:
2430:
2431:
2432:
2433:
2434:
2435:
2436:
2437:
2438: 2625
2439:
2440:
2441:
2442:
2443:
2444: 2691
2445:
2446:
2447:
2448:
2449:
2450:
2451:
2452:
2453:
2454:
2455:
2456:
2457:
2458:
2459:
2460:
2461:
2462:
2463:
2464:
2465:
2466:
2467:
2468:
2469: 2520
2470:
2471:
2472:
2473:
2474:
2475:
2476:
2477:
2478:
2479:
2480:
2481:
2482:
2483:
2484:
2485:
2486:
2487:
2488:
2489:
2490:
2491:
2492:
2493:
2494:
2495:
2496:
2497:
2498:
2499:
2500:
2501:
2502:
2503:
2504:
2505:
2506:
2507:
2508:
2509:
2510:
2511:
2512:
2513: 2643 2547
2514:
2515:
2516:
2517:
2518:
2519:
2520:
2521:
2522:
2523:
2524:
2525:
2526:
2527:
2528:
2529:
2530:
2531:
2532:
2533:
2534:
2535:
2536:
2537:
2538:
2539:
2540:
2541:
2542:
2543:
2544:
2545:
2546: 2657
2547:
2548:
2549:
2550:
2551:
2552:
2553:
2554:
2555:
2556:
2557:
2558:
2559:
2560:
2561:
2562:
2563:
2564:
2565:
2566:
2567: 2670
2568:
2569:
2570:
2571:
2572:
2573:
2574:
2575:
2576:
2577:
2578:
2579:
2580:
2581:
2582:
2583:
2584:
2585:
2586:
2587:
2588:
2589:
2590:
2591:
2592:
2593:
2594:
2595:
2596:
2597:
2598: 2665
2599:
2600:
2601:
2602:
2603:
2604:
2605:
2606:
2607:
2608:
2609:
2610:
2611:
2612:
2613:
2614:
2615:
2616:
2617:
2618:
2619:
2620:
2621:
2622:
2623:
2624:
2625:
2626:
2627:
2628:
2629:
2630:
2631:
2632:
2633:
2634:
2635:
2636:
2637:
2638:
2639:
2640:
2641:
2642:
2643:
2644:
2645:
2646:
2647:
2648:
2649:
2650:
2651:
2652:
2653:
2654:
2655:
2656:
2657:
2658:
2659:
2660:
2661:
2662:
2663:
2664:
2665:
2666:
2667:
2668:
2669:
2670:
