1: 1434 942 291 225 221 145 107 29 21
2: 497 491 98 2 1
3: 1975 1945 1448 481 26
4: 2046 683 158 109 77
5: 1961 1705 1557 1249 1233 1199 1152 1130 877 856 835 806 736 706 626 532 423 386 307 279 265 216 172 171 102 93 72 71 48 47 42 36 24 12 9
6: 2067 592 97
7: 2165 1129 321 236 37 23 11 5 4 3
8: 1509 895 835 684 536 465 359 214 169 83 64 25 14 6
9: 464 235 224 208 7
10: 1557 1249 687 265 71 8
11: 806 93 13 10
12: 1793 88 66 62 58 56 46 22 20 18
13: 624 260 126 123 67
14: 877 423 307 216 72 48 17 16 15
15: 2104 278
16: 440 276 188 176 152
17: 460 19
18: 2012 2008 565 343 309 212
19: 2046 1583 1014 819 775 683 534 353 187 158
20: 1440 1314 1284 1054 761 700 590 466 31
21: 1222 1061 1046 651 209 199 110 53 40
22: 2054 1151 326 41
23: 1366 698 86
24: 2050 1250 1168 644 492 416 308 70 34 32
25: 2015 1531 1205 751 689 646 630 578 474 400 364 286 50
26: 1620 1609 706 532 172 102 82 47 42
27: 1651 1039 877 531 497 477 423 382 303 211 147 125 98 96 39
28: 1383 465 359 205 85 44
29: 232 183 90 38 33
30: 1912 722 333 59
31: 2160 1807 370 69 45
32: 1748 1692 1440 1271 927 816 466 175 27
33: 1564 1448 1266 1234 1026 672 481 442 347 115 80
34: 1620 1609 82
35: 2034 2026 1286 1256 861 388 74
36: 2115 801 376 75 54
37: 1234 1150 261 43
38: 654 395 28
39: 1866 1175 721 218 159 57
40: 132 30
41: 703 366 246 136
42: 586 501 223 155 91 52 35
43: 1126 524 320 286
44: 1361 1316
45: 1610 1523 1343
46: 1705 1233 1199 626 51
47: 1217 1120 154
48: 487 119 94
49: 157
50: 2159 1082 856 386 171
51: 2054 1151 851 718 632 584 496 455 384
52: 1569
53: 1901 1509 895 684 671 536 305 232 203 183 73 63
54: 1520 1518 991 985 702 327 272
55: 835 49
56: 465 359 214 169 55
57: 1820 1766 1690 1651 1039 585 531 477 382 303 211 147 125 96
58: 1348 250 151
59: 1058 168
60: 1766 1528 1428 1381 1328 1200 1144 1060 968 841 790 778 769 767 754 710 639 585 576 299 146
61: 1697 1588 1234 1212 444 407 360 76 61
62: 1458 1396 954 905 312 253 192 190 144 100 84
63: 856 386 171
64: 1680 772 311 230 186 150 138
65: 767 227 133 78 60
66: 1766 1445 876 585 257 182 95
67: 1174 821 577 551
68: 937 341 160
69: 1711 1423 162
70: 337 142 117 89
71: 595
72: 924 510 403 393 104 65
73: 300
74: 1846 938 489 81 68
75: 521 239 122 92
76:
77: 1943 1563 1472 1301 888 791 645 635 226 130
78: 1792 1647 735 433 302 181
79: 1906 1100 344 193
80: 167 79
81: 1887 1771 1397 379 124
82: 1691 267 179
83: 1067 885 217
84: 408 149
85: 1440 1359 695
86: 2105 496 455 384
87: 105 87
88: 627 561 373 141
89: 2104 764 670
90: 809 610 213
91: 1126 524 320 180
92: 807 717
93: 2136 906 694 471 436 331 140
94: 503 241 229 116 114 99
95: 1521 1403 101
96: 276 188
97: 1716 427 198
98: 1338 831 773 103
99: 1458 905 253 190 165
100: 1797 289
101:
102: 2104 1348 406 313
103: 672
104: 1267 425 148
105: 541
106: 913 799 795 555 447 118
107: 1860 1352
108: 1061 209
109: 2087 435
110: 761 249 113
111: 1992 1491 1075 397 234 143 108
112: 2154 1975 349
113: 1697 1631 1484 1025 206 166 106
114: 526 383 139 129 121
115: 1496 989 772 597 310 244 111
116: 1134 587 323 219
117: 2016 1833 1772 1589 1485 1388 1335 399 385 264
118: 981 454 202
119: 1796 1027 472 135
120: 1460 1306 204
121: 1314 1293 1288 1284 700 590 470 252 173 134
122: 2137 269 220 194 112
123: 480
124: 1458 905 298 242 240
125:
126: 1563 888 156
127: 2093 1566 1498 1048 817 796 619 196 120
128: 847
129: 2085 603
130: 835 371
131: 2102 671 305
132: 1054 195 131
133: 2163 1937 1307 495 245 128
134: 1965 904 726 233 170
135: 210 127
136: 1112 569 473
137: 709
138: 1992 1491 1212 1075 1006 819 775 353 187
139: 1726 1099 625 522 185
140: 2139 1984 295 178
141: 1726 1507 986 873 826 771 701 581 177
142: 1465 713 641 457 361 163
143: 2059 410
144: 161
145: 1875 1692 816 738 499
146: 1264 749 620
147: 1797 937 328 137
148: 1945 164 153
149: 1884 1069
150: 2088 648 332 316
151: 1972 1487
152: 1757 1521 1403 483
153: 804
154: 345 306
155: 365 363 184
156: 201
157: 1545 1043 936 396 318 304 281 263
158: 1630 1543 711 691
159: 1159
160: 1848 1758 1303 1155 1018 954 908 174
161: 2097 1712 1658 1240 389
162: 516 243
163: 1085 935 924 712 511 392 338 197
164: 2015 1531 1205 751 689 400
165: 2086 1738 1452 368 228
166: 342 255
167: 1115 1109 317 296 191
168: 1136 862 782 356 277
169: 1747 1174 1124 821 702 577 551 266
170: 1728 238 200
171: 330 329
172: 1470 1193 1031 1000 968 769 752 445
173: 906 694 436 331
174: 896 618 280
175: 2162 2083 1499 1238 792 629
176: 2034 1804 520
177: 662 215
178: 1422 1033 1017 763
179: 1933 665 529
180:
181:
182: 1545 1184 936 396 318 304 263
183: 1544 1274 189
184: 284
185: 887
186: 2109 259 247
187: 1324 984 467 352
188: 1869 1601 543
189: 1901 956
190: 1781 1703 1067 933 920 885 608
191: 355 285
192: 2125 1742 933 659 608 350
193: 1935 1438 1323 997 996 954 471 415
194: 1460 1306 1288
195: 1852 1367 1086
196: 1875 1761 1719 1176 1137 1059 933 766 758 738 725 608 499 462 350 294 287 251
197: 515 422
198: 1173 697
199: 1652 319
200:
201: 1860 1352 429 413
202:
203: 1951 1736 1349 961
204: 1041
205: 1875 738 499
206: 681 231 207
207: 2026 1286 562 498
208: 1496
209: 1851 1543 711
210: 552
211: 965 237
212: 2165 1845 1129 1088 992 669 512 458 258
213: 1547 1414 774
214: 1961 461 357 335
215: 1534 428
216: 753 702 266
217: 967 881
218: 1905 1603 787
219: 925 783 438 248
220: 1385 437
221: 1101 442 347 293
222: 1510 1422 1185 1017 760 746 589 527 358
223: 1398 959 586 545 501
224: 1516 1254 615 290
225: 998
226:
227: 367
228: 1878 1212 1108 1098 1012 910 444 407
229: 1422 1017 760 527 358 346
230: 1488 622 334
231: 1064 222
232: 1844 1323 560 535 271 268
233: 1354 708 579 448
234: 1659 846
235: 375
236: 841 523 262
237: 1438 931 506 314
238: 2044 1938
239: 852 254
240: 1794 1532 1440 1339 1055 758 725 273
241: 875
242: 2101 339
243:
244: 1337
245: 2086 1738 1452 1329 1254 1227
246: 1215
247: 753 547 411
248:
249: 728
250: 1718 1093 591 256
251: 1520 1518 991 297
252: 1571 1165 957 398 315
253: 1770 969
254: 1680 311
255: 354
256: 750
257: 2110 766 274
258: 1631 1484 1025 812 502
259: 1824 724 500 468 421
260: 2071 1497 858
261: 1856 340
262: 1281
263: 1839 1650 901 475
264: 1182 1131 424 409
265: 930
266: 1679 993 666
267: 1604 1253 1171 686
268: 362
269: 1679 1235 1176 462
270: 1809 546
271: 1865 301 275
272: 1301 757 292
273: 449 282
274: 1951 1206
275: 1474 1154 740 412 336 270
276: 880 377
277: 1448 1137 1059
278: 2154 1875 1666 1644 499
279: 880 322
280: 1664
281: 1794 558 556
282: 845 283
283: 2121 288
284: 726
285: 2164 1805 1579 994 990 432
286: 1565
287:
288: 2027 1766 585
289: 1435 1288 486
290: 1912
291: 964 554 443
292: 2050 1250 1168 599
293: 1525 1430 1045 890 530 419 348
294: 1314 1284 700 590
295: 1760 855
296: 1650 1468 901 642 369
297: 405
298:
299: 983 719
300: 324
301: 1219
302: 566
303: 889 780 693 439
304: 1906 1845 976 939
305: 1562 1347
306: 578
307: 574
308: 812
309: 505
310: 1804 664
311: 1765 803 707
312: 584 525
313:
314: 2043 739
315: 938 482
316: 1377
317:
318: 571
319: 1256 623 607
320: 2053 1898 1473 1432 1416 762 563 508
321: 943 533
322: 789 394
323: 1532 1339 893
324: 1588 360
325: 1844
326: 1108 910 609
327: 1814 553 517
328: 1324 418 374
329: 1471
330: 1831 1735 544
331: 975 402
332:
333: 631 325
334: 1583
335: 1571 957 391
336: 1294 1231 528
337: 1032 456 378
338: 952
339: 1559
340: 1858 1438 1162 997 996 863
341: 1862 446
342:
343: 1546 727 434
344: 874 504
345: 2036 899 414
346:
347: 2131
348: 1031 1000
349: 1893 1292 879
350: 417
351: 1920 1800 1179
352: 2029 1135 1042
353: 1358
354: 968 769 639 485 372 351
355: 568
356: 1422 1017 874 760 453
357: 2133 441
358: 1705 1233 1199 574
359: 1778 1435 891
360: 1552 1021 865 678 582
361: 1935 948
362:
363: 1769
364: 1820 1690
365: 484
366: 1570 401
367: 1898 1458 905
368: 2062 1157 426
369: 1462 540
370: 636
371: 1036
372: 1222 1171 1100 1046 686
373: 1650 1329 1326 901
374: 1164
375: 593
376:
377: 1992 1711 1491 1423 1075
378: 805 705 564
379: 1346 1321 958 944 507
380: 919 381 380
381: 2116
382: 1380 1327
383: 2044 1938 1486 823
384: 1610 1523 1343 1024
385: 1895
386: 1750 998 493 404
387: 1150
388: 1263
389: 2049 955
390: 1890 667
391: 1229
392:
393:
394: 954 845
395: 1776 677 451
396: 1874
397: 1676
398:
399: 1918 949 570 387
400: 714 692 537
401: 1532 1339 430
402: 1963 1751 1268
403: 1895 1803 1483
404: 983
405: 1207
406: 2102 1252
407: 1799 1511 1232 844
408: 2122
409: 1767 1697 1689
410: 431
411:
412: 1942 1466
413: 1206
414: 1816 1147 657 390
415: 420
416:
417: 884
418: 829 611
419: 459
420:
421: 1096 539
422: 1538 573
423: 1381 1144 1060 754
424: 1072
425: 2125 2038 649 452
426: 2169 1655 1399 1077 837
427:
428: 696
429: 1355 912
430: 1575
431: 797
432: 2148 886
433: 1852 1739 1374 1367
434: 2149 588
435: 1925 594 518
436:
437: 1640 1351 674 617
438: 1974 1653 605 514
439: 2094 1415 600
440: 2020 1280 1053 1009 450
441:
442: 2154
443: 2130 1582 1553 1460 1306 1209 1114 1062 494
444:
445: 1550 1400 781
446: 1094 680
447: 978 606 580
448: 1788 1514 1274 1004
449: 2169 1968 1655 1399
450: 656 513
451: 1002
452: 1723
453: 1312 974
454: 1797 1731
455: 559 479
456: 784
457: 1451 509 463
458:
459: 1548 1533 934 825
460: 1737 549
461: 1659 846
462: 476
463: 2079 1663 1626
464: 2102
465: 1744 1700
466: 1587 1016
467: 1063
468: 1956 1029
469: 2063 1843 1701 743
470:
471: 2002 1998
472: 951 550
473: 2019
474: 1480 849 834 469
475: 1002
476: 1171 686
477:
478: 1840
479: 822 793
480:
481: 730 538 478
482: 2106 1310 1270 1223
483: 557
484: 1726 1647 1099 625
485:
486: 604 542
487: 1313
488: 1942 1758 1755 1466 1303 1155 1088 1018 992 908
489: 488
490: 1645 583 490
491: 2048 2016 1833 1589
492: 1006 753
493: 814
494: 668
495: 941 903 647
496:
497: 658
498: 1981 1411
499: 1931
500:
501:
502: 1502 1208 613
503: 1329 519
504: 2138 1412 777
505: 2078 1957
506: 1959 1301
507:
508: 2170 2096 1696 1549 1389
509: 687
510: 1793
511: 1285
512: 1815 813
513:
514: 1683 1273
515: 1431 918
516: 1382 870
517: 1750
518:
519: 729 634
520:
521:
522: 1295 785 614
523: 1104 679
524: 859
525: 768
526: 1662 1575 868
527: 921 878
528: 742
529:
530:
531: 1713
532: 1605 1224
533: 1463
534: 1528 1083 794
535: 1085 935 712
536: 1702 1202 598 548
537: 1788 1514 1004
538:
539: 2104 1055
540: 1019
541: 1989 1331
542:
543: 1785 1190 872
544: 1646
545: 2135 1783 1753 1736 1349
546:
547:
548: 1549 1389 730 661
549: 1878 1760 1194 855 767
550: 2047
551: 1263 1033 763
552:
553: 737
554:
555: 866
556: 1300
557: 1254
558: 1028
559: 1138 643 637
560: 1664 1328 1200 790
561: 1720
562:
563: 1184
564: 1620 1609
565: 1681 1587 1210
566: 1974 1653 699 655
567: 2159 2087 1364 940 741
568: 2138 1211
569: 1909 1305 638
570: 1935 802
571: 675
572: 1806 1260 596
573:
574: 1105
575: 798 601
576: 1493
577: 567
578: 820
579: 1050
580: 616
581: 602
582: 1558 716
583:
584:
585: 1322 1020
586: 2063 1701 1698
587: 1913 1454
588: 1396
589: 2122 1195 946 909
590: 967 881
591:
592: 1740 840 755 663 628 612
593: 1836 1331
594: 1988 977
595:
596: 1085 935 712
597: 1790 1730 1477
598: 1235 898
599:
600: 1954 1903 653
601: 2078 1957 1931 956
602: 1597
603: 1074
604: 1448
605: 1863 1680 633
606: 1834 808
607: 1158 676
608: 864
609: 1830 857 572
610: 1784 1464 1197 732 575
611: 2160 1807
612: 1296 1001
613:
614: 1121 1103
615:
616:
617: 1697
618: 1580 1167
619:
620: 660
621: 830
622: 1436 811
623: 1763 848
624: 2101 1707
625: 1942 1466 810
626:
627: 1888 1836 1331 999
628: 1007
629: 827
630: 2149
631: 1078
632: 1888 999
633: 1883
634: 1917 1618 950 748
635:
636: 1683 1279 733
637: 1840 690
638: 1638
639: 1600 1320 1119 1047
640:
641: 2109
642: 1718 1093
643: 1568 1204
644: 2136 1991 1387 1246
645: 1067
646: 1924 1718 1393 1093 650
647: 934 825
648:
649: 1482 893
650:
651:
652: 2115
653:
654:
655:
656: 1226 1115 1109 982 815 621
657:
658: 1089 759 688
659:
660: 1158
661: 1906 976 929
662:
663:
664: 1444 914
665: 673
666: 1540 640
667:
668:
669:
670:
671: 1607 880 704 652
672: 1076
673:
674:
675:
676: 1406
677:
678: 2132 1341 1163
679:
680: 682
681:
682: 1931
683:
684: 786 720
685: 1671
686: 685
687: 836
688:
689: 1148
690: 1392 1052
691: 2018 1066 854
692: 1146 900
693:
694: 1336
695:
696: 1991 1370
697:
698: 1602 1091 1013 779 770
699: 1812 966 756
700: 1614
701: 1338 744
702: 2110 1478
703: 1770 969
704:
705:
706: 894 871
707: 2135 1783 1753 833
708:
709: 1789 923
710: 1035
711: 832
712: 1578
713:
714: 820
715: 1299 907 897 723
716:
717: 989
718:
719: 1621
720: 1963
721: 2016 1833 1589
722: 1161
723:
724:
725:
726: 1781
727:
728: 734
729: 1189 828
730: 747
731:
732:
733:
734:
735: 1141
736:
737: 1608 1225 1116 731
738:
739:
740: 1216 788
741: 1244
742: 1590
743: 1315
744:
745: 1941
746: 1111
747: 2104 960
748:
749: 1037
750: 1978 1560 1368
751: 1848
752:
753: 1065
754:
755:
756: 1955 1593 850
757:
758: 1928 1372
759: 2063 1701
760:
761: 1968
762: 1662
763: 2090 745 715
764: 1259
765: 1608 765
766: 1973 1056
767:
768:
769: 2112 1949 1822 1591
770: 879
771:
772: 1643 869
773: 980
774: 1572 917
775: 1430 1045 843
776: 2145 2140 1887
777:
778: 1777
779: 1584 1097
780: 1637 853
781: 971
782: 2064 1153 1010 824
783:
784: 2151 2100
785: 1429 776
786: 1960 1015
787:
788: 1512 1492
789: 1330
790: 1537
791:
792:
793: 1838 1156
794: 1108 910
795:
796: 1172
797:
798:
799: 1732 860
800:
801: 1813 1437 1049
802: 2120 1324
803: 1183
804:
805: 2142 1832 1574
806: 1622
807: 838
808: 2164 1457 1379
809:
810: 995
811: 1245
812: 1405 1143
813: 1802 1755 1160
814:
815:
816: 1455
817:
818: 1684
819: 1842
820: 1743
821:
822: 1218
823: 1734
824:
825:
826: 883 800
827: 2095
828:
829:
830: 1876 892
831: 1699 1123 987 911
832: 1732
833:
834: 1757
835:
836:
837:
838:
839: 1965
840:
841: 1140
842:
843: 1360
844: 1544 818
845:
846: 882
847: 1390 1220
848: 1887
849: 2042 2001 1982 1948 1624
850: 1554 1265
851: 1008
852:
853: 1599
854: 1287
855:
856: 1915 932
857:
858: 970
859: 1044 926
860: 1275
861:
862: 1228
863: 1996
864: 1387
865:
866: 947
867: 1745
868: 1512 1492
869: 2037 1674
870:
871:
872: 1853 842
873:
874: 1969
875: 2029 1353 1203 1071
876:
877:
878: 1196
879: 2010 1703 1408 979
880: 1419 915
881:
882:
883: 922
884:
885:
886:
887: 839
888:
889: 1425 916
890:
891: 1603
892: 1344
893:
894: 1118 867
895: 2168 2058 1178
896:
897:
898: 1101
899: 1188
900: 1342
901: 1127
902: 1257 1005
903: 1428
904:
905: 1446 945
906:
907:
908: 1994
909: 1034
910: 1449
911: 1772 1485
912:
913: 2073 1654
914: 1703
915: 2001
916: 1378
917: 1632
918: 1117
919: 1625 1375 1251
920: 902
921:
922: 1878 1098 1012
923:
924: 1715
925: 972
926: 2130 1774 1517
927: 1577 1181
928: 1908 1236
929: 1376
930: 1671
931:
932:
933: 1122
934:
935: 2000
936: 1769
937: 1420 1186
938: 2114 1198
939: 1453 1201
940: 2057
941:
942:
943:
944:
945:
946: 1861
947:
948: 1386
949:
950:
951: 953
952:
953:
954: 1548 1533 1406 1145
955: 1555
956: 1022
957: 2130 1553 1269
958: 1617 1490 1426 1081
959:
960:
961: 1394
962:
963:
964:
965: 1586 963
966: 2126 1714
967: 973
968:
969:
970: 1110 1068
971:
972:
973: 2024 1262 1261
974: 1308 1084
975: 1867 1786
976:
977:
978: 2132 1899 1341 1163
979: 2053 1473 1432 1416
980: 1685 1051
981:
982: 1272
983: 2155
984: 1014
985: 1898 1079
986:
987: 1729 1128 1080
988: 1847
989: 962
990: 1503
991: 1410 928
992: 1761 1719 1169
993:
994:
995:
996:
997:
998:
999:
1000:
1001: 1447 1441 1170
1002:
1003:
1004: 1040
1005: 1461 1132
1006:
1007: 2030
1008:
1009:
1010: 1332
1011: 1919 1030
1012: 1107 988
1013: 1688
1014:
1015: 1373
1016:
1017:
1018: 1462
1019: 1673 1325
1020:
1021: 1241
1022: 1669
1023: 1682
1024:
1025: 1011 1003
1026: 2149
1027: 1258
1028:
1029: 1177
1030: 1539
1031: 1826
1032: 1371
1033:
1034: 1354
1035: 1946
1036: 1762
1037: 1963
1038:
1039: 1266
1040:
1041: 1880
1042:
1043: 1728 1149
1044: 1689
1045:
1046: 1057
1047: 2089 1741 1362
1048: 1213
1049: 2080 1475
1050:
1051:
1052: 2134 1334
1053:
1054:
1055: 1819
1056:
1057:
1058: 1768
1059:
1060:
1061:
1062: 1073
1063: 1311
1064: 1239
1065: 1999 1896 1486
1066:
1067:
1068: 2011 1344
1069: 2095 1476 1290
1070: 1717
1071: 1851 1133
1072:
1073:
1074: 2046 1989 1585
1075:
1076: 1319 1070
1077:
1078:
1079: 1187
1080: 2068 1551 1125
1081: 1671
1082: 1038
1083: 1424 1023
1084: 1828 1670
1085:
1086:
1087: 1780
1088:
1089:
1090:
1091:
1092: 1704
1093:
1094: 2105
1095:
1096:
1097: 1564
1098:
1099:
1100: 1506
1101: 1142
1102: 1113
1103: 1954 1903 1709
1104: 2065
1105: 1090
1106: 1687
1107:
1108: 1479
1109:
1110:
1111: 1962
1112: 1930 1646 1192
1113:
1114: 1309
1115: 2154
1116:
1117: 1087
1118:
1119:
1120:
1121: 1695
1122: 1644
1123:
1124: 1139 1095
1125:
1126:
1127:
1128: 1633 1180
1129: 1573
1130:
1131: 1936
1132:
1133: 1649
1134:
1135:
1136: 1237
1137:
1138:
1139:
1140: 1581 1092
1141: 1629
1142: 2136
1143:
1144:
1145: 1191
1146: 1504
1147:
1148:
1149:
1150:
1151:
1152:
1153:
1154:
1155:
1156: 1345
1157:
1158: 2017
1159: 1886
1160: 1667 1357
1161:
1162: 2031
1163: 2051
1164:
1165: 2027 1951 1481
1166:
1167:
1168: 1401 1166 1106
1169: 2015
1170:
1171:
1172:
1173:
1174:
1175:
1176: 1102
1177: 1393
1178: 1282
1179:
1180: 1613
1181: 1851
1182:
1183: 1289
1184: 2103
1185:
1186:
1187: 1798
1188: 2007 1404
1189: 1542 1522
1190:
1191: 2144
1192:
1193: 1871 1779
1194: 1976 1535 1402
1195:
1196: 1481
1197:
1198: 1947
1199:
1200:
1201:
1202:
1203:
1204:
1205: 1456
1206:
1207:
1208:
1209:
1210: 1318
1211: 2161 1505 1421
1212: 2045
1213:
1214:
1215:
1216: 1672
1217:
1218:
1219:
1220:
1221: 2172
1222:
1223:
1224: 1835
1225: 1972 1907 1487 1247
1226:
1227:
1228:
1229: 1958 1911
1230:
1231:
1232:
1233: 1855 1214
1234:
1235:
1236: 2126 1714 1221
1237: 1837 1450
1238: 1276
1239:
1240: 1882 1827
1241:
1242: 1469
1243:
1244: 2077 1627
1245: 1529
1246:
1247: 1230
1248: 1418
1249: 2125
1250:
1251: 1467
1252:
1253: 2003
1254:
1255:
1256:
1257:
1258:
1259:
1260:
1261: 1636 1391
1262: 1255
1263:
1264:
1265:
1266:
1267:
1268:
1269: 1876 1243
1270:
1271:
1272:
1273: 2027 1941
1274:
1275: 1775
1276:
1277:
1278: 1384
1279:
1280: 2082
1281: 1356
1282: 1298
1283: 1859 1686 1530 1413
1284: 1660
1285: 1791 1642
1286: 2147
1287: 1595
1288: 1433
1289: 2022
1290:
1291: 1297
1292: 1782 1611
1293:
1294:
1295: 1727
1296:
1297:
1298:
1299:
1300: 1302
1301: 1767
1302: 1576
1303:
1304:
1305: 1242
1306:
1307: 1248
1308: 2091
1309: 1657 1277
1310: 1317
1311:
1312:
1313: 1395 1278
1314: 1350 1291
1315: 1993 1835
1316:
1317: 1922 1770
1318: 1764
1319:
1320: 2143 1427 1283
1321: 2127
1322:
1323:
1324:
1325:
1326: 2131
1327: 1634
1328: 1932 1526
1329: 1629
1330:
1331: 2021
1332: 1639
1333:
1334: 2113
1335: 2056
1336: 1926
1337:
1338: 1333
1339: 1808
1340:
1341: 2117
1342: 1916
1343: 1806 1703
1344: 2084 1556
1345: 1889
1346:
1347:
1348:
1349: 1722 1495
1350: 1628 1340
1351:
1352: 1439
1353:
1354: 1956
1355: 1919 1606
1356:
1357:
1358:
1359:
1360: 1304
1361: 2005
1362: 1829
1363:
1364: 2039
1365:
1366:
1367: 1561
1368:
1369:
1370:
1371:
1372:
1373: 2040
1374: 1459
1375: 1443
1376: 2081 1489
1377: 1821
1378:
1379:
1380: 1501
1381:
1382: 1997
1383: 2097
1384:
1385:
1386:
1387: 2143 1668 1427
1388:
1389:
1390:
1391:
1392: 1363
1393:
1394: 1733
1395:
1396: 1940
1397:
1398:
1399:
1400:
1401:
1402:
1403:
1404:
1405:
1406:
1407:
1408:
1409: 2061
1410:
1411:
1412: 1612
1413: 1881
1414: 1647
1415:
1416: 1665
1417: 1868
1418: 2014 1985
1419:
1420: 1773 1708
1421: 1365
1422: 2098
1423: 1877
1424: 1494
1425: 2172 1750
1426:
1427: 2145 2140
1428: 1637
1429: 1409
1430: 1527
1431:
1432:
1433:
1434:
1435:
1436: 1907
1437: 1519
1438:
1439:
1440: 1854 1442
1441:
1442:
1443: 1984
1444:
1445: 1675
1446:
1447:
1448:
1449:
1450:
1451:
1452:
1453: 1966 1369
1454:
1455:
1456:
1457:
1458: 1567
1459: 1939
1460:
1461:
1462:
1463:
1464:
1465: 1541
1466: 1839
1467:
1468:
1469:
1470: 1407
1471:
1472:
1473:
1474: 2009 1810
1475:
1476:
1477: 2084
1478:
1479: 1872
1480: 1694
1481: 1721
1482:
1483:
1484:
1485:
1486:
1487:
1488: 1515
1489:
1490:
1491: 1892
1492: 1785
1493:
1494:
1495:
1496: 1876
1497:
1498: 1746
1499: 1815 1417
1500:
1501: 1889
1502:
1503: 1656
1504: 1635
1505: 1929
1506:
1507:
1508: 1693
1509:
1510:
1511: 1838
1512:
1513:
1514:
1515:
1516:
1517: 1616
1518: 1513
1519:
1520: 2129 2107 1661
1521: 2099 1978
1522:
1523:
1524:
1525:
1526: 1891
1527: 1508
1528: 1500
1529:
1530:
1531:
1532:
1533:
1534: 1817
1535:
1536: 1834
1537:
1538:
1539:
1540:
1541:
1542:
1543:
1544: 1524
1545:
1546:
1547:
1548:
1549: 1677
1550:
1551:
1552: 2035
1553:
1554:
1555:
1556:
1557:
1558:
1559:
1560:
1561: 1678
1562:
1563: 1958 1911 1849
1564:
1565:
1566:
1567:
1568:
1569:
1570:
1571: 1850
1572: 2032 1818
1573: 2116
1574:
1575:
1576: 1953 1756
1577:
1578:
1579:
1580:
1581:
1582:
1583:
1584: 1823
1585: 1536
1586: 1879
1587:
1588:
1589:
1590:
1591:
1592:
1593: 1592
1594:
1595:
1596:
1597:
1598:
1599:
1600:
1601:
1602:
1603:
1604: 1825 1598
1605: 2111
1606: 1759
1607:
1608:
1609:
1610:
1611:
1612: 2076
1613:
1614:
1615:
1616:
1617:
1618: 1648
1619: 1596
1620:
1621:
1622:
1623:
1624:
1625:
1626:
1627:
1628:
1629:
1630:
1631:
1632:
1633:
1634: 1802
1635: 1752
1636:
1637: 1944
1638:
1639:
1640:
1641: 1615
1642:
1643:
1644:
1645:
1646:
1647:
1648:
1649:
1650:
1651: 1594
1652:
1653:
1654:
1655:
1656:
1657:
1658: 1830
1659:
1660:
1661:
1662:
1663: 1980
1664:
1665:
1666:
1667:
1668:
1669:
1670: 1897
1671:
1672: 2142 2078 1957
1673: 1619
1674: 2167 2072
1675:
1676:
1677:
1678:
1679:
1680: 1904
1681:
1682:
1683: 1934
1684:
1685:
1686: 1986
1687:
1688:
1689:
1690:
1691: 1623
1692:
1693:
1694:
1695:
1696:
1697: 2075
1698:
1699:
1700:
1701:
1702:
1703:
1704:
1705:
1706:
1707:
1708:
1709:
1710:
1711:
1712:
1713: 2025
1714:
1715:
1716:
1717:
1718:
1719: 1864
1720: 1995 1894
1721: 1641
1722:
1723:
1724: 1999 1896
1725:
1726:
1727:
1728:
1729: 2092
1730:
1731: 2006
1732:
1733:
1734: 1725
1735:
1736:
1737: 1710
1738: 1923
1739: 2153
1740:
1741:
1742:
1743:
1744:
1745:
1746: 1801
1747:
1748: 2150
1749:
1750:
1751:
1752: 1754
1753:
1754:
1755: 1900
1756:
1757:
1758: 1795
1759: 2002
1760:
1761:
1762:
1763:
1764:
1765:
1766:
1767: 2041 1749 1706
1768:
1769:
1770:
1771: 1724
1772: 2004
1773:
1774:
1775: 1885
1776: 1870
1777:
1778:
1779:
1780:
1781:
1782:
1783: 2119
1784: 2074
1785:
1786:
1787:
1788:
1789:
1790:
1791:
1792:
1793: 1927
1794:
1795:
1796:
1797:
1798:
1799: 2028
1800:
1801:
1802:
1803:
1804:
1805:
1806: 2047
1807:
1808:
1809:
1810:
1811:
1812:
1813:
1814:
1815:
1816:
1817:
1818:
1819: 1845
1820: 1857
1821:
1822:
1823: 2141
1824:
1825:
1826:
1827:
1828:
1829:
1830:
1831:
1832:
1833:
1834:
1835:
1836:
1837:
1838:
1839:
1840:
1841:
1842:
1843:
1844: 1917
1845:
1846:
1847: 2052 1787
1848:
1849:
1850:
1851:
1852:
1853:
1854:
1855: 1971
1856:
1857:
1858:
1859: 2171
1860: 2070
1861:
1862:
1863:
1864:
1865:
1866:
1867: 2118
1868: 1811
1869:
1870:
1871:
1872:
1873:
1874:
1875:
1876:
1877:
1878:
1879:
1880:
1881:
1882:
1883:
1884:
1885: 1952
1886:
1887: 2103 1841
1888: 2066
1889:
1890:
1891: 2156
1892:
1893:
1894:
1895: 2069
1896:
1897:
1898:
1899:
1900:
1901:
1902:
1903:
1904:
1905:
1906: 1950
1907: 1873
1908: 1983
1909:
1910: 1921
1911:
1912:
1913: 1967
1914:
1915:
1916:
1917:
1918: 1910
1919: 2108 1914
1920:
1921:
1922:
1923:
1924:
1925:
1926:
1927: 2128 1977
1928:
1929:
1930: 1902
1931:
1932:
1933:
1934:
1935:
1936:
1937:
1938:
1939:
1940:
1941:
1942: 2023
1943:
1944:
1945:
1946:
1947:
1948:
1949:
1950:
1951:
1952:
1953:
1954:
1955:
1956:
1957: 1987
1958:
1959:
1960:
1961:
1962:
1963:
1964:
1965:
1966:
1967:
1968:
1969:
1970:
1971:
1972:
1973:
1974:
1975: 1970
1976:
1977:
1978:
1979:
1980: 1979
1981:
1982:
1983:
1984:
1985:
1986:
1987:
1988:
1989: 2033
1990: 1964
1991:
1992:
1993:
1994:
1995: 2146
1996:
1997:
1998:
1999:
2000:
2001:
2002: 2152
2003:
2004:
2005:
2006:
2007:
2008:
2009:
2010:
2011:
2012:
2013:
2014:
2015:
2016:
2017:
2018:
2019:
2020: 1990
2021:
2022:
2023:
2024:
2025:
2026:
2027:
2028:
2029:
2030:
2031:
2032:
2033:
2034: 2013
2035:
2036:
2037:
2038:
2039:
2040:
2041:
2042:
2043:
2044:
2045:
2046:
2047:
2048:
2049:
2050:
2051:
2052:
2053:
2054:
2055:
2056:
2057:
2058: 2124
2059:
2060:
2061:
2062:
2063:
2064:
2065:
2066:
2067:
2068:
2069:
2070:
2071:
2072:
2073:
2074:
2075:
2076:
2077:
2078:
2079:
2080: 2055
2081:
2082:
2083:
2084:
2085:
2086:
2087:
2088:
2089:
2090:
2091:
2092:
2093:
2094:
2095:
2096:
2097:
2098:
2099:
2100:
2101:
2102:
2103:
2104:
2105:
2106:
2107: 2060
2108:
2109:
2110:
2111:
2112:
2113:
2114:
2115:
2116:
2117:
2118:
2119:
2120:
2121:
2122:
2123:
2124:
2125:
2126:
2127:
2128:
2129:
2130:
2131:
2132:
2133:
2134:
2135:
2136:
2137:
2138:
2139:
2140:
2141:
2142:
2143:
2144:
2145:
2146:
2147: 2157
2148:
2149: 2123
2150:
2151:
2152:
2153:
2154:
2155:
2156:
2157:
2158:
2159:
2160:
2161:
2162:
2163:
2164:
2165: 2166
2166:
2167:
2168:
2169:
2170:
2171:
2172:
2173:
2174:
2175:
2176:
2177:
2178:
2179:
2180:
2181:
2182:
2183:
2184:
2185:
2186:
2187:
2188:
2189:
2190:
2191:
2192:
2193:
2194:
2195:
2196:
2197:
2198:
2199:
2200: 2158
2201:
2202:
2203:
2204:
2205:
2206:
2207:
2208:
2209:
2210:
2211:
2212:
2213:
2214:
2215:
2216:
2217:
2218:
2219:
2220:
2221:
2222:
2223:
2224:
2225:
2226:
2227:
2228:
2229:
2230:
2231:
2232:
2233:
2234:
2235:
2236:
2237:
2238:
2239:
2240:
2241:
2242:
2243:
2244:
2245:
2246:
2247:
2248:
2249:
2250:
2251:
2252:
2253:
2254:
2255:
2256:
2257:
2258:
2259:
2260:
2261:
2262:
