1: 557 352 5 4 3 2 1
2: 718 558 408 187 103 15 8
3: 273 193 11 9
4: 359 332 318 39
5: 718 664 410 248 236 225 191 38 28 14 13 6
6: 581 370 345 338 119 31 10 7
7: 751 595 581 538 420 414 370 345 338 210 166 119 116 49 31 22 21
8: 538 12
9: 538 224 114 99 41 33
10: 713 424 401 182 135 61 19 16
11: 610 282 48 47 42
12: 594 483 326 250 211 179 77 66 32 17
13: 648 403
14: 396 240 146 137 25
15: 718 611 544 410 309 248 242 236 232 225 216 191 127 84 38
16: 240 73 56 26 18
17: 562 481 288 102 20
18: 745 645 603 569 379 82 77 68 57 37 34 27
19: 481 102
20: 483 326 225 191 184 136 38 28 24
21: 751 531 435 420 378 307 254 175 166 164 116
22: 704 483 425 385 375 346 326 294 97 75 52 45 35 30
23: 751 445 315 121
24: 468 441 394 188
25: 364 36
26: 555 548 486 192 107 23
27: 374
28: 642 502 434 267 243 229 155 139 120
29: 595 548 321 210 192 107 98 69 55 50 49
30: 563 415 398 343 141 133 43 40 29
31: 531 307 51
32: 645 569 130 129 82 68 57 37 34
33: 688 670 526 290 223 215 81
34: 450 407 323 258 104 72
35: 343 132 46
36: 624 360 214 158 64
37: 413 238 208 115 105
38: 309 242 232 216 127 54 44
39: 130 129
40: 729 519 400 219 128
41: 502 434 110 71
42: 622 557 546 520 414 393 382 352 270 74 60
43: 70
44: 729 635 606 553 519 518 433 414 400 378 254 219 164 62
45: 717 117
46: 713 630
47: 739 674 515 421 204 90
48: 260 255 200 65
49: 675 556 222 126
50: 266
51: 257 96 79
52: 638 417 369 153 143
53: 743 710 442 106 86 76
54: 444 152 78
55: 575 388 141 133 111
56: 755 687 464 386 339 113
57: 553 433 85
58: 111
59: 333 328 93
60: 574 278 58
61: 551 263 83 53
62: 635 606 518 411
63: 648 437 403 286 244
64: 600 583 330 190 89
65: 664 279 87
66: 147 59
67:
68: 324 319 101
69: 695 592 354 348 178 91 67
70: 353 63
71: 527 500 185
72: 658 88
73: 751 467 420
74: 145
75: 578 520 393 382 125 112
76: 80
77: 468 441 394
78: 710 160
79: 690 474 463 217 140
80: 635 606 518 151 95
81: 599 574 177
82: 184 136
83: 555
84: 697 688 350 131
85: 229
86: 94 92
87: 516 355 157
88: 575 292 180
89: 578 428 363 108
90:
91: 351 195 100
92: 745 603 379 252
93: 611 544 199 197 159
94: 325
95: 528 499 162
96: 653 310 186
97: 196 168
98: 667 280 165
99: 302 262
100: 573 313 245
101: 231
102: 517 124 123 109
103: 435 175
104: 672 605 535 462 118
105: 611 544 402 368 213
106: 424 163 135
107: 388
108: 611 549 544 402 368 122
109: 527 500 484 422 389 185 134
110: 181
111: 183
112: 468 441 315
113:
114: 342 276 173
115:
116: 314 149
117: 717 659 270
118: 669 593 269 234 174
119: 563 415 398 381 377 365 221 148
120: 138
121: 712 233
122: 209 170
123: 329 246
124: 486 201
125: 596 289
126: 334
127: 655 501 167 150
128: 284 230
129: 482 438 264
130: 688 655 501
131: 281 203 144
132: 154
133: 636 503 142
134: 717
135:
136: 706 586 388 256
137: 742
138: 239
139: 753 731 561 361
140: 655
141: 485 172 161
142: 687 650 464 386 364 339
143: 727 189 171
144: 158
145: 634 557 452 352 169
146: 419 228 212 198
147: 297
148: 173
149:
150: 287 218
151: 336
152: 347 304 274 156
153:
154: 220 205
155: 732 258
156: 194
157: 735
158: 322 259
159:
160: 747 591 547 397 275 176
161: 716 414
162: 383 381 377 365 340
163:
164: 285
165: 437 244
166:
167: 473 429
168: 454 305 226
169: 720 237
170:
171: 249
172: 628 335 299 283 235 202
173: 521
174:
175: 735 662 541 405 327
176:
177: 373
178: 704 425 294
179: 740
180:
181: 312
182: 206
183: 758
184: 621 568 566 529 277
185: 311
186: 698 670 526 207
187:
188:
189: 629
190: 366 227
191: 700 689 654
192:
193: 513
194: 637
195: 614 597 247
196: 436
197: 561 495
198:
199: 272
200:
201: 609
202: 625 559 513 356
203: 320
204: 337 306
205:
206: 753 731 498
207: 308
208: 668 649 608 392 265
209:
210: 268
211:
212: 567 554
213: 392 367
214:
215: 362 253 251
216: 587 442
217: 628 608 380
218: 418 241
219:
220: 300 296
221: 604 303
222:
223:
224: 672 271
225: 605 535
226: 693 589
227: 685
228: 498 475 453 426
229: 385 375 346
230: 748
231: 406
232: 384 341 295
233: 754 261
234: 716
235: 756 724 584 514 293 291
236: 469 323
237: 349
238:
239: 617
240: 301
241:
242:
243:
244: 750 372 344
245: 667 479 476 471
246: 446 427
247:
248: 743 492
249: 633 623 565
250: 391 317
251: 416 298
252: 536
253: 447
254: 641 582 395
255: 480 472 448 316
256:
257: 430 390
258: 432 399
259: 496
260: 439
261: 682
262: 524
263: 371
264:
265: 572 357
266: 560 423 358
267: 564 506
268: 374
269: 703
270:
271: 530 451
272: 331
273: 590
274:
275:
276:
277: 695 592
278: 457
279:
280: 744
281:
282:
283: 626 460
284: 478
285: 669 593
286:
287:
288:
289:
290:
291:
292: 622 546
293: 445
294:
295: 450
296: 650
297: 675 556
298:
299: 745 603 539
300: 611 544
301: 633 623 565
302: 728 491
303:
304: 461
305:
306:
307:
308: 722
309:
310:
311: 404
312: 723
313:
314: 477 412 409
315:
316: 665
317: 671
318:
319: 681
320: 738 706 586
321:
322: 678
323: 456
324:
325: 376
326: 736 709 387
327:
328: 509
329:
330: 696
331:
332: 741 579
333: 671 465
334: 512
335:
336: 440
337:
338:
339:
340: 542
341: 747 691 627
342: 462
343: 459
344: 613
345:
346:
347:
348: 588
349: 701 580
350: 523
351:
352:
353: 757 510 449
354:
355: 505
356: 700 689
357: 693
358: 620
359: 646 540
360: 725 511 431
361:
362:
363:
364:
365:
366:
367:
368: 537
369: 470
370: 752
371:
372:
373:
374:
375: 699
376: 443
377:
378: 534
379:
380:
381:
382: 604 552
383:
384:
385: 661
386: 525 455
387: 660
388:
389:
390: 507 497
391: 585
392: 487
393:
394:
395:
396:
397:
398:
399: 601 533
400:
401: 644 522
402: 466
403: 625 559 490
404:
405:
406: 458
407:
408: 640
409: 508
410:
411: 719
412:
413:
414:
415:
416:
417: 618
418: 686
419: 607 488
420:
421: 489
422: 543
423:
424: 587
425:
426: 698
427: 712
428:
429: 732
430:
431: 504
432: 493
433: 615
434: 494
435:
436:
437:
438:
439: 577
440:
441:
442:
443:
444:
445:
446:
447:
448:
449:
450:
451: 683
452:
453: 545
454: 657
455:
456: 749
457:
458: 737
459:
460: 747 641 582
461:
462:
463:
464: 703
465:
466:
467:
468:
469:
470: 550 532
471: 666
472:
473: 730
474: 676
475: 570
476:
477:
478: 639 631
479:
480: 643
481: 602
482:
483:
484:
485:
486:
487:
488:
489:
490: 651
491:
492:
493: 571
494:
495:
496:
497:
498:
499:
500:
501: 692 616
502: 576
503:
504:
505: 703
506: 677
507:
508:
509: 612
510:
511:
512:
513:
514: 632
515: 733
516:
517:
518:
519:
520:
521:
522:
523:
524: 746 598
525: 619
526:
527:
528: 680
529: 695
530:
531:
532:
533: 647
534:
535:
536:
537:
538:
539:
540:
541: 652
542:
543:
544:
545:
546:
547:
548:
549: 726
550:
551:
552:
553:
554:
555:
556:
557:
558:
559:
560:
561:
562:
563:
564:
565:
566: 663
567:
568:
569: 705
570:
571:
572:
573:
574: 721
575:
576:
577:
578:
579:
580:
581:
582: 656
583:
584:
585: 694
586: 673
587: 711
588:
589: 702
590:
591:
592: 714
593:
594:
595:
596:
597:
598:
599: 679
600:
601:
602:
603:
604:
605: 734
606:
607: 707
608: 684
609:
610:
611:
612: 715
613: 708
614:
615:
616:
617:
618:
619:
620:
621:
622:
623:
624:
625:
626:
627:
628:
629:
630:
631:
632:
633:
634:
635:
636:
637:
638:
639:
640:
641:
642:
643:
644:
645:
646:
647:
648:
649:
650:
651:
652:
653:
654:
655:
656:
657:
658:
659:
660:
661:
662:
663:
664:
665:
666:
667:
668:
669:
670:
671:
672:
673:
674:
675:
676:
677:
678:
679:
680:
681:
682:
683:
684:
685:
