1: 774 512 252 210 199 60 35 10
2: 843 619 479 105 22 19 7 6 1
3: 215 91 36 33
4: 75 34 31 2
5: 550 523 85 53 9 8 4 3
6: 130 43 26 24 5
7: 771 649 531 517 485 409 360 51 47 11
8: 460 251 76 27 16
9: 528 298 15 13
10: 206 153
11: 766 691 471 347 193 94 90
12: 626 348 313 290
13: 99 64
14: 674 664 568 73 14
15: 691 347 257 193 94 90 48 29
16: 724 329 288 275 142 121 107 97 92 74 68 52 49 12
17: 803 563 506 436 215 212 206 186 153 91 66 36 33 23
18: 800 172 123 79 42
19: 806 242 192 134 40
20: 742 499 183 115 67 37 20 17
21: 62
22: 765 322 237 56
23: 766 256 119 46 25 18
24: 643 488 220 198 110 55 45 30 21
25: 809 651 228 159 103 28
26: 567 63
27: 265 195 32
28: 354 167 139 137 69
29: 549 279 202 124 50
30: 569 499 183 115 67
31: 684 647 560 535 478 463 346 223 209
32: 707 277 77
33: 581 353 336 235 213 170 163 59 54
34: 724 615 574 255 142 121 97 68 39
35: 779 595 267 88
36: 599 474 102 38
37: 349 44
38: 702 643 114
39: 720 568 416 227 58
40: 781 777 742 607 405 208 71
41: 41
42:
43: 755 377 177
44: 745 133 100
45: 676 456 388 81 65
46: 329
47:
48: 547 335 61
49: 486 236 72
50: 563 506 363
51: 545 250 112 101
52: 853 774 512 345
53: 804 782 752 714 707 566 387 308 270 225 214
54: 615 255
55: 643 636 438 86
56: 848 606 590 108 87 57
57: 684 647 478 209
58: 741 174 70
59: 703 573 82 80
60: 794 98
61: 659
62: 811 261
63: 630 222 78
64: 843 649 619 125
65: 791 434 158 106
66: 462 128
67: 667 319 221
68: 310 245 165
69: 808 113
70: 626 348 313 93
71: 407 194
72: 843 619 84
73: 695 646 299 83
74: 593 344 232
75: 485 226 201 196 180 179
76: 601 277 224
77: 738 309
78: 569 340
79: 677 489 394 233
80: 807 660 494 178
81: 395 286
82: 184
83: 485 200 89
84: 848 702 606 590 473 453 138 96
85: 734 516 492 260 205
86: 792 585
87: 717
88: 698 122 111
89: 804 752 566 308 225 214
90: 844 779 595 584 267 131
91: 493 307 120
92: 768 297
93: 641 291 281
94: 702 350
95: 798 436 186 129
96: 618 501 126
97: 782 341 168 116
98: 516 260
99: 231 161 127
100: 461 410
101: 104
102: 597 338 144
103: 295 95
104: 825
105: 577
106: 781 748 519 282 157
107: 840 751 484
108: 574 132 109
109: 544 530 229 169
110: 817 716 333 325 189
111: 731 270 176 118
112: 706 150
113: 695 646 496 239 173
114: 758 258
115:
116: 649 365 184
117: 599 548 474 468 315
118: 496 361
119: 450 135
120:
121: 466 366 117
122: 445 207
123: 806 750 628 204
124: 689 386 234 166
125: 187 181
126: 607
127: 616
128: 737 650 418
129: 692 327 243
130: 753 303
131:
132: 666 204
133: 555
134: 467 392 217
135: 146
136: 565 382
137: 141 136
138: 203
139: 838 820
140: 473
141: 688 312
142: 730 638 355
143: 587 330 175 148
144: 840 838 820 384 143
145: 736 734 381 185
146: 601 151
147: 359 273 211
148: 798
149: 317 280
150: 171
151: 844 584
152: 801 428 294 254 241 149
153: 704 266 249 164
154:
155: 579 551
156: 356 305
157: 784 190 160
158:
159: 353 336 235
160: 140
161: 581 577 253 213 147
162: 748
163: 469 300
164: 808 271 188 152 145
165:
166: 389 383
167:
168: 154
169: 529
170:
171: 592 155
172: 825 156
173: 721 703 640 575 573
174: 792 585
175: 517 515
176: 264
177: 375
178:
179: 678
180: 334
181: 808
182: 624
183: 764 471
184:
185: 852 795 618 502 501 191
186: 759 643 507 487 400
187: 663
188: 240
189:
190: 162
191: 794
192: 750 216
193: 244
194: 687 417 370
195: 707 397
196:
197: 842 306 278
198: 561
199: 230 182
200: 816 719 293 246
201: 520 480 433 420
202: 534
203:
204: 248 219
205: 389
206: 795
207:
208: 332 197
209: 753 483
210:
211: 290
212: 339
213: 759 631 507 487 444 413 400 274
214: 452 437
215:
216: 680 343
217: 320 247
218: 764
219: 617
220:
221: 391 331 321 296
222: 812 430 412
223: 826 749
224: 771 360
225:
226: 548 468 315
227: 521
228: 218
229: 839 238
230: 301 264
231: 800 577
232: 723 703 656 573 283
233: 369
234: 594
235: 421
236: 414
237:
238: 699 328
239: 790 637 558
240: 844 584
241: 441 342
242: 337 314 276
243: 783 632 292
244: 564 268 259
245: 672 627
246: 653 556 357
247: 302
248: 700 477
249: 537 446
250: 284
251: 437
252: 269
253: 429
254: 521
255: 567 408 272
256: 287
257: 500
258: 576
259: 774 512
260: 426
261: 289
262: 643 263
263: 526
264: 607
265: 629 491
266:
267: 527
268: 546 543
269:
270: 427 326
271: 364
272: 262
273: 676
274: 569
275: 709 431
276:
277: 772
278: 701 673
279: 399
280: 369
281: 712 385 304
282: 575 571
283: 772 465
284: 505 475 447 442
285: 508 311
286: 285
287: 793 613
288: 671
289: 644
290: 819 763 600
291: 770 669
292: 807 570 443 372
293:
294: 685
295: 635 367 324
296:
297: 411 376
298:
299:
300: 323
301: 509
302: 576 559
303:
304: 839 462
305: 453
306: 756 675 432
307: 517 485 352
308: 358
309: 614 562 422
310: 603
311: 532
312: 472
313: 776 396 318
314: 805
315: 497
316: 835 802 316
317: 373
318: 351
319: 777
320:
321: 834 796
322:
323: 599 476 459
324: 744 404
325:
326: 403
327:
328: 511 440
329: 801
330:
331: 698
332: 349
333: 751 604 368
334: 745
335: 596
336:
337:
338: 689 631 509 444 413
339:
340:
341:
342: 423 415 402
343: 362
344:
345: 518 490
346: 598
347:
348: 848 401
349:
350: 522 419
351:
352:
353: 385
354:
355:
356: 722 588 380
357:
358:
359: 378
360: 769
361: 371
362: 424
363: 379
364:
365: 535
366: 435
367: 547
368: 683 393
369: 589
370: 711 455
371: 743
372:
373:
374:
375: 622 554
376: 847
377:
378: 525
379: 571
380:
381: 513
382:
383: 826
384: 625 398
385:
386: 844 713
387: 840
388: 463
389: 449
390:
391: 390
392: 374
393:
394:
395:
396: 678
397: 482
398:
399:
400: 757 655
401:
402:
403:
404: 789
405:
406:
407:
408:
409: 666
410: 767 578 425
411: 611
412:
413:
414:
415: 824 586
416:
417:
418:
419: 612 458
420:
421: 653
422:
423:
424: 708 572
425:
426: 538 457
427: 605
428: 406
429: 733
430:
431:
432:
433:
434:
435: 747
436: 810
437: 540 503 498
438:
439: 760
440:
441: 706 541
442:
443:
444:
445:
446:
447:
448: 690 686 504 481
449: 495
450:
451: 602
452:
453:
454: 510
455:
456:
457: 652 553 439
458: 777
459: 557 451
460:
461:
462: 670 448
463:
464:
465:
466:
467:
468:
469:
470:
471: 639
472: 661
473:
474: 829 454
475: 746 464
476:
477: 830
478: 833
479:
480:
481:
482:
483:
484:
485:
486: 515
487: 727 470
488:
489: 748
490:
491:
492: 710 620 552
493: 817 716
494: 836 773 524
495: 542
496:
497:
498:
499: 665
500:
501:
502:
503:
504: 514
505:
506:
507:
508:
509:
510: 749
511: 662
512:
513: 658
514: 775 679
515: 797 633
516: 787 536
517: 705
518: 832
519:
520: 539
521: 729
522:
523: 642
524: 533
525:
526:
527:
528: 621
529:
530: 805 674 664
531: 591 580
532:
533:
534: 714
535:
536: 608
537:
538:
539:
540:
541:
542:
543:
544:
545: 683
546:
547: 555
548: 822
549:
550: 696
551:
552:
553: 799 697
554: 593
555:
556:
557: 681 609 583
558: 823 740
559:
560:
561:
562: 678
563: 755 610
564:
565:
566:
567:
568:
569:
570:
571:
572:
573:
574:
575:
576: 656
577:
578:
579: 739
580:
581:
582:
583: 785
584: 814
585: 694
586:
587:
588: 668
589: 582
590: 654
591:
592:
593: 748
594: 849
595:
596:
597:
598: 811
599:
600: 735
601:
602:
603: 623
604:
605:
606: 645
607:
608:
609:
610: 682
611: 761 693
612:
613:
614:
615:
616:
617:
618:
619:
620:
621:
622:
623:
624:
625: 648
626: 657
627: 780
628:
629:
630: 837
631:
632:
633:
634:
635:
636:
637: 812
638:
639:
640: 726
641:
642: 634
643:
644: 850 813
645: 736
646: 715
647: 842
648:
649:
650: 851
651:
652:
653:
654:
655:
656: 736
657:
658:
659:
660:
661:
662:
663:
664:
665:
666: 718
667:
668: 728
669:
670:
671:
672:
673:
674:
675:
676:
677:
678:
679:
680:
681:
682:
683: 855
684:
685:
686:
687:
688:
689:
690:
691:
692: 762
693:
694:
695:
696:
697: 846
698:
699:
700: 754
701: 821
702:
703:
704:
705: 846 725
706:
707:
708:
709:
710: 732
711:
712:
713: 841
714: 845
715:
716:
717:
718: 828
719:
720:
721:
722:
723:
724:
725: 815
726:
727:
728:
729:
730: 763
731:
732:
733:
734:
735:
736:
737:
738:
739:
740:
741:
742:
743:
744:
745:
746:
747:
748:
749:
750:
751:
752:
753:
754:
755:
756:
757:
758:
759:
760:
761:
762:
763:
764:
765:
766:
767:
768:
769:
770:
771:
772: 786
773:
774:
775:
776: 788
777:
778:
779:
780:
781: 778
782: 854
783:
784:
785:
786:
787:
788:
789:
790:
791: 832
792:
793:
794:
795:
796:
797:
798:
799:
800:
801:
802:
803:
804:
805:
806:
807:
808: 831
809:
810:
811:
812:
813: 853
814:
815:
816:
817:
818:
819: 818
820:
821:
822:
823:
824:
825:
826:
827:
828:
829:
830:
831:
832:
833:
834:
835:
836: 827
837:
838:
839:
840:
841:
842:
843:
844:
845:
846:
847:
848:
849:
850:
851:
852:
853:
854:
855:
856:
857:
858:
859:
860:
861:
862:
863:
864:
865:
866:
867:
868:
869:
870:
871:
872:
873:
874:
875:
876:
877:
878:
879:
880:
881:
882:
883:
