1: 1827 1103 792 535 353 259 30 10 2 1
2: 2601 543 29
3: 2218 1300 779 592 323 28
4: 1652 1544 807 793 781 683 511 495 470 18 9 8
5: 1667 173 126 41
6: 2800 1876 1607 1472 1099 918 698 503 281 192
7: 2768 2733 2352 2300 2140 1915 904 768 757 663 618 615 389 19 15
8: 1907 1309 45
9: 857 105 25 11 6
10: 446 414 72
11: 2717 2648 2606 2418 1496 1182 750 748 101 48 22 16 14
12: 2327 1460 910 735 212 204 55 51
13: 2746 847 705 551 522 395 211 95 66 4
14: 2573 1225 455 339 31 5
15: 2689 2435 239 230 134 100 78 40
16: 1508 954 802 216 13 7 3
17: 2443 1033 546 434 362 74 67
18: 1687 313 264 215 155 103 57 24
19: 2004 1461 1347 113 32
20: 2900 1499 694 355 346 317 54 52 42 36
21: 1471 532 385 252 247 233 185 17
22: 222 214 77 43
23: 141 23
24: 2680 2379 2172 1818 1782 1740 1011 371 39 21
25: 2410 2236 2103 902 616 370 217 121 115 12
26: 1539 1501 96
27: 2619 915 270 251 238 156
28: 1836 632 607 386 63
29: 1073 885 179 169 162 107
30: 832 181 46 33 20
31: 3093 1658 490 65
32: 1392 1020 114 97 50
33: 2367 1480 631 431 364 250 86
34: 979 666 457 451 195
35: 2895 2808 2644 2031 2007 1868 1767 1344 1277 953 937 773 702 630 602 580 569 352 277 263 254 131 123 110
36: 2717 2581 2535 2128 2015 1948 1749 1560 1505 1496 1003 943 856 810 748 657 597 470 360 219 208 101 76 48 47
37: 2042 1797 1381 498 413 234 85
38: 1479 369 253 202 109
39: 2327 2267 1876 1607 1460 999 918 910 698 281 212 204 146 141 26
40: 1900 953 937 702 667 580 277 263 232 122 38
41: 1014 629 149
42:
43: 1087 1064 256 188
44: 2909 2528 484 433 282 34
45: 1998 1994 1423 818 361 316 221 158 143 87 35
46: 2973 1558 331 82
47: 3115 3102 2461 2343 2249 2209 1172 869 743 593 545 425 415 329 283 206 49 27
48: 2464 2039 816 137 80
49: 2575 2125 1792 826 664 400 198 140 60
50: 2543 509 273 92
51: 2490 2284 1772 1557 1169 1030 788 642 599 482 465 333 292 218 53 37
52: 2575 2125 826 565 140 91 89 58
53: 1154 1065 690
54: 1956 1138 993 882 398 320 183 160
55: 2722 999 146 44
56: 2410 2236 902 616 370 217 59 56
57: 2683 2660 636 365 81 73
58: 591 427 99
59: 3021 2065 734 288
60:
61: 2233 1278 1108 708 111
62: 2356 1990 1480 1405 881 631 250
63: 2500 953 937 702 580 277 263
64: 2377 2031 1965 1277 906 670 630 602 569 266 242 166 98
65: 1538 583 444 388
66: 1866 1636 275 272 199
67: 320 183 62
68: 588 61
69: 2689 2435 1099 503 372 239 230 192 151 148 100 93
70: 2063 1885 1357 459 262
71: 2729 2597 1706 967 732 278 138 104 90 75 70
72: 3140 1615 1123 608 594 220 154 124
73: 3058 2659 2301 2167 2011 1985 1301 1112 241 108 68
74: 1966 1734 1099 935 892 865 566 503 157 150 142 84 79
75: 2694 2154 1808 1239 1162 699 318 255 112
76: 3058 900 683 495 343 334 64
77: 2179 1908 1712 1480 819 771 750 631 474 250 225 145 116 83
78: 3090 2106 1280 481 472 426 405 178
79: 2057 850 649 244 165 71
80: 2015 1749 1560 1505 856 219 208 69
81: 2020 401 207
82: 2822 298 88
83: 2203 1867 1542 1169 1165 713 599 161 144 133 94
84: 1542 1165 909 848 351 191
85: 3105 2233 1868 1278 789 761 440
86: 1174 293
87: 2006 1201 566
88: 2707 837 600
89: 3102 2831 2336 2249 2228 1172 593
90: 1580 1558 327 164
91: 1767 1344 254 123 110
92: 2757 2686 2411 1987 1666 1453 1114 654 470 139
93: 2808 387 309 261 196 127 117
94: 977 359 175
95: 1772 1030 788 312
96: 2962 2927 324 102
97: 2244 172
98: 2796 2359 2309 1773 1065 822 804 718
99:
100: 2429 2315 1778 1492 1147 437
101: 3104 1625 1536 1349 851 838 276
102: 1683 960
103: 3068 1734 896 892 872 610 397
104: 2042 1936 1797 1710 1381 1106 571 106
105: 2778 1548 1546 1018 539 475 322 245 132
106: 1890 1134 1111 1092 1055 652 552 391 348 248
107: 1580 1366 1327
108: 1993 449
109: 1923 1752 936 555 501 159
110: 2819 2581 679 613 441 223
111: 1870 1818 1740 1225 1084 533 455 371 339 321
112: 920 152
113: 981 971 392 129
114: 120
115: 1300 624
116: 1264
117: 424 258
118: 2294 2195 1817 1379 718
119: 2438 2405 2352 1703 1268 768 663 435 350
120: 2611 1495 648
121: 2730 1072 753
122: 2438 2405 1268 350 240
123: 865 224 171
124: 2965 2624 1906 174
125: 2063 1885 751 560 319 118
126: 919 689 382
127: 2848 332 304 286 200
128: 2905 2408 2144 1905 1621 1533 1192 1134 1111 1055 737 652 589 308 119
129: 1325 870 420 394
130: 642 333
131: 649 128 125
132: 2691 987 402 226
133: 724 658 366 295
134: 3068 896 872 610 397
135: 1867 194
136: 571 302 201
137: 1274 795 705 522 395 130
138: 2762 798 516 284
139: 2773 1773 1158
140: 3102 2729 2597 2249 1710 1625 1172 1106 1011 967 732 593 213
141: 2354 1767 1672 1669 1344 448
142: 3102 2730 2249 1172 877 784 766 753 593 168 163
143:
144: 2708 1642 876 315 184 135
145: 2834 2561 1677 701
146: 3068 1667 610 397 280 267 249
147: 793 781 683 495 343 334 136
148: 2659 1985 1301 1112 246
149: 509 411 279
150: 3015 2473 1057
151: 1870 1767 1344 718 533 254 176
152: 1626 790 209
153: 2490 218
154:
155: 2783 1704 1581 1005 680 478 299 147
156: 2757 2686 2411 1987 1666 1114 654 367 363
157: 2682 2208 1438
158: 2557 2488 2417
159: 486
160: 958 853 265 167
161: 1757 497
162: 2928 2264 1547 1374 1022 676 508 182
163: 2845 2774
164: 2585 442
165: 1922
166:
167: 2820 1652 807 153
168: 2965 1906 1034 337 260
169: 1477 824 649 336
170: 2546 2469 1403 1286 1227 908 899 453
171: 377 187
172: 750 205
173: 3124 1883 1487 1216 289
174: 1868 352 170
175: 1037
176: 1284 720 674 493 399 177
177: 3033 2620 664 400 198
178:
179: 2637 1882 1787 1529
180: 2252 2050 1048 1042 417
181: 2548 1415 730
182: 2039 1307 1304 228
183: 2775 2481 2314 2240 1049 891
184: 2302 507
185: 2706 2559 1602 1412 1098 586
186: 2965 2762 1906 1034 516
187: 2778 1548 1546
188: 2172
189: 1657 406 396
190: 2706 1098 180
191: 1340
192: 2069 741
193: 811 638 505 461
194: 1125 538 358
195: 2122 1978 1421 368 287
196: 643 462
197: 2969 1175 404
198: 1976 1137
199:
200: 1125 809 731 538 358
201: 2699 2500 297
202: 1643 189
203:
204: 2617 285 235 186
205: 2550 1641
206: 1000 946 531
207: 193
208: 1900 667
209: 587 340 231 229
210: 2005 500
211: 2905 2793 933 589 308
212: 2547
213: 2347 467
214: 1514 991 280
215: 3008 1668 574 524
216: 243
217: 2819 679 613 441 197
218: 1808 1239 699 305 190
219: 1084 321 269 236 203
220: 2322 1767 1514 1276
221: 1254 1240 647 430 421 349
222: 2367
223:
224: 3122 1653 1086 978 844 271
225: 2590 1102 774 393
226: 3082 2905 2799 1249 423
227:
228: 2807 903 562 301
229: 2307 390
230: 2432 2134 1418 1068
231: 314
232: 2934
233: 296
234: 2279 1289 210
235: 2648 1182
236: 2380 1167 488
237: 2830 2218 779
238:
239: 561
240: 291
241: 2286 1743 1207 469 237
242: 2613 2170 1444 534
243: 1838 1466 1233
244: 1846 1401 1207 1084 715 634 491 227
245: 1691 1029
246: 3098 2084 1526 1305 384
247: 3054 2537 2124 986 846 727 582 577
248: 1593 1135 514
249: 436
250: 2906 2072 2052 1104 1041 982 785 733
251: 1280 472 274
252: 2363 721
253: 1358
254: 942 695 512 450 257
255: 2200 479
256: 1860 1066 300
257: 1600 1564 739 527 403 354
258: 2931
259: 3102 2249 1349 1172 950 593
260: 3053 744 537
261: 2981 2935 1770 1438 1431 1255 1224 1058 755 294
262: 330
263: 3013 1692 1209 342
264: 2775 2314 1120 581 303
265: 2731 1267 487 380
266: 614 480
267: 2768 2733 904 757 618 325
268:
269: 3028 2827 1078
270: 2796 2309 822 804 504 306 290
271: 653
272: 607
273:
274: 928 326
275: 3015 778
276: 2230 2165 2094 523 409
277: 2568 2178 1708 1331 707
278: 2748 1070 502 439
279: 1090 849 700 473 268
280: 2994 2547 2148 1898 1646 1217 1140
281: 2951 2665 1997 1893 1608 1205 677
282: 3022 553 489 438
283: 1745 1236 471
284: 2419 2388 547
285: 1416
286: 1416 1131
287: 2564 1859 1281 665
288:
289: 879 464
290: 2501 855 408
291: 3091 3086 3039 2916 1483 989 375
292: 2485 1807 1657 1310
293: 1154 341
294: 2692 1877 782 719 526
295: 2994 2944 1409 1339 922 412
296: 2922 821 428
297: 3008 574 524 447
298: 2457 2410 2236 948 902 644 616 370
299: 2811
300: 670
301: 2356 881
302: 857
303: 773
304: 627
305: 595
306: 3105 3005 2925 2685 1587 789 761 440
307: 1874 1504
308: 2951 2465 2384 1888
309: 1150
310: 3143 2453 759
311: 3111 1050
312: 2574
313: 3095 2509 2473 2395
314: 3091 1483 989 567 432
315: 1836 386
316: 2487 1640 310
317: 3095 2509
318: 2615 2359 376 307
319: 2129 570
320: 2455 823 518
321: 2078 1475
322: 2550 2315 1800 1778 1641 1253 1147 311
323: 2555 2376 1849 1180 972 338
324:
325: 2604
326: 494
327: 2573
328: 2428 1367 1116 806
329: 887 728
330: 2678 2025 1428 625
331: 1787 808
332: 1973 1387 1383 833 381
333: 3028 2827 419
334: 3098 2084 1526 1271 1183 345
335: 1882 1529
336: 1752 1122 890 769 519
337: 2132 1736
338: 2179 1712 771 530
339: 1551 1522 956 926 378
340: 1685 1439 998 835
341: 2985 645
342: 2059 617
343: 813
344: 1238 1119 373
345: 1293 356 328
346: 2666 2575 2369 2238 2125 2032 1860 1765 1591 1296 973 959 826 565 483 418
347: 3086 3039 2916 1996 1969 1871 1488 770 685 410 344
348: 2876 1025 655 651 520 335
349: 2646 2242 2117 1532 1433 452 374
350: 2748 2694 2154 687
351: 2366 1664 640
352: 1223
353: 908 899 477
354: 2679 947 579 557 379
355: 2064 1295
356: 2889 1638 1285 669 540
357: 2820 604 347
358: 2832 2177 513 476
359: 866
360: 2450 691 383
361: 2414 775
362: 2967 2529 951 541 357
363: 1829 1606 1481
364: 1902 1260 1230 611
365:
366: 2779 568
367: 1438 1148 1107
368: 993 882 398
369: 2369 2238 1792 1690 1652 1442 886 807 578
370: 1534 786 682
371: 2935 1302
372: 2785 2323 2169 1101 622
373: 2972 2158 800
374: 2920 2144 1905 1533 1368 1188 598
375:
376: 1692 1209
377: 2343 869 425 415
378: 2614 873 646
379: 2266 1783 1262 1202 839
380: 671
381: 1650 862
382: 1928 1061 609 407
383: 2807 2663 1982 1577 944 714 559
384:
385: 2399 1654 506
386: 3109 2342 2141
387:
388: 900
389:
390: 1414 558
391:
392: 1142 463
393: 1085 980 767 726 468
394: 2226 496
395: 1192
396: 2847 2606
397: 2751 1290 564
398: 1596
399: 536 515
400: 2955 2264 1022 676 460
401: 1559 1498 961 845
402: 2765 2752 2398
403: 1462 723
404: 1889 1352
405: 2948 2710 1639 1322 716 492
406: 2834 701
407: 1387 833
408: 3122 2295 1653 1086
409:
410: 2046
411: 2551 2479 1252 1017 668
412: 1678 1539 1501 584 416
413: 1376 1238 1119
414: 2254 878
415: 2963
416: 1207 715 634 443 429
417: 2702 1620
418: 1502 803
419: 1162
420: 2565 703
421: 1031 659
422: 2898 1390 1016 925
423: 1443 1368
424: 2288 1920 1299 445
425: 2296 1727 1679 1676 1571 1455
426: 2331 2109 1692 1594 1209
427: 2822 738
428: 2745 525
429: 485 422
430:
431: 2561 2315 1778 1697 1019
432: 1977 777 601 554
433: 2924 2568 2178 1824 1708 1331 707 466 458
434: 2640 2219 1592 874
435: 3132 2446 2142 1716
436: 3028 2827 1908
437: 2508 1318 992 563
438:
439: 1831
440: 2784 1377 1075 842
441: 2837 2372 2306 1586 1396 1219 1197 572
442: 2807
443: 2231 1113 675
444: 2155
445:
446: 2532 1918 1515 1371 1115
447: 1246 1024 1015
448: 3009 2118 2002 1745 1724 1690 1623 578
449: 1554 860
450: 2676 2340 762
451: 678 456
452: 1881
453: 2980 2974 2211 1898 1894 1735 1646 1140
454: 665 454
455:
456: 2668 1837 710 692
457: 3048 1403 1286 1227 542
458: 2900 2223 1536 838
459: 2666 2032 1765 973 529
460: 2636 2140 1925 1915 615
461: 2729 2597 2013 1296 959
462: 2758 2173 2161 1806
463:
464: 2514
465: 1544 511
466: 2389 1559 1451 961 845
467: 2770 1343 1080 863 815
468: 2590 1559 1102 961 845 774
469:
470: 2688 1449
471: 3027 2729 2612 2597 2226 2126 974 967 732
472: 818
473:
474: 2427 1839 1333 1312 620
475: 2905 2632 1769 1274 795
476: 1121 1097 805
477: 2645 2622
478: 1763
479: 1071
480: 1637 548
481: 1771 660
482: 3054 2305 1667 820
483: 2203 713
484:
485: 1494 550
486: 2800 1539 1501 1472 1134 1111 1055 737 652
487: 2901 772
488: 2982 1351 1009 603
489:
490: 2971 2287 1475 1341 1078 923
491: 1938 1500
492: 686 499
493: 1599 905 830
494: 2722
495: 2707 1133 763
496:
497:
498: 2825 717
499: 1644 1283
500: 1804 1417
501: 1652 861
502: 1176
503: 2826 1447 897 606
504: 1649 1446 590
505: 3040 2175
506: 1160 799 573 510
507: 2730 1549 1445 758
508:
509: 2586 2373 2253 1975 1506
510: 1196 1060 1008
511: 3111 2712 1610 1050 994 924 898
512: 1727 1676 1571 1455
513: 2778 1787 1548 1546
514: 2606
515: 2376 2215 1849 945
516: 3113 2977 2095 1346 1256 1204 528
517: 1329 957 746 684 517
518: 1737 521
519: 1722 852 656
520: 840
521: 2162 2063 1885 1392 1020
522: 1053 893
523: 2229 1028
524: 3128 2751 1599 1126 623
525: 2527 621
526: 3143 2844 2562 1580 1366 1327
527: 2751 2712 2070 1610
528: 2680
529: 979
530: 2821 1320
531: 2837 770
532: 2743 745
533: 1998 704
534:
535: 1437 1324 544
536: 2366 1457
537: 2821
538: 2267 1210
539: 884 619
540: 2850 2399 2122 1978 1713 1654
541: 1761 996
542: 697 681 672 641 605
543: 875
544: 2512 1272 797
545: 2480 1389 796 575
546: 3142 2600 765
547: 1899
548:
549: 2145 1957
550: 2156
551: 2898 1390 1168 549
552: 1689
553: 2226 2126
554: 749
555: 2765
556: 2294 2195 1817 1379
557: 2830
558: 1890 556
559: 1990 1405
560:
561: 1486 596
562: 2928 1611 1547 1374
563: 1752 936
564: 2502 2166
565: 2828 794 633
566: 1118 990 742
567: 2262 836
568: 2751
569: 2828 2424 1793 1319 1232
570: 628
571: 883 650 576
572: 2321 2292 2183 1485
573:
574: 997
575: 2113 1663 791 585
576: 2500 2367
577: 2408 1858 969
578: 1926 1862 1045
579: 2286 2186 1743 1384 1077 939
580: 2872 2129 688
581:
582: 1517 1081 760 662
583: 2885 1751
584: 2070
585: 2553 1781 1603 931
586: 2112 612
587: 2847 2035 2019 1203
588: 2284 1759 1598 712
589: 2060
590: 2975 1953 1562
591: 1294 1266
592: 1259
593:
594: 1077
595: 2500 2296 1969 1144 962
596: 3032 2531 754
597:
598: 3015
599: 639
600: 1716
601: 2218 1177 635
602: 1164 949
603: 661
604: 834 696
605: 1717 752
606: 2878 2003 1917
607: 747
608: 2290 1543 1287 637 626
609: 693
610:
611: 2564 1859 1281
612: 927 736 673
613: 1630 1054
614: 3067 2067 935 854
615: 2476 985
616: 2565 1267
617:
618: 2940 2070 1523 1220 1153 725
619: 1953 1842 1562
620: 1958 916
621: 2231
622: 2298 817 812
623:
624: 1515 1371 1115 787
625: 2320 889
626:
627: 2185 1393
628: 3102 2280 1680
629: 1175
630: 912
631: 3104 964
632: 2935 1431
633: 1356
634:
635: 3019 2836 2780 2647 2460 2305 1855 764
636: 722
637: 894
638:
639: 1721 1382 801
640: 1338 1315 709
641: 2445 1178 1136
642: 3101 2370 1361 1243
643:
644: 1395 1337
645: 2708 1642 1306 1012
646: 2909 1007 711
647:
648: 776 756
649:
650: 2436 1635
651: 2546
652: 2854 1861 1269 871
653: 1762 1356 917
654:
655: 2652 2527 1887
656: 1279
657: 2469
658: 1805 1567 829 706
659: 2496
660:
661: 1433
662: 930
663: 2331
664: 3035 975
665:
666:
667: 1088
668: 3095 2509
669: 2098 995
670: 2214
671:
672: 1040
673: 3121
674:
675: 1647 1297
676: 3097 2426 2393 1867 1616
677:
678: 2059
679: 1222
680: 2011
681:
682:
683:
684: 3105 2127 1181
685:
686: 1198
687: 1668
688: 2627 1583
689: 2993 2626 2571
690: 2842 1619 1282 831
691: 888
692: 2228
693:
694: 1732 1404 907
695: 2906 2072 2052
696: 2793 933 740
697:
698: 1217
699: 827
700: 729
701: 3078 2942 1062
702: 2321
703:
704: 1961 1815 780
705: 1523 1220 1153
706: 2082 1006
707: 858
708: 1513 1190
709: 1159
710: 2067
711: 1094
712: 2350 2313 814
713: 2756 1718 1419
714: 1719 1270 880
715: 2788
716: 1173
717: 3055
718: 1108 783
719: 2777 825
720: 2291 1673
721:
722: 2093 1662 1194
723: 1700 1359 841
724:
725: 2224 1892
726: 2724
727: 3036
728: 2924 2312 1004 868
729: 2709 1503 955
730: 2473
731: 1971
732: 1916 1365 1095
733: 1328
734: 1832
735: 2964 2892 1665 1436
736:
737:
738: 1228
739: 2277 1927 1151
740:
741: 2284 1759
742:
743: 3071 911
744:
745: 3025 2129
746: 2253 1506
747: 2477 1841 1059
748: 1093
749: 2444 2229 1128 1109
750: 2766 2535 2366 2202 1866 1636 1469 921
751: 1806 1541
752: 1648
753:
754: 1730 1474
755: 2023 940
756: 2982 2129
757: 3100 3024 1263 970
758:
759: 3116 2769 2363 1027
760:
761: 2971
762:
763: 1363
764:
765: 895
766: 983
767: 2450
768:
769: 2850 1713
770: 2773 1158
771: 1686
772:
773: 2663 1038
774: 1872 1023
775: 1463 1067
776:
777: 2575 2442 2258 2198 1021
778:
779: 1051
780: 3033 864 828
781: 2043 965
782: 1316 1314 1189
783: 938
784: 1129
785: 1535
786:
787: 1688 1516
788: 901 859
789: 2775 2314 1731 929 914
790: 2553 1651
791: 2351 1655 1275 1171 1155 1143 1039
792: 2478 1221 1035
793: 2132 1736
794: 1326 1052 843
795:
796: 2581 1572
797: 1001
798: 2655 2344
799: 2709 2148
800: 2049 1891
801: 1896
802: 1825 966
803: 2486
804:
805: 2199
806: 3050 2763 2484
807: 2572
808: 2283 1330
809: 1265 952
810: 1191 1076
811: 1521 1105 1074
812: 1582 1234 1179
813: 1601 1334 1213
814: 2672
815: 2288 1920 1082 941 867
816:
817: 1638
818: 1966 1399
819: 2674 1735
820:
821: 2771 1791 1242 984
822: 988
823: 2766 2202 1469
824:
825:
826: 1443
827: 2317 1545
828:
829: 1386
830: 1163
831:
832: 2379 1782
833: 1036
834:
835: 1502 1345 1044
836: 3110 2207
837:
838: 2928 1547 1374
839: 2014
840:
841:
842: 1682
843: 2109
844: 3093 1658
845: 1186 1013
846:
847: 2300
848:
849: 2861
850: 1775
851: 2585
852: 2829 2153 1584 1458 1336 976
853:
854: 2675 1790 934
855: 1996
856: 2006 1201
857: 3076 1032
858: 1514
859: 2285 1362 1026
860:
861: 2907 2133
862: 1538 1375
863: 2922 2646 2242 1532 1321 932
864: 2745
865:
866: 2119 1245 913
867: 2086
868:
869:
870: 2415
871: 2428
872: 2261
873: 2012 1427 1187
874: 1342 1298
875: 2229
876: 2624
877:
878: 1575
879:
880: 3051 2594 2121 1585
881:
882:
883: 1524 1002
884: 2673
885: 1117
886: 1247 1130
887:
888: 2516
889: 1518
890:
891: 2997 2975 1211 1069
892: 2695 2563
893:
894: 1406 1350
895: 3097 2426 2393
896: 2994 1409
897: 3091 1973 1383
898: 2682 2288 2208
899: 2844 2562 1156
900: 2069
901: 2743
902: 1556
903: 2439 1364 1348
904: 1341
905: 2752 2398 1398 1397 1047 963
906: 1313 1200
907: 3113 2095 1089
908:
909: 1046
910: 1991 1360
911: 2775 2314 968
912:
913: 2123 2076
914: 1731 1226 1166
915: 2279 1844
916: 3009 1724 1597 1043
917:
918:
919:
920: 1184
921: 3079 2251
922: 1913 1511
923: 1195
924: 2662
925:
926:
927: 1937 1728 1576
928:
929:
930: 2155 2105
931: 2856 2074
932: 2908 1753
933: 1696 1010
934: 1519
935: 2047 1816
936:
937: 2740 1400
938: 2422
939: 2620
940: 2180 2122 2100 1978 1421
941: 1509
942:
943: 1741 1056
944: 2037 1372 1096
945: 2445
946: 1157
947: 2159
948:
949: 2773 2731 2705
950: 2758 2173 2161
951: 2573
952: 2340
953: 2944 2708 1642
954:
955: 2096
956: 2867
957: 3122 1235
958: 1794 1063
959:
960:
961: 2667 2200
962: 2062 1411
963: 2674 1193
964:
965: 1152
966: 2266 1783
967: 2190
968: 2346 2304 1951 1149
969: 1400 1091
970: 1237 1208
971: 1932 1699 1510 1083
972: 1079
973: 2952
974: 1141
975: 1422
976: 1698
977: 2960 2053
978: 2224 1892 1493 1127
979: 1608
980:
981:
982: 2539 1450
983: 1754 1212
984: 2628
985: 2937 2698 1420
986: 1553
987:
988:
989: 2959 2632 1769
990: 1707
991:
992:
993: 2528
994: 3021
995: 2033
996: 1748 1354
997: 1214
998:
999:
1000:
1001:
1002:
1003: 2794 2305 1986
1004: 1145
1005: 3007 1110 1100
1006: 2354 1669
1007:
1008: 2363 2118 2002 1623
1009: 1251
1010: 3128 2955 2259 1659
1011:
1012: 1132
1013: 2429 1492
1014: 2959 2312
1015: 3025
1016: 2449 1940 1257
1017: 1939
1018:
1019: 1604 1550
1020: 3031 1425
1021: 1605 1124
1022: 2781
1023: 1621
1024: 1813 1530
1025:
1026:
1027: 2806 2798 2782 2642
1028: 2344 2077 1967
1029: 2979
1030: 2526 1229 1170
1031: 3136 2805 1609 1241
1032:
1033: 1851
1034: 2788 1819
1035:
1036:
1037: 2851
1038:
1039:
1040: 2277
1041: 2080 1206
1042: 1292 1146
1043: 1799
1044: 3100
1045: 2987 2111 1261
1046: 1779
1047: 1139
1048: 1470
1049: 1850
1050:
1051: 1552
1052:
1053: 1218
1054: 2017 1335
1055: 2690 2606 1907 1897 1685
1056: 2837
1057: 3001 1820 1681
1058: 2958 1983 1353 1250
1059:
1060: 3078
1061: 3107 3005 2925 2759 2747 2275 2196
1062: 2603
1063: 2948 1370
1064:
1065:
1066: 3139
1067:
1068: 1244
1069: 2361
1070: 1538
1071: 2047 1816 1723 1391
1072: 2353
1073:
1074: 2621 1402 1161
1075: 2602 2136
1076: 3100
1077: 1378
1078:
1079: 2392 1854
1080:
1081: 2768 2733
1082: 2823 2535
1083: 2337 2137 1303 1291 1231
1084: 1962
1085: 2107 2010
1086: 1426 1388
1087: 2482 1429
1088: 2616
1089:
1090: 2516
1091:
1092: 1407
1093: 1248
1094: 1742
1095: 2381 2308
1096:
1097: 2598
1098: 1467
1099:
1100:
1101: 1702
1102:
1103: 1617
1104:
1105: 2949 1215
1106: 2370
1107: 1735
1108: 1199
1109: 1857 1830
1110: 2978 1831 1317
1111: 1833
1112: 2634 1614
1113: 2289 2071 1705
1114:
1115: 2872 1869
1116: 2316
1117: 1946
1118: 1273
1119: 1185
1120:
1121:
1122:
1123: 2054
1124:
1125: 1784 1424
1126: 2146 1711
1127: 3033 1854 1497
1128:
1129: 3005 2925 2425
1130: 1695
1131: 1578
1132:
1133: 1914
1134: 2341
1135: 2248
1136:
1137: 2615
1138: 3069
1139:
1140:
1141: 1394 1258
1142:
1143: 1776 1565
1144:
1145: 2471
1146:
1147: 1410
1148: 2090
1149: 2452 1777
1150: 2477
1151: 2348 2332 1482
1152: 2789 1931
1153:
1154:
1155: 2779
1156:
1157: 2310
1158: 2282
1159: 1758
1160: 1880
1161:
1162: 2635
1163: 2770
1164:
1165:
1166:
1167: 2001
1168: 1561
1169:
1170: 1456
1171: 1944 1566
1172:
1173: 1828 1473
1174: 3054 1308
1175: 1910
1176:
1177: 2503 2088 1671 1590
1178:
1179: 1570 1569
1180:
1181:
1182: 2975
1183: 2762
1184:
1185:
1186: 2726
1187: 1684
1188: 3141
1189: 3016 2975 2018 1677
1190: 1701
1191: 2044
1192:
1193: 1468 1465
1194: 1491
1195:
1196:
1197:
1198:
1199: 1464 1288
1200: 3104 2869 1448
1201:
1202:
1203:
1204: 2670
1205:
1206: 2215
1207: 2453
1208: 2295 1726
1209: 2013
1210: 2061
1211: 2271
1212: 2256
1213: 1970
1214: 2592
1215: 2245
1216: 2182
1217: 2715 1589 1408 1323
1218:
1219: 3083
1220:
1221:
1222:
1223:
1224: 2510 2013
1225:
1226: 2465 2384 2232 1943 1890 1888 1661
1227: 2631
1228:
1229: 1311
1230:
1231: 1355
1232:
1233: 2718 2120
1234:
1235: 2391
1236: 2937 1332
1237:
1238: 2703
1239:
1240: 1844 1432
1241: 2903 1675
1242: 2499 1528
1243: 2239 2049
1244:
1245:
1246: 2071
1247: 2519
1248: 2723
1249:
1250:
1251:
1252: 1984
1253: 2285
1254: 1752
1255: 2934 1380
1256: 1809
1257:
1258: 2789 1931
1259: 2806 2798 2782
1260:
1261: 2863 2407 1434
1262: 1627
1263: 1660 1440
1264: 3045 1853
1265:
1266: 1441
1267:
1268: 1945
1269: 2874 2362
1270: 2574
1271:
1272: 1568
1273: 1628 1563
1274:
1275: 1484
1276: 3079 2993 1520
1277: 1555
1278:
1279: 1929
1280: 2142
1281: 2091 1512
1282: 1873
1283: 1622
1284: 2205 1540 1507 1385
1285: 2270 2022
1286:
1287: 2097 1814
1288: 1373
1289: 2000
1290: 1454
1291:
1292: 2989
1293:
1294: 3073
1295: 1924
1296: 1733 1369
1297: 1631
1298: 2932 1476
1299: 2163 2152
1300: 1875
1301:
1302: 1918
1303: 2223
1304: 2016
1305: 2777 2713
1306:
1307: 3085
1308:
1309: 2418
1310:
1311: 1774
1312: 2701
1313:
1314:
1315: 2649 1756 1574
1316: 1720
1317: 2750 1952
1318: 2085
1319:
1320: 2406 1750
1321:
1322:
1323:
1324: 2816 2092 1963
1325:
1326: 2184 1812
1327:
1328:
1329: 2425
1330: 3124 1883 1435
1331: 2741 1430
1332:
1333: 1729
1334: 2366
1335:
1336: 3101
1337: 2371 2278 1972
1338: 2187
1339: 1459
1340:
1341: 2303 1531
1342: 2298
1343:
1344:
1345:
1346: 2368 2272
1347:
1348:
1349:
1350: 2767
1351: 2017
1352: 2078 1413
1353:
1354: 2570
1355: 2529
1356:
1357: 3033 1822 1798
1358:
1359: 2163 2152
1360:
1361: 2895 2644 2007
1362:
1363: 1687
1364: 3070 2086
1365: 1645
1366: 1909
1367:
1368:
1369: 1709
1370: 2277
1371: 2936 2066
1372: 2714
1373:
1374: 2038
1375: 2840
1376:
1377:
1378:
1379: 2882 2564 1950 1859
1380:
1381: 2489 2210 1989
1382: 2091
1383: 1470
1384: 2334
1385: 2578
1386: 2083
1387:
1388: 1764
1389:
1390:
1391: 2560 1674 1489
1392: 2554 1452
1393:
1394: 2402 2065
1395: 3127
1396: 3045 1865 1612
1397: 2990
1398:
1399: 1856
1400:
1401:
1402:
1403: 1694
1404: 2273 2191
1405:
1406: 1478
1407: 2466
1408:
1409:
1410: 2009
1411: 2116
1412:
1413: 3142
1414: 2235
1415: 2668
1416: 1834
1417: 2913
1418: 2791 2515 1490
1419:
1420:
1421: 1947 1537
1422:
1423: 1525
1424: 3117 1527
1425:
1426: 2492 1588
1427: 1811
1428: 2899
1429: 2341
1430: 1573
1431: 2849 2792 2520 2151
1432: 2462
1433: 1796
1434:
1435:
1436: 2542
1437: 2596 1595
1438: 2930
1439:
1440:
1441: 1936 1579
1442:
1443:
1444: 2464
1445:
1446: 2036
1447: 2608
1448: 1847
1449: 1803
1450: 3060 1618
1451:
1452:
1453: 2938 2839 1714
1454:
1455:
1456:
1457:
1458: 2324 1810
1459: 3061 2657
1460:
1461: 2736
1462:
1463: 3038 1629
1464:
1465: 2110 1979
1466: 2056
1467: 3020 2464
1468: 1919 1788
1469: 2176
1470:
1471:
1472: 2139
1473:
1474: 1747 1613
1475: 2946 1864
1476: 1903
1477:
1478: 1988 1760
1479:
1480:
1481:
1482: 3118
1483:
1484: 1656
1485:
1486: 3072 2089 2087
1487:
1488:
1489:
1490: 3080 3056
1491: 2495
1492:
1493: 2902
1494:
1495:
1496: 2881
1497: 1780
1498: 2843 2429
1499:
1500: 2948
1501:
1502:
1503: 1732
1504: 2991 2160
1505:
1506:
1507: 2045
1508:
1509: 2760
1510: 2319 1992
1511: 3046 2073
1512: 1693
1513: 2339
1514:
1515: 2289 1633
1516: 2424 2404
1517: 2041
1518: 1725
1519: 3073
1520:
1521: 2567
1522: 2297 1821
1523: 2880
1524:
1525: 1959
1526:
1527:
1528:
1529: 1624
1530:
1531: 1895
1532:
1533: 2731
1534:
1535:
1536: 1789
1537:
1538: 2848
1539: 1835
1540: 2924
1541:
1542: 2318
1543:
1544:
1545: 3063 2360
1546: 2365 1632
1547:
1548:
1549: 2987 2513 2157 2111
1550:
1551: 2918
1552:
1553: 1670
1554:
1555:
1556:
1557: 1738
1558: 3130
1559: 2684 2431
1560:
1561: 2662 1634
1562: 1863
1563: 1826 1823
1564:
1565:
1566: 1964
1567: 3088 2416
1568: 2999 1766
1569:
1570: 3002
1571: 3116 2769 1848
1572:
1573: 2008
1574: 1755
1575: 1949
1576:
1577: 2028 1956
1578:
1579:
1580: 2027
1581:
1582: 2728
1583:
1584:
1585:
1586:
1587: 2862 2330
1588: 1801
1589:
1590:
1591: 2382
1592:
1593:
1594: 1739
1595:
1596: 3019 2836 2647
1597: 2130 1879
1598: 2858 1715
1599:
1600: 2912
1601: 2189
1602: 1878
1603:
1604:
1605: 1935
1606:
1607: 2689 2435 1886
1608:
1609:
1610:
1611:
1612:
1613: 2947 1840
1614: 2943
1615:
1616: 2896
1617: 2755
1618:
1619: 2636 1925
1620:
1621:
1622:
1623:
1624:
1625: 1995
1626:
1627:
1628: 2115 1746
1629: 1744
1630: 2364
1631:
1632:
1633:
1634:
1635: 1785
1636:
1637:
1638: 2614
1639:
1640:
1641:
1642: 2992
1643:
1644:
1645:
1646: 3006 2246 2174
1647: 1795
1648: 1981
1649:
1650: 2628
1651: 2888
1652: 2423 1921
1653: 1845
1654: 1768
1655: 1904
1656: 2260
1657: 2727 1934 1786
1658:
1659:
1660:
1661: 2870
1662: 2434
1663:
1664:
1665:
1666:
1667: 2311
1668: 2569 2227
1669:
1670: 2269
1671:
1672:
1673: 2213
1674:
1675: 1843
1676:
1677: 2079
1678:
1679: 1884
1680: 2058
1681: 2420
1682: 3038
1683:
1684: 2434
1685: 1802
1686:
1687:
1688:
1689:
1690: 2831 2336
1691: 2194
1692: 2257 1954
1693: 2241
1694: 2068
1695: 2572
1696:
1697:
1698:
1699:
1700:
1701: 2055
1702: 2463 1941
1703:
1704:
1705:
1706:
1707: 2386
1708: 2549
1709:
1710: 2655
1711: 3003
1712: 3094
1713:
1714:
1715:
1716:
1717: 2897
1718: 2149
1719: 2048
1720: 3107 2759 2747
1721: 2099
1722:
1723: 2349
1724: 2030
1725:
1726:
1727:
1728:
1729: 2234
1730: 2080 1852
1731: 2390
1732: 2941
1733: 2276
1734:
1735:
1736: 3029 1930 1911
1737:
1738: 2653 2206
1739: 2638
1740: 2182
1741: 2958
1742: 1912
1743: 2845 2774 2204
1744:
1745: 2557 2488 2417
1746: 2846 2164
1747: 3108
1748:
1749:
1750:
1751:
1752:
1753: 2579
1754: 3037 2558 1901
1755:
1756:
1757: 3126 2437 2040
1758:
1759:
1760:
1761:
1762: 3042 2988
1763:
1764:
1765:
1766:
1767:
1768: 2793 2345
1769:
1770: 2727
1771: 2021
1772:
1773:
1774:
1775: 2587
1776:
1777: 2857
1778: 2029 1942
1779: 1875
1780: 3017 2720 2357 2188
1781:
1782: 2711 2338
1783: 1980
1784: 2522
1785:
1786:
1787:
1788:
1789:
1790:
1791: 2534
1792:
1793:
1794: 3070
1795: 2101
1796: 2262
1797: 3125
1798:
1799:
1800: 2823 2540
1801: 2337
1802: 2538
1803:
1804:
1805:
1806:
1807: 2498
1808:
1809:
1810:
1811:
1812:
1813: 2530
1814:
1815: 1955
1816:
1817: 2265 2024 1960
1818: 2761
1819: 2103
1820: 3011 2523
1821:
1822: 2661
1823: 3112
1824:
1825:
1826: 2212
1827:
1828:
1829:
1830:
1831:
1832: 2734
1833: 2470
1834: 3113 2350 2313
1835: 2566
1836: 2721 2193
1837: 1974
1838: 2804
1839:
1840: 2281
1841:
1842: 3029 2168
1843:
1844: 2605
1845:
1846:
1847:
1848:
1849:
1850:
1851: 2633
1852: 2618 2075
1853: 2454
1854:
1855: 3089
1856:
1857:
1858:
1859:
1860: 2886
1861:
1862:
1863:
1864: 2026
1865:
1866:
1867:
1868:
1869:
1870:
1871:
1872:
1873: 2810
1874:
1875:
1876: 2650
1877: 2643
1878:
1879:
1880: 2699
1881:
1882: 2355 2225
1883: 2938 2839
1884:
1885:
1886: 1933
1887:
1888:
1889: 2560 2108
1890:
1891: 2034
1892: 2374
1893:
1894:
1895: 3059 2933 2580
1896: 2742
1897: 2483 2387 2150
1898: 2277
1899: 2914 1968
1900: 1999
1901:
1902:
1903:
1904: 3041 2147
1905:
1906: 2525
1907:
1908:
1909:
1910:
1911:
1912: 2920
1913:
1914: 2409 2081
1915: 2790
1916:
1917:
1918: 2697
1919: 2617
1920: 3005 2925
1921:
1922: 2394
1923: 2824
1924:
1925:
1926:
1927:
1928: 2607
1929: 2956
1930:
1931:
1932: 2114
1933:
1934: 2841 2216
1935: 2396 2138
1936:
1937:
1938:
1939:
1940: 2926 2884
1941:
1942: 2736
1943:
1944:
1945: 2459
1946:
1947:
1948:
1949:
1950: 2687
1951:
1952: 2797
1953: 2333 2171
1954:
1955: 3076 2051
1956:
1957:
1958:
1959: 2458
1960: 3107
1961:
1962:
1963:
1964: 2268
1965:
1966:
1967: 2817
1968:
1969: 2468
1970:
1971:
1972:
1973:
1974: 2753
1975:
1976: 2440
1977:
1978:
1979: 2656
1980:
1981: 2552
1982: 2131
1983:
1984:
1985:
1986:
1987: 2505
1988: 2883
1989: 2237
1990:
1991: 2165
1992: 2425
1993: 2780
1994:
1995:
1996:
1997: 2551 2479
1998:
1999:
2000:
2001:
2002: 2993
2003:
2004:
2005:
2006: 2629 2504
2007: 2970 2524
2008: 2329
2009:
2010:
2011:
2012:
2013:
2014:
2015: 3106
2016: 2870
2017: 2541 2143
2018:
2019: 2744
2020:
2021:
2022:
2023: 2907
2024:
2025:
2026:
2027:
2028: 2825
2029: 2639
2030: 2832
2031:
2032:
2033:
2034:
2035: 2243
2036: 2681 2456
2037: 2385
2038: 2995 2255
2039: 2102
2040:
2041:
2042:
2043:
2044: 2328
2045:
2046: 2192
2047:
2048:
2049:
2050:
2051:
2052:
2053: 2351
2054: 2887
2055:
2056:
2057: 2588
2058: 2852 2630
2059:
2060:
2061: 2693
2062: 2299
2063:
2064:
2065: 2702
2066: 2104
2067: 2750
2068:
2069:
2070:
2071:
2072: 2221
2073: 2545 2467
2074:
2075:
2076:
2077:
2078: 2651
2079: 2746
2080: 2448
2081:
2082:
2083:
2084:
2085:
2086: 2803 2403
2087: 2397 2217
2088: 2920 2181
2089:
2090:
2091: 2220
2092:
2093:
2094: 2135
2095:
2096: 2635
2097:
2098:
2099:
2100:
2101:
2102:
2103:
2104:
2105:
2106: 2412 2326
2107:
2108:
2109: 2866
2110:
2111:
2112: 2400
2113: 2978 2222
2114: 2274
2115:
2116:
2117:
2118:
2119:
2120:
2121:
2122:
2123:
2124: 2738
2125: 2719
2126:
2127:
2128:
2129:
2130:
2131:
2132:
2133:
2134:
2135: 2919
2136: 2263
2137: 2201
2138:
2139:
2140:
2141:
2142:
2143:
2144: 2197
2145:
2146: 2430
2147: 2270
2148:
2149:
2150:
2151:
2152:
2153:
2154: 2250
2155:
2156: 2582
2157: 2812
2158:
2159:
2160: 2735 2335
2161:
2162: 2894 2737
2163:
2164:
2165:
2166:
2167:
2168: 2929
2169:
2170:
2171:
2172:
2173:
2174:
2175:
2176:
2177:
2178:
2179: 2716
2180: 2957
2181: 3012
2182: 2961
2183:
2184: 3096
2185: 2609
2186:
2187: 2865
2188:
2189:
2190: 3075
2191:
2192:
2193: 2247
2194:
2195: 2375
2196:
2197:
2198: 3081 2293
2199:
2200:
2201:
2202:
2203:
2204:
2205: 3074
2206:
2207:
2208:
2209:
2210: 2658
2211: 2517
2212:
2213:
2214:
2215:
2216: 2853 2593
2217:
2218: 2577 2447
2219: 3091
2220:
2221:
2222: 2494
2223:
2224:
2225:
2226:
2227:
2228:
2229: 2585
2230:
2231: 2809 2421
2232:
2233:
2234: 2358
2235:
2236: 2818
2237: 2833
2238: 2401
2239: 2923
2240:
2241:
2242:
2243: 3103
2244:
2245:
2246:
2247: 2927
2248:
2249: 3129 2383
2250: 2986
2251:
2252:
2253: 2506
2254:
2255:
2256:
2257:
2258:
2259: 2507
2260:
2261:
2262: 3004
2263:
2264:
2265:
2266: 3097
2267: 2591
2268:
2269: 2795
2270: 2910
2271:
2272:
2273: 2864 2599
2274:
2275:
2276:
2277: 2835
2278:
2279:
2280:
2281:
2282:
2283: 3120
2284:
2285:
2286:
2287:
2288:
2289: 2802 2325
2290:
2291:
2292:
2293: 3050 2763 2484
2294:
2295:
2296:
2297:
2298:
2299:
2300:
2301:
2302:
2303:
2304:
2305: 2653
2306:
2307: 2541
2308:
2309:
2310:
2311: 2915
2312:
2313:
2314:
2315: 2583
2316:
2317: 2664
2318: 3062
2319:
2320:
2321:
2322: 3008
2323: 2441
2324:
2325:
2326:
2327:
2328: 2378
2329:
2330:
2331:
2332:
2333:
2334:
2335:
2336:
2337:
2338:
2339:
2340: 2595
2341: 3129
2342:
2343:
2344:
2345:
2346:
2347:
2348:
2349:
2350: 3052
2351:
2352: 2917 2413
2353: 2904
2354:
2355:
2356:
2357:
2358:
2359:
2360:
2361:
2362:
2363:
2364:
2365: 3099
2366:
2367:
2368:
2369:
2370:
2371: 2623
2372:
2373:
2374:
2375: 2433
2376:
2377:
2378: 2511
2379:
2380:
2381:
2382: 2772
2383:
2384:
2385: 2497
2386: 2654 2556
2387:
2388: 3018
2389:
2390:
2391:
2392:
2393:
2394: 2533 2493
2395:
2396:
2397:
2398: 2584
2399: 2472
2400: 2536
2401:
2402:
2403:
2404:
2405:
2406: 2877
2407:
2408: 2518
2409:
2410:
2411:
2412: 2475
2413:
2414:
2415: 2491
2416:
2417:
2418:
2419:
2420:
2421:
2422:
2423:
2424:
2425:
2426:
2427:
2428:
2429:
2430:
2431:
2432:
2433:
2434:
2435:
2436:
2437: 3076
2438: 3119
2439: 2589
2440:
2441:
2442: 2996
2443: 2669
2444:
2445:
2446:
2447:
2448: 2968
2449:
2450:
2451: 3121
2452:
2453:
2454:
2455: 2451
2456:
2457:
2458:
2459:
2460: 2903
2461:
2462: 2544 2474
2463:
2464:
2465:
2466:
2467: 2696
2468:
2469:
2470:
2471:
2472:
2473:
2474:
2475:
2476:
2477:
2478:
2479:
2480:
2481:
2482:
2483:
2484:
2485:
2486:
2487: 2881
2488:
2489:
2490: 2859
2491:
2492:
2493:
2494:
2495:
2496:
2497: 2950 2873
2498: 3000
2499:
2500:
2501:
2502:
2503: 3084
2504:
2505:
2506:
2507: 3087 2576
2508:
2509: 2677
2510:
2511:
2512:
2513: 2521
2514:
2515:
2516:
2517:
2518:
2519:
2520:
2521:
2522:
2523:
2524: 3066
2525:
2526:
2527:
2528:
2529:
2530: 3133
2531: 3065
2532:
2533:
2534:
2535:
2536:
2537:
2538:
2539:
2540:
2541:
2542:
2543:
2544:
2545:
2546:
2547: 2704
2548:
2549:
2550:
2551:
2552: 2732
2553: 2641
2554:
2555:
2556:
2557:
2558:
2559:
2560:
2561:
2562: 2953
2563: 2610
2564:
2565:
2566:
2567:
2568:
2569:
2570:
2571:
2572: 3057
2573:
2574:
2575:
2576:
2577:
2578:
2579:
2580:
2581:
2582:
2583:
2584:
2585:
2586:
2587: 3135
2588:
2589:
2590:
2591:
2592: 2921 2868
2593:
2594:
2595:
2596:
2597:
2598: 3013
2599:
2600:
2601:
2602:
2603:
2604:
2605:
2606:
2607:
2608: 2700
2609: 2871
2610: 2875
2611:
2612:
2613:
2614:
2615:
2616:
2617:
2618: 3014
2619:
2620: 2813
2621:
2622:
2623:
2624:
2625:
2626:
2627:
2628: 2725
2629:
2630:
2631:
2632:
2633:
2634:
2635: 2671
2636:
2637:
2638:
2639: 3123 2625
2640:
2641: 2860
2642:
2643:
2644:
2645:
2646:
2647:
2648:
2649:
2650:
2651: 2786
2652: 3066
2653: 3104
2654:
2655:
2656:
2657:
2658: 2801
2659: 3026
2660:
2661:
2662:
2663:
2664:
2665:
2666: 2764
2667:
2668:
2669:
2670:
2671:
2672: 2939 2749
2673:
2674:
2675:
2676:
2677:
2678:
2679:
2680:
2681:
2682:
2683:
2684:
2685:
2686: 3071
2687:
2688:
2689:
2690: 2776
2691:
2692:
2693: 2814
2694:
2695:
2696: 2879
2697:
2698:
2699:
2700:
2701:
2702:
2703:
2704:
2705:
2706: 2754
2707:
2708:
2709:
2710:
2711:
2712:
2713: 2855
2714: 2787
2715:
2716:
2717:
2718:
2719:
2720:
2721:
2722:
2723:
2724: 3047
2725:
2726:
2727:
2728:
2729:
2730:
2731:
2732: 2739
2733:
2734:
2735: 3083
2736:
2737:
2738:
2739:
2740:
2741:
2742:
2743:
2744:
2745:
2746:
2747: 2891
2748:
2749:
2750:
2751:
2752:
2753:
2754:
2755:
2756: 2945
2757:
2758:
2759:
2760:
2761:
2762: 3043 2984
2763:
2764:
2765:
2766:
2767:
2768:
2769:
2770:
2771:
2772:
2773:
2774:
2775:
2776:
2777:
2778:
2779:
2780:
2781:
2782:
2783:
2784:
2785:
2786:
2787: 2983
2788: 3023
2789:
2790:
2791:
2792:
2793:
2794:
2795:
2796:
2797:
2798: 3030
2799:
2800:
2801:
2802:
2803:
2804:
2805: 3010
2806:
2807:
2808:
2809:
2810:
2811:
2812:
2813:
2814:
2815:
2816:
2817: 3044
2818:
2819:
2820:
2821:
2822:
2823:
2824:
2825:
2826:
2827: 2911
2828:
2829:
2830:
2831:
2832: 2815
2833:
2834:
2835:
2836:
2837:
2838: 2890
2839:
2840:
2841:
2842:
2843:
2844:
2845: 2838
2846:
2847:
2848:
2849:
2850:
2851:
2852:
2853:
2854:
2855:
2856:
2857:
2858: 2976
2859:
2860:
2861:
2862:
2863:
2864: 2966
2865:
2866:
2867:
2868:
2869:
2870:
2871:
2872:
2873:
2874:
2875:
2876:
2877:
2878:
2879:
2880:
2881:
2882:
2883:
2884:
2885:
2886:
2887:
2888:
2889:
2890:
2891:
2892:
2893:
2894:
2895:
2896:
2897:
2898: 3131
2899:
2900:
2901:
2902:
2903:
2904:
2905:
2906:
2907:
2908:
2909:
2910:
2911:
2912:
2913: 2893
2914:
2915: 2954
2916:
2917:
2918:
2919:
2920:
2921:
2922:
2923:
2924:
2925:
2926:
2927:
2928:
2929:
2930:
2931:
2932:
2933:
2934:
2935:
2936:
2937:
2938:
2939: 3138
2940:
2941:
2942:
2943:
2944:
2945:
2946:
2947:
2948:
2949:
2950:
2951:
2952:
2953:
2954:
2955: 3034
2956:
2957:
2958:
2959:
2960:
2961: 3134
2962:
2963:
2964:
2965:
2966:
2967:
2968:
2969:
2970:
2971:
2972:
2973:
2974:
2975:
2976:
2977:
2978:
2979:
2980: 2998
2981:
2982:
2983:
2984:
2985:
2986:
2987:
2988:
2989:
2990:
2991:
2992:
2993:
2994:
2995:
2996:
2997:
2998:
2999:
3000:
3001:
3002:
3003:
3004: 3114
3005:
3006: 3049
3007:
3008:
3009:
3010:
3011:
3012:
3013:
3014:
3015:
3016:
3017:
3018:
3019:
3020:
3021:
3022:
3023:
3024:
3025:
3026:
3027: 3092
3028:
3029:
3030:
3031:
3032:
3033:
3034:
3035:
3036:
3037:
3038:
3039:
3040:
3041:
3042:
3043:
3044:
3045: 3064
3046:
3047:
3048:
3049:
3050:
3051:
3052:
3053:
3054:
3055:
3056:
3057:
3058:
3059:
3060:
3061:
3062:
3063:
3064:
3065:
3066:
3067:
3068: 3137
3069:
3070:
3071:
3072: 3077
3073:
3074:
3075:
3076:
3077:
3078:
3079:
3080:
3081:
3082:
3083:
3084:
3085:
3086:
3087:
3088:
3089:
3090:
3091:
3092:
3093:
3094:
3095:
3096:
3097:
3098:
3099:
3100:
3101:
3102:
3103:
3104:
3105:
3106:
3107:
3108:
3109:
3110:
3111:
3112:
3113:
3114:
3115:
3116:
3117:
3118:
3119:
3120:
3121:
3122:
3123:
3124:
3125:
3126:
3127:
3128:
3129:
3130:
3131:
3132:
3133:
3134:
3135:
3136:
3137:
3138:
