1: 879 779 386 142
2: 1598 659 284 232 179 152 67 3 1
3: 1068 842 785 304 197 55 53 6
4: 1448 383 143
5: 2741 1212 249 242 188 109 2
6: 1338 30 16 11 10
7: 2940 2906 507 61 57 9 5
8: 2446 1754 546 525 322 31 18 17 14 8 4
9: 2765 2274 1612 1457 1442 1391 1338 1324 886 800 767 563 487 451 301 92 64 37
10: 510 103
11: 3232 812 683 199 19
12: 2661 956 873 669 134 20 7
13: 2319 277 138 59 56 47 44 12
14: 127
15: 2426 2126 1066 79
16: 2277 2214 1843 1614 1361 1059 883 861 811 775 540 41
17: 665 171 93
18: 206 51
19: 1792
20: 2311 993 32 15
21: 2496 1949 836 337 231 24 13
22: 1322 953 850 52 29 23
23: 2742 2388 1747 1656 440 192
24: 2176 706 619 612 587 216 156 85 39 28
25: 1815 1077 747 646 352 253 49 46 35
26: 3246 2547 2417 2276 1636 1359 412 65
27: 2906 2010 1494 1364 1174 844 766 563 534 484 451 139 48
28: 1303 267 165 38 22 21
29: 1500 1137 859
30: 1192 597 392 36 27 26
31: 2762 1391 800 767 516 487 78
32: 3183 1497 1454 1410 101 98 91 25
33: 1196
34: 1122 33
35: 2342 1554 1451 124 122 114 107
36: 824 630
37: 2381 2297 2027 401 397 329 75 54
38: 2422 1961 1833 1445 1276 712
39: 105 73
40: 2080 1398 117 95
41: 773 523 282 119
42: 702 345 50 43 42
43: 2566 2256 2237 1946 1061 918 852 658 645 369 360 167 68
44: 3220 1324 563 451 428 418 77 45
45: 1168 899 496 367 341 89
46: 502 262 108
47: 2978 2089 1012
48: 131 120 63
49: 1501 648 236 182 80 34
50: 3098 1793 1730 1610 570 459 159 60
51: 1550 1497 1454 1410 257
52: 3053 2988 1524 727 125 121 72 40
53: 3069 2147 456 445 327
54: 2663 1445 998 950 372 270 262 164
55: 2927 515 395 71
56: 1354 1194 673 601 566 374 283 104 88
57: 2276 1636 412
58: 1936 1904 113
59: 1296 483 126
60: 818 86
61: 2849 2594 2518 1376 1108 666 273 243 195
62: 2134 1052 755 692 561 472 160 136
63: 3183
64: 1578 1026 595 497 342 220 84 81
65:
66: 2792 330
67: 3231 3069 2848 2512 2252 1567 1324 692 563 451 445 215 74
68: 215 74 62
69: 1193 721 509 400 94 82 69
70: 2486 1886 123
71: 1102 1051 448 112
72: 2911 1327 1091 695 529 447 354 340 338 286 205 149
73: 3011 255 200 193 66 58
74: 2433
75: 951 651 303 163 132 118
76: 2207 508 491 316
77: 2316 1095
78: 2820 2349 1126 662 348
79: 1361 775 540
80: 2165 576 204 190 97
81: 2150 161
82: 2355 2044 2024 1123 1071 405 140
83: 2753 1897 1861 1611 536 187 168 76
84: 2762 2286 776 675 442
85: 2456 825 441 385 209
86: 2097 1250 963 880 746 632 265
87: 2198 711 581 307 87
88: 3102 2337 1823 1652 1339 713 444 214 70
89: 1276 712
90: 2061 657 137 106
91: 1364 844 133
92: 520
93: 1360 300
94: 2199
95: 2277 1059 738 462 413 240
96: 1925 1024 647 264 110
97: 511 258 218
98: 1964 1419 519 116
99: 2206 1716 531
100: 2922 1964 1311 404
101: 3230 3085 2565 2560 1279 1088 1000 929 892 705 326 229
102: 2325 1994 1716 1153 695 687 531 530 478 358 338 266 135 115
103: 1828 1273 128
104: 3261 275
105: 3203 2817 2551 2435 2273 2212 1394 1244 1201 946 729 433 252 207 155
106: 2875 2712 1352 1343 434 224 212
107: 2960 2532 1901 1632 1444 983 912 871 260 233
108: 2936 1824 655 280 83
109: 2272 502 108
110: 1972 324
111: 2452 823 294 146
112: 2005 1842 1731 643 547 191 178 145
113: 3017 2069 410 222
114: 2907 2513 2110 558 198 99
115: 829 350
116: 1610 1121 867 311 202 96
117: 603 465 166 111
118: 2942 2364 701 351
119: 2470 1854 1716 531 135
120: 2052 1384 1260
121: 2546 2161 1197 777
122: 786
123: 2938 2697 2423 2050 1855 1138 686 495 416 408 366 318
124: 2153 1591 622 602 349 305 153
125: 1404 1058 180 144
126: 2287 605 438 396 129
127: 2675 2549 1820 1780 1112 524 102 90
128: 1032 158
129: 2169
130: 2688 1472 1389
131: 1386 1204 464 170 100
132: 1080 219
133: 943 555 244
134: 503 377 210
135: 2940 507 453
136: 130
137: 3043 2400 2350 1668 1602 1333 1068 936 808 791 764 730
138: 2912 367 341 238 177
139: 1180 1049 774 684
140: 2328 1327 354 340 286 211
141: 1180 1049 774 684 477 181
142: 3033 2857 2729 2535 2385 2038 1423 1097 269 150
143: 3124 1430 335
144: 1250 963 632 278
145: 897 148
146: 530 266
147: 1637 1567 1232 1185 332
148: 2976 2207 1526 1472 424 185
149: 2519 2453 1709 1098 248
150: 709 708 628
151: 2533
152:
153: 2905 1791 1015
154: 3246 2905 2547 2466 1791 1068 1015 870 791
155: 1129 189
156: 1892 1364 844
157: 3025 2036 1319 1301 1242 809
158:
159: 2917 1953 1746 1566 1111 346 221 157
160: 3203 2817 2551 2426 1394 252
161: 1248 1036 962 858 833 726 614 371 333
162: 2134 1052 755 561 160
163: 1402 551
164: 3191 2903 2323 2054 1321 829 435 432
165: 2712 1907 1352 1343 434 224 212
166: 2342 1632 1554 1451 1444 983 871 208
167: 695 338
168: 3153 2568 820 782
169: 717 230
170: 3043 1602 1333 644 388 141
171: 2911 2504 2307 1501 648 529 154
172: 2798 1364 753 481 147
173: 2315 868 172
174: 575
175: 3134
176: 2012
177:
178: 2800 256
179: 1043 877 363
180: 3256 1221
181: 2435 1201 946 297 274 151
182: 899 496 339 173
183: 2865 1576 843 604
184: 2446 1892 1835 1280 788 480
185:
186: 1933 365 194 184
187: 2845 2185 1452 201
188: 832 756 344 183
189: 3136 1667 968 241 196
190: 213 203
191: 1807 1484 1105 748
192: 969 860 543 175
193: 1724 1663 557
194: 245
195: 2214
196: 1150 608 580 415
197: 3084 2112 1983 223
198: 162
199: 1134 1035 960 913 486 169
200: 2705
201: 1612 1442 886 301 174
202: 1370 299
203: 3240 2747 599 594
204: 3109 1767 1549 1198 579 319
205: 562
206: 2541 2079 1875 1496 1166 763 398 186
207: 2695 2249 1576 1571 970 309
208: 1485 1160 545 271
209: 1440 937 821 688 361 176
210: 1742 765
211: 1354
212: 1838 958 295
213: 2623 1878 1674 947 928
214: 1868 805 621
215: 2120 1789 1045 227
216:
217: 2086 1139
218: 1140 718 512 268
219: 2488 1390 1292 411
220: 2442 1036 347
221: 3221 2905 2598 2025 1873 1791 1015 676 667 625 488
222: 2409 1963 679
223: 1660 237
224: 2326 866
225: 1783 463 293 281 225
226: 2208 1722 1284 526 494 259
227: 1041 736 235
228: 2050 1138 686 416 408 366 254
229: 1658 228
230: 2809 1179
231: 1788 832 756 486
232: 2797 1594 334 323
233: 2466 870 353 331 217
234: 3177 3125 1624 501 226
235: 2833 2358 772 308
236: 3035 2282 1342 1208 1187 1011 251
237: 2541 2244 1875 1496 488
238: 3033 2535 2385 1655 1423 1097 439 362 292
239: 3065 2418 1509 1117 816 759 751 384
240: 2194 1382 1074 757 636 550
241: 343 289
242:
243: 2268 381 312
244: 3218 2209 1858 1169 263
245: 2677 2286 776 611 588 586 505
246: 2774 959
247: 2782 239
248: 977 768
249: 2598 2025 1675 1057 276
250: 2044 1071
251: 2326 1337 866
252: 2173 1888
253: 3198 2335 2186 1800
254: 2907 2513 2366 2110 1315 1288 979 314
255: 1331 631
256: 3060 2555 2438 1472 920 851 479 272
257: 2856 1040 379
258: 430 422 310
259: 234
260: 458 454 246
261: 704
262: 2960 2532 1353 762 373
263: 1575 837 652 615 568
264: 1926 846
265: 476 290
266: 2389 1392 629 321
267: 2748 2214 1741 1683 1516 663
268: 2468 1519 1220 1063
269: 382 261
270: 1586 1499 1355 336 328 250
271: 1318 288
272: 622 602 467
273: 1799 1582 941 320 302
274: 1686 1114 584
275: 784 620 475 355
276: 407
277: 1346 577 569 514 247
278: 3075 2795 1465
279: 2630 1753 1467 1450 1338 1203 582 315
280: 822
281: 3213 2996 889 831 707 409
282: 1107 876
283: 2466 870 353 331 287
284: 2748 2256 2237 1946 1061 553 364 285
285: 2320 2211 2047 1684 681 399 296
286:
287: 2344 2153 2128 1632 1591 1444
288: 1391 1167 848 740
289: 1873 625 370 306
290: 2468 552
291: 2406 952 813 661
292:
293: 499 482
294: 498
295: 3165 1637 1232 474
296: 1675 1057
297: 2020 1363 733 578 291
298: 429
299:
300: 535
301: 2719 1449 1425
302: 2974 797 672 279
303: 3216 2798 1820 1249 799 753
304: 1766 356 298
305: 2887 2493 2417 1801 1738 1359 716 457
306: 2749 2536 2524 2472
307: 2974 926
308: 880 746 449
309: 2990 1986
310: 1024
311: 2434 2000 1976 1864 1739 720
312: 1037
313: 1526 935 927
314: 2350
315: 2519 2453 1709 1332 857 810 637
316: 671 554 466
317: 368
318: 2939 1922 653 492 406
319: 675 442
320: 3139 2115 1873 1239 468 402 313
321: 2672 2416
322: 2176 1998 728 549
323: 2377
324: 2827 1815 1099 1077 542
325: 2956 2852 1749
326: 3024 2778 621 522
327:
328: 2964 2684 427 417 390
329: 1348 1016 640
330: 2780 506 317
331: 3237 3234 3176 3009 1090 1050 878 696
332: 1399 452
333: 1514 389 380
334: 3218 1169 357
335: 2543 1541 1162 664 325
336: 856 556
337: 2766
338: 1494 1174 766 534 484
339: 2571 1742 934 765 758 722 485
340: 1959 1344 1322 1237 977 953 850 517
341: 1534 375
342: 1068 791
343: 1467 1203 582
344: 2037
345: 1707 1514 660
346: 2445 1615 1405 1375 967 391
347: 2206
348: 428 418
349: 2400 764
350: 3237 2835 1794 1090
351: 839 537 378 376
352: 1728 1511 725 572 450
353: 2677 2627 1952 611 586
354: 2400 2115 1239
355: 2942 2364 701
356: 682
357: 3038 921 420
358: 3101 2742 2607 2388 1281 689 437
359: 3147 2007 1844 1326 752
360: 1183 513 419
361: 2580 710 359
362:
363: 1521
364: 907
365: 1707 1472 1456 660
366: 2708 888 538
367: 2004 1778 1710
368:
369: 2563 2321
370: 3172 2879
371: 1909 1206 627 548 403
372: 559
373: 2528 2014 1913 1763
374: 3116 1593 393
375: 2240 940 471
376: 1779 1503 891
377: 2277 1059 738 413
378: 1157 394 387
379: 1106 685
380: 2927 1200 1113 823
381: 1549 579
382: 2267 2240 940 897
383: 2199
384:
385: 1508 1109 734 544 493
386:
387: 532
388: 2623 1674
389: 2447 1031
390: 2833 1723 1644 1411 528
391: 2593 2143 539
392: 2468 473
393: 1164 527 470 425
394: 1970 1336 1165 1060
395: 854 460
396: 2765 2274 881
397: 626
398: 3023 2040 1690 1580 807 697
399: 985 691 455
400: 2050 1248 962 833
401: 1506 991 749 680
402: 3061 2757 2704 2672 2416 1756 1681 1592 1065 1039
403: 2010
404: 3004 2139 1627 853
405: 2268
406: 2244 2098 1176
407: 768
408: 3165 1356
409: 3187 1901 1108 518
410: 1256 616
411: 1637 1232 900 798 474
412: 1142
413: 2976
414: 2627 1764
415: 1348 1016 640
416: 1304
417: 3246 3073 1567 982 593
418: 2462 2193 1610
419: 2028 1717
420: 1435 1406
421: 3091 1151 490 414
422: 2865 1453 1027 737
423: 2485 838 654
424: 1412 1313
425: 2725 533
426: 2263
427: 1766
428: 754
429: 1764
430: 2429 826 609 573
431:
432: 2751 1548
433:
434: 760
435: 2669 2588 1676 591
436: 3086
437: 1464 1377
438: 3194 2192 461
439: 2103 1017 801 560
440: 3042 2947 1990 1589 1130
441: 2947 2560 1990 1589 1279 1088 1000 929 426
442: 2437 2226 1966 1549 1497 1454 1410 500
443: 2693 2358 1371 1323 1030
444: 2036 1242 809 423
445: 2960 2934 2532 1152 762
446: 1233
447:
448: 2986
449: 1315 979 668 590 589 421
450: 2213
451: 3024 2778 1125 1046 814 469 436
452: 2530 1969 1487
453:
454: 2680 1100 732
455:
456: 3245 2605 2351 802
457: 431
458: 1335 446
459: 2046 641
460: 1035 600
461: 2520 1022 489 443
462: 2548
463: 3164 1931 617 598
464: 677
465: 2070 1029
466: 2623 2529 2141 1621 1254 884
467: 700
468: 986
469: 1701 1643 1388
470: 2716 2708 1471 1262 966 922
471: 1308
472: 2695
473: 2887 1518 1480 938
474: 3102 2549 2337 1845 504
475: 2662 2137
476: 1931 521
477: 2907 2779 2513 2110
478: 805 638
479: 3240
480: 2708 1843 1614 888 861 811
481: 2891 699 649 607 571 565
482: 3147 2007 1844 1463 1085 703
483: 2056 1671
484: 2063
485: 3257 1422 1235 674 633
486: 1561
487: 1965
488: 787 694
489: 3038 2168 1428 564
490: 2142 583
491: 1997
492: 2877 2683 592
493: 2672 2658 2416
494: 3011 1950 1664 780
495: 1686
496: 2851 1314
497: 1079 1047
498:
499: 613
500: 1722 874 761
501: 1905 980
502: 2955 976 872
503: 2578 1920 1708 1145 735
504: 1599 796
505: 2730 2619 2455 2286 776 541
506: 2603
507:
508: 1523 855
509: 2464 2206 956
510: 1959 1528 1344 1237 1215 585
511:
512: 2604 948
513: 1143
514: 1297 795
515: 2938 2249 1855 1571 1438 901
516: 2801 2767
517: 906
518: 2779
519: 1075
520:
521: 1979 1866 567
522: 2422 1971 574
523: 2035 1146 744
524: 2660
525: 2273 2212 1244
526: 1854 895
527: 3066 2595 1007
528:
529: 2910 865
530: 3181 3081
531: 2221
532:
533: 2859
534:
535: 1127 902
536: 1835
537: 827 719
538: 783 610
539:
540: 2234 1238
541: 2498
542: 1357 1182
543: 3261 2937 1821 1401 1191 1188 698 670
544: 2502 2075
545: 2147 1527 1492
546: 2325
547: 2374 1837 961 905
548: 2222 1719
549:
550: 1775
551: 2814 2362 2168 2165 1502 1428 606
552: 3015 2490 2360 2191 1917 1724 1663 862
553: 624
554: 1748
555: 2645 990 890
556: 2376 1067
557: 1003
558: 1131 1069
559: 2892 2355 731
560: 1585
561: 2688
562: 2504 2307
563: 1999
564: 1226
565: 942
566:
567: 1031
568: 1023 596
569: 730
570:
571: 3092
572: 2666 1177
573: 2163 769
574: 2253 1743 1223
575: 2632 2569 1378
576: 3070 841
577: 1970
578: 2823
579: 1358 678
580: 1952
581: 2256 2237 1946 1061
582: 2838 2406 2394 1909 1830 1814 1400 790
583:
584: 3119 2923 2642 1795
585: 2480 2372 793
586: 1932 1890
587:
588: 3183 650
589: 2763 2114 1415 750
590: 3143 2882 2864 2781 2077 1186 1004 973
591: 2975 864
592: 2310 834
593:
594: 3165 1455 1356 1013
595: 3230 3023 618
596: 1185
597:
598: 2236 1782
599:
600: 1295 1251 1078 789
601: 1689 1424 1009 931 656 634
602:
603: 3151 2135
604: 3004 2139
605: 723
606: 2208
607: 2441 803
608: 2827
609: 3216 2976 2695 2528 1564
610: 2825 794
611: 2266 987 642
612: 3197 1983
613:
614: 1622 944
615: 2801 2767 2142 1630 957
616: 715
617: 2455 778 623
618: 1866
619: 2440
620: 932
621: 2003 1274 1263 693
622: 2577
623:
624: 1478
625: 3132
626: 919 635
627: 1599 828
628: 1767
629: 1794
630:
631:
632: 2774 959
633: 743
634: 3160 925
635: 955
636: 2799 2652 639
637:
638: 1532
639: 949 690
640: 1104
641: 2430 1224
642:
643: 2331
644: 3020 2084
645: 1113
646:
647: 2262 2200 1329 971
648: 2986
649: 2295 1374
650: 3096 1910 1120
651: 3056 999
652: 1938 1625 739
653: 2627
654: 3201 954
655: 2912 2501 714
656: 2488 1292
657: 875 830
658:
659: 2888
660: 2425 2373 2270 1852
661: 1868 1340
662: 2361
663:
664: 1804
665:
666: 2876 1537
667: 3229 1790 835
668: 2954 1171 972 792
669:
670: 2901 1158 1092
671: 3085 892
672: 2426
673:
674: 2669 2588 2033 2019 1810 1676
675: 1883 819
676: 2369 1604
677: 2898 2607 2408 1956 1475
678: 992
679: 1747 1656 815
680: 2404
681: 2247
682: 2009 1836 745
683:
684: 2939 2422 1833
685: 1252
686: 1420
687: 3073
688: 2229 930 771
689: 2387
690: 3209 2725 1507 1458 1247
691:
692: 3127 2676
693: 1718
694: 1056 1019
695: 1089 724
696: 1034
697: 849
698: 2040
699: 995
700: 1084
701: 1668 936
702: 3186 1345
703: 1857 1770
704: 1286
705: 1001
706: 1081 1073
707: 2215
708: 2132
709: 2819 2758 2401 2094 2032 1962 1531
710: 1096 909
711: 741
712: 869
713: 2586 1351 770
714: 1988
715: 2979
716: 2343 1654 742
717: 2461 1574
718: 2883 1848
719: 2205 1889 1205
720: 2325
721:
722: 2431
723:
724: 3142 3006 2573
725: 2857 2729 2038
726: 2596 2578
727: 2701 1565 1028
728: 1156
729:
730: 2674
731: 1387 1144 1064
732:
733:
734: 3178 2334 804
735:
736: 2018 1968 1469
737:
738: 1661
739: 3115 1053
740:
741: 3254 3202 1856
742: 2241 1629
743:
744:
745: 2415 1805 1128
746: 1083
747: 1468
748: 3021 1971 882
749: 2684 2011 1632 1444 1020
750: 3059 2279 1062 978 924
751: 1167 848
752: 2903
753:
754:
755:
756: 3078 1320
757: 1520 887
758:
759: 2309 1119
760: 2656
761: 781
762:
763: 1702 1087
764:
765: 2198 1283
766: 2514 1488
767: 2621
768: 3253 1141 974
769: 1389 1267
770: 3062 939 916
771: 817
772: 2293 2077 1186 1004 973
773: 2295
774: 1666
775:
776: 2722
777:
778: 840
779: 2933 1562 1556 1546
780: 1807
781: 2386
782: 1277
783: 806
784: 2138 1652
785: 1438
786:
787: 910
788: 3037 2950
789: 2040
790:
791: 2395 2102
792: 2930 1218
793: 3207 2868 1417
794: 2599 1460
795: 994
796: 2759
797: 1733
798: 2616 1552
799:
800: 1353
801: 2476 1876 1403
802: 3178 3073 2334 893
803: 2156
804: 2681 2641 2347 1951 896 894
805: 1121
806: 3024 2778
807: 2159
808: 1762 847
809: 3251 1328 1312 885
810: 845
811: 2674 1553
812: 1054 984
813: 1485 1392 1160
814: 3032 1653 1577 1539
815: 1253
816: 2278
817: 1132
818: 1447 1358
819:
820: 2888
821: 2922 904
822:
823: 2958 1133
824: 1268 1227 911 898
825:
826:
827: 1275 914
828: 2777 2396 2368 1895 1316
829:
830:
831: 2141 1621 1243
832:
833: 2925
834:
835: 2980 1881
836: 2922 2905 1995 1791 1008 933
837: 2353 2225 1369
838: 2004 1778 1710 1118 908
839: 1302
840: 1847
841: 2853 1705
842: 1927
843: 2925 2184 2093 1082
844: 2197 1211 1042
845:
846:
847: 2477
848: 1794
849: 2481 1507 1458 1317 1271
850: 964
851: 2101 1785
852: 2916
853:
854: 2649 2636
855:
856: 2720
857: 3204
858: 1616 1603
859:
860: 2789 2118 1691 1038
861:
862: 1660
863: 1514
864: 2480 2285
865: 2369 1697 1231
866: 1461
867:
868:
869: 1311
870:
871: 2062 863
872: 2452 996
873: 917
874: 2341 2217 1750 1418
875: 2996
876: 1163 1116
877: 3057
878: 1692 1002 965 903
879:
880: 1647 1380 1234
881:
882:
883:
884: 2447 1522
885: 1666
886: 1839
887: 2029
888: 2877 2683 1892
889:
890: 3216 1564 1159 1110
891: 3187 2837 1581 923
892: 2556 2468 1310 945
893: 1849
894: 2976 1831 1018
895: 1264 989 915
896:
897: 2966 2489
898:
899: 2049
900: 2704 1439
901: 1300 1048
902: 2803 1914
903: 2068 1768 1305 988
904: 2682 1730
905: 2552
906: 1365
907: 2328 1181 1161
908: 3122 1436
909: 2163
910: 1688
911: 2735 2216 1752
912: 3069 1504 1222
913: 1340
914:
915: 1937 1366
916:
917: 3209 2198
918: 1584 1481
919: 1831 1025
920: 2877 2683 2590 1466 1255
921: 2638 1136
922:
923: 3252 2156 1309 1101 1072
924: 2054 1321
925: 2444 2071 1544 1473
926:
927: 1829
928: 1512
929: 2568
930: 2317
931: 1998
932: 2474 1513
933: 2098 1176
934: 1641 1563 1545
935: 1381 1010
936: 2928 1490
937: 3107 2361 1372
938: 2597
939: 3179 3028 2008 1103
940: 1397 1350
941:
942: 3035 2896 2577 1955 997
943: 1973 1870 1579
944: 1559
945: 1202 975
946: 1961
947: 2026
948: 2396 1895 1207
949: 1259 1199
950: 1371 1323
951: 2926 2785
952: 1489 1021
953:
954: 3224 2954
955: 1720
956:
957: 2022 1006
958: 3116 2736 1593 1170
959: 1014
960: 3057 2363
961: 2735 2216 1752
962: 1385
963: 2358 1149
964: 2138
965: 1209
966: 2771 1679 1299 981
967: 1266
968:
969: 3075 1465
970:
971: 2001 1958 1803
972: 2324 2051
973: 1528 1215
974: 1482
975: 2104
976: 2983 1341
977: 1721 1713
978: 3029
979: 2149 1236
980: 1665
981: 2254 1005
982: 2412 2218 2081 1874
983:
984:
985: 2125
986: 1880 1693
987: 2437 2226 1966
988: 1055
989: 1289 1245
990: 3113 2634 2166
991: 2354 2242 1086
992:
993: 2144
994: 2005 1842 1731
995:
996: 2565
997:
998: 2449 2300 1887 1272
999: 2356
1000: 2149
1001: 1044
1002: 1570
1003:
1004: 2685 1287
1005:
1006: 1508 1109
1007: 3163 2731 2294 1486
1008: 3199 1619
1009: 2770 2284 1178
1010: 2285
1011: 2522 2458 2205 1547
1012: 3225
1013:
1014: 2689 2302 1878 1806 1354
1015: 1596 1587 1334 1070
1016: 1606
1017:
1018:
1019:
1020: 3021
1021: 2493
1022: 2436 1241
1023:
1024: 1940 1882 1829
1025: 1184
1026: 1135
1027: 1918
1028: 3058 1642
1029: 2079 1396 1261
1030: 2510 2123 1900
1031: 3168 1219
1032:
1033: 2530 1969 1487
1034: 3248
1035: 1294
1036: 2629 2210 1395 1033
1037: 2295
1038: 2517 2312
1039:
1040: 2944
1041: 2379
1042: 1483
1043: 3014
1044:
1045:
1046:
1047: 1228
1048:
1049: 1173
1050: 2036
1051: 1124
1052: 2743 2618
1053: 2681 2641 2347 1951 1172
1054: 3104 3090 1623
1055: 1597 1094
1056: 2713
1057: 3067 1076
1058: 2092
1059:
1060: 2606 2090 1265
1061: 2041 1115
1062:
1063: 2442 1217 1214
1064: 2460 2106
1065: 3053 2988 1831 1364
1066:
1067: 2654
1068: 3047 1470
1069: 2445 1427
1070:
1071:
1072:
1073: 1786
1074: 1347
1075:
1076: 1788
1077:
1078: 2884 2542 1147
1079: 2666 2433 1948 1229
1080:
1081: 2478
1082:
1083: 1195
1084: 2116
1085: 1988
1086: 1293 1093
1087:
1088: 1535
1089:
1090:
1091: 2902
1092:
1093:
1094:
1095: 2187
1096: 3163 2731 2294
1097: 1270
1098: 1987
1099: 2702
1100: 2443
1101: 2964
1102:
1103: 2654 1510 1257
1104:
1105:
1106:
1107: 1258
1108: 2597 1298
1109: 2272
1110: 2192
1111:
1112: 1230
1113: 2344 1540 1443
1114:
1115: 2539 2140
1116: 2776 1349
1117: 1825
1118:
1119: 2805
1120: 2537
1121: 3210 3040 2891 2167 2113 2096 1278
1122:
1123:
1124:
1125: 2470
1126: 1590
1127: 1462
1128:
1129:
1130:
1131: 1736 1367
1132: 2006 1441
1133: 1393
1134: 2148
1135:
1136:
1137: 2917 1953 1746 1566
1138: 2892 1190 1175
1139: 1213
1140:
1141: 2418 2002
1142: 1909 1830
1143: 2478 1933 1437
1144: 1530
1145: 3169
1146: 2503 1155
1147: 2548
1148:
1149: 2765 2274 2151
1150: 2831 2067 1871
1151: 2467
1152: 2997
1153: 2550 1984
1154: 2466 2014 1913 1763
1155: 3091 2540 2227 1813
1156:
1157: 3082 2066
1158: 1759
1159:
1160: 2484
1161: 3089 2484
1162: 2130
1163: 3153 2363 1799 1433
1164: 1148
1165: 2811 1727
1166: 1640
1167:
1168: 1860
1169: 1820 1285
1170: 2076
1171: 1154
1172: 2291
1173:
1174: 3045 2930 1525
1175:
1176:
1177: 1687
1178: 1740
1179:
1180: 2189
1181: 2880 2626 1325
1182: 1932 1890 1216
1183:
1184: 2771
1185:
1186: 2600
1187: 1978
1188: 1934
1189:
1190: 2528
1191:
1192: 1646
1193: 2774
1194:
1195: 1246
1196:
1197: 1947 1414
1198: 1845 1491
1199: 1416
1200: 2526
1201: 2066
1202: 2293 1745
1203: 2065 1808 1704
1204: 3138 2285 2249 1760
1205: 2357 1240
1206:
1207: 3134
1208: 2848 2512 2252
1209:
1210: 2814 2362 1502 1189
1211: 2997 1225
1212:
1213: 3111 2711 1368
1214: 1809 1729 1696
1215: 2080 1398
1216:
1217:
1218: 2319
1219:
1220:
1221: 2994 2793 1429
1222:
1223:
1224: 1269
1225:
1226: 3024 2778 2280
1227:
1228:
1229: 2265
1230: 1649
1231:
1232: 2622
1233: 1290
1234:
1235: 2678 2029
1236: 2730 2619 1210
1237: 3074
1238:
1239: 1529
1240: 3210 2096
1241:
1242:
1243: 2460
1244: 1944
1245:
1246:
1247: 3139
1248: 2202
1249:
1250:
1251:
1252:
1253:
1254: 1558
1255: 2403
1256: 2902 2257 1734 1670
1257:
1258:
1259: 3207 2868
1260: 1923
1261: 1383 1282
1262: 2425 1773
1263: 3020
1264:
1265:
1266: 1601
1267: 3049
1268: 3191
1269: 1711
1270: 2939
1271: 2582
1272:
1273: 3193 1477
1274: 1924
1275: 2934 1896 1817
1276: 3194
1277:
1278: 1630
1279: 1921 1373
1280: 3066 2595 1446
1281:
1282: 1840 1291
1283: 1952 1306
1284: 2232
1285:
1286: 1772 1573
1287: 1827
1288: 2885 1726
1289: 1869
1290: 1682 1498
1291:
1292: 2761 2436
1293:
1294:
1295: 1493
1296:
1297:
1298: 2661 2121
1299:
1300:
1301: 1706
1302: 3062 1307
1303: 2022
1304: 2306 1421
1305: 3189 1851
1306: 1533
1307: 1919
1308: 3140 1568
1309: 1673
1310: 2563 2321
1311:
1312:
1313:
1314:
1315:
1316: 1669
1317:
1318: 2702
1319: 2782
1320:
1321:
1322:
1323: 1991
1324: 1756 1681 1592
1325: 2336 1588
1326: 2754 2583
1327: 2879 1758
1328: 2439 1620
1329:
1330: 1799
1331: 1781
1332: 2718
1333: 1413
1334:
1335: 1431
1336: 1797
1337: 2332 1600
1338:
1339: 2821 2048
1340:
1341:
1342: 3025 2352 2196
1343: 1885 1866
1344: 3230
1345:
1346:
1347: 1852
1348: 3135 2959
1349: 3105 1432
1350: 1929
1351: 1997
1352: 1542
1353: 1928
1354:
1355: 2195
1356: 1426
1357: 1750 1330
1358: 1859
1359:
1360: 2462 2193
1361: 3241 2177
1362:
1363: 1694 1409
1364: 3109 1678
1365: 3092 1557
1366:
1367: 2150 1626
1368: 2845 2185
1369: 3196 1992
1370: 2639
1371:
1372: 1628
1373: 2521 2516
1374: 1751
1375: 2481 1796
1376:
1377:
1378: 1538
1379:
1380:
1381: 2100 1618
1382:
1383:
1384: 1877 1479
1385:
1386:
1387: 2183
1388:
1389: 3258
1390: 1826
1391: 2015
1392:
1393: 2211
1394:
1395: 1906
1396:
1397: 3101 1379
1398:
1399: 3064 2791
1400:
1401: 3140 1698
1402: 2637
1403: 1459
1404: 1725 1648
1405: 1608
1406: 1362
1407:
1408:
1409:
1410: 1555
1411: 2378 1685
1412:
1413: 2469
1414:
1415:
1416: 2367 1595
1417: 3045
1418:
1419:
1420: 1672
1421:
1422:
1423: 2766
1424: 2967 1837
1425:
1426:
1427: 2095
1428: 2031
1429:
1430: 1783
1431:
1432: 2664 2398
1433:
1434:
1435:
1436:
1437: 3024 2778 2160 1551
1438:
1439:
1440:
1441:
1442: 2318
1443: 2920 2258
1444:
1445:
1446: 2188 1434
1447:
1448: 2189
1449:
1450: 2154
1451: 1784
1452: 2074
1453: 1954
1454: 2600 2119
1455:
1456: 2520 2078
1457:
1458: 2747 1732 1657
1459:
1460:
1461:
1462: 2421
1463: 3139
1464: 1680
1465: 1407
1466: 2587
1467: 2382 1476
1468:
1469: 2633
1470: 3171 2190
1471: 1761
1472:
1473:
1474: 2233 1515
1475: 1631
1476: 1613
1477: 2043
1478: 1408
1479:
1480:
1481:
1482:
1483:
1484: 2573 2003
1485: 2172 1609
1486: 3083
1487:
1488: 2059
1489:
1490: 1907
1491: 2842
1492: 1662
1493:
1494: 2738 2073 1645
1495:
1496: 2282 1776
1497:
1498: 2993 2773
1499:
1500: 2631
1501: 1474
1502:
1503:
1504: 3225
1505:
1506: 2643 2581
1507:
1508: 2625 1863
1509:
1510:
1511:
1512: 2784 2194
1513:
1514: 2600
1515:
1516: 1505
1517:
1518:
1519: 2209 1858
1520: 2783
1521:
1522: 2461 1574
1523: 2399 2333
1524:
1525:
1526:
1527: 3076 2601
1528:
1529:
1530: 2105 1714
1531: 1982 1902
1532: 3102 2337 1823
1533:
1534: 2714 2039
1535:
1536: 2271 2058
1537:
1538: 2806
1539: 3154
1540: 2901
1541: 2281 1916
1542:
1543: 1703
1544: 2961 2667
1545:
1546: 2016
1547: 3071 1898
1548: 2314 1517
1549: 1996 1957
1550: 2862 2327
1551:
1552:
1553: 1853
1554: 2045
1555:
1556: 3076 1811
1557: 2260 2168 1617
1558: 3015
1559:
1560: 2839
1561:
1562: 2904 2155
1563: 2636
1564:
1565:
1566: 2479 2091
1567: 1960
1568: 2053
1569:
1570:
1571:
1572: 1872
1573:
1574: 1699
1575:
1576: 2057 1818
1577: 1495
1578: 2764
1579:
1580:
1581:
1582: 1930 1735 1536
1583:
1584:
1585: 2932 2464
1586:
1587: 2679
1588:
1589:
1590: 2728
1591: 3065 2572
1592:
1593: 1695
1594: 2473 2299
1595:
1596: 2869 2500
1597: 2610 2553
1598:
1599: 2966
1600: 1822
1601: 2013
1602:
1603: 2448
1604: 2750
1605: 2399 2333 2021
1606: 2843
1607:
1608: 2099 1633 1569
1609:
1610: 2413 1945
1611: 2615 2346
1612: 1912
1613: 2508 1977 1812
1614: 3103 2702 1737
1615:
1616:
1617: 2657
1618: 2826
1619:
1620:
1621:
1622: 2131
1623: 1605
1624: 2842
1625:
1626:
1627: 2875 1744 1543
1628: 2706
1629:
1630:
1631:
1632: 2689 2302 1806
1633:
1634: 2772 1841
1635: 3047 2972 2709
1636:
1637: 2943 1757
1638:
1639: 2745
1640: 2390 2359 2162
1641:
1642:
1643: 2151
1644:
1645: 1572
1646: 3112 2745
1647: 2703
1648:
1649: 2567
1650:
1651: 3157 2692 2064 1700
1652: 3231 1819
1653: 2432 1834
1654: 3010 2717 2465 1651
1655:
1656:
1657: 2824 1560
1658: 1769
1659:
1660: 1765
1661: 1583
1662:
1663: 3023 2407
1664: 3017 2069
1665: 2451 2055
1666:
1667: 3019 2732 2308 2152
1668:
1669:
1670: 1935 1607
1671:
1672:
1673: 2559 1850
1674: 2579
1675:
1676:
1677:
1678:
1679:
1680:
1681:
1682:
1683: 2968
1684: 1715
1685:
1686:
1687: 1941 1639
1688: 3046 2922
1689:
1690: 1915
1691: 3128 2707
1692: 2179
1693: 1650
1694:
1695:
1696:
1697: 2755 1771
1698: 1865 1816 1635
1699:
1700: 2499 2283 2085
1701:
1702: 3231 2107
1703: 2523 2414
1704: 2520
1705: 2575 1638
1706:
1707:
1708: 2111
1709:
1710: 2248
1711: 2784
1712: 2673
1713:
1714:
1715: 2932
1716: 1677
1717: 2659 2608
1718: 2758 2032 1962 1634
1719:
1720:
1721: 2243
1722:
1723: 2651
1724: 2967 2269 2042
1725:
1726:
1727:
1728: 2881 2564 2224
1729: 3044 2788 2531
1730:
1731: 2239
1732: 1659
1733:
1734: 2546
1735:
1736: 2629 2210
1737:
1738:
1739:
1740: 3157 2692 2570 2296
1741:
1742: 2866
1743: 3160 2756 2609 1712
1744:
1745:
1746: 2812
1747:
1748: 3209 3092
1749:
1750:
1751: 3027
1752:
1753:
1754: 3228 1978
1755: 2181 2017
1756:
1757:
1758: 3196
1759: 2482
1760: 3034
1761: 1867 1777
1762:
1763: 2694
1764: 2372
1765:
1766:
1767:
1768: 3225 2108
1769:
1770: 3212
1771:
1772: 1981
1773:
1774:
1775: 2961
1776: 2109
1777: 3054
1778: 2340 1846
1779:
1780: 2949 2908
1781: 3206 2292
1782: 2857 2729
1783: 3130 2847
1784:
1785:
1786: 2330
1787:
1788: 3241
1789: 2678
1790: 2023
1791:
1792: 2072
1793:
1794:
1795: 1798
1796:
1797:
1798: 2127
1799: 2495
1800: 2393
1801:
1802: 3077
1803: 2960 2532 2411 1802
1804: 3223
1805: 2178
1806:
1807: 1975
1808: 3121 2509
1809: 3247 1980
1810:
1811: 1755
1812:
1813: 2544
1814: 3030 2303
1815: 2786
1816: 2744
1817:
1818: 2858
1819: 2384
1820:
1821: 2744 1879
1822:
1823: 2497
1824: 3260 2124
1825: 2999 2180 2034
1826: 2682
1827:
1828: 2258
1829:
1830:
1831:
1832:
1833:
1834:
1835: 3008
1836: 3249 2463 1787
1837: 2602 1774
1838: 2375
1839: 2733
1840:
1841:
1842:
1843: 3237 2454 2383
1844: 3214
1845:
1846: 2088
1847: 3158 2558
1848:
1849:
1850:
1851:
1852: 2973
1853:
1854:
1855:
1856: 1943
1857:
1858:
1859:
1860: 1894
1861:
1862:
1863:
1864: 2969 1832
1865:
1866: 3056
1867: 2613
1868: 2984 2117
1869:
1870: 2419
1871:
1872:
1873: 2175
1874: 2487
1875: 2133
1876:
1877:
1878: 3182
1879: 2230 2158
1880: 3213
1881:
1882:
1883: 2171
1884: 1974
1885:
1886:
1887:
1888:
1889: 2945
1890: 3192 2082
1891: 1942
1892:
1893: 2345
1894:
1895:
1896: 3241 1884
1897: 2030
1898: 2840
1899: 3129
1900: 2899 2796
1901: 2935
1902:
1903: 3050 1899
1904: 2402
1905:
1906:
1907:
1908:
1909: 2697 2423
1910:
1911: 2219
1912:
1913: 1862
1914:
1915:
1916:
1917: 3055 2251
1918:
1919:
1920: 2313 1891
1921:
1922: 3166
1923:
1924:
1925:
1926:
1927: 3172
1928:
1929:
1930: 3099 2981
1931:
1932: 3064 2791
1933:
1934:
1935:
1936:
1937: 3155
1938: 1967
1939: 3211
1940: 3208
1941:
1942: 1908
1943: 2288
1944: 2338
1945:
1946:
1947: 1911
1948:
1949:
1950: 3185
1951: 2245
1952: 2267
1953:
1954:
1955:
1956: 1985
1957:
1958:
1959:
1960: 3146
1961: 2223
1962:
1963:
1964: 1893
1965:
1966:
1967:
1968:
1969:
1970: 2985 2647
1971:
1972: 2136 2129 2122
1973:
1974:
1975: 3137
1976: 2614
1977:
1978:
1979: 2401
1980:
1981:
1982: 2354
1983:
1984: 2864 2781
1985:
1986: 1939
1987: 2539 2145
1988:
1989:
1990:
1991: 1993
1992: 3144 1903
1993: 2671
1994:
1995: 3001 1989
1996: 3227
1997:
1998:
1999:
2000:
2001:
2002:
2003: 2878
2004: 2157
2005: 2494
2006:
2007:
2008: 2946
2009: 3027
2010: 3106
2011:
2012:
2013:
2014:
2015:
2016: 2499 2283
2017: 2769
2018:
2019: 2739
2020: 2715
2021:
2022: 2759
2023: 2915
2024: 2289
2025: 2522 2458 2060
2026:
2027: 2835
2028: 2164
2029: 3175
2030: 2644 2557
2031: 2590
2032: 2380
2033: 2527 2329
2034: 2721 2511 2146
2035: 3087
2036:
2037:
2038: 3060 2555
2039:
2040: 2492
2041: 2201
2042: 2650 2635 2255
2043:
2044:
2045:
2046:
2047: 2174
2048:
2049:
2050:
2051: 2261
2052:
2053: 3161 2872
2054:
2055:
2056:
2057:
2058: 2894
2059: 2523 2414
2060:
2061:
2062: 2459 2348
2063:
2064: 3139 3093
2065: 3042
2066:
2067:
2068: 2397
2069:
2070: 2087
2071:
2072: 2830
2073:
2074:
2075:
2076:
2077:
2078: 2741
2079: 2648
2080: 2862
2081:
2082: 2203
2083:
2084: 3108 2727 2264
2085:
2086: 2929
2087: 2182
2088: 2405
2089: 2844
2090:
2091: 2475
2092:
2093: 2562 2220
2094: 2802 2238
2095:
2096:
2097: 2684
2098:
2099: 3169 2370
2100:
2101: 2970
2102:
2103: 2204
2104: 2973
2105:
2106: 2275
2107: 2450
2108: 3236
2109:
2110: 2710
2111: 2723 2670
2112: 2083
2113: 3160
2114:
2115:
2116: 2752
2117:
2118:
2119: 3255
2120:
2121:
2122: 2561
2123:
2124:
2125: 2909
2126:
2127: 3200
2128:
2129:
2130:
2131: 3082
2132:
2133:
2134:
2135:
2136:
2137: 2790
2138: 3158 2558
2139: 3094
2140:
2141:
2142:
2143:
2144:
2145:
2146: 2653
2147: 2924
2148:
2149: 2391
2150:
2151: 3145
2152:
2153:
2154: 2228
2155:
2156:
2157: 3224
2158:
2159: 2941 2552
2160:
2161:
2162:
2163: 2533
2164:
2165:
2166:
2167:
2168:
2169: 3041 2170
2170:
2171: 2250
2172:
2173:
2174:
2175:
2176: 2427
2177:
2178:
2179: 2699
2180:
2181:
2182:
2183:
2184:
2185: 2870 2585
2186:
2187: 3133
2188:
2189:
2190: 2617
2191: 2552
2192:
2193: 3109
2194: 2696
2195:
2196:
2197:
2198: 2235
2199:
2200: 2624
2201: 2737
2202: 2591
2203: 2893
2204:
2205:
2206:
2207: 3079
2208: 2246
2209: 2687
2210:
2211: 2863
2212:
2213: 2410
2214:
2215:
2216:
2217:
2218:
2219:
2220: 3243 3036
2221:
2222: 2982
2223:
2224:
2225: 2962
2226:
2227:
2228:
2229:
2230: 2589
2231:
2232:
2233:
2234: 3141 2576 2483
2235:
2236:
2237: 2298
2238:
2239:
2240:
2241:
2242:
2243:
2244:
2245:
2246: 2259
2247:
2248:
2249: 2534
2250:
2251: 2231
2252:
2253: 2620 2538
2254: 2713
2255:
2256:
2257: 2428
2258:
2259: 3231
2260:
2261:
2262: 2734
2263:
2264:
2265:
2266:
2267:
2268: 2921 2290
2269: 2625
2270:
2271:
2272:
2273:
2274:
2275:
2276:
2277:
2278:
2279: 2815
2280:
2281:
2282: 2695
2283: 2808
2284: 2931
2285: 2818
2286:
2287:
2288:
2289:
2290:
2291: 2305
2292:
2293:
2294:
2295:
2296:
2297:
2298:
2299:
2300:
2301: 2471
2302:
2303:
2304: 2304
2305:
2306:
2307:
2308:
2309:
2310:
2311:
2312:
2313:
2314:
2315:
2316: 3003
2317: 3031
2318:
2319:
2320:
2321: 3089
2322: 2506
2323:
2324:
2325:
2326: 3162 2424
2327:
2328:
2329:
2330: 2365
2331:
2332:
2333: 3233
2334:
2335:
2336:
2337:
2338:
2339:
2340:
2341:
2342:
2343:
2344: 2322
2345: 2841 2574
2346:
2347:
2348: 2965
2349: 2420
2350: 3080
2351:
2352:
2353: 2691
2354: 3107
2355: 2301
2356: 2854
2357:
2358: 2507
2359:
2360:
2361:
2362:
2363: 2668 2491
2364:
2365:
2366: 3064
2367:
2368: 2724
2369: 2998
2370:
2371:
2372: 2861
2373:
2374:
2375: 2371
2376: 3048
2377:
2378:
2379:
2380: 2690
2381:
2382:
2383:
2384:
2385:
2386:
2387:
2388:
2389: 2640 2392
2390:
2391:
2392:
2393:
2394:
2395:
2396:
2397:
2398: 2339
2399:
2400: 2646
2401: 3159 2740
2402:
2403:
2404:
2405: 3148
2406:
2407: 2811
2408:
2409:
2410:
2411:
2412: 3217
2413:
2414:
2415:
2416:
2417:
2418: 2515
2419:
2420:
2421: 2457
2422:
2423: 3170
2424:
2425:
2426: 2611
2427:
2428:
2429:
2430: 2810
2431:
2432:
2433:
2434:
2435:
2436: 2628
2437:
2438:
2439:
2440:
2441:
2442: 2768
2443: 2995
2444:
2445:
2446:
2447: 2829
2448:
2449: 3018
2450:
2451:
2452:
2453:
2454:
2455:
2456:
2457:
2458: 3197 3156
2459:
2460:
2461:
2462:
2463:
2464:
2465:
2466:
2467:
2468:
2469:
2470:
2471: 2991
2472: 3016
2473:
2474:
2475:
2476: 2505
2477:
2478:
2479: 2952
2480: 2897 2525
2481: 3188
2482:
2483:
2484:
2485:
2486:
2487:
2488:
2489: 2867
2490:
2491:
2492:
2493:
2494: 2822
2495: 2896
2496:
2497:
2498:
2499:
2500:
2501:
2502:
2503:
2504:
2505:
2506:
2507: 2803
2508:
2509: 2726
2510:
2511: 2807
2512:
2513:
2514:
2515:
2516:
2517: 2886
2518: 2972
2519:
2520:
2521:
2522:
2523:
2524:
2525:
2526:
2527: 2554
2528:
2529:
2530:
2531: 2813
2532:
2533:
2534:
2535: 2787
2536:
2537:
2538:
2539:
2540:
2541:
2542: 2860
2543:
2544:
2545:
2546:
2547:
2548:
2549:
2550:
2551:
2552:
2553:
2554:
2555:
2556:
2557: 2828
2558: 3002
2559:
2560:
2561: 2545
2562:
2563: 2592
2564:
2565:
2566:
2567:
2568:
2569: 2698
2570:
2571:
2572:
2573:
2574:
2575: 2895
2576:
2577:
2578: 2971
2579: 3131
2580: 3052
2581:
2582:
2583:
2584:
2585:
2586:
2587:
2588: 2856
2589:
2590:
2591:
2592:
2593:
2594:
2595:
2596:
2597:
2598:
2599:
2600:
2601:
2602:
2603: 2873
2604:
2605: 3063
2606:
2607:
2608:
2609:
2610:
2611: 3155
2612:
2613: 2775
2614:
2615:
2616:
2617:
2618:
2619: 3205 2919
2620: 2760
2621:
2622:
2623:
2624:
2625:
2626:
2627:
2628:
2629:
2630: 2584
2631:
2632:
2633:
2634:
2635:
2636:
2637:
2638:
2639:
2640:
2641:
2642:
2643:
2644:
2645:
2646:
2647: 3114
2648:
2649:
2650:
2651:
2652:
2653:
2654:
2655:
2656:
2657:
2658:
2659:
2660: 2612
2661:
2662:
2663:
2664:
2665:
2666:
2667: 3039
2668:
2669:
2670:
2671:
2672:
2673:
2674: 2913 2655
2675:
2676:
2677:
2678:
2679:
2680: 3005
2681:
2682: 2794
2683:
2684: 2700
2685: 2918
2686:
2687: 2834 2746
2688: 2686
2689: 3238
2690:
2691:
2692: 3215
2693:
2694:
2695:
2696:
2697: 2914 2855 2832
2698:
2699:
2700: 3097 3095
2701: 2850
2702:
2703:
2704:
2705:
2706:
2707:
2708:
2709:
2710: 3220
2711: 3007 2987 2665
2712:
2713:
2714:
2715:
2716:
2717: 3100
2718:
2719:
2720:
2721: 3219
2722:
2723:
2724:
2725:
2726:
2727:
2728: 2900
2729:
2730: 3173
2731:
2732:
2733:
2734:
2735:
2736:
2737:
2738:
2739:
2740:
2741: 2979
2742:
2743:
2744:
2745:
2746:
2747:
2748:
2749: 3211
2750:
2751:
2752:
2753:
2754:
2755:
2756:
2757: 2874
2758:
2759:
2760:
2761:
2762:
2763:
2764:
2765:
2766:
2767:
2768:
2769:
2770:
2771:
2772:
2773:
2774:
2775:
2776: 2889
2777:
2778:
2779:
2780:
2781: 3250 2977
2782:
2783:
2784:
2785:
2786:
2787: 2948
2788:
2789:
2790:
2791:
2792: 3072
2793: 3226
2794:
2795:
2796:
2797:
2798:
2799:
2800: 3228 3068
2801:
2802:
2803:
2804: 2871
2805:
2806:
2807:
2808:
2809:
2810: 2816
2811:
2812:
2813:
2814:
2815: 2989
2816:
2817:
2818: 3120
2819:
2820:
2821:
2822:
2823:
2824:
2825:
2826:
2827: 2804
2828:
2829:
2830:
2831:
2832:
2833:
2834:
2835: 2846
2836:
2837:
2838: 3196
2839:
2840: 3235 3013
2841:
2842:
2843:
2844:
2845:
2846:
2847:
2848:
2849:
2850:
2851:
2852: 3057
2853: 2890
2854: 2957
2855:
2856:
2857:
2858:
2859:
2860:
2861:
2862:
2863: 3235
2864:
2865:
2866:
2867:
2868:
2869:
2870:
2871:
2872:
2873:
2874:
2875:
2876:
2877:
2878: 2836
2879:
2880:
2881:
2882:
2883:
2884:
2885:
2886:
2887:
2888: 3051
2889:
2890:
2891: 3012
2892:
2893:
2894:
2895:
2896:
2897:
2898:
2899:
2900:
2901:
2902:
2903:
2904: 3222
2905:
2906:
2907:
2908:
2909:
2910:
2911:
2912:
2913:
2914: 3022
2915:
2916:
2917:
2918:
2919:
2920:
2921:
2922:
2923:
2924:
2925:
2926:
2927: 3026
2928:
2929:
2930:
2931: 3180
2932:
2933:
2934:
2935:
2936:
2937:
2938:
2939: 2963
2940:
2941:
2942:
2943:
2944:
2945:
2946:
2947: 3110
2948:
2949:
2950:
2951:
2952:
2953:
2954:
2955: 3244
2956: 3259
2957: 2953
2958:
2959:
2960:
2961:
2962:
2963:
2964:
2965:
2966:
2967:
2968:
2969:
2970:
2971:
2972:
2973: 3088
2974:
2975:
2976:
2977:
2978:
2979:
2980: 3150
2981:
2982:
2983: 3123
2984:
2985:
2986:
2987:
2988:
2989:
2990:
2991:
2992:
2993:
2994: 2992
2995: 3252
2996: 3195
2997:
2998:
2999:
3000:
3001:
3002:
3003:
3004:
3005:
3006:
3007:
3008:
3009:
3010:
3011:
3012:
3013: 2951
3014:
3015:
3016:
3017:
3018:
3019:
3020:
3021:
3022:
3023: 3126
3024:
3025:
3026:
3027:
3028:
3029:
3030:
3031:
3032:
3033:
3034:
3035:
3036:
3037:
3038:
3039:
3040:
3041: 3000
3042:
3043:
3044:
3045:
3046:
3047:
3048:
3049:
3050:
3051:
3052:
3053:
3054:
3055:
3056:
3057:
3058:
3059:
3060:
3061:
3062:
3063:
3064:
3065:
3066:
3067:
3068:
3069:
3070:
3071:
3072:
3073:
3074:
3075:
3076:
3077:
3078:
3079:
3080:
3081:
3082:
3083:
3084:
3085:
3086:
3087:
3088:
3089:
3090:
3091:
3092:
3093:
3094:
3095:
3096:
3097:
3098:
3099:
3100:
3101:
3102:
3103:
3104:
3105:
3106:
3107:
3108:
3109:
3110:
3111:
3112:
3113:
3114:
3115:
3116:
3117:
3118: 3129
3119:
3120: 3118
3121:
3122:
3123:
3124:
3125:
3126:
3127:
3128:
3129:
3130:
3131:
3132:
3133:
3134:
3135:
3136:
3137:
3138:
3139:
3140:
3141:
3142:
3143:
3144:
3145:
3146:
3147:
3148:
3149:
3150:
3151:
3152:
3153:
3154: 3117
3155:
3156:
3157:
3158:
3159:
3160:
3161:
3162:
3163:
3164:
3165:
3166:
3167:
3168:
3169: 3242
3170:
3171:
3172:
3173:
3174:
3175:
3176:
3177:
3178:
3179:
3180:
3181:
3182:
3183:
3184:
3185:
3186:
3187:
3188: 3174
3189: 3190
3190:
3191:
3192:
3193: 3152
3194:
3195:
3196:
3197:
3198:
3199:
3200: 3167
3201:
3202:
3203:
3204:
3205:
3206:
3207: 3149
3208:
3209:
3210:
3211:
3212:
3213:
3214:
3215:
3216:
3217:
3218:
3219:
3220:
3221:
3222:
3223:
3224:
3225:
3226:
3227: 3184
3228:
3229:
3230:
3231:
3232:
3233:
3234:
3235:
3236:
3237:
3238:
3239:
3240:
3241:
3242:
3243:
3244:
3245:
3246:
3247:
3248:
3249:
3250:
3251:
3252:
3253:
3254:
3255:
3256:
3257:
3258:
3259:
3260:
3261:
3262:
3263:
3264:
3265:
3266:
3267:
3268:
3269:
3270:
3271:
3272: 3239
3273:
3274:
3275:
3276:
3277:
3278:
3279:
3280:
3281:
3282:
3283:
3284:
3285:
3286:
3287:
3288:
3289:
3290:
3291:
3292:
3293:
3294:
3295:
3296:
3297:
3298:
3299:
3300:
3301:
3302:
3303:
3304:
3305:
3306:
3307:
3308:
3309:
3310:
3311:
3312:
3313:
3314:
3315:
3316:
3317:
3318:
3319:
3320:
3321:
3322:
3323:
3324:
3325:
3326:
3327:
