1: 206 39 24 20 7
2: 178 131 127 119 116 115 101 86 53 32 13 6 5 3
3: 2 1
4: 126 19 4
5: 215 170 165
6: 211 198 193 178 165 156 131 122 119 82 75 33 27 26 25 15 10
7: 17
8: 127 118 103 101 86 65 42 41 40 28
9: 213
10: 135 93 52 35 30 16 9 8
11: 178 131 119 70 25
12: 213 159 85 38 21 14
13: 211 156 122 67
14: 190
15: 128 61 29 12 11
16: 212 181 177 127 101 86 81 42 40
17: 194 132 100 95
18: 120 103 23
19: 116 115 53 43 37 32
20: 165 128 61 29 18
21: 169 112
22:
23: 63 51 22
24: 104
25: 76 45
26: 207 127 101 86 42 40
27: 143
28: 176 114 55
29: 89
30: 47
31: 105 92
32: 133 88
33: 214 200
34: 207 72 69 59 31
35: 146
36: 212 177 125 80
37: 50 49
38: 176 103 36
39: 128
40: 214 62
41: 111
42: 84
43: 34
44:
45: 208 137 129 102 44
46:
47: 200 46
48: 140
49: 141 71 48
50: 94 58
51: 176
52: 56
53: 218 96 68
54: 158 60 57
55:
56: 138
57: 54
58: 203 107
59: 83 66
60: 132 100
61: 172 98
62: 183 175 171
63: 153 73
64: 90
65: 97
66: 64
67: 74
68: 166 160 155
69: 210 174 132
70: 173 123 108 87
71: 197 110 77
72: 78
73: 202
74: 99 79
75:
76: 212 177
77: 106
78: 113
79: 154
80: 133 91
81: 161
82:
83: 136
84: 138
85:
86:
87: 158 151 144
88: 200
89:
90:
91:
92: 162 124
93: 163
94:
95:
96:
97: 204 182 109
98: 164 150
99:
100:
101: 148 146 117
102: 121
103:
104: 216
105:
106: 180
107: 205 184
108:
109:
110:
111: 134
112:
113: 186 130
114: 208 169 137 129
115:
116: 138
117:
118:
119:
120: 215 170
121:
122:
123: 147
124:
125: 219 167
126: 217
127:
128:
129:
130:
131: 187 139
132:
133: 149
134: 145
135:
136:
137:
138: 204 182
139:
140: 208 142
141: 191
142:
143:
144:
145: 152
146: 157
147:
148:
149:
150: 199
151: 185
152:
153:
154: 196
155: 189 168
156:
157:
158: 188
159:
160:
161:
162: 195
163: 179
164:
165:
166:
167:
168:
169:
170:
171:
172:
173:
174: 209
175:
176:
177:
178:
179:
180:
181:
182: 192
183: 201
184:
185:
186:
187:
188:
189:
190:
191:
192: 217
193:
194:
195:
196:
197:
198:
199:
200:
201: 220
202:
203:
204:
205:
206:
207:
208:
