1: 2672 2127 696 579 556 344 254 71 58 29 28 22 18 16 12 11 6 5 3 2 1
2: 1475 279 114 8 4
3: 2382 2285 1964 1893 1058 673 477 372 295 273 234 189 149 107 102 88 19 17 9
4: 2982 2475 1637 1619 1475 445 361 307 302 287 279 216 203 202 179 145 120 114 89 64 49 47 30 8
5: 3084 2039 551 530 421 412 387 331 282 261 135 111 7
6: 2653 1611 574 329 101 69 33 32 24 15 10
7: 3236 3199 2910 1667 1552 1299 1285 1116 850 538 533 493 78 27 25 23
8: 728 40 36 21 20
9: 3353 2910 2840 2338 2241 1999 1884 1783 1299 1116 643 625 285 199 85 39 34 31 13
10: 3434 511 507 436 231 66 41 14
11: 3464 3210 2330 1773 1295 1077 1048 217 208 132 83 65 37
12: 2307 443 246 123 43 42 26
13: 2533 688 442 323 320 304 299 291 228 99 98 61 59 45
14: 2531 1541 1317 1046 1028 894 653 624 379 283 253 240 185 137 75 53 52 38 35
15: 2429 2304 2220 1940 1892 1838 1776 1379 1293 971 909 842 837 759 525 500 346 334 272 225 204 196 170 94 46
16: 3411 2475 621 502 472 361 287 284 258 203 179 68
17: 1985 817 622 51
18: 2370 1218 63 50
19: 2297 2013 1237 919 572 205 166 154 133 100 76 62
20: 2957 1329 431 134 48 44
21: 3487 919 205 133
22: 714 582 347 77 73 55
23: 3401 320 291 169 159 54
24: 2529 1951 292 188
25: 2623 2494 1355 640 424 298 96 95 57
26: 1919 1682 1174 975 761 229 224 148
27: 2893 1807 1800 1005 144 56
28: 2735 2297 197 121 60
29: 2429 2304 2220 1940 1379
30: 1988 1948 1360 804 750 606 499 286 267 139
31: 1669 807 673 477 380 372 295 107 102 67
32: 3439 3438 2932 752 354 268 138 130 117 108 70
33: 2653 2241 1999 1884 1783 643 285 199
34: 1986 1281 1139 251 191 74
35: 1389 712 468 404 389 128 109
36: 3401 2089 503 257
37: 3158 103
38: 2965 1892 1332 1293 842 837 500 346 112
39: 2475 361 287 203 179
40: 909 272 105 72
41: 2843 2151 1545 1421 1191 1145 423 368 343 86 80
42: 3337 3236 1776 1517 1285 1070 971 759 705 645 446 334 326 170 167 118 87
43: 2793 562 506 192
44: 3455 2854 2835 1781 1342 969 731 586 534 532 475 450 345 140 122 91
45: 2843 1859 1421 1191 1145 423 368 90
46: 150 81
47: 3374 3051 1348 1197 1176 1092 1022 890 796 548 473 187 153 79
48: 2890 2459 1237 878 447 386 97
49: 2735 445 197 121 82
50: 3009 2533 1616 673 449 323 304 299 271 228
51: 1509 1068 843 822 84
52: 3226 3146 2910 1299 1187 1116 929 743 162
53: 2835 2815 2722 1977 946 913 912 731 403 352 340 339 256 249 244
54: 1092 796 473 177 143 93
55: 911 610 564 259 171
56: 2910 1299 1116
57: 2623 640 424 158 152 141 126 92
58: 525 204 196 115
59: 3500 1036 665 353 214 173
60: 2598 2288 1189 393 218 142 136 124 119
61: 3036 2854 1353 1104 623 546 318 116
62: 1997 223 181 155 125
63: 3455 3387 3300 2946 2063 1970 1781 1460 956 908 631 476 384 377 341 333 305 293 198
64: 1951 1909 1265 573 147
65: 1928 819 248
66: 3498 3373 930 852 818 510 156
67: 1317 185 146 113
68: 2172 1248 212 131
69: 2229 528 485
70: 2522 1173 184 129 104
71: 1597 1001 614 583 220 210 157 110 106
72: 1986 1541 1028 653 283 253 240 137
73: 3388 543 327
74: 1237
75: 2582 1863 1249 902 565 541 296 175
76: 2582 1994 1249 1223 313
77: 2205 1082 974 301 265
78:
79: 1014 795 496 397
80: 2990 1505 723 452 338
81: 446 326 151
82: 2242 2099 1543 1473 1113 868 867 862 694 453 164 127
83: 879 488 209
84: 1482 742 604
85: 1724 1535 910
86: 2535
87: 2598 2288 2223 1976 1622 1189 1118 658 549 463 393 242 160
88: 3036 1353 911 705 610 564 195 167
89: 673 234 189
90: 1577 1246 827
91: 2890 1137 408
92: 3321 2885 2671 2467 2203 1696 1173 883 725 634 611
93: 823 638 406 297 161
94: 3359 2614 1688 1424 1147 772 710 190 183
95: 2790 2373 1735 1598 1261 926 635 213
96: 3416 2234 2145 1666 682 492 437 221
97: 1256 376
98: 740 194
99: 3054 2458 2436 2353 2345 1465 1460 1098 908 476 305 293
100: 2289 1312 617 366 280
101: 1543 1473 862 207 193 176 165
102: 2130 1612 1358
103: 1342 345 186
104: 1036 780 665 233
105: 1863 1298 902 512 163
106: 2432
107: 545 238
108: 388 180
109: 3072 2476 1024 337 168
110: 3373 1077 818
111: 3412 3411 1011 893 855 484 235
112: 309 276 260
113: 1050 385
114: 3137 1445 269
115: 172
116: 1986 1139 274
117: 3094 2756 2728 2130 1493 1443 835 720 675
118: 382
119: 3044 2408 2227 1142
120: 3443 2392 448
121: 3300 956 384 377
122: 1290 595 290 230
123: 2185 2083 944
124: 3267 3254 3211 1198 602 262 241
125: 2604 686 647 575 401 306 294 227 200
126: 2491 2072 1110 603 501 438 428 413
127: 3072 3044 2476 2408 2227 2205 2147 1954 1898 1864 1185 1142 1082 1045 1024 627 531 367 337 178 174
128: 741 613 456 336
129: 364 328 275 252 182
130: 3319 3202 3201 3009 2893 2432 1807 1800 1616 1005 673 449 271
131: 3443 2066 1741
132: 1987 921
133: 1392 255 226 219 211 201
134: 3042 2232 2016 1240 1224 550 439
135: 1761 1687 1601 1258 987 829 524 519 350 300
136: 3327 3245
137: 2835 731
138: 3332 1494 1254 471 319 250
139: 3090 922 576 391 264
140: 2909 1746
141: 3146 1176 1022
142: 3247 1585 886 559
143: 3065 1168 806 779 709
144: 3006
145: 2906 1221 663 651
146: 954 917 315 243
147: 2472 1319 1164 637 535
148: 621 502 258
149: 2018 1619 206
150: 3411 1762 1468
151: 3469 1273 215
152: 2330 237
153:
154: 3237 2632 2234 2145 1666 445 307 302
155: 3084 2039 530 412 387 247 236
156: 1266 515
157: 1671
158: 2235 1764 1683 739 316 222
159: 2370 1112 904 555 542
160: 2154 1888 1553
161: 857 683
162: 3389 2354 1599 774 489
163: 3397 2166 1671 1639 1407 1017 245
164: 2451 1933 392
165: 3346 521 480
166: 2250 793
167: 625 370 356 355 281
168: 1756 751 497 469
169: 3250 3181 2777 659
170: 2232 2016 1240 1224 263
171: 3236 1285
172: 1988 592
173:
174: 2130 1493 374 324 317
175: 2683 418
176: 3435 1813
177: 3321 2671 1696 308 232
178: 2719 1515 1414
179: 3004 504 270
180:
181: 3185 1709 432
182: 2789 390
183: 1380 1339 1269 454
184: 1333
185: 2982 1637
186: 3184 1462 407
187: 3018 2356 1476
188: 2876 2681 2596 1127 518 358
189: 3160 2325 1015 718 289
190: 1409 1173 563 330
191: 3107 2837 2815 2722 1977 946 912 403 352
192: 1440 239
193: 3213 3044 2408 2227 1100 398
194: 3149 1523 1103 700 429
195: 340 339
196: 2063 554 481
197: 2573 2505 1526 1230 1097 721 707 321
198: 1443 720 675 369
199:
200: 2738 629 400
201: 3488 2573 2505 2185 2083 1230 1097 958 907 721 707 660 461 373
202: 3105 288 278
203: 3129 383 266
204: 2179 1638 596
205: 1105
206: 2970 2273
207: 1253 1226 498
208: 2267 1885 1449 1044 864
209: 3295 1744 1602 649
210: 2815 2722 1977 459 325 322
211: 1669 380
212:
213: 3301 3197 2573 2541 2505 1499 1230 1097 591 303
214: 3133 3078 2740 2350 1961 1157 757
215: 1307 715 691 277
216: 1762 1468
217: 581
218: 1684 430
219: 3087 2949 2869 2442 2333 311
220: 3213 1151 1100 457
221: 2519 1975 1259 1225 998 889 798
222: 722
223: 3368 1173 844 540 371 314
224: 3311 3007 2933 2628 2375 1672 1073 905
225: 3431 885 405 359
226: 1897 1422 381
227: 2857 2627 2308 2000 1824 1301 1041
228: 2022 1595 1444 729
229: 3479 2533 2275 2081 2040 1605 1588 1347 1252 1120 570
230: 3102 2718 1257 800 348
231: 1954 1864 1185 627
232: 2154 1888 1553 993 936 410
233: 3333 2890 1328 514
234: 2999 1107
235: 3376 1165 892
236: 2226 2128 2044
237: 2696 976 547
238: 3391 2065 335
239: 2888 680 568
240: 3455 3072 2476 1781 586 534 475 450
241: 3359 677 310
242: 1988 750 606 499 427
243: 1357 312
244: 1040 349
245: 674 544 365
246: 3037 2914 2774 768 577
247: 2970 2745 2273 1808
248: 1905 360
249: 883 420
250: 2087 1957 693
251: 1375 464
252: 2711 1442 1416
253: 1620 1464 767 460
254:
255: 2583 2009 578 479
256: 2735 2432 2356 1656 841
257: 1007 417
258: 1041 670 411 362
259: 3489 2190 933
260: 3449 3327 1315 970 840
261: 1354 1047
262:
263: 1525 332
264: 3078 2223 1976 658 549 463
265: 2937 861 685 494
266:
267: 3247 1585 630 357
268: 2690 2212 2052
269: 474
270: 3033 2092 1294 1243 444
271: 1241 704 601
272: 2458 1625 676 490 342
273: 792 363
274: 1007 641
275: 1172 509
276: 3443 2392 2203 634 600
277: 2667 1726 414 409
278: 2066 1741 745 652 608 552
279: 974
280: 632 378
281: 1798 1417 553
282: 2489 1608 396 375
283: 3267 3254 3211 2592 1929 1484 901
284: 2696 1264 976
285: 2082 826
286: 2156 1084 491 399
287: 1643 1430 395
288: 1308 1112 555 542 351
289: 1163 394
290: 3257
291:
292: 1056 678
293: 1180 916 633 433
294: 828 593 465
295:
296: 415
297: 3249 1048 434
298: 2157 1830 1148
299: 3085 2383
300: 2071 1214 734
301: 2229 1903 628
302: 2790 2373 1735 926
303: 3464 3210 3050 1773 1115 961 426
304: 3491 1099 419
305: 2081 2040 1588 1347 1252 1120
306: 3332
307: 2965 2416 2249 1729 478
308: 1011 893 855
309: 2619 2370 904
310: 785
311: 3263 609
312: 747
313: 1294 620
314: 2664 422
315: 3349 3098
316: 1219
317: 3362 3186 2828 2035 1692 1690 1176 1027 1022 820 681
318: 2560 2034 1778 716 495
319:
320: 2786 1595 526
321: 2018
322:
323: 1520 1175 881 763
324: 2207 886 462 416
325: 2583 783 571
326: 3160 807
327: 3302 2519 1975 984 980 945 441
328: 1126
329: 3381 1222 516
330: 3319 3202 3201 790
331: 1348 1197
332:
333: 644 487 483 402
334: 2139 1886 1748 1076 590
335:
336: 2749 2597 2276 1358 1266 1123 787
337: 781 771 717
338: 3039 1713 727 537
339: 3359 612 425
340: 3212 1205 1144
341: 2866 1814 1733 616 482
342: 1728 1483 1033
343: 3387 2946 934
344: 2266 455
345: 1761 1601
346: 2355 1747 1313 990 809 594 517
347: 2626 1698 1680 435
348: 3199 615
349: 2284 1866 1651 978
350: 2813 2307 987
351: 2952 2752 2177 1689 733
352: 998 889 440
353: 3062 2665 1079 1030 458
354: 2702 1434 646
355: 3165 2750 668
356: 3165 2962 2750 943 527
357: 3062 2665 784
358: 1298
359:
360: 3029 863 648 470 451
361: 3457 1016
362:
363: 1315 588
364: 2799 2793 2717 2121 1480 1081 949
365: 2110 1310 1190 870 801
366: 932
367: 1623 963 754 513
368: 778 605
369: 3180 988
370: 900 746 561 522
371: 2253 977 897 874 557 539
372:
373: 3431 3092 2970 2273 1348 1197
374: 1141
375: 2270 2151 2056 1363
376:
377: 1075 702 566
378: 2756 1210 967 860
379: 3162 636 467
380: 2854 1104 546
381: 2155 838
382: 847 794 585
383: 2976 1795 1645 1568 1361 1193
384: 2927 1154 937
385: 1400
386: 2864 1991 1516
387: 1446 466
388: 1692 598
389: 2314 669
390: 2995 1244 724 626
391: 1610
392: 2092 1458
393: 1376
394: 2031
395: 1923
396: 1083 713
397: 2458 2167 1684 1453 1025 979 856
398: 1966 711 589
399: 1693 692
400:
401: 1573 1250 536 529
402: 2100 706 703 698 667
403: 3337 1871 1517 1070 1009 995 645
404:
405: 2940 1694 877
406: 2749 2597 2276 1123 787 580 523 486
407: 1460 684
408: 2029 719 690
409: 1612
410: 2908 1136
411:
412: 3184 3014 1462 1242 508
413: 944
414: 3394
415: 1482
416: 3342 1108
417: 2767 1622 1118
418: 3011 2678
419: 1037 639
420: 1128 851
421: 2626 1680
422: 2821
423: 2079 1150
424: 2956 2088 1009 995
425: 915
426: 1895 1032 697
427: 2414 2278
428: 3119 2351 2235 1764 1683 1352 834
429: 3380 2186 1377 732
430: 2934
431: 3257 2854 805
432: 2714 1937 1567 699
433: 1537 872 695
434: 2434 1968 560
435: 2627 2308 1824 1486 1301 760
436: 1149
437: 2793 1862 679 672
438: 3245 2322 2120 2002 1130 955
439: 3127 2965 1332 1291
440: 980
441: 3265 2184
442: 1808 642
443: 2160 2135 2076 1608 1311
444: 671 505
445: 2516 1140 1088
446: 3371 1077 587
447: 3078 2350 689
448: 2122 1420
449:
450: 762
451: 3037 2774 654
452: 1890 1488
453: 962 607
454: 2745
455: 2729 2491 2072 2026 1418 899 567
456: 2120 1130 955
457: 2092
458: 520
459:
460: 3143 2827 2695 836 786
461: 2978 1566 1549 744
462: 1124
463: 2068 2050 1920 1647 1502 584
464: 3119 1236 1071 906
465: 1194 875 664
466:
467:
468: 3387 2946 2397
469: 2494 2439
470: 2559 948 839 618
471: 3346 1506 880
472: 3393
473:
474: 1757 1524 797 569
475: 3032 2945 597
476: 2669 2224
477: 2850 558
478: 2744 1276 968
479:
480: 1831
481: 964
482: 3098 1021
483: 1881 1292
484: 2627 2470 2308 2000 1824 1301 812
485: 833
486:
487:
488: 1111 726
489: 1138 825 661
490: 2012 984 945 832
491:
492: 1135 853
493: 2985 2614 1872 1424 1147
494: 2431 1739 1668
495: 3350 2996 2516 775
496: 931
497:
498: 1681 1296
499: 2242 1113 868 867
500: 2178 2061 1122 896
501: 1639
502: 1302
503: 3314 1131 821 782
504: 2815 2722 1977
505: 1901 999 656 599
506:
507: 2964 1646 959 655
508:
509:
510: 2513 2053 1072 777 619
511: 1806
512: 3226 1053
513: 810 769
514:
515: 3041 1712 1201 813
516: 2717 2121 949
517: 1542 1101 687
518:
519: 3037 2774 888
520: 1267 737
521: 2716 2490 1967 814
522: 2838 1496 884
523: 1578 1335 887 831 650
524: 2460 1590
525:
526: 730 708
527: 2734
528: 866
529: 3403 1921 1158 1094
530: 666 657
531: 2310 755
532: 1039 846
533:
534: 1730
535: 1455
536: 2500 2290 1125 986
537: 3246 982
538: 2905 1950
539: 2255 1398
540: 3375 2881
541: 3148 1370 1300 1188 1179
542: 3453
543: 3480 1501 1378
544:
545: 1426 940
546: 2831 2493 1546 1262 662
547: 2828 2035 1954 1864 1690 1355 1027 820 681
548: 1257
549: 3304 2839 2603
550: 3460 830 756
551: 2141 1854 1383
552: 3148
553: 2871 2677 942 764
554: 2032
555: 1207
556: 1020
557: 2896
558: 2136
559: 1029
560: 3397 3185 2459 2166 1407
561:
562:
563: 1809
564: 2406 1177
565: 3002 1883 1855 1490
566: 2130 1951 1808 1493 1265 1137 1077 1056 1021
567:
568: 3495 2938 1155
569: 923
570: 2163
571:
572:
573: 2155
574:
575: 1894 950 876
576: 3456 3027 2650 776
577: 2063 1114 1026 985 736
578: 1722 1558 1489
579:
580: 1871
581: 2764 1660 789
582: 3127 2843 2613 1291
583: 3374 2153 1320 1205 1144
584: 1306 1089
585: 1156 791
586: 3091 914
587: 1874 1143
588: 3099 1452 1184
589: 2064
590: 3050
591: 2857 1618
592: 3346 1087 803
593: 1308
594: 2374 1840
595: 3011 2678
596: 3126 3014 1117 859
597: 1998 1761 1702 1601 799 773
598: 3067 930
599: 2571 1540
600: 3436 1054
601: 2158 1799 1533 1162 701
602: 1971 1822 1664
603: 2022 1069
604: 1369
605: 3257
606: 2857
607: 3346 3334 2195
608: 2934 2160 849 824 802
609: 1078
610: 1503
611: 2632
612: 2995 2274 1786
613: 3256 1325 1170
614: 3396 2238 1874 1143
615: 3376 1165
616: 3139 2189 1466
617: 1091
618: 1504 1061
619: 2831 2493 2289 1546 1262 816
620: 1760 1002
621: 2436 2353 2345 1728 1483 1465 1098 766 753
622: 1731 1471
623:
624: 2818 865
625: 824 802
626: 1396 966 941
627:
628:
629: 2865 2563 2326 1670 1034
630: 2458 979 856
631: 858
632: 3266 1314 848
633:
634: 3347
635: 1612
636:
637: 3018 1476
638: 1508
639: 2084 735
640: 2193 1183
641: 2337 1615
642: 1551
643: 3326 3189 3153 2258 1876 1556 1272
644: 927
645: 2543 1102 785 770
646: 758
647: 1550 1413
648: 1304 1060
649:
650:
651: 1575 748
652: 2586 2440 2143 1589 845
653: 2556 1879 1247 738
654: 3044 2408 2227 2188 871
655: 3150 3122 3066 3044 2680 2408 1976
656: 2439
657: 2912 2901 1536
658: 2487 1832 1167 1152
659: 3078 2350 2103 1459 1064 997
660: 1239 1090 788
661: 1411 1095
662: 2107 1461 938
663:
664: 749
665: 1283
666: 1073
667:
668:
669:
670: 2760 1959
671: 2633 765
672: 869
673: 3173 1857 1742 1365 1318
674: 1035
675: 2832 1435
676: 3324 2050 1659 1647 1584 1502 928
677: 2604 815
678: 2828 952
679: 1974
680: 3454 2549
681: 1751 1278
682: 3301
683: 3286 3170
684: 1930 947 920
685: 1785 1727 1326 1146 1129
686: 2639 2424 2263 1260 991
687: 1949 1385
688: 1211
689: 1755 1433
690: 3199
691: 2710 951
692: 1367 1012
693: 3094 2728 1902
694: 2195
695:
696: 2980 1873
697: 3501
698: 3433 1691
699: 3258 1286
700: 2265
701: 1569 1093 981
702: 1403
703: 3197 2541 1277
704: 1945 1710
705: 3150 3122 3066 2680 1096
706: 965 924
707:
708:
709: 1995 1614 1019 808
710: 1737
711: 3142 811
712: 1004 953
713: 2978 2905 2576 2049 1586 1566 1549
714: 2102
715: 2020 1910 1889 1600 1038 873
716: 3044 2408 1915 882
717:
718: 3022 2311 2075 1447
719:
720: 1769
721: 854
722:
723: 3297 1322 918
724: 1023
725:
726:
727: 2477 1810 898
728: 1689 1327
729: 2047 1043
730: 3406 1723 891
731: 989
732: 1891 1374 1062
733: 1063
734: 2513 2426
735:
736: 1936 1031
737: 2962 1074
738: 1849
739: 3204 2386
740: 3432 2531 1356 1065
741: 2862 903
742: 2782
743:
744: 1441
745: 1438
746: 1801
747:
748:
749:
750: 2840
751: 2928 2546 2417 2033
752: 3444 2474 1763
753:
754: 1581
755: 1289
756: 2292 1227
757: 3409 1635
758: 3034
759: 3342 2226 2128 2044
760: 1126
761:
762: 3345 2249 1729 1195 1176 1022
763: 3466
764: 1828
765: 2411 2315 1425
766: 3052 2509
767: 2932
768:
769: 2806
770:
771: 2621 1754
772: 3472 1869
773: 1982
774: 2849 1882
775: 3495 3194 3088 3070 2938 1209 1155
776: 3324 2663 1659 1373 1270
777: 1392
778: 2483 1938 1235 1182
779:
780: 2426 1886 1748 1362 1171
781:
782: 1229
783: 1215
784: 3459 2864
785: 3258 2298
786: 3348 2484
787: 3457 1448
788: 2799 1480 1081
789: 2331 895
790:
791: 972
792: 3161 2879 2807 2371 2261 925
793: 2792
794: 1768 992
795: 2954 2769
796: 2700 1851 1341 994 960
797: 1067
798: 1134
799: 1336
800: 2390
801: 3009
802: 1419
803: 1972 1008
804: 2581
805: 3172 1397
806: 3267 3254 3211 2592 1538 1406
807:
808: 2159 1630 1013
809: 2977 2781 1231
810: 3277 2376 1052
811:
812: 2075
813: 2673
814: 2294 1386
815: 2974
816: 1511 1245 973
817:
818: 2908
819: 1051
820:
821: 1759
822: 1450 1338 996
823: 1006
824: 3035
825: 3271 3021 2508
826: 3433 1186
827: 2740 1961
828: 2085 2077 1428
829:
830: 2100 957
831: 2347 1993
832: 3237 3007 2933 2628 2375
833: 1217
834: 2257 1725 983
835: 2215 2036
836:
837: 3500
838: 1758 1390 935
839: 3373 1203
840: 3501 2605
841: 1859
842: 939
843:
844: 1607 1208
845: 2390
846: 1212 1059
847: 2010
848: 3425 1719
849:
850: 2443 1834
851: 3064
852: 2366 1996
853:
854: 1559
855:
856:
857: 2845 1804
858: 3404
859: 1994 1223
860: 2923
861: 3043 2208 1350 1334 1153
862:
863: 1965
864: 1359
865: 2057 1324 1109
866: 1199
867: 2516 1757 1524
868: 1904 1621 1049
869: 2746 1648
870: 1918 1791
871: 3474 2349 1042
872: 3014
873: 1507 1003
874: 1606 1412 1066 1018
875:
876: 2548 1500
877:
878: 1797
879: 3109 2113 1750 1391 1309
880: 1932 1395 1057
881: 2140 1055 1000
882: 2208 1334 1153
883: 3107 2837 1394
884:
885:
886: 2192 2152 1820 1161
887: 1837 1010
888: 3461 2822 1204
889:
890: 1913
891: 3469 2118 1121
892: 2920 2673
893:
894: 2869 2442 2333 1703
895: 2380 2133 1661
896: 2483 2108 2079 1938 1798 1417
897:
898: 2856 2156 1340 1086
899:
900: 1275 1106
901:
902: 2698
903: 2526
904: 1470
905:
906: 2316
907: 3011 2910 2678
908: 2575 1744
909: 3022
910: 2860 2294 1838 1206
911: 2983
912: 3325 2928 2546 2417 2344 2033
913: 2488
914: 3221 3117 2768 2580 2207 2131 1686
915:
916:
917: 1649
918: 2978 1771 1566 1549
919: 3151 2112 1952
920: 1551
921: 2581
922: 2846 2202 1192
923: 2516 2180 2105
924: 3487
925: 3030 2466
926: 1653 1401 1080
927: 1085
928:
929:
930: 3087 2949 2633
931: 2114
932: 2796 1914 1345
933:
934: 1495
935:
936: 3167 2757 1955 1268
937: 2367 2341
938: 2746 2698 1648 1593
939: 1732 1402 1169
940: 2069
941:
942: 2688
943: 2238
944: 1973
945: 2210
946: 3250 3181 2777 2401
947: 2860 1166
948: 1896
949: 2719 1414
950: 1423
951: 1727 1133
952: 3349
953:
954: 1405
955:
956: 3456 3432 2984 2970 2478 2273 1431
957: 3405 1956 1858 1388
958: 3484 3355
959: 2504 2046 1624 1160
960: 1861 1654
961: 2037
962: 2520 1704 1351
963: 3486 1344
964: 1554 1178
965: 2616 1650 1498
966: 3374 2153 1320
967: 2452 1715
968:
969: 3171 1305
970: 2219
971:
972: 2558 2217 1860
973: 1572
974:
975: 1962 1928
976: 1213
977:
978: 2813
979: 2416
980: 1579
981:
982: 2296 1833 1119
983: 1788
984: 3235
985: 2662 2469
986: 2198 1780 1518
987: 2600 2447
988: 2256
989: 1697
990: 1992 1865
991:
992: 3065
993: 1724 1535
994: 2577 1159
995: 2518 1576
996: 1368 1331
997: 1303
998: 3264 2206 2003
999: 1688
1000: 2096
1001: 1753
1002: 2963 2421 1271
1003: 1918 1534
1004: 2593 1565
1005: 2489
1006:
1007: 1251
1008: 2989 2176 1485
1009: 2418 1829 1372
1010:
1011: 1234
1012:
1013: 2648 1596
1014: 3441 1132
1015:
1016: 2688
1017: 2115 1474 1323
1018: 1899
1019: 2900 1711 1384
1020:
1021:
1022: 2004
1023:
1024:
1025:
1026:
1027: 1665 1603 1346 1181
1028: 1463
1029: 3106 2099
1030:
1031: 3377
1032: 2535 2270 2056 1771
1033: 2516 1900 1232
1034: 3403 1274
1035: 2900
1036: 1491 1472
1037: 1862 1238
1038: 3237
1039: 2765
1040: 1784
1041: 2956 2088
1042:
1043:
1044:
1045:
1046: 1439
1047: 2963 2547 2421 1451 1271
1048: 2312 1935 1868 1200
1049:
1050: 2299 2119 1685
1051: 1853
1052: 2725
1053: 2987 2384
1054: 1738 1387
1055: 3217 3124
1056: 1934 1228
1057: 2270 2056
1058: 2569 1793 1436
1059: 1410
1060:
1061: 1676
1062:
1063:
1064: 2396 2057
1065:
1066: 2974 2564
1067: 3007 2933 2628 2375
1068: 1196
1069: 1297
1070: 3130 1636
1071: 2183 1787 1279
1072: 1263 1216
1073: 1825 1532
1074: 3458 1580
1075: 2342
1076: 2550 1740 1527
1077: 1752
1078: 2599 2028
1079: 2244 2053 1284
1080:
1081: 3293 2111
1082: 1528 1220
1083: 2990 1505
1084: 3309 2006 1963 1233
1085:
1086:
1087: 2786 2381 1255
1088:
1089:
1090: 3068 1984
1091: 2504 2046 1202
1092:
1093: 3282 1969
1094: 3470 2905 1950
1095: 1316
1096: 2272
1097:
1098: 2557
1099: 2074
1100: 2823 1942
1101: 2309
1102: 2389 1617 1563
1103:
1104: 1632
1105: 2555
1106:
1107: 2950 1512 1427
1108: 1877 1288
1109:
1110: 3097 3054
1111: 2711
1112:
1113:
1114:
1115:
1116: 3183 2779 1604
1117:
1118:
1119: 3019 2357
1120: 2449 2251 1634 1544
1121: 2527
1122: 2891
1123: 2807 2371
1124:
1125:
1126: 3311
1127: 1658
1128: 3335 2048
1129: 1681
1130:
1131:
1132: 1720 1337
1133: 3494 2652 1280
1134:
1135: 3287 2944 2880
1136: 1827
1137: 1770 1437
1138: 2716 1967
1139: 3483 3058
1140: 1497 1457
1141:
1142:
1143:
1144:
1145: 2884 1644
1146: 2733
1147: 1330
1148: 3067 1907 1415
1149:
1150: 3302 2643 1321 1282
1151: 2588
1152: 2211 1917 1432 1364
1153: 3346
1154: 2778
1155: 1522 1287
1156:
1157:
1158:
1159: 3440
1160: 3487
1161: 2689 1777
1162: 2551 1669 1583
1163: 3166 1707 1469
1164: 3297 1560 1455
1165: 2025
1166: 1714 1349
1167: 2616 2522
1168: 3136
1169:
1170: 2591 2506 1772
1171:
1172: 1667
1173:
1174: 1679
1175: 2472
1176: 2971 1812
1177: 2738 2239 1943 1626
1178: 3338 3327 2674
1179: 1381 1366
1180: 3466 1382
1181: 1393
1182: 1492
1183: 2742 2328 2073
1184: 2511 1839 1835
1185:
1186:
1187:
1188: 3231 1530 1399
1189:
1190: 1629
1191:
1192: 3328 1343
1193:
1194: 2068 1920
1195: 2182 1700
1196: 3338 2674
1197: 2635 2245
1198:
1199: 2737 1564
1200: 2399
1201: 2595
1202: 3061 2631
1203:
1204: 2462 1477
1205: 1627
1206: 1519
1207:
1208: 2024 1911
1209:
1210:
1211: 2759 2570
1212: 1955
1213: 3017 1699
1214: 2596
1215:
1216:
1217:
1218: 2260
1219: 2850 1408
1220: 3291 1736
1221:
1222:
1223: 1706
1224: 2275 1605
1225: 1674
1226:
1227: 3359
1228:
1229:
1230: 2058
1231: 2336 1479
1232: 1743
1233: 3185
1234: 2126 1655
1235: 3495 2938 1848
1236:
1237:
1238:
1239: 1887 1371
1240: 2806
1241: 2433 2402
1242: 1440
1243:
1244: 2411
1245: 2319
1246: 3325 2344 1642
1247:
1248: 2771
1249: 3401 2761 1821
1250: 2471 2161
1251: 2171
1252:
1253: 3118
1254: 2131 1686
1255: 2942
1256: 1765
1257:
1258: 2951 2008
1259: 2318
1260: 2911 2378
1261: 2523
1262: 2973 1701
1263: 2287 2256
1264:
1265: 2062
1266: 1628
1267: 3302 2339
1268: 1481
1269:
1270: 2313
1271: 1867
1272: 2441 2428
1273:
1274: 2159 1792
1275: 2691 1591
1276:
1277: 1958
1278: 2341
1279:
1280: 3283 3069
1281:
1282: 1850 1404
1283:
1284: 1908
1285: 3371
1286: 3493 2545
1287:
1288: 2825 2005
1289: 1677
1290: 3243
1291: 1592
1292: 2655
1293: 3132 2842 1456
1294:
1295: 2271 1947
1296:
1297: 3283 1594 1574
1298: 2730 2187
1299: 2813
1300: 2173
1301: 1734
1302:
1303: 2360 1816 1429
1304: 3499
1305:
1306:
1307:
1308:
1309:
1310: 3305 1521
1311: 1931 1916 1716
1312: 2664
1313:
1314:
1315: 3298 3129 2301 1802 1478
1316: 1613
1317: 1640
1318:
1319:
1320: 1513
1321: 2981 2760 2388 2116
1322: 1454
1323: 2552 1819
1324:
1325: 2656 2106
1326: 2808 2736 1944
1327:
1328: 3348 3184 2484
1329: 2325
1330:
1331: 1965
1332:
1333: 2129
1334: 3485
1335:
1336: 1562
1337:
1338:
1339: 1487 1467
1340: 2998 1980
1341: 3195 3117 3034 1582
1342:
1343:
1344: 2437
1345: 3378 1983 1941
1346:
1347: 3251
1348:
1349:
1350: 3118
1351:
1352: 2395 2358
1353: 1526
1354: 2590
1355: 2446
1356: 1539
1357:
1358: 3116 2045 1514
1359: 3195
1360: 1657
1361: 2596 2134 1924
1362:
1363: 3367 2761
1364:
1365: 2631
1366: 3330
1367: 2859 2387
1368: 3375 2881 2365
1369: 1531
1370:
1371: 2352
1372:
1373:
1374: 2540 1631
1375:
1376: 1766 1555
1377:
1378: 2763
1379: 1510
1380: 2621
1381: 2622
1382:
1383: 1673
1384: 3350 2996 2844
1385: 2029
1386:
1387: 3178
1388: 2425
1389: 2684 2403
1390:
1391: 2795 2194 1790
1392:
1393:
1394:
1395: 2438
1396:
1397: 3079
1398: 2404 1548
1399: 2686 1587 1529
1400: 2693 2510
1401: 2731
1402:
1403: 3461 3346 2822 2575
1404:
1405: 3111
1406: 3065 1561
1407:
1408: 1782
1409: 3169
1410: 3025 2948
1411: 1675
1412: 3270 2542
1413:
1414:
1415:
1416: 2904 2661 2169
1417: 2902 1912
1418: 3500 3265
1419: 3337 2635
1420: 3087 2949
1421: 3383
1422:
1423: 3467 1571
1424:
1425:
1426: 3482 2117
1427: 1557
1428: 3424 3370 2080 2019 1570
1429: 2389
1430: 1547
1431: 3295
1432:
1433: 1803
1434:
1435:
1436:
1437:
1438: 2233
1439: 3216 2248
1440: 3396 2901
1441:
1442: 2566
1443: 2657
1444: 1609
1445: 3015 2561 2553
1446:
1447: 2201
1448: 1842
1449:
1450: 2499
1451: 1817
1452:
1453: 2968 2291 2200
1454:
1455: 2988
1456:
1457: 2253
1458: 3449 2720 2492
1459: 2486 2453 1843
1460:
1461: 3304
1462: 2587 1847
1463: 2146
1464: 2286
1465: 3219 3147 2363
1466: 1990
1467: 1721
1468: 3499 2705
1469: 1844
1470: 2870 2335
1471: 1767
1472:
1473: 1852
1474: 3082
1475:
1476: 2150
1477:
1478: 2346
1479: 2455
1480: 2919
1481: 3225 2898 1652
1482:
1483: 1745
1484:
1485:
1486: 1662
1487: 1663
1488:
1489: 3408
1490: 2917 2282 1633
1491: 3407 1805
1492:
1493:
1494: 2871 2677
1495: 3227 2896 2574 2165
1496:
1497:
1498: 1641
1499:
1500: 2168
1501:
1502:
1503: 3410 3206 1815
1504:
1505:
1506: 2023
1507: 3253
1508:
1509: 2225
1510:
1511: 2445 2132
1512: 3227 2165
1513: 3313 2986 1705
1514:
1515:
1516: 2563 2326
1517: 2824 1749
1518:
1519: 3089
1520:
1521:
1522:
1523:
1524:
1525: 3273
1526: 3308
1527: 2773
1528: 2361 2015
1529: 2512 2162
1530:
1531:
1532: 2751 2199
1533: 2126 1978
1534:
1535: 3204 2697 2589 2565
1536: 2601
1537:
1538: 2634
1539: 2976
1540: 2757
1541:
1542:
1543: 2873
1544:
1545: 2679 2494 1718
1546:
1547: 2255
1548:
1549: 2997 1811
1550:
1551:
1552: 2097
1553:
1554: 1875
1555: 2967 2465 2385 1823
1556:
1557: 1818
1558:
1559: 3282
1560: 2495 2348
1561:
1562:
1563: 3286 3170
1564: 2222 2204 1678
1565: 2244 1979
1566: 2528
1567: 2042 1953
1568: 2292
1569: 3358
1570:
1571:
1572: 2643
1573:
1574:
1575:
1576: 2054 1870
1577: 3236 1880
1578:
1579:
1580: 2338
1581: 2883
1582:
1583: 1774
1584:
1585:
1586: 3380
1587: 2108
1588:
1589: 1695
1590:
1591:
1592:
1593: 2293
1594: 3154 2853
1595:
1596: 1946
1597:
1598: 1922
1599: 2070
1600: 2636 1717
1601: 2123
1602: 2473 2450
1603: 2770 2658 1708
1604: 3093
1605: 2979
1606:
1607:
1608:
1609:
1610: 2836
1611:
1612:
1613:
1614: 2869 2442 2333
1615: 3278 3074
1616:
1617:
1618: 2805
1619: 3223 2427
1620: 3228 1826
1621: 2305
1622:
1623:
1624: 3163
1625: 3015
1626: 2852
1627: 2507
1628:
1629: 3282
1630: 2104
1631:
1632: 2620
1633:
1634:
1635:
1636: 2775
1637:
1638:
1639:
1640:
1641:
1642:
1643: 1846
1644: 2654
1645:
1646:
1647:
1648: 2792
1649:
1650: 2496 1775
1651:
1652:
1653: 1845
1654:
1655: 2027
1656:
1657:
1658:
1659:
1660:
1661:
1662:
1663: 2078
1664:
1665:
1666: 3331
1667:
1668: 3385 2283
1669: 2095 2007
1670: 2517 2302
1671:
1672:
1673: 3008 2882
1674: 3038 1856
1675:
1676: 1836
1677: 2422
1678: 3212
1679: 2917 2726 2630
1680: 3026 2921
1681:
1682: 2715 1779
1683:
1684: 2886 2413
1685:
1686:
1687:
1688: 3163 2875
1689: 2226 2128 2044
1690:
1691:
1692:
1693: 3415
1694: 2430
1695: 1989
1696:
1697: 2423
1698:
1699: 2732
1700: 3366 1796 1794 1789
1701:
1702:
1703: 2060
1704: 2915 2612 2191
1705: 3046 1960
1706: 2277
1707: 2874
1708:
1709:
1710: 2649 2321
1711: 3095
1712: 2775
1713: 2969 2181
1714: 2528
1715: 3123
1716:
1717: 3465 2754
1718:
1719: 2055
1720: 2585
1721:
1722: 1973 1841
1723:
1724:
1725: 3000
1726:
1727: 2876 2681
1728:
1729: 3446
1730: 2317
1731:
1732: 2767 1939
1733: 2532 2379
1734:
1735: 2041
1736: 2017
1737:
1738:
1739: 2262
1740: 2647
1741:
1742: 2142
1743: 3151
1744: 2059
1745: 3162
1746:
1747: 2401
1748:
1749:
1750: 3385
1751:
1752: 2554
1753: 2615
1754: 2228
1755: 3063 2398
1756:
1757: 2619
1758: 3316
1759:
1760:
1761: 2994 2323 2197
1762: 2618
1763: 3390 2343
1764:
1765:
1766:
1767:
1768: 2525 2030
1769: 3091
1770: 2651 1927
1771: 2175
1772: 2637 2014
1773: 3372
1774: 3329 2692 2067
1775: 2927
1776: 3469
1777:
1778: 3502
1779: 2132 1878
1780:
1781: 3477
1782: 2811
1783: 1981
1784: 3309 2485
1785:
1786:
1787: 2761 2306
1788: 2051
1789: 3041
1790:
1791:
1792:
1793: 1925
1794:
1795:
1796: 2913
1797:
1798: 3458 1906
1799:
1800: 2991
1801:
1802:
1803: 2093
1804:
1805: 2804
1806:
1807: 2359 2264
1808:
1809: 2887
1810:
1811: 3114
1812: 2254
1813:
1814:
1815: 3229
1816: 1926
1817: 2470
1818:
1819:
1820:
1821: 2410
1822: 3075 2368
1823:
1824: 3113
1825: 2723
1826:
1827:
1828: 2983
1829:
1830: 3306
1831:
1832: 3058 2216
1833: 2463
1834:
1835:
1836:
1837: 3105 2086
1838:
1839:
1840: 2303
1841: 2936 2340
1842: 3145
1843: 2895
1844: 2221
1845:
1846:
1847:
1848: 3028
1849: 3135
1850: 2468 2457
1851:
1852: 3385
1853:
1854:
1855:
1856:
1857:
1858:
1859:
1860: 3471 2098
1861:
1862:
1863:
1864:
1865:
1866: 2455
1867: 2994
1868:
1869:
1870: 2300
1871: 2218
1872:
1873: 2975
1874:
1875:
1876:
1877: 3473
1878:
1879:
1880: 2137
1881: 2606
1882:
1883: 3344
1884:
1885:
1886: 2855
1887:
1888: 3055
1889:
1890: 2001
1891:
1892: 3420 2362
1893:
1894: 2912
1895:
1896:
1897: 3356 3298
1898:
1899:
1900: 2668
1901: 2536 2021
1902:
1903:
1904:
1905:
1906: 2405 2324 2011
1907: 2498 2164
1908:
1909: 2801 2568 2320
1910: 2213
1911:
1912: 3077
1913: 2585
1914: 2043
1915: 3362 3186
1916:
1917: 2409
1918: 2101
1919: 2747
1920: 3276 2038
1921:
1922: 2149
1923: 3013 2810
1924: 3432
1925: 2479
1926:
1927: 3191
1928: 2613
1929: 3346 2947 2610
1930: 2624 2534 2170
1931:
1932: 2748 2125
1933:
1934:
1935:
1936:
1937:
1938:
1939:
1940: 3410 3206 3173 3125
1941: 3198
1942:
1943: 3155 2209
1944: 2562 2174 2148
1945: 2829
1946: 2279 2247 2090
1947: 3351 3056
1948: 3115 2958 2094
1949:
1950: 2269
1951: 2762
1952:
1953:
1954:
1955: 2572
1956:
1957:
1958:
1959:
1960:
1961:
1962:
1963:
1964: 3157
1965: 3021 2109
1966: 2091
1967:
1968:
1969:
1970: 3208 3141
1971:
1972:
1973: 2214
1974:
1975:
1976: 3101 2246
1977:
1978: 2629
1979:
1980: 3310
1981:
1982: 2894
1983:
1984: 2922
1985:
1986: 2607 2530
1987:
1988:
1989:
1990:
1991: 3286 2230
1992: 3313
1993:
1994:
1995:
1996:
1997: 3096
1998: 2196
1999: 2611 2400 2124
2000:
2001: 3371
2002:
2003: 2567
2004:
2005:
2006:
2007:
2008: 3074
2009:
2010:
2011:
2012:
2013: 2659 2259
2014: 3209
2015: 2537
2016:
2017: 2877
2018:
2019:
2020:
2021:
2022:
2023:
2024:
2025:
2026: 2412
2027:
2028: 2645
2029: 3436
2030:
2031:
2032:
2033:
2034: 2138
2035: 3419
2036: 2579
2037: 2720 2492
2038: 3422
2039: 2454
2040:
2041:
2042: 2237
2043:
2044: 2791
2045:
2046: 2144
2047: 2407
2048: 2252
2049: 3413
2050: 2741 2501
2051:
2052:
2053:
2054: 3486
2055:
2056: 3266
2057: 2394
2058: 2367
2059:
2060:
2061: 2918
2062:
2063:
2064:
2065: 2327
2066:
2067:
2068:
2069: 2755
2070:
2071: 3225 2898
2072: 3094 2728 2231
2073:
2074:
2075: 3379
2076:
2077:
2078:
2079:
2080: 3288
2081:
2082:
2083:
2084:
2085: 2236
2086: 3328
2087:
2088:
2089: 2503
2090:
2091: 3299
2092: 2332
2093:
2094:
2095:
2096:
2097: 3296
2098: 2685
2099: 2802
2100: 2538
2101:
2102:
2103:
2104:
2105: 2787
2106: 2507
2107:
2108:
2109:
2110:
2111: 2867 2364
2112: 3492 2295
2113:
2114:
2115:
2116:
2117: 3128
2118:
2119: 2694
2120:
2121:
2122: 3080
2123:
2124: 2992
2125: 2280
2126:
2127:
2128: 3012 2929 2544
2129:
2130:
2131: 3192
2132:
2133:
2134: 3292
2135:
2136:
2137: 2334 2329
2138:
2139: 2281 2243 2240
2140:
2141:
2142: 3463
2143:
2144: 3274
2145:
2146: 2372
2147: 2480
2148:
2149: 2584
2150: 3366
2151:
2152:
2153: 2419
2154: 2797
2155: 2609
2156:
2157: 2847 2481
2158: 2640
2159:
2160:
2161:
2162:
2163:
2164:
2165:
2166:
2167: 3176
2168:
2169: 2268
2170: 3249 2670
2171: 3260
2172:
2173:
2174:
2175: 2739 2642
2176:
2177:
2178:
2179:
2180: 2456
2181:
2182: 3290 2420
2183:
2184:
2185:
2186:
2187:
2188:
2189:
2190:
2191:
2192: 3255
2193: 3182
2194: 2924 2758
2195: 2515
2196: 3303
2197:
2198:
2199: 2369
2200:
2201: 2858 2514
2202: 2391
2203:
2204:
2205:
2206: 2878
2207:
2208: 3421
2209:
2210: 3300
2211:
2212: 3120
2213: 2461
2214:
2215:
2216:
2217:
2218:
2219: 3214
2220: 2497
2221:
2222: 3418
2223: 2435
2224:
2225:
2226: 2482
2227:
2228:
2229:
2230:
2231:
2232:
2233: 2602
2234:
2235:
2236:
2237: 2830
2238:
2239:
2240: 3458
2241:
2242:
2243:
2244: 3450 3248
2245: 2502
2246: 3285 3253 3020 2993
2247:
2248: 2675
2249: 3339 2539
2250: 2377
2251:
2252: 2578 2524
2253:
2254:
2255: 3177
2256:
2257:
2258: 3262 2393
2259: 3336 2848
2260:
2261:
2262:
2263: 2641
2264: 2415
2265:
2266:
2267:
2268: 3174
2269:
2270:
2271:
2272:
2273: 3179
2274:
2275:
2276:
2277: 2619
2278:
2279:
2280:
2281:
2282:
2283:
2284: 3289
2285:
2286:
2287:
2288:
2289:
2290: 2743
2291:
2292:
2293:
2294: 2868 2448
2295:
2296:
2297: 3156
2298: 2785
2299: 2987
2300: 2709
2301:
2302:
2303: 3341
2304: 2666
2305:
2306:
2307:
2308:
2309: 3154
2310:
2311: 2707
2312:
2313:
2314:
2315:
2316:
2317:
2318: 2755
2319:
2320:
2321:
2322:
2323:
2324: 2646
2325:
2326: 3010
2327:
2328:
2329:
2330:
2331:
2332: 2966
2333: 3272
2334:
2335:
2336:
2337:
2338: 3038
2339:
2340:
2341:
2342: 3431
2343: 3500 2959
2344:
2345:
2346: 2464
2347:
2348:
2349: 2444
2350:
2351:
2352:
2353:
2354:
2355:
2356:
2357:
2358: 2841
2359: 2866
2360: 2800
2361: 2803
2362:
2363:
2364: 2816
2365:
2366: 2724
2367: 2727
2368:
2369: 3480
2370:
2371: 3307
2372:
2373:
2374:
2375:
2376: 2625
2377:
2378:
2379:
2380:
2381: 2608
2382:
2383:
2384:
2385:
2386: 2676
2387:
2388: 3481
2389:
2390:
2391:
2392:
2393:
2394: 3317
2395:
2396: 3057
2397:
2398:
2399:
2400: 3241
2401:
2402: 3275
2403:
2404:
2405:
2406:
2407:
2408:
2409:
2410: 2660
2411:
2412: 3294
2413:
2414:
2415:
2416:
2417:
2418: 3110
2419:
2420:
2421:
2422: 2794
2423: 3471
2424:
2425: 3183 2779
2426: 3230 2713
2427:
2428:
2429:
2430:
2431:
2432:
2433:
2434:
2435:
2436:
2437:
2438:
2439: 2644
2440:
2441:
2442:
2443:
2444:
2445:
2446: 3086
2447: 3259 2521
2448:
2449:
2450:
2451: 3428 2819
2452:
2453:
2454: 2617
2455:
2456:
2457: 3315
2458:
2459: 2708
2460: 2820
2461:
2462:
2463: 2706
2464:
2465:
2466: 3138 2851
2467:
2468:
2469:
2470:
2471: 3240
2472:
2473:
2474:
2475:
2476:
2477: 3318
2478: 2788
2479: 2809
2480:
2481:
2482:
2483:
2484: 3003
2485:
2486: 2721
2487:
2488:
2489: 3360
2490:
2491:
2492: 3365
2493: 2594
2494:
2495:
2496:
2497: 3168
2498:
2499:
2500:
2501:
2502: 2931
2503: 3328
2504:
2505:
2506: 2899
2507:
2508:
2509:
2510:
2511:
2512: 3164 2682
2513:
2514:
2515: 2704
2516:
2517: 3354
2518:
2519:
2520:
2521: 3156
2522:
2523:
2524: 2703
2525:
2526:
2527: 3246
2528:
2529:
2530:
2531: 2780
2532:
2533:
2534: 3451
2535:
2536: 2712 2701
2537:
2538:
2539:
2540:
2541: 2936
2542:
2543:
2544: 3006
2545:
2546:
2547:
2548:
2549:
2550:
2551: 2638
2552:
2553: 2960 2699
2554:
2555: 3213 2772
2556:
2557: 2817
2558: 3173
2559: 3040
2560:
2561: 3386
2562:
2563:
2564: 3076
2565:
2566:
2567:
2568:
2569: 3045
2570:
2571:
2572:
2573: 3193
2574:
2575:
2576: 2766
2577:
2578:
2579: 2939
2580:
2581:
2582:
2583:
2584:
2585:
2586:
2587:
2588:
2589:
2590:
2591:
2592:
2593: 2872
2594:
2595:
2596:
2597:
2598:
2599:
2600:
2601:
2602:
2603:
2604:
2605:
2606:
2607: 3451 3369
2608:
2609:
2610: 2892
2611:
2612: 2826
2613: 3005
2614:
2615: 3001
2616: 2776
2617: 3426 3352
2618:
2619: 3417
2620:
2621:
2622:
2623:
2624:
2625: 2753
2626:
2627:
2628: 3442 2687
2629:
2630: 3103
2631:
2632:
2633:
2634:
2635:
2636:
2637:
2638:
2639:
2640:
2641: 3100
2642:
2643:
2644:
2645:
2646: 2897
2647: 3399
2648: 3215
2649:
2650:
2651:
2652:
2653:
2654:
2655:
2656:
2657:
2658: 2783
2659: 2913
2660:
2661:
2662:
2663: 2955
2664:
2665: 3462
2666:
2667: 2912
2668:
2669:
2670: 2961
2671: 2812
2672:
2673:
2674:
2675:
2676:
2677:
2678:
2679:
2680: 3361
2681: 3283
2682:
2683:
2684:
2685:
2686:
2687:
2688: 3281
2689:
2690:
2691:
2692: 3207
2693:
2694:
2695:
2696:
2697:
2698: 3187
2699:
2700:
2701:
2702:
2703:
2704:
2705:
2706:
2707:
2708:
2709:
2710: 3144
2711:
2712:
2713:
2714:
2715: 3048 2972
2716:
2717:
2718: 2865
2719: 2833
2720:
2721:
2722:
2723:
2724:
2725:
2726:
2727:
2728:
2729: 3476 2784
2730:
2731:
2732:
2733:
2734:
2735:
2736: 2941 2798
2737:
2738:
2739:
2740:
2741: 3446 3112
2742: 3280
2743:
2744:
2745:
2746:
2747:
2748:
2749: 3071
2750:
2751:
2752:
2753: 3024
2754:
2755:
2756:
2757:
2758:
2759: 2814
2760:
2761:
2762:
2763:
2764:
2765:
2766:
2767: 3073
2768: 2861
2769:
2770:
2771: 3323
2772:
2773:
2774:
2775:
2776:
2777:
2778:
2779: 2916 2834
2780:
2781:
2782:
2783: 2907
2784: 3261
2785:
2786:
2787:
2788:
2789: 3205
2790: 2953
2791:
2792:
2793: 3475
2794:
2795:
2796:
2797: 3238
2798:
2799:
2800: 3053
2801: 3104
2802:
2803:
2804:
2805: 3131
2806:
2807: 3375
2808:
2809:
2810:
2811:
2812:
2813:
2814:
2815: 2926
2816:
2817:
2818: 2863
2819:
2820:
2821: 3016
2822: 3160
2823:
2824:
2825:
2826:
2827:
2828:
2829:
2830:
2831: 3059 2930
2832:
2833:
2834: 3031
2835:
2836:
2837:
2838:
2839:
2840:
2841:
2842:
2843:
2844:
2845:
2846:
2847:
2848:
2849:
2850:
2851:
2852:
2853:
2854: 3233
2855:
2856: 3447
2857:
2858: 3200
2859: 3081
2860:
2861:
2862:
2863: 2903
2864:
2865:
2866:
2867:
2868:
2869:
2870: 3382
2871:
2872:
2873:
2874: 2889
2875:
2876:
2877:
2878:
2879:
2880:
2881:
2882:
2883:
2884:
2885:
2886:
2887: 3340 3239 3140
2888:
2889: 2925
2890:
2891:
2892:
2893:
2894:
2895:
2896: 2943
2897:
2898:
2899:
2900:
2901:
2902:
2903: 3079
2904:
2905: 3196
2906: 2935
2907:
2908:
2909:
2910:
2911:
2912:
2913:
2914:
2915:
2916:
2917:
2918:
2919:
2920:
2921:
2922:
2923:
2924: 3279
2925:
2926: 3218
2927:
2928:
2929:
2930:
2931:
2932:
2933:
2934:
2935: 3188
2936:
2937:
2938:
2939: 3023
2940:
2941:
2942:
2943:
2944: 3244
2945:
2946: 3478 3252
2947:
2948:
2949:
2950:
2951:
2952:
2953:
2954:
2955:
2956:
2957:
2958:
2959:
2960: 3220
2961: 3134
2962: 3060
2963:
2964:
2965:
2966:
2967: 3049
2968:
2969:
2970:
2971:
2972:
2973:
2974:
2975:
2976:
2977:
2978: 3343
2979:
2980:
2981:
2982:
2983:
2984: 3203
2985:
2986:
2987:
2988:
2989:
2990:
2991:
2992:
2993:
2994:
2995: 3497
2996:
2997:
2998:
2999:
3000:
3001:
3002:
3003:
3004:
3005:
3006:
3007: 3398
3008:
3009:
3010: 3121
3011:
3012:
3013:
3014:
3015:
3016:
3017:
3018: 3047
3019:
3020:
3021: 3503
3022:
3023:
3024:
3025:
3026:
3027:
3028:
3029:
3030:
3031:
3032:
3033:
3034:
3035: 3423
3036:
3037:
3038:
3039:
3040:
3041: 3402 3284
3042:
3043: 3322
3044:
3045:
3046:
3047:
3048:
3049:
3050:
3051:
3052:
3053:
3054:
3055:
3056: 3108
3057:
3058:
3059: 3083
3060:
3061:
3062:
3063:
3064:
3065:
3066: 3430
3067: 3357
3068: 3364
3069:
3070:
3071:
3072:
3073:
3074:
3075:
3076:
3077: 3190
3078:
3079: 3384
3080:
3081:
3082:
3083:
3084:
3085:
3086: 3222
3087:
3088:
3089:
3090: 3159
3091:
3092:
3093:
3094:
3095:
3096:
3097:
3098:
3099:
3100:
3101:
3102:
3103: 3490
3104:
3105:
3106: 3427
3107:
3108:
3109:
3110:
3111:
3112:
3113: 3152
3114:
3115:
3116: 3312
3117: 3452
3118:
3119:
3120:
3121:
3122: 3459
3123: 3269 3175
3124:
3125:
3126:
3127:
3128:
3129:
3130:
3131:
3132:
3133:
3134:
3135:
3136:
3137:
3138:
3139:
3140:
3141: 3232
3142: 3268
3143:
3144: 3234
3145:
3146: 3415
3147:
3148:
3149:
3150:
3151:
3152:
3153:
3154:
3155:
3156:
3157:
3158:
3159:
3160:
3161:
3162: 3242
3163: 3224
3164:
3165:
3166:
3167:
3168:
3169:
3170:
3171:
3172:
3173:
3174:
3175:
3176:
3177: 3392
3178:
3179:
3180:
3181:
3182:
3183:
3184:
3185:
3186:
3187:
3188:
3189:
3190:
3191:
3192:
3193:
3194:
3195:
3196:
3197:
3198:
3199:
3200: 3414
3201:
3202:
3203:
3204:
3205:
3206:
3207:
3208:
3209:
3210: 3320
3211:
3212:
3213:
3214:
3215:
3216:
3217:
3218:
3219:
3220:
3221:
3222:
3223:
3224:
3225:
3226:
3227:
3228:
3229:
3230:
3231:
3232:
3233:
3234:
3235:
3236:
3237: 3437
3238:
3239:
3240:
3241:
3242:
3243:
3244:
3245:
3246:
3247:
3248:
3249:
3250:
3251:
3252:
3253:
3254:
3255:
3256:
3257:
3258:
3259:
3260:
3261:
3262:
3263:
3264:
3265:
3266:
3267:
3268:
3269:
3270:
3271:
3272:
3273:
3274:
3275:
3276:
3277:
3278:
3279:
3280:
3281:
3282:
3283: 3429
3284:
3285:
3286:
3287:
3288:
3289:
3290:
3291:
3292:
3293:
3294:
3295:
3296:
3297:
3298:
3299:
3300:
3301:
3302:
3303:
3304:
3305:
3306:
3307:
3308:
3309:
3310:
3311:
3312:
3313:
3314:
3315:
3316:
3317:
3318:
3319:
3320:
3321:
3322: 3448
3323: 3395
3324:
3325:
3326:
3327:
3328:
3329:
3330: 3400
3331:
3332:
3333:
3334:
3335:
3336:
3337:
3338:
3339:
3340:
3341:
3342: 3363
3343:
3344:
3345:
3346:
3347:
3348:
3349:
3350:
3351:
3352:
3353:
3354:
3355:
3356: 3468
3357:
3358:
3359:
3360:
3361: 3445
3362:
3363:
3364:
3365:
3366:
3367:
3368:
3369:
3370:
3371:
3372:
3373:
3374:
3375:
3376:
3377:
3378: 3496
3379:
3380:
3381:
3382:
3383:
3384:
3385:
3386:
3387:
3388:
3389:
3390:
3391:
3392:
3393:
3394:
3395:
3396:
3397:
3398:
3399:
3400:
3401:
3402:
3403:
3404:
3405:
3406:
3407:
3408:
3409:
3410:
3411:
3412:
3413:
3414:
3415:
3416:
3417:
3418:
3419:
3420:
3421:
3422:
3423:
3424:
3425:
3426:
3427:
3428:
3429:
3430:
3431:
3432:
3433:
3434:
3435:
3436:
3437:
3438:
3439:
3440:
3441:
3442:
3443:
3444:
3445:
3446:
3447:
3448:
3449:
3450:
3451:
3452:
3453:
3454:
3455:
3456:
3457:
3458:
3459:
3460:
3461:
3462:
3463:
3464:
3465:
3466:
3467:
3468:
3469:
3470:
3471:
3472:
3473:
3474:
3475:
3476:
3477:
3478:
3479:
3480:
3481:
3482:
3483:
