1: 2229 1800 1222 661 448 199 46 17
2: 1830 1433 1199 211 97 33 10 4
3: 2301 2299 1802 1637 1606 1269 744 586 570 509 328 189 35 5 1
4: 778 747 363 315 193 78 2
5: 1208 52 39 3
6: 627 455 196
7: 1575 29 19
8: 2185 1118 14 7
9: 2246 630 83 36 18 11
10: 1269 586 233 189 6
11: 1610 1018 720 685 334 274 67 56 23
12: 2004 912 49 27
13: 2275 710 573 521 263 146 82 9
14: 1969 1807 1075 864 150 77 13
15: 1021 409 221 217 8
16: 1469 830 812 594 476 435 37
17: 1731 969 846 376 267 30
18: 2027 1948 1621 1394 985 862 835 834 658 606 254 224 64
19: 1049 1028 852 678 592 485 294 231 203 163 25
20: 1523 513 477 183 118 96 41
21: 755 684 460 153
22: 1320 162 42 20 12
23: 2206 1756 1634 1472 1435 1230 1223 1061 721 575 546 459 325 178
24: 401
25: 2245 1971 1432 1005 815 800 722 515 296 59 22
26: 1919 1738 1214 1182 1108 755 684 460 153
27: 2248 1765 635 323 237 186 108
28: 1860 1518 342 300 95
29: 1559 1040 214 140 138 24
30: 1860 940 524 333 327 192 15
31: 2234 1353 40
32: 1593 1065 961 157 80 28 21
33: 71
34: 2121 2103 1765 755 684 635 460 323 237 186 108 48
35: 2179 1725 1141 923 856 663 612 550 481 474 238 121 16
36: 2301 509 34
37: 914 522 84
38: 1410
39: 735 38 31
40: 290
41: 1857 896
42: 2331 1276 259 94
43: 2228 581 439 188 107 32
44: 1728 1296 1081 88 26
45: 1168 694 370 205 184 130 113
46: 1883 1032 420 408
47: 2062 1204 981 761 208 117
48: 2268 1364 1273 249
49: 1793 1724 967 750 228 68
50: 2183 1651 1124 1056 227 169 85 60
51: 2031 1269 1214
52: 1791 1752 115 98
53: 2255 2228 135
54: 371 93 79 43
55: 1779 1235 644 338 159
56: 139
57: 2223 2133 1978 1771 934 772 610 364 66 53 47
58: 1248 152
59: 1454 885 355 90
60: 1451 1272 732 127
61: 560 533 251 99 54
62:
63: 558
64: 452 220 177 62
65: 2209 1634 905 721 637 546 459 419 365 325 271
66: 1564 1432 815 810 209 131
67: 1177 225 147
68: 2059 50
69: 905 637 365 104
70: 1432 815 59 45
71: 2059 1610 1243 1018 785 720 696 600 321 320 61 55 51 44
72: 2077 1555 1053 106 57
73: 1972 809 76
74: 1047 317 170
75: 366 74
76: 1961 1410 1028 852 592 549 206
77: 2298 1538 1103 659 501 454 137 100 75
78: 1145 682 507 124
79: 123
80: 1997 1534 1274 417 219 198
81: 1754 943 601 547 429 255 63 58
82: 287
83:
84: 2299 1637 1606 1603
85: 1154 791
86: 2093 1942 599 129 87
87: 1368 928 226 119 110
88: 1762 1270 593 516
89: 2253 1284 1143 1017 987 794 622 65
90: 992
91: 1280
92: 1887 667 655 334 112 81
93: 1657 1015 1013 1002 967 166 69
94: 2288 1627 480 395 336 311 109 92
95: 2254 2253 1396 1284 1106 265 156
96: 2292 1975 1001 783 665 144 122
97: 1917 1901 1278 235 161 155 73
98: 1885 1206 1155 750 228
99: 876 132 102
100: 805 412 250
101: 461 200 103
102: 1122 288
103: 1732 1168 893 694 571 370 205
104: 2268
105: 2089 1970 1796 1307 858 711 641 216
106: 865 70
107: 1517 1445 1406 1306 1081 980 749 609 346
108: 1904 171
109: 1767 958 713 520 281 213 185 72
110: 1759 992 859 447 258 187 136
111: 1802 1145 744 682 570 533 507
112: 1961 1820 845 549 91
113: 931 255 116
114: 1723 1195 1134 1039 945 471
115: 1821 1528 1191 668 105 89 86
116: 1631 1114 525 298 151
117: 2078 1315 1107 348 291 160
118: 364
119: 2242 2153 2009 1509 1324 1211 1062 917 888 813 799 389 345 272 222 212 145 143 141
120: 543 264 181
121: 715 286 255
122:
123: 1876 1822 911 445 413 134
124:
125: 515 296 175
126: 1683 126 101
127: 1791 1752 845 293
128: 2217 2052 1552 266 114
129: 2193 790 405 379 142
130: 2237 2131 1891 1536 1283 427 191 174
131: 1764 540 148
132: 1182
133: 1152 574 467 324
134: 2272 340 306 303
135: 1315 1141 1107 484 304
136: 2154 2153 1594 1507 1151 917 888 813 615 602 201
137: 1435 1230 1061 814 645 382 362 277
138: 2234 772 610 111
139: 634 310 172
140: 1379 511
141: 2126 580 299 276
142: 1685 1656 1360 377 347 190
143: 745
144: 446 344
145: 1797 1419 1136 309 285
146: 1175 763 414 381 314 284
147: 1901 1670 1205 1155 1147 892 814 768 683 673 645 608 487 457 407 382 362 277 243 168 167
148: 2134 1880 1492 1242 1198 843 375
149: 2196 1934 565
150:
151: 1538 411 318
152: 2291 2121
153: 1934 565 458 335 275 120
154: 1555 1456 722 490 425
155: 1480 906 702 357 202
156: 615 405 379 164
157: 431 165
158: 535
159: 1072 845
160: 636
161: 125
162: 1431 1115 149
163: 1356 1293 583 486
164: 194
165: 1747 795
166: 1555 425 215 158 128
167: 1454 763 414 381 314
168: 1791 1752 517 388 361
169: 313
170: 1924 1078 787
171: 814 645 382 362 277 168 167 133
172: 1352 953 240
173: 1017 987 794 622 343 180
174: 1765 1398 635
175:
176: 837 656 567 430 423
177: 241
178: 578 252
179: 489 229 182
180: 1205 768 683 407 243
181: 2017 724 273
182: 2130 915 301 218 154
183: 715 701 234
184: 2043 1445 1406 1306 1239 875 173
185: 883 279
186: 1824 390 179
187: 847 528
188: 1907 1560 1341 1223 575 428 176
189: 2153 2059 917 888 813 605 579 212
190: 1824 605 579 390 253
191: 1269 956
192: 2275 710 665 573 534 521 482 263
193: 981 761 552 512 326
194: 503
195: 560
196: 1351 433 341 197
197: 1239 356 282
198: 2049 944 308
199: 752 519
200: 2284 2261 242
201:
202: 529
203: 502 444 422 386
204: 1550 232
205: 1670 1517 892 673 487 457
206: 2186 1478 434
207: 2245 1971 1005 800
208: 1024
209: 2319 2020 884 801
210: 799
211: 2009 1747 1509 1324 1211 1062 351 195
212: 1779 1268 1165 644
213: 1625 1555 1369 425 210
214: 358 247
215: 1302
216: 1241 305 245 207
217: 1332 223
218: 436
219: 2291 2167 2074 1781 1202 936 820 504 495 230 204
220: 389
221: 262
222: 2008 1968 1263
223: 2036 1444 337
224: 2049 1318 944 790
225: 1125 373
226: 2234 2223 934 392 236
227: 1610 1018 720 321
228: 1569 385 302
229: 2084 845 817 261
230: 1975 559
231: 1940 1837 1743 972 662 553
232: 697 527
233: 1885 1206 1024 930
234: 1805 1774
235: 2097 988 943 429
236:
237: 2142 1760 1673 1471 857 805 667 655 354
238: 1926 1404 1391 734 699 393
239: 270 248 244
240: 269
241: 2215 2037 1973 1823 1415 619
242:
243: 693 416
244: 962 716 239
245: 2207 497 316
246: 656 567 430 289 268
247: 1647 774 378
248: 1409 1000 665 482 257
249: 1553 986 616
250: 1304
251: 2321 1635 1593 1065 961 690 625
252: 2265
253: 1907 1560 1341
254: 1488 1323 498
255: 2191 2170 1837 1552 553
256: 2320 1805 1662 338
257: 1356 486
258: 612 246
259: 1807 1621 1075 862 658
260: 2211 901
261: 2298 1756
262: 1484 1309 868
263: 1671 554
264: 1143 367
265: 2040 1047 399
266: 1459 1303 404 256
267: 1562 1162 1157 973
268: 1966 1709 260
269: 2227 2140 1275 717 595 468 283
270: 2006 867 726
271: 1430 1126 1088
272: 891
273: 1100 1035 847 528
274: 569 478 397
275: 1828 1305 1092 1007 840 618 518 469 307
276: 989 353
277: 349 332
278: 2169 1947 1291 829 591
279: 1456 490
280: 2051 935
281: 2205 1969 1635 1577 690 625 508 313
282: 562
283: 1235 564 278
284: 563
285: 2311 1598 1439 473
286: 2208 671 394
287: 1982 1521 1515 1218 391
288: 937 572 556
289: 2168 1672 890 737 466 280
290: 1876 1822 1726 911 445 413 402
291: 1401
292: 1725 856 663 481 297
293:
294: 2181 359
295: 563 384
296: 437
297: 590 494 442
298: 1593 1065 961 295
299: 954 631
300: 2156 1180 292
301: 2077 1053
302: 1958 531
303: 432 426
304: 1393 330
305: 1895 1458
306: 1730 1426 1044
307: 923 562 550
308: 2148 2033
309: 667 655
310: 1587 1068 920 629
311: 1743 441
312: 897 319
313:
314:
315:
316: 2246
317: 1984 708 322
318: 1476 1249 669
319: 2004 1096 912 403 360
320: 1646 387
321: 339
322: 1748 1176 1133
323: 1912 1809 1580
324: 2177 878 312
325: 2148 882
326: 707 380
327: 803 638
328: 1955 1677 1190 369 331 329
329: 1994 1358 1349
330: 704
331: 2267 1652 532
332:
333: 1137
334: 1162 438
335: 990 798 555
336: 2125 1169
337: 1414 576
338: 1970 1876 1822 1796 1307 780
339: 2000 1104 368
340: 463
341: 1492 1242 483 424
342: 1582 1051 933 827 676
343: 1885 1206
344: 1472
345: 2211 2097 1918 988
346: 1699
347:
348:
349: 1359
350: 1200 1130 947
351: 1904 765 707 396 380
352: 1316 496
353: 1337 657
354: 736
355: 1551 1197 826
356: 766
357: 1522 963
358: 1766 1711 1409 1000 691
359: 2326 2210 1897 886 451 406 372
360: 1167 488 415
361: 1084 929 705 523
362: 2042 1630
363: 1051 676
364: 1454 885 657
365: 596
366: 526
367: 2150 1420 1151 352
368: 2209 1912 1809 1580 1210 807 456 418
369:
370: 1582
371: 919
372:
373:
374: 1024 930 728 350
375:
376: 2037 1973 1823 1415 619
377: 2237 2131 1891 1536
378: 1883
379: 756
380: 976 698 577
381: 1330 1095 855
382: 1250 514 464
383: 1573 1542 664 628 597
384: 957
385: 931 561 500
386: 1895 1458 492
387: 400 374
388: 1502 607
389: 2166 2049 541 453
390: 1073
391: 1842 398
392: 1267 1153 472
393: 611
394: 1287 946
395: 2102 924
396: 2091 545
397: 617 536
398: 1979 1687 822 539 383
399: 2125 830 594 476 435
400: 642
401: 2101
402: 1320 789 566 449
403: 2161 2088 971 887
404: 1698 1033
405:
406:
407: 1989 557
408: 894 462
409: 1793
410: 1827
411: 1631 1114 943
412: 2288 1627 1214 480
413: 2003
414: 1790
415: 921
416: 1290 421
417:
418: 2167 1781 1735 1202 820
419: 2253 2034 1888 1881 1284 440
420: 1749 1535
421: 1501
422: 1409 1000
423: 1106 651 479
424: 2148 1060 1053 882
425:
426: 1899
427: 2030 776 762 730 675
428: 1169 623
429: 1867 718 585
430: 2132 410
431: 1346 1148
432:
433: 674
434: 831
435: 510
436: 1149 1139 712
437: 967 506
438: 2004 1238
439: 2326 1897 1024 930 759 728
440: 1137 890 737
441: 1533 866
442: 2029 584
443: 450
444:
445: 2228 960
446: 1085
447:
448: 1759 475
449: 505
450: 1882 1720 1537
451: 1338
452: 1919 1108
453: 975 849
454: 1959 1438 1239
455: 1232 808
456: 933 611
457: 1626 770
458:
459:
460: 1719
461:
462: 1530
463: 811
464: 2004 1949 1105
465:
466: 1579 1109
467:
468: 548 537 470
469: 1522
470: 538 443
471: 2205 1577 1122 508
472: 1723 1195 471
473: 2260 2241 1357 493
474: 2281 1325 491
475: 1178
476: 2149 1069 764 689
477: 1031
478:
479: 568
480: 716 604
481: 1904 465
482: 1348 1089
483: 2289 1872 587
484: 1819 997 598
485: 1645
486: 1285 760 648 499
487: 1081 609
488: 2245 2031 1971 1188
489: 530
490: 1253 1119 706 632
491: 544
492: 2039 1101 881
493:
494: 1814 1538 871
495: 1408
496: 853 771
497: 1836 1721 899
498: 718
499: 926 686
500: 1753 1718 1678 796
501: 1151
502: 2154 1657 1015 1013 1002
503: 1681 1609 1585 582
504: 1766 1255 613
505: 1161
506:
507:
508: 1856 1524 725
509: 2074 936
510: 2256 2232 1646 1042
511: 1894
512: 1928 588
513: 1804 1052
514: 1681 1506 804
515: 1726 542
516: 2008
517: 2316
518: 2034 1888 1703
519: 1038 786 666
520: 1932 1554
521: 1131
522: 1903 1196 757 653
523: 1977 1945 874 836 695
524: 2077 1053
525: 743
526: 2287 1586 603
527: 1538
528: 2168 1746 1194
529: 1343 1023 952 903
530: 1216
531: 620
532: 2297 1789 841 758
533: 1960 1906
534: 741
535: 1004
536: 1893
537:
538: 1111
539:
540: 1820
541: 1804 754 551
542: 1858 1464 1258 1025 910
543: 1636 1618 1319
544: 2056 2011 1370 1022
545:
546: 2320 1552
547:
548: 1412 1292 998
549: 2057
550: 2203 1853 731
551:
552: 640
553: 797
554: 1454 885
555: 2066
556: 1917 1278 589
557: 1448
558: 1614
559: 736
560: 932
561: 647
562: 1434 1157
563: 1498 777 742
564: 1788 1739 1659
565:
566: 1880
567: 1559 1244 1160
568: 1935 872
569: 817
570: 1674 1489 1083 738
571: 1516
572: 1938
573:
574: 2243
575:
576: 2234 1134 1039 624
577:
578: 1663 1181 825
579: 2142 1673 1472 857
580: 2206
581: 1943
582:
583: 1976
584: 1466 1120 833
585: 1787 1785 1496
586: 1948 1946 1394
587: 687
588: 2206 729
589: 1515 1218
590:
591: 2078 723 709
592: 1948 1886 983 873
593: 2259 1102 828
594: 1467 1046 1019 639
595: 1543 1314 863
596: 1279
597: 2324 819 818
598: 2247 2120 968
599: 2227 1976 740 654 633
600: 773
601: 1961 1664
602: 2259 769 677
603:
604: 2163 1801
605: 2247 2120 1510 681
606: 1946
607:
608:
609: 1487
610: 650
611:
612: 886
613:
614:
615:
616: 1264
617:
618: 1260 978
619: 2250 1010 614
620: 1156
621:
622: 2193 1624 714 649
623: 1184 806
624: 1026
625:
626: 700
627: 1712 1057 692
628: 1848 626
629: 1212
630: 2223 1780
631: 1695 1543 1425
632: 2256 2232 1798 1755 1245 1201
633: 2155 1583 1135
634: 2158 1447
635: 1887
636: 781 779
637: 1077
638:
639: 1172 895
640: 1037
641: 2320 1662 1311
642:
643: 1562 973 679
644: 621
645: 1860 940
646: 1183 902 660
647:
648: 991
649:
650: 2181
651: 646
652:
653: 1786 1281 1138
654:
655: 2234 1935
656: 1091
657: 688
658: 2277 951 823
659: 1295 1150
660: 733
661: 2092 2073
662: 1093
663: 1661 1193 751
664: 2302 1976 913
665: 652
666: 793
667: 2298 2217 2052 1103
668: 1227
669: 784
670: 1914 855
671: 1924 672
672: 2274
673: 2287 1586 1584
674: 1777 643
675:
676: 1173
677: 1548
678: 1318
679: 1584 1253 1234 1119 1059 979 727
680: 1968 1329
681: 1080
682:
683: 1641 1519 739
684: 848
685: 2302
686: 1689 1597 1418
687: 775 680
688:
689:
690: 1460 1277
691: 1361 802
692: 969 846
693: 851 842 703 670
694: 2194
695: 1643
696: 1502
697: 792
698: 1825
699: 2191 2170 2137 1892
700:
701:
702: 2327 1483 1376 1326
703: 1417 1074
704: 970 788 782
705: 1271 1041 927
706:
707:
708: 995 860
709:
710: 2329 1937 1275 950
711: 2182 719
712:
713: 1941
714:
715: 1434 1422 1110 1030
716: 1443 1385 748
717: 1429 949 854
718: 2204 2110
719: 2051
720:
721: 1977 1945 1773 1328 1225 925 874 836
722:
723: 877
724:
725: 1189
726: 1590 767
727: 2055 922
728: 2239 1734
729: 756
730: 2160 1836 1721 1221
731: 1601 1416
732: 1768
733: 2187 1442 1067
734: 898
735: 1252 753
736: 1155 1147
737: 1383
738:
739: 2273
740: 2122 1904 1171
741: 2083 1957
742: 1691 1479
743: 1117
744: 1930 1259 1163 880
745: 2010 1685 1656 1360 1253 907
746:
747: 2021 1016
748: 2157 1468
749: 1611 1034
750: 1668 1645 1167 850 746
751: 2010
752: 2026 1020
753: 1297
754: 1247
755: 1977 1945 1877 1808
756:
757: 1449
758: 1388
759:
760: 1753 1723 1718 1195
761: 1716 816
762: 918
763:
764: 2102
765: 1588 1427 1146 1066
766: 904
767:
768:
769: 2086
770: 2253
771: 1571 1299
772: 889
773: 861
774: 1828 1079
775: 1008 908
776:
777: 1213
778: 2190 2048 1666 1568 1567
779: 2321 2123
780: 1529
781: 1055
782:
783: 1098
784: 1985
785:
786: 1856 1524
787: 1158
788: 1889
789: 1632 1375
790: 1012
791: 2030 1308
792: 1763 1741
793: 1116
794:
795:
796: 1071
797: 869
798: 1384
799:
800:
801: 1251
802: 838
803: 1563
804: 1257
805: 2190 2048 1011
806: 1469
807: 844
808: 1113
809: 1615 821
810: 2036 1379 916 824
811: 2106 1949 1545 1499
812: 1862 1532
813:
814: 1172
815: 1884 964
816: 2330 2039 1877 1808
817:
818: 2017 1014
819: 1665 1616
820: 2118 1566 1421
821: 870
822: 1705 1389 1382 1009 900
823:
824: 2168 1672 839
825: 1811 1372
826: 1121
827:
828: 2220 1980
829: 1491 1440
830:
831: 1304 1029
832: 1337
833: 1511
834: 1864
835: 2176 1347 832
836:
837: 1573 1542 1087
838: 1870
839: 1602
840: 993
841:
842: 2094
843: 2079
844:
845: 1797 1419
846:
847: 2051
848: 1986 1159
849:
850:
851: 1612
852: 2280
853: 2175 1099 1076
854: 2021 1644
855: 965
856: 2315
857: 2215 1395
858: 1745 966
859: 1996 996
860:
861:
862: 2101 1286
863: 1733
864:
865:
866:
867: 1094 1070
868: 2046 1680
869: 1048
870: 2252 879
871: 2316
872: 1261
873: 1050 941 909
874: 1568 1567
875: 2313 2189 1336
876:
877:
878: 1377 1090 994
879:
880:
881:
882: 1063
883: 1310 1217
884: 1186 984
885:
886:
887: 2117 1402
888:
889:
890: 1956
891: 1371 1363 1132
892:
893: 1399
894: 939
895: 1463
896: 2088
897: 1003
898: 1072
899:
900:
901: 2225 1288
902: 948
903: 1574
904:
905:
906:
907:
908:
909:
910:
911: 955 942
912: 2159 1826 1462 974 938
913: 1995
914: 1367
915: 1144
916: 1364
917: 1832 1792 1174
918: 1649
919:
920: 1220
921:
922: 1727 1294
923: 2163
924: 2304 977
925:
926: 1654 1127
927: 1780
928:
929:
930: 1043
931:
932: 2092 2073 1778 1623 1474
933: 1791 1752
934:
935:
936: 2147 1224
937: 1614 959
938:
939: 1054
940: 1234 1059 979
941:
942: 2152
943:
944: 1918
945: 2257
946:
947: 1966 1709
948:
949: 1140 1082
950: 1663
951:
952: 1321
953:
954: 1625
955: 2185 1728 1296 1006
956:
957:
958: 1958
959: 1850 1660 999
960:
961:
962: 1327 1219 1128
963:
964: 1372
965: 2326 1693 1282 1203
966: 1910 1266 982
967: 1192
968: 2299
969: 2110 2097
970:
971: 1027
972: 2134
973: 2238
974: 1470 1097
975: 1246
976: 1493 1045
977:
978:
979: 1129
980:
981: 1578
982:
983: 1788 1739 1086 1064
984: 2327 1326
985: 2254 1396
986: 1659
987: 1847 1231
988:
989:
990: 1911
991:
992: 1939
993:
994: 1983
995:
996:
997:
998: 1036
999:
1000:
1001: 2123
1002:
1003:
1004: 1959
1005: 2173
1006: 2130
1007: 2160
1008: 1482 1374
1009: 1772
1010:
1011: 1513 1237
1012:
1013: 1940 1706
1014:
1015: 1596
1016: 2034 1888 1703
1017: 1300
1018: 1631
1019: 1579
1020:
1021: 1669
1022:
1023: 2325 1758 1354
1024:
1025: 2077 1933 1878 1508
1026:
1027:
1028: 1493
1029: 1826 1462
1030: 1428 1381
1031: 2296
1032:
1033: 1592
1034: 1387
1035:
1036:
1037: 1481 1058
1038:
1039:
1040:
1041:
1042:
1043: 1769
1044: 1228 1166
1045:
1046: 1477
1047: 1123
1048: 1209 1179
1049: 1658 1628
1050:
1051: 1896
1052: 1841
1053: 1268
1054: 2191 2170
1055: 2244
1056: 2262
1057: 1981 1679
1058: 1236
1059: 2141 2135
1060: 2111
1061: 2075
1062: 2272 1909 1595
1063: 1165
1064: 1890 1697 1112
1065:
1066: 2019
1067: 1717 1700 1512 1207
1068:
1069:
1070:
1071:
1072:
1073: 1289
1074: 1233 1142
1075: 1541
1076:
1077: 2198 1608
1078: 2009 1761 1509
1079: 2081
1080:
1081:
1082:
1083: 1722 1185
1084:
1085: 1500
1086: 1976 1854 1500
1087:
1088: 1229
1089: 2276
1090: 1859 1638
1091:
1092:
1093:
1094: 1340
1095: 2243
1096: 1514 1170
1097: 1831
1098:
1099: 1926 1751
1100:
1101: 1979 1687 1322
1102: 2305
1103:
1104: 1663
1105: 1682
1106: 2032 1849
1107:
1108:
1109: 1827
1110: 2299 1637 1606
1111:
1112: 1750 1164
1113:
1114: 1411
1115: 1398
1116: 1187
1117: 1200
1118: 1540
1119:
1120: 1817 1497
1121: 1854 1486
1122:
1123: 2247 2120 1254
1124: 1982
1125:
1126: 2132
1127:
1128:
1129:
1130: 1930
1131:
1132: 1959
1133:
1134:
1135: 1215
1136:
1137: 1226
1138: 1526 1525
1139:
1140: 1708
1141:
1142: 1844 1622
1143: 1914 1835 1784
1144:
1145: 2136 1710 1633
1146:
1147: 2041 1704
1148:
1149:
1150: 2263 1974 1740
1151: 2067
1152: 1301
1153: 1355
1154: 2168 1899 1672
1155: 1485 1350
1156:
1157:
1158:
1159:
1160: 1936
1161: 2139 1345
1162: 1688
1163: 1240
1164: 2110
1165:
1166:
1167: 2135 1581
1168: 1407
1169: 2255
1170:
1171:
1172:
1173: 1566 1421
1174:
1175: 1696
1176: 1446
1177:
1178:
1179: 1487
1180: 1985
1181:
1182: 1607
1183: 1430 1298
1184: 1925
1185:
1186: 2227
1187: 1675 1405 1342
1188: 1951 1317
1189: 1423
1190:
1191:
1192: 1504
1193: 1490 1333
1194:
1195: 1719
1196: 1362 1265
1197: 2210 1969
1198: 2310
1199:
1200:
1201:
1202: 2306 2192 2060
1203: 2075 1520
1204:
1205:
1206:
1207:
1208:
1209:
1210:
1211: 1757 1713 1556
1212: 2159
1213:
1214:
1215:
1216: 1629
1217: 1403
1218:
1219: 1373
1220: 1712
1221: 2140
1222: 2164 1392
1223:
1224:
1225: 1527
1226:
1227:
1228: 2219
1229: 1604
1230: 1869 1650 1262
1231:
1232:
1233: 2028 1475
1234: 1339
1235:
1236: 1857
1237:
1238:
1239:
1240: 1397
1241:
1242: 1873 1806 1707
1243: 1539
1244:
1245:
1246:
1247:
1248: 2174
1249: 1344
1250:
1251: 2292 1570
1252:
1253:
1254: 1799 1572 1386
1255:
1256: 2103 1365
1257: 1558
1258: 2090
1259:
1260: 1531
1261: 2126
1262:
1263: 2068
1264:
1265:
1266: 1256
1267: 1400
1268: 1803
1269:
1270:
1271:
1272: 1692
1273:
1274:
1275:
1276:
1277:
1278:
1279:
1280:
1281:
1282:
1283:
1284:
1285: 2108
1286:
1287: 2270 1313
1288: 1473
1289:
1290:
1291: 2129
1292: 1993
1293:
1294: 2237 2131 1754
1295:
1296:
1297:
1298:
1299:
1300:
1301:
1302:
1303:
1304: 2028 1433
1305:
1306: 1900
1307:
1308: 2108 1603 1378
1309: 1455
1310: 2018
1311: 1335
1312: 2238
1313: 1770
1314: 1331
1315: 1830
1316: 1312
1317: 1452
1318:
1319:
1320: 2281
1321: 1908
1322:
1323:
1324: 1997
1325: 1840 1465
1326: 2165 1833
1327:
1328: 1441
1329:
1330: 2127 1366
1331:
1332: 2285 1495
1333:
1334:
1335:
1336:
1337:
1338: 1599
1339: 2294 1613
1340: 2321 1544
1341: 2005 1390
1342: 1600
1343: 2024
1344: 1916
1345:
1346:
1347:
1348:
1349:
1350:
1351:
1352:
1353:
1354: 2150 1334
1355:
1356:
1357:
1358: 1775
1359:
1360: 1835 1784
1361: 1812 1557
1362: 2314
1363:
1364: 2184
1365: 2069
1366:
1367: 1915
1368: 2251 2002
1369:
1370:
1371: 2178 1424 1413
1372:
1373: 2148
1374:
1375: 1875
1376:
1377:
1378:
1379: 1667
1380: 2302 2064
1381: 2216
1382:
1383: 1852 1547
1384:
1385:
1386:
1387:
1388:
1389: 1927
1390:
1391:
1392: 1437
1393:
1394:
1395: 2044 1380
1396:
1397: 1450
1398:
1399:
1400: 1556
1401: 1714
1402: 1861
1403:
1404:
1405:
1406:
1407:
1408: 1681 1609
1409:
1410: 1736
1411:
1412:
1413:
1414:
1415:
1416:
1417: 2141
1418:
1419:
1420:
1421: 1453
1422:
1423: 1829 1457
1424:
1425:
1426: 2138
1427: 1436
1428: 1744
1429: 1694
1430:
1431:
1432: 2149
1433:
1434:
1435:
1436: 1587
1437: 2313
1438:
1439:
1440: 2054
1441: 1774
1442: 2115
1443:
1444: 2007 1868
1445: 2071 1505
1446: 1684
1447: 2143
1448:
1449:
1450:
1451:
1452:
1453:
1454: 1503
1455:
1456:
1457:
1458: 2264
1459:
1460: 2053
1461: 2047
1462:
1463:
1464: 2065
1465:
1466:
1467: 1834 1702
1468:
1469: 2182 1988
1470:
1471: 1845
1472:
1473:
1474: 1655
1475: 1967 1461
1476:
1477: 1898
1478:
1479: 2198
1480:
1481:
1482:
1483:
1484: 1917
1485:
1486:
1487:
1488:
1489: 2061
1490: 1715
1491: 1990
1492:
1493:
1494:
1495:
1496:
1497: 1865
1498: 1963 1953
1499: 1815
1500:
1501:
1502:
1503: 1799 1565 1494
1504:
1505: 1549
1506:
1507:
1508:
1509:
1510: 2058 2038
1511:
1512:
1513:
1514:
1515:
1516: 2189
1517: 2231 2226
1518:
1519:
1520:
1521: 1931
1522:
1523:
1524: 1589
1525: 1640
1526:
1527: 2207
1528:
1529: 1639
1530: 1922
1531: 2289
1532:
1533:
1534: 1964
1535:
1536: 1619 1576
1537: 1591
1538:
1539: 1676
1540: 2201
1541:
1542:
1543: 1735 1648
1544: 1875
1545:
1546: 2202 1921
1547:
1548: 1686
1549: 1923
1550:
1551:
1552:
1553:
1554:
1555: 2248
1556: 1737
1557:
1558:
1559:
1560: 1818
1561: 1617
1562: 1546
1563:
1564:
1565: 1561
1566:
1567:
1568:
1569:
1570:
1571: 1999 1890
1572:
1573: 2312
1574:
1575:
1576: 2303
1577: 1954 1846
1578: 2022
1579:
1580: 2231 2226 2025
1581:
1582:
1583: 2164
1584:
1585:
1586: 2080
1587:
1588: 1783
1589: 2218 2100 2096 2045
1590: 2082
1591: 2043
1592:
1593: 1855
1594:
1595:
1596: 1999
1597:
1598:
1599:
1600:
1601:
1602:
1603:
1604: 1642
1605:
1606:
1607:
1608: 1905
1609: 1690
1610: 2087
1611: 2172
1612:
1613:
1614: 1605
1615: 2056
1616:
1617: 1813
1618:
1619: 1866 1620
1620: 1862
1621: 1851
1622:
1623:
1624: 1729
1625:
1626:
1627: 2222
1628:
1629:
1630:
1631:
1632:
1633:
1634: 1863
1635:
1636:
1637: 2085 1816
1638: 2293
1639: 2180
1640:
1641:
1642:
1643:
1644:
1645:
1646: 1810
1647:
1648:
1649:
1650: 1653
1651:
1652:
1653:
1654:
1655: 1874
1656:
1657:
1658: 1701
1659:
1660:
1661:
1662:
1663:
1664:
1665:
1666:
1667: 1992
1668:
1669:
1670: 2328
1671: 1742
1672:
1673:
1674:
1675:
1676: 2109
1677:
1678:
1679:
1680:
1681:
1682:
1683: 2159
1684:
1685: 1879 1843
1686: 2070 1776
1687:
1688:
1689:
1690: 2124
1691:
1692:
1693:
1694:
1695:
1696:
1697:
1698: 2233
1699:
1700:
1701:
1702:
1703: 1952 1782
1704:
1705:
1706:
1707:
1708:
1709:
1710: 2105 1944
1711:
1712:
1713:
1714:
1715:
1716:
1717:
1718:
1719:
1720: 2063
1721: 2235
1722:
1723:
1724:
1725: 2314
1726:
1727:
1728:
1729:
1730:
1731: 2212 2072
1732:
1733:
1734:
1735:
1736:
1737:
1738:
1739:
1740:
1741:
1742:
1743:
1744: 2179
1745:
1746:
1747:
1748:
1749: 2309
1750:
1751:
1752: 2001
1753:
1754:
1755:
1756:
1757:
1758:
1759:
1760:
1761: 2230 1991
1762: 1950
1763:
1764:
1765:
1766:
1767:
1768:
1769:
1770:
1771: 2099
1772:
1773:
1774:
1775:
1776:
1777:
1778: 2258
1779: 2313 1794
1780:
1781:
1782: 1902
1783:
1784: 1795
1785:
1786:
1787:
1788:
1789:
1790:
1791: 2023
1792:
1793:
1794:
1795:
1796:
1797:
1798:
1799:
1800:
1801:
1802:
1803: 2318
1804:
1805:
1806: 1929
1807:
1808:
1809:
1810:
1811:
1812: 1838
1813:
1814:
1815:
1816:
1817:
1818: 1965
1819:
1820: 1987
1821:
1822:
1823:
1824:
1825:
1826:
1827: 1839
1828:
1829:
1830:
1831: 2112
1832:
1833:
1834: 2286
1835: 2095
1836:
1837:
1838:
1839:
1840:
1841:
1842:
1843: 2279 2221
1844:
1845:
1846: 2171
1847:
1848:
1849:
1850:
1851:
1852:
1853:
1854: 1962
1855:
1856:
1857:
1858:
1859:
1860:
1861: 2300
1862: 2128
1863:
1864:
1865:
1866:
1867:
1868: 2290
1869:
1870:
1871:
1872:
1873: 1871
1874:
1875:
1876: 1920
1877:
1878:
1879:
1880:
1881: 2107
1882: 2162 2015
1883:
1884:
1885:
1886:
1887:
1888:
1889:
1890:
1891:
1892:
1893:
1894:
1895:
1896: 2119
1897:
1898:
1899:
1900:
1901:
1902:
1903:
1904:
1905:
1906:
1907:
1908:
1909:
1910: 2013
1911: 2114
1912:
1913:
1914: 1913
1915:
1916:
1917:
1918:
1919:
1920:
1921:
1922:
1923:
1924:
1925: 2104
1926:
1927:
1928:
1929:
1930:
1931:
1932:
1933:
1934:
1935:
1936:
1937:
1938:
1939:
1940: 2076
1941:
1942:
1943:
1944: 2307
1945:
1946:
1947:
1948:
1949: 2016
1950:
1951:
1952: 2116
1953:
1954:
1955:
1956:
1957:
1958:
1959:
1960:
1961:
1962:
1963:
1964:
1965:
1966: 2308
1967:
1968:
1969:
1970:
1971:
1972:
1973:
1974: 2282
1975:
1976:
1977:
1978:
1979:
1980: 2322
1981: 2283
1982:
1983: 2012
1984:
1985:
1986:
1987:
1988:
1989: 2113
1990:
1991:
1992: 2050
1993:
1994:
1995:
1996:
1997:
1998:
1999:
2000:
2001:
2002:
2003:
2004:
2005:
2006:
2007:
2008:
2009:
2010: 2014
2011:
2012:
2013:
2014:
2015:
2016:
2017:
2018:
2019:
2020:
2021:
2022:
2023:
2024:
2025:
2026:
2027:
2028:
2029:
2030: 2236
2031:
2032:
2033: 2312
2034:
2035: 1998
2036:
2037:
2038:
2039:
2040:
2041:
2042:
2043:
2044:
2045:
2046: 2035
2047:
2048:
2049:
2050:
2051:
2052:
2053:
2054:
2055:
2056: 2214
2057:
2058:
2059:
2060:
2061:
2062:
2063:
2064:
2065:
2066:
2067:
2068:
2069:
2070:
2071:
2072:
2073: 2195 2098
2074:
2075:
2076: 2242
2077:
2078:
2079:
2080:
2081:
2082:
2083:
2084:
2085:
2086:
2087:
2088:
2089: 2146
2090:
2091:
2092: 2267
2093:
2094:
2095:
2096:
2097:
2098:
2099: 2188
2100:
2101: 2224
2102:
2103:
2104:
2105:
2106:
2107:
2108:
2109:
2110:
2111:
2112: 2151
2113: 2269 2145
2114:
2115:
2116:
2117:
2118:
2119:
2120:
2121:
2122: 2200
2123:
2124:
2125:
2126:
2127:
2128:
2129:
2130:
2131:
2132:
2133:
2134:
2135:
2136:
2137:
2138:
2139:
2140:
2141:
2142:
2143:
2144:
2145:
2146:
2147:
2148:
2149:
2150:
2151:
2152:
2153:
2154:
2155:
2156:
2157:
2158:
2159:
2160:
2161:
2162: 2144
2163:
2164:
2165:
2166:
2167: 2213
2168:
2169:
2170:
2171:
2172:
2173: 2317
2174:
2175:
2176:
2177:
2178:
2179: 2323 2199
2180:
2181:
2182: 2297
2183:
2184:
2185:
2186:
2187:
2188:
2189:
2190:
2191:
2192:
2193:
2194:
2195:
2196:
2197:
2198:
2199:
2200:
2201:
2202: 2197
2203:
2204:
2205:
2206:
2207:
2208:
2209:
2210:
2211:
2212:
2213:
2214:
2215:
2216:
2217:
2218:
2219: 2278
2220:
2221:
2222:
2223:
2224:
2225:
2226:
2227:
2228:
2229:
2230: 2240
2231:
2232:
2233: 2266
2234:
2235:
2236:
2237:
2238:
2239: 2249
2240:
2241: 2271
2242:
2243:
2244:
2245:
2246:
2247:
2248:
2249:
2250:
2251:
2252:
2253:
2254:
2255:
2256:
2257:
2258:
2259:
2260:
2261:
2262:
2263:
2264:
2265:
2266:
2267:
2268:
2269:
2270:
2271:
2272:
2273:
2274:
2275:
2276:
2277:
2278:
2279:
2280:
2281:
2282:
2283:
2284:
2285:
2286:
2287:
2288:
2289: 2295
2290:
2291:
2292:
2293:
2294:
2295:
2296:
2297:
2298:
2299:
2300:
2301:
2302:
2303:
2304:
2305:
2306:
2307:
2308:
2309:
2310:
2311:
