1: 537 330 227 136 128 73 29 28 26 24 17 11 6 5 2
2: 428 130 89 64 25 23 22 21 1
3: 463 412 13 10 8
4: 879 634 296 106 76 50 7 4 3
5: 491 164 126 80 34 9
6: 847 532 356 168 117 99 60 15 12
7: 829 789 611 394 328 246 174 78 19
8: 829 614 611 423 318 191 134 30 20 18
9: 723 722 706 619 506 211 185 158 88 44 36 31
10: 447 309 94 16 14
11: 847 722 694 532 117 99 27
12: 276 252 160 121 47 41
13: 683 109 46 35
14: 609 82
15: 723 506 211 158 88 44
16: 218 129 74
17: 742 48 42 32
18: 706 619 447 309 57
19: 863 756 553 204 90 67
20: 792 705 517 349 292 273 219 203 180 172 159 150 149 37
21:
22: 764 312 163 93 52 43
23: 238 105 104 77 38
24: 767 552 425 311 264 72
25: 785 706 619 413 165 147 127 84
26: 508 492 450 118 45
27: 231 83 70 55
28: 545 278
29: 111 33
30: 694
31: 733 552 516 311 301
32: 763 753 744 703 556 435 351 291 232 216 197 196 152 116 63 56
33: 454 212
34: 816 671 614 423 224 210 39
35:
36: 464 331 242 222 180 172
37: 808 481 103 85 51 40
38: 675 615 374 314 268
39: 610 557 442 297 138 79
40: 782 671 634 560 384 335 248 224 220 98 69
41: 574 125 61
42: 733 516 324 301 255 218 122
43: 601 560 542 477 189
44: 656 49
45: 679 643 508 492 450 298 267 259 247
46: 598 502 68 53
47: 643 267 54
48: 71
49: 471 230 92 58
50: 753
51: 439 365 132
52: 303 208 112 102
53: 429 161
54: 258 200 59
55: 290
56: 400 361 305 274 245 229 218 119 114 107 97 95 62
57: 602 317 151
58: 321 139 103 85
59: 176 167 75
60: 769 395 65
61: 878 787 101
62: 588 324
63: 569 427 186 157 91
64: 810 528 100 96
65: 867 383 167
66: 578 404 298 259 217 201
67: 388 192
68: 321 273 149
69: 268 81
70: 66
71: 841 827 316 145
72: 671 224
73: 246 174
74: 165 147 127 84
75: 808 607 481 355
76: 880 749 711 668 605 584 560 248
77: 244
78: 807 631 397 87 86
79: 816 246 210 174
80: 763 351 291 232 216 197 196 152
81: 304 113
82: 426
83:
84: 863 308 284 124
85: 763
86: 173
87: 181 120
88: 809
89: 676 319 243 183 115
90: 273 149
91: 274 229 119
92: 240 133
93: 110
94: 474 236 141
95: 731 484 228
96: 212 108
97: 386 143 131
98: 180 172
99: 795
100: 321
101: 550 364 340
102: 794 783 344 300
103:
104:
105: 123
106: 382 241 153
107: 785 699 413
108: 233
109: 542 477
110: 162
111: 730 403 350
112: 840 251 215 195 169
113: 588 386 143
114: 782 384 302
115:
116: 522 513 171
117: 431 144
118: 689 662 535 421 285
119: 608 573
120: 546 142 135
121:
122: 757 732 487 478 445 362 295 156
123: 689 662 535
124:
125: 525
126: 389 366
127: 730 683 403 350
128: 307 279
129: 769 696 395 373
130: 607 463 412 355
131: 773 573 498 140
132: 683 226 182 178 166 148
133: 375
134: 747
135: 647 184 146
136: 650 155
137: 612 452 367 221
138: 518 137
139: 777 398
140: 190
141: 390 327
142: 250
143:
144: 827 781 417 280
145: 202
146: 810 540 528
147:
148: 488
149: 767 205
150: 370 207
151: 775 266 188
152: 262 175
153: 601 508 492 450 360
154: 541 234
155: 613 500 179
156: 744 703
157: 522 513 483 455 154
158: 653 170
159: 531 336
160: 529 367 225
161: 541
162: 659 524 499 254
163: 527 323
164: 572 177
165: 830 461 391 194
166:
167: 842
168: 294
169: 614 423 213
170:
171: 564 533 269
172: 599
173: 804 707
174: 634 220
175: 764 312 288
176:
177:
178:
179: 482 313 281
180:
181: 781 714
182: 187
183: 728 633 326 237 198
184: 748
185:
186:
187: 576 199
188: 318
189: 451 256
190:
191:
192: 767 590 260
193:
194: 726
195: 709 466
196: 714 585
197: 421
198: 776 463 412 298
199: 452
200: 406
201: 553
202: 223
203: 443
204: 407 377 289 193
205: 548 353
206:
207: 206
208: 810 645 528 493
209:
210: 651 375 343
211: 855 754 497
212: 261 209
213: 602 386
214:
215: 829 611 394 328
216: 793 725
217: 522 513
218: 339
219:
220: 446 270
221:
222: 732 478 445 295
223: 647 387
224: 844 690 393 372 263
225: 389 366
226: 677
227:
228: 646
229:
230:
231: 453
232:
233: 762 380
234: 881 639 253
235: 847 532 257 214
236: 651 608 573 239
237: 850 840 820 732 478 445 299 286 275
238: 778 756 579 553
239: 834 401 396 249
240: 320
241: 520
242: 272
243:
244: 235
245:
246: 776 736 271
247: 468
248: 368
249:
250:
251: 864 665 504 283
252: 670
253: 581 293 287
254:
255: 760 536 346
256: 429
257: 628
258: 865 831 765 654
259: 784 617 485
260: 806 567
261: 793 757 725 362
262: 864 810 665 418
263: 610
264:
265: 605 584 385 337
266: 792 576 347
267: 438 315
268:
269: 705 292
270:
271: 640
272: 685 448
273: 531 469 415
274:
275: 348 325
276:
277: 363
278: 376 358
279:
280: 632 480 359 265
281: 737 597 392
282: 381 306
283: 523
284: 742 440
285: 277
286: 647 345
287:
288: 862 282
289:
290: 779 708 338
291:
292: 774
293: 684
294:
295: 433
296: 848 762 758 722 712 641 543 511 371
297: 495
298: 538
299:
300: 602
301:
302:
303: 310
304: 624 592
305:
306:
307:
308: 501
309:
310: 638
311: 863 472 449
312: 805 333
313: 556 435
314: 334
315:
316: 457
317: 657
318: 510
319: 593
320: 378 329
321: 698 640 555 414
322: 727 719 588
323: 636 322
324:
325: 587 424 379
326: 563 460
327:
328: 422 357
329: 332
330: 405 354
331: 712 543 511
332: 486
333:
334: 432
335: 494
336:
337:
338: 444
339: 534
340: 342
341: 699
342:
343:
344:
345: 824 812 622 580 341
346:
347: 621 459 436
348:
349: 369
350: 738
351:
352:
353: 834 479
354:
355: 575
356:
357:
358: 598 502
359: 844 690 393 372
360: 465
361:
362: 710 582 550 399
363: 790 352
364: 509
365: 489
366:
367: 410
368: 476
369:
370: 490
371: 616
372: 409
373:
374: 839
375: 746 558
376:
377: 727 719 416
378:
379: 430
380: 867 839 408
381: 773
382: 724
383: 680
384: 717 666
385: 521
386:
387: 467
388: 820
389:
390: 838 771 586 545 402
391: 643 541
392:
393:
394: 606
395: 657
396: 756 589
397: 470 441
398:
399: 810 539 458
400:
401: 505
402: 713
403: 715
404:
405: 661
406: 420
407: 675 615 595 473 419
408:
409: 569
410: 829
411: 515
412: 642
413: 804 707
414: 411
415: 847 730
416:
417: 530
418:
419: 503 437
420:
421: 562
422: 549
423: 628
424: 682 678
425:
426: 456
427:
428:
429:
430: 660
431: 673
432:
433:
434: 496
435: 788
436:
437:
438: 434
439: 551
440:
441: 603
442:
443:
444:
445: 720
446:
447:
448:
449:
450: 462
451:
452:
453: 751 514
454:
455: 476
456: 745 544
457: 674 507
458: 512
459: 878 787 763 475
460: 860 600
461: 832 561
462: 828 526
463:
464:
465: 649
466:
467:
468: 814
469: 663
470: 559
471: 837 786
472:
473: 519
474: 655
475: 644
476:
477: 852
478: 626
479:
480:
481: 878
482:
483:
484: 583
485:
486:
487: 796
488:
489:
490: 545
491: 819 739
492: 839
493: 701
494: 565
495: 669 664
496:
497: 755
498:
499:
500: 862 547
501:
502: 880 749 711 668
503: 627
504:
505: 625
506:
507: 596
508:
509: 679
510: 591
511:
512:
513:
514: 568
515: 741 693
516: 562
517: 865 765 654
518:
519: 594
520:
521:
522:
523: 859
524:
525: 566
526:
527: 853
528:
529:
530: 704
531: 554
532:
533:
534:
535: 686
536: 768
537:
538:
539:
540:
541: 570
542:
543:
544: 630
545:
546:
547:
548: 772 691 571
549: 702
550:
551:
552:
553: 743
554:
555:
556:
557:
558:
559: 748
560: 798
561:
562:
563:
564: 845
565: 825 577
566:
567: 761
568:
569:
570:
571: 652
572: 806
573: 800 681
574:
575:
576:
577: 623
578:
579: 672 604
580:
581: 752
582: 687
583: 801
584: 734
585:
586:
587:
588:
589:
590: 721 716
591:
592:
593: 712
594: 858
595:
596:
597: 648
598:
599:
600:
601:
602: 802
603: 620
604: 771 618
605:
606:
607: 658
608: 873 868
609:
610:
611:
612: 700
613:
614: 695 635
615:
616:
617: 629
618:
619: 861
620:
621:
622: 637
623:
624:
625:
626:
627: 729
628:
629:
630: 848 770
631:
632: 849
633:
634:
635:
636:
637:
638:
639:
640: 697
641:
642: 818
643:
644:
645: 791
646: 811
647:
648:
649:
650:
651:
652:
653:
654: 759
655:
656:
657: 692
658:
659:
660:
661:
662:
663:
664:
665: 667
666:
667:
668:
669: 735
670:
671:
672:
673:
674: 861
675:
676:
677:
678:
679:
680: 822
681: 842
682:
683: 688
684: 797
685: 836
686:
687:
688:
689: 838
690: 823
691:
692:
693:
694:
695:
696:
697:
698:
699: 857
700:
701:
702:
703:
704: 766
705:
706: 869
707:
708:
709:
710:
711:
712:
713:
714:
715: 856 780
716:
717: 866 835
718:
719:
720:
721:
722: 718
723:
724:
725: 740
726:
727:
728:
729:
730:
731:
732:
733:
734:
735:
736:
737:
738: 854
739: 843
740:
741: 871
742:
743:
744:
745:
746:
747:
748:
749:
750:
751:
752:
753:
754:
755:
756:
757: 872
758:
759:
760:
761:
762:
763:
764: 750
765:
766:
767:
768:
769: 875
770:
771:
772:
773: 803
774: 851
775:
776: 815
777:
778:
779:
780:
781:
782:
783:
784:
785: 799
786:
787: 870
788:
789:
790:
791:
792:
793:
794:
795:
796:
797:
798:
799:
800:
801: 876
802:
803:
804:
805: 846
806: 821
807:
808:
809:
810:
811:
812:
813:
814:
815:
816:
817:
818:
819:
820:
821:
822:
823:
824: 813
825:
826: 833
827:
828:
829:
830:
831:
832:
833:
834:
835:
836:
837: 817
838:
839:
840:
841:
842:
843:
844: 826
845:
846:
847:
848:
849:
850:
851:
852:
853:
854:
855:
856:
857:
858: 877
859: 874
860:
861:
862:
863:
864:
865:
866:
867:
868:
869:
870:
871:
872:
873:
874:
875:
876:
877:
878:
879:
880:
881:
882:
883:
884:
885:
886:
887:
888:
889:
890:
891:
892:
893:
894:
895:
896:
897:
898:
899:
900:
901:
