1: 1912 1490 18 4 3
2: 784 238 67 61 47 33 2
3: 2822 1828 1381 660 6 1
4: 3045 3021 2098 1443 275
5: 2505 452 323 145 95 31
6: 3358 2329 1848 1747 1636 1268 414 330 40 13 8 5
7: 826 308 64 50 27 26 24
8: 2548 2120 1667 1315 484 158 90 57 46 9 7
9: 2933 207 90 80 39
10: 766 440 142 79 74 20 12
11: 2999 1389 897 887 615 552 22
12: 1859 1835 1818 1516 473 92 25 21 15 10
13: 2701 2322 2196 1957 1236 602 566 270 98 29
14: 2138 1557 567 199 70 11
15: 464 262 244 167 19
16: 3382 2680 2446 1144 1027 954 931 899 747 100 16
17: 1791 1510 526 461 430 346 141 105 88 30 28 17 14
18: 1531 1328 1230 1140 1124 855 762 127 109
19: 2979 2273 1252 654 416 400 233 131 124 23
20: 3154 943 205 160
21: 2999 897 766 552 440 142 80 79 74 35
22: 2982 2964 2278 2270 1737 1370 1315 1301 767 617 420 410 356 311 256 250 90 57
23: 3087 2748 2053 1778 1591 557 432 389 170 114 37
24: 2672 2029 1458 851 316 68
25: 2660 2547 2465 2392 2076 1201
26: 2641 950 349 319 297 286 139 78 34
27: 3167 2828 1921 296 243 73 32
28: 3223 2903 1642 1204 1141 1069 745 697 43
29: 3276 2376 1946 1200 1121 1110 181 166
30: 2766 2668 2556 2186 1803 1781 1673 1182 1152 1105 678 281 237 230 71
31: 3167 2838 2277 2091 1935 847 152 148 87 82 42
32: 2668 678 659 631 587 490 237 230 161 144 138 104 69 41
33: 2892 2841 310 202 36
34: 55
35: 699 45
36: 1036 121
37: 1202 793 177
38: 3123 2224 2145 1507 94 56
39: 2979 2964 2270 1252 410 111
40: 714 524 506 450 265 182 51
41: 2548 2481 2120 1667 1373 733 499 484 158
42: 3384 1801 894 75 49 38
43: 3382 2680 1696 1027 729 681 235
44: 2357 2294 1963 1767 1518 1299 271
45: 1510 118 93
46: 3045 2941 2306 2098 1006 357 328 247 146 120 81
47: 3065 2631 2159 2043 1637 1467 1225 1038 934 914 833 768 607 236 53 44
48: 2427 201 176
49: 3027 251
50: 2138 1557 1276 1155 1019 933 567 518 199 129 70
51: 3357 2441 2306 1832 1208 1070 1006 184
52: 128
53: 2620 2446 1144 954 931 899 747 327 249 113
54: 273 266 153 119
55: 1269 110 48
56: 186
57: 3067 1510 1281 989
58: 3371 2941 1495 902 716 313 280 222 218 54
59: 575
60: 2896 2619 1866 1274 784 740 379 370 238 102 67 61 59 52
61: 2924 72
62: 704 655 117 60
63: 2113 1526 1329 980 519 419 298
64: 3028 2458 2200 1923 1762 1707 1090 83
65: 2247 2148 2033 1948 1632 996 254 187
66: 3190 2879 2349 1838 1639 1563 825 816 58
67: 136 77 63
68: 2809 956 807 723 444 89
69: 2427 2017 198 140
70: 3183 1018 783 547 523 516 225
71: 2661 179 147 116 62
72: 2136 1815 611 159
73: 3287 3286 2306 1006
74: 1351 926 563 301 84 65
75: 1862 1030 277 261 126 85
76: 1949
77: 1954 889 435
78: 3045 2098 120
79: 3188 2954 1432 651 619 495 178 108 97
80: 826 66
81: 212
82: 3318 2658 1856 1600 258 204 115 112 76
83: 1130 101
84: 422 96
85: 3221 1545
86:
87: 714
88:
89: 3357 2441 1208
90: 3065 2631 2043 1896 1804 1564 1327 1306 1178 743 325 248 171 91
91: 3049 1669 423 415
92: 2914 2182 1562 892 267 123
93: 1823 1407 196 103 86
94: 1159 302 290
95: 281 169
96: 2023 1307 1157 383
97: 1791 526 346
98: 3323 2773 1781 1601 1152 472 306 154 149
99:
100: 2756 1797 332 162
101: 2082 1827 466 406 368 191 180
102: 2926 998 850 321 185
103: 188 99
104: 3289 3187 3000 2675 2141 1273 1058 789
105: 767 311 250
106: 1979 1202 793 728 477 209 174 157 137 107
107: 1597 404
108: 770 541 183
109: 2376 2195 538 409 193
110: 3171 2634 1349 1034 194
111: 1713
112: 1518
113: 3349 2482 1990 1822 1522 1081 572 491 426 362 208 125
114: 3326 3166 3109 2116 2061 1229 1190 794 449 347 195
115: 2646 2272 392 378 289
116: 2856 2637 288 283
117: 767 595 425 311 250 133 106
118: 1911 842 514 469
119: 2986 1884 1808 1736 924 531 203
120: 3347 2391 663 447
121: 1214 830 318 245 226 206
122: 2191 2174 1993 1967 1559 1222 1176 746 274
123: 3075 3061 2967 2563 2375 1476 1333 1233 594 339
124: 2033 1472 895 664 130
125: 2831 1014 501 434 351 173
126: 2907 2490 2173 1205 1104 214 172
127: 2982 1370 256 197
128: 2640 1424 1259 665 395
129: 2870 1972 391
130: 3008 2943 2536 2262 2052 1484 1016 918 891 804 122
131: 2524 1945 1491 294
132: 1545
133: 3328 3046 1820 1678 1568 1197 1122 483 231
134: 3301 2834 2772 2760 1592 1100 1007 219 189 165
135: 2757 2069 936
136: 3229 924 774 748 531 203
137: 2756 1911 842 332 134
138: 1866 1481 740 370
139: 2380 1656 150
140: 1531 1328 1230 1124
141: 1367 589 360 240 232 217
142: 2946 2901
143: 2147 620 576 569 303
144: 2900 824 624 292
145: 2446 1144 954 931 899 747
146: 3334 1738 1138 952 540 511 143
147: 887 615
148: 1321 1045 234 132
149:
150: 2990 2267 1788 135
151: 3228 3184 2752 1805 1766 1485 909 874 853 788 668 510 486 380 221
152: 3289 3244 3000 2675 1058
153: 3244 260 151
154: 348 268
155: 3239 718
156: 3016 2689 1312 690 611 537
157: 659 631 587 490
158: 2505 452 381
159: 2739 1489 163
160: 2796 1479 1071 656 363 343
161: 2278 1301
162: 365 345 295 242 156
163: 394 350
164: 798 421 326 215
165: 3223 1204 429 168
166: 1495 902 313 222 190 155
167:
168: 2956 2831 2603 2589 2535 1889 1853 1607 1546 1014 880 859 593 496
169: 2238 1940
170: 2415 1574 1486 1418 797 578 427 412 200
171: 3121 3086 2851 2025 1078 967 592 451 355
172: 2242 1250 878 253 220 213 164
173:
174: 3254 3150 2588 1101 820 633
175: 634
176: 405 341 211
177: 2882 1487 927 408 192 175
178: 2931 2764 2486
179: 1635
180: 3276 1526 1329 980 352 229
181: 3089 3043 2829 2014 1655 1418 578 427
182: 366
183: 2115 1669 423 415
184: 1436 1220
185: 1281 241
186: 361 354 263
187: 2848 1310 741 707 371
188: 2456 2403
189: 1739 647 337
190: 1871
191: 1564 1327 693 666 224
192: 1231
193: 3028 3021 2756 2298 1986 1443 737 455
194: 544
195: 2267 817 293
196:
197: 1684
198: 3081 2950 2761 2309 1335 1011 932 482 481 467 460 359
199: 2789 667 580 216
200: 2376 2273 2239 2184 1169 731 654 539 259
201: 1481 843 312 223
202: 2644 1560 1260 1251
203: 2080 299
204: 3298 2733 2531 570
205: 3313 2072 1848 1773 279 276
206: 532 522 315
207: 1032 246
208: 1112 210
209: 2364 597 439 431 377
210: 3013 2825 2088 1255 1008
211: 1538 1135 272
212: 2683 2532 634
213: 3348 3185 2498 544
214: 1676 1387 1151 1109 778 438
215: 2885 1445 356
216: 3010 2761 2583 2309 1531 1328 1230 1124 227
217: 2758 1551 639
218: 494 282
219: 2498 401
220: 3283 997 638 536
221: 534 307
222: 1276 1155 239
223: 3372 2026 944
224: 3262 2964 2761 2309 2270 1269 837 494 410
225: 993 478
226: 1737 617 420 314 228
227: 1533
228: 2196 1957 602 398 387
229: 1219 1013 988 643 613 411
230:
231: 3285 2199
232: 2736 1526 1329 980
233: 2600 2334 1177 812 485
234: 671 646 628 622 264
235: 322 284
236: 1878 1579 1346 1001 705 694 369 353
237: 3190 1563 291
238: 2303 317
239: 2145 1507
240: 1187 287
241: 2761 2309
242: 2361 2221 987 929 722
243: 992 872 573
244: 1258 413
245: 384 340 252
246: 433 285 278
247: 2938 1735 1708 1692 935 685 388 255
248: 832 257
249: 1829 1629 1603 1114 407 367
250: 3277 2112
251: 1017 535 335
252: 2853 1545 1211 691 605
253: 2017 1345 1330 1235 503 390
254: 1700 375 333
255: 2138 2023 1307 1157 329
256: 1444 1118 990 706 344
257:
258: 3152
259:
260: 1052
261: 2931
262: 3124 786
263: 3114 2833 2681 1383 981 782
264: 2048 1357 801 687 468
265: 2757 2393 1599 1254 1067
266: 2701 2322 2306 2041 1236 1006 760 566
267: 3195 2422 456
268: 2174 1222 746 470
269: 1012 386
270: 2456 1863 1419
271: 364
272:
273: 3302 2651 1663 1643 1428 269
274: 2216 868 402
275: 3141 520 498 457 393 309
276: 963 724 591
277: 3065 2964 2674 2631 2270 2043 1941 1638 1403 976 915 845 606 604
278: 2423 376
279: 3291 2406 2166 428 320
280: 2442 1922 1480 559
281: 2817 1425 582
282: 2866 2700 2402 1360 657 650 474
283: 3277 417 324
284: 2477 2198 1873 1802 870 750
285: 3223 2641 2080 1564 1327 950 823
286: 2885 1207
287: 905
288: 867
289: 2052 1016 918 891 804 584
290: 3323 2773 1601
291: 3019 1060 521 300
292: 1703 1289 773 304
293: 2504 1098 374
294: 2447 818
295: 1810 958 940 863 734
296:
297: 2467 2390 2064 1860 1578 984 849 585 418
298: 1170 968 571
299: 2828 2442 2123 1922 1193 738
300: 3097 2111 1278 1245 1133 1054 1040 403
301: 3027 1116 715
302: 2787 1416 689 515
303:
304: 2896 2872 2619 1308 1274 379
305: 884
306: 305
307:
308: 2201 1142 726
309: 1747 414
310: 2810 2202 2084 771
311: 1610 1127 1003 744
312: 1268
313: 2845 1823 1407 669
314: 2394
315: 3110 588
316: 2870 1972 1774 1048
317: 3082 2670 2276 635 358 336
318: 3081 2950 1981 1481 1374 1372 482 331
319: 1532
320: 1566
321: 691 608 453 372
322: 3114 3067 2681 1383 981 782 590 445
323: 3287 3286 3189 951 527
324: 2881 1380 512
325: 3345 1889 1607 717
326: 3209 2640 1424
327: 3276 2202 352 342 338
328: 2398 1881 1624
329: 3317 652
330: 2383 1354 676 583 334
331: 3096 517
332: 2151 599 500
333: 2369 528 437
334: 2067 1062 703
335: 3291 2931 2797 2406 2166 1037 428
336: 3194 3121 2851 1564 1327 1078 967 451
337: 2999
338: 542
339: 1449 621
340: 3360 3158 3046 2822 2434 1828 1678 1568 1567 1381 660
341: 1389
342: 2268
343: 2662 448
344: 1436 1220 397
345: 909 874 853 510
346: 2384 1386
347: 2191 1993 1900 1559 1084 441
348: 3246 1824 913 399
349: 3272 3117 1285 1148 373
350: 1188
351: 2553 2241 614
352: 2188 1812 1544
353: 2167 1092 814
354: 3187 769
355: 1087 819
356: 2788 1366 653
357: 1501 815 775
358: 1481
359:
360: 1031
361: 3016 537
362: 1764 781 564
363: 3218 3049 1719 1325 1172
364: 2100 2006 877 562 424
365: 625
366: 3299 3284 3042 764 551 509 463
367: 2942 960 695
368: 1538
369: 1493
370: 2699 1742 1426 1159
371: 684 556
372: 2671 2526 2352 1596 1529 1210 504
373: 600
374: 2880 443
375: 2616 1660 777
376: 930 459
377: 3088 3018 1556 385
378: 3174 560
379: 2822 1053 382
380: 3120 2211 1221 1107 1009 649 529
381: 2376 994
382: 2648 2345 1890 454
383: 2896 2619 1781 1704 1152 844 480
384: 3012 1503 809 672
385: 505
386:
387: 2723 1730 1226 476
388: 756
389: 2782 1883 1438
390: 673
391: 1185
392: 2630 2605 2516 910 648
393: 2143 1282
394: 3046 1678 1568
395: 1805 788 668
396: 3195 2931 2422 548
397: 1951 1298
398: 2863 630
399: 2865 2857 2549 2288
400:
401: 396
402: 708 626 565
403: 1665 493
404: 601
405: 2882 927
406: 3124 2881 644
407: 2699 1742 1426 623
408: 1919 1582 1497 720 442
409: 3163 2407
410: 1981
411: 2018 1787 1580 1224
412: 3360 3158 598
413: 3172 3098 1677 727
414: 2380 2102 1656 1569 1389 1168
415: 1419 1387
416: 1592 508
417: 2609 2130 1928 458
418: 1447 755 618
419: 1361 1212 854 579
420: 568
421: 3194 2710 1744
422: 1085 772 702
423: 1247 1097
424: 3229 748
425: 1305
426: 795 492
427: 1384 1288
428: 1688 836 811 808
429: 3237 971 462
430: 3100 1722 848 612
431: 1423
432: 1512
433: 2635 907 558
434:
435:
436: 761
437: 2563
438: 1387 436
439: 2946 2901 2230 701
440:
441: 2234 1399 749
442:
443: 2601 1033
444: 3087 1778 557 432
445: 2708
446: 2616 1492 1262 1108 803
447: 2239 1821 1169 731 539
448: 2767 2696
449: 2396 1322 1304
450: 3189 1789 711
451: 3225 1000 972
452: 2295 1806
453: 2259 550
454: 2442 1922 1775 1693 1480 1396 507 488
455: 865
456: 2150 1721 1521 1498
457: 2628 2455 1623 475
458: 2103 1757 780
459: 1941 1403 976 604
460:
461: 1941
462: 2926 998
463: 2662
464: 3285 3125 2199
465: 1324 1161 662
466: 2929 2836 1394
467:
468: 2123 1193 988 738 546
469: 2188 1544 1483 938 581
470: 1371
471: 3209 2230 701
472: 3379 3204 487
473: 1711 903 446
474: 2421 2357 2294 2065 1299
475: 1994 1450 725
476: 2033
477: 2738 1338 688 632 471
478: 3038 2045 1914 513
479: 3111 1109 778 533
480: 2626 2374
481: 1125
482:
483: 3384 2069 1801 489
484: 1594
485:
486: 1696 681 465
487: 1487 637 479
488:
489: 2102 1569 1168
490: 3052 2966 2421 2234 2065 1399 545
491: 3123 2224
492: 2870 1972
493:
494: 2770 2679 1471 1149
495:
496: 3163 3065 2631 2147 2115 2043 888 680
497:
498: 1797 497
499: 2298 1986 609
500: 3192 1849 1004
501: 1061
502:
503: 2439 858
504: 1894 1755 1263
505: 1000 972
506: 2509 1270
507: 627
508: 2766 2556 2186 1803 1184
509: 2409 1302 1174 543
510: 2661 1317
511:
512:
513: 2778 983
514: 814
515: 2827 2205 2078 821 603
516:
517: 3183 2946 2901 2067 1384 1288 1062 900 553
518: 1685 752 696
519: 3264 925
520: 2779 1821 1621 947 555 525
521: 1046
522: 1074 629
523: 3068 2260
524: 2215 502
525:
526:
527: 1962 1494
528: 2176 1128
529: 886 735
530: 1821 736
531: 3157 3113 1907 1794
532: 642
533:
534: 1460 1400 1131 965 955
535: 2262 1484 834
536: 2355 1295 939
537: 3153 2201 1701 1300 1280 1142 726 674
538: 937
539: 2949 2222 1171 959 710
540: 3230
541: 616 549
542:
543:
544: 2867 2720
545: 2499
546: 2604 1776 1469 946
547: 2340 1888
548: 1848
549: 3227 1240 1191 751
550: 2529 2444 1728 890
551: 555
552: 2615 2265 1589 1047
553: 2552 1043 986 530
554: 640
555: 2066 920 721
556: 1721 1498
557: 2758 1551 1362 1146
558: 1075
559: 1899 1314
560: 1313
561: 2431 1232 860 810
562: 1724
563: 2159 1038
564: 1395 985
565: 3185 1082
566: 1237
567: 730 713 683 561
568:
569: 2369 1207
570: 2175 1857 682
571: 2829 2014 1294
572:
573: 2720 2305 833 607
574: 2850 2814 1764 781
575: 3187 2551 1273
576: 1404
577:
578: 2677 2457 1716 846
579: 2421 1200
580: 1745
581: 1486 797
582: 3109
583: 2444 1728
584: 1760 1464 645
585: 908 686
586: 2348 2302 574
587: 3198 2397 698 554
588: 1987 1143
589: 2991 2889 1617 1535
590: 2105 1488 805
591: 661
592: 2597 2009 1530 1508 1501 670
593: 1694
594: 1267
595:
596:
597: 1278 1245
598: 2416 1816
599: 3152 1375 586
600: 2616 2415 1072
601: 3176 2885 2743 2201 1142 716
602: 995 596
603: 2644 1560
604: 742 577
605: 3189 1789
606:
607: 1195 758
608:
609: 2642
610: 2487 2358 1855 1795 1173
611: 928
612: 1331 732
613: 1409 754
614: 610
615: 1007
616:
617: 2750 2584 2162 2079 1714
618: 2570 2251 1385
619: 1431 675
620: 3012 1650 1572
621: 693 666
622: 2465 2392 1676
623: 3300 2382
624: 1804 1306
625: 3219 3031 2848 2664 1445 1310
626: 2673 1567 975
627: 1535 679
628: 2604 1469 636
629: 1177
630: 799
631: 3076
632: 957
633: 2982 2367 1635
634: 885 828
635: 3161 2022
636: 881
637: 1313 757
638: 2868 1953 641
639: 871 709
640: 2311
641: 3156 1059
642: 2467 1710 1578 984 849
643: 1973 1889 1607 1066
644:
645: 2189
646: 2679 1471 1149 841
647:
648: 1925 1453 898
649:
650: 2513 831
651: 1478 1089
652: 1717
653: 3258 2838 2277 873 658
654: 700
655:
656: 3195 3016 2422
657: 2069 1264 827 791
658: 3005
659:
660: 2692 779
661: 1378 1316
662:
663: 3180 2242 2169 1283 1250
664: 2843 1411
665: 2121 1644
666: 864
667:
668: 785
669:
670: 1342 969
671: 3207 2301 999
672: 2472
673: 1410 677
674: 1756 1203 712
675: 2318 692
676: 861
677: 2477 2059 1891 1002
678: 3326 2986 2668 1533 739
679: 1949 1782
680: 1387
681:
682: 3207 2644 1560 906
683:
684: 2739
685: 3300 2991 2904 2712 2710 2382 1744 1617 1319
686: 1991 1740
687: 3075 2375 1476 1233
688: 3363 2710 1744
689:
690: 2200 1923 1707
691: 2944
692: 2992
693:
694:
695: 2867 875
696: 2820 866
697: 2929 2836 1394
698: 2930 839
699: 1466 1277
700: 1552 1363 923
701: 3213 2201 1420
702: 2059 1731 1002 719
703: 2990 2882 2381 2118 1324 1161 1044
704: 776
705: 1111
706: 1079 911
707: 3205 1336 1239
708: 2136 1815
709: 3259 3051
710:
711: 1472 895
712: 1998
713: 1537 921
714: 1954 1812
715: 3326 1933 1015 802
716: 1090
717: 2203
718: 3174 1731
719: 2041
720: 2551
721: 2246 1181
722: 1873
723: 822
724: 1358 1241
725:
726: 1980 1595
727: 3198 1035 753
728: 2010 1147 763
729: 3105 1936 1671 1051
730: 2713 1944
731: 2453 1761
732: 1655 1113
733: 3043 2480
734:
735:
736: 2970 2129 966
737: 765
738: 852
739: 3312 912
740: 3111
741: 1491
742:
743: 1055
744:
745: 2262 1812 1484 1322
746:
747: 2872 978 829 806
748: 2145 1507 838
749: 2537 1242 1156
750: 2485 2132 2018 1246 1189
751: 2969 2218 2180 1798 1347 1139
752: 2370 2359 2177 1565 1270 917
753: 3356 1606 1093
754: 2929 2836 2832 1394 1065
755: 2809 2492 2280
756: 3365 1519
757: 3012
758: 2992 759
759:
760: 1906
761: 2281
762:
763: 1134
764: 2778 979
765: 1904 1504
766: 1309 1010
767: 3271 2321
768: 1951 906
769: 2281 1216 792
770: 1574
771: 1943 1675 1634
772: 2692
773: 1702 1332
774:
775: 1091
776: 2231
777: 3116 2426 2004 1679 1628
778: 1965
779:
780:
781:
782: 1463
783: 1874
784:
785: 2208
786: 3336 2170 1561
787: 2212 1996
788: 2988 2217 796
789: 3218 1955
790: 1390
791: 1863 787
792: 3325 3281 2852 1499 1163
793: 2028
794: 2799
795:
796: 1877 1024
797: 3382 2969 2218 1347
798: 2503 1475 942
799: 977 840 813
800: 2721 1763 1257
801: 2493 2095
802: 1879 1077
803: 1229 1190
804: 1875 1581 879
805: 3120 1265 1119
806: 2424 893
807: 2507
808: 2780 2511 790
809:
810: 3110 3027 2754
811: 1405 800
812: 2533 883
813: 2484 1102
814: 2533
815: 3002 2240 1196 1057
816: 1374 1372
817: 2968 2537
818: 3301 2834 2760 1100
819: 1359
820: 1095
821: 2737
822: 2093 1785
823: 1223
824: 2071 1627
825: 1020
826: 1583 1474 1451
827: 2839
828: 2122 1099
829: 1641 1297
830:
831: 3021 2844 1443
832: 2344
833: 1284
834: 2850 1682 1554
835: 1344 869
836: 2613 1050
837: 2465 2392
838: 2395 2327 2013 876 835
839: 3360 3158 1415
840: 2449 904
841: 3379 3204 862
842: 2068 1572
843: 2997 2755 2519 1652
844: 2904 2712 1319
845: 1793
846: 2815 2460 2340 1841 974
847: 3010 1129
848: 1602
849: 1292
850:
851:
852: 2814 945
853: 2693 2155
854: 3021 2381 2118
855: 2367 1029
856:
857: 1502
858: 1681 1439
859: 3358
860: 2178 970
861:
862: 856
863: 3219 3031 2664
864: 882
865: 3067
866: 2115 1658
867:
868: 2001 1227
869: 2914 2182 1562 1094
870:
871: 982
872: 3026 2722 2470 2311 1980 1949 1880 1680
873: 3200 2124
874: 1369 962
875: 2003 1779 1640
876:
877: 2880 941
878: 2982
879:
880: 2905 2793 1926
881:
882: 1763 919
883: 3291 2406
884:
885:
886:
887:
888: 2638 1654 1433
889: 1979 857
890: 1988 1866 1103 964
891: 3280 1989 948
892: 2838 2167 949
893:
894:
895:
896: 2859 2107
897: 2036 1826
898:
899: 1712
900: 2517
901: 2390 2064 1860
902: 922
903: 3347 2391
904: 1293
905: 1165
906: 3090 2408 1217 1180
907: 1145
908:
909: 2259 1459
910: 3368 1859 1835 1818 1516
911:
912: 2776 1970
913: 2916 896
914: 3027 2476 1604
915:
916: 2384 1353
917: 3075 2375 1476
918: 2725 2506
919: 2938 2723 1735 1730 1708 1692 1226
920: 1005
921:
922: 2815 2460 1841
923: 1468 1303 1261 901
924: 2516 1137
925: 1218
926: 3368
927: 2026 1039
928: 2550 2343 2292 953
929: 3076 1969 1527
930:
931:
932: 3308 3223
933: 3056 2798 2283 1950
934: 2363 2312 1752
935: 2769
936:
937: 2027
938:
939: 2302
940: 2024
941: 2069 2038 1927 1337 1158
942: 2880 2255 973
943: 2651 1663 1643
944: 1768 1616 1026
945: 1999
946: 2879 1136
947: 3020 1892
948: 2569
949:
950: 2608 1934 1379
951: 2697
952: 2179
953: 1788
954: 3183
955: 1705
956: 2904 2712
957: 2991 1617
958: 2429 916
959: 3094 2542 1772 1221
960:
961:
962:
963:
964:
965: 3094 2542 1772
966: 1154
967:
968: 1377
969: 2481
970: 2367
971:
972: 1748 1022
973: 1710
974: 1291
975: 2377 1456 1076
976: 2774 2285 1542 961
977:
978: 1964 1687 1238
979: 3285 3025 2934 2199 2049 1659
980: 2549 1115
981: 3108 1056
982: 2667 2545 2290 1784
983: 3176 2743
984:
985: 1783 1167
986:
987: 3304 1393 1266
988: 2990
989: 1209
990: 1706
991: 1765 1341
992: 2764 2486 1123 1073
993: 3311 2621 1852
994: 2189
995:
996:
997: 3330 3081 2950 2165 1743 1068
998: 1809 1477 1446 1028
999: 1392
1000: 2561
1001: 2184 1296
1002:
1003: 3365 2324 1519
1004: 1895
1005: 2229 1584 1120
1006: 3361
1007: 3152
1008: 2494 1042
1009: 3176 2743 2735 2425 1594
1010: 1921 1806 1651 1198
1011:
1012: 1335
1013:
1014:
1015: 2811 1520
1016: 1937
1017:
1018: 3064 2624 1837 1106
1019: 1160
1020:
1021:
1022: 3136 1454
1023: 1413
1024: 2591 1166
1025:
1026: 1686
1027: 2587 2097 1064
1028:
1029: 3003
1030:
1031:
1032: 991
1033:
1034:
1035: 2872 1308
1036: 3188 2954 1132
1037: 3071 2039
1038: 1452
1039: 1256
1040: 2058 1514
1041:
1042:
1043: 1777 1524 1437
1044: 2520 1025
1045: 1442
1046:
1047: 3088 3018 1556
1048: 2828
1049: 2603 2181 2085
1050: 3007 2674 1718 1638
1051: 1985 1839
1052:
1053:
1054: 2879
1055:
1056: 1646 1406
1057: 1287 1021
1058: 2890 1334
1059: 3358 2663 1041
1060: 2604
1061: 1023
1062: 3026 2722 1880 1049
1063: 1955
1064: 3041
1065: 1753
1066: 2918 2805 1553 1279
1067:
1068: 2378
1069: 1618 1162
1070: 3080
1071: 1688
1072: 2911 2894
1073: 2647 1506
1074: 3075 3036 2375 1476
1075: 1290
1076:
1077: 2951 1228
1078: 1164
1079: 1697
1080: 2117
1081: 2037
1082: 2354 1063
1083: 2787 1080
1084: 1587 1534
1085: 3048 2884 1086
1086: 3040
1087: 2858 2650
1088: 1509
1089: 1694 1206
1090: 1967
1091: 2283
1092: 1769 1199
1093: 2673 1096
1094: 2140
1095: 1088 1083
1096: 2893 1908 1192
1097: 2754 1912 1701 1490 1280
1098: 2555 2518 2005 1153
1099: 2076
1100: 1441 1244
1101: 1647
1102: 2222
1103: 2587
1104:
1105: 1884 1808
1106: 3067 2157 1869 1320
1107: 2554 2101 1844
1108:
1109: 2174 2015 1625
1110: 2271 1732
1111: 2804
1112: 2698 2264 1547 1275
1113: 3201 3128 2007 1631
1114: 2590 1984 1549
1115:
1116: 1186
1117:
1118: 2770 2469 2197 1902 1350
1119: 3298 3222
1120:
1121:
1122: 1691
1123:
1124: 1179 1150
1125: 3043 2480 1620
1126:
1127: 2263
1128: 3224
1129:
1130:
1131: 2944
1132: 2207 1770
1133: 2815 2340 1213
1134: 1398 1343
1135: 3045
1136: 2928
1137: 1608 1455 1117
1138: 1435
1139:
1140: 1429
1141:
1142: 1759
1143: 2456
1144: 1758 1461
1145: 2096
1146: 2794 2478 2379 1870
1147: 3210
1148:
1149:
1150: 1525
1151: 2823 1614 1489
1152:
1153:
1154:
1155: 1126
1156: 1729
1157: 2550 2292 1615 1397 1323
1158: 2724 2614
1159: 2677 2457 1611
1160: 2701 2322 1969 1236
1161: 2471 2126 1408
1162: 2909 2417 1754
1163: 3011 2094
1164: 2575 2056
1165:
1166: 2489
1167: 1710
1168:
1169:
1170:
1171: 2886 1356 1175
1172:
1173:
1174: 2694 1555
1175: 3259 3051
1176: 3338 2947 2068
1177: 2811 1903 1850 1843 1733 1318
1178: 1422
1179: 2415 1434
1180: 2730 1505
1181: 3201
1182: 2782 1883 1438
1183:
1184: 1448
1185: 2784 2131
1186: 3006 2142
1187:
1188: 2373
1189: 2910 1183
1190: 1457
1191: 3163 2500 1898 1723 1249
1192: 3261
1193: 3316 1836
1194:
1195: 1910
1196:
1197: 1763 1257
1198: 2433 1876 1649
1199: 1473
1200: 3300 2585 2382
1201: 3258 1421
1202:
1203: 1605
1204:
1205: 3022
1206: 2193
1207: 1417
1208:
1209: 2554 2101 1194
1210:
1211: 2917
1212:
1213: 3221
1214: 2600 2334
1215:
1216: 1513
1217: 1989
1218:
1219: 2209 1851
1220: 1215
1221: 2236
1222:
1223:
1224: 2509 1355
1225: 1698
1226: 3055 2445
1227:
1228: 1500
1229:
1230: 1672
1231: 1517
1232: 2271 1732 1465
1233: 1904
1234: 1271
1235: 3142 2826 2404
1236: 2807
1237:
1238: 1286 1272
1239: 3111
1240: 2210 1613 1588
1241: 1388
1242:
1243: 2515 1340
1244: 1440
1245:
1246:
1247:
1248: 2398 1881 1624
1249: 2727 2385
1250: 2250
1251: 2339
1252: 2632 1817
1253: 2659
1254:
1255: 3282
1256: 3134
1257:
1258: 3186 2959
1259:
1260: 2187 1630 1248
1261: 3039 1243
1262:
1263:
1264:
1265: 2259
1266: 1470
1267: 3331
1268: 1496
1269:
1270:
1271: 3146
1272: 2337 1786
1273:
1274: 1326
1275: 1842 1253
1276: 2738 1916 1234
1277: 2721
1278: 2566
1279: 2329 1636
1280:
1281: 1376
1282:
1283:
1284: 2962 1689 1661
1285: 1626 1368
1286: 1978
1287: 2584 2162 2079
1288:
1289: 3242 2719 2046
1290: 1539
1291:
1292:
1293: 1364
1294:
1295:
1296: 2275
1297:
1298:
1299: 3125
1300:
1301: 2623 2189
1302: 1668
1303: 1427 1311
1304: 3381 1633
1305: 3093
1306:
1307: 1619
1308: 2297
1309:
1310:
1311: 1401
1312: 3296 1550
1313: 2555 2518 2005 1918 1577 1414
1314: 2440
1315: 1882
1316: 2265 1515
1317:
1318:
1319: 2077 1750
1320:
1321: 2952 2688 2475 1382
1322:
1323: 1833
1324: 2553 2241
1325: 2971 1749
1326: 2582 2192 1968 1958
1327: 2816 1528
1328: 2751 2366
1329: 1430
1330: 2998 2244 1792
1331: 2241
1332: 1348
1333: 2833 2207 1570
1334:
1335: 2257 1868
1336:
1337:
1338: 2336 1720
1339: 2445 1971
1340: 1913
1341: 1997
1342:
1343: 3102 2227 1807
1344:
1345: 2880
1346: 1662
1347: 3304 1548
1348: 3356
1349:
1350: 2801 2051
1351:
1352: 2965
1353: 2481
1354: 3077
1355:
1356: 2567 1653
1357: 2032 1339
1358: 3063 3024 2308
1359:
1360:
1361: 2871 2038 1927
1362: 3067 2920 1746
1363:
1364: 3150 2588
1365: 3352
1366:
1367: 3346
1368: 2233 2228 2171
1369: 2035
1370: 1391
1371:
1372: 1365
1373: 1573
1374: 2139
1375:
1376: 1903
1377: 2190
1378:
1379:
1380:
1381:
1382:
1383: 2488
1384: 3371
1385: 1352
1386:
1387:
1388: 2627
1389: 2473 1952 1947
1390:
1391:
1392:
1393: 3118
1394: 2683
1395:
1396:
1397: 2226
1398: 3072
1399:
1400: 1575
1401: 2705 2690 2245 1771
1402: 2794 2478 2379
1403: 2349 1639 1523
1404:
1405: 2678 2266
1406:
1407:
1408:
1409: 2508
1410: 3161
1411:
1412: 2161
1413:
1414:
1415:
1416: 2876
1417: 1612 1598
1418:
1419: 2388
1420: 1886
1421:
1422:
1423:
1424: 1819
1425:
1426:
1427:
1428:
1429: 2594 1864
1430:
1431: 2128 1593
1432: 2823
1433: 1462
1434: 2777 1622
1435:
1436: 1830
1437: 2421 2065
1438: 2895 1402
1439: 2765 2711
1440: 1609
1441:
1442:
1443: 1930
1444:
1445: 1586
1446: 3278 2835 2785
1447: 3084 3059
1448: 2746 2153
1449: 1831
1450: 1933
1451: 2248
1452: 2204
1453: 2496
1454: 1412
1455: 1482
1456: 2430
1457: 2823 1558
1458: 2247
1459: 2410
1460: 2137
1461:
1462: 2741 2716
1463:
1464:
1465:
1466: 2843 1543
1467: 1975
1468:
1469: 1768 1540
1470: 3129
1471: 1576
1472: 2070 1670
1473:
1474:
1475:
1476: 2416 1816
1477: 3253 2225
1478:
1479: 2622 2219
1480:
1481: 2252 1511
1482: 3377
1483: 2936
1484:
1485: 3137 1727
1486: 1840
1487:
1488:
1489: 2895
1490:
1491: 2363 2312 1919 1752
1492:
1493: 3337 2135
1494: 2670 2398 2276
1495:
1496: 3272 3117 1790 1709
1497: 2955 2596
1498: 2828 2134
1499:
1500: 2443
1501:
1502: 3297 2073
1503: 2645 1571
1504: 2585
1505:
1506:
1507: 1664
1508: 2091 1935
1509: 2726
1510:
1511: 2282
1512: 1858
1513: 1541
1514: 2154
1515:
1516: 2086
1517: 2050 2008
1518: 2269
1519:
1520: 2362 1887 1657
1521:
1522: 2704
1523:
1524: 1834
1525: 2960
1526:
1527:
1528: 2237 2185
1529: 2889 2214
1530:
1531:
1532:
1533:
1534: 2968
1535: 3169 2462
1536: 3043 2480 1780
1537: 1725
1538: 2577
1539:
1540:
1541: 3022 2541
1542: 3315 3201 2459
1543:
1544:
1545: 1959
1546:
1547: 3119
1548: 1585
1549:
1550: 1751
1551:
1552: 3118
1553:
1554:
1555: 2434 2249
1556: 2356
1557: 2021
1558: 3089
1559:
1560:
1561: 2770 2197
1562:
1563: 1648
1564: 2878
1565: 2399
1566: 3181 2922
1567:
1568: 1966
1569: 2215
1570: 3168 2523 1917
1571: 1590
1572:
1573: 1982
1574: 1536
1575: 2660 2547
1576:
1577: 2844
1578: 3148
1579:
1580:
1581:
1582: 2304
1583: 2133
1584: 3008 2943
1585: 3271
1586:
1587:
1588: 2994 1726
1589:
1590:
1591: 2687 2331
1592: 2415
1593:
1594: 2452
1595: 1814
1596: 1666
1597: 3159 2351
1598: 1811
1599:
1600:
1601: 1952
1602:
1603: 1645
1604: 1977
1605:
1606: 2141 1974
1607:
1608:
1609: 2969 2218
1610: 2087
1611:
1612: 3036
1613: 2759
1614: 2580
1615:
1616: 2633 2020
1617: 2502
1618:
1619: 2976
1620: 2618
1621:
1622: 3173
1623: 3034 2081
1624: 3372
1625: 2757
1626:
1627: 3332 2908 2732 2350
1628: 2011
1629: 2330
1630:
1631: 1695
1632:
1633:
1634:
1635: 3265 2676
1636: 3050 2307
1637:
1638:
1639:
1640: 3142 2826 2404
1641:
1642:
1643:
1644: 2862
1645: 2016 1905
1646:
1647:
1648:
1649:
1650: 2183 1683
1651: 2160
1652:
1653: 1885
1654: 3182
1655: 2886
1656: 3303 3279
1657: 3318 2644 2223 1813
1658: 2450 1932 1825
1659: 2900 2740
1660: 2692
1661: 1674
1662:
1663: 1690
1664:
1665: 3242
1666: 2854
1667: 2795
1668: 2840
1669: 2477 2198
1670:
1671:
1672:
1673:
1674:
1675:
1676: 3250 2328
1677: 2164
1678:
1679: 2717 2400 2389 2235 1931
1680: 2540
1681: 1846
1682: 2293
1683:
1684:
1685:
1686: 2012 1924
1687:
1688:
1689:
1690:
1691: 3359
1692:
1693: 3362
1694:
1695: 2933
1696: 1943 1675 1634
1697: 2707 2114
1698: 2923
1699: 2279
1700:
1701:
1702: 2655
1703:
1704:
1705:
1706: 2842 2818
1707:
1708: 2405
1709: 1796
1710: 3191
1711:
1712: 2213
1713:
1714: 2727 2243
1715: 2533 1779
1716: 3061 3017
1717:
1718: 2691
1719: 2715
1720: 2497
1721: 3268
1722: 1776
1723: 2979
1724: 1715
1725:
1726: 3305 2332
1727:
1728:
1729:
1730:
1731:
1732: 2891
1733: 1799
1734: 2610
1735: 3010 2583
1736:
1737: 1699
1738:
1739: 2753
1740: 2875
1741:
1742: 3310
1743:
1744:
1745: 2544 1741
1746:
1747:
1748: 2464 2149
1749:
1750:
1751: 2083
1752: 3181 1861
1753:
1754: 3226 2781
1755: 2092
1756: 2274
1757:
1758: 3330
1759:
1760:
1761:
1762:
1763:
1764:
1765: 3231 2779
1766:
1767: 3270
1768: 2323 1929
1769: 3064
1770:
1771:
1772: 3302
1773: 2284
1774: 2967
1775: 2089
1776: 2040
1777: 2684 1845
1778:
1779: 3268 2539
1780:
1781: 3290 1734
1782: 3319 2463 1897
1783:
1784:
1785:
1786:
1787: 3363
1788:
1789:
1790: 2888 2074
1791: 3340 3203 2957
1792: 2819
1793: 2653 2521 2148 1854
1794:
1795: 3324
1796: 2919
1797: 2935
1798: 2060
1799: 2932 2581 2108
1800:
1801: 2559
1802:
1803: 3127
1804: 3097
1805:
1806: 2055
1807:
1808: 3131 2861
1809: 2247
1810: 3227
1811: 2062
1812:
1813:
1814:
1815: 3047 2961 2338 2314
1816:
1817:
1818: 2855
1819:
1820:
1821:
1822:
1823: 3235
1824:
1825: 3085 2063 1800
1826:
1827:
1828: 2194
1829:
1830:
1831: 3364 1893 1872
1832: 2256
1833:
1834:
1835: 2220
1836:
1837: 2030
1838:
1839:
1840:
1841:
1842:
1843: 3348 3053
1844:
1845: 1920
1846:
1847:
1848: 2454
1849:
1850: 3283
1851:
1852: 2156 2034
1853:
1854:
1855:
1856: 2042
1857: 2919
1858:
1859:
1860:
1861: 2902
1862: 3263 3062 2127
1863:
1864:
1865: 3238 2708
1866:
1867:
1868:
1869: 2611 2525 1909
1870: 3057 2119
1871:
1872: 2736
1873: 1976
1874:
1875:
1876:
1877: 1901
1878: 1847
1879: 2810
1880: 2538
1881:
1882:
1883:
1884:
1885:
1886:
1887:
1888: 3138
1889:
1890:
1891: 2316 2000
1892:
1893: 2928
1894: 1867
1895: 2802 1960
1896: 3164
1897: 2342
1898:
1899:
1900:
1901:
1902:
1903: 2428
1904:
1905:
1906:
1907:
1908:
1909: 3209
1910: 1942
1911: 3037
1912:
1913:
1914: 1950
1915:
1916:
1917: 2937
1918:
1919:
1920:
1921: 2514
1922: 1939
1923:
1924: 2365
1925: 2054
1926: 1983
1927:
1928:
1929: 2019
1930: 1865
1931:
1932:
1933: 2106
1934:
1935:
1936: 1915
1937:
1938:
1939:
1940: 2572
1941:
1942:
1943:
1944:
1945: 2532
1946: 2847
1947: 2958
1948:
1949:
1950: 1961
1951:
1952:
1953:
1954: 2598
1955:
1956:
1957:
1958: 2686
1959:
1960: 2002
1961:
1962:
1963:
1964:
1965:
1966:
1967:
1968: 2691
1969:
1970:
1971:
1972:
1973:
1974:
1975:
1976:
1977:
1978: 2474 2368
1979:
1980: 2057
1981:
1982:
1983:
1984:
1985: 3034 2936 2528
1986: 2305
1987: 2762
1988: 3202 3106
1989:
1990:
1991:
1992:
1993:
1994: 2622
1995:
1996:
1997:
1998: 2172
1999:
2000:
2001: 3269 2254 1938
2002:
2003: 2808
2004:
2005:
2006:
2007: 3081 2950
2008:
2009: 2961 2314
2010:
2011:
2012:
2013: 2099
2014: 3241
2015: 3001 1995
2016: 3004
2017:
2018:
2019:
2020:
2021:
2022:
2023: 3029
2024: 2313
2025: 3220
2026:
2027:
2028: 1956
2029: 2291
2030:
2031: 3259 2168
2032: 2109
2033:
2034:
2035: 3131 2861 2419 1992
2036:
2037:
2038: 2617 2527 2158
2039:
2040: 2791
2041: 2573
2042: 2031
2043: 2607
2044:
2045: 2044
2046:
2047:
2048: 2849
2049:
2050:
2051: 3074 2075
2052:
2053: 2347
2054:
2055:
2056: 2887 2320
2057:
2058: 3165
2059: 2479
2060:
2061:
2062: 2985
2063:
2064: 2730
2065: 2503
2066:
2067:
2068: 2972
2069: 2372
2070: 2461
2071:
2072: 2104
2073: 2163
2074: 2643
2075:
2076: 3029
2077:
2078: 3233
2079: 2682 2144
2080:
2081:
2082:
2083: 2830
2084:
2085:
2086: 3053
2087: 3044
2088:
2089: 2606
2090:
2091: 2436
2092:
2093: 2371 2335
2094:
2095:
2096:
2097:
2098:
2099: 2317
2100: 2152
2101: 2047
2102: 3009
2103:
2104:
2105: 2612
2106:
2107: 2301
2108: 2300 2299
2109:
2110: 3101
2111: 2310
2112: 2744 2693 2206
2113:
2114:
2115:
2116:
2117:
2118: 2860
2119: 3066
2120: 2090
2121:
2122:
2123:
2124: 2110
2125: 3147
2126:
2127:
2128:
2129: 3112
2130: 3157 2315
2131: 2289
2132:
2133: 2560 2558
2134:
2135: 2346
2136: 2729
2137: 3251 2666
2138: 3135
2139:
2140: 2360
2141: 2747
2142:
2143:
2144:
2145: 3350 3292
2146:
2147:
2148:
2149:
2150: 2146
2151:
2152: 2125
2153:
2154: 3245
2155:
2156: 3032
2157: 2296
2158:
2159: 2963
2160:
2161:
2162:
2163:
2164:
2165:
2166: 2592 2333
2167:
2168: 2448
2169:
2170:
2171: 2418
2172:
2173:
2174:
2175:
2176: 3323 2773 2741 2386
2177:
2178:
2179: 3155
2180:
2181:
2182:
2183: 3044
2184: 2502
2185: 2652
2186:
2187:
2188:
2189:
2190:
2191: 3015 2987 2973
2192:
2193:
2194:
2195:
2196: 2232
2197: 3053 2451
2198:
2199: 2593
2200:
2201: 3144 2783
2202: 2411
2203:
2204:
2205: 3099
2206:
2207: 2413
2208:
2209: 2665
2210: 3093 2491
2211: 3299
2212:
2213: 2534
2214: 3206
2215: 3050
2216:
2217:
2218: 2898 2636
2219: 2387
2220:
2221:
2222:
2223:
2224:
2225:
2226:
2227: 2468
2228: 2845
2229:
2230:
2231:
2232: 2803
2233: 2435
2234: 2557
2235: 3309
2236: 3095
2237: 2319
2238: 2258
2239:
2240: 2911 2894 2412
2241:
2242: 2629
2243: 2775
2244:
2245:
2246:
2247: 2786 2287
2248: 2562
2249:
2250:
2251:
2252: 2495
2253: 3193 2353
2254:
2255:
2256:
2257:
2258:
2259: 2286
2260: 2874 2602
2261:
2262: 2625
2263: 3110
2264:
2265:
2266:
2267:
2268:
2269:
2270:
2271:
2272:
2273:
2274: 3339
2275:
2276:
2277: 2253
2278: 2939
2279:
2280:
2281:
2282:
2283:
2284: 2579
2285:
2286:
2287: 2341
2288: 2731
2289: 2980
2290:
2291:
2292: 2261
2293:
2294:
2295: 2890
2296:
2297:
2298:
2299:
2300: 2483
2301:
2302:
2303:
2304:
2305: 2921 2714
2306: 3370 3217
2307:
2308:
2309:
2310: 2792
2311: 2728 2543
2312:
2313: 2420
2314:
2315:
2316:
2317:
2318: 2438
2319: 2702
2320: 3256
2321:
2322: 2325
2323:
2324:
2325:
2326: 2326
2327:
2328: 2522
2329:
2330:
2331:
2332:
2333:
2334: 2512
2335:
2336: 2599
2337: 3273
2338:
2339:
2340:
2341:
2342:
2343: 2414
2344: 3224
2345:
2346:
2347:
2348:
2349:
2350: 2815
2351:
2352:
2353: 2786
2354:
2355:
2356:
2357:
2358:
2359:
2360:
2361:
2362:
2363:
2364: 2897
2365:
2366:
2367:
2368:
2369: 2501
2370:
2371:
2372: 2766 2556
2373: 2940
2374: 2437
2375:
2376: 2846
2377: 2742
2378: 2576
2379:
2380: 2466
2381:
2382:
2383:
2384:
2385:
2386:
2387: 3040
2388: 2768
2389:
2390:
2391:
2392:
2393:
2394: 3215
2395:
2396:
2397:
2398:
2399: 2571
2400: 2877
2401: 2685
2402:
2403: 2740
2404:
2405: 2824
2406:
2407: 2800
2408: 3160 3092 2568
2409: 2578
2410:
2411:
2412: 2564
2413:
2414:
2415:
2416:
2417:
2418: 3032
2419:
2420: 2978
2421:
2422: 3274 3139 2977
2423: 2595
2424:
2425:
2426: 3221 2961 2749
2427:
2428:
2429: 2952 2688
2430: 2748
2431:
2432: 2657
2433: 3133
2434:
2435:
2436:
2437:
2438: 3374
2439: 2401
2440:
2441:
2442:
2443: 3154 2530
2444:
2445:
2446: 3175
2447:
2448:
2449:
2450:
2451:
2452:
2453:
2454: 2432
2455:
2456:
2457: 2899
2458:
2459:
2460:
2461:
2462:
2463:
2464: 2565
2465: 3345
2466:
2467:
2468:
2469: 2974
2470:
2471:
2472:
2473:
2474:
2475:
2476: 3054
2477: 2703
2478: 3069
2479:
2480: 2656
2481: 2824
2482: 2649
2483:
2484:
2485:
2486:
2487:
2488:
2489: 2639
2490:
2491: 3268
2492: 2948 2510
2493:
2494:
2495:
2496:
2497: 2709
2498:
2499: 3335
2500:
2501:
2502: 3083
2503:
2504: 3170
2505:
2506:
2507:
2508: 3293 2574
2509:
2510:
2511:
2512:
2513: 3132
2514:
2515: 3281
2516:
2517:
2518:
2519:
2520:
2521:
2522:
2523:
2524:
2525: 2790
2526:
2527:
2528:
2529:
2530:
2531:
2532: 3344
2533:
2534: 3178
2535:
2536:
2537:
2538: 2734
2539:
2540:
2541:
2542:
2543:
2544:
2545:
2546: 2912
2547:
2548:
2549:
2550:
2551:
2552:
2553:
2554:
2555:
2556:
2557: 2906
2558:
2559: 2546
2560:
2561:
2562:
2563:
2564:
2565: 3245
2566:
2567:
2568:
2569: 3070 2586
2570:
2571:
2572: 2772
2573:
2574:
2575:
2576:
2577:
2578:
2579:
2580:
2581:
2582:
2583:
2584:
2585: 3179
2586:
2587:
2588:
2589:
2590:
2591:
2592:
2593:
2594:
2595: 2873
2596:
2597:
2598:
2599:
2600:
2601: 3073
2602:
2603: 3338 2947
2604: 2695
2605: 3122
2606: 2864
2607:
2608:
2609:
2610:
2611:
2612: 3033
2613:
2614:
2615: 2669
2616:
2617:
2618:
2619: 2995
2620:
2621:
2622:
2623:
2624:
2625: 3214 2654
2626:
2627:
2628: 2844
2629: 3208
2630: 3104 2771
2631:
2632:
2633: 2984
2634:
2635: 2813
2636:
2637: 3322
2638: 2883
2639: 3211
2640:
2641:
2642:
2643:
2644:
2645:
2646:
2647: 2915
2648:
2649:
2650: 2945
2651:
2652:
2653:
2654:
2655:
2656:
2657:
2658: 3014
2659: 2812
2660:
2661: 3354
2662:
2663:
2664:
2665:
2666:
2667:
2668:
2669:
2670:
2671:
2672:
2673:
2674:
2675:
2676:
2677:
2678:
2679:
2680:
2681:
2682:
2683: 3247
2684: 3103
2685:
2686:
2687:
2688:
2689:
2690: 3351
2691:
2692:
2693: 3182
2694:
2695:
2696:
2697: 3238
2698:
2699:
2700:
2701:
2702: 3214 2706
2703:
2704:
2705:
2706:
2707:
2708:
2709:
2710:
2711:
2712: 3234
2713:
2714: 2775
2715:
2716: 2913
2717:
2718:
2719:
2720:
2721:
2722:
2723:
2724:
2725:
2726: 3257
2727: 2821 2718
2728:
2729:
2730:
2731:
2732:
2733:
2734:
2735:
2736:
2737:
2738:
2739:
2740:
2741:
2742:
2743:
2744:
2745:
2746:
2747: 3035
2748:
2749:
2750:
2751:
2752:
2753:
2754:
2755:
2756:
2757:
2758:
2759: 3023
2760:
2761:
2762:
2763:
2764:
2765: 2806
2766: 3079
2767:
2768:
2769:
2770:
2771:
2772:
2773:
2774:
2775:
2776:
2777: 2925
2778:
2779:
2780:
2781:
2782:
2783: 2745
2784:
2785:
2786:
2787: 2837
2788:
2789:
2790:
2791: 3143
2792:
2793:
2794:
2795:
2796:
2797:
2798:
2799: 2763
2800:
2801: 3353
2802:
2803:
2804:
2805:
2806:
2807:
2808:
2809:
2810:
2811:
2812:
2813:
2814:
2815:
2816:
2817:
2818:
2819:
2820: 2869
2821:
2822:
2823:
2824:
2825:
2826:
2827:
2828:
2829:
2830:
2831:
2832:
2833:
2834:
2835: 3091
2836:
2837:
2838:
2839:
2840:
2841:
2842:
2843:
2844:
2845:
2846:
2847:
2848:
2849:
2850:
2851:
2852:
2853:
2854:
2855:
2856:
2857:
2858:
2859:
2860: 3216 2996
2861:
2862:
2863:
2864: 3266
2865:
2866:
2867: 3140
2868:
2869:
2870:
2871:
2872:
2873:
2874:
2875: 2983
2876:
2877:
2878:
2879:
2880:
2881: 3320
2882:
2883:
2884: 2975
2885:
2886:
2887: 3327 3199
2888:
2889:
2890:
2891:
2892:
2893:
2894:
2895: 3030
2896: 3107
2897:
2898:
2899:
2900: 3255
2901: 2927
2902:
2903:
2904:
2905:
2906:
2907:
2908:
2909: 3307
2910:
2911: 3376
2912:
2913:
2914:
2915:
2916:
2917:
2918:
2919:
2920:
2921:
2922: 3058
2923:
2924:
2925: 2981
2926:
2927:
2928: 3164
2929:
2930:
2931:
2932:
2933: 3162
2934: 3260
2935:
2936:
2937: 3240
2938:
2939:
2940: 3314
2941:
2942:
2943:
2944: 3126 2953
2945:
2946: 3295
2947:
2948:
2949:
2950:
2951: 2993
2952:
2953: 3288
2954:
2955:
2956:
2957:
2958:
2959:
2960:
2961:
2962:
2963:
2964:
2965:
2966:
2967:
2968:
2969:
2970:
2971:
2972:
2973: 3333
2974:
2975: 2989
2976:
2977:
2978:
2979:
2980:
2981:
2982:
2983: 3060
2984:
2985:
2986:
2987:
2988:
2989:
2990:
2991: 3355
2992:
2993:
2994: 3366
2995: 3232
2996:
2997:
2998: 3115
2999:
3000:
3001:
3002:
3003:
3004:
3005:
3006:
3007:
3008:
3009:
3010: 3212
3011:
3012:
3013:
3014:
3015:
3016:
3017:
3018:
3019:
3020:
3021:
3022:
3023:
3024:
3025:
3026:
3027:
3028:
3029:
3030:
3031:
3032:
3033:
3034:
3035:
3036: 3236
3037:
3038:
3039: 3369
3040:
3041:
3042:
3043:
3044:
3045:
3046:
3047:
3048:
3049:
3050:
3051:
3052:
3053:
3054:
3055:
3056:
3057:
3058:
3059:
3060: 3078
3061:
3062:
3063:
3064:
3065:
3066:
3067:
3068: 3243
3069:
3070: 3197
3071:
3072:
3073:
3074:
3075:
3076:
3077:
3078:
3079: 3294
3080:
3081: 3149
3082:
3083:
3084:
3085:
3086:
3087:
3088:
3089:
3090:
3091: 3373
3092:
3093:
3094: 3177
3095:
3096:
3097:
3098:
3099:
3100:
3101:
3102:
3103:
3104:
3105:
3106:
3107: 3151
3108:
3109:
3110:
3111:
3112:
3113: 3375
3114:
3115:
3116:
3117: 3130
3118:
3119:
3120:
3121:
3122:
3123:
3124:
3125:
3126:
3127:
3128:
3129:
3130:
3131:
3132:
3133:
3134:
3135: 3275
3136:
3137:
3138: 3321
3139:
3140:
3141:
3142:
3143:
3144:
3145:
3146:
3147:
3148:
3149:
3150:
3151:
3152:
3153:
3154: 3145
3155:
3156:
3157:
3158:
3159:
3160:
3161:
3162:
3163:
3164: 3329
3165:
3166:
3167: 3249
3168:
3169:
3170:
3171:
3172:
3173: 3196
3174:
3175:
3176:
3177:
3178:
3179:
3180:
3181:
3182:
3183:
3184:
3185:
3186:
3187:
3188:
3189:
3190:
3191:
3192:
3193:
3194:
3195:
3196:
3197:
3198: 3341
3199:
3200:
3201:
3202:
3203:
3204:
3205:
3206:
3207:
3208:
3209:
3210:
3211: 3252
3212:
3213:
3214:
3215:
3216:
3217:
3218:
3219:
3220:
3221:
3222:
3223:
3224:
3225:
3226:
3227:
3228:
3229:
3230:
3231:
3232:
3233:
3234:
3235: 3354
3236:
3237:
3238:
3239:
3240:
3241:
3242:
3243:
3244:
3245:
3246:
3247:
3248:
3249:
3250:
3251:
3252: 3267
3253:
3254:
3255:
3256:
3257:
3258:
3259: 3343 3248
3260:
3261: 3306
3262:
3263:
3264:
3265:
3266:
3267:
3268:
3269:
3270:
3271:
3272:
3273:
3274:
3275:
3276:
3277:
3278:
3279:
3280:
3281:
3282: 3367 3342
3283:
3284:
3285:
3286:
3287:
3288:
3289:
3290:
3291:
3292:
3293:
3294:
3295:
3296:
3297:
3298:
3299:
3300:
3301:
3302:
3303:
3304:
3305:
3306:
3307:
3308:
3309:
3310:
3311:
3312:
3313:
3314:
3315:
3316:
3317: 3383
3318:
3319:
3320:
3321:
3322:
3323:
3324:
3325:
3326:
3327:
3328:
3329:
3330: 3378
3331:
3332:
3333:
3334:
3335:
3336:
3337:
3338:
3339:
3340:
3341:
3342:
3343:
3344:
3345:
3346:
3347:
3348:
3349:
3350:
3351:
3352:
3353:
3354:
3355:
3356:
3357:
3358:
3359:
3360:
3361:
3362:
3363:
3364:
3365:
3366: 3380
3367:
3368:
3369:
3370:
3371:
3372:
3373:
3374:
