1: 2405 1194 532 505 194 52 3 2 1
2: 327 296 12 5 4
3: 3260 3083 2654 2301 1532 1361 614 72
4: 1414 663 313 292 75 58 6
5: 694 636 595 271 209 136 82 27
6: 3156 3126 2748 2031 1140 571 252 18
7: 262 50 48 8
8: 2746 2246 667 632 238 49
9: 2371 1823 758 405 390 199 120 22
10: 2864 1148 585 465 456 17 16 7
11: 3175 3022 1937 681 155 119
12: 2352 734 345 249 103
13: 1260 652 340 145 23
14: 3090 3025 1629 1132 967 11
15: 2912 2736 96 13
16: 2320 1845 827 237 94
17: 3060 928 171 111 29
18: 862 751 558 47
19: 2880 1770 1290 634 497 379 133
20: 951 544 512 442 137 81 42 30 19 9
21: 2914 2502 2372 1409 28
22: 3050 2942 207 71 66 61 40
23: 2713 2322 699 64
24: 3184 2172 2085 2056 1558 1549 1210 1066 896 691 267 229 34 10
25: 1020 530 143 51 37
26: 2949 2816 2708 2706 2698 2607 2246 2012 1766 1739 1542 1451 1420 1292 1233 1175 1101 986 931 819 802 735 728 667 633 623 542 440 412 380 359 358 302 248 221 127 104 90 57 53
27: 2876 2627 1704 1516 692 468 278 123 15
28: 2816 1766 819 735 542 221 104 21
29: 2437 1145 279 230 206 20
30: 2959 746 647 547 366 256 202 74 67
31: 1739 1542 358 302 90 53 14
32: 2257 2050 1767 988 164 151 38
33: 2368 1152 1059 317
34: 359 248 127 101
35: 1072 982 810 180
36: 3184 979 534 99
37: 989 105 24
38: 2466 2464 1605 1443 1280 1096 923 638 525 476 357 334 59 25
39: 2421 2165 1838 910 622 496 488 427 425 369
40: 2130 1303 989 793 668 264 240 140 31
41: 2093 2003 1259 1158 419 121 26
42: 2474 2285 1319 1037 896 852 691 297 280 147 88 65
43: 611 573 486 196 170 100 32
44: 3227 260 33
45: 2961 2579 2463 2384 2199 2148 1789 1655 1564 1541 1331 1149 1148 830 770 690 585 524 521 507 465 456 426 407 168 106 102 79 35
46: 2093 2061 2003 1917 1687 1553 1158 884 791 541 428 419 388 167 135
47: 963 927 374 235 116 44
48: 2883 2708 2059 1914 1894 1759 1635 1233 1109 1101 989 931 823 648 380 361 208 36
49: 636 595 271 82
50: 2572 1389 225 39
51: 1713 1218 1201 192 176 85
52: 572 339
53: 584
54: 2514 2337 2266 1999 1504 1385 1105 941 790 745 736 695 293 179 158 83
55: 3048 1278 239 149 129 60 46 41
56: 2831 2062 933
57: 148
58: 1099 1055 857 504 348 55
59: 68
60: 3188 2600 2514 2337 1206 643 265 62 45
61: 550 519 395 80 43
62: 2656 2503 2338 2127 1470 1357 1282 752 584 341 316 314 299 78 69
63: 3051 1297 392 318
64: 2034 1988 1584 437 220
65: 2014 1334 783 56
66: 2430 2142 1933 1170 901 849 680 352 224 114
67: 2448 2048
68: 2535 1648 1631 134
69: 2708 2667 2462 2404 2076 1968 1687 1553 1233 1205 1101 931 791 580 380 166 109 93 89 70 54
70: 1842 1416 1183 375 363 76
71: 3110 2463 2199 1655 524 507 87
72: 3294 2503 1940 1840 1682 1282 553 314 299 84
73: 523 411
74: 290 185
75: 1632 281 86
76: 2109 1541 521 106 102
77: 1737 1339 804 759 606 548 508 473 347 210 73
78: 2577 1527 467
79: 1931 581 193 189 113 98 95
80: 3189 2708 1320 1233 1162 1101 1030 931 851 380 93
81: 2061 1917 1189 454 124
82: 2460 2382 1053 246 97
83: 2876 2627 1704 692 468 123
84: 2404 1205 166 89 70
85: 1225 1070 983 651 329 215 197
86: 3025 2462 63
87: 1348 946 325
88: 2046 1441
89: 2371 2240 758 664 656 315
90: 1876 500 186 112
91: 2118 1714 812 483
92: 604 376 91
93: 2945 2883 1914 1242 355 295
94: 2977 2434 2288 1972 1829 1697 1600 1363 1235 1196 1100 913 378 257
95: 2920 2598 2266 1865 941 790 77
96: 2336 767 131 130 122
97: 2256 823
98:
99: 3081 1741 1473 144
100: 2748
101: 1385 1105 736 695 293 156 154
102: 3041 1583 1063 228 205 183
103: 818 628 191
104: 784 385 242 174 107
105: 1891 1775 1752 1558 1549 1494 1040 742 354 212 108 92
106: 579 478 138 126 110
107: 2422 2239
108: 2210 188 142
109: 2657 1733 1727 1038 332
110: 842 322 227
111: 1552 1190 807 732 715 660 211 128
112: 1017 178 115
113: 2698 1420 802 728 412
114: 2566 1842 1669 1244 161
115: 3267 2362 922 901 849 204
116: 1673 836 459
117: 1557 853 671
118: 2056
119: 1929 1393 294 125 117
120: 2456 2369 1793
121: 3175 1937 968 882 372 234
122: 924 527
123: 2573 2476 1134 1029 319
124:
125: 684 182 118
126: 2434 1972 1697 1600 1196 526 139
127: 1471 1147 683 423 198 177 162
128: 2130 880 397 350
129: 1036 474 307 141
130: 3257 3179 2190 675 422
131: 1320 707
132: 3234 2652 2646 1942
133: 1422
134: 233
135: 3075 3065 2985 2940 2764 2094 2079 1982 1535
136: 1522
137: 1618 768 364 346
138: 2949 2714 2607 1716 1558 1549 986 950 782 701 489 480
139: 3298 1558 1549 212
140: 1174 794 615
141: 2228 1935 511 243
142: 2949 2607 986 153
143: 2913 1032 984 132
144: 2727 1538 1000 912
145: 2291 272 268
146: 1783
147: 1446 952 323 157
148: 2762 884 436 173
149: 1965 1792 1071 275 165 163
150: 2478 2047 1965 1588 1052 1019 921 727 722 541 445 288 195
151: 2039 2014 1726 1364 438
152: 2880 2837 2594 2378 1770 1316 1290 1120 634 497 379 201
153: 924 832 527
154: 3303 2847 1833 1799 1777 1536 1349 902 169
155: 1978 190
156: 2961 2347 1854 1331 426 168
157: 3075 2170 1896 1535 901 849 224 216
158: 3184 3175 2586 1937 1385 1210 1105 968 882 736 695 267 245 232 181 172 156 154
159: 3108 1067 203
160: 1225 651 215
161: 1513 1177 333
162: 759 210
163: 2937 1518 640 384
164: 2010 1632 779
165: 2885 2040 877
166: 844 152
167: 1362 854 463 450 386 253
168: 2265 1275 1249 394 146
169: 1265 843 578 491 482
170: 1552 1190 807 732 715 273 226 214
171: 3211 2601 865 556 460 443 326
172: 2911 1109 648
173: 1929 1221 1206 803 711
174: 3047 175
175: 1253 741 187 150
176: 1786 1139
177: 2883 2831 2062 1914 1198 964 955 933 923 525 361 357 334 159
178: 1252
179: 1889 160
180: 3081 2676 2672 1174 987 948 798 794 615 308 300 250
181: 2049 2022
182: 1167 421 258
183: 3097 2934 2102 2037 447 184
184: 2708 1892 1233 1101 931 570 335
185: 3022 1090 431
186: 2126 284
187: 1336 1240 247
188:
189: 2093 2003 1583 1158 419 218 200
190: 616
191: 3248 2125 1664 953 635 565 433 396
192: 2586 1814 591
193: 2270 1799 902 309
194: 2239 2093 2003 1158
195: 896 691
196: 1840 1682 590
197: 2837 2594 2378 2059 1759 1550 1120 677 589 471
198: 3138 2387 1843 1699 1171 831 263 261
199: 2257
200: 653
201: 1737 347
202: 477 213
203: 1528 1507 689 435 305
204: 1871 1231 778 337 304
205: 2565 858
206: 1179
207: 3081 1548 1195
208: 1078
209: 2474 2426 2285 1319
210: 2459 1193 776
211: 1575 1325 1060 1025
212: 1321 833 231
213: 2682 2420 1888 1102 929 662 567
214: 1088 657
215: 2415 2180 1870 1836 1827 1426 1226 795 269
216: 2488 2055 1440 1206 897 387
217: 1138 452 217
218: 389 382
219: 1556 1440 897 805 303
220: 1556 303
221: 2076 1968
222: 2322 1729 815 612
223: 2019 698 566
224: 2796 2391 1594
225: 2240 1479 777 600 219
226: 2342 2115 956
227: 1844 607
228: 3158 2107 343
229: 2540 1928 879 283
230: 3143 1584 1506 1321 1182 833 509 254 236
231: 2403 839
232: 828 747 223
233: 987 266
234: 413 222
235: 1272 244
236: 2748 2229 2138 1979 1505 536 451
237: 1412
238: 2949 2607 2474 2285 1971 1319 852 654 533 280
239: 2404 2052 1344 1205 978
240: 2676 2672 2404 1205 798 646 391
241: 1451 1292
242:
243: 2618 1519 687 291
244: 1661 1084
245: 2714 1618 1134 768 480 364 346 274
246: 796
247: 3313 301
248: 1484 1106 848 551 365
249: 1951 1903 1879 723 639 583
250: 1787 1345 444 241
251: 1492 717 602 503 377 321 286
252: 2640 1690 1097 808
253: 3181 2426 610
254: 1755 1355
255: 821 282 255
256: 410 394
257: 3117 3046 792 457 383
258: 543
259: 311
260: 2694 2287 1315 1250 424
261: 1430 1243 538 479 441 277 251
262: 495
263: 2931 2516 2251 2081 1486 368
264: 763 601
265: 541
266: 3298 1410 1137
267: 1751 1422
268: 2138 1979 259
269: 515
270: 2306 449
271: 606 508 473
272: 666
273: 2587 2203 1853 1809 618
274: 1663 1515 356
275: 2519 1161 624
276: 3220 2566 1669 1244 841
277: 2308
278: 3095 1151 1114 498 276
279: 2198 2190 1716 869 861 743
280: 2125 516
281: 3051 2614 1042 1027 659 453
282: 2276 1493 817 312
283: 1641 1584 873 649 490 287
284: 3294 1940 553
285: 2144 588 338
286: 1368 665 306 270
287: 884 428 388
288: 2604 2066 1874 1057
289: 3140 2716 800 784 749
290: 1934 1794 894 625
291: 2162 1407
292: 2214 959 336
293: 3260 688 560 458
294: 2871 731 402 353
295: 2188 1856 962
296: 2457 2024 1801 349
297: 324 298
298: 2837 2594 2378 1120 370
299: 755
300: 3090 2854 2574 2360 2139 1192 837 367
301: 2649 1758 1307 811
302: 3183 2776 2479 2363 2041 1975 1095 1013 936
303: 3233 2095
304: 1986 1817 1802 1603 1500 1488 725 493
305: 2557 2333 1779 990 705
306: 2297 2196 1855 1810 1459 1445 1187 1089
307: 3090 2139 1192 837 528
308: 2525 1381 484
309: 331 310 289
310: 2683 1085 904
311: 440
312: 2785 2011
313: 1338 414 285
314: 2639 1222
315: 1220 582 464 398
316: 3123 2576
317: 2098 1628 1310 537 510
318: 2847 1777 1536 1366 1349 834 569
319: 2415 1870 1836 713 574
320: 2270 434
321: 2151 2093 2003 1904
322: 2066 1874
323: 3096 1812
324: 2849 1045 564 502 475
325: 3293 3119 481
326: 2278 632 320
327: 2497
328: 3184 2705 2411 1569 1408 1283 1079 881 555
329: 3263 2110 2063 980 522
330: 1325 1060 642
331: 2785 2011 1732
332: 3065 2985 2940 2705 2079 1982 330
333: 1567 1466
334: 1573 709 702
335: 1588 722 328
336: 2731 2008 540
337: 1642 415
338: 1039 619
339: 2358 2195 1787 1345 629
340: 1668 455
341: 965
342: 1986 1500
343: 2980 2155 448
344: 2997 2347 2300 1935 1854 1610 1359 1082 576 511
345: 1489 1372 1197 1010 874 787 631 351
346: 2460 2382 2133 1812 1692 1238 934 601
347: 3116 2914 2502 2451 2372 1409 446
348: 2460 2382 2354 1823 1053 641 418
349: 3294 2269 856
350: 2986 2897 2284 630 605
351: 1971 654 533 406
352: 3160 2374 2371 758 656
353: 2996 1873
354: 2969 1288
355: 1337 401
356: 2735 2456 2332 1949 1614 1584 771 535 342
357: 2421 1838 496 488 427 425
358: 2946 2069
359: 3303 2504 2098 1833 1628 1310
360: 947 689
361: 2590 2453 2182 1391 880
362: 850 469
363: 1634 1386 403
364: 2683 1826 871
365: 2705 2269 1408 856 555 344
366: 3070 1820 1018 593
367: 3242 2255 429
368: 866
369: 3264 2783 1623 1286 970 587
370: 1198 964 955 562
371: 439
372: 2303 1425
373: 719 393 371
374: 2529 432 373
375: 3293 362 360
376:
377: 2669 575
378: 1716 950 782
379: 3242 2429 2346 2255 1824
380: 3175 2624 1937 1594 673
381: 682 554 461
382: 3199
383: 3178 2868 2217 939
384: 669
385:
386: 3048 2937 1518 1278
387: 2844 2345 906 756
388: 2516 1929 878
389: 1399 400
390: 2967 381
391: 2577 2387 1527 831 774
392: 2117 1884 954 714
393: 2845 1792
394: 1339 804
395: 1366 834 650 531 408
396:
397: 2175 764
398: 2250 760 499 492
399: 1995 911 557
400: 2490
401: 3178 2868 2217 2193 1985 1353 686 594 466
402: 696
403: 1248 529 416
404: 1146
405: 1956 1122
406: 3068 1266
407:
408: 1526
409: 2643 1229
410: 2415 1870 1836 574
411: 766
412: 1373 799 420
413: 3110 2277 997 985
414: 3172 599 501
415: 1337 1214 1070 983 744 462 404 399
416: 1516 1355 940
417: 2837 1128 472
418: 3003 2472 2045 1996 1092
419:
420: 919
421: 1929 884 577
422: 1049 621 546
423: 2699 1748 1730 1056 409
424: 1456 520
425: 3310 2826 2527 2132 2106 1712 1440 897 805
426: 1737 1280 470
427:
428: 2887 2033 1137 1094 919 485
429: 3280 2988 2548 2013 1880 1584 1508 730 494
430: 2131 1981 1133 506
431: 1394 789
432: 1166
433: 2152 1306
434: 1875
435: 1378 1291 1230
436: 2167 1016 645
437: 2351 1077
438: 2583 1143 814 417
439: 592
440: 3083 2654 1532 598 559
441: 2634 864 748 700 670
442: 703 430
443: 3285 2532 1861
444: 2483 2458 626
445: 1939 1675 1400 1367 809
446: 2852 1501 1285 545
447: 2305 1406 1311
448: 3159 2193 2174 1985 563
449: 1615 568
450:
451: 1234
452: 3303 1833
453: 945
454: 3261 1300 1107
455: 1778 1561 1261 1186 1080
456: 1494 1040 742
457:
458: 2435 1948 1811 842 487
459: 2348 918
460: 1791
461: 3004 1555 1021 597
462: 2753 1173 539
463: 1925 1849
464: 1472
465:
466: 2795 2753 2016 1822 1415 1173 1015 693
467: 2351 1121 1006 806
468: 3110 513
469: 2746
470: 2591 1336 1276 1240 801 518
471: 2008 765
472:
473: 2790 1709 1333 949
474:
475: 2753 2384 2148 1789 1149 830 770
476: 2639 859 596
477: 2887 1168 957 674 514
478: 2576 761
479: 2193 2149 1985 1858 1353 1129 686
480: 1546
481:
482: 3018 3002 2634 2412 2313 2096
483:
484: 1259
485: 2959
486: 1584
487: 2613 2244 998 813
488: 3153
489: 3203 3059 2585 1983
490: 2276 1493 1462 1155
491: 2881 2132
492: 721
493: 3041 1063
494: 3214 1103 780
495: 2969
496:
497: 2493 1630 1050 724
498: 2066 1874
499: 2629 2221 2138 1979 1517 1099 1055
500: 3251 2494 2316 1340 1273
501: 1184
502: 2358 2195 1170 680
503: 3142 2492
504: 1075
505: 1679 603
506: 2043 1887 1298
507: 2053 552
508: 2991 2400 2334
509: 2153 1938 824
510: 1719
511: 1647 1490 917 903
512: 2015 1154 893 781 620
513: 1131
514: 2648 1274 561
515:
516: 2377 1919 726 627
517: 2573 2476 1029
518: 3273 2842 2271 2183 2060 1986 1500 772
519:
520: 3191 2979 2501 2122 816
521: 1355 947 940 517
522: 2478 1052 921
523: 1813 1401 549
524: 1355 1224 960 891 890
525: 1901
526: 3220 2651 2116
527: 1436
528: 2778 2621 1424 1161
529: 2410 1780
530: 3110 2924 1387
531: 3306 2021 1587 1178 1047 586
532: 838
533:
534: 2146 608
535: 2955 2087
536:
537:
538: 1003
539: 3282 1463
540: 3263
541: 3138
542: 3022 2832 1450 937
543: 2768 1547
544: 2188 2084 1856 1098 716
545: 2735 2673 1614 1477
546: 2771 899
547: 2493 2167 2089 1630 1339 1202 1050
548: 676
549: 2068
550: 2872 2133
551: 2561 993 914 678
552: 2983 2453 1578 1444 1308 637
553: 1692 1238 934
554: 2399
555:
556:
557: 1848 1813 1736 1401 1024 679 609
558: 3078
559: 3305 2834 1206 711
560: 729
561: 2527 2106
562: 1347 1322
563: 2675 1651
564: 3011
565: 2517 2178 1797
566: 2776 2479 2363 1095
567: 1384
568: 2170 1896 1309
569: 2054 1457
570: 3172 1483 898 892
571: 1978
572: 3001 2069
573: 1528 1507
574: 1524
575: 1199 658
576: 2597 2252 1647 1175 917 903
577:
578: 2666 2608
579: 2029 1966 1115 644
580: 1374
581: 2842
582: 1035 672
583: 2227
584: 2725 1246 994
585: 3251 3064 2871 1340 1260
586: 1490
587: 769 613
588: 3293 1112 868 826
589: 1763 820 710
590: 2764 2094 1993 1126
591:
592: 3000 2864 617
593: 3212 775
594: 1996 1417
595: 1572 855
596: 905
597:
598:
599: 1011
600: 1321 697
601:
602:
603:
604: 1124 992 661
605: 2132 757
606:
607: 2151 1087 996 975
608: 2308 942
609: 1478 900 785
610:
611: 1693 888
612: 1026
613: 2511 1718 1638 909 797 786 706
614: 2186 1267
615:
616: 3306 1104
617: 2450 932
618: 1419
619:
620: 3050
621:
622: 708
623: 889 655
624: 2298
625: 1528 1507 1142
626: 2063
627: 3188 1447 1117 685
628:
629: 3259 2224 2179 1627
630:
631: 1579
632: 1805 762
633:
634: 1987 935
635: 3265 1482 1083 966
636: 3193 1645 1540
637: 2556 2523 2324 1119
638:
639:
640: 1806 943 829
641: 1270
642: 1800 1091 867
643:
644: 1163
645: 1284
646: 3002 753
647: 3251 1340
648: 2488 2055 886 773
649: 1246
650: 3211 958
651: 2450 1814 1123 932 920
652: 2059 1759
653: 2912 2736
654: 2083 2077
655: 2386
656: 1188 872 740
657: 1962 887
658: 2989 1176
659: 1116
660: 2979 2501
661: 883
662: 1497
663: 1376
664: 1839
665: 2781
666: 1328 1014
667: 1510
668: 2914 2502 2372
669: 2189 1232
670: 2804 2411 1569 1283 1079 718
671: 3133 2628 2288 1915 1890 1363 1100
672: 704
673:
674: 2728
675: 2772 1111
676: 3125 2959 2472 2045 1081
677: 1958 1164 720
678: 3064 1586
679: 1573 1389 712
680:
681: 2044 738
682: 3156 2031 1140
683:
684: 3117 3046 1207 916
685: 2424
686: 2347 1854 1610 1359 1082
687: 835
688: 2656 2459 1193
689: 3137 2897 2591
690: 3302
691: 3142 2272 1352 1263
692: 1051
693: 875 754
694: 3001 1609 1498 1130 1023
695:
696: 2314 860
697: 2278 971 733
698:
699:
700: 1160 973
701:
702: 1216
703: 2256 1141
704: 847
705: 2346 1827 1426 1226 795 788
706:
707:
708: 1787 1295
709: 2951 1279 1245 737
710:
711: 2829 2579 2245 991
712: 2449
713: 2910 2026 1185
714: 1750 1065
715: 2591
716: 1711 1009
717: 974
718: 3202 2231
719: 2492
720: 3189 1162 1030 851
721:
722: 2393
723: 1698
724: 2869 2173 1963 1746 846
725: 3239 2072 1281 938
726:
727: 2310 1738 1589 1215 750
728: 2640 2562 1690
729: 1661 1312 739
730: 1571 1058
731: 2550
732:
733:
734: 1848 1024
735:
736:
737: 1264
738:
739:
740: 3052 2156 1007
741:
742: 2503 1223 961 944 870
743: 2014 1334
744: 977 825
745: 1093
746: 976
747: 1602
748: 2129 2075
749: 3075 1535
750: 2942 1808
751: 2291 1068
752:
753:
754:
755: 1377 1004
756: 2595 1613
757: 2592 1046
758: 1918 1596 1523
759: 2669 1946
760: 2971 1074
761: 1667 1054
762:
763: 1383
764: 2213
765: 2432 845
766: 2316
767: 1413
768:
769:
770: 2204 2025 1749 1237
771: 1676 1360
772: 3295 3247 3242 2950 2255
773: 2779
774: 1153
775: 3041 2804 822
776: 2740 2454
777: 2680 1537 905
778: 2932 2030
779: 2081
780: 2317
781: 2710
782: 2198 972
783: 3049 2082
784: 2858 1761
785:
786: 3159 1846
787: 2419 1653 1219 1005
788: 3239 2072 1258
789: 2204 1725
790:
791: 1959
792:
793: 1125
794: 3194 2226
795: 2811 1438
796:
797:
798: 1044
799: 2710 1867 1580
800: 2673 1477 1268
801:
802: 2700 2496 1974 1212
803: 2158
804: 2916 1798 1565 1341
805: 1453 1022
806: 1327
807: 1064 840
808:
809: 3228 2819 1474
810: 2119 1503 1423
811: 3310 3144 2826 1712
812: 2877 908
813: 2346
814:
815: 2878
816: 1924
817: 3017 1434 1156
818: 3178 2856
819: 2544
820: 2953 2722 1001
821: 3220 2651 1062
822: 2546
823: 1656 1574
824: 2981
825: 2993 1356 1293
826: 1329 999
827: 2191 895
828: 3263 1597 1343
829:
830:
831: 2116
832:
833: 885
834: 2896
835: 2553 2262
836: 2160
837: 2934 1299 876
838: 3278 3217 2506 2005
839:
840: 2792 1086 863
841: 1781 1323 1144
842: 2916 1118
843: 2830 2741
844: 1087 975
845: 3161 2552 2536 1772
846:
847: 1568
848: 3058
849: 3091 2942 907
850: 2941 1636 930
851: 2875 2706
852: 2101
853: 2560
854: 1831 1705 1034 969
855: 1012
856:
857: 3109 2315 2092
858: 2803 1033
859:
860: 2849 2550 1045
861: 2228
862: 1702 1525 915
863: 3260
864: 1894 1635 1181
865: 3311
866: 2205 1061
867:
868:
869: 2436 1806 1269 1113
870: 1916
871: 1563
872: 3009 1545 1217
873: 1435 1296
874: 2629 2221 1487 1191
875:
876: 2130
877: 2848 1304
878:
879: 2540 2020
880: 2395
881: 3274
882: 926
883: 1271
884: 1672
885: 3110 2808 2222
886: 1667 1204
887: 1454 1254
888:
889: 1076
890: 1898 1330 925
891: 3158
892: 1370
893: 1043
894: 2413 1703
895: 2316 1273
896: 2069
897: 1127
898: 1517 995
899: 2586 1136 1041
900: 1694 981
901:
902: 1996 1417 1159
903:
904: 2505
905: 2775
906: 3239 1332
907: 3197 1607
908:
909: 1900 1180
910:
911: 1257
912: 2100 1677
913: 2836 1973
914:
915: 2187 2065 1514 1379
916: 3229 3210
917: 2725 2175 1433 1326 1228
918: 2665 1808 1512
919:
920: 2816 2810 1990 1766
921: 2852 1501 1285
922: 3195 3125 2742 2534 2401 1841 1213
923: 1862 1626
924:
925:
926: 2755
927:
928:
929: 1590 1241
930: 2465 2407
931: 1760
932: 1753
933: 3201 2820 2341
934:
935: 2520
936: 2365
937:
938: 1468 1342
939: 2707 1657 1577 1511 1031 1002
940: 2130 1303
941:
942: 1320
943: 2634
944:
945: 2982 1354
946: 2034 1701
947: 3212
948: 2234 2018 1496
949: 2650 1236
950:
951:
952: 2617 1411 1313
953: 1877 1830
954: 2617 1008
955:
956: 1371
957:
958:
959: 2936 2201
960:
961: 3004 2581
962: 1728 1650 1302
963: 1529 1150
964: 2642
965:
966: 3291 1464 1028
967: 2694 2287
968:
969:
970: 2312 2161
971:
972: 3280 2977 2913 2548 1880
973: 3306 3158 1980 1612 1135
974: 3150 1491 1073
975: 2788 2166
976: 3002 2758 2533
977: 1048
978: 1784
979: 1410
980:
981: 1742
982:
983: 2078
984: 3266 1069
985: 2731 1432 1350
986: 3103 1814
987: 2734
988:
989: 1593
990: 1868 1734 1289
991: 1324
992: 1421
993: 3185 3062 2413 1715 1703
994:
995: 2692
996:
997:
998: 3221
999:
1000: 2373 2091
1001: 1769 1592 1585
1002: 2007
1003:
1004: 3261 1622 1390
1005: 2781 2427 1461
1006: 1865 1287 1239
1007: 3065 2985 2940 2079 1982
1008: 1828
1009: 2526 1852 1404
1010: 1956 1209
1011:
1012:
1013: 2036 1955 1475
1014: 1863
1015: 2658 1480
1016: 2621 1424
1017:
1018:
1019: 1795
1020: 2154
1021: 1995
1022:
1023: 3091 2610 1835
1024: 3160 2374
1025: 1430
1026: 2584
1027:
1028: 2289
1029:
1030:
1031: 2529
1032: 2512
1033: 3291
1034: 2765 1644 1398
1035: 3304 2469 1448
1036: 2537
1037: 1108
1038:
1039: 3184 2893 2470 1210
1040: 2840 2058 1908 1907 1747 1662 1599
1041: 2669 1946
1042:
1043: 2134 1660
1044: 1681
1045: 1255
1046: 2984 2802 1837
1047: 2409
1048: 2432 1476
1049:
1050: 2034 1165 1110
1051:
1052: 1710
1053: 2774 1847 1403
1054:
1055:
1056: 2213 1606
1057: 2851
1058:
1059:
1060: 1782 1499
1061:
1062: 2301 1361
1063:
1064: 2587 2203
1065:
1066: 1954
1067: 1530
1068:
1069: 3174 1157
1070: 1882 1427 1405
1071: 1964
1072: 2219 2143
1073: 1200
1074: 3029 2351
1075:
1076:
1077: 1976 1859
1078: 3305 2834
1079: 1598 1346
1080: 1256
1081: 1688
1082: 3246 1832 1818
1083:
1084:
1085: 1203
1086: 1908 1662 1599
1087:
1088:
1089:
1090: 1604 1172 1169
1091:
1092: 3122 2230
1093: 2751 1601
1094: 3234 2646 1942
1095: 2752
1096:
1097:
1098: 1442
1099:
1100: 2422
1101:
1102:
1103:
1104: 2931 2251 1486
1105: 2015 1208
1106:
1107:
1108:
1109:
1110:
1111: 1720 1227
1112:
1113: 1531 1429
1114:
1115:
1116: 2197 1317
1117: 1425
1118: 2539
1119: 1211
1120: 1721 1485
1121: 2249
1122:
1123: 1803
1124:
1125:
1126:
1127:
1128: 3123
1129:
1130: 2504
1131:
1132:
1133:
1134: 1294
1135:
1136:
1137: 3253 1314
1138: 2596 2164 1481
1139: 2747
1140: 2671 1689
1141: 2839 2323 1559
1142: 2238 2216
1143: 2425 2254
1144: 2729
1145: 2176 1678
1146: 2309 1881 1744 1251
1147:
1148: 3027 2901 2150
1149: 3005 2051
1150: 3200 1691 1428
1151: 2767 2220 1351
1152:
1153: 3147 1439
1154: 1928
1155:
1156:
1157: 1864 1396
1158: 3203 3059 2585 2024 1983
1159: 2486 1921 1544 1277
1160: 2200
1161: 2623 1369 1365
1162: 2558
1163: 1375 1247
1164:
1165: 2967
1166: 1520
1167:
1168:
1169:
1170: 3177 2745
1171: 1415
1172:
1173: 2958
1174:
1175: 2343 2104
1176: 1845 1437
1177: 1947
1178: 3274
1179:
1180: 1576
1181:
1182:
1183:
1184: 3224 1301
1185: 2002
1186: 1757 1723
1187: 1595
1188:
1189:
1190: 1502
1191: 1318
1192: 2121 1262
1193: 3312 2750
1194:
1195:
1196: 1954
1197: 1551
1198: 3092
1199: 2922 1388 1382
1200: 2359 1911
1201:
1202: 3045
1203: 1883
1204: 3180 3141 3020
1205: 2978 1886 1684
1206: 3068 1815
1207: 1685
1208: 2453 1578
1209: 2344
1210: 3121 2090
1211:
1212: 1543
1213: 1582 1581
1214: 3206 3029 1764
1215: 2535 1513
1216:
1217:
1218: 2789
1219: 3273 2814 2271 2183 2060 1335
1220: 1695
1221: 3298 1380 1305
1222:
1223: 2547 2259
1224: 3087 3077
1225:
1226:
1227: 2272
1228: 1560
1229: 2967 2806
1230: 2354 1392
1231: 2763 1431
1232: 2184
1233: 1534
1234: 1449
1235:
1236: 3063 2616
1237: 2088
1238: 3202 3022 2231 1860
1239: 3125
1240: 3049 2034
1241:
1242:
1243:
1244:
1245: 2471
1246: 1816
1247:
1248:
1249:
1250: 2328
1251: 2194
1252: 3157 2917 2702 2569 1469
1253:
1254: 2965 1539
1255: 3076 2921
1256: 2572
1257: 1740 1665
1258: 2932 2209 2145 1566
1259: 1554
1260: 2543
1261: 2379 2074
1262: 2215 2192
1263: 3005 2818 2503 2228 1930
1264: 1495
1265: 2993 1902 1857
1266: 1358
1267: 2349 1680
1268:
1269:
1270: 2071
1271:
1272:
1273:
1274: 1562
1275: 3096
1276: 3248
1277: 2662 2212
1278: 1872
1279: 3085 1674
1280:
1281: 2977 2952 2293 1774
1282: 1718
1283: 2589
1284: 2344
1285: 2296
1286: 2684
1287: 3138
1288: 1773
1289: 1967
1290: 2823 1402 1397
1291: 2978 1395
1292:
1293:
1294: 2881 1418
1295:
1296: 3250
1297:
1298: 1834
1299: 1640
1300: 3243 2661 2620 2327 1455
1301:
1302:
1303:
1304: 1980 1612
1305:
1306: 1998 1785
1307: 1741
1308:
1309: 3289
1310: 2972 1762 1756
1311:
1312: 1619
1313: 2966
1314:
1315:
1316:
1317:
1318: 2023
1319:
1320: 1570 1452
1321: 1700
1322: 2521
1323: 2299
1324:
1325: 3248 1997
1326:
1327: 3155 1465
1328: 3102 2505 2495 1893 1608
1329: 3207 1895
1330: 2147 1617
1331: 3212
1332: 3015 1460
1333: 2691
1334: 3112
1335: 1696
1336: 2467 2353
1337: 2882 2545
1338: 1817
1339: 2964 2541 2098
1340:
1341:
1342: 3047
1343:
1344:
1345: 3085
1346:
1347: 3182 2330 1458
1348:
1349: 1910
1350: 3056 1683
1351: 3234 2811 2646 1942
1352:
1353: 1742
1354: 2010
1355:
1356:
1357: 1611
1358: 3133 2628 1915 1890
1359:
1360: 2768 2099 1637
1361: 2554
1362: 2782 1670
1363:
1364: 2870 2279 1467
1365: 3294
1366:
1367: 3149
1368:
1369: 2894
1370:
1371:
1372: 2559
1373:
1374:
1375: 3081
1376:
1377:
1378:
1379: 1625
1380: 3268
1381:
1382: 2837 2114
1383: 2755
1384: 2685
1385:
1386: 3243
1387:
1388: 3154 3136 2181 1821
1389:
1390:
1391: 3159
1392: 2920 2598
1393:
1394: 2943 2770 2028
1395: 2477
1396: 1953
1397: 2951
1398: 3148 3104 1788 1509
1399: 2557 2333 1779 1591
1400: 1621
1401:
1402: 2274
1403: 2484 1717
1404:
1405:
1406: 2494 1751 1743 1521
1407: 3170
1408: 2994
1409: 2485 1866
1410:
1411:
1412: 2946
1413: 1804
1414:
1415: 2386
1416: 3061 3058 1533
1417: 1654
1418:
1419:
1420:
1421: 3204
1422:
1423:
1424: 1885
1425:
1426:
1427:
1428:
1429:
1430:
1431:
1432: 2423 1984
1433:
1434: 2647
1435: 1652
1436: 3295 3247 2950 2312 2161
1437: 1796
1438: 1851
1439: 3161 2552
1440:
1441: 1724
1442:
1443:
1444: 2963
1445:
1446:
1447: 2565 2321 2001
1448:
1449: 2396 1754 1706
1450: 1616
1451:
1452: 1909 1639
1453:
1454:
1455:
1456:
1457:
1458:
1459:
1460: 2064
1461:
1462: 2009
1463:
1464: 1633
1465:
1466:
1467:
1468:
1469: 3074 1945
1470: 2233
1471: 3186 1686
1472:
1473: 2978 2426
1474:
1475:
1476:
1477: 1666 1643
1478: 2991
1479:
1480:
1481: 1913 1897
1482:
1483: 1646
1484:
1485:
1486: 2209 2145
1487:
1488: 1941
1489: 2969
1490:
1491:
1492:
1493: 2277
1494: 1768
1495: 2947 2737
1496:
1497: 1722
1498: 3073 2718
1499: 2491
1500:
1501: 2662 2212
1502:
1503: 2597 2252
1504: 2394 2263
1505: 2575
1506: 2733 2381 1649
1507:
1508: 1765
1509:
1510:
1511:
1512: 3173 1708
1513: 2207
1514:
1515: 2108
1516: 1659
1517:
1518: 2408 1944
1519:
1520: 3284 2286
1521:
1522: 1936
1523: 2290
1524: 1807
1525: 2267
1526: 1731
1527:
1528:
1529: 3034
1530: 1658 1620
1531:
1532:
1533:
1534:
1535: 1624
1536:
1537: 3086 2960 2653
1538: 1745
1539: 2355
1540: 2993
1541: 1920
1542:
1543:
1544: 2972 1762 1756
1545: 3235
1546:
1547: 3148
1548:
1549:
1550:
1551:
1552:
1553: 3102
1554:
1555: 3093 2801 2509
1556:
1557: 2265 1671
1558: 2641 2596
1559:
1560: 1819
1561: 3227
1562:
1563: 2027
1564:
1565:
1566: 3078
1567:
1568: 1952
1569: 2443 2258
1570:
1571: 3113 2398 1922
1572:
1573:
1574: 2827
1575: 2235 2128
1576:
1577:
1578: 2499
1579:
1580: 2976
1581:
1582:
1583:
1584: 2759 2417 1992
1585: 2697
1586:
1587:
1588:
1589: 2974 2542
1590: 2685
1591: 2679
1592:
1593: 3095 2975
1594: 3180 3020 2225
1595: 2813
1596: 2938 2510 1977
1597:
1598:
1599:
1600: 1707
1601: 1960
1602: 2518 1735
1603: 1790
1604:
1605:
1606: 2464 1991
1607: 3082
1608: 2612
1609: 2888 2073
1610: 2631 2431
1611: 3018 2412
1612: 1850
1613: 2591 2560
1614: 3223 3169
1615: 3280 2973 2570
1616: 3214
1617:
1618:
1619:
1620:
1621: 2531
1622: 2264 1932
1623:
1624: 3147 2475
1625:
1626:
1627:
1628:
1629: 2879
1630: 2614
1631:
1632:
1633: 3043 2918
1634: 2884
1635: 2070
1636:
1637: 2987
1638: 2466
1639:
1640:
1641: 1926
1642:
1643:
1644:
1645: 2123 2004
1646: 2688
1647: 2771
1648:
1649: 2038
1650: 2241
1651:
1652: 1776
1653: 3298
1654:
1655: 2970
1656:
1657: 3287
1658:
1659:
1660:
1661:
1662: 2929 2776 2112
1663: 1906
1664:
1665:
1666:
1667:
1668:
1669: 2397 1899
1670:
1671: 3223 3169
1672: 2113
1673:
1674:
1675: 2578
1676:
1677: 2389 1771
1678:
1679:
1680: 2473
1681: 2435
1682:
1683:
1684:
1685: 2515
1686: 2801 2509
1687: 3164 2097
1688: 2821
1689:
1690: 2943 2770 1872
1691: 2361
1692: 1943
1693:
1694:
1695:
1696:
1697: 2218
1698:
1699: 2086
1700: 2124
1701: 2655
1702: 2169
1703:
1704:
1705:
1706:
1707: 2519
1708:
1709: 2939 2438
1710: 1970
1711: 2909 2719
1712: 2452
1713:
1714: 3146
1715: 3080
1716:
1717:
1718:
1719: 3007 2157
1720:
1721: 2846
1722: 2159
1723: 2903
1724:
1725: 3231 2726 2376
1726: 2999 2487
1727:
1728: 2141
1729: 2605 1825
1730:
1731:
1732: 2804
1733:
1734:
1735: 3031
1736:
1737: 2311 1878
1738: 2851
1739:
1740: 2898
1741: 3287
1742:
1743: 2821
1744: 2304
1745: 2340
1746:
1747: 2035
1748:
1749: 3054 2223 1927
1750:
1751:
1752: 2797
1753:
1754: 2693
1755: 2619
1756: 3171 2318 2140
1757: 3232
1758:
1759: 3230 2109
1760:
1761:
1762:
1763:
1764:
1765:
1766:
1767:
1768: 1869
1769: 1950
1770: 3010 2551
1771:
1772: 2480
1773: 1969
1774:
1775:
1776:
1777:
1778: 2238 2216
1779:
1780:
1781: 3270
1782: 2784 2455
1783:
1784:
1785:
1786:
1787: 3140 2275 2080
1788: 3176 2867
1789: 2713
1790: 2670
1791:
1792: 1912
1793:
1794:
1795: 2507
1796: 1905
1797: 2717
1798:
1799: 2865 2720
1800: 2440
1801:
1802:
1803:
1804: 3256 1957
1805:
1806: 2137
1807:
1808: 2335 2247
1809:
1810:
1811: 3032
1812: 3053
1813:
1814: 2849
1815:
1816:
1817: 2805 2006
1818:
1819: 2779 2103
1820: 2968
1821:
1822: 2232
1823:
1824:
1825: 3269
1826:
1827: 3283
1828: 2892
1829:
1830:
1831:
1832: 3038 2567
1833: 1923
1834: 2425
1835:
1836: 2732
1837: 2895 2633 2439
1838:
1839:
1840: 2135
1841: 2723 2690
1842:
1843: 2761 2248
1844: 2292
1845:
1846: 2416
1847:
1848:
1849: 2117
1850:
1851:
1852:
1853: 2702
1854:
1855: 1994
1856: 3103
1857:
1858: 2260
1859: 3297
1860:
1861:
1862: 3216 2017 1961
1863:
1864: 3166
1865: 2564
1866: 2903
1867:
1868: 2282
1869: 2796
1870:
1871:
1872:
1873:
1874:
1875:
1876:
1877:
1878:
1879:
1880: 3016
1881: 3167 1989
1882: 3088
1883:
1884: 2339
1885: 2609
1886:
1887:
1888: 3008
1889:
1890:
1891: 3014 2919
1892:
1893: 2812
1894:
1895:
1896:
1897: 2862
1898:
1899:
1900:
1901:
1902:
1903: 2168 2000
1904: 3055 2295
1905: 2743
1906: 2793 2500
1907:
1908:
1909:
1910: 2974 2611
1911: 3303
1912:
1913:
1914:
1915: 2326
1916:
1917: 3190
1918: 2630
1919: 3236
1920: 2808 2222
1921:
1922: 2998
1923:
1924:
1925: 3032 3028 2236
1926:
1927: 2556 2523
1928:
1929: 3013
1930: 2678
1931:
1932:
1933:
1934:
1935:
1936:
1937:
1938: 2325
1939:
1940:
1941: 2915
1942: 3206
1943: 3039 2208
1944:
1945:
1946: 2057
1947: 3270 2042
1948: 2442
1949:
1950: 2780
1951: 2508
1952: 2364
1953:
1954:
1955:
1956: 3279 3275 2857
1957:
1958: 2163
1959: 2297 2196
1960:
1961: 2273
1962:
1963: 2481
1964: 2032
1965:
1966:
1967:
1968:
1969:
1970: 2877
1971:
1972: 2522
1973:
1974: 2468 2243
1975:
1976: 2824
1977: 2329
1978: 3105
1979: 2067
1980:
1981: 2185
1982:
1983:
1984:
1985:
1986:
1987:
1988: 2911 2171
1989:
1990:
1991: 2615
1992: 3238 2739
1993:
1994: 2900 2817
1995: 3071
1996:
1997: 2391
1998:
1999:
2000: 2105
2001:
2002:
2003: 2876 2627
2004:
2005:
2006:
2007: 2845
2008: 2136
2009: 2120
2010:
2011: 2850 2792 2177
2012: 2111
2013: 2350
2014:
2015: 2482
2016: 2962 2366
2017:
2018: 3286 2606
2019: 2798
2020:
2021:
2022: 2576
2023:
2024:
2025:
2026: 2357 2261
2027:
2028: 2830
2029:
2030: 2461
2031:
2032: 3165 2886
2033:
2034:
2035: 2433
2036: 2375
2037:
2038:
2039:
2040:
2041:
2042: 3279 3275 2211
2043: 2331 2268
2044:
2045: 3242
2046:
2047: 2202
2048:
2049:
2050:
2051: 2863
2052:
2053:
2054:
2055:
2056:
2057:
2058:
2059:
2060: 2850
2061:
2062:
2063: 2644
2064:
2065:
2066:
2067:
2068:
2069:
2070:
2071:
2072: 2721 2302
2073:
2074: 2253
2075:
2076:
2077:
2078: 2677 2530
2079: 3280 3007
2080: 2843
2081: 2800
2082:
2083: 2392
2084:
2085:
2086: 3030
2087: 2807
2088:
2089:
2090: 3021 2549
2091:
2092: 3024
2093:
2094: 2659
2095:
2096: 3128
2097: 2593
2098: 2895 2840
2099: 2757
2100:
2101:
2102: 3262
2103:
2104:
2105: 2553
2106:
2107:
2108:
2109:
2110: 2307 2294
2111:
2112:
2113:
2114: 2489
2115:
2116:
2117: 3210
2118:
2119:
2120: 3196
2121:
2122:
2123: 3144 2696
2124:
2125:
2126: 3257 3179
2127:
2128:
2129:
2130: 2935 2588 2356
2131: 2855 2681
2132: 3006
2133:
2134:
2135: 2701
2136:
2137:
2138:
2139: 3162 2956 2954 2206
2140: 3276
2141:
2142:
2143:
2144: 3114
2145:
2146:
2147:
2148: 2319
2149: 2822
2150: 2445
2151:
2152:
2153: 2897 2715 2630
2154:
2155: 2428
2156:
2157: 2769 2242
2158: 2444
2159:
2160: 2875
2161: 3314
2162: 3035
2163: 2237
2164: 2441
2165: 2563
2166: 2455
2167: 3044
2168: 2283
2169:
2170:
2171: 3180 3020
2172:
2173: 2864
2174: 2280
2175: 3237
2176:
2177:
2178:
2179:
2180: 2712
2181: 2281
2182:
2183:
2184:
2185:
2186:
2187: 3080
2188: 2686 2402
2189: 3120
2190: 3137
2191:
2192:
2193: 3105 2390
2194: 3012 2904
2195: 2385
2196:
2197:
2198:
2199: 2853
2200: 3241
2201:
2202: 2899
2203: 2905
2204:
2205:
2206:
2207:
2208:
2209: 2447
2210: 3267
2211:
2212: 2930
2213: 2538
2214:
2215: 3205
2216:
2217:
2218:
2219:
2220: 2571
2221:
2222: 2528
2223: 2388
2224:
2225:
2226:
2227:
2228:
2229: 2689 2513
2230: 2622
2231:
2232:
2233: 2667
2234:
2235:
2236:
2237:
2238:
2239: 2766
2240:
2241:
2242: 2446
2243: 3119
2244: 2638
2245:
2246:
2247:
2248:
2249:
2250:
2251:
2252:
2253:
2254: 2906 2380
2255:
2256:
2257:
2258:
2259: 3036
2260: 3315
2261:
2262:
2263:
2264:
2265: 2669
2266:
2267:
2268:
2269: 3254
2270:
2271: 3309 2406
2272:
2273: 2746
2274: 3131
2275:
2276:
2277: 3130
2278:
2279: 3135 2907
2280: 3066
2281:
2282:
2283:
2284:
2285:
2286:
2287:
2288: 2370
2289: 3101
2290:
2291:
2292:
2293: 2833 2809
2294:
2295: 3181
2296:
2297: 3073
2298:
2299:
2300: 3162 2956 2954
2301: 2367
2302:
2303:
2304:
2305: 2603
2306: 3100
2307:
2308:
2309:
2310: 3111
2311:
2312:
2313:
2314: 3245 2418
2315:
2316:
2317: 3132
2318: 3198
2319:
2320:
2321:
2322: 2383
2323: 2580
2324: 3150
2325:
2326:
2327:
2328:
2329: 2760
2330:
2331: 2933
2332:
2333:
2334: 2414
2335:
2336:
2337:
2338:
2339:
2340:
2341:
2342:
2343: 2637
2344:
2345: 2700 2496
2346:
2347: 3225
2348:
2349: 3219
2350:
2351: 3145
2352: 2498
2353:
2354:
2355:
2356:
2357:
2358:
2359:
2360: 3010
2361:
2362:
2363:
2364:
2365:
2366: 2524
2367:
2368:
2369: 2555
2370:
2371:
2372:
2373:
2374:
2375:
2376:
2377: 2835
2378:
2379:
2380: 3166
2381:
2382: 3300 2711
2383:
2384: 2859
2385:
2386:
2387:
2388:
2389:
2390:
2391:
2392:
2393:
2394: 3151
2395:
2396: 3042
2397:
2398:
2399:
2400: 2975
2401:
2402:
2403:
2404:
2405:
2406:
2407:
2408: 2925 2749
2409:
2410: 3067
2411:
2412:
2413:
2414: 2625
2415:
2416:
2417:
2418:
2419:
2420:
2421:
2422:
2423:
2424:
2425:
2426:
2427:
2428: 2635
2429:
2430:
2431:
2432:
2433:
2434:
2435:
2436:
2437:
2438:
2439: 2703
2440: 2874
2441: 2668
2442:
2443:
2444: 3023
2445:
2446:
2447:
2448:
2449:
2450:
2451:
2452:
2453:
2454: 2786 2582
2455:
2456:
2457: 2992
2458:
2459:
2460:
2461:
2462: 2709
2463:
2464:
2465:
2466:
2467: 2777 2602
2468:
2469: 3269
2470: 3187 2674
2471:
2472:
2473:
2474: 2704 2664 2568
2475:
2476:
2477: 2791
2478: 2730
2479:
2480:
2481:
2482: 2626
2483:
2484: 3258
2485: 2687
2486:
2487:
2488:
2489:
2490:
2491:
2492: 3213 2632
2493: 2793
2494:
2495:
2496: 2908 2815
2497:
2498:
2499: 2873
2500:
2501:
2502:
2503: 3281
2504:
2505:
2506:
2507: 2695
2508:
2509:
2510:
2511:
2512:
2513: 3239
2514:
2515:
2516:
2517:
2518:
2519:
2520: 2794
2521: 3045
2522:
2523:
2524: 2838 2724
2525:
2526:
2527:
2528:
2529: 2599
2530:
2531: 2828
2532:
2533:
2534: 2995
2535:
2536:
2537:
2538: 2738
2539:
2540:
2541:
2542:
2543: 3252
2544:
2545:
2546: 3072
2547:
2548:
2549:
2550:
2551: 2645
2552: 2674
2553:
2554:
2555:
2556:
2557:
2558:
2559:
2560:
2561:
2562:
2563:
2564:
2565:
2566: 3230
2567:
2568:
2569:
2570:
2571:
2572:
2573:
2574:
2575: 2860
2576: 3309
2577:
2578:
2579: 3240
2580:
2581:
2582:
2583:
2584:
2585:
2586:
2587:
2588:
2589:
2590:
2591:
2592:
2593:
2594:
2595:
2596:
2597:
2598: 2787
2599: 2990
2600:
2601:
2602: 2927 2636
2603:
2604:
2605:
2606:
2607:
2608:
2609:
2610: 2891
2611:
2612:
2613: 3040
2614:
2615: 2861
2616:
2617:
2618:
2619:
2620:
2621:
2622: 3098
2623:
2624:
2625:
2626:
2627:
2628:
2629:
2630:
2631:
2632:
2633:
2634:
2635: 2663
2636: 3168 3152 2744
2637:
2638:
2639:
2640:
2641:
2642:
2643:
2644:
2645:
2646:
2647:
2648:
2649:
2650:
2651: 3033
2652:
2653:
2654:
2655: 2660
2656:
2657:
2658: 2825
2659:
2660:
2661:
2662: 2944 2756
2663:
2664: 3255 3106
2665:
2666: 2773
2667:
2668:
2669:
2670: 2866
2671:
2672:
2673:
2674:
2675:
2676:
2677: 2872
2678:
2679:
2680:
2681:
2682:
2683:
2684: 2799
2685:
2686:
2687:
2688:
2689:
2690:
2691: 3301
2692:
2693:
2694:
2695:
2696:
2697:
2698:
2699:
2700: 3134
2701:
2702:
2703: 2926
2704:
2705:
2706:
2707:
2708:
2709:
2710:
2711:
2712: 3079 2948
2713:
2714:
2715:
2716:
2717:
2718:
2719:
2720: 3139
2721:
2722:
2723:
2724: 2890
2725:
2726:
2727:
2728:
2729:
2730:
2731:
2732:
2733:
2734:
2735:
2736:
2737:
2738: 3163
2739:
2740: 2754
2741:
2742:
2743:
2744:
2745:
2746:
2747: 3192
2748:
2749:
2750:
2751:
2752:
2753:
2754:
2755:
2756: 3244
2757: 2841
2758:
2759: 3084
2760:
2761:
2762:
2763:
2764:
2765: 3222
2766:
2767:
2768:
2769:
2770:
2771: 2902
2772:
2773:
2774:
2775: 3292
2776:
2777:
2778:
2779: 3124
2780:
2781:
2782:
2783:
2784:
2785:
2786:
2787:
2788:
2789:
2790: 2963
2791: 3249
2792:
2793:
2794:
2795:
2796:
2797:
2798:
2799: 3215
2800:
2801:
2802:
2803:
2804:
2805:
2806: 3069
2807:
2808:
2809: 3209
2810:
2811:
2812:
2813:
2814:
2815:
2816: 2889
2817:
2818:
2819:
2820:
2821:
2822:
2823: 3118
2824:
2825:
2826:
2827:
2828: 3296
2829:
2830: 3115
2831:
2832:
2833:
2834:
2835:
2836: 3094
2837:
2838:
2839:
2840:
2841:
2842:
2843:
2844:
2845: 3277
2846: 3026
2847: 3129
2848:
2849: 3057
2850:
2851:
2852: 3290
2853:
2854:
2855:
2856:
2857:
2858:
2859: 2928
2860:
2861:
2862:
2863:
2864:
2865:
2866:
2867:
2868:
2869:
2870:
2871:
2872:
2873:
2874:
2875:
2876:
2877:
2878:
2879:
2880:
2881:
2882:
2883:
2884:
2885:
2886:
2887:
2888:
2889:
2890:
2891:
2892:
2893:
2894:
2895:
2896: 3271 3019
2897:
2898:
2899:
2900:
2901: 3261 2923
2902:
2903:
2904:
2905:
2906:
2907:
2908:
2909:
2910:
2911:
2912:
2913:
2914:
2915:
2916:
2917: 2957
2918:
2919:
2920:
2921:
2922:
2923:
2924:
2925:
2926:
2927:
2928:
2929:
2930:
2931:
2932:
2933:
2934:
2935:
2936:
2937:
2938:
2939:
2940:
2941:
2942:
2943:
2944:
2945:
2946:
2947:
2948:
2949:
2950:
2951:
2952:
2953:
2954:
2955:
2956:
2957:
2958:
2959:
2960:
2961:
2962:
2963:
2964:
2965:
2966:
2967:
2968:
2969:
2970:
2971: 3089
2972:
2973:
2974:
2975:
2976:
2977:
2978: 3218
2979: 3288
2980:
2981:
2982:
2983:
2984:
2985:
2986:
2987:
2988: 3127
2989:
2990:
2991:
2992:
2993:
2994:
2995:
2996:
2997:
2998:
2999:
3000:
3001:
3002: 3107
3003:
3004:
3005:
3006:
3007:
3008:
3009:
3010:
3011:
3012:
3013:
3014:
3015:
3016:
3017:
3018:
3019: 3037
3020: 3208
3021:
3022:
3023:
3024:
3025:
3026:
3027:
3028:
3029:
3030:
3031:
3032:
3033:
3034:
3035: 3226
3036:
3037:
3038:
3039:
3040:
3041:
3042:
3043:
3044:
3045:
3046:
3047:
3048:
3049:
3050:
3051:
3052:
3053:
3054:
3055:
3056:
3057:
3058:
3059:
3060:
3061:
3062:
3063:
3064:
3065:
3066:
3067:
3068:
3069:
3070:
3071: 3099
3072:
3073:
3074:
3075:
3076:
3077:
3078:
3079:
3080:
3081:
3082:
3083:
3084:
3085:
3086:
3087:
3088:
3089:
3090:
3091:
3092:
3093:
3094:
3095:
3096:
3097:
3098:
3099:
3100:
3101:
3102:
3103:
3104:
3105:
3106:
3107:
3108:
3109:
3110:
3111:
3112:
3113:
3114:
3115:
3116:
3117:
3118:
3119: 3308
3120:
3121:
3122:
3123:
3124:
3125:
3126:
3127:
3128:
3129:
3130:
3131:
3132: 3299
3133:
3134:
3135:
3136:
3137:
3138:
3139:
3140:
3141: 3272
3142:
3143:
3144:
3145:
3146:
3147:
3148:
3149:
3150:
3151:
3152:
3153:
3154:
3155:
3156:
3157:
3158:
3159:
3160:
3161:
3162:
3163:
3164:
3165:
3166:
3167:
3168:
3169:
3170:
3171:
3172:
3173:
3174:
3175:
3176:
3177:
3178:
3179:
3180:
3181:
3182:
3183:
3184:
3185:
3186:
3187:
3188:
3189:
3190:
3191:
3192:
3193:
3194:
3195:
3196:
3197:
3198:
3199:
3200:
3201:
3202:
3203:
3204:
3205:
3206:
3207:
3208:
3209:
3210:
3211:
3212:
3213:
3214:
3215:
3216:
3217:
3218:
3219:
3220:
3221:
3222:
3223:
3224:
3225:
3226:
3227:
3228:
3229:
3230:
3231:
3232:
3233:
3234:
3235:
3236:
3237:
3238:
3239:
3240:
3241:
3242:
3243:
3244:
3245:
3246:
3247:
3248:
3249:
3250:
3251:
3252:
3253:
3254:
3255:
3256: 3307
3257:
3258:
3259:
3260:
3261:
3262:
3263:
3264:
3265:
3266:
3267:
3268:
3269:
3270:
3271:
3272:
3273:
3274:
3275:
3276:
3277:
3278:
3279:
3280:
3281:
3282:
3283:
3284:
3285:
3286:
3287:
3288:
3289:
3290:
3291:
3292:
3293:
3294:
3295:
3296:
3297:
3298:
3299:
3300:
3301:
3302:
3303:
3304:
3305:
3306:
3307:
3308:
