1: 5
2: 489 290 127 61 29 26
3: 504 432 360 286 223 18 11 2 1
4: 566 445 294 270 111 101
5: 523 433 341 214 206 204 197 138 130 86 85 58 54 49 47 41 39 37 34 28 3
6: 182 83 66 53 21 6
7: 70 51 19 9
8: 122 91 70 51 36 15 4
9: 540 502 375 247 229 172 160 16 7
10: 266 27 10 8
11: 341 58 34
12: 488 433 348 324 296 254 197 97 49 41 37
13: 33 14 13 12
14: 385 341 251 250 64 35
15: 433 197 49 41 37 20
16: 448 220 59 38 31 17
17: 55
18: 502 448 355 247 156 84 75 72 69 59 38 25 22
19: 23
20: 523 440 214 206 204 54 39
21: 163 62 30 24
22: 477 48 42
23: 504 432 360 355 286 223 156 84 75 72 69
24: 154 57
25: 530 504 488 432 360 296 178 171 168
26: 138 130 86 85 71 40
27: 264 81 32
28: 489 444 438 250 61
29: 453 433 233 216 197 65 45
30: 502 375 247
31:
32: 451 289 122 43
33: 231
34: 528 527 50
35: 596 526 517 482 411 104 60 52 46
36: 523 214 206 204
37: 472 291 233 136
38:
39: 569 265 107 76
40: 484
41: 540 375 322 160 153 152 141 88 44
42: 348 324 152 115
43: 77
44: 415 131
45: 151
46: 264 98
47:
48: 178 171 168
49: 212 147
50: 90 68 63 56
51: 82
52: 469 67
53: 552 509 310 285 261 175
54: 135
55: 228 209 164 106
56: 518 471
57: 138 130 123
58: 548
59: 569 550 523 505 485 482 311 265 107
60: 96
61: 243
62: 216
63: 177 167
64: 149 119 112 92
65: 598 211 174 113
66: 498 479 474 450 188
67:
68: 222 195 193 181 74
69: 576 544
70: 224
71: 229 134 95 78 73
72: 416
73: 282 150 140 109 87
74: 491 229 134 80
75: 328 277 89 79
76: 132 129
77:
78: 500 146 139
79:
80: 162 124
81: 118
82: 320 189 170
83: 351 250 207
84: 588 394 367 318 236 213 159 145 94
85: 172
86: 435
87:
88: 587 376 339 335 292 220
89: 531 144 133 100
90:
91: 275 108 93
92: 482 311 183 125
93: 430 425
94: 180 114 105 102
95: 600 489 290 152 141
96: 505 485 129
97: 336
98:
99: 338
100: 341 172 142 99
101: 600 318 236 216 191 117
102: 306 258
103: 103
104: 340 126 110
105: 560 346
106: 461
107: 278
108: 157 155
109: 315
110: 237 116
111:
112: 218
113: 429
114: 351 121
115: 394 159 145
116: 201 169 120
117: 492 395
118: 382
119:
120: 302
121: 232
122:
123: 490 184
124:
125: 477
126: 361
127: 280 128
128: 578 330 316
129: 470 143
130: 332 299 287
131: 368 137
132: 453
133: 476 386
134: 573 480 305
135: 205
136: 515 383
137: 453 297
138: 446 428 421
139: 548
140: 601 526 517 411 203
141:
142: 321 253 219
143: 274 166 158 148
144: 292
145:
146:
147: 365
148: 497 272 226
149:
150: 522 246 190
151: 508 423 414 205
152: 469 347 241
153: 376 186
154: 320 189
155: 550 217
156: 507
157: 503
158: 451 222 194
159: 304 228 209 192
160:
161:
162: 459
163: 225
164: 289 202 161
165: 507 307 268
166: 427
167:
168: 422 409 256 185
169: 601 582 412 331 176
170: 403 260
171: 423
172: 165
173:
174: 227
175: 288 263 173
176:
177: 395
178: 396 234 215
179: 403 199
180: 579 543 230 196
181:
182: 373 210
183: 303
184: 447
185: 539 293 238
186: 389
187: 313 248
188: 451 413 179
189: 522
190: 476 198 187
191: 357
192: 594 200
193: 533 309
194: 387 249
195: 359 344 320 284
196: 572 520
197: 573 240
198: 271 269
199:
200: 529 512 221
201: 546 392
202: 208
203:
204: 402
205: 334
206:
207:
208: 361
209: 487
210: 542 418
211: 273 235
212: 587 339 335
213:
214:
215: 292
216: 467
217: 421 298
218: 280
219: 442
220:
221: 390 325
222: 374
223: 480 305
224:
225: 563 371
226: 283
227: 349
228: 532 281 262
229:
230: 511 468 426 369 295
231: 245
232: 604
233:
234: 393
235:
236: 259 239
237: 314 279
238: 500
239: 516 242
240:
241: 421
242:
243: 384 343
244:
245:
246: 349
247: 540 359 344
248: 580
249: 600
250:
251: 244
252: 521
253:
254: 378
255: 553 267 257 252
256: 446
257: 582 412 331
258: 523
259:
260: 595 580 519 434 424 358
261: 444 438
262: 440
263: 546 392
264: 472 417
265:
266: 377
267:
268:
269: 603 255
270:
271: 513 478
272: 464
273: 538
274: 428
275:
276: 552
277: 586 317 276
278: 554
279: 455
280:
281: 329
282: 481
283: 589
284: 601
285: 410
286:
287: 594 452 300
288:
289: 404
290:
291: 354
292: 339 335
293:
294: 493
295:
296:
297: 373
298: 323
299:
300: 552 509 310 285
301:
302:
303: 490
304: 327
305: 551 489
306: 405
307: 308
308: 301
309: 552 468 312
310:
311:
312: 499
313:
314: 319
315:
316:
317: 533 532
318:
319:
320: 599
321: 446 333
322:
323: 380
324:
325:
326: 384
327:
328:
329: 356
330:
331:
332:
333: 419
334:
335: 584
336:
337: 407
338: 472
339:
340: 537
341: 550 363
342: 567 547
343:
344: 591 590
345: 381
346: 397
347: 350
348: 326
349:
350: 457
351: 398 345
352: 483 353
353:
354:
355: 406
356:
357: 372 337
358: 462 408
359: 366
360: 362
361: 475
362:
363: 505 485
364:
365:
366:
367: 561 551
368: 431 420 370 342
369: 478
370:
371: 465 456
372:
373: 460 352
374: 364
375:
376:
377:
378: 577
379:
380:
381:
382: 584 551
383: 439 379
384: 546
385:
386: 388
387: 524
388: 595 391
389:
390:
391:
392:
393: 458 449 400
394:
395:
396: 506
397: 437
398:
399: 399
400:
401:
402:
403:
404:
405:
406:
407: 495 401
408:
409: 593
410:
411:
412:
413:
414:
415:
416: 556 436
417:
418:
419:
420:
421:
422: 515
423:
424:
425:
426: 548
427:
428:
429:
430:
431:
432: 466
433:
434:
435: 519
436: 559
437:
438: 510
439:
440: 463
441:
442:
443: 496
444: 565
445:
446: 441
447:
448:
449:
450:
451: 473 454
452: 494 443
453: 581 575
454: 593
455:
456:
457: 494
458:
459:
460:
461:
462:
463: 583 570
464:
465:
466: 574
467:
468: 486
469: 549
470:
471:
472:
473: 568
474:
475: 536
476:
477:
478:
479:
480:
481: 557
482: 525
483: 514
484: 541
485:
486:
487:
488:
489: 545
490:
491: 501
492:
493:
494:
495:
496:
497:
498:
499:
500:
501:
502:
503:
504:
505:
506:
507:
508:
509:
510:
511:
512:
513:
514:
515:
516:
517: 535
518:
519:
520:
521:
522:
523:
524:
525: 562
526:
527:
528: 585
529:
530:
531:
532:
533:
534:
535:
536:
537:
538:
539:
540:
541:
542: 534
543:
544:
545:
546:
547:
548:
549:
550: 571
551:
552:
553: 555
554:
555:
556:
557:
558:
559:
560:
561:
562:
563:
564:
565:
566: 564
567:
568:
569:
570:
571: 558
572:
573:
574:
575:
576:
577:
578:
579:
580:
581:
582:
583:
584:
585:
586:
587:
588:
589:
590:
591:
592:
593:
594:
595:
596:
597:
598:
599:
600: 602
601:
602: 597
603:
604:
605:
606:
607:
608:
609: 592
610:
611:
612:
613:
614:
615:
616:
617:
618:
619:
620:
621:
622:
623:
624:
625:
626:
627:
628:
629:
630:
631:
632:
