1: 226 191 20 11
2: 619 478 375 122 79 70 23 5 4 1
3: 876 580 127 47 8
4: 994 863 618 593 316 266 238 163 104 30 14 7
5: 771 705 584 457 416 334 198 164 94 34 13
6: 1057 953 784 53 38 16
7: 578 543 416 230 198 162 82 68 65 64 34 13 3 2
8: 1062 962 852 750 463 197 97
9: 973 957 850 794 496
10: 1113 767 733 211 106 81 10
11: 503 399 177 29
12: 950 127 47 15 8 6
13: 498 368 365 121 83 41 12
14: 212 59
15: 162 76 49
16: 975 906 358 224 174 142
17: 937 858 755 547 500 307 260 231 167 56 37 26
18: 39 25
19: 984
20: 1121 157 149 58
21: 910 743 87 42 9
22: 1118 18
23: 1053 681 349 332 177 158 85 69 17
24: 951 562 515 100 96
25: 1066 778 692 490 382 347 135 110 27 22
26: 523 411 136 57 21
27: 584 334 147 73
28: 946 695 143 51 45 31 19
29: 831 753 274
30: 642 389 343 252 89 77
31: 856 622 286 250
32: 496 263 188 145 44 28 24
33: 590 298
34: 1062 962 852 750 463 392 306 291 165 154 71 48
35: 230 92
36: 482 137 60 50 35 33
37: 778 468 385 299 135 110 32
38:
39: 385 151 131 120
40: 1035 923 75 66 55
41: 672 113
42: 304 134 43 36
43: 853 456 148
44: 392 306 291
45: 942 461 303 234 40
46: 788
47: 521 180 141 105
48: 541 258 226 191
49: 93
50:
51: 883 494 144 54
52: 835 532 128
53:
54: 1104 587
55: 779 540 409 398 380 108
56: 1072 634 535 283 246 46
57: 240 176 74
58: 1096 103 67
59: 974 653 302 125 52
60: 853 521 456 180 141 109
61: 755 618 500 104
62: 665 195
63: 746 667 153 91 88
64: 772 489 319
65: 362 216
66: 376 314 236
67: 746 107 72
68: 279 215 184
69: 1086 910 743 412 408 229
70:
71: 189
72: 1077 971 751 737 614 570 514 396 208 101 84 80 62
73: 1113 211 106
74: 716 416 260 198 61
75: 468 299 155 123 99 78 63
76: 688 655 132
77: 728 367
78: 1018 160 156
79: 860
80: 576 397 217 86
81: 680 275
82: 597 202 126 98
83: 1035 923 295 107
84: 1110 1072 910 820 743 671 551 535 509 239 204 124
85: 1063 405 362 216
86: 943 497 312 242
87: 764 589 117
88: 963 858 834 371
89: 849 538 450
90: 399 139
91: 192
92:
93: 116 90
94: 771 705 457 362
95: 771
96: 963 834 815 433 389 371 343 252 95
97: 869 808 483 377 369 292 152 150 133
98: 340 235 159
99: 164
100: 1018 481 269 183 172 168 118
101: 1020 381 313
102: 856 622 206
103: 444 429 130
104: 820 551 254 199 111 102
105: 1030 1018 481 269 219 213 183 172 168 119
106: 170 114 112
107: 991 959 736 245
108: 446 218
109: 329
110: 1032 1022 619 478 375 146
111: 788 491
112: 737 728 614 570 367 208 129 115
113: 755 500 231 167
114: 1120 872 617 580 436 430 400 354
115: 713 223
116: 847
117: 166
118: 701 569 568 448 366
119: 1107
120: 770 404 179
121: 728 367
122: 1071
123: 732 646 370 243
124: 584 334 246 181
125: 190
126: 146
127: 987 811 779 563 540 466 409
128:
129: 987
130: 994 863 173 161
131: 817 809 683 657 462
132: 873
133: 1012 931 608 454 341 138
134: 989 193 187 178 169 140
135: 171
136: 261
137: 969 309
138: 1031 273
139: 675 673 555
140: 249 241 232
141: 381
142: 1066 490 290 248
143: 569 568
144: 1065 1015 930 631
145: 353 321
146:
147:
148: 1084 1077 751 435 396 297 221 203 185
149: 690 378 227
150: 615 207
151: 447 318
152: 511
153: 1084 1020 435 313 297 222
154: 771 234 201
155: 888 643 205
156: 1049 670 602
157: 994 863 316 186
158: 998 870 320
159: 300
160: 836 604 590 495 265
161: 956 762 381 247
162: 407
163: 1009 760 317 311
164: 498 368 365 345
165: 175
166: 714
167: 793 612
168: 268
169: 305
170: 1066 934 895 704 537 490 338
171: 277
172: 708 533 423
173: 821 337 182
174: 865 259
175: 865 259
176:
177: 821 770
178: 296 220
179: 716 301
180: 244
181: 600 506 471 407 293 200
182: 725 519
183: 861 346 237
184: 364
185: 692 470 289 251
186: 438 431 196
187: 528
188: 270 267
189: 942 441
190: 281
191: 895 704 537
192: 1071 210
193: 424
194: 406
195: 194
196: 947 765 610 579 505 225
197: 1034 881 682 440
198: 1063 405
199: 458 330
200: 980
201: 869 483 377 369 335
202: 445 233 209
203: 439 339 288 214
204: 386
205: 950
206: 619 478 375 310
207: 257
208: 799 373 228
209: 886 634 359 283
210: 517
211: 432 308
212: 972
213: 783
214: 895 784 704 537 331 327
215: 328
216: 747 611
217:
218: 475
219: 711 384
220: 280
221: 635
222:
223:
224: 398 380
225: 811 315
226: 878 869 778 574 271
227: 696 488
228: 967 546 255
229:
230: 798 493
231: 1076 942
232: 946 467 395 357 264 262
233: 677 591
234: 639
235: 1037 625
236: 323
237: 421 256
238: 1019 393 276
239: 1079 1074 887 665 601 514
240: 987 466
241: 410
242: 417
243:
244: 784
245:
246:
247: 1119
248: 482
249: 872 617 436 416
250: 661 660 518 361 355
251:
252: 907 287 272
253: 1075 638
254: 875
255: 961 285
256: 419
257: 441 253
258:
259: 1069 1051
260: 928 848 842 838 650 539 512
261: 669 278
262: 752 322
263: 766
264:
265:
266:
267: 628 394
268: 360
269:
270: 1036 914
271: 1036 914 284
272: 449
273: 804 520
274: 813 363
275: 329
276: 1009 491
277:
278: 336 282
279: 627
280:
281: 425
282:
283: 395
284: 605
285: 1115 687
286: 1114 492
287: 686
288: 802 379
289: 1058 616
290:
291:
292: 898
293: 552
294: 1072 699 516
295: 681 349
296: 1049 670 602 356
297: 344
298: 489 326
299: 710 390
300: 443 324
301: 294
302: 871 372
303:
304:
305: 1007 782 621 595
306:
307:
308:
309: 718
310: 351
311:
312: 476 333
313: 554 401
314:
315: 1025 534
316:
317: 1110 671 509
318:
319: 955 904
320:
321:
322: 757
323: 511
324:
325: 606 437 350
326: 455
327: 679 388 352
328: 1053
329: 510
330: 727 594 325
331: 581 536
332: 706
333: 963 834
334:
335:
336: 451
337: 1026 894 776 756 567
338:
339:
340: 596
341:
342: 981 745
343: 928 848 842 512
344: 583 426
345: 588 575
346: 730 522
347: 744
348: 1067 459 442 342
349: 503
350: 997 460
351: 348
352: 1055
353: 997 860 460 383
354:
355:
356: 701 448 366
357: 598
358:
359:
360:
361: 669 485
362: 808 422
363: 491
364: 641
365: 1065 1015 930 564
366: 487
367: 699 516
368:
369:
370: 530
371: 374
372: 629
373: 1073
374: 1072 889
375:
376: 1096 812
377: 876
378: 717 477
379: 804
380: 413
381:
382:
383:
384:
385: 603
386: 694 486
387: 912 504
388: 658
389:
390:
391: 600
392: 685 469
393: 840 731
394: 692
395: 420
396:
397: 724 703 668 391
398:
399: 387
400:
401: 735
402: 465
403: 642
404: 560
405: 513
406: 876 418 414
407: 721 609
408:
409:
410: 851 636
411: 1111 674 525
412:
413: 640 565 434
414: 1038
415: 744 524
416: 501
417:
418: 499
419: 1037 878 655 625 415
420:
421: 1095
422: 1093
423:
424: 564 453
425:
426:
427: 403
428: 473
429: 613
430: 545 542
431: 402
432:
433: 825
434: 599
435:
436: 763
437: 474
438:
439:
440:
441: 1093 428
442: 912 527
443: 759 427
444: 1098 985 927 868 739 508
445:
446: 858
447: 1028
448: 807 507
449:
450:
451:
452: 1092
453: 1102 678
454:
455:
456: 1117 1000
457: 980 464
458:
459: 1089 647
460:
461: 925
462:
463: 810
464:
465:
466:
467: 452
468:
469: 857 585
470: 822
471: 480
472:
473: 739
474: 885
475: 868
476: 1108 1091
477: 484
478: 1076 1021
479:
480: 1047 862
481:
482: 769
483: 549
484: 915
485:
486:
487: 855 472
488: 632
489: 894 776 479
490: 550
491:
492: 531
493:
494:
495:
496:
497:
498:
499: 723 544
500: 729
501: 652 615
502:
503: 1087 600 529
504:
505:
506:
507:
508:
509:
510: 900 775 553
511: 715
512:
513:
514: 838 650
515: 1029 712 697
516: 884 645 502
517: 954
518: 1057 953
519: 785 526
520:
521:
522:
523:
524:
525: 1011
526: 559
527: 573
528: 983 607 557 556
529:
530:
531: 648
532:
533: 644
534: 1041
535: 561
536: 689 684
537: 965 918 880 691
538:
539:
540:
541: 637
542:
543: 795 662
544:
545:
546: 1032 1022 749 748
547: 666 582
548: 993
549: 907 620
550: 630
551: 740
552: 1056 843
553: 932 816
554: 558
555:
556: 1069 1051
557:
558: 846
559:
560: 623
561: 572
562:
563: 700
564:
565: 592
566: 586
567:
568: 979 548
569:
570:
571:
572:
573:
574: 758
575: 742
576:
577:
578: 897 633 566
579: 726 571
580: 1103
581: 826 805 577
582: 709
583:
584: 984
585:
586: 1061 656
587: 1048 938 722
588: 1027 734
589:
590: 624
591:
592:
593:
594:
595: 1108
596: 877 664
597:
598:
599:
600:
601:
602:
603:
604:
605:
606: 651
607: 892
608: 1116
609: 911
610:
611: 1081 922
612: 1024 844
613: 781
614: 988
615: 905
616: 790
617: 1095
618:
619:
620: 968 935
621: 626
622:
623:
624: 1044 982
625: 901
626: 789
627:
628:
629: 1041
630:
631:
632: 899 797 693
633: 1010 1006
634:
635: 753 659
636:
637:
638:
639: 1112 1008 654
640:
641:
642: 702
643: 1030 800
644: 995 823
645:
646:
647:
648:
649:
650:
651:
652:
653: 945
654:
655:
656: 1079 986
657:
658:
659: 829 792 649
660: 948 791
661: 741 720
662:
663:
664:
665: 879
666: 1002 663
667: 780
668:
669: 814
670:
671:
672: 1120
673: 761
674: 1099
675:
676: 891 832
677:
678: 879
679: 1050
680: 995
681: 882
682:
683:
684:
685: 903
686: 698
687: 768
688:
689:
690: 902
691: 676
692: 970 806
693:
694: 824
695:
696:
697: 801 777 707
698:
699: 1115 845
700:
701:
702:
703: 822
704: 1005 787
705:
706: 1088
707: 1107
708:
709:
710: 1001
711:
712: 719
713:
714: 1104
715:
716: 913
717:
718: 1052
719:
720:
721:
722:
723:
724: 854
725: 890
726: 867
727:
728: 1082
729: 978 738
730: 796
731: 754
732: 803
733:
734:
735:
736:
737:
738: 1040
739: 908
740:
741:
742: 958
743: 1080 1042
744: 786
745: 874
746: 1066
747:
748: 1014
749: 1088
750:
751:
752: 1068 976
753:
754: 830
755:
756:
757:
758:
759:
760:
761:
762:
763:
764:
765:
766:
767: 1043
768: 916
769: 819
770:
771:
772:
773:
774: 774
775: 971
776:
777: 964 864 773
778:
779:
780:
781:
782: 839
783: 859
784: 909
785: 940
786:
787:
788:
789:
790:
791:
792:
793:
794:
795:
796:
797: 896
798:
799:
800:
801: 990 818
802: 949
803: 920 866 841
804: 827
805:
806:
807: 944
808:
809:
810:
811:
812: 851
813: 888
814:
815:
816: 1064
817:
818:
819: 910
820: 1073
821:
822: 919
823: 921 917
824:
825:
826:
827:
828:
829:
830:
831:
832:
833: 1085
834:
835: 837
836: 828
837: 893
838: 861
839:
840:
841: 1070
842: 833
843:
844:
845:
846:
847: 926
848: 992 941
849: 1004 939
850:
851: 1045
852:
853:
854:
855: 1046 1003
856:
857:
858:
859:
860:
861:
862:
863:
864:
865:
866: 937
867:
868:
869:
870:
871:
872: 1023
873:
874:
875:
876:
877:
878: 996
879:
880: 1016
881:
882:
883: 952
884:
885:
886: 960
887:
888: 936
889:
890: 999
891:
892:
893:
894:
895:
896:
897:
898: 924
899:
900: 933
901: 966 929
902:
903:
904:
905: 1054
906:
907:
908:
909:
910: 977
911:
912:
913:
914:
915:
916:
917:
918:
919:
920:
921:
922:
923:
924:
925:
926:
927:
928:
929: 1060
930: 1025
931:
932: 1059
933:
934:
935:
936:
937:
938: 1109
939:
940:
941:
942:
943:
944:
945: 1039
946:
947:
948:
949:
950: 1090
951: 1017
952:
953: 1013
954:
955:
956:
957:
958:
959:
960:
961:
962:
963:
964:
965:
966:
967:
968:
969:
970:
971:
972:
973:
974:
975:
976:
977:
978: 1083
979:
980:
981:
982:
983:
984:
985:
986:
987:
988:
989:
990:
991: 1097
992:
993:
994:
995:
996:
997:
998:
999:
1000:
1001:
1002:
1003:
1004:
1005:
1006:
1007:
1008:
1009:
1010:
1011:
1012:
1013: 1100
1014:
1015:
1016:
1017:
1018:
1019:
1020:
1021:
1022:
1023:
1024:
1025:
1026:
1027:
1028:
1029:
1030:
1031:
1032:
1033:
1034: 1094 1078
1035:
1036:
1037:
1038:
1039: 1033
1040:
1041:
1042:
1043:
1044:
1045:
1046:
1047:
1048:
1049:
1050:
1051:
1052:
1053:
1054:
1055:
1056:
1057:
1058:
1059:
1060:
1061:
1062:
1063:
1064: 1105
1065:
1066:
1067:
1068:
1069:
1070:
1071:
1072:
1073:
1074:
1075:
1076:
1077:
1078:
1079:
1080:
1081:
1082:
1083:
1084:
1085:
1086:
1087:
1088:
1089:
1090:
1091:
1092:
1093:
1094:
1095:
1096:
1097:
1098:
1099:
1100:
1101:
1102:
1103:
1104:
1105: 1106
1106:
1107:
1108:
1109:
1110: 1101
1111:
1112:
1113:
1114:
1115:
1116:
1117:
1118:
1119:
1120:
1121:
1122:
1123:
1124:
1125:
1126:
1127:
1128:
1129:
1130:
1131:
1132:
1133:
1134:
1135:
1136:
1137:
1138:
1139:
1140:
1141:
1142:
1143:
1144: 1122
1145:
1146:
1147:
1148:
1149:
1150:
1151:
1152:
1153:
1154:
1155:
1156:
1157:
