1: 2394 2372 2092 1796 19 9
2: 2559 1914 1873 1832 909 3 2
3: 179 155 137 94 7 1
4: 1327 720 382 341 256 64 34 24 20 17 14 12 11 4
5: 2993 334 112 32
6: 2494 1490 1289 1101 989 882 647 613 592 466 448 388 372 304 47 44 31 15 6 5
7: 1399 1367 1055 1017 668 572 379 101 26
8: 1959 629 582 23 8
9: 2848 1948 1585 1345 50 25 10
10: 913 583 568 503 452 172 162 92 72 45 40
11: 2866 1799 1198 1159 749 722 498 424 263 43
12: 3235 2740 2276 2274 2125 1166 970 727 574 552 376 313 211 204 160 60 52 39 36 35 29
13: 1522 1466 1192 577 321 320 143 88 81 71 69
14: 994 828 18 13
15: 2323 1464 970 313 160 65 60 52
16: 959 825 688 435 425 406 338 311 218 58 42
17: 2276 1166 552 204
18: 2785 2362 1969 1350 1334 692 196 16
19: 2762 2592 2404 1789 1667 1579 1568 1489 1360 1061 550 547 523
20: 2985 1792 1086 666 391 302 66 59 37
21: 1503 27
22: 2226 2049 1003 955 939 638 602 369 344 77
23: 455 121 86
24: 1809 920 861 741 485 317 130 38 22 21
25:
26: 1481 784 138 73 33
27: 1158 724 676 458 397
28: 599 387 384 174 28
29: 1490 989 592 466 448 372
30: 2360 1893 414 411 63 30
31: 2924 2766 1902 1448 1221 955 930 716 615 344
32: 131 115 80
33: 1275 852 475 97
34: 2968 2274 2125 1645 1211 545 249 232 184
35: 3157 2607 2330 163
36: 3067 2551 2357 2152 1482 1215 1197 904 778 584 571 472 366 206 177 87 83
37: 2076 911 808 303 103 56
38: 3126 2178 1927 1923 1560 1419 1258 1111 380 139
39: 1968 1873 909 656 444 403 290 176
40: 1077 327 186
41: 1858 173 110
42: 2251 2011 1335 596 55
43: 1607 202 164 70 67
44: 287 48 46
45: 2651 2180 156
46: 2607 1311 570 163 68 41
47: 3174 3033 2993 2897 2875 1275 852 334 147
48: 570 49
49: 1968 656 444 403 290 176 79 54
50: 2718 1929 469 254 133 74
51: 1035 132 51
52: 2833 2743 2574 2414 1868 1002 616 315 93
53: 2207 1812 1706 1042 974 859 799 539 399 281
54: 3314 1223 240
55: 3301 3033 1390 1313 127
56: 2475 1998 1850 182 107
57: 2030 468 439 129 105
58: 3285 3144 2061 1965 1933 1746 1695 1535 1377 936 882 529 388 330 259 118
59: 2735 2654 197 136
60: 1792 666 57
61: 3115 2685 1797 1430 597 167 109
62: 3041 2900 2833 1002 315
63: 1877 1467 188 85 53
64: 2649 2445 1411 1350 1327 817 720 630 603 546 382 341 301 256 239 161 141
65: 2924 2467 2061 1766 1448 1221 930 716 615 529 330 259 128 108
66: 2489 2298 730 375 291
67: 2963 2859 2523 2496 2361 918 807 441 373 180
68: 755 272 208 106
69: 1302 558 62
70: 1036 261 75
71: 3247 2855 2499 1885 1813 1714 1545 1495 970 907 701 665 246 122
72: 2290 2176 2074 1274 1209 1186 1038 940 938 865 715 712 517 478 446 358 300 236 227 212 104 91
73: 3140 61
74: 3026 2789 1762 1351 642 521 203 111 78
75: 2966 2897 2527 2102 1023 1008 460 459 349 234
76: 2280 2159 1824 1291 932 753 705 639 524 347 219
77: 3114 2802 1808 1254 279 76
78: 371
79: 2853 721 352
80: 210 159 149
81: 641 588 408 165 148
82: 3090 2762 2592 1624 1579 580 547 523 322 183 145 95
83: 126 100
84: 1788 1264 282 96 90 82
85: 2736 2401 2232 1644 1350 1005 816 632 565 445 426 374 324 98
86: 1362 364 299
87: 2348 1939 850 276
88: 2630 2590 2290 1568 1274 712 550
89: 2326 2176 1186 1038 865 517 478 446 412 371 84
90: 2452 1519 762 482
91: 881 555 120 117
92: 854 214
93: 2176 402
94: 1652 1623 1135 860 795 539 507 399 134 89
95:
96: 1042 799 152
97: 2058 1197 904 778 571 472 266
98: 2075 2018 1779 326 200
99: 2339 2275 1117 745 362 348 323
100: 2595 1374 499 283 207 175 125
101: 1419 1258 876 790
102: 3153 981 796 698 354 99
103: 2785 2582 1889 1436 1046 694 124 114
104: 3126 2240 1482 1215 222
105: 2626 1908 1861 719 252 223
106: 2172 345 170
107: 2295 1524 1371 1316 443 181
108: 2446 1615 1419 1258 416 271 151
109: 2636 875 689
110: 539 399 113 102
111: 3026 2789 1762 1351 681 308
112: 1924 1468 464 251 168
113: 2700 2459 195 146
114: 2621 2280 1776 1291 1006 991 695 511
115: 3209 1824 669 620 429 116
116: 2866 2305 2182 1600 1409 512 414 411
117: 1153 765 436 306
118:
119: 2464 221 201
120: 280
121: 2513 963
122: 1400 275 140
123: 1667 1489 1360
124: 1482 1215 206 177
125: 2039
126: 3139 1456 394 312 253 119
127: 2111 1844 955 831 486 480 344
128: 1844 486 480 123
129: 3242 2067 1842 1382 265
130: 2399 815 737 680 564 293 191 144
131: 2922 832 534
132: 3063 3026 2977 2789 1863 1762 1487 1351 887 642 539 521 399
133: 3116 2856 2805 1649 1424 1344 1318 1157 1153 1145 1062 977 765 487 436 306 257 250 193
134:
135: 289 153
136: 1428 1277 1122 955 855 237
137: 1941 525 431
138: 2159 932 199 157
139: 705 639 524
140: 3148
141: 1441
142: 2672 2415 2320 674 526 247
143: 834 576 135
144: 2804 2184 1949 1195 703 295
145: 988 901 449
146: 1361
147: 2669 2508 1848 862
148: 2626 1908 557 158
149: 1486 1253 775 506 230
150: 1616 1600 1409 512
151: 584
152: 2274 2125 249 232 184
153: 2451 1529 619
154: 2086 846 827 648 591
155: 2804 1949 1739 1669 1405 1355 1195 755 703 493 150
156: 704 653 634 185
157: 2897 924 213 154 142
158:
159: 536 413
160: 2767 1605 1081 903
161: 209
162: 1531 1067 794 725 612 608
163: 1680
164: 3098 2744
165: 502 262 178
166: 2485 1158 724 676 600 458 397 225 166
167: 1247 346 282
168: 1680 940 938 686 551 236 227 212
169: 1822 679 393
170: 2766 2710 1669 1405 1355 169
171: 2559 1832 273 190
172: 602 369
173: 3264 2766 2511 2248 1902 1734 1447 1049 836 738 491 316
174: 1332 544 543 419 288
175: 2894 1483 1420 1064 849 559 365 357
176: 1457 1009 298
177: 797 241 215
178: 3120 2997 1704 1594 1216 587 496 269
179:
180: 1669 1405 1355 1187 912 567 189 171
181: 1455 874 782
182: 2737 1056 803 533 194
183: 3144 3127 2294 1695 1377
184: 335
185: 423
186: 2764 1474 939 187
187: 647 613
188: 1789
189: 2191 879 217 216
190: 668 508
191: 1164
192: 1230 732 229
193: 2943 2916 700
194: 1959
195: 1092 955 370
196: 3015 2348 2157 2109 2000 1939 1230 850 732 427 248
197: 294 277
198: 2111 831 513 243 192
199: 1332 1004 993 544 543 419 205
200: 649 383 198
201: 601
202: 2663 319
203: 1874 625 621 553 535
204: 2673 2345 1662
205: 3124 2276 1983 1815 1166 568 552
206: 2862 2479 2074 1857 1209 715 235
207: 2289 1997
208: 1668 1178 1138
209: 2485 847 494
210: 747 228
211: 2404 430
212: 2985 2235 795 507
213: 3251 1261 607 224
214: 3027 2019 1793 1655 359 220
215:
216: 2946 2849 2710 2607 1511 1473 1057 797 661 360
217: 2849 661
218: 913 503 260
219: 1742 1130 1071 329
220: 2740 727 574 376
221: 2039 756 660 402
222: 851 640 463 434 305 285 226
223: 3124 1983
224: 2008 1190 389 355 258
225: 1544 418 264
226: 2991 2174 2156 1846 1614 811 683 614 267
227: 2033 351
228: 3213 2980 2524 1034 318 284
229: 3033 2524 1313 960 814
230: 3301 1943 415
231: 1706 1395 281
232: 2219
233: 723 541
234: 840 699 307
235: 2831 1575 1527 1243 1146 742 548 476
236: 1281
237: 1368 551
238: 2973
239: 3216 3098 2577 2527 1381 1008 332 255
240: 1915
241: 2021 1596 991 671 238 231
242: 882 388 304
243: 2086 1249 945 906 846 827 648 591 560 483 336
244: 3149 2785 2325 1376 685 339 245
245: 2373
246: 3090 1624 580 322
247: 3241 2922 746 233
248: 1837 1184 1078 1076 1052 492 353 331
249: 969 610 297 244
250: 1253 764 691
251: 877
252: 2866 2305 2182 505
253:
254: 2206 1147 841 650
255: 242
256: 2962 2444 1205 871
257: 2989 1121
258: 2818 2523 2496 2361 807 373
259: 632 565 445 324
260: 2833 2445 1935 873 286
261: 3296 3058 398
262: 2589 314
263: 2964 1208
264: 2647 2368 643
265: 3166 1715
266: 2651
267: 3260 3114 309
268: 1146 1023
269: 3209 2819 2535 1745 1368 673
270: 1914 1911 1245 1044
271: 900 530 343 310
272: 1358 554 437
273: 2037 972
274: 2723 1334 1254 692 461
275: 2408 1696 1423 1302 950 558
276: 3213 2980 1788 1264
277: 1254 501 337
278: 2196 428 328
279: 292
280: 1118 454
281: 1927 1790 1172 798 497
282: 3240 1799 1198
283: 1852 889 824 795 296
284: 3238 742 278
285: 2360 2074 1893 1209 715 659 465 274
286: 2466 1919 1769 1194 556 268
287: 2165 2151 1829 1222 1063
288: 2756 1903 1674 1530 1286
289: 3242 2855 2499 2067 1885 1877 1842 1714 1608 1495 1382 1329 701 665
290: 2711 2212 2158 954 270
291: 1626 504
292: 1717 1496 542
293: 3286 2521 1920 1534 677
294: 1120
295: 2516 1989 759 340
296: 2678 1772 1541 1386 999
297: 1703 1663 1652 1623 1135 635
298: 3116 1344 1318 390
299: 1785
300:
301: 2049 1311 1003
302: 3014 2720 2326 2265 1997 1841 1521 356
303: 1594 1216 702 578 456 361
304:
305: 3216 2577 1381
306: 2000 1667 1489 1360 1214 753 540
307:
308: 2818 2584 886 664
309: 1742 1130
310: 1884 1399 1017 522 481
311: 977
312: 2220 706
313: 2079 773 333
314: 2119 2017 654
315: 3170 3107 484
316: 599
317: 1537
318: 3215 1985 1477 1116 687 325
319: 961
320: 2777 1732 983
321: 1400 421
322: 594 473
323: 381
324: 514
325: 1350
326: 2864 2243
327: 3041 1962 1148 1065 774 405
328: 1370
329: 3258 2778 2312 2085 986 709
330: 1070 637
331: 1472 931 646
332: 3112 885
333: 3067 2551 2357 2152 1321 1284 396 377
334: 2714 1278 837 433 342
335:
336: 3200 2132 1207 350
337: 2839 1307 1213 1024 598 450
338: 2823 1123
339: 3041 2964 1148 1065
340: 1212 884 822
341: 2378
342: 2804 1949 1195 770 703
343: 3098 2796 2400 2313 1903 1750 1707 1530
344: 3312 2517 2147 869 663
345: 3093 1745 1152
346: 2806 2321 2113 863 432
347: 2403 1412 489 447
348: 655 409 400 395
349: 2963 2866 2305 2182 918
350: 3216 2577 1381 1244 1229
351: 2785 1010 783 516 420
352: 804
353:
354: 2720 2265 1521 1154
355: 832 534
356: 1086 391
357: 527
358: 3022 2839 2411 1852 1783 1307 1273 1213 889 824
359: 1006 695 511
360: 2803 1471 1407 368
361: 2964 2470 2207 1208 974 859
362: 2479 1857 1595 1176 990 519
363: 1428 1277 1122 855 670
364: 2746 2485 2233 1399 1017 410
365: 2436 728 417
366: 2806 2204 2113 736 367
367: 3258 3097 3023 2682 2312 2293 2080 604
368:
369: 2354 1733 1346
370: 1654 442 363
371: 1928
372:
373: 1342 606 404
374: 2678 1772 1386
375: 2889 1804 842 378
376: 1019 479
377: 2075 2018 1971 1779 1491 1309
378: 3306 2084 667
379:
380: 589 579 385
381: 1625 1251 1151 958 386
382: 3292 2546
383: 2288 1183 401
384: 2744 791 662
385: 3022 2674 2330 1273
386: 3237 1434
387: 407
388: 3161 2647 2494 2368 1101
389: 849 559
390: 2937
391: 806 531
392: 1462
393: 2557 985 949 726
394: 1137 890 631
395: 532 477 474
396: 510
397: 1904 1656 1637 1354 1320
398:
399: 1741 1569 1513 839
400: 2966 459
401: 2524 2058 1703 1583 1340 626
402: 782 488
403: 3037 1798 818 682
404: 798 497
405: 2006 1849 1697 800
406: 3224 2573 1392 1045
407: 3175 1437
408: 1683
409: 2313 1750 470 467 392
410: 2288
411: 2816 2170 1383 1090 935 857 658 457
412: 2800 1348 537
413: 2373 1340 962
414: 1282 1174 897 451 422
415: 1836
416: 2494 1101 1049 438
417: 686
418: 2137 1845 1696 1586 1423
419: 2326 2295 1524 1316
420: 3192 2229
421: 1974 1014 735
422: 2038 1698 569
423: 1911 1245
424: 2957
425: 2280 1877 1467 1291 1095 883 853 611
426: 2940 593 462
427: 2710 495
428:
429: 2685
430: 1540 967 518
431: 3067 2551 2357 2152 1321 1284 900
432: 2769 2275 1582 1237 1117 1068 910 779 562 500
433: 2681 1812 1415 1283
434: 1945 956
435: 2769 1237 910
436: 1410 1235 566 490
437: 984
438: 2798 2456 471
439: 1977 1898 1508
440:
441: 1639 581 440
442: 956 669 620
443: 1582 779
444: 3055
445: 2535 673
446: 3305 2558
447: 856 453
448: 1777 1632 923 636
449: 1077
450: 2163 605 575
451: 1171 801
452: 2749 707
453: 1385 1276 870 867
454: 2651 2513 963
455: 3265
456: 1280
457:
458: 2630
459: 2892 625 553
460: 1790 1172
461: 1349
462:
463:
464: 1544 812
465: 2817 2580 1043 690
466: 1498
467: 2746 2233 1041 528
468: 2430 2106 1058
469: 2525 1547 1449
470: 3267 1271 1073 758
471: 586
472: 1474
473: 1572 1220 1109
474: 2867
475: 3277
476: 2391
477: 1878
478: 1098 941 696
479: 2415 674
480: 1760 1072
481: 3014 1841 515
482: 876 790
483: 3097 657
484: 708
485: 2969 2950 1225 509
486: 2729 1942 820
487: 2525 1547 1449
488: 3115 1816 1797 1430 1242 1203
489: 899
490: 2465
491: 1112
492: 1431 645
493: 3225 3036
494: 2643 1912
495: 2557 1918 1168
496: 2394 2372 561 520
497: 2912 2162 1947 1663 618 549
498: 2417 1060
499: 3047 3009 2295 1524 1316
500: 3131 2742 1390
501:
502: 2402 733 644 538
503: 3157
504:
505: 633
506: 1560 750
507: 1051 744
508: 1668 1178
509: 3115 1797 1430 751 697
510: 2303 908
511: 1583
512: 1464 711 693 609
513: 1920 1570 1534
514: 1625 1251 1151
515: 2706 2227 1684 585
516: 563
517: 2492
518: 1255 1087 805 768 740
519: 3260
520: 3003 2544 1972 1240 980 917 915
521: 2148
522: 1433
523: 966
524:
525: 2111 831
526:
527: 1309 622
528: 1270 573
529:
530: 2572 2442 2168 1631 1613
531: 2649 2327 1411
532: 1200 858 785
533: 1022
534: 3078 2668 767
535: 777
536: 3126 2647 2394 2372 2368 2273 925
537: 995 978 652
538: 3114 2419 2375 1777 1632 1301 923 761 714
539:
540: 1978 1255 1087 805 768 740
541: 2098 1763 1500 624 590
542: 3028 769
543: 1107
544: 2769 1575 1527 1243
545: 3230 1996
546: 3288 3007
547: 845 595
548: 2766 1902
549: 2486 1840 1025 743 675
550: 3004 1502
551: 3069 2684 1432 1059
552: 2671 686
553: 2288 1327
554: 713
555: 2292 1892 1189
556: 880 678
557: 628 617
558: 3127 2802 2294
559:
560: 786
561:
562: 1115 672
563: 3121 1903 1812 1530 1047
564: 3120 2997 684
565: 2327 1396 1389
566: 2345 1662 780
567:
568: 3224 3102 2802 2573 2303 1808 1392 1045 908 753
569:
570: 1703
571: 1570 710
572: 2191 1604
573:
574: 2653 2534
575: 1810 905 833
576: 895 888
577: 2056
578: 3178 2471 2390
579: 623
580:
581: 2154
582: 3257 651
583: 1007 771
584: 3267 2445 1139
585: 1140
586: 2984
587:
588: 1636 809 792
589: 843 729
590: 1279
591: 1336
592: 2189 1903 1530 1047 922 739
593: 847
594: 3289 2341 1774 1272
595: 2175 894 830
596: 3264 2511 1734 1704 738
597: 3030 2888 1862
598: 810
599: 3213 2980 2477 1505
600: 2003 1082
601: 1173 1129
602: 3285 3082 1746 1557 1124 936
603:
604: 3242 2067 1842 1382
605: 2922 2514 2480 1819 1204 760
606: 2547 1865 892
607:
608: 3271
609: 3073 1259
610:
611: 781
612: 1398
613: 1089
614: 2846 1622 872
615: 3126 627
616: 3200 2132 1664 1099
617: 2593
618: 1740 1510
619: 1564
620: 1603
621: 2068 1602
622: 1957 1612 1161 1118
623: 2001 1438 1352 1163
624: 2694 1629
625: 3221 1700 1364
626: 2038 1698 866
627: 2913 2598 1900 1512
628: 987 838
629: 2731 793 748
630: 2673 2365 734
631: 3309 2440 2002
632: 2137 1845 1586
633:
634: 3144 2282
635: 3192 2229 979
636: 2398
637:
638: 2466 1919 1769 1404 868
639: 2481 787 772
640: 2989 821
641: 3311 2619 2572 2442 2168 1631 1613
642: 2419 1028
643: 2397 1879 1578
644: 1914
645:
646: 3240 2862 1399
647: 2663 1955
648: 1771 829
649: 1593 1299
650:
651: 2215 1031
652: 1760
653: 3284 3008 2571 2143 1498 1084
654: 2867 1605 1346
655: 2682 2293 2080
656: 2869
657: 3245 2111 1347 789 752
658: 2755
659: 2030 1751 1131
660: 1559 919
661: 3029
662: 3056 1462 848 717
663: 877
664: 3212 2127 1576 1075
665: 3082 2680 1895 1749 1558
666: 2547 2288 2175 1865 892 754
667: 2832 1741 1569 1513 1397
668: 2484 937
669: 1562 1406
670:
671: 2514 1204 757
672: 1711 826
673: 3100 2729 2611 2525 1942 1547
674: 3093 1152 763
675: 1294
676:
677: 718
678: 2263 2187 2138
679:
680: 2913 2598 2021 1596
681: 1422
682: 3108 731
683: 2650 1931 1761 1306 1224 1142
684: 2650 1931 1761 1224 1142
685:
686: 2814
687: 1573
688: 3146 1759
689: 2818 2584
690: 2529 973
691:
692: 3161 1127
693: 2128 788
694: 3078 2668
695:
696: 1915 1315
697: 2126
698:
699: 1765 1478 965
700: 823
701:
702: 2560 1460 1380
703: 2330 1128
704: 2568 1110
705: 1890
706: 2024 1620
707: 2973
708: 3083 2452 1925 1856 1519
709: 2776
710: 1854
711: 1435
712: 3000 2069 1580 819
713: 983
714: 802
715: 2479 1857
716: 3154 1233
717: 2935
718:
719: 3071 1627 766
720: 1479 1144
721: 2954 1617 1312
722: 2549 1691 1287 776
723: 1778
724: 944
725:
726: 1507
727:
728: 2409
729: 2689 2346 1119
730: 1561 933
731: 1709 926
732: 1736 1555 1188 1091
733: 3212
734:
735: 1451
736: 1485 1401 1193
737: 2794 1304 1257
738: 2105
739: 2122
740:
741: 1442 1083
742: 2309 1293
743: 2049 1909 1641 1266 1003
744: 2192 1445
745:
746:
747: 2211 1080
748:
749:
750: 2831
751: 2719 2267 844
752: 1652 1623 1135
753: 2142 1015 898
754: 2610
755: 3008 934
756: 1574 1150 951
757: 2587 1710 1267 1094
758: 1037 998
759:
760: 2082 835
761: 1241 1143
762:
763: 1032
764:
765: 2458 1001
766: 1969 813
767:
768: 2544 1240
769:
770: 2924 2180
771: 3033 1313 928
772: 2803
773: 2213 2070 1961 902
774: 2785 2184 1628
775: 1827 1343
776:
777:
778: 1619 1136 929
779: 948
780: 1226 1114
781: 2167 1125
782:
783: 3090 2214 1725 1624
784:
785: 976 971
786: 2489
787: 947
788:
789: 2485
790:
791: 2339
792: 2520
793: 920 861
794: 1820 1232
795:
796: 2600 2083 1870 1263 1113
797:
798:
799: 1062
800: 3218 3031 2541 2199 1922 864
801: 1072
802: 1108 996 878
803: 2163
804: 3084 1731
805: 1756
806: 2952
807:
808: 1050
809:
810: 2859 2638
811: 3243 2609 1993 1450 1252 1231
812: 2581
813: 2177 2029
814: 1722 1181 916
815: 914
816: 3276 1590
817: 1699
818: 2968 1645 1211
819: 2627 943
820: 2160 1855
821:
822: 1030
823: 1102
824:
825: 1182
826: 2420 1012
827:
828: 3295 1179 1085
829:
830: 2316 1463
831: 3138 2799 1132 896
832: 3117 2906 1027 1021
833:
834: 2512 2430 2106 1581 1565 893
835: 2684 1236 957
836: 3133 1986 1018
837: 2935 2173 1097
838: 3086 1685 982
839:
840: 2682 2293 2080 891
841: 2641 1191 1104
842: 3101 2729 2026 1942 1515
843: 2833 2289
844: 1650 1533 1308
845: 2785
846: 2425 1647
847: 2766 1902 1591 1217
848:
849: 2825
850: 1329
851: 1498
852: 2690 1909 1901 1641 1395
853: 3293 2931 1971
854:
855: 1013
856:
857: 3196 3029
858: 1616
859: 1934 1020 968
860: 1553
861: 2998
862: 1000
863: 2621 1776
864:
865: 2329 1982 1048
866: 1766 997
867: 1499
868:
869: 3310 3255 1597 1444
870:
871: 2477 2109
872: 1162
873: 2026
874:
875: 1039
876: 1421 946
877:
878: 2203
879: 3164 2937 2845 2625 2474 2230 2101
880: 1443 927
881:
882: 3048 1425
883:
884:
885: 2170
886: 1538
887: 1167 953
888: 921
889:
890: 3270
891: 1476
892: 1752
893: 2027 1932
894: 1735
895: 2150
896: 1218 1088
897: 2805 1649 1424 1157
898: 2462 2209 1775 1337
899: 2273
900:
901: 2858 1493 1126 992
902: 2728 1973
903: 1966
904: 2725 2497 2059 1292
905: 942
906: 2745
907: 1149
908: 2816
909:
910: 1818
911: 1744
912: 2900 2330 2191
913:
914:
915:
916: 1453
917: 3103 2556
918:
919: 3072 3062
920: 2454 1548
921: 3103
922: 2131 2042 2032
923: 2306 1592
924: 1248 1040
925: 1869
926: 3202 2821 2140
927: 2543 2270
928: 1928
929: 2609 1993
930:
931: 1720 1628 1212
932: 1747 1716 952
933: 3087 2363 2352
934: 1314 1210
935: 1609
936: 3078 2668
937: 2315 1921 1465 1100
938: 1033
939: 2453 2009 1872 1402
940: 1888
941:
942: 2757 1751 1079
943: 2516 1989
944:
945: 1026
946:
947:
948: 2764 2720 2265 1521 1154
949: 1054
950:
951: 1312
952: 1899
953:
954: 2204 1356
955: 2887 1440
956: 1962 964
957: 3049 2439
958: 2641 975
959: 2707 2318
960: 1520
961:
962: 3318 1952
963:
964: 2412 2359
965:
966: 3027 2019 1793 1655 1260
967: 2787 1608 1016
968: 2881 2871 1839 1782
969: 2706 2121
970: 1987 1630
971: 2691
972: 2949
973:
974:
975: 2025 1828 1461 1066 1029
976: 2746 2233 1105
977: 2383 2281 2012
978: 3226 1681
979: 2519 1882 1074
980: 1323
981: 1011
982: 1523
983: 2767 1884 1867
984: 2323 1799
985: 3300 2665 1228
986: 3245 1375
987: 3191 2034
988: 2555 1484
989: 1595 1176 1053
990: 2966 1831
991: 2780
992:
993: 2228
994: 2972
995: 1177
996:
997: 3248
998: 3271 1763 1500
999:
1000: 1745
1001: 1611
1002:
1003: 1297
1004: 3210
1005: 2865 1726
1006:
1007: 1134
1008: 1391
1009:
1010: 2109 1219
1011: 2849 1936 1550
1012: 2128 1156 1069
1013: 2769 2192 1237
1014: 2886 2120
1015: 2553 2326 1897
1016:
1017: 2504 1170
1018: 2407
1019:
1020: 1724
1021: 3210
1022: 1305
1023:
1024: 2560
1025: 3114 1301
1026: 1246
1027: 2675 1372
1028: 1875
1029:
1030: 1446 1250
1031:
1032:
1033: 2053 1754 1238 1141
1034: 3088
1035: 3278 3017 1721 1672
1036: 1169
1037: 1718 1532 1262 1155
1038: 2829 1967
1039:
1040: 1227
1041: 3291 1403 1103
1042: 2831
1043: 1165
1044: 2928
1045: 2771 2382
1046: 3102
1047: 2724 1786
1048: 2780 2738 2401 1543
1049: 3096 2917 1093
1050:
1051: 3088 1234
1052: 2231
1053: 2398 1916
1054:
1055:
1056: 2261
1057:
1058: 2894 1420
1059:
1060:
1061: 2845 2474
1062: 3025
1063:
1064:
1065:
1066:
1067: 2162 1712
1068: 2121 1803
1069: 1299
1070: 1950
1071: 1847
1072: 3199 2851 2656
1073: 2951 1610 1325
1074: 1199
1075: 1160
1076:
1077: 1106
1078:
1079:
1080: 2861 2739 1807 1682
1081: 2311 1552
1082: 3060 3032 2843 2467
1083: 2217 2169
1084: 2480 2454 1819 1548
1085: 2975 2502 1366
1086: 2135
1087: 2184
1088: 3193
1089: 2171
1090: 2587 1096
1091: 2208
1092: 1201
1093:
1094: 1567 1185
1095:
1096: 1958 1470
1097: 2556
1098: 3309 2440 2002 1910
1099: 2078 1429
1100:
1101: 3284 3156 2818 2584 1469
1102:
1103: 2074
1104: 1542
1105: 2264
1106: 1202
1107:
1108: 3139 2911 2331
1109: 3015 2157
1110: 1945
1111: 2561 1331
1112: 2870 1937 1133
1113:
1114: 3036 2161
1115: 2748 1730
1116:
1117:
1118: 2470 1728
1119: 2050 1387 1322
1120:
1121: 2813 1518 1388
1122: 2115 2089
1123: 3235
1124: 3174 2875 1180
1125: 3021 2277 1784 1516 1338
1126: 1373
1127: 2509 1196
1128: 2610 1653
1129: 2234
1130:
1131: 1737
1132: 2602 1175
1133: 1823
1134: 1601
1135: 3034
1136: 1408
1137: 1393 1303
1138: 1369
1139:
1140: 1341
1141:
1142: 1894 1688
1143:
1144: 2841 1265
1145: 2564 1384
1146: 1206
1147:
1148: 2096 1805
1149:
1150: 2146
1151: 3184 3124 3011 2555 1992
1152: 3051 2279
1153:
1154: 1795
1155: 2893 2542 1654 1618
1156:
1157: 2566
1158: 2856
1159:
1160: 2129 2015 1651
1161:
1162: 3186 2808 1811 1571
1163:
1164: 3075 2822 2183 1268
1165: 2088
1166: 3222 1800 1686
1167: 2522 2121 1426
1168: 2744 2631 1817 1290
1169: 2747
1170: 1884
1171: 2925 2837
1172: 1269
1173: 3154 1894 1577
1174: 1999 1488
1175:
1176: 1621
1177: 2114
1178: 1606 1480
1179: 2712 2709 2476 2418
1180: 2389
1181: 1702
1182:
1183:
1184: 2301
1185: 2728
1186: 2689 2346
1187: 2642 2262
1188: 1802
1189:
1190: 2779 1365
1191: 1298
1192:
1193: 1901
1194: 3197 2834 2434
1195: 2716 2123 1729
1196: 2197
1197: 3126
1198:
1199: 1288
1200: 2882
1201: 2532 2100 1427
1202: 2674 1285
1203: 1501
1204: 2622
1205: 3250
1206:
1207: 2198 1363
1208:
1209: 2764 2549 1691
1210: 2574 1868
1211:
1212: 2023 1379
1213: 3294 3016
1214: 3076 2133
1215: 1339
1216: 2001
1217: 2909
1218: 3251
1219:
1220: 3266
1221: 3196
1222: 2387 1913
1223: 2287 2241
1224: 2885
1225: 2284
1226: 3245
1227: 2411 1783
1228:
1229: 3161 3030 1862
1230: 2321 1239
1231: 2469 1536
1232: 1965 1933 1535 1357
1233:
1234:
1235:
1236:
1237:
1238:
1239: 1416
1240:
1241:
1242: 2004 1296
1243:
1244:
1245: 2662
1246: 1256
1247: 2324 2257 2014 1738
1248: 1559
1249: 2381
1250:
1251: 1551
1252: 2235 1300
1253: 2601 1676 1475 1295
1254: 2538
1255: 1324
1256: 2810 2302
1257: 3240 2593
1258: 2552 2447 1326
1259:
1260: 1310
1261: 3121 2186 1981 1563 1328
1262: 3208
1263:
1264:
1265:
1266:
1267:
1268: 2704
1269: 2751 2692 2205 1333
1270:
1271:
1272:
1273:
1274:
1275: 1764
1276: 2698
1277: 3010 2800 2177 2029
1278:
1279: 2805 2248 2005 1649
1280: 1988
1281: 3125 1549
1282:
1283:
1284: 1317
1285: 2155
1286:
1287: 2285
1288: 3232 1598
1289:
1290:
1291: 2878 1657
1292: 2235
1293: 2364
1294:
1295: 2398 2256
1296: 1514 1454
1297:
1298:
1299: 2780
1300:
1301: 1494
1302:
1303:
1304:
1305: 2503 1633
1306: 1417
1307: 2795
1308: 2118 1319
1309:
1310:
1311:
1312: 3075 2822
1313:
1314:
1315:
1316:
1317:
1318:
1319:
1320: 2548 1690
1321: 2638
1322:
1323:
1324: 1353
1325: 1960 1938
1326:
1327:
1328: 1506
1329:
1330:
1331:
1332: 1497
1333: 3185
1334: 3163 2423 1801
1335: 1864
1336:
1337: 2582
1338: 1413
1339:
1340:
1341:
1342: 2722
1343:
1344: 3099
1345: 1599
1346:
1347:
1348:
1349:
1350: 2626 1908
1351: 2091
1352: 3299 2201 1635
1353: 2782 2468 1330
1354: 1359
1355: 2606 1858
1356: 2119 2017
1357:
1358: 2526 2429
1359: 1953 1905
1360:
1361:
1362:
1363: 3296 3058
1364: 2297
1365: 2807 2097
1366: 2094 1528 1525
1367: 2640 2022 1930
1368:
1369:
1370:
1371:
1372:
1373: 1566 1378
1374: 2056
1375:
1376: 3293
1377: 2658 1546
1378:
1379:
1380:
1381:
1382: 2027
1383:
1384:
1385:
1386: 1943
1387: 3025
1388:
1389: 2986 1458 1418
1390:
1391:
1392: 2378
1393: 2969 2950
1394: 1554 1439
1395: 2449 1414
1396: 3174 2875
1397: 1394
1398: 2384 1673
1399:
1400: 2432 2139
1401:
1402: 2773
1403:
1404: 3173
1405: 1452
1406:
1407:
1408: 3035
1409:
1410: 2393
1411: 2675 2457 2073
1412: 3307
1413:
1414: 1963 1951
1415:
1416:
1417: 1660
1418: 2754 2247
1419: 2426
1420: 1991 1770
1421:
1422: 2835
1423: 3234 1646
1424: 2317
1425:
1426: 2813
1427: 2831 2800
1428: 3091
1429:
1430:
1431:
1432:
1433: 3178 2471 2390
1434: 2902 1781
1435: 3181 2958
1436:
1437: 2286
1438: 2010
1439: 2090
1440:
1441: 2081 1459
1442: 2020 1713
1443: 2915 1851 1642
1444: 2981
1445: 2054
1446:
1447:
1448:
1449: 1509
1450:
1451: 3043
1452: 2932 2581
1453:
1454: 3162
1455: 1492
1456:
1457: 2107
1458:
1459:
1460: 1670
1461:
1462:
1463: 3209 2819
1464: 1539
1465: 2941 2775
1466:
1467:
1468:
1469: 2224 1692 1504
1470:
1471:
1472:
1473:
1474:
1475: 3147 2064 1678
1476: 2933
1477: 2410 1880 1556
1478: 2016
1479:
1480: 3148
1481:
1482: 1584
1483: 2181
1484:
1485:
1486: 2528 1526
1487:
1488: 2686 1634
1489:
1490:
1491: 2493
1492:
1493: 2099 1587
1494: 2948 1693
1495:
1496:
1497:
1498: 1787
1499: 2388
1500: 3152
1501:
1502: 2667
1503: 2836 2715
1504: 1675
1505:
1506: 1665
1507: 2620 1659
1508: 2153
1509:
1510:
1511: 3115 2487 1767
1512: 2631 1817
1513:
1514: 2450
1515: 2448 2354 1733
1516: 2314 1891
1517:
1518: 2569 1643
1519:
1520: 1701
1521: 1588
1522:
1523: 2896 2071
1524: 3130
1525: 1835
1526:
1527: 2826
1528: 3060 3032 2843
1529: 2924 1677
1530: 3023
1531: 2586
1532:
1533: 2515 1517
1534: 3263
1535: 2380
1536: 2498
1537: 2200
1538:
1539: 3121
1540:
1541: 3026 2862 2789 1762
1542:
1543: 3000
1544: 3110 2935
1545: 3215 1791
1546: 2246
1547:
1548: 2213 1833 1753
1549:
1550:
1551: 2435
1552: 2699
1553:
1554: 3029
1555: 2811 1780
1556: 2104 2103
1557:
1558: 3052
1559: 2179 1979 1821
1560: 2940 1815 1739
1561:
1562:
1563:
1564: 1964
1565:
1566: 3273 1768
1567: 2340
1568: 3231
1569: 1944 1589
1570:
1571: 2358 2041 1638
1572:
1573:
1574:
1575: 3268
1576: 3292 2546 1658
1577:
1578:
1579:
1580: 3128 1980
1581: 3254
1582: 1843
1583:
1584: 1830
1585: 1886
1586: 2531
1587:
1588:
1589: 2914 2062
1590: 3136 2702 2044 1883
1591:
1592:
1593:
1594: 2972 2495
1595: 2826
1596:
1597:
1598: 2820
1599: 3086 1956
1600:
1601: 2249
1602: 1748
1603: 2210 2036
1604:
1605:
1606: 2338 1671
1607: 2141
1608: 2396
1609: 1723
1610:
1611: 2820 2339
1612: 2336
1613: 1973
1614:
1615: 3082
1616:
1617: 2763
1618:
1619:
1620: 3063 2977
1621: 1705
1622: 1859
1623: 1640
1624:
1625:
1626: 2703
1627: 2287 2241
1628: 1666
1629: 2781
1630: 2890
1631: 3186 2604 1755
1632: 1773 1687
1633: 2491
1634: 2741 2116
1635: 2213 2028
1636: 2291 1694
1637: 3280
1638:
1639: 1708
1640:
1641:
1642: 3095
1643: 2767
1644:
1645:
1646: 2863 2244
1647:
1648:
1649:
1650: 1679
1651:
1652:
1653: 2832
1654:
1655:
1656: 2238
1657: 1975
1658:
1659: 2060
1660: 2269
1661:
1662: 2565
1663:
1664: 2788 1743
1665: 2185
1666: 2623
1667:
1668: 3146
1669:
1670: 1727
1671: 2117
1672: 3308
1673: 2633
1674: 2140 2052
1675:
1676: 2892
1677: 2919 2350
1678: 1648
1679: 2518 2472
1680: 2906
1681:
1682: 2711
1683: 1806
1684: 2051
1685:
1686:
1687: 2448
1688:
1689:
1690: 1896
1691: 3160 2687
1692: 2863
1693:
1694:
1695: 2203
1696:
1697:
1698:
1699:
1700: 2689 2346 1661
1701: 2905
1702: 2759 2077
1703:
1704: 1719
1705:
1706:
1707: 3018
1708:
1709:
1710: 2876
1711: 2860 2332
1712:
1713:
1714: 1826
1715:
1716: 3208
1717:
1718:
1719:
1720: 2852
1721:
1722:
1723: 3315 2588
1724: 2679 1838
1725: 3001 1689
1726:
1727:
1728: 2931
1729:
1730:
1731:
1732: 2850
1733: 2046
1734:
1735:
1736: 2828
1737: 2110
1738: 2299
1739:
1740: 1887
1741: 1814
1742: 2695 1994
1743: 2490
1744: 2695
1745: 2562
1746:
1747:
1748: 2178 1923
1749: 2007
1750:
1751: 2278
1752: 2310 1926
1753: 2130
1754:
1755: 3077
1756: 3106 2421
1757: 2406
1758:
1759: 3123 2342
1760:
1761:
1762:
1763:
1764: 2240
1765: 1757
1766:
1767: 2329
1768: 2043
1769:
1770: 2953
1771: 2705
1772:
1773:
1774: 3002
1775:
1776:
1777:
1778:
1779: 3092 3064
1780: 3236
1781:
1782:
1783: 2697
1784:
1785:
1786: 2904 1946
1787: 1834
1788: 1758
1789:
1790: 2708
1791:
1792: 3177
1793:
1794:
1795: 3194
1796: 3265
1797: 2362
1798:
1799:
1800: 2239
1801:
1802:
1803: 1866
1804: 2108
1805: 2868 2048 1825
1806: 2645
1807: 2545
1808: 3132 2923 2337 2254
1809:
1810: 2925 2837 2733 2045
1811: 3283
1812: 2660
1813: 3023
1814:
1815:
1816:
1817:
1818:
1819:
1820:
1821:
1822: 1794
1823: 2616 2296
1824: 1860
1825: 2272
1826:
1827: 3233 2194
1828:
1829: 2797
1830:
1831: 2679
1832:
1833: 3159
1834:
1835:
1836: 2838 2613 1984 1853
1837:
1838:
1839:
1840: 2903
1841: 2974 2252
1842: 2578 2349
1843:
1844: 2222
1845: 2932 1881
1846:
1847:
1848:
1849: 2300
1850: 2585
1851: 2242
1852:
1853: 3111
1854:
1855:
1856:
1857: 2431 2371
1858:
1859: 1954
1860:
1861:
1862: 3211 1871
1863: 1976
1864: 2812
1865: 1906
1866: 2901 2047
1867:
1868:
1869:
1870:
1871: 1907
1872:
1873: 1917
1874: 3039
1875: 2895 2374
1876:
1877:
1878:
1879:
1880:
1881:
1882:
1883:
1884: 2189
1885: 2912 1990
1886:
1887: 2304
1888: 2216
1889:
1890:
1891:
1892:
1893:
1894:
1895:
1896: 2255
1897:
1898: 2599
1899:
1900:
1901: 2830 2570
1902:
1903:
1904: 3138 2799
1905:
1906:
1907:
1908: 3119
1909: 2790
1910: 2259
1911: 2057
1912:
1913:
1914:
1915:
1916: 2646 1876
1917: 2482
1918: 2193
1919: 2258
1920:
1921:
1922:
1923:
1924:
1925:
1926:
1927:
1928:
1929: 2955
1930:
1931:
1932:
1933:
1934: 2145
1935:
1936:
1937: 2918
1938:
1939:
1940:
1941: 3038
1942:
1943:
1944:
1945:
1946:
1947: 2343
1948:
1949:
1950: 2334
1951: 2308
1952: 2166
1953:
1954:
1955:
1956: 2205
1957: 2013
1958:
1959:
1960: 2055
1961:
1962: 2644 1940
1963:
1964:
1965:
1966: 2752
1967:
1968:
1969: 3012 2124
1970: 2369 1995
1971: 2910 2271
1972:
1973: 2392 2356 2223
1974:
1975:
1976: 2237
1977: 2195
1978:
1979: 2395 2328
1980:
1981:
1982: 3311 2093
1983: 3279 2164 2063
1984: 3050 2283
1985: 2377
1986: 3220
1987: 2190
1988:
1989:
1990:
1991:
1992: 2144
1993: 1970
1994:
1995:
1996:
1997:
1998: 2721 2634
1999:
2000: 2707
2001:
2002:
2003:
2004: 3160
2005:
2006: 2424 2136
2007:
2008: 2065
2009: 2540 2427
2010: 2906 2245
2011: 2727
2012: 2539 2367
2013:
2014: 2225
2015: 2487
2016:
2017:
2018: 3179 3020
2019:
2020:
2021: 3122
2022:
2023:
2024:
2025:
2026:
2027: 2892 2478 2095
2028:
2029:
2030:
2031: 2772
2032: 2236
2033:
2034:
2035: 2917
2036: 2260 2072
2037:
2038:
2039: 2688
2040: 2757
2041:
2042: 2961
2043:
2044: 2840
2045: 2031
2046:
2047:
2048: 2596
2049: 3158
2050: 3201
2051: 2488
2052:
2053:
2054: 2505
2055: 2040
2056:
2057:
2058: 2793 2351
2059:
2060:
2061:
2062: 2253
2063:
2064:
2065:
2066: 2842
2067:
2068:
2069: 2921
2070:
2071:
2072:
2073: 2112
2074: 2899
2075: 2500
2076: 2134
2077:
2078: 2035
2079: 2624
2080:
2081: 2992 2441
2082: 2536
2083:
2084: 3171 2615 2149
2085:
2086:
2087: 2483
2088:
2089:
2090:
2091:
2092: 2416 2366
2093:
2094:
2095:
2096: 2936 2874 2676
2097: 2801
2098:
2099:
2100:
2101: 2525
2102:
2103:
2104:
2105:
2106:
2107:
2108: 2677
2109:
2110:
2111:
2112:
2113: 2750 2188
2114:
2115:
2116: 2608
2117: 3135
2118:
2119: 2664
2120:
2121:
2122:
2123:
2124:
2125: 2683 2066
2126: 2370
2127:
2128:
2129: 2758 2438
2130: 3176 3141 2632
2131:
2132:
2133: 2659
2134: 3303
2135:
2136: 3118 2353
2137:
2138:
2139:
2140:
2141:
2142:
2143:
2144:
2145: 3066
2146:
2147:
2148:
2149: 2996
2150: 2857 2385
2151:
2152:
2153: 2433
2154: 2712 2709 2476 2418
2155:
2156: 2567
2157:
2158: 2612 2087
2159:
2160: 3137
2161: 3196
2162:
2163:
2164: 3167
2165:
2166: 3108
2167:
2168:
2169:
2170:
2171: 2994
2172: 3131 2742
2173: 3250
2174: 2782 2468
2175:
2176:
2177:
2178:
2179:
2180:
2181: 2590
2182: 3228
2183: 2976 2926
2184:
2185:
2186: 2738 2355
2187:
2188: 3137
2189:
2190: 3315 2588
2191:
2192:
2193:
2194: 2783
2195:
2196:
2197:
2198:
2199:
2200:
2201:
2202:
2203: 3054
2204: 2879 2506
2205:
2206: 3213 2980
2207: 2422 2379
2208: 3040
2209:
2210:
2211:
2212: 3149
2213: 2594 2554
2214:
2215:
2216: 2317
2217: 3188 2792
2218: 3184
2219:
2220:
2221: 2784 2637
2222:
2223:
2224:
2225: 2693
2226:
2227: 2202
2228:
2229: 2970
2230: 3317
2231:
2232:
2233: 2730 2575
2234:
2235:
2236:
2237:
2238:
2239: 3259
2240: 3214
2241: 3313 2999
2242: 2386
2243:
2244: 3042
2245: 2921
2246: 2413
2247: 3175
2248:
2249:
2250:
2251:
2252:
2253:
2254:
2255:
2256: 2307
2257:
2258:
2259: 2873
2260: 2344
2261:
2262:
2263:
2264: 2221
2265: 3281 3160 2218
2266:
2267:
2268:
2269:
2270:
2271:
2272:
2273: 3053
2274: 2930 2713
2275: 2908 2761
2276: 2376
2277:
2278: 3195 2591
2279:
2280: 2717
2281: 3290
2282:
2283: 2537
2284:
2285: 2877
2286:
2287:
2288:
2289:
2290:
2291:
2292:
2293:
2294:
2295:
2296:
2297:
2298: 2670
2299:
2300:
2301:
2302:
2303:
2304:
2305:
2306: 2250
2307:
2308:
2309: 2690
2310:
2311: 3044 2965 2648
2312:
2313: 2815
2314:
2315:
2316:
2317: 2550
2318: 3000
2319:
2320:
2321:
2322: 3304 2617
2323: 2322
2324:
2325:
2326:
2327: 3249
2328: 2586
2329:
2330: 3137 2974
2331: 2473 2268
2332:
2333: 3185
2334: 2635
2335:
2336:
2337:
2338:
2339:
2340: 2266
2341:
2342: 3140
2343: 2884
2344: 2576
2345: 2967
2346:
2347: 2979
2348:
2349:
2350:
2351: 2990
2352:
2353:
2354:
2355: 2717 2405
2356: 2865
2357: 2347
2358:
2359: 2621
2360: 2947 2701
2361: 3272
2362:
2363:
2364: 2335
2365:
2366: 3312 2517
2367:
2368:
2369:
2370:
2371: 3059
2372: 3046
2373:
2374: 2319
2375:
2376:
2377:
2378:
2379:
2380:
2381:
2382:
2383:
2384:
2385:
2386:
2387:
2388: 2791
2389:
2390:
2391: 3065
2392: 3081
2393:
2394:
2395:
2396:
2397: 2765
2398:
2399:
2400:
2401:
2402:
2403: 3187 2437
2404:
2405: 3057
2406:
2407: 3256
2408:
2409:
2410: 2726
2411:
2412:
2413: 2844
2414:
2415:
2416:
2417:
2418: 2629
2419: 2530
2420:
2421:
2422: 3172
2423:
2424:
2425:
2426:
2427:
2428:
2429: 2753
2430: 2657
2431: 2463 2443
2432:
2433:
2434:
2435:
2436:
2437:
2438: 2883
2439: 2652
2440:
2441:
2442: 3267
2443: 2597
2444: 3218 3031
2445: 2579
2446:
2447: 2333
2448:
2449:
2450:
2451: 2603
2452:
2453:
2454:
2455:
2456: 2605
2457:
2458:
2459:
2460:
2461: 2455
2462: 2770
2463: 2971
2464:
2465:
2466:
2467:
2468: 2760
2469: 3189
2470:
2471:
2472:
2473:
2474:
2475: 2563
2476:
2477:
2478:
2479:
2480: 2501
2481: 2995
2482:
2483:
2484:
2485:
2486: 2655
2487:
2488: 2938
2489:
2490:
2491:
2492:
2493:
2494:
2495: 3069 2639 2507
2496: 3109
2497:
2498:
2499:
2500:
2501:
2502:
2503: 2944
2504: 2428
2505:
2506: 2898 2774
2507:
2508:
2509:
2510:
2511:
2512:
2513:
2514:
2515:
2516:
2517:
2518:
2519:
2520:
2521:
2522:
2523: 2861 2739
2524:
2525:
2526:
2527: 3109
2528:
2529:
2530:
2531:
2532:
2533:
2534: 2533
2535:
2536: 2960
2537:
2538:
2539:
2540:
2541:
2542:
2543:
2544: 2733
2545:
2546:
2547: 3068 2732
2548:
2549:
2550:
2551:
2552: 2628
2553: 2614
2554:
2555:
2556:
2557:
2558:
2559:
2560:
2561:
2562:
2563: 2461
2564: 2666
2565: 2460
2566:
2567:
2568:
2569:
2570:
2571:
2572:
2573: 3105
2574: 2827
2575:
2576:
2577:
2578: 3238
2579:
2580:
2581:
2582:
2583: 2907 2809 2510
2584:
2585:
2586:
2587: 3204
2588:
2589:
2590:
2591:
2592:
2593:
2594:
2595:
2596: 2618
2597:
2598:
2599:
2600:
2601:
2602:
2603:
2604: 2978
2605:
2606:
2607:
2608:
2609:
2610: 3223 2945
2611: 2982
2612:
2613:
2614: 2959
2615:
2616:
2617:
2618: 3145
2619:
2620:
2621:
2622:
2623: 2661
2624:
2625: 3125
2626:
2627: 3158
2628: 3024
2629:
2630:
2631:
2632:
2633:
2634: 2786
2635:
2636:
2637: 3297
2638: 2583
2639:
2640:
2641:
2642:
2643:
2644: 3089
2645:
2646:
2647:
2648: 2768
2649:
2650:
2651:
2652:
2653: 2983
2654:
2655:
2656: 3248
2657:
2658:
2659:
2660:
2661:
2662:
2663:
2664:
2665:
2666:
2667:
2668: 3182
2669:
2670:
2671: 3059
2672:
2673:
2674:
2675:
2676:
2677:
2678:
2679:
2680:
2681: 2891
2682:
2683:
2684: 3013
2685: 3074
2686:
2687:
2688:
2689:
2690:
2691:
2692:
2693:
2694:
2695:
2696:
2697:
2698: 2880 2824
2699:
2700:
2701:
2702:
2703:
2704:
2705:
2706: 2872
2707:
2708:
2709:
2710:
2711:
2712:
2713:
2714:
2715: 3234
2716:
2717:
2718:
2719: 2956
2720:
2721:
2722:
2723:
2724: 2987
2725:
2726:
2727:
2728:
2729: 2854
2730:
2731: 3045
2732:
2733:
2734:
2735:
2736:
2737:
2738:
2739:
2740:
2741:
2742:
2743:
2744:
2745:
2746: 2934
2747:
2748: 2696
2749:
2750: 3227
2751:
2752:
2753:
2754:
2755:
2756:
2757: 3104
2758:
2759:
2760:
2761:
2762:
2763:
2764:
2765:
2766: 2929
2767: 2734
2768:
2769: 3061
2770:
2771:
2772:
2773:
2774:
2775: 3143
2776:
2777:
2778:
2779:
2780:
2781:
2782:
2783: 3229
2784:
2785: 3261
2786:
2787:
2788:
2789:
2790: 3005
2791:
2792:
2793:
2794:
2795:
2796:
2797:
2798:
2799:
2800:
2801:
2802:
2803:
2804:
2805:
2806: 3212
2807:
2808:
2809:
2810: 3019
2811: 2927
2812:
2813:
2814:
2815:
2816:
2817:
2818:
2819: 3070
2820:
2821:
2822:
2823:
2824:
2825:
2826:
2827:
2828:
2829:
2830:
2831:
2832:
2833:
2834:
2835:
2836:
2837:
2838:
2839:
2840:
2841:
2842:
2843:
2844:
2845:
2846:
2847:
2848:
2849: 3169
2850: 3269
2851: 3274
2852:
2853:
2854:
2855:
2856:
2857:
2858:
2859:
2860:
2861:
2862:
2863:
2864:
2865:
2866:
2867:
2868:
2869:
2870:
2871:
2872:
2873: 3275
2874:
2875:
2876:
2877:
2878:
2879:
2880: 2939
2881: 2847
2882:
2883: 3142
2884: 3085
2885:
2886:
2887:
2888:
2889: 3198
2890:
2891:
2892: 3298
2893:
2894:
2895:
2896:
2897:
2898:
2899:
2900:
2901:
2902:
2903:
2904: 3205
2905:
2906:
2907:
2908:
2909:
2910:
2911:
2912:
2913:
2914:
2915:
2916:
2917:
2918:
2919:
2920: 3262
2921:
2922:
2923:
2924: 3219
2925:
2926:
2927:
2928:
2929:
2930:
2931:
2932:
2933:
2934: 3006 2920
2935:
2936:
2937: 3217
2938:
2939:
2940:
2941:
2942:
2943:
2944:
2945:
2946:
2947:
2948:
2949:
2950: 3207
2951:
2952:
2953:
2954:
2955:
2956: 2942
2957:
2958:
2959: 3134
2960:
2961:
2962:
2963:
2964:
2965:
2966:
2967:
2968:
2969:
2970:
2971:
2972:
2973:
2974:
2975:
2976:
2977: 3124
2978:
2979:
2980:
2981: 3094
2982:
2983:
2984:
2985:
2986: 3180
2987:
2988:
2989:
2990:
2991: 3253 3246 3079
2992:
2993:
2994:
2995:
2996:
2997:
2998:
2999:
3000:
3001:
3002:
3003:
3004:
3005:
3006:
3007:
3008:
3009: 2988
3010:
3011:
3012:
3013:
3014:
3015:
3016: 3129
3017: 3190
3018:
3019:
3020: 3316 3080
3021:
3022:
3023:
3024:
3025: 3165
3026:
3027:
3028:
3029:
3030:
3031:
3032:
3033:
3034:
3035:
3036: 3198
3037:
3038:
3039:
3040:
3041:
3042:
3043:
3044:
3045:
3046:
3047:
3048:
3049:
3050: 3155
3051:
3052:
3053:
3054:
3055:
3056:
3057:
3058:
3059:
3060:
3061:
3062: 3282
3063: 3183
3064: 3168
3065:
3066:
3067:
3068:
3069:
3070:
3071:
3072: 3113
3073:
3074: 3206
3075:
3076:
3077:
3078:
3079:
3080:
3081: 3287
3082:
3083:
3084:
3085:
3086:
3087:
3088:
3089: 3150
3090:
3091:
3092:
3093:
3094:
3095:
3096:
3097:
3098:
3099:
3100:
3101:
3102:
3103:
3104:
3105:
3106:
3107:
3108:
3109:
3110:
3111:
3112:
3113:
3114:
3115:
3116:
3117:
3118:
3119:
3120:
3121:
3122:
3123:
3124:
3125:
3126:
3127:
3128:
3129:
3130:
3131:
3132:
3133:
3134:
3135: 3151
3136:
3137:
3138:
3139:
3140:
3141:
3142:
3143:
3144:
3145:
3146:
3147:
3148:
3149:
3150:
3151:
3152:
3153:
3154:
3155:
3156:
3157:
3158:
3159:
3160:
3161:
3162:
3163:
3164:
3165:
3166:
3167:
3168:
3169:
3170:
3171:
3172: 3252
3173:
3174:
3175:
3176:
3177:
3178:
3179:
3180:
3181:
3182: 3203
3183:
3184:
3185:
3186:
3187:
3188:
3189:
3190:
3191:
3192:
3193:
3194:
3195:
3196:
3197:
3198:
3199:
3200:
3201:
3202:
3203:
3204:
3205:
3206:
3207:
3208:
3209:
3210:
3211:
3212:
3213:
3214:
3215:
3216:
3217:
3218: 3239
3219:
3220:
3221:
3222: 3244
3223:
3224:
3225:
3226:
3227:
3228:
3229:
3230:
3231:
3232:
3233:
3234:
3235:
3236:
3237:
3238:
3239:
3240:
3241:
3242:
3243:
3244:
3245:
3246:
3247:
3248:
3249:
3250:
3251:
3252:
3253:
3254: 3302
3255:
3256:
3257:
3258:
3259:
3260:
3261:
3262:
3263:
3264:
3265:
3266:
3267:
3268:
3269:
3270:
3271:
3272:
3273:
3274:
3275:
3276:
3277:
3278:
3279:
3280:
3281:
3282:
3283:
3284:
3285:
3286:
3287:
3288:
3289:
3290:
3291:
3292:
3293:
3294:
3295:
3296:
3297:
3298:
3299:
3300:
3301:
3302:
3303:
3304:
3305:
3306:
3307:
3308:
3309:
3310:
3311:
3312:
3313:
3314:
3315:
3316:
3317:
3318:
3319:
3320:
