1: 288 88 40 26 21 1
2: 2725 20 16
3: 2759 2693 1638 1168 469 446 339 338 271 257 247 177 160 142 101 87 65 58 54 46 30 25 7
4: 2825 2105 1829 1666 1411 1339 1327 979 945 795 782 643 537 522 442 439 408 394 343 194 121 120 36 10 8 3
5: 2523 2182 2093 1782 1768 1490 1297 1231 1036 635 466 333 79 5 2
6: 2298 2170 1893 1557 1509 1398 965 909 707 700 690 570 483 434 421 313 267 128 18 4
7: 2345 528 351 190 163 132 80 22
8: 2470 2080 1868 1764 1704 1555 691 446 247 160 101 42 38 25
9: 2832 2241 2157 1659 1525 1503 1344 1024 991 958 939 816 597 536 329 230 11
10: 1440 1209 991 805 756 597 440 322 230 186 112 73 53 13 11 9
11: 2602 12
12: 2293 1346 1122 477 422 92 41 33 6
13: 1891 521 387 221 197
14: 2170 1398 909 707 700 128
15: 2409 2217 2136 2078 1878 1751 1616 1512 1168 1047 978 257 177 166 58 54 35
16: 2602 2494 2218 2193 1642 1078 1068 883 533 447 224 181 167 49
17: 2298 434 267 60 18
18: 2539 2423 2205 2001 666 265 117 98 85
19: 1384 310 223 28
20: 2557 2377 1837 1073 999 930 918 884 93 51 37
21: 2605 2494 2337 2193 1946 1685 1635 1273 991 655 597 587 230 224 198 167 152 90 83
22: 2458 2404 2238 1889 1429 1283 1228 1054 823 795 634 591 522 324 270 232
23: 2105 782 643 537 408 109 77
24: 2641 1300 1234 878 200 178
25: 2830 2653 2180 2048 1300 878 200 184 178 24 23
26: 2759 1638 469 271
27: 365 72 15
28: 337 304 208 32 19
29: 2172 1483 1406 1216 379 115 74 57 56 14
30: 1968 1923 1729 1454 1436 992 973 970 744 452 373 249 39 17
31: 2424 841 557 489 59 27
32: 2634 2334 1380 234 204 34 31
33: 265 98 29
34: 1874 1705 1504 493 420 378 225 66
35: 2816 2291 2043 1735 1512 166
36: 2808 2077 1012 766 628 485 471 398 312 311 130 129 97
37: 1642 533 447 181 49
38: 1182 1153 84
39: 1722 683 413 134 95
40: 2399 354 315
41: 1509 483 250 44
42: 2388 364 235 171 52 47
43: 2440 1688 519 144 64
44: 2574 1383 1152 1117 1096 718 710 244 89 43
45: 1240 491 103 76 50
46: 2404 2051 1536 1472 1274 1054 823 436 216 168 48
47: 2759 1638 1593 1003 618 602 576 469 468 271 179
48: 1046 266 122
49: 2747 1253 1146 875 851 269 260 86
50: 2162 511 506 459 114
51: 1917 1449 1339 442 394 45
52: 384 291
53: 1773 1135 71 62
54: 2309 2079 1713 1443 1278 585 68
55: 2355 2051 1515 1435 1274 1151 636 530 264 261 153
56: 2090
57: 2116 1723 1593 619 516 468 309 193 137 131
58: 1118 547 298
59: 866 435 383 368 255 67
60: 2723 2369 1299 1061 1027
61: 2221 1899 1896 1003 974 375 283 222 195 174 159 91 82
62: 2628 1279 1071 279 156 55
63: 1266 359 287 141 105
64: 325 140
65: 2489 1699 1541 1320 1062 641 227 202 61
66: 1246 102
67: 2780 2574 2051 2007 1854 1779 1761 1725 1576 1274 1152 1117 1096 567 534 138 135 123
68: 690 570 313
69: 2082 1790 1476 609 484 344 218 169 63
70: 2414 2156 952 740 626 254 94
71: 2414 2156 590 96
72: 2767 2611 81 69
73: 2083 594 275
74: 508 431 172 78 75 70
75: 2190 1982 1390 1367 1212 1210 986 895 760 708 550 199
76: 1914 1807 1480 1182 916 820 735 286
77: 2722 2582 2132 1556 574 278 205 162 157 99
78: 2671 142
79: 2724 2124 754 664
80: 1497 789 395
81: 1575 147
82:
83:
84: 2688 2307 2306 2038 1862 1789 1733 1695 1687 1371 946 931 822 786 769 661 541 453 352 348 111
85: 2194 1496 125
86: 2667 2648 2485 2105 1747 1384 1050 879 866 836 734 435 383 368 314 258 255 219 165
87: 1371 946 352
88: 781 289 246
89: 996 183 151 149 148
90: 2523 1782 1768 1297 1231 113 104
91: 126 119
92: 1710 1509 1316 571 561 528 351 213
93: 2059 1946 1635 587 198 152
94: 1406 1216 150
95: 2116 619 137 110 100
96: 2181 1940 592 116
97: 1744 1412 581 256
98: 2780 2429 2007 1854 1761 1576 567
99: 2201 2066 1905 1863 1270 682 185
100: 2631 2182 2093 1571 635 466 207 176 108
101: 2078 2051 1274 1201 1003 978 436
102: 1762 1214 1006 853 450 441 405 290 145
103: 2051 1274 436
104: 1313 1035 1007 241
105: 1646 1609 1072 212
106: 2410 479 191
107: 2045 660
108: 2825 979 439 343 106
109: 2458 1890 1283 634 591 242 158
110: 2778 1046 748 107
111: 2778 1201 784
112: 1593 468 309 236
113: 2664 2179 1497 817 789 210 182
114: 1234 793 613 215 139 118
115: 2201 2105 2081 2066 1905 1896 1863 1620 1276 1270 1109 1003 782 682 643 375 222 195 174 159
116: 2388 2051 1274 436 412 336 251 216 168
117: 1677 715 584 175 146 136
118: 1324 1012 628 471
119: 772 127
120: 2238 1228 272
121: 2246 1179 274 229 180 170 124
122: 2225 1387 1290 374
123: 2523 1782 1768 1334 1297 1231 590
124: 2173 188
125: 2018 1780 285 187
126: 2110 515 400
127: 1710 571
128: 2657 2411 1722 1269 1060 683 413 301 259
129: 1750 1446 778
130: 890
131: 1949 1899 1416 1384 974 859 706
132: 2632 1176 214 201
133: 362
134: 1650 832 717 253 240
135: 1968 1729 155
136: 2078 1975 888 527 209 133
137: 788
138: 270 232
139: 1400 211
140: 1431 1005 280 154 143
141: 2717 2651 853 290
142: 2525 1470 1413 1034 844 746 427
143: 2504 2372 1560 1432 865 499 237 164
144: 1038
145: 2686 2096 494 397
146: 2336 2090 1327 945 226
147: 2845 2078 1088 978 846
148: 2707 1214 1006 441
149: 2808 2388 2077 1866 725 503 381 161
150: 2664 2569 2535 2505 2452 2316 2179 1217 1030 817 629 525 206 173
151: 2412 1949 1927 1554 893 859 720 438
152: 217
153: 2523 2464 1077 307 192
154: 2009 1975 1820 1440 1209 1131 243 239 189 186
155: 757 292
156: 2817 1949 859
157: 2832 1722 1525 1344 1009 939 683 536 413 329
158: 1865 526
159: 2061 233
160: 2631 2023 1221 1128 509 245
161: 2196 1771 273
162: 1910
163: 2321 645 514
164: 915
165: 2192 783 458
166: 2552 2245 2084 2024 1967 1639 1257 464
167: 203
168: 2750 826 389 367 282 262
169: 1713 1443 327 196
170: 805 322
171:
172: 2750 2257 2201 2162 2066 1905 1867 1863 1641 1578 1505 1270 826 618 602 576 511 506 459 389 367 282 262
173: 1762 450 405
174: 1497 998 789 518 372 281
175: 1568 829
176: 2015 1267
177: 2333 768 308
178: 231
179: 608 382
180: 2780 1267 532 411 341 228
181: 1405 538
182: 2302 1346 445
183: 2306 1789 769
184: 1839 423
185: 2579 306
186: 1127 501 385
187: 238 220
188: 2810 827 676
189: 2219 1001 323
190: 2138 1316 561
191: 1906 443 330 316
192: 2177 1289 490 248
193: 2302 1917 1539 1449 470 461
194: 1164 331
195: 1775 1655 1362 1200 1081 652 621 520 303
196: 1982 1390 1367 1210 1174 986 895 550
197: 1174
198: 2462 2396 2188 1717 1211 880
199: 966 588
200: 2513 2402 1046 406
201: 1165 977 777
202: 2508 2120 2065 599 513 326
203: 2619 2480 2121 1763 1628 932 302
204: 2585 2293 2135 1826 1345 1059 268
205: 2771 1815 751
206: 2247 2098 1540 697 472 284
207: 2531 1315 277
208: 748
209: 1062
210: 1921 1813 456 252
211: 1811 1610 583
212: 2404 1054 823 360
213: 2459 1501 317
214: 2133 332
215: 1091 623 611
216: 2632 1176 350
217: 1069 488
218: 1191 957 802
219: 2825 2549 2489 1906 1699 1604 1541 998 979 675 507 503 402 350 263
220: 2809 2758 1993 1762 1667 1385 1237 1075 450 405 363
221: 1074
222: 714 370 299
223:
224: 2169 1139 596 294
225: 2142
226: 1743 496
227:
228: 998
229: 2148 454 393
230: 586 358
231: 1921 1813 1747 871 463 334
232: 1637
233: 1093 369 342
234: 319 293
235: 524 475 429
236: 2342 2102 1951 1942 1492 1334 1175 1155 1040 639 566 391 321
237: 1105
238: 2630 2450 2172 1839 1436 1069 970 849 736 633 488
239: 1308 811 305
240: 1024
241: 1438 539 356 295
242:
243: 809 555 297
244: 2605 1336 1288
245: 1376
246:
247: 1383 718 710 417
248: 2716 1874 1024 969 949 601 497 366
249: 1354 921
250: 1807 1480
251: 796 276
252: 1866 725
253: 1165 377 335
254:
255: 419
256: 2197 1403
257: 399
258: 2691 2291 2043 1989 749 500 430
259: 1429 324
260: 1252 296
261: 2781
262: 2725 1246 1103 771
263: 724 449
264: 818 552
265: 818 568 552 508 431
266:
267: 1252 1048
268: 2687 2274 2258 2200 1870 1031
269: 481
270: 1742
271: 1644 1282 1222
272: 2390 1828 993 929 716 695 414
273: 987 849 736
274: 1128 509
275: 2663 2641 1938 559 554
276: 2594 2376 1053 418
277: 1902 1816 1531 1017 741 462
278: 2638 328
279: 2136 1047 300
280: 1460 678 416
281: 761 693
282: 2032
283: 2549 1604 675 402
284: 2671 2488 1391 340
285: 1145
286: 2467 2219 1419 1144 654
287: 2257 1641 1578 492
288: 2807 553 346
289: 2535 2452 2440 1688 1153 1030 519 409
290: 2657 2411 1060
291:
292: 2112 770
293: 2676 2659 1180 672
294: 1884
295: 639 355
296: 2526 573 517 396
297: 2342 2174 1942 1492 1042
298: 2421 2252 1606 1399 1359 1356 1308 811 595 487
299: 2252 2109 1611 1606 1359 1356 424
300: 1722 1526
301: 2544 1542 473 392
302: 399
303: 2501 1235 852
304: 2806 2645 2569 2448 2370 1608 948 318
305: 460
306: 1313 579 556 347
307: 549
308: 2303 2108 1845 1535 711 575
309:
310: 2828 415
311: 2739 345 320
312: 2470 1580 1424 847 564 426
313: 2804 2207 924 801 657 589
314: 1108
315: 2128 1737 1626 1358 1064 872 428
316: 562
317: 407
318: 1727
319: 2499 600
320:
321: 386
322: 2346 1899 934 779
323: 1884 546
324: 2298 1866 725
325: 2237 1510 1252 474
326: 1701 785
327: 2848 361
328: 1852 956 388
329: 1901 1755 927 535 437
330: 1255
331: 2316 629 525
332: 2601 1087 542
333: 2174 2015 954
334: 2430 1580 688 451 432
335: 1740 551
336: 1136 615
337: 1346 380
338: 802 349
339: 2322 2018 1780 644
340: 737
341: 2590 1466 353
342:
343: 2494 2193 1173
344: 2761 988 548 425
345: 923 810
346:
347: 1923 973 744
348: 2257 1641 1578 492 357
349: 2569 2412 1927 1750 1446 1363 1217 893 778 720
350: 2288
351:
352: 2602 2372 1969 1560 1482 1432
353: 1411
354: 2809 2758 1075
355: 2372 1560 1432
356: 2716 1745
357: 2198 2131 920 774 578
358: 2631 495
359: 2020
360: 1375 1008 922 670
361: 1393
362: 1241 403
363: 2523 2266 1782 1768 1375 1297 1231 1149 1008 1004 922 670 510
364:
365: 776
366: 2636 376
367: 1844 1113
368: 1554 1170
369: 2512 698
370: 1749 1533 1189
371: 2173 1267
372: 2577 371
373: 2646 2561 2280 2196 1950 1895 1771 1648 1428 1402 1025
374: 2062 1348 1298 1241 1116
375: 901 631
376:
377:
378:
379: 2152 1309 1163 531 457
380: 1324 762 617
381: 2674 2033 1939 1752
382: 1785 680 671
383: 2724 2484 1878 1751 1029 410
384: 1817 1705 1504 759
385: 2585 2307 1862 1826 1345 931 822
386: 855 582 486
387: 1363 390
388:
389: 1109
390: 1171 569
391: 2613 983 773 455
392: 1715 1582 944 668
393: 1199 448
394: 1323 1115 806
395: 1943 914 401
396: 2263 2165 1422
397: 2620 2498 2426 1430
398: 2360 1206 433
399: 1765
400: 1730 1567 907 650
401: 1092 985 730
402: 2089 404
403: 2345 1497 789 665
404: 1016
405: 1987 1352 1111 669
406: 834
407:
408: 1673 1044 808 673
409: 1898 951 919 858
410: 1934
411: 1106
412: 2405 2233
413: 2336 465
414: 1918 1831 687 565
415: 1580 847
416: 1471 505
417: 2845
418: 2479 2372 2163 1572
419:
420: 1651 659
421: 2822 2277 1704 758
422: 2638 1619 512
423: 1970 854 705
424: 1618 1566 892
425: 572
426: 1318 876 874 467
427:
428:
429: 1999 624
430: 1444 1110 767 444
431: 2272 1513 787 627 614
432: 2820 1286 984 606
433: 558
434: 2362 560
435: 1993 1385
436: 2763 925 699
437: 2209 1552 1527
438: 1800 1588
439: 2460
440: 2646 1895 649 638
441: 2561 2280 1950 1648 1428 1402 1342 1045 1025 745 593
442: 2752 2320 2167 1663 1484 831
443:
444: 1070 1065 651
445: 1520 1219
446: 2061
447: 478
448: 2291 2043 580
449: 1185 1067
450: 1914 1522 916 820
451: 2276 982 942 662 498
452: 1586 1416
453:
454: 2508 2319 2065 1372 961
455: 990
456: 1660 1421 1058
457: 1920
458: 1277 891 605
459: 1672 1415 877 755
460: 2830 1178 972 800 721
461: 2709 1806 995 959 685
462: 1018 544
463: 1511
464:
465: 1526 1215
466: 1450
467: 2155 1394 1041 898
468: 658 563
469: 2044 963
470: 1088 846
471: 2058 1900
472: 1503 958 816
473:
474:
475:
476: 1676 703
477: 1015
478: 2524 1550
479: 2453 1447
480: 1657 1227 482
481: 1097 523
482: 1291
483: 2699 2126 1591 764 476
484: 1534 529
485: 2691 2486 1989
486: 2634 2334 2189 2121 1763 1380 540
487: 1776 791 480
488: 1670 1166 502
489: 1028 677
490: 727
491: 2023 1221 612
492: 2081 1276 1130
493: 2625 1555 691 504
494: 2553 1261
495: 2395 1264
496: 2785 2408 1495 1370
497: 1620
498: 2198 2131 2005
499: 2702 1786 1693 1678 1467
500: 1102 1098 882
501: 1521
502: 2067 1909
503: 2407 1082 743
504:
505: 1522 545
506:
507: 756
508: 1182 812
509: 603
510: 1244 1229
511: 2690 2369 1299 837
512: 902
513: 2313 1477 1310 713
514: 726 543
515: 896 577
516: 709
517: 2805 2076 1674 1275 845
518: 1435 1271 1121
519: 2783 2608 1886 610
520: 962
521: 1913
522: 1042 821 674
523: 2409 1616 843
524: 1435 1151
525: 2506 2164 1899 1558 974
526: 1736 632 630
527: 1021
528: 2265 1958 1756 1160 667
529: 2581 2341 616
530:
531: 2484 900 653
532: 2157 1659
533: 2605 1273 655
534: 2196 1771 780 604
535: 2761 2326 2013 1473 988
536: 637
537: 839 712
538:
539: 2533 1674 1192 912 742
540: 889
541: 2010
542:
543:
544: 1822 686 642
545: 2564 1794 1506 850
546: 2593 1968 1729 694
547:
548: 2805
549: 1353 1263
550: 881
551: 906
552: 2204 763
553: 646
554: 767
555: 732
556: 2489 1699 1541
557: 2688 2668 2038 1931 1177
558: 2450
559:
560: 753
561:
562: 1470 844 746
563: 2665 1493
564: 2103
565: 799 607
566: 2660 1690 1619 960 598
567:
568: 968
569: 2815 2507 1916 1197 1190 656
570: 2524 1903 856
571: 1658
572: 804
573: 1549
574:
575: 2095 2053
576: 1649 819
577: 1783 1440 1292 1223 1209 862
578: 750
579: 2354 622
580: 689
581: 794
582: 1142 775
583:
584: 2274
585: 1935 1715 1582 997 663 640 620
586: 2756 1350 1341 648
587: 1907 1305
588: 2121 1763
589: 2760 1156 807
590: 1158
591: 1617 1343 1254 1049
592: 2704 2372 1560 1432
593: 2434 2371 825
594: 2817 980 625
595: 2781 1879 1193
596: 2380
597: 2221
598: 1448 1374 868
599: 2335
600: 1303 1051 1043 813
601: 1207
602: 2290 2106 943
603: 2610 2570 1892 1801 1682 1502
604: 1478
605: 1322
606: 1952 1420 1417
607: 2008 1894 1172
608: 702 679
609: 1940 1728
610: 2768 2697 2485 1050 836
611: 2429 2011 1287 731
612:
613: 857
614: 2047 1661 1434 840
615: 2414 2336 2156
616: 2203 1976 1119 723
617: 1301 792
618: 1563
619: 2260
620: 1839 1249 1100
621: 2360 1802 1206 910 647
622: 1767 1357
623: 1135
624: 867
625: 1539 928
626: 1417 738
627: 1770 803
628: 2242 1456 1101 684
629: 2558
630: 1486 903
631: 2691 2505
632: 2653
633: 815
634: 1529
635: 994
636: 2370 948
637: 860 728
638:
639: 2757
640: 2025 1669 1186
641: 2633
642:
643: 1026
644: 1358 1064 692
645:
646: 1628
647:
648: 2109 971
649:
650: 1608
651: 2218 1637 1078 1068 883
652: 1521 696
653:
654: 2440 797
655: 1020
656: 2138
657:
658: 1002 719 681
659: 1145
660:
661: 2785
662: 933
663: 1691
664:
665: 1387 1290 897
666: 2469 2181 1940 975
667:
668: 869 848
669: 2241 1023
670: 2772 2266 1738 1596 1329 1149 1004 733
671: 2784 2567 2525 1413 1034 1014
672: 2366 2147 1592 886
673:
674: 2399
675: 887
676: 2780 1192
677: 2488 2069 1791 1538 1447
678: 2817
679: 1543 1459
680: 2840 2299
681: 1689 926 923
682: 1259
683: 2112 1248 935
684: 2286 1095 704
685: 2706 1904 1368
686: 1410 1294
687: 1935 1715 1582
688: 1810 1754 1194 1010 941
689: 2703 2481 701
690: 1361 1335 1205 1079
691: 2111
692: 2820 2663 739
693: 729
694: 1774 1314
695: 2483 2095 2053 1013
696: 1933
697: 1832 1057 752
698: 2722 2132 1265
699:
700: 1157 1132
701: 1325 722
702: 790
703: 905
704:
705:
706: 1372
707: 2667 2648 2377 1747 1073 999 918
708: 1401 1123
709: 2331 1869
710:
711:
712: 1461
713:
714: 1681 1185 1067
715: 2286
716: 1770 1690
717: 2650 2571
718:
719:
720:
721: 2729 2449 2262 824
722: 967 917
723: 2012 1883 1453 1000
724: 1184
725: 1381 1143
726: 1954 1280
727: 2703
728:
729: 1032 911
730: 1622
731: 2767 2611 2207 1644 1282 1222 924
732: 2265 1601 899
733:
734:
735: 1874
736: 2374 1518 1154 863 798
737: 2691 2604 2390 1873 1828 1741 747
738: 2784 2567 1462
739: 2558 940
740: 2282 1409
741: 2768 2697 1474 1055
742: 1571 765
743:
744: 2624
745:
746: 2435 2122
747:
748: 1835 1671
749:
750:
751: 1889
752:
753: 2387
754: 1562 1455
755: 2806 2448 2290 1272 830
756:
757: 2688 2038 1968 838
758:
759: 2596
760: 1019
761: 2085 1679 1307 1150
762: 1076
763: 2715 1133
764:
765: 1487 1052
766: 2265 885
767: 1633 1627 833 814
768: 2107 1598 936
769:
770:
771: 1658 1649 835
772: 842
773: 1547 1382
774:
775: 964
776:
777:
778: 937
779:
780: 1333 1245
781: 1580
782: 1479
783: 2723
784:
785: 2388 1167 1011
786:
787: 1868 1764 1340
788:
789: 1476 873
790:
791: 2318
792: 950
793: 2460
794: 2162 1543
795: 1573
796: 864 828
797: 1718 1066
798: 1838
799: 1369 904
800: 2639 1304
801: 1685
802: 1508
803:
804: 2568 2477 1411
805: 1724
806: 1805 1258
807:
808: 2242 1456
809:
810: 2057 1689
811: 2763
812: 2254
813:
814:
815: 2578 2224 1396
816:
817: 1916 1197
818: 1524
819: 2159
820: 2203 2067 1976 1909 1732 1553 1389 1331 1119
821: 1872 1833 1553
822: 1600
823: 2621
824: 2046 1545 1285
825: 861
826: 2572
827: 1293 1137
828:
829: 2275 1792 1386 1226 1086
830: 1887
831:
832: 1720
833: 2669
834: 2677
835:
836: 1141
837: 1022
838:
839: 2642 908
840:
841: 1662 1613
842: 2761 870
843: 1711
844: 1605
845: 2370
846:
847:
848:
849: 2749 913
850: 2702 1678
851:
852: 1739 1439
853:
854: 2664 1319 1181
855: 2718
856: 2539 2423
857:
858:
859: 1407
860: 1129
861: 2560 1056
862: 1817 1140 1114
863: 2611
864:
865:
866: 1621
867: 2671 1391 894
868:
869: 2335
870: 2377 1899 1073 1063
871: 2621
872: 1437 955
873: 953
874: 2370
875: 2313
876: 2620 2426 1094 989
877: 2831
878:
879: 947
880:
881: 1204
882: 2719 2618
883:
884: 2479 2163 1712
885:
886: 2801 1625
887: 1112
888: 1912
889:
890: 2026 1349 1039
891: 1819
892:
893:
894:
895: 2534 938
896:
897: 1594
898: 1250
899: 2615
900: 2600 2273 1037 976
901: 2401
902: 2519 1570 1498
903: 1148
904: 2588 2091
905: 1756 1433
906:
907: 2515 2223 1377
908: 981
909:
910: 2619 2489 1699 1541
911: 1469
912: 2467 2198 2131
913: 2364 1636
914: 2645
915: 1414 1338
916:
917: 1923
918: 1664 1528 1009
919:
920: 2800
921:
922: 2364
923:
924:
925:
926:
927: 1696 1589
928: 2335 1971
929: 1871 1634 1147 1033
930: 1330 1085
931:
932: 1814 1716 1590 1198
933: 2517 2220
934:
935: 2459
936: 1373
937: 2577 2033 1939
938: 2754
939: 2471 1569
940:
941: 2222
942: 1709
943: 2829
944: 2502 2293 1379
945:
946:
947: 2715
948: 1364
949: 2374 1979
950:
951: 1814 1716 1590
952:
953:
954:
955: 2205 2001
956: 2844
957: 1708
958:
959:
960: 1868 1764
961: 1703
962: 1262
963: 2034 1481 1306
964: 1631 1397
965: 2231 1587
966:
967: 2366 2147 1162 1084
968: 2189
969: 1225 1224
970: 2469 1351
971: 1735
972: 2737 1083
973:
974: 1664 1528
975: 2800 1126
976: 2578 2550
977: 2769 1784 1769 1337 1138
978: 2827 1680
979: 2468 1698 1080
980:
981: 1557
982: 2685 1366
983:
984: 1089
985:
986:
987: 2640
988: 1090
989: 2249 1312
990: 1873 1741
991:
992:
993: 2710 1317
994: 2443 1937
995:
996: 1213
997: 2661 1564 1523
998: 2020
999: 2439 2398 1559
1000: 1233 1120
1001: 1516 1388
1002:
1003:
1004:
1005: 1230
1006: 1875 1218
1007: 2171 1615 1159
1008: 2807 1238
1009:
1010: 1760
1011: 2740 1347
1012: 2342 2117 2080 1942 1929 1860 1161
1013:
1014: 2271
1015: 2168 1798 1629
1016: 2256 2224 1632
1017:
1018:
1019:
1020:
1021:
1022:
1023:
1024:
1025:
1026: 1268 1195 1188 1124
1027: 1494
1028: 1986 1355
1029: 1930
1030:
1031: 2562 2234
1032:
1033: 1464
1034: 2429 2011
1035: 2695 1707 1452
1036:
1037: 1793
1038: 2516 2188 2119 1104
1039:
1040: 1360
1041: 1810 1284
1042: 1991
1043: 1453
1044: 2661 2371 1848 1612 1404
1045:
1046: 2769
1047: 1491
1048: 2088 1624
1049: 2159
1050:
1051: 1553
1052: 1251
1053: 1697
1054: 2475 2040
1055:
1056: 2217 1168
1057: 2674
1058: 1903
1059: 2279 1125
1060: 2117 1232
1061:
1062: 1427
1063:
1064: 2633 1584 1561
1065:
1066: 1426
1067: 2019 2002
1068:
1069: 2217
1070: 1499
1071: 1281
1072: 2270
1073: 1107 1099
1074: 1795 1445
1075:
1076: 1134
1077:
1078: 1766
1079:
1080: 2814
1081:
1082: 1796 1519 1220
1083: 2459
1084: 1551
1085: 2050 1853 1183
1086:
1087: 2067
1088:
1089:
1090:
1091: 2246 1488 1463
1092: 2805 2789
1093: 1256
1094:
1095: 2774 1721 1597
1096: 2146 2030
1097:
1098: 1194
1099:
1100: 1735
1101:
1102:
1103:
1104: 2623 2361 1326
1105: 2213
1106: 2474 1548 1507 1169
1107:
1108: 1706 1425
1109: 2445 1579 1243
1110: 2578
1111:
1112:
1113:
1114:
1115:
1116: 2054
1117:
1118: 1295
1119: 2349
1120: 2269 1944
1121:
1122: 1849 1468 1208
1123: 2140
1124: 2818
1125:
1126:
1127: 2577 1242
1128: 2191
1129:
1130: 2708 1485
1131:
1132: 1988
1133:
1134:
1135:
1136:
1137:
1138:
1139: 1239 1196
1140:
1141: 1964
1142: 2298
1143: 2389 2097
1144:
1145: 1738 1329
1146: 1882 1202
1147: 2128 1737 1626
1148:
1149: 2114 1457 1187
1150:
1151: 2605 2575
1152:
1153: 1731
1154:
1155: 2852 2698 1321
1156:
1157:
1158:
1159: 1744 1412
1160: 2367
1161:
1162: 2493 2418
1163: 2068 1442
1164:
1165:
1166: 1203
1167: 2397 2240 2226
1168:
1169: 2174
1170:
1171: 1983 1973
1172: 2788 2344 1365
1173: 2142 1767 1357
1174: 2746 2259
1175:
1176:
1177: 1602
1178:
1179: 2351 1974
1180: 1532
1181: 1902 1816
1182: 2269 1332
1183: 2707
1184: 2352 1328
1185:
1186:
1187: 1489
1188: 2141
1189:
1190: 2794
1191: 1260
1192: 2741 2444 1302 1236
1193:
1194:
1195: 1808 1296
1196: 2438 2432 2400
1197:
1198: 1841 1378 1247
1199: 2644
1200:
1201:
1202:
1203:
1204: 2705 2497
1205: 2320
1206: 2115 2036
1207: 2569
1208:
1209: 1788
1210:
1211: 1861 1574
1212: 1977
1213: 2658 2214
1214: 2552 2245 2084
1215: 2190
1216: 1972 1746
1217:
1218:
1219: 2461 1957 1924
1220:
1221: 1408
1222:
1223:
1224: 1694
1225: 1536 1472
1226: 2154 2067 1909
1227: 2064
1228: 1423 1311
1229: 2595
1230: 1537
1231:
1232:
1233: 2772 1643 1581
1234:
1235:
1236:
1237: 2668 1931
1238:
1239: 1631
1240: 2464
1241: 2021 1850
1242:
1243: 2042
1244: 2143 1645
1245: 1395
1246: 1687
1247:
1248: 1392
1249:
1250: 2584
1251: 1948
1252:
1253:
1254:
1255:
1256: 2267
1257: 1451
1258: 1851
1259:
1260:
1261:
1262: 2356
1263:
1264: 2850
1265:
1266:
1267: 2457 2113 1804 1530
1268:
1269:
1270: 2842
1271:
1272: 2176 1772
1273: 1719 1475
1274: 1683
1275: 1758
1276: 2654 1585
1277:
1278: 2327 1652
1279:
1280: 2700
1281:
1282:
1283: 1599
1284: 2235
1285:
1286: 2520
1287: 2763
1288: 2734
1289: 2823 2580
1290: 2717 2651 2443
1291: 2462 2396
1292:
1293:
1294:
1295: 2683
1296: 1654
1297: 2129
1298:
1299:
1300:
1301:
1302:
1303:
1304: 2462 2396 2240 1517
1305: 2311 1640 1465
1306:
1307: 2764 1441
1308: 2028
1309:
1310:
1311:
1312: 2348 1824
1313:
1314:
1315: 2166 1647
1316:
1317: 1877 1842
1318:
1319:
1320:
1321:
1322: 2486
1323:
1324: 2135
1325:
1326: 2617
1327:
1328: 2056
1329: 1544
1330: 1714 1603
1331: 2536 1881 1418
1332: 1778
1333: 1684
1334:
1335: 1980
1336: 2793
1337:
1338: 2616
1339:
1340: 1947
1341: 2384
1342: 2747
1343:
1344: 1683
1345:
1346:
1347: 2830 2822 2277 2180 2060 2048 1565
1348:
1349:
1350:
1351: 1583
1352: 1514
1353: 1923 1577
1354:
1355: 2202 1812 1500
1356:
1357:
1358: 2101
1359:
1360: 1890
1361:
1362:
1363:
1364: 2199
1365: 2591
1366:
1367: 2709 1815
1368: 2672 2109 1611
1369:
1370:
1371: 1930
1372: 2266
1373:
1374:
1375: 1748 1458
1376: 1886
1377: 2818
1378: 1830
1379: 2566
1380: 2496
1381:
1382: 2564
1383: 1607
1384:
1385:
1386:
1387:
1388: 1546
1389: 2687 2258 2200
1390: 2329
1391: 1734
1392: 2296
1393:
1394: 2478 1653
1395:
1396: 2309 2079
1397: 2338 2239 2230
1398:
1399: 2776
1400: 2379
1401: 1799
1402:
1403:
1404: 2035 1941
1405:
1406: 1818
1407: 1962
1408:
1409:
1410:
1411: 1623
1412:
1413:
1414: 2373
1415: 2455
1416: 2236 2055
1417:
1418: 2522
1419:
1420:
1421:
1422:
1423:
1424:
1425:
1426: 1928
1427:
1428:
1429: 2548 2184
1430: 1888
1431: 2031
1432: 2811
1433:
1434:
1435:
1436:
1437:
1438:
1439:
1440:
1441:
1442: 1856
1443:
1444: 2386
1445: 2839
1446: 2660
1447:
1448:
1449:
1450: 2160
1451: 1836
1452:
1453:
1454:
1455: 2278
1456:
1457:
1458: 2186
1459:
1460:
1461:
1462:
1463: 2104
1464:
1465: 2757
1466:
1467:
1468:
1469: 1595
1470: 2675 2442
1471: 2516 2119
1472: 1692
1473:
1474:
1475:
1476: 2721 2696
1477: 2629
1478: 1965
1479:
1480: 2804
1481:
1482: 2039
1483: 2500 2472
1484:
1485:
1486: 2433
1487:
1488:
1489:
1490:
1491: 1700
1492: 1945 1821
1493: 2268
1494: 1614
1495:
1496:
1497:
1498:
1499: 2444
1500: 2762
1501: 1978
1502:
1503: 2708
1504:
1505:
1506: 1995
1507:
1508:
1509:
1510: 2099 2072
1511: 2755 2017
1512:
1513:
1514: 1656
1515: 1675
1516:
1517:
1518: 1665
1519: 2598
1520: 2575
1521: 2592
1522: 1908
1523:
1524:
1525:
1526:
1527:
1528: 2149
1529: 2635 2422
1530:
1531:
1532:
1533:
1534:
1535: 1630
1536: 2510 2357
1537: 2742 2543
1538:
1539:
1540: 2040
1541: 2419 2347
1542: 2183
1543:
1544:
1545:
1546:
1547: 2251 2087 1880
1548:
1549:
1550:
1551:
1552: 1846
1553:
1554:
1555:
1556:
1557: 2059
1558: 2300 1753
1559: 2344
1560:
1561: 1858
1562: 1936
1563:
1564:
1565: 2824 2487
1566: 2514 1911
1567: 2542
1568:
1569:
1570: 2158
1571:
1572:
1573:
1574: 1840
1575: 2294
1576: 1787
1577:
1578:
1579: 1686
1580:
1581:
1582:
1583: 2678 1996
1584: 1726
1585:
1586:
1587:
1588:
1589:
1590: 2134 1834
1591:
1592:
1593:
1594: 2545 2407 2365
1595:
1596: 2625 2531 1668
1597: 2623
1598: 1825
1599: 2070
1600:
1601: 1777
1602:
1603:
1604:
1605: 2037
1606:
1607: 2740
1608:
1609: 2211
1610:
1611: 2074
1612: 2006
1613: 2666
1614:
1615:
1616: 2692
1617: 2799
1618: 2642 2492 1809
1619: 2695
1620: 2187 1757
1621: 2016
1622: 1955
1623: 2092
1624:
1625:
1626: 1997
1627:
1628: 2437
1629:
1630: 2332 1879 1827
1631:
1632: 2413
1633: 1702
1634:
1635: 2161 1797
1636:
1637: 2437
1638:
1639:
1640:
1641: 1855
1642: 2151
1643: 1876
1644:
1645: 2614
1646: 2125 1781
1647:
1648: 1759
1649: 2812 2428
1650:
1651: 1922
1652:
1653: 1994
1654:
1655:
1656:
1657: 2250
1658:
1659:
1660:
1661: 2261 1932
1662: 1897
1663:
1664: 2798 2343
1665:
1666:
1667: 2785
1668:
1669:
1670:
1671: 2175
1672:
1673:
1674: 2244
1675:
1676: 2490
1677:
1678: 2851 2284
1679:
1680:
1681:
1682:
1683:
1684:
1685:
1686:
1687: 2607 2305
1688: 2619
1689: 1803
1690: 2255 1985
1691:
1692:
1693:
1694:
1695: 2022
1696:
1697:
1698: 1885
1699: 1857
1700:
1701:
1702:
1703: 1926
1704: 1992
1705:
1706:
1707: 2431
1708:
1709: 2210
1710:
1711: 2130 1859
1712:
1713:
1714:
1715:
1716: 2127 2004 1823
1717:
1718:
1719: 2670
1720: 2228
1721:
1722:
1723: 2655 2052
1724:
1725: 2393 2330
1726: 2446
1727: 2554 1919
1728: 1847
1729: 2118
1730:
1731: 2086
1732:
1733: 1963
1734:
1735:
1736: 1864
1737: 2137
1738:
1739:
1740:
1741: 2287
1742:
1743:
1744: 2208
1745:
1746:
1747:
1748: 2229
1749: 2063
1750: 2728
1751: 2736
1752:
1753:
1754: 2145
1755:
1756: 2041 1981 1959
1757: 2702 2338
1758: 1843
1759:
1760:
1761:
1762:
1763:
1764:
1765:
1766: 2730
1767:
1768:
1769:
1770: 2673 1925
1771:
1772:
1773:
1774:
1775: 2796 2465
1776:
1777:
1778:
1779: 2027
1780:
1781:
1782: 1998 1960
1783:
1784: 1915
1785: 2264
1786: 2003
1787: 2513 2402
1788:
1789:
1790: 2527
1791: 2641 1938
1792:
1793:
1794:
1795: 2014
1796:
1797: 2297
1798:
1799: 2056
1800: 2368 2301
1801: 2227
1802: 1953
1803: 2843
1804:
1805:
1806: 2451
1807:
1808:
1809: 2647
1810:
1811:
1812: 2701
1813: 2578
1814:
1815: 2589 2314
1816:
1817:
1818: 2216
1819:
1820:
1821:
1822: 2590
1823:
1824:
1825: 2671
1826:
1827:
1828:
1829: 2656
1830: 2447
1831: 2178
1832:
1833:
1834: 1984
1835: 2528
1836:
1837: 2100
1838: 2532
1839: 2823 2580
1840:
1841:
1842:
1843:
1844:
1845:
1846:
1847: 2556
1848:
1849: 1966
1850:
1851:
1852:
1853:
1854:
1855:
1856: 2748 2627 2547
1857:
1858:
1859:
1860:
1861:
1862:
1863:
1864:
1865:
1866:
1867: 1961 1956
1868:
1869:
1870:
1871:
1872:
1873:
1874: 2495
1875: 2123
1876:
1877: 2029
1878:
1879: 2786 2325
1880: 2243 2094
1881: 2359
1882:
1883: 2206
1884:
1885: 2000
1886: 2511
1887: 2711
1888: 2551
1889:
1890:
1891: 2406
1892:
1893: 2744 2185
1894: 2232
1895:
1896: 2630 2215
1897:
1898:
1899: 1990
1900: 2546
1901: 2680
1902: 2150
1903:
1904:
1905:
1906: 2443
1907:
1908:
1909:
1910: 2394
1911:
1912: 2538
1913:
1914:
1915:
1916:
1917:
1918:
1919:
1920:
1921:
1922: 2049
1923:
1924: 2425
1925:
1926:
1927:
1928:
1929: 2073
1930: 2144
1931: 2712 2689
1932:
1933:
1934:
1935:
1936: 2530 2071
1937:
1938:
1939: 2635
1940:
1941:
1942:
1943:
1944:
1945: 2420
1946:
1947:
1948:
1949:
1950:
1951:
1952:
1953: 2312
1954: 2383
1955:
1956:
1957: 2328
1958:
1959:
1960:
1961:
1962:
1963:
1964:
1965:
1966:
1967:
1968:
1969:
1970:
1971:
1972: 2773 2652
1973:
1974:
1975:
1976:
1977:
1978:
1979:
1980: 2792
1981: 2609 2358
1982: 2463
1983:
1984:
1985: 2289
1986:
1987:
1988:
1989:
1990: 2075
1991: 2589
1992:
1993:
1994:
1995:
1996:
1997:
1998: 2816
1999: 2563 2248
2000: 2436
2001:
2002: 2738
2003:
2004:
2005:
2006:
2007:
2008:
2009: 2473
2010:
2011:
2012: 2283
2013:
2014:
2015:
2016:
2017:
2018: 2835
2019: 2828
2020:
2021:
2022:
2023: 2576
2024: 2285
2025:
2026: 2846 2833
2027:
2028:
2029:
2030:
2031: 2844
2032: 2454
2033:
2034: 2453
2035: 2456
2036:
2037:
2038: 2382
2039: 2304
2040: 2139
2041: 2353
2042: 2153
2043:
2044:
2045:
2046:
2047: 2482
2048:
2049:
2050:
2051:
2052: 2573 2295
2053:
2054:
2055:
2056:
2057:
2058:
2059:
2060: 2622
2061: 2637 2281
2062:
2063: 2753
2064: 2212
2065:
2066: 2253
2067:
2068:
2069:
2070:
2071:
2072:
2073: 2416
2074:
2075: 2195
2076:
2077: 2666 2378
2078:
2079:
2080: 2743
2081:
2082:
2083: 2720 2537
2084:
2085:
2086:
2087:
2088: 2363
2089:
2090:
2091:
2092: 2606
2093:
2094:
2095: 2385
2096:
2097:
2098:
2099: 2503
2100: 2603
2101:
2102:
2103:
2104: 2837
2105:
2106:
2107: 2308
2108:
2109:
2110:
2111:
2112:
2113: 2662
2114:
2115:
2116:
2117:
2118:
2119:
2120:
2121:
2122: 2628 2441
2123:
2124:
2125:
2126:
2127:
2128:
2129:
2130:
2131: 2681
2132: 2581 2427 2341
2133:
2134: 2392
2135:
2136:
2137:
2138:
2139:
2140: 2597 2403
2141:
2142:
2143:
2144: 2810
2145:
2146:
2147:
2148:
2149:
2150: 2310
2151:
2152: 2529
2153:
2154:
2155: 2292
2156:
2157:
2158: 2518
2159:
2160: 2791 2317
2161:
2162: 2714
2163: 2339
2164:
2165:
2166:
2167:
2168: 2819
2169:
2170: 2540 2324
2171:
2172:
2173: 2672 2315
2174:
2175:
2176: 2728
2177:
2178:
2179:
2180:
2181:
2182:
2183:
2184: 2391
2185:
2186:
2187:
2188:
2189: 2583
2190:
2191: 2415
2192:
2193:
2194:
2195:
2196:
2197:
2198: 2586
2199: 2340
2200:
2201:
2202:
2203: 2323
2204:
2205:
2206:
2207:
2208:
2209: 2350
2210:
2211:
2212:
2213:
2214:
2215:
2216: 2803
2217:
2218:
2219:
2220:
2221:
2222:
2223:
2224:
2225:
2226:
2227:
2228:
2229:
2230:
2231:
2232:
2233:
2234: 2727
2235:
2236:
2237:
2238:
2239:
2240:
2241:
2242:
2243: 2565
2244:
2245:
2246:
2247:
2248:
2249:
2250:
2251:
2252:
2253: 2684
2254:
2255: 2381
2256:
2257:
2258: 2466 2375
2259:
2260:
2261:
2262:
2263:
2264:
2265:
2266:
2267:
2268:
2269: 2788
2270:
2271:
2272: 2541
2273:
2274:
2275: 2847
2276:
2277:
2278:
2279:
2280:
2281:
2282:
2283:
2284:
2285:
2286:
2287:
2288:
2289:
2290:
2291:
2292:
2293:
2294: 2417
2295: 2643
2296: 2690
2297:
2298:
2299:
2300:
2301:
2302:
2303:
2304:
2305:
2306:
2307:
2308:
2309:
2310:
2311:
2312:
2313:
2314: 2645
2315: 2713
2316:
2317:
2318:
2319: 2587 2559
2320:
2321:
2322:
2323:
2324: 2797
2325:
2326:
2327:
2328: 2735
2329:
2330:
2331:
2332:
2333:
2334:
2335:
2336: 2476
2337: 2491
2338:
2339:
2340:
2341:
2342:
2343:
2344:
2345:
2346:
2347:
2348:
2349:
2350:
2351:
2352:
2353:
2354:
2355:
2356:
2357:
2358:
2359:
2360: 2731
2361:
2362:
2363:
2364:
2365:
2366:
2367:
2368:
2369: 2732
2370:
2371:
2372:
2373:
2374:
2375: 2745
2376: 2733
2377:
2378:
2379:
2380:
2381: 2751
2382:
2383:
2384:
2385:
2386:
2387:
2388:
2389:
2390: 2790
2391:
2392:
2393: 2626
2394:
2395: 2770
2396:
2397: 2777
2398:
2399:
2400:
2401:
2402:
2403: 2509
2404:
2405:
2406:
2407:
2408: 2599
2409:
2410:
2411:
2412:
2413:
2414:
2415:
2416: 2555
2417: 2782
2418: 2521
2419:
2420:
2421:
2422:
2423:
2424: 2841
2425:
2426:
2427:
2428:
2429: 2682
2430:
2431:
2432:
2433:
2434:
2435:
2436:
2437:
2438: 2795
2439:
2440:
2441: 2679
2442:
2443:
2444:
2445:
2446:
2447:
2448:
2449:
2450: 2787
2451:
2452:
2453:
2454:
2455:
2456:
2457:
2458:
2459:
2460:
2461:
2462:
2463:
2464:
2465:
2466:
2467:
2468:
2469:
2470:
2471:
2472:
2473:
2474:
2475:
2476: 2612
2477:
2478:
2479: 2694
2480:
2481:
2482:
2483:
2484:
2485:
2486:
2487:
2488:
2489:
2490:
2491:
2492:
2493:
2494:
2495: 2836
2496:
2497:
2498:
2499:
2500:
2501:
2502:
2503:
2504:
2505:
2506:
2507:
2508:
2509:
2510:
2511:
2512:
2513:
2514:
2515:
2516:
2517:
2518:
2519:
2520:
2521:
2522:
2523:
2524: 2813
2525: 2834
2526:
2527:
2528:
2529:
2530:
2531:
2532:
2533:
2534:
2535:
2536:
2537:
2538:
2539:
2540:
2541:
2542:
2543:
2544:
2545:
2546:
2547:
2548:
2549: 2765 2649
2550:
2551:
2552:
2553:
2554:
2555:
2556:
2557:
2558:
2559:
2560:
2561:
2562:
2563:
2564:
2565:
2566:
2567:
2568:
2569:
2570:
2571:
2572:
2573:
2574:
2575: 2779
2576:
2577:
2578:
2579:
2580:
2581:
2582:
2583:
2584:
2585:
2586:
2587: 2821
2588: 2726
2589:
2590:
2591:
2592:
2593:
2594:
2595:
2596:
2597:
2598:
2599:
2600:
2601:
2602:
2603:
2604:
2605:
2606:
2607: 2838
2608:
2609:
2610:
2611:
2612:
2613: 2775
2614:
2615:
2616:
2617: 2802
2618:
2619:
2620:
2621:
2622:
2623:
2624:
2625:
2626:
2627: 2766
2628:
2629:
2630:
2631:
2632:
2633:
2634:
2635:
2636:
2637:
2638:
2639:
2640:
2641:
2642:
2643:
2644:
2645:
2646:
2647:
2648:
2649:
2650:
2651:
2652:
2653:
2654:
2655:
2656:
2657:
2658:
2659:
2660:
2661:
2662:
2663:
2664:
2665:
2666:
2667:
2668:
2669:
2670:
2671:
2672:
2673:
2674:
2675:
2676:
2677:
2678:
2679:
2680:
2681: 2849
2682:
2683:
2684:
2685:
2686:
2687:
2688:
2689:
2690:
2691:
2692:
2693:
2694:
2695:
2696:
2697:
2698:
2699:
2700:
2701:
2702:
2703:
2704:
2705:
2706:
2707:
2708:
2709:
2710:
2711:
2712:
2713:
2714:
2715:
2716:
2717:
2718:
2719:
2720:
2721:
2722:
2723:
2724:
2725:
2726:
2727:
2728:
2729:
2730:
2731:
2732:
2733:
2734:
2735:
2736:
2737:
2738:
2739:
2740:
2741:
2742:
2743:
2744:
2745:
2746:
2747:
2748:
2749:
2750:
2751:
2752: 2826
2753:
2754:
2755:
2756:
2757:
2758:
2759:
2760:
2761:
2762:
2763:
2764:
2765:
2766:
2767:
2768:
2769:
2770:
2771:
2772:
2773:
2774:
2775:
2776:
2777:
2778:
2779:
2780:
2781:
2782:
2783:
2784:
2785:
2786:
2787:
