1: 2172 2043 66 65 1
2: 827 238 116 35
3: 2411 2103 1827 506 113 28 4
4: 2234 754 276 43 26 21 3 2
5: 1519 851 791 547 545 274 229 157 106 56 9 5
6: 1835 1727 1000 937 653 579 533 450 437 434 382 175 161 126 108 76 48 8
7: 860 517 68 55
8: 883 602 578 288 240 12 6
9: 1656 1636 1401 104 98 67 34 31
10: 1866 292 91 40 38
11: 205 102 61 13 11 10
12: 1481 1134 903 645 45 44 33 27
13: 1787 1410 366 310 242 207 53 41 29
14: 2374 1696 1364 1294 1055 955 291 218 210 7
15: 2406 2372 2292 1781 1652 1630 1353 892 534 189 50 39 18 14
16: 2333 942 846 810 642 202 164 142 115 64 19
17: 1227 1176 988 941 465 422 365 253 162 49
18: 1074 1020 875 603 281 171 166 73 16 15
19: 2345 1836 1717 1312 937 653 614 367 299 188
20: 1785 1461 957 561 468 318 282 211 177 170 147 78 20 17
21: 2196 1385 1220 853 243 107 24 23 22
22: 1726 1656 1636 598 502 134 122 104 103 98 67 34
23: 2300 1787 1457 1098 1044 936 227 120 58 30
24: 2007 669 201 131
25: 1900 472 112 109 25
26: 1547 1128 1045 526 501 344 308 293 249 181 127 84 32
27: 2184 1146 1112 516 322 86 77
28: 1504 1259 82
29: 1391 206 204 144 129 121 70 59
30: 1120 1089 1082 448 184
31: 1736 1291 434 161 108 76 48 42
32: 722 319 71 36
33: 2281 2259 2256 1375 1307 1265 1049 817 756 621 475 351 253 252 251 37
34: 2301 2203 2077 1860 1765 1720 651 620 532 434 287 161 108 90 81 76 52
35: 443
36: 1408 583 369 297 194 101
37: 1842 1143 843 325 123 85
38: 1836 237
39: 2019 1990 413 303 60 57
40: 1696 1519 1351 1323 1294 1066 955 861 851 547 391 373 331 291 229 218 210 192 80 79 46
41: 1574 937 653
42: 2306 2228 1701 1694 1180 986 861 560 527 391 373 356 298 47
43: 1841 1314 1201 387
44: 1320 1058 806 656 591 54
45: 1744 1726 1692 1573 598 502 122 103 87
46: 1161 279 114
47: 2415 2399 1428 1379 777 151 97 51
48: 450 437 99 69
49: 295 209 83
50: 1544 617 505 217 74 72
51: 2426 1669 405 268 94 62
52: 1739
53: 1793 1750 1092 488 294 193
54: 1048 624 386
55: 1306 461 100
56: 2277 1132 63
57: 1847 374
58: 1746 1532 538 178 135 118 75
59: 1328 865 826 542 521 482 272 196
60: 2306 650 604 430
61: 2314 499 203 154
62: 2203 1720
63: 1461 1370 1222 1007 957 629 595 399 392 282
64: 1000 533 382 126
65: 1684 1225
66: 612 459 92
67: 1785 561
68: 2200 1364 1328 1321 826 661 173 141
69: 1437 429
70: 310 242
71: 1472 119 95
72: 1680 1129 1016 676 557 524 402 239 155
73: 1024 435 280
74: 1671 1487 1328 826 451 442 368
75: 1477 1073 88
76: 2405 2364 2330 2219 2096 1943 1937 1332 1115 720 627 444 359 185 152 150 125 89
77: 2405 1943 1937 1115 444 359
78: 2176 489 270
79: 1934 1741 1170 1161 1066 114 105
80: 468 318 177 170 93
81: 182 111
82: 1538 995 832 762 349 283
83: 2048 1662 733 389 231 96
84: 1690 1281 1209 1154 948 808 574 146 110
85: 1444 592 117
86: 1272 600 531 393 168
87: 2420 1969 590 515 511
88: 896 507 418 342 128
89: 1821
90: 1265 756 475 351 252 251
91: 1775 796 167
92: 1965 642 115
93: 2219 1332 605 165 163 159
94: 403
95: 636 383 306 124
96: 1206 246 222 199
97: 1139 674
98: 2352 1957 1721
99: 2095 1309 1087 301
100: 2048 1954 1012 255
101: 2229
102: 1002 397 241
103: 742
104: 1977 1152 769 148
105: 1656 1636 1211
106: 2252 2172 2082 2043 1906 1591 1490 1483 1423 1419 1041 508 158
107: 884 665 309
108: 1717 1312
109: 2187 1490 1369 1041 289
110: 266 235 191
111: 1872
112: 770
113: 2028 1478 856 453
114: 2152 1788 1180 986 560 153
115: 164
116: 2077 2006 132
117: 1391 245 143
118: 1558 985 676 557
119: 2251 481
120: 902 840 630 130
121: 1554 169
122: 487 213 179
123: 1650 784 133
124: 1760 1440 1241 187
125: 2005 139
126: 2427 1822 1727 1256 781 751 546 357 145
127: 2295 2054 1762 1738 1613 333 172 138
128: 1979 520 236
129: 2285 2114 1488 1004 938 467 215
130: 1492 338
131: 2385 2018 1080 910 719 526 501 360 344 308 249 181
132: 421 136
133: 1873 316
134: 183 149
135: 2411 2103 296
136: 791 545 274 157
137: 541 228
138: 2322 506 200 180 140
139: 1694 356 298 174
140: 899
141: 1490 1041 198 137
142: 425 197
143: 897 323
144: 278 260
145: 1342 1111 226
146: 254
147: 1341 706
148: 2301 1945 1231 964 651 620 269 156
149: 1864 1423 1419
150: 681 219
151: 928 423 332
152: 1176 465 422 225 162
153: 1689 1153
154: 532 287
155: 1774 886 654
156: 527
157: 2269 1462 1199 613 271
158: 494 417
159: 2209 2071 587
160: 223
161: 2231 1584 625 415 337 277 176
162: 1355 1207 540 160
163: 2264 2228 1701 186
164: 2249 406
165: 767 652 426
166: 1069 536 220
167: 2072 1752 257
168: 890 822 497
169: 2011 1904 1707 768
170: 2095 1962 1309
171:
172: 1949 929 262 214
173: 1820 1139 953 450 437 409
174: 1872 1165 233
175: 2334 1939 1460 1327 1062 537 509 264
176: 2077 1597 1297 247
177: 2381 2259 2114 1158 1004 467
178: 1423 1419 230
179: 1933 1040
180: 2349 1998 361
181: 2150 1946 1475 486 380 362 307 259
182: 2206
183: 2354 1870 1531
184: 691 685
185: 1599 1355 1207 971 540
186: 1080 719
187: 1816
188: 1699 584 513 265 224 195
189: 1038 825 275 190
190: 2316 798 548
191: 1736 1291
192: 645 208
193: 2259 916 757 575
194:
195: 1680 1129 524 216
196: 314
197: 1100 675 631 626 610
198: 839 327 321 212
199: 2404 1433 1159 1089 1082 1032 786 419 343 335
200: 1787
201: 2256 1995 1986 1615 1375 1307 817 621
202: 1588 965 846 810 420
203: 2193 2096 1970 1668 1230 720 627 427 371 363 244
204: 1070
205: 2150 1946 1475 677 616 346
206: 1211
207: 1895 1438 1245 1170 334
208: 2411 2103 1140
209: 2113 1457
210: 1356 1144 787 492 410 261
211: 1998 1437 1325 1251 838 778
212: 867 384
213: 457 324
214: 2179 2086 2030 1037 455 221
215: 910 360
216: 854 658 551
217: 2378
218: 1825 445 234
219: 1999 1790 1435 771 569
220: 847 549 352 290
221: 1945 1231 964 394
222:
223: 328 286 250 232
224: 1316 1026
225:
226: 2308 2183 1252 845
227: 485 311
228: 2193 1970 1259 371 363
229: 534 248
230: 285
231: 1220 853
232: 1510 1023 950
233: 2381 2161 1158 581 370 315
234: 1781 1353 892
235: 1671 1487 451 442 368
236: 916 791 757 575 564 545
237: 2149 1770 1078 1061 849
238: 401 258
239: 923 273
240: 1545 915 906 877 336
241: 2165 1318 1122 341 339
242: 2376 2257 1446 904 353
243: 263
244: 1709 1696 1294 991 955 926 774 498 412 375
245: 1995 1986 1615 390
246: 1217 994
247: 1588 965 946
248: 2300 936 582
249: 1934 1741 1671 1538 1534 1487 995 882 832 762 470 349
250: 480 446 377
251: 2145 1492 1298 473
252: 858 535
253: 2236 1350
254: 1900 472 313
255: 2285 2284 1488 944
256: 1723 888 317
257: 1655 1440 1241 660
258: 1441 1439 395 256
259: 2063 1863
260: 432
261: 1482 495 330 284
262: 2181 1019 320
263: 267
264: 553 424 407
265: 1493 428
266: 1864
267: 1689 1153 329
268: 1659 1211 710 458
269: 1709 991 498 375
270: 2176 1504 1430 300
271: 1927 662 345 305
272: 2416 2325 904 887 821 593
273: 1654 1292 1042
274: 1811 1557 992
275: 811
276: 1727 1510 1461 1410 1023 1018 957 950 355
277: 1928 1629 1256 378
278: 1087 347
279: 2161 522
280: 1651 619
281: 312
282: 2300 1664 936
283: 846 810
284: 2347 1485 544 541
285: 2005 1120 448
286: 1027 358
287: 2310 2190
288: 1858 1845 1075 945 607 440 438
289: 1691
290: 869 700
291: 1463 671 628
292: 1520 1141 364
293: 2376 2257 1446 466 340
294: 1773 1197 1017 765 348
295: 1918 788
296: 2094 2089 1014
297:
298: 1513 1399 996 866 572 350
299: 1997 1928 1149 666 556 484
300: 2015 416
301: 478 354
302: 755
303: 2236 1350 543 523
304: 1867 1403 1282 741 736
305: 1563 748
306: 567 304 302
307: 2148 2040 1126 914 802
308: 1855 1739 708
309: 2111 1449 1400
310: 1982 1979 1489 761 471
311: 326
312: 1653 1378
313: 2200 1891 1890 1605 1321 1287 1116 837 816 815 661 396
314: 1830 1425 760 694 577 512 462
315: 1420
316: 1100 626
317: 687 594
318: 2068 1997 919
319: 1713 1628 1602
320: 1659 710
321: 518 385
322: 868
323: 2380 961
324: 1882 1408 1075 608 585
325: 1684 1225 388
326: 2376 2257 1178 648 372
327: 411
328: 1835 1227 988 941 677 616 579
329: 2407
330: 2152 1788 1187
331: 966 596 570
332: 1066 525
333: 2165
334: 1565 1498 1160 504
335: 1882 585
336: 921 707
337:
338: 911 480 446
339:
340:
341: 1919 510 414
342: 2301 2048
343: 1518
344: 824 519
345: 930 743 715
346: 1997 1209 1154
347: 1974 794 565
348: 2163 625
349: 1826 911 480 446
350: 2303 1182
351: 1574
352: 2380 961 623 477
353: 1848 1266
354: 1763 745
355: 550
356:
357: 972
358: 650 604 430
359: 1713 1628 599
360: 1814 729 670 463 379
361: 1689 1153
362: 1033
363:
364: 1504
365: 2233 1186 376
366: 2258 568
367: 622 449 400 381
368:
369: 2013 1542 1318 1122 500
370: 2418 1358
371: 1594 963 859
372: 997 970 589
373: 2038 1789
374: 1744 1742 1260 1018 962 898 469
375: 758
376: 1711
377:
378: 1899
379: 1850 1803 951 398
380: 2196 2131
381: 2080 1985 1875 1383 1008 479
382: 529
383: 2371 1242 702
384: 1840 1456
385: 799
386: 2055 404
387: 973 933
388: 1174 559
389: 2382 2280 1171
390:
391: 1768 528
392: 441
393:
394:
395: 1853
396: 2081 1236 1067
397:
398: 2260 1859 1149 639 456
399: 2347 1485 688
400:
401: 2382 2280 1184 838
402: 646
403: 1281
404: 1657
405: 1233 927 655 597
406: 1365
407: 2163 1949 1825 1212 931 647 408
408: 804
409: 2173 1897 1398
410: 1420 776 668
411: 1652 1630 483
412: 2144 1678 433
413:
414: 2145 1298 1133 925 431
415: 1364 1055
416: 2389 1673 863 454
417: 1891 1890 816
418: 2379
419: 2325 1934 1741 476
420: 2251
421: 2161
422: 1812 436
423: 934 871
424: 1409 922 460
425: 2258 439
426:
427:
428: 1155
429: 1144 787
430: 611 491
431:
432:
433: 1558 985 447
434: 1727
435: 1873
436: 1311
437: 2365 2287 1676 1632
438: 2407 2180 2019 2013 1990 1542 1124 452
439: 2268 2014 1652 1630 1195 836 637
440: 2148 2058 1800 1213 1126 914
441: 2197 704 464
442: 1749 1056 878
443: 571
444: 1889 1719
445: 1625 649
446: 1189 958
447: 2406 2372
448: 2340 2013 1635 1542 500 490
449: 638
450: 1336 1035 729 555
451: 1190 983
452: 1107
453: 2360 1908 1732 530
454: 1675 1518 1506 954 725 697
455: 558
456: 1264
457: 2025 1276 834 580
458:
459: 809 496
460: 2390 2198 2025 1276 576
461: 1163 829 503
462: 1179
463: 474
464: 1222 712
465: 673 566
466: 2292 1512 1301 552
467:
468: 2370 2195 2170 1717 1312
469: 2087 1072 975
470:
471: 753 718
472: 1703
473: 2394 2058 1800 1213 1084
474: 1403 1282 989
475: 842
476:
477: 2087
478: 2313 918 640 514 493
479: 2158 2130 1505 696 635
480: 2025 1276 1085
481: 2121 1521
482: 663 618
483: 1106
484: 2303 1710 1182 643
485: 2407 716
486: 790
487: 1482 641
488: 1166 893 744 615
489: 2239 1205 1183 703
490: 1065 731
491: 2158 2130 635
492: 2159 1866 1416 692
493: 1108 998 601 562 539
494: 2288 2165 2135
495: 1218 854 785 588
496: 2038 1011 917 852
497: 1268 959 563
498: 2342 1810 1136 982 554
499: 2205 800
500: 1795 728
501: 2399 777
502: 2295 2054 1613 747
503: 1193 779
504: 2389 1884 1673 1397 863 793
505: 1784
506: 1846 732
507: 2353 1610
508: 2288 2286 2135 721
509: 1735 1657 1569
510: 737
511: 2077 677
512: 1621 1407
513: 1804 1114 862 775
514:
515: 2233 932
516: 844
517: 2018 1339
518: 684
519: 2404 1032
520: 1773 846 810
521: 848
522:
523: 2360 1974 1908 1732 1671 1487 794 724
524: 2266
525: 2144 1974 1678 1117
526: 1440 1241
527: 1928 1629
528:
529: 1137
530: 1588 965 644
531: 1297
532: 1803
533:
534: 2203 1319 1202 850
535: 1742 962
536: 974 792
537: 1850 1820 969
538:
539:
540: 682
541:
542: 2364 2330
543:
544: 1501 1204 1052 881
545: 879
546: 1832 1250 833 693 672 573
547: 1839
548: 1057
549: 2093
550: 1183 717
551:
552:
553: 1791 1549
554: 1675 1518 954 586
555: 2050 1886 1104 709
556: 1466
557: 664
558: 1486
559:
560: 2018 977
561: 1919
562: 1368
563: 1484
564: 2416 887 821
565:
566: 967 606
567: 1826
568: 2211 1887 956
569:
570: 1247 828 609
571: 2414 1632 734 705 679
572: 1255
573:
574: 680
575:
576: 908
577: 1847 1619 726
578: 1705
579: 1823 1359 1337
580: 2091
581: 2414 1651
582:
583: 1059
584: 1866
585: 1357 738
586: 1643
587: 2418
588: 1421 1110
589:
590: 1457 711
591: 1698 1464 1295 1162
592: 749
593: 803 686
594: 920
595:
596: 750
597: 699
598: 1244
599: 2189 1529 912 895 759
600: 714
601: 1285 730
602: 1341 894
603: 1043
604: 1718 1459 1405 960
605: 1760
606: 1076 976 695 633
607: 980
608: 634
609: 2394 2161 1994 1974 1003
610:
611:
612: 1955
613: 971 739
614: 2229
615: 1352
616: 659
617: 1476
618: 978 901 900
619: 1452
620: 2072 1971
621: 632
622:
623: 2410 2281 2210 2178
624: 2230 1053
625: 1370 1222
626: 2307 1103
627: 1695 1071
628: 2007
629: 1998 1325 740
630: 2284 1905
631:
632: 2032 1458
633: 1168 864
634: 1996 1728 766
635: 2240
636: 2309
637: 1320 1058
638: 2080 1875 813
639: 2271 1414 727
640: 1540 1371
641: 2339
642: 713 657
643: 947
644: 2109 1634
645: 1642
646: 1797
647:
648: 1938 1181 1157
649: 885
650: 1293
651:
652: 1314 1201
653: 1940
654: 2227 1772 1447
655: 1807 667
656: 981 939
657: 2174
658: 1560 1345 772
659: 1198
660: 1602 1457
661: 2281 2210 1049
662: 2340 1874 1635
663: 1095
664: 2063 1863 1192 1101
665: 678
666:
667: 1137
668:
669: 2251
670:
671: 1356
672: 683
673: 2049 987
674: 1006 701
675: 1892
676: 1465 801
677: 2419 2208 797
678: 1471
679: 1995 1986 1615
680:
681:
682: 1395 870
683:
684: 2231 1584 1501 1204 1052 881 789
685: 1991 1401 831 690
686: 1700 1366 1267 1229 1192 1101
687: 1494 689
688: 2201 1036
689: 1130 823
690:
691: 2186 990 723
692: 1277 909
693: 1971 735
694: 698
695:
696: 1933 1552 1022
697: 2329 2304 1537
698: 820 773
699: 1832
700: 889
701: 2414 993
702: 1944 1243
703: 1258 818
704: 1757
705:
706: 1953
707: 2037 812
708: 1121
709: 2107 1021 752
710: 1648
711:
712:
713: 795
714: 1431
715:
716: 841
717: 2374
718: 2348
719:
720: 1686 952
721: 2122
722: 1638
723:
724: 2329 1088 1031
725: 2009 1989
726:
727:
728: 1467 1333
729: 1338
730:
731: 2149 1770 857
732:
733: 746
734: 2063 1863
735: 2193 2158 2130 1970
736: 2166 2136
737: 2221 1569
738: 1121 783 763
739: 2325
740: 1232
741: 1852 1254
742: 1228
743: 1081
744: 2153
745: 1918
746: 872
747:
748:
749: 1625 905 782
750: 830 819
751: 1595 807 764
752: 1474
753: 1774
754: 2373
755:
756: 780
757: 1233
758: 2187 1369
759:
760:
761:
762: 2336 1094
763: 2351 2185
764: 979
765: 1502
766:
767: 1263 1224
768: 2015
769: 1132 968
770: 1952 1047
771: 2018 1762
772: 1388
773: 1262
774: 2151 1290 1188
775: 907
776: 835
777: 1857
778: 1608 1606
779: 1935
780: 2297 1730
781:
782: 2131 1951 1009
783: 1673 1502
784:
785: 2326
786: 1310 1226 984
787:
788:
789: 1794
790: 943
791:
792:
793: 1261
794: 2290 805
795: 874
796: 1269
797:
798:
799: 1191
800: 1818 1436
801:
802: 1105
803: 2202 2079 2016 1514 1451
804: 2410 2178 1346 1330
805: 2169
806: 1308 1142
807:
808: 1672 1556
809: 1484 876
810: 1687 873
811:
812: 1939 1327
813: 2226 1648 1376
814:
815: 1660 1203 855
816:
817: 1777 1740
818: 1995 1986 1837 1615 1221
819:
820: 2164 1093
821: 1497 1099 1088 1031
822: 1102 814
823: 1640
824:
825: 1679 1614 1001
826: 1895
827: 1682
828: 1847
829: 1280 1015
830: 1771 1046
831: 1434 1030
832:
833: 1870
834:
835: 1219
836: 1597
837:
838:
839: 1734 1693 940
840: 1799
841: 1079
842: 2128 1623
843:
844:
845: 1431
846:
847:
848: 891
849:
850: 2290
851: 1958
852: 1302
853: 2171 1545
854: 1953
855: 2355
856:
857:
858: 1308 1142
859:
860:
861:
862: 1922 1223
863: 2040 1461 1214
864:
865:
866: 2208 1413 880
867: 1579
868:
869:
870: 1522 1322
871:
872:
873: 2272 1509 1234
874: 1940 1271
875: 2294 1611 949 935
876: 1664
877:
878: 1118 1090
879:
880: 2117 1972 1834 1633
881: 2098
882: 2407
883: 1450
884: 2421 1123
885:
886:
887: 1739
888:
889:
890: 1796
891:
892:
893:
894: 1667 1637
895: 2023
896: 1239
897: 1620 1381
898: 1432 1324 1240 999 924
899: 1010
900: 2291 2138 913
901: 2397 2008
902:
903: 1349
904: 1977
905: 2406 2372
906: 2215
907:
908:
909: 2382 2280 1845
910:
911: 2389 1776 1673
912: 2005
913: 1574
914:
915: 2251
916:
917: 1651 1109
918: 1843 1527
919: 1548 1135 1077
920: 1150
921:
922: 2006 1575 1566
923: 2088 1393 1382 1289 1013
924: 1336 1035
925:
926: 2207
927:
928: 1692 1573
929:
930: 1725
931: 1812
932:
933: 1438 1245
934: 2224
935:
936: 2009 1989
937:
938:
939:
940: 2123 1782 1305
941: 2146
942: 1060
943: 1960 1025
944: 1028
945: 1941
946:
947: 2017 1674
948: 1127
949:
950:
951: 1932
952: 2422
953:
954: 1844 1050
955:
956: 1390
957: 2260 1562 1063
958: 1361
959: 1650
960: 1039
961: 1559
962:
963: 1973
964:
965: 1096
966:
967:
968: 1417
969: 2091 1468
970: 1864
971: 2317
972:
973:
974: 2074 2061
975:
976: 2190
977: 1878
978:
979: 1064
980:
981: 1235 1005
982:
983: 1587 1427 1215
984: 1418
985:
986: 1929
987: 1279
988: 1781 1443 1138
989:
990: 1119
991:
992:
993:
994:
995:
996: 2110 1113
997: 1273
998:
999:
1000:
1001: 2106 1288
1002: 1433
1003: 2389
1004: 1396
1005: 1724
1006: 1520
1007: 1517
1008: 1930 1706 1372
1009:
1010:
1011:
1012: 1175
1013:
1014:
1015: 2096 2039
1016: 1208
1017: 2029 1029
1018: 1470
1019: 2188
1020: 1422
1021:
1022: 1814
1023: 1454 1392
1024:
1025: 1086
1026:
1027:
1028: 1194
1029:
1030:
1031: 2298
1032:
1033: 1817 1278
1034:
1035: 1238
1036:
1037: 1404 1054 1051
1038:
1039: 2318 2086 2030
1040:
1041:
1042: 1567
1043: 1196
1044: 2313
1045: 1363 1169 1034
1046: 1722 1616
1047:
1048: 1367
1049: 2409
1050: 1426
1051: 1348
1052: 1564 1315
1053:
1054: 2413 2062
1055:
1056:
1057: 1210
1058: 1255
1059: 1296
1060:
1061:
1062: 1406
1063: 2223
1064: 1326
1065:
1066:
1067: 1469
1068:
1069: 1148
1070:
1071: 1716
1072:
1073:
1074:
1075:
1076: 2117 1972
1077: 1601
1078: 1173
1079:
1080: 1917 1511 1286 1164
1081:
1082: 1317
1083: 1083
1084:
1085: 1846 1068
1086: 1091
1087: 1677
1088:
1089:
1090: 2125
1091: 2088 1097
1092: 1583
1093: 2337
1094: 2044
1095: 1647
1096: 1665 1516
1097: 1849 1177
1098:
1099:
1100: 1929
1101:
1102: 2379
1103:
1104: 2126
1105:
1106: 2131
1107: 2192 2057 1780
1108:
1109: 1360
1110: 2286
1111:
1112: 1551 1329 1167
1113: 1712 1589
1114: 2405 1943 1937 1580
1115: 2101 2060 1131
1116: 2113 1246
1117:
1118: 2321
1119: 1579
1120: 1586
1121:
1122:
1123:
1124:
1125:
1126: 2127
1127: 1334 1299
1128:
1129: 2000
1130:
1131: 1559
1132:
1133: 1885 1500 1480 1216
1134:
1135: 2159
1136: 1526 1373 1362
1137:
1138: 1745 1627
1139: 1640
1140: 1869
1141:
1142: 2028 1478 1145
1143: 2400
1144: 2015 1944 1243
1145: 1646 1499
1146: 1313
1147: 1411
1148:
1149: 2104
1150: 1824 1507
1151: 1901 1384
1152:
1153:
1154:
1155: 1151
1156: 1707
1157:
1158: 2391
1159: 1645
1160:
1161: 1156
1162:
1163: 1445
1164: 1387
1165: 1125
1166: 1951
1167:
1168:
1169: 2020 1596
1170: 1658
1171: 2386 1604
1172:
1173: 1147
1174:
1175: 1622
1176: 1801
1177: 1618
1178:
1179: 1591
1180:
1181: 1185
1182:
1183:
1184:
1185: 1184
1186:
1187:
1188:
1189: 1758
1190: 1416
1191:
1192: 1448
1193:
1194: 1914
1195: 1172
1196:
1197:
1198:
1199: 2097
1200:
1201: 2410 2360 2178 1491
1202:
1203: 1275
1204: 1265 1257
1205:
1206:
1207:
1208: 1956
1209: 1343 1270
1210:
1211: 1412
1212: 2207
1213: 1335 1253
1214: 1200
1215: 2413 2062 1670
1216:
1217: 1304
1218: 2383
1219: 1639
1220:
1221: 1603
1222: 1877
1223: 1823 1359 1337
1224: 2283 1829
1225: 1761 1708
1226:
1227: 2042
1228: 1374
1229: 2199
1230: 2237
1231:
1232:
1233:
1234: 2278 1737 1455
1235: 2365 2287 1676
1236: 1905 1303
1237: 1533
1238: 1617
1239: 2217 1923
1240: 1920 1581
1241: 2277 1415
1242:
1243: 1453
1244: 2295 2054 1978
1245:
1246:
1247:
1248: 1237
1249: 2041
1250: 2045
1251: 1964 1948
1252: 2199
1253:
1254:
1255:
1256: 1394
1257:
1258:
1259: 1790
1260: 2022 1590
1261:
1262:
1263: 2076
1264: 1916
1265: 1380
1266: 1248
1267: 2406 2372 1983
1268: 1965
1269: 1913
1270:
1271: 1751 1550
1272: 2102 1963 1733 1495 1344 1274
1273: 1585
1274:
1275: 1991 1249
1276:
1277: 1553
1278:
1279:
1280:
1281:
1282: 1909
1283:
1284:
1285: 2399 1331
1286:
1287: 1284
1288:
1289: 1592
1290: 2261
1291:
1292: 2285 1340
1293:
1294: 1607 1283
1295: 2184
1296:
1297: 1769
1298:
1299: 2189
1300:
1301:
1302:
1303: 2322
1304: 2190
1305: 1496
1306: 2303 1536
1307: 1300
1308:
1309:
1310:
1311:
1312:
1313: 1737 1570
1314: 1715 1429
1315: 1936
1316:
1317: 1792
1318: 1881
1319: 1541
1320:
1321:
1322: 2169
1323:
1324:
1325:
1326: 1530
1327: 1555
1328: 2094 2089 1347
1329:
1330: 1759 1508
1331: 2305 1402
1332:
1333:
1334: 1896
1335:
1336: 1354
1337: 1747 1424
1338:
1339:
1340: 1572
1341: 1666
1342:
1343:
1344: 2367
1345: 1815
1346:
1347:
1348:
1349: 2384 2346 1593
1350:
1351:
1352: 2393
1353: 1389
1354:
1355:
1356: 2382 2280
1357:
1358:
1359:
1360:
1361: 2349
1362:
1363:
1364:
1365:
1366: 2143
1367:
1368:
1369: 1598
1370: 2004
1371:
1372:
1373: 2223
1374:
1375:
1376:
1377: 1442
1378: 2392 1856
1379:
1380: 2137
1381:
1382:
1383: 1828
1384: 2056
1385: 2046
1386:
1387:
1388: 2278 1455
1389: 1926
1390:
1391: 1386
1392: 2247
1393: 2390 2198
1394:
1395:
1396:
1397: 1764 1756
1398: 2374 2085
1399:
1400: 1528
1401: 1688
1402: 1624
1403:
1404:
1405: 1578 1568
1406:
1407:
1408: 1612
1409:
1410:
1411:
1412: 1860
1413:
1414: 2343
1415:
1416:
1417: 1924
1418:
1419:
1420: 1377
1421:
1422: 1931
1423:
1424: 1743 1704
1425:
1426:
1427: 2129 1854 1609
1428:
1429:
1430:
1431:
1432: 2051
1433: 1661
1434: 2337
1435:
1436:
1437: 2246
1438:
1439:
1440: 1524
1441: 2314
1442: 2299
1443:
1444:
1445: 1993
1446: 2182 1626
1447:
1448: 1523
1449: 1907 1535 1515
1450:
1451:
1452:
1453:
1454:
1455: 1798
1456:
1457:
1458:
1459:
1460:
1461: 1845
1462:
1463:
1464:
1465: 1968
1466: 1984
1467: 2092
1468:
1469:
1470: 1644
1471:
1472: 1745 1627
1473:
1474:
1475: 2328
1476:
1477: 1503
1478: 1829
1479: 1546
1480: 1925
1481:
1482:
1483:
1484: 2140 1767
1485:
1486:
1487:
1488:
1489:
1490: 1981 1543
1491:
1492: 2273
1493: 1831
1494: 2068
1495:
1496: 1980 1525
1497: 1473
1498: 1950
1499:
1500: 2238
1501: 2065
1502: 2304 1744 1537
1503: 1936
1504: 2319 1641
1505: 1879
1506: 1479
1507: 2078
1508: 1779
1509: 1577
1510: 2090
1511:
1512:
1513: 2348 1663
1514:
1515:
1516:
1517:
1518:
1519:
1520:
1521: 2216
1522: 2118
1523:
1524:
1525:
1526:
1527: 2115 1783
1528: 1755
1529: 1685
1530:
1531: 1865
1532:
1533:
1534: 1754
1535:
1536:
1537: 1697
1538:
1539: 1539
1540:
1541:
1542:
1543: 2264
1544:
1545: 2215
1546: 2363
1547: 2307
1548:
1549: 2408 1576
1550: 1805
1551:
1552: 1874
1553: 2167
1554:
1555: 1959
1556:
1557: 1813
1558:
1559: 2001 1571
1560:
1561: 1894
1562:
1563: 1851
1564:
1565:
1566: 2417
1567:
1568:
1569:
1570:
1571: 2090
1572:
1573:
1574:
1575: 2232 1582
1576:
1577:
1578: 1600
1579: 2134
1580:
1581: 2064 1902 1702
1582:
1583: 2293 1753
1584:
1585: 1631
1586: 1561
1587:
1588:
1589: 2213
1590:
1591: 1959
1592:
1593:
1594:
1595: 2053
1596:
1597: 1987
1598:
1599:
1600: 1714
1601:
1602: 2031
1603:
1604:
1605: 1868
1606: 2312
1607:
1608: 1975
1609: 2248
1610:
1611:
1612:
1613:
1614: 1833
1615:
1616:
1617:
1618:
1619: 1649
1620: 1808
1621: 1778
1622: 2425 2152 1788
1623:
1624:
1625:
1626: 1910
1627: 1681
1628:
1629: 1838
1630:
1631:
1632: 2388
1633:
1634: 2311
1635:
1636:
1637: 2212 1967
1638: 1748
1639: 1861
1640:
1641:
1642: 2108
1643:
1644: 2177
1645:
1646:
1647: 2116 1988
1648:
1649: 1683
1650: 1758
1651:
1652: 1903
1653: 1862
1654: 1766
1655: 2141
1656:
1657:
1658:
1659:
1660:
1661:
1662: 2368
1663:
1664:
1665:
1666: 1731
1667:
1668: 2026
1669:
1670: 2323
1671:
1672:
1673: 1893
1674:
1675:
1676: 1976
1677: 1947
1678:
1679:
1680: 2021
1681:
1682:
1683: 2355
1684:
1685:
1686:
1687: 2214
1688:
1689:
1690:
1691:
1692:
1693: 2419
1694: 1898
1695:
1696:
1697:
1698: 1912
1699:
1700: 1786
1701:
1702:
1703:
1704:
1705:
1706: 2035
1707:
1708: 1729
1709:
1710:
1711:
1712:
1713: 2083
1714:
1715:
1716:
1717:
1718: 2275
1719:
1720:
1721:
1722:
1723: 2254
1724:
1725: 2263
1726:
1727: 1876
1728:
1729: 2241 1942
1730:
1731:
1732:
1733:
1734:
1735:
1736:
1737: 1883
1738: 1806
1739: 2024
1740:
1741: 2396
1742: 2036
1743:
1744: 2398 2033
1745:
1746:
1747:
1748:
1749:
1750:
1751:
1752: 2100
1753: 2179
1754: 1809
1755: 2221
1756:
1757:
1758:
1759: 1802
1760:
1761:
1762:
1763: 1958
1764:
1765: 2233 2133
1766:
1767:
1768: 2398 2033
1769:
1770:
1771:
1772:
1773:
1774:
1775:
1776: 2244
1777:
1778:
1779:
1780:
1781: 2168
1782:
1783:
1784: 2099
1785: 1819
1786:
1787:
1788:
1789: 2253
1790:
1791:
1792: 2069
1793: 2112
1794:
1795:
1796:
1797:
1798:
1799:
1800: 2227
1801:
1802:
1803: 2385 2350
1804:
1805: 2335 1880
1806:
1807:
1808:
1809:
1810:
1811:
1812:
1813: 2274
1814:
1815: 2331
1816:
1817:
1818:
1819: 1888
1820:
1821:
1822:
1823:
1824:
1825:
1826:
1827:
1828:
1829:
1830:
1831:
1832:
1833:
1834:
1835:
1836: 1915
1837: 2369 2067 1961
1838:
1839:
1840:
1841:
1842:
1843:
1844: 2012
1845:
1846:
1847:
1848:
1849: 1911
1850:
1851:
1852:
1853:
1854:
1855: 2162
1856:
1857:
1858: 2070
1859:
1860:
1861:
1862:
1863:
1864:
1865: 1871
1866:
1867: 2362 2296
1868:
1869:
1870:
1871:
1872:
1873:
1874: 2010
1875: 2120
1876:
1877: 2157
1878:
1879:
1880:
1881: 2066
1882:
1883: 2093
1884:
1885:
1886:
1887:
1888:
1889:
1890: 2034 2015
1891: 2419
1892:
1893:
1894: 2147
1895:
1896:
1897:
1898:
1899: 2218
1900:
1901:
1902:
1903:
1904: 2341
1905:
1906: 2127
1907:
1908:
1909:
1910: 2052
1911:
1912:
1913:
1914:
1915:
1916: 2310
1917: 1921
1918: 2003
1919:
1920:
1921:
1922:
1923:
1924:
1925:
1926:
1927:
1928:
1929: 2250
1930:
1931: 2105
1932:
1933:
1934:
1935: 2243
1936:
1937: 1966
1938: 2084
1939:
1940: 2155
1941:
1942:
1943:
1944:
1945:
1946:
1947:
1948: 2017
1949:
1950:
1951:
1952: 2225
1953:
1954: 2181
1955:
1956: 2142
1957:
1958:
1959:
1960: 2124 2047
1961:
1962: 2265 2002
1963: 2302
1964:
1965:
1966:
1967:
1968:
1969: 2377
1970:
1971:
1972:
1973:
1974: 2185
1975: 2191
1976: 1992
1977:
1978:
1979:
1980:
1981: 2267
1982: 2049
1983:
1984:
1985:
1986: 2393
1987:
1988:
1989: 2395
1990:
1991:
1992: 2075
1993:
1994:
1995:
1996:
1997:
1998: 2154
1999:
2000:
2001: 2262
2002:
2003:
2004:
2005:
2006:
2007:
2008:
2009:
2010:
2011:
2012:
2013:
2014:
2015:
2016:
2017:
2018:
2019:
2020: 2315
2021:
2022:
2023:
2024:
2025:
2026: 2194 2059
2027:
2028:
2029:
2030:
2031:
2032:
2033:
2034:
2035:
2036:
2037:
2038:
2039: 2027
2040:
2041:
2042:
2043:
2044:
2045:
2046: 2412
2047:
2048:
2049:
2050: 2160
2051:
2052:
2053:
2054: 2156
2055:
2056:
2057:
2058:
2059:
2060: 2375 2220
2061:
2062:
2063:
2064:
2065:
2066: 2204
2067: 2320
2068:
2069:
2070:
2071:
2072:
2073:
2074:
2075:
2076:
2077:
2078: 2358
2079:
2080:
2081: 2403 2073
2082:
2083:
2084:
2085:
2086:
2087: 2289
2088:
2089:
2090: 2245
2091:
2092:
2093:
2094: 2387 2255
2095:
2096:
2097:
2098: 2270
2099:
2100:
2101:
2102:
2103:
2104:
2105:
2106:
2107:
2108:
2109:
2110: 2132
2111:
2112: 2119
2113:
2114:
2115:
2116:
2117:
2118:
2119:
2120:
2121:
2122:
2123: 2242
2124:
2125: 2139
2126:
2127:
2128:
2129:
2130:
2131:
2132:
2133: 2327
2134:
2135:
2136:
2137:
2138:
2139:
2140:
2141:
2142:
2143:
2144:
2145:
2146:
2147:
2148:
2149:
2150:
2151:
2152:
2153:
2154:
2155:
2156:
2157:
2158:
2159:
2160:
2161: 2175
2162:
2163:
2164:
2165:
2166:
2167:
2168:
2169:
2170:
2171:
2172:
2173:
2174:
2175: 2366
2176:
2177:
2178:
2179: 2357
2180:
2181:
2182: 2279
2183:
2184:
2185:
2186:
2187:
2188:
2189:
2190:
2191:
2192:
2193:
2194:
2195:
2196:
2197:
2198:
2199:
2200:
2201:
2202:
2203:
2204:
2205:
2206:
2207:
2208:
2209:
2210: 2324
2211:
2212: 2361
2213:
2214:
2215:
2216:
2217:
2218:
2219:
2220:
2221:
2222:
2223:
2224:
2225:
2226:
2227:
2228:
2229:
2230:
2231:
2232:
2233:
2234:
2235:
2236:
2237:
2238:
2239:
2240:
2241:
2242:
2243:
2244:
2245:
2246:
2247:
2248:
2249:
2250:
2251:
2252:
2253:
2254:
2255: 2222
2256:
2257:
2258:
2259:
2260:
2261:
2262:
2263:
2264:
2265:
2266:
2267:
2268: 2235
2269: 2276
2270:
2271:
2272:
2273:
2274:
2275:
2276:
2277:
2278: 2332
2279:
2280:
2281:
2282:
2283:
2284:
2285: 2344
2286:
2287: 2402
2288:
2289:
2290:
2291: 2282
2292:
2293:
2294:
2295:
2296:
2297:
2298:
2299:
2300:
2301:
2302:
2303:
2304:
2305:
2306:
2307:
2308:
2309:
2310: 2359
2311:
2312:
2313:
2314:
2315:
2316:
2317:
2318:
2319:
2320:
2321:
2322:
2323:
2324:
2325:
2326:
2327:
2328:
2329:
2330:
2331:
2332:
2333:
2334:
2335:
2336:
2337:
2338:
2339:
2340:
2341:
2342:
2343:
2344:
2345:
2346:
2347:
2348:
2349:
2350:
2351:
2352:
2353:
2354:
2355:
2356: 2338
2357:
2358:
2359:
2360:
2361:
2362:
2363:
2364:
2365:
2366:
2367:
2368:
2369:
2370: 2356
2371:
2372:
2373:
2374:
2375:
2376:
2377:
2378:
2379:
2380:
2381:
2382:
2383:
2384:
2385:
2386:
2387:
2388:
2389:
2390:
2391:
2392:
2393:
2394:
2395:
2396:
2397:
2398:
2399:
2400:
2401:
2402:
2403:
2404:
2405:
2406:
2407:
2408:
2409:
2410:
2411:
2412:
2413:
2414:
2415:
2416:
2417:
2418: 2423
2419:
2420:
2421:
2422:
2423:
2424:
2425:
2426:
2427:
2428:
2429:
2430:
2431:
2432:
2433: 2401
2434:
2435:
2436:
2437:
2438:
2439:
2440:
2441:
2442:
2443: 2424
2444:
2445:
2446:
2447:
2448:
2449:
2450:
2451:
2452:
2453:
2454:
2455:
2456:
2457:
2458:
2459:
2460:
2461:
2462:
2463:
2464:
2465:
2466:
2467:
2468:
2469:
2470:
2471:
2472:
