1: 2575 1235 181 71 52 8
2: 2871 2861 2391 2283 2193 1998 1574 1472 909 807 776 755 505 499 496 482 132 89 21 16
3: 977 574 408 403 77 19 13 1
4: 543 247 236 41 30 26 14 12 9 7 3
5: 2965 2461 2129 1735 1014 726 632 593 554 490 400 396 387 223 192 138 135 133 100 78 50 22
6: 2149 1915 421 367 224 110 11 2
7: 2191 1989 244 107 101 64 15 6
8: 2993 1320 664 310 37 35 34 29 25 5 4
9: 241 190 114 56 48 40 39
10: 2760 2397 1958 1675 1663 1553 1459 1348 1295 1148 1115 1026 897 807 804 791 772 533 506 489 482 359 307 186 132 120 89 88
11: 2461 2129 1735 593 135 133 24 20 17 10
12: 726 632 554 490
13: 2310 1396 724 427 316 298 278 152 105 28 18
14: 2732 2526 2238 2092 1929 1883 1576 1493 1452 1334 1330 1125 1083 1027 856 839 714 640 417 289 118 111 102 68 47 31 27
15: 2399 1066 498 458 204
16: 1553 506 489 186 33
17: 1675 1026 804 772 51 32
18: 1375 1306 1229 340 296 165 43
19: 1194 53 42
20: 2965 387 223 138 78 23
21: 1715 1617 1143 474 348 151 146
22: 989 393 145 139 85 58
23: 2799 2732 2101 2069 1940 1125 1058 858 839 824 620 417 156 141 104 59
24: 3039 2332 2191 1989 1265 1194 251 66 49
25: 2397 307 120 91 38
26: 2934 2644 361 79
27: 1584 552 344 248 54
28: 1918 711 134 95 65 62
29: 1073 838 92 36
30: 2138 1240 1157 669 616 450 44
31: 2854 1926 1562 948 821 595 506 489 273 231 186 106
32: 2000 166 45
33: 1446 266 60
34: 2221 1958 1678 1295 1176 1115 736 533 88 74 57
35: 2981 1260 541 488 265 76 46
36: 2569 2417 1551 1208 287 169 161
37: 2701 2692 2632 2148 1929 1883 1765 1622 1291 843 693 648 592 537 280 256 140
38: 212 177 117 69
39: 986 277 264 230 195 75 70
40: 1144 865 384 329 129 121
41: 1858 480 179 173
42: 692 188 108 63 55
43: 2957 2732 1481 1125 893 839 573 417 391 243 93 61
44: 3093 2452 1630 1540 1324 874 183 109 96 73
45: 3005 1907 1578 1353 1194 905
46: 2174 72
47: 2461 2129 1779 1735 1163 996 767 593 241 233 190 114
48: 2625 2107 1686 844 454 217
49: 2211 1703 1449 719 662 661 226 208 168
50: 1148 791 359
51: 2727 2182 1659 1619 1483 1147 1015 288
52: 2334 1847 1558 1493 1334 714 289 194 137 136
53: 724 427 131 99 87
54: 3008 430 113 67
55: 1583 214
56: 270 143 116
57: 915 119
58: 3027 1822 1247 452
59: 2632 1110 907 884 843 644 537 82 81
60: 2968 2211 1703 1679 1028 854 268 112 94
61: 1740 1453 670 645 460 237
62: 2253 2044 1863 972 725
63: 2315 2003 1385 551 326 125
64: 1388 341 86
65: 2895 2817 2584 2380 1978 1968 1516 940 841 789 623 487 84
66: 3102 2233 1468 1233 891 635 445 410
67: 3032 1403 262 207 170 160 90
68:
69: 2283 755
70: 1512 966 363 142 98
71: 1335 810 420 220 83
72: 1926 948 821 595 273 231 80
73: 2256 1873 1698 1059 630 333
74: 2310 1396 514 429 175 128
75: 2292 2247 1956 1812 1811 1425 1074 1008 976 871 680 617 300
76: 203
77: 2038 1521 1311 547 303 285 149 97
78: 2873 1626 1614 1419 1348 1211
79: 2334 1847 1744 1576 1558 1383 1330 1083 847 380 239
80: 757
81:
82: 2689 982 213 206 123
83: 1236 1202 414
84: 2681 2176 324 272
85: 531 126
86: 805 654 428 318 216
87: 1154 564 516 486 418 282 274
88: 2701 2692 2148 1765 1291 280
89: 2825 1437 674 621 447 260 153
90: 2100 507 242 127
91: 2571 2210 1214 879 455 347 317 240
92: 3100 1285 835 802 495 255 199
93: 2507 808 582 154 115
94: 2880 792 607
95: 1436 1401 1203 1132 713 492 275 259
96: 2103 2020 831 697 229 202 147
97: 386 343 267
98: 526 415 209 162 103
99: 2843 2028 698 392
100: 157
101: 2074 1803 1661 1333 975 197
102: 1929 1883 1452 856 640 245 180 171 167 122
103: 1086 164
104: 2552 2551 1626 1614 1138 701 185
105: 3026 2732 2384 2147 1884 1793 1125 1097 519 417 118
106: 1702 159
107: 2834 2093 1006 890 449 390 368 257
108: 2754 2750
109: 775 406 232
110: 3075 2958 2882 2710 2299 1052 366 178
111: 1306 358 252
112: 3059 2834 2219 2093 2065 1553 1489 1367 1160 1006 968 890 741 676 506 489 449 390 368 257 235
113: 2435 604 323 144 130 124
114: 2526
115: 2666 503 397 370 311 261
116: 2957 1262 1042 809 453
117: 2873 1419 191
118: 1543 221 193 189
119: 2092 1027 150
120: 2141 709 520
121: 2416 1855 1711 1502 411
122: 2328 2035 1931 1363 721 176
123: 2964 1997
124: 1682 952 605
125: 2021 1181 790 777 596 155 148
126: 2965 2861 2193 277 195
127: 2083 172
128: 2741 2366 1842 1022 939 742 739 473 459
129: 2682 2556 2309 1833 832 198
130: 196 158
131: 1819 1476 1140 815 569 174
132: 3020 2290 457
133: 2780 1785 628 401 379
134: 2285 873 163
135: 2495 1022 879 739 473 459 205
136: 787 712
137: 2022 238 182
138: 2758 1152 919
139: 2130 2121 1922 1661 1423 1333 738 424 187 184
140: 3042 1753 1136 566 461 299
141: 1328 389
142: 512 374 234
143: 2724 1548 1013 246
144: 2794 1683 1509 225
145: 1052 383 222
146: 469 407 201
147: 2389 1790 304 210
148: 2420 1541 730 456
149: 1788 1031 733 726 632 554 491 490 290 286 200
150: 3027 2355 1822 1262 1247 1042 958 809 756 484 453 452 319
151: 2666 215
152: 879
153: 1777 1580 1477 1020
154: 1498
155: 1723 1056 556 322 218
156:
157: 357
158: 2085 1846 545 398 325
159: 2219 1489 1160 968
160: 1779 1163 996 767 611
161: 2662 2334 1847 1670 1558 380 239
162: 1642 1231 1085 1023
163: 2387 2153 2079 1798 1082 426
164: 2001 1584 1475 959 902 682 552 540 344 254 211
165: 3039 2332 2271 315
166: 614 571 253
167: 1062
168: 548 297 250 227
169:
170: 2171 916
171: 2206 590 532 332 312
172: 1842 1730 432 320
173: 1634 1135 271
174: 3058
175: 385
176: 350 258
177: 3001 2379
178: 2946 2724 2222 2038 1548 1521 1311 1231 1085 1023 581 547 528 464
179: 2684 673
180: 3032 2338 2215 1808 1403 979 241
181: 2495 1631 1061 794 779 249
182: 2925 2873 2453 2219 1489 1419 1313 1160 851 219
183: 1043 446 431 306
184:
185: 2350 1248 798 228
186: 693 648 269
187: 1780 521 483 302
188: 1207
189: 1574 909 505 499 334 292
190: 1245
191: 2981 1840 1260 541 263
192: 2662 1426
193: 2271 575
194: 1110 907 884 644 382 375
195: 2289 2028 1045 698
196: 778
197: 1454 529 395
198: 3031 2738 2693 2268 748 685 335
199: 360
200: 2484 1696 1451 470 328
201: 2666 1617 1143
202: 1161 394
203: 2145 2022 885 579 372 353 308
204: 2432 965
205: 1809 1696 1451 1189
206: 2608 1808 284 281
207:
208: 864 544 524
209: 1869
210: 2879 2289 1990 1946 1602 1045 578 381
211: 2073 1200 870
212: 2368 1563 1267 1106 853 781 751 666 513 476
213: 1689
214: 440
215: 2306
216: 1304
217: 2977 2598 2406 1378 305
218: 1599
219: 2183 279
220: 2641 882 602
221: 2762 2067 1982 1941 987 330
222: 1563 1106 853 666 513 476
223: 663 497
224: 878 812 603 479 338 314
225: 1579 1402 448
226: 2221 949
227: 981 510
228: 1381 601 331 321
229: 2156 1985 1256 686
230: 2957 573 342
231: 3077
232: 1946 381
233: 2405 1859 1173 1117
234: 1483 288
235: 2336 1911 1339
236: 2765 2628 2474 1892 1589 625
237: 2724 2323 1548 373
238: 2982 2965 1416 1282 1205 1151
239: 1014 598 412
240:
241: 3058 536 371 283
242: 1979 1676 1595 1512 1063 966 788 363
243: 1427 1357 1248 1044 798 435 276
244: 2504 1362 1174
245: 2288 1171
246: 1232 1133 1128
247: 539 399
248: 2079 1798
249:
250: 3028 2491 2333 2156 2106 2036 2033 1985 1881 1256 1228 1018 686 416
251:
252: 1688 295
253: 2263
254: 2356 683 404 327
255: 2769 2655 2461 2134 2129 1504 951 935 677
256: 1893 1705 437
257: 1472
258: 2638 2545 2492 1850 986 816 608 313
259: 2314 1569
260: 2609 1404 355
261: 301
262: 1656 1232 1164 1133 1128
263: 2760 1663 1459 897
264: 2861 2193
265: 2136 1924 1805 1622 1498 1486 1186 523 485
266: 2335 1456 1161
267: 2385 291
268: 560 294
269: 1973 293
270: 2776 2042 530
271: 1696 658
272:
273: 2798 2512 2245 2076 1594 898 501
274: 2453 851 349
275: 2094 610 337
276: 3102 1412 309
277: 2666 2345 705
278: 1272 1007 707
279: 2243 2101 2069 1940 1926 1616 948 821 595
280:
281: 419
282: 812 409
283: 438
284: 1774 557
285: 1924 1301 1186 481
286: 2533 2407 1286 346 336
287: 2300 880
288: 1926 948 821 572
289: 1000 765 597 563
290: 1448
291: 1966 894
292: 2369
293: 2412
294: 863
295: 1909 1904 624
296: 2294 2050 1786 364
297: 2123 785 351 339
298: 2442 852 462 378
299: 481 369
300:
301: 1416 986
302: 1375 1262 1229
303: 3079 1089 583 345
304: 1392 1218 657 377
305: 2848 1053 837 354
306: 401 379
307: 2976 1625 606 444 441
308:
309: 793
310: 2408 2048 433
311: 2672 2353 1113 527
312: 918
313: 405
314:
315: 1620 1348 1151 633 612 413
316:
317:
318: 2398 1395 1169 678 504 376
319:
320: 2628 1104 954 888 436
321: 352
322: 1672 471 467
323: 2087 1467 868
324: 1604
325:
326: 1514
327:
328: 945 618
329: 756
330: 3042 2659 1889 1753 1136 534
331:
332: 1019 518
333: 2085 2083 1846 1270 775 545
334: 832 362
335: 1405
336: 2898 2362 999
337: 2939 656 515 423
338: 2679 1948 1539 1037 943 778
339: 2073 1200 356
340: 2097 1637 764
341: 2304 1488 1223 365
342: 1098 1030
343: 1656
344: 881 585
345: 2211 1703 1449 719 662
346: 3102 1878 1354 388
347: 1616 439
348:
349: 2695 2598 2406 770
350: 1401 1203 1132
351: 720 442 422 402
352: 2149 1480
353:
354: 3008 568
355: 466
356: 753 737 609 463
357: 2623 1129 1035
358: 3056 2497
359: 904
360:
361: 2895 2817 1968 940 841
362: 1516 789
363: 2579 1925 1188 855
364: 2980 2458 2241 1773 1550 639
365: 2502 631
366:
367: 2945 2164 2130 1902
368:
369: 3055 1530 1461 906
370: 1636 734 706 542
371: 881 585
372: 2948 2687 2348 1513 1343 1332
373: 2058 1232 1133 1128 932 796
374: 2422 2174 1950 901 845 763 646
375: 1885 886 727
376:
377: 1344 1122 629 589
378: 1744
379: 1535 1005
380: 1977 1723 1204
381: 2298 1374 434
382: 2891 2597 1806 1749 1665 775
383: 2865
384: 2860 1920 769 570
385: 2572 2422 2325 1950 1937 1782 1501 845
386: 1131 451
387: 1305 914
388: 2250 525
389: 2735 2580 2052 1898 1802 1577 1545 1524 864 538
390: 2848
391: 2944 2029 1535 1487 1464 1005 509 494
392: 2000 493
393: 2475
394:
395: 2675 2160 2055 1908 1886 1508 1298 1111 702
396: 2472 1422 425
397: 2200 1389 716
398: 2837 1728 1093 995
399: 3017 852 795
400: 3086 2592 1848
401: 653
402: 766
403: 2848 2654 2301 1458 1112 1053 837 559 535
404: 1808 1707 797 472
405: 1621 1438 1357 1021 896 672
406: 2731 2598 2406 1378
407: 2696 2250 525
408: 2485
409: 2309 2219 2164 1902 1833 1489 953
410: 2337 514
411: 2600 2058 932 796 577
412: 1588 1434 1275
413: 1620 933
414: 1487 562
415: 2999 2601 2139 1912
416: 2592 2483 876 744
417: 2741 2366 1497 691 637 478
418: 2018 1738 881 511
419:
420: 2598 2406 1378 857 704
421: 1578 555
422: 1151 633
423: 608
424: 2878 1141 960 941 681
425: 2420 2403 2322 2084 1541 1130 465
426: 508
427: 2495 2368
428: 2659 561
429: 2114 955
430: 1406
431: 1678 1176
432: 655
433: 2539 783
434: 1944 1371
435: 2860 1920 1572 1415 946 647 638
436: 1127
437:
438: 1216 696
439: 2961 1668 892 475
440: 2974
441: 2320 443
442: 2662 1670
443: 2419 1643
444: 2974 833
445: 2410
446: 2798 1281 1078 852
447:
448: 2538 1919
449: 2765 781 751
450: 2538 1919
451: 3057 2663
452: 564
453: 1780 847
454: 1809 1189 540
455:
456: 2001
457: 2171 1544 916 684
458:
459: 2986 1356 517
460: 2709 904
461: 2753 1070 991 950
462: 2962 1411
463: 1054 619
464: 2919 2829 1816 1305 1288 1033 771 729
465: 2790 2262 1225
466: 2777 900
467: 768
468: 2110 1432 1213 1040 710
469:
470: 2181 1354 500
471:
472: 1830 978 926 872 869 826 813
473: 2872 2098 1932 731
474: 1771 1408 1081 546
475:
476: 2317 468
477: 2266 1571
478: 2476 2189 2117 1747
479: 1528 1096 947
480: 2314 591
481: 1716 1025 626
482: 1943 1349
483:
484:
485: 2727 1619 1380 1147
486: 2408 740
487: 522 477
488: 1931 1440 811
489: 910
490: 1739 1271 899 675 622 565
491: 1953 1787 1725 1170
492: 1109 584
493: 1924 1186
494: 2470 1468 1233 635
495:
496: 1768
497: 1554
498: 1302
499: 2198 1289 650
500:
501: 2476 668
502: 1729
503: 2797 2682 2556 825
504: 2162 1943 1349 1284 1210 553
505: 2538 2271 1919
506: 1854 1494
507: 1385 551
508: 1824 1032 827
509: 2574
510: 1804
511: 2022 579
512: 1626 1614 1211 690 659 580
513: 3070 2010 1901 1336 1089
514:
515: 1520 814
516: 862
517: 2088
518:
519: 1930 502
520: 2174 901 763 600
521: 2908
522: 2679 1948 1037 943 667
523: 2631
524: 3034
525: 642
526: 3074 2628 2546 1212 1104 954 888 728
527: 2914 652
528: 2363 2351 2260 2169
529: 2031 1410
530: 2149 1480
531: 2474 1892 1589
532: 1581 846
533:
534: 2872
535: 2683
536: 2906 1817 1687 1024 758
537: 970 801 576
538: 1762
539:
540: 2143
541: 2919 1288 1033
542: 735 700
543: 3043 1999 782
544: 2741 2366
545: 2514
546: 1199
547: 2121 1922 1102 558
548: 3048 2530 1624 1499 634 586
549: 1034 760
550: 1991 1590
551:
552: 1038
553: 2394 786
554: 1635
555: 1309 1124 820 599
556: 2687 1513 1343
557: 1958 1295 1115 957 928 877 615
558:
559: 2469 1347 1077 745
560: 1455
561: 641
562: 1126
563: 2965 1834 1432 867 749 689 636
564: 1658 923
565: 1313 998 747 722
566: 2482 944
567:
568: 1876 761 643
569: 2410 1011 594 587
570: 1796 964
571: 2843 2727 1619 1147
572: 1928 1417
573:
574: 2221 736
575: 3011 2247 1074 976 871
576: 2338 2215 979 550 549
577: 1241
578: 2307 1300
579: 1700 1510
580: 1731 651 649 627
581: 2645 2202 1492 752
582: 1533 1532
583: 2412 822 708
584: 3000
585: 2990 1845 1783 1253 934
586:
587: 1719
588: 2563 2506 1257 660
589: 933 723
590: 1957 1611 1346 850
591: 679
592: 1179 799 567
593: 3100
594: 2980 2458 2241 1773 1550 1236 1202 1196 665
595: 2233 891
596: 2138
597: 889
598: 988
599: 2919 2414 1390 1004
600: 2074 1803 975
601: 2256 1873 1698 630
602: 2673 1088 732
603: 2128 819
604: 2946 2222 1280 985 983
605: 2110 1040 710 588
606: 3053 1736 613
607: 1387
608: 1175 974
609: 2328 2035 1363 980
610: 1317
611: 806 746
612: 1478 1155
613: 2401 1741 1224
614:
615: 2477
616: 2779 2778 1469
617: 3059 3053 2065 1736 741
618: 2197 2144 913
619: 2604 2125 1586
620:
621: 2963 2359 1775 818
622: 1050
623: 1012
624: 2911 1857 1649 754
625: 2679 1948 1037 943
626: 2380 1978 1222 1100 671
627: 1766 1582 1153 1060 688
628: 1850 816
629: 988
630: 2328 2035
631: 704
632: 2821 1196
633: 2681 2176 1386
634:
635: 2325 1937 1782 1501
636: 2252 1997
637: 2743
638: 2181 1680
639:
640: 1301 1183
641: 2843
642: 2605 1759 1718 1662 860
643: 2358 2024
644: 2292 1812
645: 2444 2186 687
646: 3035 3012 2076
647: 3048 2530 1876 1624 1499 803
648: 2418 912
649: 718
650: 2487 963 887
651: 1357 1021 715
652: 953
653: 1121 842 830
654: 1853
655: 2920 1527 1178
656: 2696 1327 922
657: 1797 1255
658: 1715 773
659: 3098 750
660: 694
661: 1287
662: 2082 1636
663: 2261
664: 2422 1950 695
665: 2765 2485
666: 2082
667: 1679 1028
668: 2947 2096 1359 1217 1071
669: 3003 2529 2173
670: 2310 1792 1769 936
671: 2810 2571 1214 1118
672: 2709 1708 759
673: 2512 2245 1432 1213
674:
675: 2089 774
676:
677:
678: 3036 743
679: 2489 703
680: 2703 1239 993
681:
682: 1990
683: 3086 1860 1848
684: 1414 784
685: 875
686: 1880
687: 2370 1537
688: 2029 1464
689:
690:
691: 2967 1681
692: 3040
693: 1767 800
694:
695: 2150
696: 2272 2165 2122 1479 1107 849 817
697: 1174
698: 1843 1836
699: 1103
700: 699
701:
702: 1029 911 834
703: 1638 1420 921 717
704: 1188 855
705: 931
706: 3019 2426 828
707: 2052 1898 1802 1577
708: 2863 2392 1323
709: 1080
710:
711: 1696 1451
712: 2293 2012 1879
713: 1730
714: 3017
715: 3048 2530 973
716: 961
717: 1827 1655 937
718: 2430
719: 2633
720: 1986 1460
721: 1776
722: 2061
723: 2837 2720 1728
724:
725: 1650
726: 1568 1352
727: 2775 1150
728: 2682 2556 1001 925
729: 2201
730: 1134
731: 762
732: 1515
733: 3046
734: 2731
735: 962
736: 3006 2883 917
737: 2482 1487 1002
738:
739: 2309 1833
740:
741: 3009 1651
742: 2785 1409
743: 2671
744: 1361
745:
746: 3019 828
747: 2447 1067
748: 2961 2891 1806 1668 1665
749: 1379 1165
750:
751: 2830 2758 2161 1645 1182 1152
752: 1980 1234
753: 2798 2471 1475 1398 1293
754: 2246 1927
755: 1622
756: 2316 2247
757: 2928
758: 2433 1743 1522 861
759:
760: 3011 2415
761:
762: 3067 2684 1066 780
763:
764: 1447 1258 1114 823
765: 2614
766:
767: 2572
768: 2693
769: 2568 1090
770: 1878
771: 1878
772: 2095 1734 1242
773:
774: 1448
775:
776: 2584 1206
777: 2257 1737 1418 1345
778: 3065 1934 1309 1192
779: 2070
780:
781:
782: 1817
783: 3006 2883 1312 1226 895
784:
785:
786: 2161
787: 3093
788:
789: 2234 1697 1055
790:
791: 2945 1154 997
792: 1971
793:
794:
795: 2041 1496
796:
797: 1158 1072
798: 2130
799: 2218 1252 1185
800:
801: 1358 1278 942
802: 1740
803:
804: 2418 1310 927
805: 1399
806: 1232 1133 1128
807: 1582 1153
808: 1039
809: 2517 2329 2250 1632 883
810:
811: 3035 3012 2340 2218 1676 836
812: 2619 1761 1369
813: 2742
814: 1792
815: 2597 1749
816: 2004 1259 994
817: 1391
818: 1585 1046
819:
820: 2641 1274 1016
821: 2303 829
822:
823: 1294
824: 1759 1662
825: 1701 1370 930
826: 1658
827: 2154 1421 1268
828:
829: 2470 920 840
830: 859
831: 2438 2259 1331 1003 924
832: 1553 848
833: 2762 2067 1880 1057
834:
835: 1519 1431
836:
837: 2751
838: 2263 2100
839: 3023 1394 1197
840: 3081 2581 1075
841: 1355 956
842:
843: 3025
844:
845:
846: 2308 2091 1292 1187
847:
848:
849: 2482
850: 2906 2500 1552
851:
852: 3022 2823 2109 1891
853: 1546
854: 929
855:
856: 3070 1901 1336
857: 866
858: 1534
859: 1137 1036
860:
861:
862: 1360
863: 1839 1615
864: 2225 2127 1905 1064
865: 1843 1413
866: 2424 2123
867: 1895 1227 1048
868: 1525
869: 1949 1049 938
870: 1681
871:
872: 1430
873: 2771
874: 2612 2238 1664 1303 969
875:
876:
877: 2338 2215 1566
878: 2810 1118
879: 2866 1969 992 908
880: 1296 1076
881: 1454
882: 2829 2433 1743 1522 1084 903
883:
884: 1198
885: 2635 1254 967
886: 2243
887:
888:
889: 3020 2945 2290
890:
891: 2071 2030
892: 2868 2270 1101
893: 3095 1209
894: 2378 1120
895: 1751
896: 2813 1254 967
897:
898:
899: 998
900: 2068 1264
901: 3048 2530 2335 1319
902: 2821 1318
903:
904:
905: 1639
906: 1243
907: 1430
908:
909: 1246
910: 1503 1340
911:
912: 3055 2973 1366
913: 2518 2486
914:
915: 3096
916: 1841 1598
917:
918: 1017
919: 3005 1087
920:
921:
922: 2068 1009
923: 3025
924: 2931
925: 2625 2107
926:
927: 1699
928: 3018 2179 1517
929:
930: 2502 1466
931: 2293
932: 2239 1167
933: 2767 2503 1627 1092
934: 2699 1470 990
935:
936: 1105
937: 3015 1851 1261 1051
938:
939: 2814 1068
940:
941: 2423
942:
943: 1890 1201
944: 1392
945: 2602 1746
946: 2869 2204 1660 1652
947:
948: 1970
949: 2902
950: 2940 2773
951: 1733 1605
952:
953:
954: 1290 984
955: 2263
956: 1559
957: 2745 1041 971
958:
959:
960: 1145
961:
962: 2166
963:
964: 2924 2618
965:
966: 2330 2254
967: 2976 2247
968:
969: 2383 2135 1010
970: 2726 1365
971:
972:
973: 2646 1717 1575
974: 1820 1149
975: 2471 1398 1293
976:
977:
978: 1813
979: 2044 1307
980: 1690
981: 2549 1607
982: 1069 1065
983: 3029 2918 1820 1557 1172 1149
984:
985: 2806 1099
986: 1283
987: 3055 1530 1461
988: 2322 1680
989: 2854 1195
990: 2136 1805 1640 1556 1177
991:
992:
993: 1168
994: 1992
995: 1594
996: 2207
997:
998: 1708 1538 1190
999: 1142
1000: 2900 1653 1184
1001: 2617 2068 1727 1250
1002: 1505 1166
1003:
1004: 1893 1705
1005:
1006: 1299
1007:
1008:
1009:
1010: 1400 1116
1011:
1012:
1013: 2481 1872
1014: 2340
1015: 2879 1602
1016: 2066 1237
1017: 1829 1500 1094
1018: 2609
1019:
1020: 2364 2116
1021: 2192 1984
1022: 2094
1023:
1024: 2498 2457 1215
1025: 1810 1341
1026:
1027: 2866
1028: 1834
1029: 2957 1816
1030: 2235 1091
1031: 2871 2391
1032: 2427 1159
1033: 1819 1476
1034: 2040 1485 1481
1035: 2899 2468
1036:
1037: 1628
1038:
1039: 2624
1040: 1393
1041: 1095 1047
1042: 2177
1043: 1450
1044:
1045: 2791 2062 1613
1046: 2261
1047: 2502 1526
1048: 2076 1384 1193
1049:
1050:
1051: 1778 1429 1230 1146
1052: 1983
1053:
1054: 2552 1138
1055:
1056: 2994 2026
1057: 2626
1058: 2326
1059: 2803 1608
1060: 2213
1061: 2210
1062: 1565 1108
1063: 2651 1894
1064: 1221
1065: 1516 1434 1275
1066:
1067: 2209 1279
1068: 2147 1793
1069:
1070:
1071: 1079
1072: 3076 1567 1474 1439 1162 1119
1073:
1074: 2607 1139
1075: 3002 2615 1722
1076: 2671 1704
1077: 1694
1078: 2782 2158
1079:
1080: 1710
1081: 1962
1082: 1795
1083: 1961
1084: 1423
1085: 2675 2160 2055 1908
1086: 3031 2738 2361 1709
1087: 3073
1088: 2460
1089:
1090: 1684 1441
1091:
1092: 2788
1093: 2306 1238
1094: 2346
1095:
1096:
1097: 2178 1693 1273 1266
1098: 1770
1099:
1100: 1442
1101: 2739 2105
1102: 2823 2109 1891
1103: 1156
1104: 1123
1105:
1106:
1107: 2657 2230
1108: 2613 1991
1109:
1110:
1111: 2972 2280
1112:
1113:
1114: 2849 2015 1828
1115:
1116:
1117: 1724
1118: 1383
1119:
1120: 2969 1674 1646 1560
1121: 2071 2030
1122: 2499
1123: 1342
1124: 1180
1125: 2068 1322
1126: 1276
1127:
1128:
1129: 2895 2817 2101 2069 1940
1130: 1457 1191
1131: 1975
1132: 2471 2324
1133: 1994
1134: 1277
1135: 2306 2302
1136:
1137: 1733 1605 1433
1138: 2889 2786
1139:
1140:
1141:
1142:
1143:
1144:
1145:
1146:
1147: 1428
1148:
1149: 2510
1150:
1151:
1152:
1153:
1154: 2578 2347 1518
1155:
1156:
1157: 1973
1158: 1756 1507
1159: 2039
1160: 1523
1161: 1337
1162: 2942
1163: 1376
1164:
1165:
1166: 1636
1167: 1961 1249
1168: 2626
1169:
1170:
1171: 2559 2112
1172:
1173: 2815 2275
1174: 2828 1547
1175: 1424
1176: 2265
1177: 2122
1178: 1648 1297
1179: 1443
1180:
1181: 1368
1182: 2295 2237 2045 1219
1183:
1184: 1935 1444
1185: 2931 1899 1251
1186:
1187: 2723 1471
1188: 2868
1189: 1484
1190:
1191: 3033 1473
1192:
1193: 1967
1194: 2142
1195: 2124 2011
1196: 1462 1220
1197:
1198:
1199:
1200: 2592
1201: 3066
1202: 2340
1203:
1204:
1205: 1692
1206:
1207: 2640
1208: 1549
1209: 2768 2305
1210: 2938 1570
1211: 1561
1212:
1213: 1325
1214:
1215: 2914 1263
1216:
1217: 1244
1218: 2921 2555
1219:
1220: 2769 2655 2354 2223 1603
1221:
1222: 2369
1223: 2490 1326
1224: 2565
1225:
1226:
1227: 1397
1228:
1229:
1230:
1231: 2559 2112 1316
1232: 2795 2729 1742
1233: 1350 1338
1234: 2670 2662 2367 1670
1235: 2742
1236: 2260
1237: 1314
1238: 2422 2006
1239:
1240: 1933
1241: 2595 2267
1242: 2952
1243: 2595 2267 2227
1244: 2347 1591 1329
1245: 1849 1831 1269
1246: 1373 1321
1247:
1248:
1249: 2300
1250: 2217 2017 1372
1251:
1252:
1253:
1254:
1255: 2944
1256: 2907 2049
1257: 3093 1540
1258:
1259: 1865 1364
1260:
1261: 1642
1262:
1263:
1264: 2433 1838
1265: 1542
1266: 2072
1267: 2319
1268:
1269:
1270:
1271: 1506
1272: 3086 3047 2722 1848
1273:
1274: 2273
1275:
1276: 1772 1382 1308
1277:
1278: 2966 2047
1279:
1280:
1281: 2105
1282:
1283: 2658
1284:
1285: 1531
1286: 2399 1445
1287:
1288: 2103 1465
1289:
1290:
1291: 1882 1315
1292:
1293: 2776 2042
1294: 2081
1295:
1296:
1297: 1587
1298: 3065 1934
1299:
1300:
1301:
1302: 2904
1303: 2408 1889
1304: 2735 2580
1305: 1852
1306: 1612
1307: 2850 2550 2251
1308:
1309: 2424
1310:
1311:
1312: 1706
1313: 2649
1314:
1315: 1712
1316: 3052 2596 1463
1317:
1318: 2075 1954 1823
1319:
1320:
1321: 2573
1322:
1323: 1516
1324: 2477 2009
1325: 1988
1326:
1327:
1328: 1763 1610
1329: 1791
1330: 2971
1331: 2611 2390
1332:
1333:
1334:
1335: 3018 1936 1351
1336: 2281
1337:
1338: 1820
1339:
1340: 2914
1341: 2203 1666
1342: 2637
1343:
1344:
1345: 2589
1346: 2078
1347:
1348: 1719
1349:
1350: 2917 2612 1952 1593
1351: 1486
1352: 2491 2106 2036 1881 1564
1353: 2847 1623
1354:
1355: 2131
1356: 2152 1752
1357: 1691
1358:
1359: 2894 1377
1360: 2801
1361: 2566
1362:
1363: 2411 1993 1938
1364: 2492
1365: 1609
1366:
1367: 2480 1435
1368:
1369: 2888 1987
1370: 1606
1371: 2014
1372:
1373: 2496
1374: 2545 2311 1407
1375: 2845
1376: 2660 1673
1377:
1378:
1379: 3009
1380: 1495
1381: 2210
1382: 2463 1536
1383: 2155
1384: 2975
1385:
1386:
1387:
1388:
1389:
1390:
1391: 2913 2099
1392: 2277
1393: 2970 2312
1394: 1947
1395:
1396: 2882 2710
1397: 1801
1398: 2650 1870
1399: 3069 2800
1400: 2617
1401:
1402:
1403: 1748
1404: 2447 1601
1405: 2140 1491
1406:
1407: 1641
1408: 2051 1482
1409: 2698
1410:
1411:
1412:
1413:
1414:
1415:
1416: 2941
1417: 2324
1418:
1419:
1420: 2526 1713
1421: 3026 2384
1422: 2425 1866
1423: 2890 2725
1424: 2484 2010
1425: 1726
1426: 2764
1427: 2647 2523
1428:
1429: 2520 1592
1430: 2570
1431: 2553
1432: 2937 1633
1433:
1434:
1435:
1436: 1529
1437: 2232
1438:
1439: 2699 1511
1440:
1441:
1442: 2721 1939
1443: 2578 1490
1444:
1445: 1647
1446: 2620
1447: 2105
1448:
1449:
1450:
1451:
1452:
1453: 2608
1454:
1455:
1456: 1750
1457: 2810 2567 2372
1458: 2630 1744 1629
1459: 2383 2227
1460: 1818
1461: 2095 1734
1462:
1463: 3085 2371 2276 1826
1464: 2694 2395 2278 1596
1465: 1923
1466:
1467: 1654
1468:
1469: 2301
1470:
1471:
1472: 2625
1473: 2552 2485
1474: 1555
1475:
1476: 1618
1477: 1745
1478:
1479:
1480: 2216
1481: 2703
1482: 2940 2773
1483: 2855 2629
1484:
1485: 2080 1868
1486: 2534 2240
1487: 1871
1488: 2025 1760
1489:
1490:
1491: 2634 2599 2187
1492: 2654
1493: 1951
1494:
1495:
1496: 2726
1497: 2081 2002
1498: 2690
1499:
1500: 2991 2324 1945 1754
1501: 1657
1502: 2667
1503: 2308
1504:
1505: 2082
1506: 2295 2237 2045
1507:
1508: 2404 1837
1509: 1856
1510: 1835
1511: 2504
1512: 2318 2208
1513: 2840 2805 2669
1514: 2023 1597
1515:
1516: 1667 1644
1517: 1894
1518: 1914
1519: 1974
1520:
1521: 1600
1522:
1523: 2286 1573
1524: 1815
1525: 2388
1526:
1527: 2118
1528:
1529:
1530: 2648
1531:
1532:
1533: 1913
1534:
1535:
1536:
1537: 2630
1538:
1539:
1540: 1995
1541: 1888
1542: 3040 2579 1925
1543:
1544:
1545:
1546: 2750
1547: 1669
1548: 2465 1832
1549: 2688 2409
1550:
1551: 3088 2228
1552: 2558
1553: 2606 2525
1554:
1555: 1685
1556: 2949 2839
1557:
1558:
1559:
1560: 2196 2133 1755
1561:
1562: 2783 2479
1563: 2046
1564:
1565: 2403 2084
1566:
1567:
1568:
1569:
1570:
1571: 2560 1781
1572: 3068 2822 1721
1573:
1574: 2505
1575:
1576:
1577: 2603 2357
1578:
1579:
1580: 2190
1581:
1582: 1864
1583:
1584: 2214
1585: 2851
1586:
1587: 2951
1588:
1589: 2717 2677
1590: 2044 1863 1714
1591:
1592: 2013
1593: 1996 1825
1594: 2543
1595: 2853
1596: 1758
1597: 2344
1598:
1599:
1600:
1601: 2746
1602: 2212 1695
1603:
1604: 3009 1764
1605:
1606: 1959
1607:
1608: 2820 2788
1609: 2957
1610: 2258 1732
1611: 2852
1612: 2943 1799
1613: 2284 1814 1789
1614: 2063
1615: 1757
1616:
1617: 2563 2506 2081
1618:
1619: 2744
1620:
1621: 2927
1622: 2814 1671
1623: 2431
1624: 3068 2822
1625: 2995
1626:
1627:
1628:
1629:
1630: 3007
1631:
1632: 2943 2897 2826 1821
1633:
1634: 2304
1635: 2627
1636: 2077
1637: 2601 2163
1638: 2493 2313
1639: 2439
1640: 2991 2216
1641: 2649 2060
1642: 2768 2192 1984
1643:
1644: 1874
1645: 2226
1646:
1647: 2955 1960
1648:
1649: 3098 2697 2528
1650:
1651: 1972 1867
1652: 1720 1677
1653: 1916
1654:
1655: 2939 2661
1656:
1657:
1658:
1659: 2442
1660:
1661:
1662:
1663: 2231
1664: 2694 2395
1665:
1666:
1667: 2061
1668:
1669: 2892
1670:
1671:
1672: 2355
1673:
1674:
1675: 2387 2153
1676: 2524
1677: 2059
1678:
1679: 2291 2037
1680: 2884
1681: 2111
1682:
1683: 2544
1684:
1685:
1686:
1687: 2982 2019
1688: 2881
1689:
1690:
1691: 3022 1896
1692:
1693:
1694: 2011
1695: 2519 1887
1696: 2443
1697: 2509
1698: 2445
1699:
1700:
1701:
1702:
1703:
1704:
1705:
1706:
1707:
1708: 2954
1709:
1710:
1711:
1712:
1713: 2352
1714:
1715: 1807
1716:
1717:
1718: 2363 2351
1719:
1720:
1721:
1722:
1723: 2224
1724:
1725: 2172 2115
1726:
1727: 1976 1877
1728: 1906
1729: 2034
1730: 2168
1731: 2008
1732:
1733:
1734:
1735: 2532
1736:
1737:
1738: 1844
1739:
1740: 1784
1741: 2446
1742:
1743:
1744:
1745: 1852
1746:
1747:
1748:
1749:
1750: 2169
1751:
1752: 1897
1753: 2126
1754:
1755:
1756: 2508
1757: 3103 3013
1758:
1759: 2846 2704
1760:
1761:
1762: 2269 1910
1763:
1764:
1765:
1766: 2816 2522 2264 1794
1767:
1768: 2157 1862
1769: 2811
1770:
1771:
1772:
1773: 3100
1774: 3047 2242
1775: 2043
1776:
1777: 2494 1861
1778:
1779: 2905 2757 1903
1780:
1781: 2586 2064
1782: 2813 1921
1783: 2779 2090
1784:
1785:
1786:
1787: 2312
1788:
1789:
1790: 1800
1791: 2716
1792:
1793:
1794: 3101
1795:
1796: 2376
1797: 2255 2032
1798:
1799:
1800: 2531 2120
1801: 2184
1802: 2185
1803:
1804: 3044 2375
1805:
1806:
1807: 2402
1808: 1942
1809:
1810: 2698 2400 2113
1811:
1812:
1813: 2501
1814:
1815:
1816: 2612 2146
1817:
1818: 2248
1819:
1820:
1821:
1822:
1823:
1824: 1964
1825:
1826: 2790 2262
1827:
1828:
1829:
1830: 2715
1831: 1965
1832:
1833:
1834:
1835:
1836: 2831
1837:
1838: 2054
1839: 2482
1840: 2796
1841: 3039 3028
1842:
1843:
1844:
1845: 2327 2205
1846: 2804
1847:
1848:
1849:
1850: 2686 1917
1851: 2785
1852: 1981
1853: 3016 2434
1854:
1855:
1856:
1857: 1875
1858:
1859: 2374 2056
1860: 2201
1861:
1862: 2676
1863:
1864:
1865:
1866: 1900
1867:
1868:
1869:
1870: 2838
1871:
1872:
1873: 3041 3039
1874:
1875:
1876:
1877:
1878:
1879:
1880: 2450
1881: 1955
1882: 2965
1883:
1884:
1885:
1886:
1887: 2274 2132 2053
1888:
1889:
1890: 2393
1891:
1892:
1893: 2547 2537
1894:
1895:
1896: 2386
1897:
1898: 2910 2539
1899:
1900:
1901: 2621
1902:
1903:
1904:
1905: 2188
1906: 2396 2339 2175
1907:
1908: 2282
1909: 2027
1910:
1911:
1912:
1913:
1914:
1915: 2833
1916:
1917:
1918:
1919:
1920: 2685 2167
1921:
1922: 2119
1923:
1924: 3071 2561
1925: 2342 2249
1926:
1927: 2836 1963
1928: 2448
1929:
1930: 2357
1931:
1932: 2102
1933: 2557
1934:
1935:
1936: 2070
1937:
1938:
1939: 2016
1940:
1941:
1942: 2923
1943:
1944:
1945: 2513
1946:
1947:
1948:
1949:
1950:
1951: 2737
1952:
1953:
1954: 2007
1955:
1956:
1957:
1958:
1959: 2712 2382
1960:
1961:
1962: 3078
1963:
1964:
1965:
1966:
1967:
1968: 2137
1969:
1970: 2086
1971:
1972: 2478
1973: 2005
1974: 2548 2451
1975:
1976:
1977:
1978:
1979: 2870
1980: 3028
1981:
1982: 2711
1983: 2428
1984: 2656 2170
1985:
1986:
1987:
1988:
1989:
1990:
1991: 2988 2700
1992:
1993:
1994:
1995: 2588
1996: 2508 2321 2297
1997:
1998: 2812
1999: 2936
2000:
2001: 2108
2002:
2003:
2004: 2789 2755
2005:
2006: 2057
2007: 2287
2008:
2009:
2010:
2011:
2012:
2013: 2720
2014:
2015:
2016:
2017:
2018: 3050
2019: 2977 2349
2020: 2862
2021:
2022:
2023:
2024:
2025:
2026:
2027:
2028: 3032 3004
2029: 2792 2591
2030: 2864
2031: 2772
2032:
2033:
2034:
2035:
2036:
2037: 3016 2793
2038:
2039:
2040: 2413
2041:
2042:
2043:
2044: 2424 2199
2045:
2046: 2516
2047:
2048:
2049:
2050:
2051:
2052:
2053:
2054:
2055:
2056:
2057:
2058:
2059:
2060: 2194
2061:
2062: 3000
2063: 2344
2064:
2065:
2066:
2067: 2631
2068:
2069: 2195
2070:
2071:
2072:
2073: 2764
2074:
2075: 2104
2076: 2464
2077:
2078:
2079:
2080: 2462
2081: 2813
2082:
2083:
2084: 2753
2085:
2086:
2087: 3023
2088: 3064
2089:
2090:
2091: 2859 2236
2092: 2652
2093:
2094:
2095:
2096:
2097:
2098: 2770
2099:
2100:
2101:
2102: 2761
2103:
2104: 2151
2105:
2106: 3082 3062
2107: 2818
2108: 2997
2109:
2110: 3029 2918 2542
2111:
2112: 2987
2113:
2114: 2915
2115: 3038 2877 2587
2116: 2229
2117: 2590
2118:
2119: 2429
2120: 2643
2121: 2159
2122: 2421
2123:
2124: 2594
2125:
2126: 2244
2127:
2128:
2129:
2130:
2131:
2132:
2133:
2134:
2135:
2136:
2137:
2138:
2139:
2140:
2141:
2142: 2180
2143: 2373
2144: 2449
2145:
2146:
2147:
2148:
2149:
2150:
2151: 3094 2279
2152:
2153: 2759
2154:
2155: 2959
2156: 2827
2157:
2158:
2159:
2160: 3023
2161:
2162: 2781
2163: 2730
2164: 2691 2341
2165:
2166:
2167:
2168:
2169:
2170:
2171: 3033
2172:
2173:
2174:
2175: 2705
2176:
2177:
2178:
2179: 2956
2180:
2181:
2182:
2183:
2184: 2841 2664
2185: 2802
2186: 2988
2187:
2188:
2189:
2190:
2191:
2192: 2747
2193: 2733
2194: 2454
2195: 2832 2636
2196:
2197: 2220
2198:
2199:
2200:
2201: 2365
2202:
2203:
2204:
2205: 2903
2206:
2207: 2360
2208:
2209: 3044
2210: 2809
2211:
2212:
2213:
2214:
2215: 2792
2216:
2217:
2218:
2219: 3072 2835
2220: 2577
2221: 2616
2222:
2223: 2784 2331
2224:
2225:
2226:
2227: 2960
2228: 2535
2229:
2230:
2231:
2232:
2233:
2234:
2235:
2236: 2511
2237:
2238:
2239:
2240: 2441
2241: 2541
2242:
2243: 2296
2244:
2245:
2246:
2247:
2248:
2249:
2250:
2251:
2252:
2253: 2670 2367
2254:
2255: 2876
2256:
2257:
2258:
2259:
2260:
2261:
2262:
2263:
2264:
2265: 2964
2266: 3050
2267: 2763 2440
2268: 2620
2269:
2270:
2271: 2488
2272:
2273: 2737
2274:
2275:
2276:
2277: 2719
2278:
2279:
2280: 3089
2281:
2282:
2283: 2521
2284:
2285:
2286:
2287:
2288:
2289: 2456
2290:
2291:
2292:
2293: 2610
2294: 2875 2593
2295: 2983
2296:
2297: 2466 2343
2298:
2299:
2300: 2540 2381
2301: 2377
2302:
2303: 2734
2304:
2305: 2459
2306:
2307:
2308:
2309: 2467
2310: 2824
2311:
2312:
2313:
2314: 3080
2315:
2316:
2317:
2318:
2319:
2320:
2321:
2322: 2622
2323:
2324:
2325:
2326: 2697 2528
2327:
2328:
2329:
2330: 2984
2331:
2332:
2333: 2938 2583
2334:
2335:
2336:
2337:
2338:
2339:
2340:
2341:
2342:
2343:
2344:
2345:
2346:
2347: 2901
2348:
2349:
2350:
2351:
2352:
2353:
2354:
2355:
2356:
2357:
2358:
2359:
2360:
2361:
2362:
2363:
2364:
2365:
2366: 2436
2367:
2368: 2674
2369:
2370: 2562
2371:
2372:
2373:
2374:
2375: 2668
2376:
2377: 3090
2378: 2714 2564
2379:
2380: 2880 2515
2381:
2382:
2383:
2384: 2455
2385: 2473
2386:
2387:
2388:
2389:
2390:
2391: 2437
2392:
2393:
2394:
2395:
2396:
2397:
2398:
2399:
2400:
2401:
2402:
2403:
2404:
2405:
2406:
2407:
2408:
2409:
2410:
2411:
2412:
2413:
2414:
2415:
2416:
2417:
2418:
2419:
2420:
2421:
2422:
2423:
2424:
2425:
2426: 2554
2427:
2428:
2429: 2536
2430:
2431: 2639
2432:
2433:
2434:
2435: 3014 2953
2436:
2437:
2438:
2439:
2440:
2441:
2442:
2443:
2444:
2445:
2446: 2576
2447:
2448: 2752
2449: 2642
2450:
2451:
2452: 2979
2453:
2454:
2455: 2527
2456:
2457: 2706
2458:
2459:
2460:
2461:
2462:
2463:
2464:
2465:
2466: 2819
2467:
2468:
2469:
2470:
2471: 2582
2472: 3060
2473: 2885 2748
2474: 2718
2475:
2476:
2477:
2478:
2479:
2480:
2481:
2482:
2483:
2484:
2485:
2486:
2487:
2488:
2489:
2490:
2491:
2492:
2493:
2494:
2495:
2496:
2497:
2498:
2499:
2500:
2501:
2502:
2503:
2504: 2680
2505:
2506:
2507:
2508:
2509:
2510:
2511: 3063
2512:
2513:
2514:
2515:
2516:
2517:
2518:
2519: 2787
2520:
2521: 2852
2522:
2523: 2807
2524: 3037
2525:
2526:
2527:
2528:
2529:
2530:
2531:
2532:
2533:
2534:
2535:
2536: 2585
2537:
2538:
2539:
2540:
2541:
2542:
2543:
2544: 2707
2545: 2926
2546: 3061
2547: 2989
2548:
2549:
2550:
2551:
2552:
2553:
2554:
2555:
2556:
2557:
2558:
2559:
2560:
2561:
2562:
2563:
2564:
2565:
2566: 3097
2567:
2568:
2569:
2570: 2653
2571:
2572:
2573:
2574: 2857
2575:
2576:
2577:
2578:
2579:
2580: 2665
2581:
2582:
2583: 2874
2584:
2585:
2586:
2587:
2588:
2589:
2590:
2591: 2774 2702
2592:
2593:
2594:
2595: 2985
2596:
2597: 2708
2598:
2599: 2713
2600:
2601:
2602: 2893 2867
2603:
2604:
2605:
2606:
2607:
2608:
2609:
2610:
2611:
2612: 3092
2613: 2930
2614: 2728
2615:
2616:
2617: 2916
2618:
2619:
2620: 2911
2621:
2622:
2623:
2624:
2625: 3091
2626:
2627:
2628: 2896 2678
2629:
2630:
2631:
2632: 2740
2633:
2634: 2736
2635:
2636: 2756
2637:
2638:
2639:
2640:
2641:
2642: 2766
2643:
2644: 2917
2645:
2646:
2647:
2648:
2649:
2650:
2651:
2652:
2653:
2654:
2655:
2656:
2657:
2658:
2659:
2660:
2661:
2662:
2663: 3051
2664:
2665:
2666: 3024
2667:
2668:
2669:
2670:
2671:
2672:
2673:
2674:
2675: 3099
2676:
2677:
2678:
2679:
2680:
2681:
2682:
2683: 2856
2684:
2685:
2686:
2687:
2688:
2689:
2690:
2691:
2692:
2693:
2694:
2695: 2844 2842
2696:
2697:
2698:
2699:
2700: 2933
2701:
2702:
2703:
2704:
2705:
2706:
2707:
2708:
2709:
2710:
2711:
2712:
2713: 2749
2714:
2715:
2716:
2717:
2718:
2719:
2720:
2721:
2722: 3038 2877
2723:
2724:
2725:
2726:
2727:
2728:
2729: 2858
2730:
2731:
2732:
2733:
2734: 2886
2735:
2736:
2737:
2738:
2739:
2740:
2741:
2742:
2743:
2744: 2935
2745: 2909
2746:
2747:
2748:
2749:
2750: 3045
2751: 3010
2752:
2753:
2754:
2755:
2756: 2887
2757:
2758:
2759:
2760:
2761:
2762: 2929
2763:
2764:
2765:
2766:
2767:
2768:
2769:
2770:
2771:
2772:
2773:
2774: 2808
2775:
2776:
2777:
2778:
2779:
2780:
2781:
2782:
2783:
2784:
2785:
2786:
2787:
2788:
2789:
2790:
2791:
2792:
2793:
2794:
2795:
2796:
2797:
2798:
2799:
2800:
2801:
2802:
2803:
2804:
2805:
2806:
2807:
2808: 2950
2809:
2810:
2811:
2812:
2813:
2814:
2815:
2816:
2817: 3021
2818:
2819:
2820:
2821: 2932
2822:
2823:
2824:
2825:
2826:
2827:
2828: 2996
2829: 2912
2830:
2831: 3030
2832:
2833:
2834:
2835:
2836:
2837:
2838:
2839:
2840:
2841:
2842:
2843:
2844:
2845:
2846:
2847:
2848:
2849:
2850:
2851: 3087
2852:
2853:
2854:
2855:
2856:
2857:
2858:
2859:
2860:
2861:
2862:
2863:
2864:
2865: 2922
2866:
2867:
2868:
2869:
2870:
2871:
2872: 3083
2873:
2874:
2875:
2876:
2877:
2878:
2879:
2880:
2881:
2882:
2883:
2884:
2885:
2886:
2887:
2888:
2889: 3104
2890:
2891:
2892:
2893:
2894:
2895:
2896:
2897:
2898:
2899:
2900:
2901:
2902:
2903:
2904:
2905:
2906:
2907:
2908:
2909:
2910:
2911:
2912:
2913:
2914:
2915:
2916:
2917:
2918:
2919:
2920:
2921:
2922: 2978
2923:
2924:
2925: 3049
2926:
2927:
2928:
2929:
2930:
2931:
2932:
2933:
2934:
2935:
2936:
2937:
2938: 3054
2939:
2940:
2941:
2942:
2943:
2944:
2945:
2946:
2947:
2948:
2949:
2950:
2951:
2952:
2953:
2954:
2955:
2956:
2957:
2958:
2959: 2998
2960:
2961:
2962:
2963:
2964:
2965:
2966:
2967:
2968:
2969:
2970: 2992
2971:
2972:
2973:
2974:
2975:
2976:
2977:
2978:
2979:
2980:
2981:
2982:
2983:
2984:
2985:
2986:
2987:
2988:
2989:
2990:
2991:
2992:
2993:
2994:
2995:
2996:
2997:
2998:
2999:
3000:
3001:
3002:
3003:
3004:
3005:
3006:
3007:
3008:
3009:
3010:
3011:
3012:
3013:
3014:
3015:
3016:
3017:
3018:
3019:
3020:
3021:
3022:
3023:
3024:
3025:
3026:
3027:
3028:
3029:
3030:
3031:
3032:
3033:
3034:
3035:
3036:
3037:
3038:
3039:
3040:
3041:
3042:
3043:
3044:
3045:
3046:
3047:
3048: 3084
3049:
3050:
3051:
3052:
3053:
3054:
3055:
3056:
3057:
3058:
3059:
3060:
3061:
3062:
3063:
3064:
3065:
3066:
3067:
3068:
3069:
3070:
3071:
3072:
3073:
3074:
3075:
3076:
3077:
3078:
3079:
3080:
3081:
3082:
3083:
3084:
3085:
3086:
3087:
3088:
