1: 2366 1498 222 23 6 4 1
2: 467 395 70 19 2
3: 2498 2477 2247 2016 1738 1670 1537 1503 1296 1195 1007 911 636 607 27
4: 2678 2422 2177 1754 1506 422 139 127 103 89 59 8 3
5: 2369 2312 2297 1939 1732 1621 946 538 312 166 117 15
6: 1092 997 950 914 408 201 164 150 148 106 104 97 7 5
7: 2555 2371 382 366 351 95
8: 2604 2505 648 196 110 66 34 14
9: 1157 958 548 501 161 146 90 48 44 39 31 10
10: 1425 360 65 12 11 9
11: 1109 725 53 50 32 18
12: 2122 1013 190 98 17
13: 2592 2580 2535 2164 587 93 38 30
14: 2707 2016 1892 1007 911
15: 2090 1068 1036 563 299 158 123 36 24 21 20 13
16: 2580 2535 2397 2203 2164 1499 810 587 297 283 156 129 93 76 38 16
17: 2241 2139 620 605 181 173 145 144 131 114 37
18: 925 814 245 214 33 29
19: 2018 1171 960 247 78 22
20: 2826 2802 2335 2290 1896 1062 917 905 766 552 541 378 289 221 198 116 55
21: 2798 2400 1751 1339 1283 1220 601 192 43 40
22: 2500 2494 1738 1425 1389 1296 1166 1070 1058 1051 997 982 546 507 408 352 284 201 169 106 104 97 69
23: 2085 1974 1592 1501 1458 1279 1249 1094 786 666 423 421 42 25
24: 2683 2549 1186 1184 883 659 75 58 54 28
25: 1865 235 232 171 140 128 111 62 61 52 26
26: 2529 2337 1568 1319 1114 936 824 732 526 439 71 56
27: 2095 311 72 68 67 51
28: 2817 1660 525 472 463
29: 628 302
30: 2573 2301 1972 567 429 286 119
31: 2494 2095 1142 624 311 72 68 67 35
32: 2241 2090 1036 124 88 81
33: 2397 2173 1986 1499 45 41
34: 2628 2521 1695 320 277 220
35: 2559 2422 2312 854 735 538 422 338 166 155 84 83 74
36: 1291 962 121
37: 1657 1019 238 46
38: 2623 2441 63
39: 2753 2616 1984 1975 1360 739 494 428 237 176 49
40: 2522 1253 1174 568 533 274 243 208 172 135 132 60
41: 1109 802 725 404 370 334 217
42: 2289 1090 827 133 113 86
43: 1776 823 126 112 80 47
44: 1767 1131 1058 507 270
45: 1872 268 57
46: 2696 1872 1439 1133 718 610 409 323 268 137 101
47: 1754 1025 949 800 736 557 471 462 460 435 374
48: 1864 658 516 496 317 174 162 107
49: 2562 2299 2194 1432 1402 1205 993 633 324
50: 2668 2623 2573 567 429 286 66
51: 324
52: 717 664 563 355 306
53: 2188 1846 1551 1438 1203 1164 1149 957 816
54: 2669 2639 1085 841
55: 2221 378 221 198
56: 1715 832 388 346 264
57: 2550 1829 776 288 229 73
58: 1949 1412 566 266
59: 99
60: 1093 255 228 219
61: 736 471 462 460 79
62: 2562 2464 2095 1323 1301 1205 1003 840 633 406 330 168 136 109
63: 2205 988 917 667 612 552 289 116
64: 2426 2201 2038 1861 1718 1011 64
65: 2399 1362
66: 2707 2686 2204 2088 1869 1486 1021 504 319 186
67: 2195 1982 1386 550 262 236 143
68: 257 163 91 85 82
69: 1263 835 458 260 77
70: 1005
71: 2494 1389 546
72: 2136 1500 1481 1169 893 108 100
73: 2811 2114 679 618 529
74: 1907 1720 1682 1157 501 183
75: 1715 308 134
76: 717 664 536 355
77: 2590 2458 2428 1841 1703 811 768 721 468 336 94
78: 606 469 295 209
79: 2591 2565 1472 327 242
80: 1632 1364 461 326 157
81: 1511 857 683 547 224 102 92
82: 1592 130
83: 1049 608 487 424 322 118
84: 2261 1855 1542 1047 916 568 340 243 208
85: 2500 1070
86: 2657 2563 2311 2203 2140 1657 1019 810 554 503 87
87: 1226 767 363 207
88: 2256 1418 805 539 249
89: 2090 1036 808 293
90: 1713 673 272
91: 1166 1051 982 660 300
92: 1554
93: 105
94: 2530 2259 1037 819 623 483 470 179
95: 1037 819 623 483 149 96
96: 2100 1872 1731 1508 771 455 268 189 122
97: 2672 1754 931 698 165
98: 1671
99: 2229 1977 1944 1821 1775 1259 952 451 401 348
100: 1418 805 151
101: 2562 2006 1554 1224 1205 1047 916 886 720 662 633 340 337 138
102: 1789 1108 197 152 115
103: 2242 2024 1177 570 194 141
104: 2321 895
105: 2104 1865 1481 1421 1169 1069 596 403 292 285
106: 2265 760 750 730 465 265
107: 1226
108: 2466 1882 1504 1430 1292 1288 1256 987 950 914 702 164 150 148
109: 1771 1708 1400 757 553 345 206
110: 1400 160
111: 2256 697 271
112: 1294 941 556 120
113: 2737 2392 2262 2014 1211 310 205
114: 1762 400 290
115: 2501 477 402 269
116: 1739 1567 1246 1087
117: 2696 1575 1428 1319 485 439 211 125
118: 2805 831 147
119: 1291 1047 962 916 872 829 498 340
120: 1681 1297 847 787 511 175
121: 2745 2186 1584 1484 1085 375
122: 2521 1984 1155 991 739 580 540 494 237
123: 1554 153
124: 199 182
125: 1715 248 154
126: 2562 1205 633
127: 2590 2394 1841 812 484 180
128: 879 142
129: 2404 2265 2201 2038 1861 1011 926 760 730 495 465
130: 991 540 259
131: 1116 634
132: 2291 1147 875 762 591 441 413 321 170
133: 2768 1093
134: 202 188 159
135: 2798 2400 1038 833
136: 1249 801 786 423 195
137: 2622 1922 1717 1331 635 291
138: 2778 2766 2615 1374 1196 407 301
139: 2820 602 391 178
140: 1683 1563 1075 1044
141: 2303 1525 1012 405
142: 2562 1205 633 342
143: 2421 2197 203
144: 1568 1114 824
145: 2788 2404 1992 1864 1852 1842 1592 926 828 658 584 516 167
146: 1650 888 694 509 452 434 216
147: 1832 1721 651 399
148: 2442 2257 866 573 304
149: 1315
150: 506 339
151: 1537 1195 325
152: 2093 1617 1086 177
153: 1891 880
154: 2100 1731 771 455
155: 2788 2579 2577 2561 2181 521 443 392
156: 1397 1079 1033 849 685
157: 680 456 191
158: 1778 975 890 353
159: 1475 1128 898 708 318
160: 701
161: 2270 2210 2170 184
162: 627
163: 2205 1765 1708 988 667 612 553 185
164: 2007 1813 1789 1755 1642 1489 1257 1108 980
165: 2044 1340 539 193
166: 1992 1852 863 532 296
167: 1515 234
168: 2829 1947 1780 1689 495
169: 480 407 301
170: 2178 1672
171: 2422 1872 1767 1471 1187 928 920 652 589 390
172: 2377 2207 2049 1917 1653 968 389
173: 951 600 227
174: 2301 1972 1478 1348 253
175: 2542 1253 1174 533 200
176: 2287 817
177: 937
178: 1736 1671 1647 1539 230
179: 1047 916 879 340 287
180: 2579 1729 521 381 187
181: 2567 2150 2076 1969 1663 722 713 520 367 331 225 212
182: 2683 2549 2200 2134 1903 1442 1186 1184 276 261
183: 797 534 215
184: 1878 1119 875 762 711 591 420 204
185: 1368 1000 252
186: 356 226
187: 1458 1094 666 615
188: 1910 1228 1192 273
189: 2711 2479 1759 1608 1545 1160 450
190: 872 829
191: 2784 2757 2484 1712 586 482 305
192: 1649 842 218
193: 1771 757
194: 2729 1289
195: 1878 1119 896
196: 2290 1421 1085 1062 541 307
197: 1992 1852 1306
198: 639 545 303 250
199: 2731 645 640
200: 1519 1010 848
201: 2016 1122 1007 911 518 278 210
202: 2290 2272 1748 1704 1062 233
203: 2236 1420 1268 490 436 244 240
204: 2593 2048 931 698 369 267
205: 2149 2035 1936 223
206: 2351 748 213
207: 354
208: 2690 1752 1468 1333 1081
209: 328 254
210: 2081
211: 1381 380
212: 1641 1434 502
213: 2481 1210 1101 419 333
214: 2772 2394 1703 1528 721
215: 2811 2572 2525 1844 1716 1018 820
216: 1224 886 720
217: 1858 1311 1244
218: 2699 649 414 385
219: 1720 572
220: 2269 1805 241
221: 2477 607 294 231
222: 445 344
223:
224: 1927 1178 745 575 280
225: 1813 1642
226: 654 239
227: 1155
228: 1207 1042 770 279
229: 705 393
230: 2322 437
231: 1517
232: 2798 2400 1339 1220
233: 1554 989 350 281 275 256
234: 2088 1492 1486 1284 504 246
235: 1842 828 584 282
236: 2026 454
237: 2495 1214 978 669 512 251
238: 699 410
239: 2225 1766 1287 733 683 497 263
240: 1778 1226 975 890 743 644
241: 2708 931 698 312
242: 1239 839 665 394
243: 1131 361
244: 569 258
245: 2340 384
246: 1292 987 702 613
247: 2604 2505 493
248: 2321 349 347
249: 2736 2327 2281 1960 909
250: 2495 1307 531
251: 1230
252: 2579 1729 521 381
253: 1470 1214 978 844 765 724 696 669 512 464 343 316
254: 2595 2587 1487
255: 2831 991 802 514 478
256: 2138 1162 1056 585 542 438
257: 737
258: 668
259: 899 474 431
260: 1898 411
261: 2139 660 620 605 513 479 315
262: 2547 1530 1490 1247 1176 966 359 313
263: 1609 1577 1573 1115
264: 2562 2523 2331 2325 2205 1513 988 667 612 599
265: 2354 677
266: 1440
267: 2546 1915 1908 341
268: 2101 1141 709 691 592 446
269: 2327 2281 1960 1390
270: 1390 1091
271: 2204
272: 1280 996
273: 619 543
274: 2289 1254 362
275: 2559 1297 383
276: 2385 1436 1082 972 894
277: 2091 358
278: 2357 930
279: 2507 871
280: 1223 689 309
281:
282: 1508 1321 1148 796 544 444
283: 2066
284: 1584 1484
285: 2076 520 367
286: 993
287: 2208 943 807 783 692 335 298
288: 2769 2179 1291 962 716 597
289: 1504 1316 1291 1288 1249 1150 962 786 423
290: 2713 2137 629
291: 2522 2369 1939 1732 1621 1511 332
292: 1039 329
293: 2794 2206 1967 1874 1516 700
294: 1952
295: 2377 2049 1917 1653 530 365
296: 1963 617 396 364
297: 2601 1149 976 816 614 603 551
298: 398
299: 2554 711 420
300:
301: 1783 519 377
302: 650 314
303: 732
304: 1269 1138 1073 466 372
305: 430
306: 1397 1079 1020
307: 417
308: 1344
309: 2542 1237 961
310: 1444
311: 2844 1693 357
312:
313: 555 459
314: 1669 1515
315: 1492 1284
316: 1210
317: 2477 2188 1846 1551 1149 816 622 607
318: 2772 740 671 379
319: 2374 2088 1486 902 853 440 387 386
320: 907 789
321:
322: 2031 1359 447 371
323:
324: 794
325: 889 763 583
326: 2738 1401 1293 874
327: 2622 1922 1717 1618 1331 933 635
328: 848
329: 1123
330: 694 452
331: 2502 912 742 449 373
332: 772 415
333: 857
334: 1787 1745 860
335: 2662 1016 773
336: 1713 673
337: 1022 940 397
338: 2588 1492 1284 1222 419
339: 1987 1978 942
340: 1977 1775
341: 1292 987 702
342: 2445 1954 1947
343: 2310 1811 1411 625
344:
345: 2692 909
346: 2620 1997 1475 1403
347: 1397 1338 1317 1079
348: 2515
349: 2412 2384 1535 1372
350: 2178 1672 811
351: 1887 1552
352: 791
353: 741 368
354: 560
355: 1531 489 476
356: 2782 2072 1008 859
357: 2297 2093 1617
358: 1471 1187
359: 2745 2186 2122
360: 2270 2210 2170 558
361: 590
362: 1355
363: 2068 1373 523 499
364: 2800 1049 571
365: 2592 2588 2316 1222
366: 2299 1432 1402
367: 885 758
368: 1907 1682
369: 621
370: 2264 1028
371:
372: 2466 1430 1256
373: 1444 727 418 376
374: 2471 2159 1538 1231 643
375:
376: 1767 920 652 589 416
377: 2134 1903 1442
378:
379: 734 578 500
380: 656 473
381: 2809 2796 2732 858
382:
383: 2737
384:
385: 2504 850 581 442
386: 2022 970 641
387: 2705 2609 2007 1976 1755 1747 1029 524
388: 2711 1608 1545
389: 801
390: 1110
391: 1104
392: 2441 2088 1486 1016 773 751
393: 1308
394: 2622 1922 1717 1331 1203 1164 957
395: 505
396: 781 510
397: 2829 1780 1689 728 693
398: 784 448
399: 1948 1871 579
400: 1524 1325 956
401: 2622 1922 1717 1575 1428 1331
402: 2581 719
403: 1097 457 432
404: 2666 2228
405: 2770 681 528
406: 2364 2303 1525 1012 481
407: 2599 574
408: 847 787 412
409: 1782 647 598
410:
411: 2068 1982 1921 1626 1616 1373 499
412: 2238 1537 1195 921 646
413: 2707 2412 2384 1924 1609 1577 1573 1535 1372 1115 1021 427 425
414: 2450 1803
415:
416: 1918 1607 1274
417: 2705 2609 1747
418: 580 508
419: 2768 670 549
420: 1227 999 867 729
421: 2105 1877 582 565
422: 2109 1441 995
423: 486 426
424: 1520 1473 433
425: 2358 1971 973
426: 2479 1759 1160
427: 2385 972 894
428: 2585
429:
430:
431:
432: 2733 2622 1922 1717 1331 954 635 453
433: 904 492
434: 2085 1974 686 562
435: 653
436: 2640 2364 1890 1112 712
437: 2543 1208
438: 1415
439: 2337 1002
440: 1981
441: 1881
442:
443: 2683 2576 2549 594
444: 1255
445: 922 704 491
446: 2103 1678
447: 2778 1374
448: 1850 588
449:
450:
451: 561
452: 1940 1837 1754 984 723
453: 2261 1855 1542 1072 1071
454: 2840 1920 756
455: 1613 785 726 488
456: 778
457: 892 759 475
458: 1958 1586 878
459: 1697
460: 2226 1906 1718 927
461:
462:
463: 1460 1439
464: 2636 678
465: 1985 1485
466: 1803
467:
468: 1994 1685
469: 2360 1894 1481 1169 1129
470: 1132
471: 2368 2358 1971 1909 1820 1313
472: 1976
473: 2764 2517
474: 2258 1048
475: 577
476: 2823 2396
477: 655
478: 2509 2454 2199 2061 1202
479: 2553 1696 754 663 626
480: 1212 609
481: 2189 2019 1394
482: 2481 1101
483: 2683 2081 2033
484:
485: 630
486: 1670 537
487: 2822 855
488: 2007 1755 1513
489: 1251 774
490: 1407 1096
491: 1520 517
492: 1630
493: 2575 1392 1189 1099
494: 2707 915
495: 1831
496: 2394 2241 1697 1550 1440 924 564
497: 515
498: 1836
499:
500: 1316 1150
501: 2168 1784 1156
502: 1479 1204 1124
503: 2817 1660 1489 676 527
504: 1517 1305 935
505: 2489 1455 864 792 638 522
506: 1793
507:
508: 2159 1809 1538 1231 852
509: 2095 1924 965
510: 1845 1756
511: 2585 2354 1381 1035
512: 2502 912
513: 2076 1886
514:
515: 1935 1555 616
516: 2345 1316 631 604 535
517: 2441 2175
518: 1378
519: 1252 813
520:
521: 2165 1161
522: 1526
523: 2028 1452
524: 1809 576
525: 1059 695
526: 2241 881
527: 2553 1482 754
528: 2192 1769 1113
529: 2448 2188 1846 1551
530: 2622 2500 2321 1922 1717 1331 1262 637
531: 1671 904
532:
533: 2246
534: 687 674
535:
536: 1980 1659
537: 2589 1925
538: 2465 2253 1941 1851
539: 2416 1061
540: 2779
541: 2223 2163 1719 1395 788 595
542: 1330 559
543: 2708 1240 1143
544: 1190 1034
545: 1469 1391 1295 790
546: 1298
547: 2548 2282 1226
548: 1193 1031 1015
549: 1254 983 684
550: 690
551: 2627
552: 1946
553: 2525 1844 1716 820
554: 2053 1387 1077
555: 2771 1351 714
556:
557: 1417 1139 642
558: 2190 755
559: 2539 1365
560: 1135
561: 752
562: 2348 862 744
563: 1640 1569
564:
565: 1063
566: 2608 873
567: 1883 779
568: 2399 593
569: 2539 2369 1939 1732 1621 1365 946
570: 945 777
571: 1528
572:
573: 2492
574:
575: 2415 1815 798
576: 2079
577: 1338 1317
578: 2525 1001
579: 1416 611
580: 1629
581: 1461 826
582:
583: 706
584: 1902 682
585: 2805 1629 632
586: 2121 1777
587: 1594 1261 753
588: 1454
589: 1074
590:
591: 2290 2196 1218 1078 1062 672
592: 800
593: 2160 1848 1833 1565 1185 1134 1080
594: 2047
595: 2451 1984 1859 1816 1674 1181
596: 2229 952
597: 2833 703
598: 2414
599: 2411 2373 2194 2042 906 661
600: 1475
601: 707 675
602: 2357
603: 715
604: 751
605: 2806 2313 931
606: 2636 2558
607: 1916
608: 1779
609: 657
610: 1204 1054 959 939
611: 2443 2221 1610
612: 2095
613: 1810 764
614: 2795 2465 2176 1851
615: 2475
616: 1875 1801 1527
617:
618: 1272 688
619: 1817 1055 780
620: 2796 2732
621: 2639
622:
623: 2412 2384 2291
624: 1629 1522 1470 1363
625:
626: 1651
627: 2831 1863 838 738
628: 2473 1459
629: 2619 2476 1040
630: 2358 1971 973 710
631: 2291 1986
632: 2569 2368 1834 1820 1710 731
633: 2800 2611 2483 2036 1948 1913 1871 1336 845
634: 1625 1596
635: 2678 2619 2476 2177 1506 986
636: 2084 1957 1427
637: 2812 2667 2452 1282 917
638: 1756 1197
639: 1103
640: 1896
641: 1843 1153 804 747
642: 1540 1466
643: 1765 1354
644: 1469 1391 1295 1136 1122
645: 2065 1154 782
646: 1182
647: 2558 2089
648: 2173 869
649: 2796 2732 1931 1739 1426 1004 887
650: 1170
651: 2044 2022 1340 970
652: 2263 1393
653: 2096 1928
654: 2048 2015 1893
655: 2567 2037
656:
657: 1421 1069
658: 1655 1602
659:
660: 2772
661: 1930 818 775
662: 1998 1238 913 861 803
663: 2034 1706 1024
664:
665: 953
666: 2661
667: 1215
668: 998
669: 2657
670: 2302 1408 1242
671: 1854
672: 2187 2140 1111 1032 868
673: 1905
674: 2351 1046
675: 2735 2430
676: 1590 897 837
677: 2812 2667 793
678:
679: 2229 2017
680: 2799 2767 2534 1523
681: 2522 2339 1900 1646
682: 974
683:
684: 1830
685: 2793 2726 2208 1800 1724 943 807 783
686: 2747
687: 1756
688: 2522 2244 1723
689: 2525 1844 1716
690: 2745 2186 2101 948
691:
692: 1396
693: 1306
694: 749
695: 2672 1167
696: 2099 1546 934
697: 1858 1311 1244
698: 1241
699: 1623 1497
700: 1128 761
701:
702: 2767 1260 1060
703: 2272 1889 1142 891
704: 2312 2275 1877
705: 1382 1221 856
706: 2735 2430
707: 1800
708: 2715 1465 1066 1041
709: 2847 2438 1140
710:
711: 2039
712: 1076
713: 1856
714:
715: 981
716: 1681 746
717: 2590 1841 1547
718: 1385
719:
720:
721:
722: 2445 1954 1440
723: 2231 2023 977
724: 1694 985
725: 2011
726: 2659 2161 1882 1673
727:
728: 903
729: 2208 1122 825
730:
731:
732: 834
733: 1847 1614 1369
734: 2601 994
735: 2065 1353
736: 1117 919
737: 2455
738: 2029 1285
739: 968
740: 1027
741: 2226 1906
742: 877
743:
744: 1267
745: 1982 1921 1626 944
746: 1243 795
747: 2026 967 822
748: 1327
749: 1457
750: 2558 2249 2089 1083
751: 1356 1236 836
752: 2458 2428 2287
753: 1453 1183 1145
754: 1583 769
755: 2394 1795 799
756: 1276 932
757: 865 809
758: 2131 1548
759: 1159 884
760: 1219 1151
761: 2248
762: 2388 1589
763: 1358
764: 1004 887 821
765: 1322
766: 1308 830
767: 2592
768: 1350
769: 1745
770: 1788 1735
771: 971
772: 2252 2135 2008 1897 1435
773:
774: 2572
775: 1882
776: 1092
777: 2723 2675 2624 2056 1507 1213 964
778: 1763 1608 1545 1419
779: 1739 1087
780: 806
781: 2218 846
782:
783: 1030
784: 2062
785: 1534
786: 2516 2506 2303 2013 1525 1095
787: 2264 1321
788: 2563 1449 1130
789:
790:
791: 1277
792: 2729
793: 1581 843
794: 2079 1196 815
795:
796:
797: 2234 2183 1553
798: 2845 882
799: 2216
800: 2383
801: 2818
802: 2154 851
803: 2514
804: 2788
805: 990
806: 2368 1820 1326 870
807: 1536 1491
808: 2567 1088
809: 1690 1312
810:
811: 2674 963
812:
813: 1448 1009
814:
815: 2847
816: 1172 1065
817: 1618
818: 1835 1106
819: 1127
820: 1599 1199
821: 2292
822: 2373 1749
823: 908
824: 2149
825: 2736
826:
827: 1879
828: 1509 1474
829:
830: 2267 1571
831: 901
832:
833: 1557
834: 2690 1152
835:
836: 900
837: 2713 2119 1234 1064
838: 2522
839: 2040 1334 1017 910
840: 1915
841: 2560 1225
842: 1859 1816 1181
843: 2522 1679 1188
844: 2175 1006 979 876
845:
846: 2368 1820
847: 1423 1121
848: 2065 929
849: 2138
850:
851: 1118
852: 969
853: 1380
854: 2420 1067 918
855: 1235
856:
857:
858: 2107 1258
859: 1681 1495 955
860: 2159 2132 1538 1231 938
861: 2124
862: 2172
863:
864:
865: 2699 2378 1456
866: 2110
867:
868: 2785 2544 2050 2021 947
869: 1204
870: 2717 2645 2051 1510 1014
871: 2320
872: 1273
873: 1821 1603
874: 2230 1847 1614 1369
875: 2171
876: 1550
877: 1937 1209
878: 2498 1995 1216
879:
880: 2025 1849
881: 2647 1314 1286
882: 2198 2137 1098
883: 1624
884:
885: 2495
886:
887:
888: 2635 1593 1585
889: 1932
890: 2486 2273
891:
892: 2462
893:
894: 2627 1730
895: 1714 1564 1445
896: 1447
897:
898: 2785 2544 2328 2317 2050 2021
899: 1821 1259
900: 2528 1454 992
901: 2439 1377 1026 1023 923
902: 2012
903: 2647 1556
904:
905: 1752 1333 1081
906: 1302
907:
908: 1750
909: 2738 1401 1293
910:
911: 2358
912: 2823
913: 2460
914: 1424
915: 965
916: 1857
917: 2429
918:
919:
920: 2160 1080
921: 1346
922:
923: 2293 1959 1911
924:
925: 2661 2316 1700
926:
927: 2800 2611 2036 1913
928: 2519 1233
929: 1089
930: 1648
931: 1605
932:
933: 2200
934: 2778 1374
935:
936: 1650 1384
937:
938: 2243 2004 1734
939: 2809
940: 2825 2123 1636
941:
942: 2608 2347 1834 1662 1375 1179
943: 2662 2328 2317
944:
945:
946: 1728
947: 2763 1206
948: 1572 1379
949:
950: 2396 1725 1566
951: 1790 1052
952:
953: 1324
954: 2726 2642 1245
955: 2619 2476 2420 1270 1146
956: 1561 1559
957: 2594
958: 1998 1975 1264
959: 1654
960: 2100 1102
961: 2509 2351 1202
962:
963: 1043
964: 1144
965: 2058 1884
966:
967: 2604 2505
968:
969: 2625 2250
970: 2529
971: 2181 1376
972: 1600 1084
973: 2555
974: 1802 1345
975: 1604 1342 1057
976:
977:
978: 1050
979: 1409
980: 1370
981: 1635
982: 1387 1300
983: 1888
984:
985: 2452
986: 2642 1126
987: 1818 1168
988:
989: 1892 1620 1105
990: 2462 1610
991:
992: 2120 1045
993: 1541
994: 2280 1929
995:
996: 2392 2262 1211
997: 2171
998: 2446 1698
999:
1000: 2548 2408 2282 1423
1001:
1002: 1266
1003:
1004:
1005: 1053
1006: 1785
1007: 2614 2352
1008:
1009: 1951
1010: 2582 1328
1011: 1257
1012: 2319 1299
1013:
1014: 2032 1532 1120
1015: 2138
1016: 1773
1017:
1018: 1429 1343
1019: 1561 1559 1357
1020: 1819 1290 1100
1021:
1022:
1023:
1024: 2035 1936
1025:
1026: 2015 1893 1398
1027: 1570 1158
1028: 1399
1029: 1332 1180
1030: 2723 2675 2056
1031: 2647
1032: 2633 1201
1033: 2666 2228
1034: 2463
1035: 2015 1597 1341
1036:
1037:
1038:
1039: 2118
1040: 1566 1137 1125
1041: 2078
1042: 2103 1678 1155
1043: 2713 1265 1175 1107
1044: 2668 2593
1045: 1526
1046:
1047: 1768 1637
1048: 2580 2535 2164
1049: 2231
1050: 1463
1051:
1052: 1278 1229
1053: 1488
1054: 2334
1055:
1056:
1057:
1058: 1371
1059:
1060:
1061: 2752
1062: 2060 1562 1200
1063: 1707
1064:
1065: 1180
1066:
1067:
1068: 2000 1480
1069:
1070:
1071: 2633 1652
1072: 1798
1073:
1074:
1075: 1835 1165
1076: 1529
1077:
1078: 2116 2006
1079:
1080: 2286
1081: 1163
1082: 1760
1083: 1173
1084: 2547 1634
1085:
1086:
1087: 1656 1232
1088:
1089: 1622 1405
1090: 1728
1091:
1092: 2825 2316 2123 1518 1414
1093: 1667 1361
1094: 1198
1095:
1096:
1097: 1870 1329
1098:
1099:
1100: 2454 2199 2061
1101: 2655
1102:
1103: 2672
1104:
1105: 2541 2360 1894
1106: 2828 1691 1533
1107: 2220 1352
1108:
1109:
1110: 2628 1695
1111: 2460
1112: 2800 2611 1191
1113:
1114: 1862
1115:
1116:
1117:
1118: 2750
1119: 2574
1120: 2465 1851
1121: 2153 1194
1122: 1558
1123:
1124: 2130 1688
1125:
1126: 2309
1127:
1128: 1733 1505
1129: 2668
1130: 1271
1131: 2027
1132:
1133:
1134:
1135: 1404
1136: 2756 1443
1137: 1320
1138: 2391 1743
1139: 2659
1140: 2649 1476
1141: 2073 1853 1303
1142: 1705
1143: 1875 1801 1580 1527
1144: 1514
1145: 1337
1146: 2626
1147: 2457 2081 1973
1148: 1217
1149: 2680 1664
1150: 2597 1950
1151: 2840
1152: 2059 2010
1153:
1154:
1155:
1156: 2839 1248
1157: 1612
1158:
1159: 1781
1160: 1335
1161: 2554 1450
1162:
1163: 1953
1164: 2700 2497 2382
1165: 1962
1166:
1167: 1749
1168: 2827
1169:
1170:
1171: 2128 1512 1310
1172:
1173: 1347
1174: 1639
1175: 2546
1176: 1349
1177: 2695
1178: 2088
1179: 2080 1901 1742
1180: 1676 1413
1181:
1182:
1183: 1726
1184: 2653 2294
1185:
1186:
1187:
1188:
1189: 1699
1190: 2650
1191:
1192: 2523 2331 2325
1193: 1309 1250
1194: 2102
1195: 1996
1196: 2003
1197: 2162
1198: 2436 1627
1199: 2472 1544
1200: 1493 1304
1201: 2604 1897
1202: 2644 1367
1203:
1204:
1205: 2410
1206: 2556 2527 1880 1477
1207: 2532
1208: 1388 1275
1209: 2681 1437
1210:
1211:
1212:
1213: 2329 1406
1214:
1215: 2289
1216:
1217: 1711 1670
1218: 2569
1219:
1220: 2271 1598
1221:
1222: 1837
1223: 1956 1588
1224:
1225:
1226:
1227:
1228:
1229:
1230: 2069
1231:
1232: 1633 1281
1233:
1234: 2451
1235:
1236: 2434
1237: 1496
1238:
1239:
1240: 1999
1241:
1242: 2424
1243: 2167
1244: 2680 1977 1366
1245: 1904
1246:
1247: 2496
1248: 2184 1814
1249:
1250:
1251:
1252:
1253: 1860
1254: 2714
1255: 1834 1710
1256: 2815
1257: 2402 2288
1258: 2700 2382
1259: 1827 1318
1260: 1502 1422
1261:
1262: 2600 1758 1619 1582
1263: 1467
1264: 2298 2111 1979 1684 1483
1265:
1266: 2431 1521
1267: 2560 1619 1582
1268: 2681
1269: 1669
1270:
1271: 2813
1272:
1273:
1274: 2141
1275:
1276: 1631
1277: 1460
1278: 1709
1279:
1280:
1281: 1990 1464
1282:
1283:
1284: 2472
1285: 2482 1746 1591
1286: 1675
1287:
1288:
1289:
1290: 2780 2389 1638
1291: 1677 1410
1292:
1293:
1294: 1611 1543
1295: 2415
1296:
1297: 2158 2043 1578
1298:
1299:
1300:
1301: 1574
1302:
1303:
1304: 1615 1595
1305: 1383
1306:
1307:
1308: 2742
1309: 1945
1310: 1966
1311: 2117 1451
1312: 2255
1313:
1314: 2341 2075
1315:
1316:
1317:
1318: 1955
1319: 2214
1320: 2459
1321:
1322: 1645
1323:
1324:
1325:
1326: 2191
1327:
1328:
1329: 2406
1330: 2551 1431
1331: 1797
1332:
1333:
1334:
1335: 2600 1758
1336: 1668
1337:
1338: 2324
1339: 1625 1596 1433
1340: 2739 2417 1687 1446
1341: 2789
1342: 2788 2642
1343: 1993
1344: 2340
1345: 2467 2381
1346: 2408
1347: 1867
1348: 2393
1349: 1658
1350:
1351:
1352:
1353: 2616
1354:
1355: 2278
1356: 1912
1357: 2002
1358:
1359:
1360: 2373 1494
1361:
1362: 1885 1824
1363: 1587
1364: 1643
1365: 1661
1366:
1367:
1368: 1828
1369: 2488 2212
1370:
1371: 1822
1372:
1373: 2426 2067
1374:
1375:
1376:
1377: 1770
1378:
1379: 2020
1380: 1462
1381:
1382: 2751 2716 2703 2142
1383:
1384: 2443
1385:
1386:
1387:
1388: 1786
1389: 2656 2526 2174
1390:
1391:
1392: 1740
1393:
1394: 1579
1395: 1666
1396: 2574 1753
1397:
1398: 2180
1399:
1400:
1401: 1560
1402:
1403:
1404:
1405: 1792 1576
1406:
1407:
1408: 2538 1988
1409:
1410:
1411: 2358
1412: 1587
1413:
1414:
1415:
1416:
1417: 1866
1418: 2631 2271 1549
1419:
1420: 2126
1421: 2202
1422: 2092
1423:
1424:
1425:
1426:
1427:
1428: 2719 1898
1429:
1430:
1431:
1432: 2658
1433: 1744
1434:
1435:
1436: 1696
1437: 2447
1438:
1439: 2227
1440: 1812
1441: 2728 2491 2009
1442:
1443: 2747 2654
1444:
1445:
1446:
1447:
1448:
1449:
1450: 2462
1451:
1452: 2128 1692
1453:
1454: 2483
1455: 1702
1456:
1457: 2217
1458: 2637
1459: 2838 1808
1460: 2712 2613
1461:
1462:
1463:
1464: 2323
1465:
1466: 2145
1467: 2151
1468:
1469:
1470:
1471:
1472:
1473:
1474:
1475:
1476:
1477:
1478:
1479: 1940 1606
1480: 2152
1481: 1838 1644
1482:
1483:
1484:
1485: 2537
1486:
1487: 1665
1488: 1799
1489:
1490:
1491: 2666 1722
1492: 2653 2294
1493:
1494: 1601
1495: 2755 1899
1496:
1497:
1498: 2511
1499:
1500:
1501:
1502:
1503:
1504: 2762
1505:
1506: 1764
1507:
1508: 2551
1509: 2242 2024
1510:
1511:
1512: 2097
1513:
1514:
1515: 1796
1516: 1919 1686
1517:
1518: 2740
1519: 2772 2594 2211
1520:
1521:
1522: 2279 2169
1523: 2064
1524: 1997
1525:
1526: 1825
1527:
1528:
1529: 2804 2254 1813 1628
1530: 2681
1531:
1532:
1533: 2376 2306
1534:
1535:
1536: 2068
1537: 2461 1923
1538:
1539:
1540:
1541: 1680
1542:
1543:
1544:
1545:
1546:
1547: 2006
1548: 1957
1549:
1550:
1551: 2418 1741
1552: 2508 2240
1553:
1554:
1555:
1556:
1557: 2612 2468
1558:
1559: 2480
1560:
1561:
1562:
1563: 2398 1804
1564: 2215
1565: 1968
1566:
1567: 1806
1568:
1569:
1570: 2143 2030
1571:
1572:
1573: 2108 1895
1574:
1575:
1576: 2722
1577: 2678 2177
1578:
1579:
1580: 1757
1581:
1582:
1583:
1584:
1585:
1586:
1587: 1701
1588: 2515
1589:
1590:
1591:
1592: 2071
1593:
1594: 2658 2570
1595:
1596:
1597: 2577 2561
1598:
1599: 2182
1600:
1601:
1602: 2245
1603:
1604: 1914
1605:
1606: 2699
1607: 2046
1608:
1609:
1610: 2180
1611: 2646 2503 2435
1612:
1613:
1614: 1791
1615:
1616:
1617: 1873
1618:
1619: 2782 2072 1919
1620:
1621:
1622: 2063
1623: 2761
1624:
1625:
1626: 2774
1627:
1628:
1629: 1839 1823
1630: 1727
1631:
1632:
1633:
1634:
1635:
1636:
1637: 2222
1638:
1639:
1640:
1641: 1761
1642: 2401
1643: 1737
1644:
1645: 2052
1646: 2264 1942
1647:
1648:
1649:
1650: 2566
1651:
1652: 2318 1794
1653:
1654:
1655:
1656:
1657:
1658:
1659:
1660:
1661: 2115
1662:
1663: 2260
1664: 1772
1665: 1970
1666:
1667:
1668:
1669: 1926
1670:
1671: 2070
1672:
1673:
1674: 2045
1675:
1676:
1677:
1678: 2001 1774
1679: 1826
1680: 2344
1681:
1682:
1683:
1684:
1685:
1686: 2390
1687:
1688: 2185
1689:
1690: 1807
1691: 1989 1938
1692:
1693:
1694:
1695:
1696: 2629 2041
1697:
1698:
1699:
1700:
1701: 2665
1702: 1868
1703: 2632
1704: 2293 1911
1705:
1706: 2819
1707:
1708:
1709: 2694
1710:
1711:
1712:
1713:
1714:
1715: 2298 2111
1716:
1717: 1965
1718:
1719: 2104
1720: 2781
1721: 2224
1722: 1983
1723: 1943
1724:
1725:
1726: 2302
1727:
1728:
1729:
1730: 1840
1731:
1732:
1733:
1734: 2595 2587
1735: 2423
1736: 2087
1737:
1738: 2843 2513
1739: 2407
1740:
1741:
1742:
1743:
1744:
1745:
1746: 2792
1747: 2846
1748: 2557
1749:
1750: 1933
1751:
1752:
1753:
1754:
1755:
1756: 2652
1757:
1758: 2305
1759:
1760:
1761: 2797
1762:
1763:
1764:
1765:
1766: 2448
1767: 2835
1768: 2358
1769:
1770:
1771:
1772: 1876
1773:
1774:
1775: 2439
1776:
1777:
1778: 2403
1779:
1780:
1781: 1991
1782: 2837 2077
1783:
1784:
1785:
1786:
1787:
1788:
1789: 2005
1790: 2777
1791: 2158
1792:
1793: 1934
1794:
1795:
1796: 2607
1797: 2437
1798: 2144
1799:
1800: 2237
1801: 2643
1802: 2125
1803:
1804:
1805: 2362
1806: 2784 2757 2484
1807: 2209
1808: 2427
1809:
1810: 2353 2336
1811: 2781
1812:
1813:
1814:
1815:
1816:
1817:
1818: 2413
1819: 2082
1820:
1821: 2405
1822:
1823: 2342 2283
1824:
1825: 1964
1826: 1961
1827:
1828:
1829: 2193
1830:
1831: 2098
1832:
1833:
1834: 2356
1835: 2540
1836:
1837:
1838: 2233
1839:
1840:
1841: 2618 2387
1842: 2083
1843: 2819 2531
1844: 2106
1845: 2266
1846:
1847: 2308
1848:
1849:
1850:
1851: 2356
1852:
1853:
1854:
1855:
1856:
1857: 2835
1858: 2586 2285
1859:
1860:
1861:
1862: 2687 2349
1863: 2746 2235
1864:
1865: 2314
1866: 2688
1867: 2634
1868: 2148
1869:
1870:
1871: 2296
1872: 2326
1873:
1874:
1875:
1876:
1877:
1878:
1879:
1880:
1881: 2564
1882:
1883:
1884: 2568
1885:
1886: 2133
1887:
1888:
1889:
1890: 2239 2074
1891:
1892:
1893: 2730 2112
1894:
1895:
1896: 2146
1897:
1898:
1899: 2722
1900:
1901:
1902: 2275
1903:
1904:
1905: 2524
1906:
1907:
1908:
1909: 2300
1910:
1911: 2268
1912:
1913:
1914: 2410
1915:
1916:
1917:
1918: 2094
1919:
1920:
1921: 2504
1922: 2743
1923:
1924:
1925:
1926:
1927: 2754 2679
1928:
1929:
1930:
1931:
1932: 2602
1933:
1934: 2277
1935: 2147
1936: 2276
1937:
1938: 2157
1939:
1940:
1941: 2581
1942:
1943: 2453
1944:
1945:
1946:
1947:
1948: 2304
1949:
1950:
1951:
1952:
1953:
1954:
1955:
1956:
1957: 2808
1958: 2520
1959:
1960: 2663
1961:
1962:
1963:
1964:
1965:
1966: 2054
1967: 2232 2156
1968: 2346
1969:
1970: 2057
1971:
1972:
1973: 2499
1974:
1975: 2380
1976:
1977: 2444 2055
1978:
1979:
1980:
1981:
1982: 2610
1983: 2311
1984: 2660 2630
1985: 2367
1986:
1987:
1988:
1989: 2689
1990:
1991:
1992:
1993:
1994: 2692
1995: 2307
1996:
1997:
1998:
1999: 2836 2571 2432
2000:
2001: 2219
2002: 2284
2003:
2004:
2005: 2724 2274
2006:
2007:
2008:
2009: 2315 2086
2010: 2155
2011: 2591 2565
2012:
2013:
2014:
2015:
2016: 2113
2017:
2018:
2019: 2673
2020:
2021:
2022:
2023: 2684
2024:
2025:
2026: 2485
2027:
2028:
2029:
2030:
2031:
2032:
2033:
2034:
2035: 2213 2129
2036:
2037:
2038:
2039:
2040: 2386
2041:
2042:
2043:
2044: 2363
2045: 2706
2046: 2343
2047:
2048: 2338
2049:
2050:
2051:
2052:
2053:
2054:
2055:
2056:
2057:
2058:
2059:
2060:
2061:
2062:
2063: 2127
2064: 2350
2065:
2066:
2067:
2068:
2069:
2070:
2071:
2072:
2073: 2313
2074:
2075:
2076:
2077: 2710
2078:
2079:
2080: 2166
2081:
2082:
2083: 2370
2084: 2251
2085:
2086:
2087:
2088:
2089:
2090: 2375 2333
2091:
2092:
2093:
2094:
2095:
2096: 2480
2097:
2098:
2099: 2801 2605
2100: 2510
2101:
2102:
2103:
2104:
2105:
2106:
2107:
2108:
2109: 2634
2110:
2111:
2112:
2113:
2114:
2115:
2116:
2117:
2118: 2727
2119:
2120:
2121: 2751 2703
2122:
2123:
2124: 2372
2125: 2379
2126:
2127:
2128:
2129:
2130:
2131:
2132:
2133: 2419
2134:
2135:
2136:
2137:
2138:
2139:
2140:
2141: 2702
2142:
2143:
2144:
2145:
2146:
2147:
2148:
2149:
2150:
2151:
2152:
2153:
2154:
2155:
2156:
2157:
2158:
2159:
2160:
2161: 2676
2162:
2163:
2164:
2165:
2166:
2167:
2168: 2425
2169:
2170:
2171: 2409 2295
2172: 2355
2173:
2174:
2175:
2176:
2177:
2178:
2179: 2440
2180:
2181: 2470
2182:
2183:
2184:
2185:
2186:
2187:
2188:
2189:
2190:
2191: 2603 2330
2192:
2193:
2194:
2195:
2196:
2197:
2198:
2199:
2200:
2201:
2202:
2203:
2204:
2205:
2206:
2207:
2208:
2209:
2210:
2211:
2212:
2213: 2469 2361
2214:
2215:
2216:
2217:
2218: 2790
2219:
2220:
2221:
2222:
2223:
2224:
2225:
2226:
2227:
2228:
2229: 2487
2230: 2766 2615
2231:
2232:
2233:
2234:
2235: 2617 2552
2236:
2237: 2456
2238:
2239:
2240:
2241:
2242:
2243: 2332
2244: 2698
2245:
2246:
2247:
2248:
2249:
2250: 2490
2251: 2691
2252:
2253:
2254: 2474
2255: 2741
2256: 2359
2257:
2258:
2259:
2260:
2261:
2262:
2263: 2557
2264:
2265:
2266: 2512
2267:
2268:
2269:
2270:
2271: 2395
2272:
2273:
2274: 2748 2365
2275:
2276:
2277:
2278: 2682
2279:
2280:
2281: 2765
2282:
2283:
2284:
2285:
2286:
2287:
2288:
2289: 2701
2290:
2291: 2518
2292:
2293:
2294:
2295:
2296:
2297:
2298:
2299:
2300:
2301:
2302:
2303:
2304: 2775
2305: 2657
2306:
2307:
2308:
2309: 2638
2310:
2311:
2312: 2583
2313:
2314:
2315:
2316:
2317:
2318:
2319:
2320: 2511
2321:
2322:
2323:
2324:
2325:
2326:
2327: 2758
2328:
2329:
2330:
2331:
2332:
2333:
2334:
2335:
2336:
2337:
2338:
2339:
2340:
2341:
2342:
2343:
2344:
2345:
2346:
2347:
2348:
2349: 2584
2350:
2351: 2449
2352: 2821
2353:
2354:
2355:
2356:
2357:
2358:
2359:
2360:
2361: 2433
2362: 2744
2363:
2364: 2596
2365:
2366: 2807
2367:
2368:
2369:
2370: 2671
2371:
2372: 2621
2373:
2374: 2725
2375:
2376:
2377:
2378: 2824
2379:
2380:
2381:
2382:
2383:
2384:
2385:
2386:
2387:
2388:
2389: 2536
2390:
2391: 2803 2692
2392:
2393:
2394:
2395:
2396:
2397:
2398:
2399: 2478
2400: 2721
2401:
2402:
2403:
2404:
2405:
2406:
2407:
2408:
2409:
2410:
2411:
2412:
2413:
2414:
2415:
2416:
2417:
2418: 2841
2419: 2598
2420:
2421:
2422:
2423:
2424:
2425:
2426:
2427: 2685
2428:
2429: 2830
2430:
2431:
2432:
2433: 2759
2434:
2435: 2842
2436:
2437:
2438: 2814 2493
2439:
2440:
2441:
2442:
2443:
2444:
2445:
2446:
2447:
2448: 2545
2449:
2450:
2451:
2452:
2453:
2454:
2455:
2456:
2457:
2458:
2459:
2460:
2461: 2651
2462:
2463:
2464:
2465:
2466:
2467:
2468:
2469: 2533
2470:
2471:
2472: 2760
2473:
2474:
2475:
2476:
2477: 2810
2478:
2479: 2813
2480:
2481:
2482:
2483:
2484:
2485: 2814
2486:
2487:
2488:
2489: 2783
2490:
2491:
2492:
2493:
2494:
2495: 2606
2496:
2497:
2498:
2499:
2500:
2501:
2502:
2503:
2504:
2505:
2506:
2507: 2832
2508:
2509:
2510:
2511:
2512: 2677
2513:
2514:
2515:
2516:
2517:
2518:
2519: 2693
2520:
2521:
2522:
2523:
2524:
2525:
2526:
2527:
2528:
2529:
2530:
2531:
2532:
2533:
2534:
2535:
2536:
2537:
2538:
2539:
2540:
2541: 2697
2542:
2543:
2544:
2545: 2578
2546:
2547: 2641
2548:
2549:
2550:
2551:
2552:
2553:
2554:
2555:
2556:
2557:
2558:
2559:
2560:
2561: 2773
2562:
2563:
2564:
2565: 2786
2566:
2567:
2568:
2569:
2570:
2571:
2572:
2573:
2574: 2718
2575:
2576:
2577:
2578: 2835
2579:
2580:
2581:
2582:
2583:
2584:
2585:
2586:
2587:
2588:
2589:
2590:
2591:
2592:
2593: 2720
2594:
2595: 2648
2596:
2597:
2598:
2599:
2600:
2601:
2602:
2603:
2604:
2605:
2606:
2607:
2608: 2664
2609:
2610:
2611:
2612:
2613:
2614:
2615:
2616:
2617:
2618:
2619:
2620:
2621:
2622:
2623:
2624:
2625: 2781
2626:
2627:
2628:
2629:
2630:
2631: 2670
2632:
2633:
2634:
2635:
2636:
2637: 2791
2638:
2639:
2640:
2641:
2642:
2643:
2644:
2645:
2646: 2749
2647:
2648:
2649:
2650:
2651:
2652:
2653:
2654:
2655:
2656: 2734 2709
2657:
2658:
2659: 2704
2660:
2661:
2662:
2663:
2664:
2665: 2834
2666:
2667:
2668:
2669:
2670:
2671:
2672: 2787
2673:
2674:
2675:
2676:
2677:
2678:
2679:
2680:
2681:
2682:
2683:
2684:
2685:
2686:
2687:
2688:
2689:
2690:
2691: 2816
2692:
2693:
2694: 2776
2695:
2696:
2697:
2698:
2699:
2700:
2701:
2702:
2703:
2704:
2705:
2706:
2707:
2708:
2709:
2710:
2711:
2712:
2713:
2714:
2715:
2716:
2717:
2718:
2719:
2720:
2721:
2722:
2723:
2724:
2725:
2726:
2727:
2728:
2729:
2730:
2731:
2732:
2733:
2734:
2735:
2736:
2737:
2738:
2739:
2740:
2741:
2742:
2743:
2744:
2745:
2746:
2747:
2748:
2749:
2750:
2751:
2752:
2753:
2754:
2755:
2756:
2757:
2758:
2759:
2760:
2761:
2762:
2763:
2764:
2765:
2766:
2767:
2768:
2769:
2770:
2771:
2772:
2773:
2774:
2775:
2776:
2777:
2778:
2779:
2780:
2781:
