1: 1705 1110 429 79 1
2: 1225 446 391 345 142 36 3
3: 3172 3105 2538 1849 1799 1772 1174 749 604 556 261 251 124 117 105 90 50 41 32 27 26 4
4: 1904 657 46
5: 3172 2784 2639 2470 2226 1912 1849 1571 1500 1355 813 730 634 556 555 494 273 272 267 258 257 219 197 196 172 158 157 143 126 117 85 75 69 68 61 50 30 29 19 5
6: 2242 1369 932 293 158 143 68 2
7: 2226 1355 267 126 69 61 42 19
8: 3321 3266 2807 2793 2731 2692 2673 2293 2212 1207 1040 934 772 658 644 616 572 556 410 366 314 279 268 215 203 178 176 152 138 117 87 60 50 45 40 33 29 28 20 16 14 11
9: 2795 2653 2538 1174 846 749 604 261 105 32 7 6
10: 2371 324 246 67 39 15 12
11: 3105 1799
12: 3172 2902 2692 2350 2315 2010 1849 1333 1209 1161 838 634 616 341 273 172 85 75 45 40
13: 2371 1488 1194 1161 838 821 603 341 324 246 67 39 9
14: 2972 2335 2255 2178 2121 1683 1577 1348 817 450 426 323 307 25 18 17 13 10
15: 548 82 48 8
16: 2891 2692 2055 1975 616 45 40 20 16
17: 2212 1207 1040 203 152 138 33 28
18: 2748 1353 613 333 165 70 35
19: 2841 1694 1509 1085 380 319 134 119 91 37
20: 2233 636 590 284 47
21: 3053 2456 1178 1119 786 675 283 195 84 63 43 24
22: 2487 1494 388 231 133 98 97 23
23: 3266 772 87 60
24: 3321 421 268 22
25: 783 622 72 62 34 21
26: 3039 640
27: 3408 2795 2256 1078 346 248 38
28: 2242 932 293 44
29: 892
30: 3382 2274 1927 1860 1833 1134 1016 843 292 251 228 124 112 90 78
31: 3193 3052 1264 1096 1080 1022 536 402 281 187 96
32: 1268 343 299 136 31
33: 3033 2525 617 275 56
34: 3447 1984 1239 919 760 411 329 185 115
35: 1121 256 57
36: 2854 776 759 648 529 100
37: 1758 1752 1678 1646 59
38: 294 237 175 58
39: 2639 2476 1817 1500 258 257 197 196 157
40: 3169 2584 2220 1611
41: 786 195
42:
43: 2592 1459 532 174 145 74 73 54
44: 3298 2363 455 193
45: 3463 3459 2811 2398 2345 2006 1436 1398 845 342 332 276 263 166 55
46: 2710 2230 1927 1833 1290 1134 843 625 593 171 112
47: 1730
48: 2659 1633 1287 1155 1100 211 76 71
49: 3250 1664 1176 682 588 583 122 49
50: 447 218 64
51: 2226 1851 1536 1399 1355 980 339 267 139 134 126 119 91
52: 2537 1923 1264 536 482 472 281 205 179 104
53: 3296 2128 1863 1067 861 691 671 626 92
54: 2732 1264 536 281 104 65
55: 3447 3414 2301 1894 1150 919 714 707 402 213 144 103
56: 2158 1161 884 456 341 168 160 93 51
57: 3321 3030 2838 2037 1219 934 809 644 421 279 268 178 176 106
58: 3426 915 522 462
59: 1937 1391 627 535
60: 2668 1860 292 228
61:
62: 238
63: 1184 937
64: 2400 2063 702 404 254 77 53
65: 1923 482 472 205
66: 3225 2747 1253 108 52
67: 3052 1096 96
68: 2928 1830 969 400
69: 2984 952 398 202 127
70: 539 489 167 153 128 89
71: 2841 1509 380 319
72: 2470 2179 1984 1912 1846 1211 813 643 494 329 272 185 115 80
73: 3202 1510 66
74: 1969 1621 1486 1107 387 116 102
75: 3300 2719 2298 149 146
76: 1985 1024 464 217 81
77: 3370 3212 2929 2883 2769 1997 1586 1560 411 328 129
78: 1801 1218 433 159 132
79: 3220 3156 2100 1480 1125 383 262 123 118
80: 1689 1248 984 151 83
81: 2531 717 700 523
82:
83: 774 725 676 521
84: 3211 2482 2428 2301 1894 1872 1823 1516 1256 1252 1141 750 649 199
85: 1694 1085
86: 1075 308 229 212
87: 1760 249 204
88: 1663 597 95
89: 1576 913
90: 2902 2350 2010 1694 1619 1126 1085 1072 720 478 194 120
91: 1075 605 444
92: 566 186
93: 2476 1817 1811 1704 1490 1052 930 709 639 255 200
94: 2750 2243 1517 110
95: 712
96: 3300 1219
97: 2834 1929 1031 417 252 88
98: 363 214
99: 1664
100: 86
101: 198
102: 241 221 109 94
103: 3414 1150 827 707 213
104: 2382 715 629 125
105: 1156
106: 2793 2731 658 572 215
107: 3447 2593 1102 1087 919 714
108: 3282 312 130 121 111
109: 3313 760 684 411 349 147
110: 1205 114
111: 1535 503 101
112:
113: 2546 2371 779 573 324
114: 858 222
115: 107
116: 1984 329 219 185
117: 3150 2957 2604 2551 1904 1650 1537 1079 833 829 504 382 360 135
118: 2984 2834 2445 1929 417 99
119: 1480 383 262 232
120: 1448 1068 977 434 220 154
121: 2484 2101 1545 871 693 150
122: 2333 1839 695 227
123: 2218 1569 1157 467 309
124: 2961 2484 2101 1626 1545 1017 847 723 693 662
125: 2143 1548 1521 1456
126: 3407 3287 1724 1335 623 235
127: 2606 1507 1112 1049 1025 1021 654 646
128: 2126 1505 163
129: 1906 1282
130: 3141
131: 2756 2070 1544 760 684 436 411
132: 3149 2491 2141 431 291
133: 3466 416 113
134: 1356
135: 2489 2219 1170 655 327
136: 2546 559 240
137: 2741 1379 1101 968 738 355 317 201
138: 1923
139: 3229 2659 1633 1559 1287 1155 378
140: 2575 1257 1074 465 365 210
141: 2128 671
142: 3211 1872 1516 1141 649 199
143: 1979 1241 974 381
144: 3163 1634 1602 1428 1326 1060 735 678 177
145: 2876 1008 264
146: 2060 1950 1610 1585 1394
147: 2542 2337 2148 1090 990 936 698
148: 3299 1718 1091 885 457 223
149: 2887 1955 1947 331
150: 1891 777 763
151: 785 647 440
152: 2784 991 677 155
153: 1624 454 173 137
154: 3463 2811 332 263 166
155: 3410 2770 188
156: 2360 2263 1488 882 878 835 821 603
157: 1031 252 131
158: 1436 845 276
159: 2828 2575 1737 1257 1007 701 270 216
160: 3103 986 929 361 356 337
161: 2994 541 470 164
162: 1066 501
163: 3271 1466 269
164: 2814 1319 1136 1129 902 818 230
165: 2606 643
166: 2603 2511 1371 1225 513
167: 2753 971 898
168: 2841 1509 958 377 375 141
169: 2756 2456 2376 2225 579 548 545 406 305
170: 3088 1919 1707 1588 1311 534 419 226 209 189
171: 515 180
172: 3365 2866 2690 2542 2530 2148 1639 1090 1054 990 936 698 549 449 359 233
173: 3455 3121 2368 2233 1153 636 590 363 284 184
174: 2546 573 170
175: 1917 1636 542 156 148 140
176: 2957 1795 1537 1079 504 382 360 190
177:
178: 3020 1986 1454 1041
179: 2133 672 601
180: 2409 1915 1130
181: 3269 3132 2823 2354 1989 1829 1529 1105 1020 849 803
182: 1080 1022
183: 2439 1309 1214 1124
184: 3042
185: 1523 162 161
186: 1364
187: 1512 244
188: 3359 2899 2222
189: 321
190: 3447 3033 2525 919 714
191: 192
192: 624 351 245
193: 1251 565 442 369 206
194: 2021 1750 486 243 239 181 169
195: 3193 1445 326
196: 3295 1003 481 395
197: 1878 1140 397 182
198: 2930 1713 1694 1085 1016 562 516 423 353
199: 3365 2690 2579 1054 530 266 253 225
200: 3067 2564 2152 1043 886 792 667
201: 3315 3246 568 512
202:
203: 2695 287
204: 793 630 594
205: 2644 2279 886 792 591
206: 2158 1728 1327 1198 469 448 396 330
207: 2266 1603 1465 354
208: 1458 1378 889
209: 1210 208
210: 2749 1114 708
211: 2451 1589 1266
212: 3314 1593 703
213: 2834 2593 1929 1714 1578 1237 1102 1087 618 443 297
214: 236
215: 3429 2807 2673 2293 2213 463 410 366
216: 1930
217: 884 638 456 274
218: 3071 2046 1416 924 183
219: 2644 2279 811 553
220: 1233 519
221: 1811 1704 930 191
222: 3316 1403 881 692 304
223: 1438 437 295
224: 2387 1409 1042 976 224
225: 3178 2063 404
226: 2315 1333 1209
227: 3051 2007 1710
228: 1357 1312 1146 492
229: 2080 271
230: 250
231:
232: 3314 1593 703
233: 1371 288
234: 3324 2310 533
235: 3090 3025 2979 2608 1786 1468 953 779 774 336
236: 1940 1013 259 242
237: 1327 1198 641 330
238: 1418 1173 408 247
239: 2623 2342 1380
240: 2345 1962
241: 1190 278
242: 1529 951 849 311 296 207
243: 1675 1164 600 414
244: 2140 754
245: 3249 2477 2455 1388 1070 867 325 302 234
246: 2987 2192 1992 514
247: 3160 1165 697 303
248: 2539 1821 899 869 842 706 405 392 364 306
249: 1491 1029 586 567
250:
251: 2730 2104 1903 1898 1841 1771 1746
252: 1693 1133 320 282
253: 2097 1917 1636 1133 774 725 676 596 542 521 490 384 371
254: 347
255: 2496 1606 496
256: 2541 686
257: 3253 2559 2447 497 393
258: 1363 755 298 265
259: 2651 1910 1055
260: 507
261: 2995 2365 2012 660
262: 2677 1864 1412 815
263: 2015 1680 551 540
264: 3175 2861 982 918 753 505
265: 3278 2858 1432 1199 511
266: 2593 1102 1087 507 386
267: 3138 942 370
268: 3203 374
269: 2546 2207 951 651
270: 1437 1351 896 782
271: 2756 436
272: 2537 1534
273: 578
274: 2658
275: 1468 704
276: 2240 1538 1229 828 810 773
277: 1132 580 564
278: 3363 3355 2389 1980 1853 1851 1536 1399 996 980 966 352
279: 1619 1126 720 280
280: 2054 1608 338 260
281: 1369 424
282: 2734 959 955 729 498
283: 2366 2107 897 592 318
284: 2089 286
285: 2579 2345 1343 1135 530 518
286: 2685 1851 1536 1399 980
287: 1583
288: 1886 502
289: 1521 1456 1157 435
290: 3133 840 379
291: 1703 1361 747
292: 1135 518
293: 1641 1415
294: 2672 879 713
295: 3328 425 362
296: 561 403
297: 2748 1970 1731 1286 650
298:
299: 2097
300: 2549 812 473
301: 1533
302: 1897 1483 963
303: 1641 1415
304: 1404 1346 967 290
305: 2576 2071 855 477
306: 2440 2388 2287 2068
307: 1713 423
308: 3010 2798 1310 316
309: 1600 761
310: 3459 2398 2132 2006 385 277
311: 488 484 471
312: 2334 2064 1875 1842 1622 614
313: 3115 2679 1044
314: 2872 2126 1505 1496 1180 1059
315: 3040 2680 1148 285
316:
317: 2288 1956 1768 1681 1142 1005 509
318: 3338 2445 517 441
319: 315
320: 1805 1744 334
321: 348
322: 2323 2308 1779 575
323:
324: 2637
325: 2040 865 797 468 357
326: 1478
327: 2979 2608 1786 805 445 310
328: 3067 2564 2152 1043 817 667
329: 3247 2984 952 301
330: 3115 2679 2251 476 466 372 344
331: 1791 796 610
332: 3386 3299 2767 2072 1718 1489 1384 1297 1091 885 457 289
333: 3087 1071 985
334: 2482 2233 1792 1736 946 873 790 768 764 730 612 571 555 493 430
335: 3288
336: 3396 1425
337: 520
338: 2814 1319 1136 1129 390
339: 2892 2267
340: 2072 1489 1384 1297 547 300
341: 1194
342: 2443 2019 313
343: 3139 2330 1739 1307 1171 495
344:
345: 2456
346: 2711 2142 1258 1069 950
347: 3103 2902 2350 2010 1115 1072 940
348: 3304 740
349: 1011 491 401
350: 1626 1017 723 662
351: 1867
352: 1821 842 706
353: 859
354: 367
355: 2014
356:
357: 771
358: 2372 340
359: 3197 1747 751
360: 526
361: 2539 1032
362: 1037
363: 2765 1472 862 581 485
364: 3153 2502 2331 1488 544 537 350
365: 2995 2365 2217 2012 705 660 420
366: 2833 376
367: 2233 1405 620 528 479
368:
369: 3424 882 878 835 322
370: 1178 1119 1092 718 506
371: 3291 3130 1827 663 415
372: 2891 2055 1975
373: 1698 637
374: 2335 2255 2086 1305 1152
375: 2754 2315 1333 1209 762 744 389
376: 730 555
377: 2574 1814
378: 2973 909
379: 3257 2201 1099 587
380: 3323 1720 1056 335
381: 1969 474
382: 595
383: 450 426
384: 1780 543 508
385: 3033 2525 2444 2236 972
386: 2836 2832 452
387: 2195 1552 975
388: 1769 661 358
389:
390: 3399
391: 3357 2480 2296 2070 1544 1315 1113 1010 770 732
392: 943
393:
394: 1937 1391
395: 1631 752
396: 1651 633
397: 1958 632
398: 1269
399: 1543 914 863
400: 2134 2081 1857 1262
401: 2855 788
402:
403: 2821 1617 394
404:
405: 1878 1540 1140 994 906
406: 2566 2250 1993 1974 546
407: 607
408: 373 368
409: 1529 849
410: 1330 427
411: 3467 2280 1563 798
412: 399
413: 3307 2773 1023
414: 1450 1034
415: 2125 1674 1116
416: 3447 3259 1605 1481 714
417: 2054 669 578 570
418: 1337 837
419: 3402 2873 2314 1755 1613 554 552
420: 2861 2767 525
421: 822 438
422: 2774 1151
423: 1787 1001 461
424:
425: 439
426: 2314 2270 2105 2024 1804 1160 746
427: 3249 2575 2455 1388 1257 801 701
428: 3115 2679 1044
429: 1981 1968 1931 1166
430: 2419 1756 1592
431: 2744 1482 687
432: 1670 409
433: 2478 854
434: 853
435: 2780 2270 1160 999 679
436: 569
437: 2589 1427 453 428
438: 1349 816 475
439: 2336 1813 1550 711 412
440: 1660 1261 851
441: 2314
442: 2576 2071 883 855 584
443: 1884 1498 451
444:
445: 577
446: 1770
447: 3189 2858 2575 1738 1432 1257 1088 701
448: 3048
449: 3142 1692
450: 1769 661
451: 1401 1243 538 422
452: 1158 413
453: 407
454: 2370 2179 1846 1339 1254 1211 1183 1047 459
455: 2973 2054 1538 909 828 810 432
456: 480
457:
458: 1002 483
459: 1331 910 688 500
460: 1776 1422 1278 716
461: 3441 2436 2313 550
462: 1539
463: 1321
464: 2849 1748 656 418
465: 2870 964
466: 1632 1450 1034 458
467: 1238
468: 3001
469: 2964 2093 826 727
470: 608
471: 1883 961
472: 2478 1167 1117 854
473: 3314 3197 1747 1593 1503 868
474: 2346 2311 2302 1582 1575
475: 3365 2690 1054
476: 1925 1334 888
477:
478: 960 510 460
479: 2348 2031
480:
481: 1065
482: 1809 1447 1162 685
483: 3441 3197 2970 2551 2436 2360 2313 2263 1747
484: 2023 1751 1695 1061
485: 2312 1685 1638 1306 652 635
486: 796 610
487: 1408
488: 3250 1992
489:
490: 3211 2370 1339 1254 1183 1047 857 668
491: 2120
492: 563
493: 2750 2243 1517 1242 721
494: 956
495: 1082
496: 2780
497: 1553 611 531
498: 3415 2482 1539 1256 750
499: 3265
500: 3095
501: 2483 1077
502: 2535 1499
503: 560
504: 2544 1270 737
505:
506: 3086
507: 3047 1249 791 724 576
508: 2802 1963 890
509: 1411
510: 3161 2997 1502
511: 852
512: 2833
513: 1861
514: 2440 2388 2287 1757
515: 487
516: 2218 665
517: 2892 2734 959 729 498
518: 3030 2838 809 599 527
519:
520: 987 757 499
521: 3370 2929 2883 2769 1997 1586
522: 3099 1455
523:
524: 1900
525: 1698 1449
526: 659
527: 2594 1562
528: 1852 1453 830
529: 615 585
530: 2105
531: 2376 2225 579 545
532: 2965
533: 3320 1789 1265 1172 872 589
534: 2937 1217 619 558
535: 2954 2234 1590 1501 1324 1275
536: 1463
537: 3189 1738 1088 789 784
538: 2632 696
539: 2710 2230 1290 574
540: 3304 3232 2754 2301 1894 1442 1423
541: 1342 901 864 736
542: 802
543: 1192 893 683
544: 2623 2342 1762 1679 1652 645
545: 1903 1898 1841 834
546:
547: 1599 1138
548:
549: 3255 1362
550: 2545 2269 1408
551: 3018 2972 1645 1641 1415 1194 894
552: 3082 2947 2583 1824 1397 621
553:
554: 2989
555: 832
556: 923
557: 2182 787
558: 2320 2041 1970 1731 748
559: 524
560:
561: 2219 1943
562:
563: 1819 1461
564: 3265
565: 1951 1149
566: 1989 1105 803
567: 2803 2760 2345 1806 1206 557
568:
569: 2870
570: 2797 2454 1840 1503 868 794 606
571: 925
572:
573: 2261 1323 1316 758
574: 2551 1650 829
575: 2105 1012 733
576: 1842 1622 1073 800
577: 1470 1381
578: 3333 2902 2368 2350
579:
580: 2458 1885 1754
581: 3401 2691 2449 2052 1276 1066 948 908 870
582: 3272 1469
583: 2983 1430
584: 2986 742
585: 673
586: 2844 2147 1368 1195 989 949
587: 2626
588: 628 602
589: 2537
590:
591: 2452 1018 680
592: 1957 1089 874
593: 2134 806
594: 1928
595: 2976 2668
596: 2443 2019 1647 1620 1093 938 609
597: 3354 2490
598: 2271 1360
599: 3223 582
600: 2037
601: 1662 866
602:
603: 2315 1333 1209
604: 1856 681
605: 3372 3327 3283 3094 2889
606: 1543 844
607:
608: 1954
609: 2011 670
610: 2070 1544
611:
612: 2254 2005 1274
613:
614: 1911 1457
615: 1602 1428 1326 735 678
616: 2784 1571 766
617: 1604
618: 2100 1125
619: 3138
620: 2094 1379 968 738
621: 3031 2050 1295 778
622: 756
623: 799 690
624: 3153
625:
626: 2891 2055 1975
627: 2728 808 765
628: 1431
629: 2004
630: 666
631: 767 726 598
632: 3401 745
633: 2658
634: 3202
635: 694
636: 3212 2127 1688 1560 719
637: 1220
638: 3049 3044 2957 2431 1537
639: 2467 2032 1657 926
640: 2676 2642
641: 1895 1796 1320
642: 1540
643:
644: 2175
645: 823
646: 3329 1390 1026 962 820
647: 3167 2406
648: 1244 1048 903
649: 2138 1293 710
650: 3361 2942 642
651: 2050
652: 2686 1737 1007
653: 769
654: 631
655: 3102 2036 1991
656: 2725 1161 1035 838
657: 1028
658:
659: 674
660: 3250
661:
662: 3058 2214 1139 1050
663: 3119 2797
664: 1882 1518 981
665: 2732 1186 891
666: 1962 1197 743
667:
668: 664
669: 3216 3185 2292 1143
670: 1622 1073 917
671: 1844 836
672:
673: 2028 850
674: 3082 2583 1122 1106
675: 2273 1609
676: 1322
677: 653
678: 2132
679: 3382 2784 2274 1571 1202 766
680: 3230 2291
681: 1707 1588 1311 689
682: 2240 1229 773
683: 2457 992
684: 1972 841 728
685: 2691 2449 948 908
686:
687: 2937 731
688: 1038 877
689: 978
690: 2801 2020 1389
691: 3056 2446 2258
692: 2641 2069 741
693: 2389 1980 996 966
694: 1669
695: 3033 2525 979
696: 3164 2162
697: 1952
698: 3457 2510
699:
700: 905
701: 998 699
702:
703: 1671 824
704: 1727 734
705:
706: 3407 3287 3229 2541 2345 1724 1559 1347 1335 1242
707: 3025 2945 1103 941 900 844
708: 3139 2330
709: 1753 927 722
710: 1905 1596 1595 1313
711: 2327
712: 2142 1847 804
713: 2653 846
714: 3194 2117 1877 1004
715: 2540 2344
716: 3320 2440 2388 2287 1757
717: 1108
718: 3009 2011 1325 819
719: 1315 1010
720:
721: 3377 2303
722: 2519 2050 739
723:
724: 3366 2200 1797 912
725: 2181 831
726: 3088 839
727: 2863 2090 1417
728:
729: 1036 965
730: 3157
731:
732: 3281 3116 2890 2429
733: 3360 2630 2351
734: 1318
735: 2597 1913 1446
736: 2001 1687
737: 2390 1800 1793 1075
738:
739: 1344
740: 3246
741: 2240
742: 3443 3349
743:
744: 2954 2234 1275 1223
745: 2659 988
746:
747:
748: 1855
749: 2625
750: 2760 1806
751: 2371 1370 775
752: 2973 1109 909
753: 3009 1325
754: 2907 2122 1128
755:
756: 1292 1201
757: 3202
758:
759:
760: 2519 1578
761: 2173 1869 1479
762: 3424
763: 1850
764: 2961 847
765: 2862
766: 1659 880
767: 3445 1886 1258
768:
769:
770:
771: 2590 1832 1332
772: 3047 2844 1368 1213 995 795
773: 3377 2303
774: 2917 2562 2266 1603 1587 1465 1291
775: 1573 1193
776: 2296 2086 1305 1152 1113
777: 3329 1026 962 820
778: 1309 1214 1124
779:
780: 848
781: 970
782:
783: 780
784: 3149 3088 2491 2175 2141 1578 1237 825
785: 2111 1365
786: 3411 1467
787:
788: 2603 2511 1784 1649
789: 2174 1279
790: 1578 1237
791: 1053 781
792: 3288
793: 2596 1283 807
794: 2865 2272 1259
795:
796:
797: 2615 1009 921
798:
799: 814
800:
801: 2686
802: 2305 1250
803: 2935 2718
804: 1618 1169
805: 2032 1406
806: 2576 983
807: 2345 2159
808:
809: 1564
810: 2674 2612 1064 860
811: 2893 2315
812: 2300 2039 1753 1693 927
813:
814: 1522
815:
816:
817: 1971
818: 2469 2242 1572 1177 932
819: 3265 2797 2368 1840
820: 3088 1892
821: 1890
822: 2450 1858 1057
823: 2681 2282 1938 1733
824: 1260
825: 904
826: 2970 1612
827: 3296 2988 2228 916
828: 2276 1083 1039 944
829:
830: 1331
831: 2362 1015
832: 3249 2455 1388
833: 1058
834:
835: 1810
836: 1666
837: 2259 1661
838:
839:
840: 3034 2139
841: 3042 1865 1691
842: 2791 2725
843: 2258
844: 2199
845: 3269 3132 2823 2354 1020
846:
847: 1565 1395
848:
849:
850: 1719 1273
851: 2763 2282 1938
852: 2960 2861 1030 895
853: 2155 997
854:
855: 3233
856: 3225 3144 2747 2494 1239
857: 3413 3187 3073
858:
859: 2786 1996 1236
860:
861: 3377 3119 2303 907
862: 3025
863: 2416 1729
864: 1723 1506
865: 2728 1870 1838
866: 2154 1221
867:
868: 3338
869: 3381
870: 1098
871: 3260 1648 1296
872: 2738 1460 1308
873: 856
874: 1359 1027
875: 3113 3096
876: 3139 2617 2330
877: 2865 2272 1259
878: 1896
879: 2550 954
880: 3261 2922
881: 1231 939
882: 957 933
883: 2972 875
884: 2830 2111 1519
885: 1086
886:
887: 2328
888: 2850
889: 2561 1222
890: 1232
891: 2991 931
892:
893: 3255 887
894: 1549
895:
896: 2671 1234
897: 3361 2443 2206 2177 2072 2019 1489
898: 1464
899:
900:
901: 2958 1772
902: 3223 2844 2791 2175 2147 1368 1195
903: 2215 1179
904: 1508
905: 3457 2510 2009
906: 1095
907: 1477 1045
908: 920
909: 935
910:
911: 1340 876
912: 3090
913:
914: 2843 973
915: 1352 911
916:
917: 2932
918: 1741
919: 1706
920: 2377 2318 1046
921: 1658
922:
923: 2754 1377 1336
924:
925:
926:
927: 2246 2115
928: 1000 945
929: 2087 1301
930:
931: 1345
932: 3454 2013
933: 1487
934: 2623 2467 2342 1657 926
935: 1175
936: 2410 1843
937:
938: 947
939: 2611 2235 1513
940: 1145 922
941:
942: 1688
943: 1441
944: 3355 1853
945: 1473 1434
946: 2931
947: 2533
948: 2812 2033
949:
950: 2716 2697
951: 2016
952: 3343 2317
953: 1424
954: 2178 2121 1683 1577 1348
955: 1396 928
956: 3037 1557
957: 1701
958:
959:
960:
961:
962: 1111
963: 3225 2747
964: 2729
965:
966:
967:
968: 2629
969: 3148
970: 2111 1365
971: 1943 1763 1581 1224
972: 1289 1212 1188 1127
973: 1504 1063 1006 993
974:
975: 1385
976: 1366
977: 2109 1808
978:
979: 2938 1879
980:
981: 1950
982: 2314
983:
984: 1874 1637
985: 1387 1280
986: 3134 2227
987: 1762 1652
988: 1118 1014
989: 2195
990: 3387 2785 2421 1484 1208
991: 1795
992: 3243
993:
994: 3399
995:
996: 3175 1921 1410
997: 2000 1561 1515
998:
999: 1440
1000: 2043 1607
1001: 2490
1002:
1003: 3418 1076
1004:
1005: 2736 2044 1051
1006: 3397 2420 2135 1033
1007: 1716
1008: 3445 1421
1009: 2571 1144
1010: 2825 2600 2507
1011: 1226
1012: 1854 1277
1013: 2955
1014: 3195 3089 3009 2848 2586
1015: 1435 1375
1016:
1017: 3340 2934 2709 2231 2131
1018: 1094
1019: 1392
1020: 2092
1021:
1022: 2658 2428 1823 1252
1023:
1024:
1025: 2084
1026: 2716 2697 1104
1027:
1028:
1029: 1019
1030: 1684 1615
1031: 2937 2853 2546 1163
1032: 2190 1081
1033:
1034:
1035: 1552
1036: 1367
1037:
1038: 1131
1039: 1717 1477 1284
1040:
1041:
1042:
1043:
1044: 1413 1304 1097
1045: 3070
1046: 2817
1047: 3216 1451
1048: 2547
1049: 1765 1722 1189
1050:
1051: 1628
1052: 2464
1053:
1054: 2835
1055: 3284 2783
1056: 3402 2873 1294
1057:
1058:
1059: 1918 1697
1060: 2567 1247
1061: 1745 1672 1154
1062: 1159
1063:
1064: 1728
1065: 3223 3198 2022 1558
1066: 3255 2956 2409 1915 1889 1614 1182
1067: 1443
1068:
1069: 2549
1070:
1071: 3218 1959
1072: 3182
1073: 1255
1074: 1200 1062
1075: 3410 1137
1076: 2161 1285
1077: 1716 1635
1078: 3255 2062 1227
1079: 2341 1185
1080:
1081: 1815
1082: 2958
1083:
1084:
1085: 2790 2693
1086: 2346
1087: 2364
1088: 3333
1089: 1263 1084
1090:
1091: 2863 2090
1092:
1093: 3008 1778 1215
1094:
1095: 3015 2475 2383 2379 1726
1096: 3412
1097: 2560
1098: 1246 1123
1099:
1100:
1101: 2981
1102: 2772 1203
1103:
1104: 2530 1196
1105: 3397 2135
1106:
1107: 2944 2912
1108: 2458
1109: 1785
1110:
1111: 3394 1452 1433 1298
1112:
1113: 1734 1574 1314
1114: 2023 1751 1695
1115: 1317
1116: 2103 1528
1117: 2708 1781
1118: 1419
1119: 1574 1314
1120:
1121: 2426 1341 1245
1122: 3245 2124
1123:
1124: 2657
1125:
1126: 1939 1788
1127: 3429 2213
1128: 1228
1129: 3344
1130: 2347
1131: 3361 2206
1132: 2045 1495
1133:
1134: 1675
1135:
1136: 3303 1668
1137: 1267
1138: 3077 2601
1139: 2868 1230 1204
1140: 3170
1141: 2522 2047
1142:
1143: 3394 1831
1144:
1145: 3118
1146:
1147:
1148: 3018
1149: 1120
1150: 2509
1151: 3126 2699
1152: 1744
1153: 1782
1154:
1155: 2075
1156: 2888
1157: 2069 2056 1401
1158: 3443 3349 3052
1159: 2916 1732
1160: 3313
1161: 2613
1162: 2297 1475
1163: 2928 2752
1164: 3077 2076
1165:
1166:
1167: 2885 1358
1168: 2822 1187
1169: 3396
1170: 3240 1828
1171: 2719
1172:
1173: 3051 2007
1174:
1175:
1176: 2468
1177:
1178: 2827 2114
1179:
1180: 2686 2273 1419
1181: 1862 1147
1182: 2711
1183: 1848
1184: 2778 2329 1429
1185: 1354
1186: 2231 2131
1187:
1188:
1189:
1190: 2058 1949
1191: 1168
1192: 1551
1193:
1194: 1682
1195: 2645 1181
1196: 2211 1235
1197: 2723 2563
1198:
1199: 1653
1200: 2297
1201:
1202: 2479 2465 1216
1203:
1204: 3389 1420
1205: 1987
1206: 3338
1207:
1208: 1691
1209: 3226 2328 2151 1303
1210:
1211:
1212: 3331
1213: 2026
1214: 2641 2189 1920 1191
1215: 3245 2124
1216:
1217: 3306 2216
1218:
1219: 2002 1462
1220: 2095
1221: 3439 3173 1240
1222: 3066 2652
1223: 3231
1224:
1225: 3252 3078 2962
1226:
1227: 2795 2759 2695
1228: 3123 1376
1229: 2257 1511
1230: 3364 3185 2909 2703 2292
1231: 3276 1271
1232: 1665 1616
1233: 3444
1234: 2988 2207
1235:
1236: 2855
1237: 2819 1527
1238: 2399 1520 1492
1239: 2283 1299
1240: 2464
1241: 3376 1302
1242: 3422
1243:
1244: 2678 1383
1245: 2621 1531
1246:
1247:
1248: 2746
1249: 2825 2600 2507
1250: 2839
1251: 3304 1554
1252: 1942
1253: 2136
1254: 2444
1255:
1256: 2556 1845
1257: 2842
1258: 2413
1259: 3277
1260: 2812 2033 1601
1261: 1673
1262:
1263: 2325
1264: 3208 2497 1419
1265: 2975 2197
1266:
1267: 2368 1743 1382
1268: 1983
1269:
1270: 3156
1271: 2582
1272: 2440 2388 1757 1580 1328
1273: 2116
1274: 1373 1300
1275: 1566
1276: 3413 1934
1277: 2560
1278: 3221 2557 2229 2053 1338
1279:
1280: 2360 2263 1402
1281:
1282: 3188 2694
1283:
1284: 3412 2662 1426 1329
1285: 2203
1286: 1372
1287:
1288: 3194 2117 1924
1289: 1281
1290: 3400
1291: 2008
1292: 3360 2630 1630 1598 1524
1293: 1996
1294: 1476
1295: 1288
1296:
1297: 3226 2369 2029 1567 1374 1272
1298:
1299: 2820
1300:
1301: 3254 3205
1302: 2065
1303: 2978 2555
1304: 3445 2127
1305:
1306: 1471
1307: 1541
1308: 3057 2336
1309:
1310: 2452 2309
1311: 1803 1393
1312: 1597
1313:
1314: 2616
1315: 3279
1316: 1444
1317: 2778 2390 2329 1800 1793
1318:
1319: 3135
1320: 3024 1386
1321:
1322: 2896 2180
1323: 2248 2077
1324: 3072 2921
1325:
1326:
1327: 3386
1328: 2626
1329: 1624
1330: 1556
1331: 2995 2365 1711
1332: 2611 2235
1333: 3442
1334: 2683 1485
1335: 3336 3207
1336: 2338
1337:
1338:
1339:
1340:
1341: 3228
1342:
1343: 2674
1344:
1345: 2277
1346: 2948 2404 2307 2091
1347: 2828
1348: 2381
1349:
1350: 1350
1351: 1570
1352: 3236
1353: 2414
1354:
1355:
1356: 2966 2184
1357:
1358: 1700
1359:
1360: 2675
1361: 3100 2660 1629
1362: 3123 3013
1363:
1364:
1365: 2877 1439
1366: 1730
1367:
1368:
1369:
1370:
1371: 3086 2489 1699
1372: 1532
1373: 1625
1374:
1375:
1376:
1377: 3145 3055
1378: 1400
1379: 2418 1654 1407
1380: 2165
1381: 3109 2157 1933
1382:
1383:
1384:
1385:
1386:
1387:
1388:
1389:
1390: 1767
1391:
1392:
1393: 1702
1394: 2978
1395: 3193 3086 1908 1659
1396:
1397:
1398: 3084 2640
1399: 1514
1400:
1401: 1640
1402: 2417
1403: 2585
1404: 3169 2681
1405: 3308 3263 2106
1406: 3356 3184 1834
1407: 2210 1775
1408: 3077
1409:
1410:
1411:
1412: 2808
1413: 3200 2316 2092
1414: 1547
1415: 1922 1802 1696
1416: 1643
1417: 2102
1418: 2737 2598
1419:
1420: 1976 1960
1421: 2584
1422:
1423: 1414
1424:
1425: 2059 2023
1426: 2447
1427:
1428: 3028 2397
1429: 1967
1430: 2453 1690
1431: 3367
1432: 1899 1742
1433:
1434: 1816
1435: 1708
1436: 3128 2908 1854
1437: 3417 1871
1438:
1439: 2548
1440:
1441:
1442:
1443: 2278
1444: 2408
1445:
1446: 2977
1447: 2460
1448:
1449: 1474
1450: 3300 1525 1497
1451: 2499
1452: 1655
1453: 2771 1859
1454: 3273 2712
1455:
1456: 1627
1457: 2742
1458: 3060 2536
1459: 2356 2237 1923
1460: 1971 1936 1932
1461: 2720
1462: 2927
1463:
1464:
1465: 2722
1466: 2903 1916
1467: 2776 1667 1493
1468: 3244 2845
1469:
1470: 3312 2136
1471: 3248 2392 2085
1472: 3451
1473:
1474:
1475: 3446
1476:
1477:
1478: 2623 2342
1479: 2034
1480: 2438
1481:
1482:
1483:
1484: 3275 2384
1485:
1486:
1487: 2306
1488: 3204
1489:
1490:
1491: 2901
1492: 2609
1493: 1542
1494: 2587
1495:
1496: 1826
1497: 1995 1988
1498:
1499: 3085 3005 1868
1500: 2655
1501: 2335 2255
1502:
1503:
1504:
1505: 1623
1506: 2280
1507:
1508:
1509:
1510:
1511:
1512:
1513: 1935
1514: 3339 1546
1515:
1516: 3195 2586
1517: 1965
1518: 1790
1519:
1520: 1725
1521: 1836
1522: 2373 2082
1523: 1568
1524:
1525:
1526: 2063
1527:
1528: 3108
1529: 3268 2996 1907 1712
1530: 2167
1531: 1584
1532: 2714 2048
1533: 3301 2782
1534:
1535: 2285
1536:
1537: 1917 1526
1538: 2406 1773 1735
1539:
1540:
1541: 2605 2395 2208
1542:
1543: 3460
1544: 2385 1977
1545:
1546: 2062
1547: 3305 1555
1548:
1549: 3216
1550: 2751 2083
1551: 2396
1552:
1553: 3302 3002
1554: 1761
1555: 2339
1556: 1981 1676
1557: 1569
1558: 2919
1559:
1560: 2900 2205
1561:
1562: 2281
1563:
1564: 2441 2118 1656
1565: 3174 1591
1566: 2256
1567:
1568:
1569:
1570: 3256 2881 1764
1571:
1572: 3335
1573: 2268 1530
1574: 2108 1794
1575:
1576:
1577:
1578: 2035 2018
1579:
1580:
1581: 3352
1582: 2910
1583: 3289 2492 1686
1584:
1585: 1978
1586: 2434 2186 1715
1587: 2634
1588:
1589: 3097 1642
1590: 2696 2378
1591: 2394
1592:
1593: 3242 2707
1594: 1866
1595: 2578 1594
1596: 3173 1909
1597: 2915 2375
1598: 2631 2185
1599:
1600: 2202 2079
1601: 2976 1774 1721
1602:
1603:
1604:
1605: 2096
1606:
1607: 2591
1608:
1609:
1610: 3036 2435
1611:
1612:
1613: 2324
1614: 3015 2379
1615:
1616: 2153
1617: 3192 2998
1618: 2577 1835 1812
1619: 2762
1620:
1621: 2149 2137 1825
1622: 2620
1623:
1624:
1625:
1626: 2251
1627: 2067
1628: 1901
1629:
1630:
1631: 1953
1632: 1759
1633: 3213
1634: 1820
1635: 2294
1636:
1637: 2194
1638:
1639:
1640: 2497 1579
1641:
1642:
1643:
1644:
1645: 1873
1646: 2209
1647:
1648:
1649:
1650:
1651:
1652: 3186
1653: 2405
1654:
1655:
1656:
1657:
1658: 1644
1659: 3136
1660: 3158
1661:
1662: 2467
1663:
1664: 2985 2170
1665:
1666:
1667: 2340
1668: 2533 1749 1709
1669: 2846
1670:
1671: 2964
1672: 2910
1673: 2098
1674: 1941
1675: 2609 2466
1676: 2588
1677: 2252
1678:
1679:
1680:
1681:
1682: 3347 2768 2702 2017 1946
1683:
1684: 2617
1685: 1986
1686: 2204
1687:
1688: 1677
1689: 3165
1690: 2221 2078 1777
1691: 2300 2039
1692:
1693:
1694: 2963 2829
1695:
1696:
1697: 2505
1698:
1699:
1700:
1701:
1702: 3037
1703:
1704:
1705:
1706:
1707: 1798
1708: 2500
1709: 2700 1902
1710:
1711:
1712:
1713: 2177
1714:
1715:
1716:
1717:
1718:
1719:
1720: 1766
1721: 3183
1722:
1723:
1724:
1725:
1726:
1727:
1728:
1729: 3068 2187 1783 1740
1730: 2882
1731:
1732:
1733: 2317
1734: 2493
1735: 3176 2422
1736:
1737:
1738: 2073
1739: 2343 1964
1740:
1741:
1742: 2518
1743:
1744:
1745:
1746:
1747:
1748: 2160
1749: 3391
1750: 2933
1751:
1752: 3245
1753:
1754:
1755: 1807
1756: 3383 3029
1757: 3264 2553
1758:
1759:
1760: 2391
1761: 2851 2361 1944
1762:
1763:
1764:
1765: 2123
1766: 2860 2843
1767: 3045 1876 1818
1768: 1837
1769: 2704
1770:
1771:
1772:
1773:
1774:
1775: 3332
1776:
1777:
1778: 1926
1779: 2864
1780:
1781:
1782: 2990
1783:
1784:
1785:
1786: 3038
1787: 2112
1788:
1789:
1790:
1791:
1792: 1914
1793: 1982
1794:
1795:
1796: 1945
1797:
1798: 2498
1799:
1800: 2558
1801: 2740 2688
1802:
1803: 2898 2051
1804: 2867
1805:
1806: 3353 2164
1807: 1893 1822
1808:
1809: 2241
1810: 2668 1994
1811: 2278
1812: 2326 2145 2129 2057
1813:
1814:
1815: 2223 1881 1880
1816: 3340 2934 2709
1817:
1818: 2840
1819: 2042 1887
1820:
1821: 2839 2638
1822: 2520
1823: 2003 1961
1824:
1825:
1826:
1827:
1828: 1948
1829:
1830:
1831:
1832: 2687
1833: 3262
1834:
1835:
1836:
1837: 2061
1838:
1839:
1840:
1841: 2656 2099
1842: 2172
1843: 3347
1844:
1845:
1846:
1847: 2872
1848: 2337
1849:
1850: 3444 2193
1851: 2437
1852:
1853:
1854: 2188 2025 1998
1855:
1856:
1857: 3092
1858: 1973
1859: 3326 2275
1860: 2411
1861:
1862: 2442
1863: 3358 3137
1864: 2247
1865:
1866:
1867:
1868: 3007 2748
1869:
1870:
1871:
1872: 2352 2349
1873: 2664
1874: 2307
1875: 3058
1876: 3074 2607
1877: 1888
1878:
1879: 2989
1880:
1881: 3315
1882: 2574
1883:
1884: 3295
1885: 2648 2481
1886:
1887:
1888: 2049
1889:
1890:
1891:
1892: 2432
1893:
1894:
1895: 2501
1896: 2286
1897:
1898:
1899:
1900: 2367
1901: 2295
1902:
1903: 2110
1904:
1905:
1906: 2745
1907: 3165
1908:
1909:
1910:
1911: 2867
1912: 2472 2038
1913: 2284
1914:
1915: 2191
1916:
1917: 2914
1918: 2245
1919: 2224
1920: 3403
1921: 2847
1922: 3258 3046 2743
1923:
1924:
1925:
1926: 3408
1927:
1928: 2262
1929:
1930:
1931: 2552
1932: 2386
1933: 2146
1934:
1935: 3097 2595
1936: 2415
1937:
1938: 2253
1939: 3237 2618
1940: 1990
1941: 3186
1942:
1943:
1944: 2249
1945: 2650 2543
1946:
1947: 2516 2171
1948: 2926 2897
1949: 2727
1950: 2424
1951:
1952:
1953: 2425 2156
1954:
1955:
1956: 3353
1957:
1958: 2130
1959:
1960: 2030
1961: 2920
1962: 2113
1963: 3087 2473
1964:
1965:
1966: 2879
1967:
1968:
1969: 2622
1970: 2407
1971: 3022
1972:
1973:
1974:
1975:
1976:
1977:
1978:
1979:
1980:
1981:
1982: 1966
1983:
1984:
1985:
1986: 2810
1987:
1988: 3076
1989:
1990:
1991: 3335
1992: 3208 2289
1993:
1994:
1995:
1996:
1997: 3117 2667 2461 2359
1998: 2074
1999:
2000:
2001:
2002:
2003: 3064
2004: 2580
2005: 3212 2946 2239
2006: 3351
2007:
2008: 2569
2009: 2144
2010:
2011: 3114
2012: 3140 2163
2013:
2014:
2015: 3431 2936
2016:
2017: 3026
2018: 3366
2019:
2020:
2021:
2022: 2654 2427
2023: 1999
2024:
2025:
2026:
2027:
2028: 2119
2029: 3181
2030:
2031: 2894
2032:
2033:
2034:
2035: 3370 2929 2883 2769
2036: 3286 2514
2037:
2038:
2039:
2040: 3168
2041:
2042: 2088
2043: 3093
2044: 2403
2045: 2485
2046: 2183
2047:
2048: 2952 2721
2049: 2597
2050:
2051:
2052:
2053:
2054: 2610
2055:
2056:
2057:
2058: 2176
2059: 2463 2027
2060:
2061:
2062:
2063:
2064: 3310
2065:
2066: 3013
2067: 2627
2068: 3175
2069:
2070: 3387 3080 2785 2421
2071:
2072:
2073:
2074:
2075: 2850
2076:
2077: 3220
2078:
2079:
2080:
2081: 2733
2082: 2904
2083:
2084:
2085:
2086: 3032 2684
2087: 2386
2088:
2089:
2090: 3373
2091: 3131 2999
2092:
2093:
2094:
2095:
2096:
2097:
2098:
2099: 2953
2100: 2602
2101:
2102: 2794
2103: 3125
2104:
2105:
2106:
2107: 3120
2108:
2109:
2110:
2111: 3379
2112:
2113:
2114: 2805
2115: 2299
2116: 2238
2117: 2529
2118:
2119:
2120:
2121: 3027 2066
2122:
2123: 3268
2124:
2125: 2169
2126:
2127:
2128: 3178
2129: 2635
2130: 2358
2131:
2132:
2133: 3080
2134: 3062
2135:
2136: 2872 2647
2137: 2717 2643
2138: 2878
2139: 3085 3043 3005
2140:
2141:
2142: 2992
2143:
2144:
2145:
2146:
2147: 3467
2148: 3317
2149: 2880
2150:
2151: 2666
2152: 2524
2153:
2154:
2155:
2156:
2157: 2196 2150
2158:
2159:
2160:
2161: 3021 2672 2355 2264
2162: 2768
2163: 3438
2164:
2165:
2166:
2167: 3285
2168: 3463 3453
2169: 2713
2170:
2171: 2486 2433
2172:
2173:
2174: 3465
2175:
2176: 2166
2177:
2178: 2969
2179:
2180: 3107 3063 2661 2232
2181: 3016 2636
2182:
2183:
2184:
2185: 2198
2186:
2187: 2512
2188: 3405
2189: 2401
2190:
2191: 3041
2192:
2193: 2471 2260
2194: 3006 2570
2195:
2196:
2197: 2706
2198:
2199:
2200:
2201:
2202: 2523
2203:
2204: 3238
2205: 3000
2206:
2207:
2208: 3419
2209:
2210:
2211: 2789 2779 2755
2212: 2527
2213:
2214:
2215:
2216:
2217: 2290
2218:
2219:
2220:
2221: 3297
2222:
2223: 2804
2224: 2831
2225:
2226: 2705
2227: 2911
2228:
2229:
2230:
2231: 2168
2232:
2233: 3274 3180 2757
2234: 3199 2515
2235: 2353
2236: 3416
2237: 3225
2238:
2239:
2240:
2241:
2242: 3281 3116 2890
2243:
2244: 2946
2245:
2246: 2474
2247: 2459
2248:
2249:
2250: 2265
2251:
2252: 2244
2253:
2254:
2255:
2256:
2257:
2258:
2259:
2260: 2796
2261: 3079
2262:
2263: 2503
2264: 3041 2619
2265:
2266:
2267: 3154
2268:
2269:
2270:
2271: 2304
2272:
2273:
2274:
2275:
2276:
2277:
2278:
2279: 3196
2280: 3378
2281:
2282:
2283:
2284:
2285: 2980 2649
2286:
2287:
2288: 3122 3035
2289:
2290:
2291:
2292: 2332
2293:
2294:
2295: 2744 2412
2296: 2532
2297: 2357
2298:
2299:
2300:
2301:
2302:
2303:
2304: 2506
2305:
2306: 2322
2307:
2308: 2624
2309:
2310: 3019 2950
2311:
2312:
2313: 2740 2688
2314:
2315: 2874
2316: 2991
2317: 3061 2393
2318:
2319: 3241
2320:
2321: 3012
2322:
2323:
2324: 3360
2325: 2875 2646
2326: 3456 2968
2327: 3054
2328: 2321
2329:
2330:
2331:
2332:
2333:
2334:
2335:
2336:
2337: 2905
2338:
2339: 2319
2340:
2341: 3179
2342:
2343:
2344: 2572 2495
2345:
2346:
2347: 3219 2923
2348:
2349: 3409 2715 2380
2350: 2739
2351:
2352:
2353:
2354:
2355:
2356:
2357: 3328 2423
2358: 3144 2494
2359:
2360: 2818
2361:
2362:
2363:
2364:
2365:
2366:
2367:
2368: 3159
2369: 2758
2370: 2568
2371:
2372:
2373:
2374:
2375:
2376:
2377:
2378:
2379: 2462
2380:
2381:
2382:
2383:
2384:
2385: 3021
2386:
2387:
2388:
2389:
2390: 2374
2391:
2392:
2393:
2394:
2395:
2396:
2397:
2398:
2399:
2400:
2401:
2402:
2403:
2404:
2405: 2517 2402
2406:
2407: 2665
2408:
2409:
2410:
2411:
2412:
2413:
2414:
2415:
2416: 2430
2417: 2971
2418: 3334
2419:
2420:
2421:
2422: 3083
2423:
2424: 2824
2425:
2426:
2427:
2428:
2429:
2430: 2761
2431: 2913
2432:
2433:
2434:
2435: 2614
2436: 3050
2437:
2438:
2439:
2440:
2441:
2442:
2443: 3280
2444:
2445:
2446: 3388 3215 3124
2447:
2448:
2449:
2450:
2451:
2452:
2453: 2852
2454: 2884
2455: 3448
2456: 2792
2457: 3461
2458:
2459:
2460: 3111 2735
2461:
2462: 2806 2554 2488
2463:
2464:
2465: 3434
2466:
2467: 2973
2468: 3294 2513
2469: 3357
2470:
2471:
2472:
2473:
2474:
2475: 2526
2476:
2477:
2478:
2479: 3166 2813
2480:
2481: 2448
2482:
2483: 3348 2521
2484: 2815
2485:
2486:
2487:
2488:
2489: 2508
2490: 3415 2581
2491:
2492: 2534
2493:
2494:
2495:
2496:
2497: 2959
2498:
2499:
2500:
2501:
2502:
2503: 3059
2504:
2505:
2506:
2507:
2508:
2509:
2510:
2511:
2512:
2513:
2514:
2515:
2516: 3251
2517:
2518:
2519:
2520:
2521:
2522:
2523: 3311 3069
2524: 2689
2525: 2670
2526:
2527:
2528:
2529:
2530: 3458 3247
2531:
2532:
2533:
2534:
2535:
2536:
2537:
2538: 3045
2539:
2540:
2541:
2542:
2543:
2544:
2545: 2573
2546:
2547:
2548: 2799
2549:
2550:
2551:
2552:
2553:
2554:
2555: 2633
2556:
2557:
2558: 2504
2559:
2560: 2907 2775 2599 2528
2561:
2562:
2563:
2564:
2565: 2628
2566:
2567:
2568:
2569: 3362
2570: 3065
2571:
2572:
2573:
2574: 2886
2575:
2576: 3346
2577:
2578:
2579:
2580:
2581: 3430
2582: 2788
2583:
2584: 3428
2585:
2586:
2587: 3017
2588:
2589:
2590:
2591: 2939
2592:
2593:
2594:
2595: 3375 2974
2596: 2940
2597: 2816
2598:
2599:
2600:
2601: 2982 2924
2602: 2669
2603:
2604:
2605:
2606: 2565
2607:
2608:
2609:
2610: 3064 2837
2611:
2612:
2613: 3342 2993
2614:
2615:
2616:
2617:
2618:
2619:
2620:
2621:
2622:
2623:
2624: 2701
2625:
2626: 3378
2627: 2918
2628:
2629: 3427 2857
2630:
2631: 3152 2828
2632:
2633:
2634:
2635: 3112
2636:
2637:
2638:
2639:
2640: 3368
2641:
2642: 3101
2643:
2644:
2645:
2646:
2647:
2648: 2869
2649:
2650:
2651:
2652:
2653:
2654:
2655:
2656: 3357
2657:
2658:
2659:
2660: 3341
2661:
2662:
2663: 3143
2664:
2665:
2666: 3290
2667:
2668:
2669:
2670:
2671:
2672:
2673: 2809
2674: 2663
2675:
2676: 2726
2677:
2678:
2679:
2680:
2681: 2777
2682: 3247
2683:
2684: 3081
2685:
2686:
2687:
2688: 3234
2689: 2871
2690:
2691:
2692: 2856
2693: 3147
2694:
2695:
2696:
2697:
2698:
2699:
2700:
2701:
2702:
2703: 3106 2682
2704:
2705:
2706:
2707: 3179
2708:
2709:
2710: 2906
2711:
2712:
2713:
2714: 3222
2715: 3467 3293
2716:
2717:
2718:
2719:
2720: 3011
2721:
2722:
2723:
2724:
2725:
2726: 3270
2727: 3075
2728:
2729:
2730: 3023
2731:
2732: 3187 3073
2733:
2734:
2735: 3129 3014
2736: 2698
2737: 3201
2738:
2739:
2740:
2741:
2742:
2743: 2859
2744: 3150
2745:
2746: 3385
2747:
2748:
2749: 3310 3004
2750:
2751:
2752:
2753:
2754:
2755:
2756:
2757:
2758:
2759:
2760:
2761:
2762:
2763:
2764:
2765: 2766
2766:
2767: 3428
2768:
2769:
2770:
2771:
2772:
2773:
2774:
2775: 2724
2776:
2777: 3039
2778:
2779:
2780:
2781:
2782:
2783: 2764
2784:
2785:
2786:
2787:
2788:
2789: 2826
2790: 3003
2791:
2792:
2793:
2794:
2795:
2796:
2797:
2798:
2799:
2800:
2801:
2802:
2803:
2804:
2805: 3074
2806:
2807:
2808:
2809:
2810:
2811:
2812:
2813:
2814:
2815:
2816: 2800
2817:
2818:
2819:
2820:
2821: 3267
2822:
2823:
2824:
2825:
2826: 2787
2827: 2941
2828: 3449
2829:
2830:
2831:
2832:
2833:
2834:
2835: 2781
2836:
2837:
2838: 2895
2839:
2840:
2841:
2842:
2843:
2844:
2845:
2846:
2847:
2848:
2849:
2850:
2851:
2852: 3404
2853:
2854:
2855:
2856:
2857:
2858:
2859:
2860: 3309
2861: 3217
2862:
2863:
2864:
2865:
2866:
2867:
2868:
2869: 3190
2870:
2871:
2872:
2873:
2874:
2875: 2943
2876:
2877: 3265
2878:
2879: 2951
2880:
2881:
2882: 3214
2883:
2884:
2885:
2886:
2887:
2888:
2889:
2890:
2891: 3392
2892:
2893:
2894:
2895:
2896: 3239
2897:
2898:
2899:
2900:
2901: 3325
2902:
2903:
2904:
2905:
2906:
2907:
2908:
2909:
2910:
2911:
2912:
2913:
2914:
2915: 3436
2916:
2917:
2918:
2919:
2920:
2921:
2922:
2923:
2924:
2925:
2926:
2927: 3127
2928:
2929:
2930:
2931:
2932:
2933:
2934: 3210
2935:
2936:
2937:
2938: 3450
2939:
2940:
2941:
2942:
2943:
2944: 3307
2945:
2946: 3464
2947: 3345
2948: 3151
2949:
2950:
2951:
2952:
2953:
2954:
2955: 3292
2956:
2957:
2958:
2959:
2960:
2961:
2962: 2925
2963:
2964:
2965:
2966: 3385
2967:
2968:
2969:
2970:
2971:
2972:
2973:
2974:
2975:
2976:
2977:
2978:
2979:
2980:
2981:
2982:
2983:
2984:
2985:
2986:
2987:
2988:
2989:
2990:
2991:
2992: 3206
2993:
2994:
2995:
2996:
2997: 2949
2998:
2999:
3000:
3001:
3002:
3003:
3004: 3256
3005: 3162
3006:
3007:
3008:
3009: 3406
3010:
3011: 3098
3012:
3013:
3014:
3015:
3016:
3017:
3018:
3019:
3020:
3021:
3022:
3023: 3421
3024:
3025:
3026:
3027:
3028: 3133
3029: 3227
3030:
3031: 3209
3032: 3155
3033:
3034:
3035:
3036:
3037:
3038:
3039:
3040: 3371 2967
3041: 3468
3042:
3043:
3044:
3045:
3046:
3047:
3048:
3049:
3050:
3051:
3052:
3053:
3054:
3055:
3056:
3057:
3058:
3059: 3171
3060:
3061:
3062:
3063:
3064:
3065:
3066:
3067:
3068:
3069:
3070:
3071:
3072: 3395
3073:
3074:
3075:
3076:
3077:
3078:
3079:
3080:
3081:
3082:
3083:
3084:
3085:
3086:
3087: 3330
3088: 3318 3110
3089:
3090:
3091:
3092:
3093:
3094:
3095:
3096:
3097:
3098:
3099:
3100:
3101:
3102: 3235
3103:
3104:
3105:
3106: 3350
3107:
3108:
3109:
3110: 3104
3111:
3112:
3113:
3114:
3115: 3177
3116:
3117: 3437
3118:
3119:
3120:
3121:
3122:
3123:
3124:
3125: 3322
3126:
3127:
3128:
3129:
3130:
3131:
3132:
3133:
3134:
3135:
3136:
3137:
3138:
3139:
3140:
3141:
3142:
3143:
3144: 3432
3145:
3146:
3147:
3148:
3149: 3308
3150:
3151:
3152:
3153:
3154:
3155:
3156:
3157:
3158:
3159:
3160:
3161:
3162:
3163:
3164:
3165:
3166:
3167:
3168:
3169:
3170: 3232
3171:
3172:
3173: 3224
3174:
3175: 3462 3091
3176:
3177:
3178:
3179:
3180:
3181:
3182: 3146
3183:
3184:
3185:
3186:
3187:
3188:
3189: 3384
3190:
3191:
3192:
3193:
3194:
3195:
3196:
3197:
3198:
3199:
3200:
3201:
3202:
3203:
3204:
3205:
3206:
3207:
3208:
3209:
3210:
3211:
3212:
3213:
3214:
3215: 3337
3216:
3217: 3420
3218:
3219:
3220:
3221:
3222: 3191
3223:
3224:
3225:
3226:
3227:
3228:
3229:
3230:
3231:
3232:
3233:
3234: 3435
3235:
3236:
3237:
3238:
3239:
3240:
3241:
3242:
3243:
3244:
3245:
3246:
3247: 3390
3248:
3249:
3250:
3251:
3252:
3253:
3254:
3255:
3256:
3257:
3258:
3259:
3260:
3261:
3262:
3263:
3264:
3265:
3266:
3267:
3268:
3269:
3270:
3271:
3272:
3273:
3274:
3275:
3276:
3277:
3278:
3279:
3280:
3281:
3282:
3283:
3284:
3285:
3286:
3287: 3374
3288:
3289:
3290:
3291:
3292:
3293:
3294:
3295:
3296:
3297:
3298:
3299:
3300:
3301: 3319
3302:
3303: 3369
3304:
3305:
3306:
3307:
3308:
3309:
3310:
3311:
3312:
3313:
3314:
3315:
3316:
3317:
3318:
3319:
3320:
3321:
3322:
3323:
3324:
3325:
3326:
3327:
3328:
3329:
3330:
3331:
3332:
3333:
3334:
3335:
3336:
3337:
3338:
3339:
3340:
3341:
3342:
3343:
3344:
3345:
3346:
3347:
3348:
3349:
3350:
3351:
3352:
3353:
3354:
3355:
3356:
3357:
3358:
3359:
3360:
3361:
3362:
3363:
3364:
3365:
3366:
3367: 3433
3368:
3369:
3370:
3371:
3372:
3373:
3374: 3425
3375:
3376:
3377:
3378:
3379:
3380:
3381:
3382:
3383:
3384:
3385:
3386:
3387:
3388:
3389:
3390:
3391:
3392:
3393:
3394: 3423
3395:
3396:
3397:
3398:
3399: 3393
3400:
3401:
3402:
3403:
3404:
3405:
3406: 3452
3407:
3408:
3409:
3410:
3411:
3412:
3413:
3414:
3415:
3416:
3417:
3418:
3419:
3420: 3380
3421:
3422:
3423:
3424:
3425:
3426:
3427:
3428:
3429:
3430:
3431:
3432:
3433:
3434:
3435:
3436:
3437:
3438:
3439: 3440
3440:
3441:
3442:
3443:
3444: 3398
3445:
3446:
3447:
3448:
3449:
3450:
3451:
3452:
3453:
3454:
3455:
3456:
3457:
3458:
3459:
3460:
3461:
3462:
3463:
3464:
3465:
3466:
3467:
3468:
3469:
3470:
3471:
3472:
3473:
3474:
3475:
3476:
3477:
3478:
3479:
3480:
3481:
3482:
3483:
3484:
3485:
3486:
3487:
3488:
3489:
3490:
3491:
3492:
3493:
3494:
3495:
3496:
3497:
3498:
3499:
3500:
3501:
3502:
3503:
3504:
3505:
3506:
3507:
3508:
3509:
3510:
3511:
3512:
3513:
3514:
3515:
3516:
3517:
3518:
