1: 1065 873 452 433 7 5 2 1
2: 2205 966 459 195 181 57 53 48 14 9 8 3
3: 1754 1569 1281 547 497 152 122 55 31 6 4
4: 740 406 62
5: 2429 2428 1990 1946 1665 1511 1079 904 883 789 532 446 429 374 348 307 281 264 218 197 142 75 72 36 18 15
6: 2280 1335 660 382 216 134 106 97
7: 41 29 28
8: 2349 2046 1733 1041 446 342 285 281 264 136 107 45 39 17 16 13
9: 693 462 99 12
10: 1350 1268 1003 390 30 20 10
11: 1990 72 36 11
12: 852 457 129 102
13: 2367 2310 2057 1845 1661 1453 1189 1134 618 588 561 244
14: 2428 1411 1079 218 75 19
15: 1420 1338 1214 575 363 119
16: 2000 1645 937 899 784 780 684 560 495 485 440 326 266 254 252 243 88 77 35 27 22 21
17: 1854 1710 1109 219 98
18: 2465 1961 1875 1835 1437 1433 1099 1094 1005 969 705 602 601 467 461 409 317 283 247 226 183 156 143 67 23
19: 1772 523 64 47
20: 1569 770 518 328 193
21: 1935 1886 1375 1295 860 610 490 297 238 230
22: 2160 1594 967 628 550
23: 1665 1569 1296 1293 893 496 412 379 331 245 237 207 203 138 37 26
24: 2172 1957 1873 1026 25
25: 2392 2188 2186 1640 1074 228 145 69
26: 1713 1518 1297 1270 558 484 455 385 369 356 305 278 24
27: 1659 283 196 191 52 34
28: 2368 2131 2005 1469 1464 1212 1123 1029 775 669 585 504 368 308 201 187 148 111 42 32
29: 1775 1575 1233 885 357 140 38
30: 595 381 70 56
31: 2285 1648 1626 757 571 349 89
32: 2131 1235 1029 939 669 42
33: 2465 1875 1835 1099 705 317 226 183 156
34: 1094 1005 601 467 143 67 40
35: 339 174 90 68
36: 917 44
37: 2176 1885 1308 1213 896 895 650 279 175 33
38: 2363 2108 1221 966 878 604 459 222 65
39: 2321 2043 1333 1234 746 258 121
40: 1946 560 495 266 243 88 58
41: 2431 1264 1077 697 648 436 332 126 101 46
42: 1233 426 43
43: 1655 1542 1052 970 914 74
44: 1664 1307 1121 777 673 333 163
45: 2474 124 73 71 60
46: 325 213 131 51
47: 2473 2086 1963 1421 1392 1342 1160 1153 959 795 630 626 577
48: 1534 1202 1105 748 384 263 118
49: 2356 2325 1854 1740 1710 1645 1631 1546 1420 1401 1338 1304 1296 1262 1214 937 684 575 440 363 180 161 160 128 109 49
50:
51: 883 789 375 200 146 80 78
52: 2431 1293 412 207
53: 600 365
54: 2199 996 972 642 383 95 87 54 50
55: 352 316 262 108 76 66
56: 2431 1795 1237 139
57: 1347 765 507 411 100 83 61
58: 723 215 59
59: 379 237 203 91
60: 770 518 328 271 193 137 81
61: 2341 1972
62: 1836 640 116 114
63: 2367 2246 2085 1924 1661 1549 1477 1134 1060 947 945 706 634 588 512 481 380 253 157 96 84
64: 2137 1887 1869 1762 1731 1193 1168 1053 919 771 500 416 155 135
65: 2076 1887 1869 1293 1255 919 911 732 500 63
66: 1509 644 631 240 206 86
67: 1696 1537 1254 841 688 306 144
68: 2199 95
69: 1645 937 684 440 128
70: 1464 210
71: 2463 446 281 264 136 79
72: 1169 268 211
73: 1902 1282 861 123
74: 635 212 184 154 103 82
75: 1249
76: 2372 1226 1178 904 755 374 197 125
77: 1110 449 117
78: 1834 1825 1408 602
79: 1509 1206 153
80: 2419 1848 1507 1191 849 606 572
81: 1284 151
82: 2186 2108 1640 778 592 563 492
83: 372 92
84:
85: 908 564 315 269 190
86: 1153 630 585 577 187 169 132 111 94 85
87: 1952 1644 1272 1159 1046 857 736 728 471 115
88: 1422 1034 775
89: 2378 1212 504 308 201 148
90: 2085 1924 1060 277 133
91: 1810 1681 1242 1132 402 334
92: 2465 2105 534 295 113
93: 1543 949 667 166 93
94: 1731 155 135 105
95: 959 560 495 266 243
96: 1026
97: 1691 972 642 204
98: 1296 1230 1026 893 496 112 104
99: 1842 1425 1027 1011 995 904 712 543 209 199
100: 221 149
101: 2304 1047 529 311 265 182 176
102: 2227 395
103: 1518 1270 558 323
104: 1619 429 164
105: 2000 899 784 780 326 252
106: 1230 603 417 179
107: 1269 701 198 170
108: 159 110
109: 353 298
110: 2105
111: 2315 120
112: 1241 1115 225
113: 2149 2104 1837 1667 1273 1174 917 272
114: 2161 2137 1772 1193 1053 931 523 416 355 309 130
115: 931 127
116: 1109 576
117: 1154 430 319
118: 2465 2136 1854 1710 726
119: 1727 345 202 167 150
120: 2361 1915 1856 1025
121: 1424 1163 840 594 408
122: 686
123: 1210 654 458 410 350 208 205
124: 1851 455 385 356
125: 498 394 313
126: 2013 1662 1300 692 453 403
127: 2082 2004 1833 1634 1313 547 497 173 158
128: 2338 676 465 343 246
129: 2005 1436 1123 1063 172 171 141
130: 2378 1189 618 561 300
131: 1130 893 637 496
132: 2252 890 753 217
133: 2315 785 664 506
134: 2115 2026 1232 377 165
135: 2368
136: 2246 945 512 481 253
137: 2202 1668 1498 1417 1247
138: 1713 484 305 278
139: 2315 2136 2121 1734 911 726 231
140: 2161 355
141: 2356 2325 1546 1304 1262
142: 477 318 294
143: 2290 760
144: 1845 1453
145: 2216 1940 1743 1587 727 371 287 256
146: 147
147: 2314 1895 1841 1628 1627 1398 845 756 415 322 168
148: 741 653 186
149: 2414 2201 2015 1119 935 250
150: 981 275
151: 1469 368
152: 1141
153: 1375 1295 860 610 490 185
154: 868 302 236 232
155: 624 192
156:
157: 2488 2272 2130 1723 1229 234
158: 2085 1924 848 822 794 788 431
159: 2367 1661 1134 588 429
160: 565 456
161: 2465 1875 1835 705 317 239
162: 2195 2049 1268 1003 750 390
163: 1764
164: 1137 464 189 162
165: 2076 1255 732 249
166: 1692 1686 1561 1319 1015 745 721 499 376
167: 1153
168: 2050 1576 1016 695
169: 2163 2096 2006 1816 1464 241
170: 1075 427 422
171: 1692 233
172: 2337 1610 1556 1512 633
173: 1762 1168 771
174: 2000 1848 1495 752 693 572 188
175: 346
176: 2393 1133 404 178
177: 2372 1178 194 177
178: 304
179: 800 303
180: 2156 329
181: 2460 2411 2098 1628 879 282
182: 1119
183: 998 900
184: 1990 1425 1088
185: 2138 864 578
186: 2459 1712 649 612 354
187: 583
188: 2452 2246 945 512 481 253
189: 2306 1572 928 668 347 299
190: 1992 1394 1311 1122 986 419 310
191: 1120 224
192: 1122 870 830
193: 634
194: 1159 471
195: 2316 1385 1185 1087 910 235
196: 2487 851 638 391
197: 1185
198: 1221 604 229
199: 1425 1027 712 432 223
200: 854 846 559 301 251
201:
202: 1763 242
203: 1264 1153 953 630 577
204: 1903 1832 961 872 284 248
205: 2203 1266
206: 1254 841 307
207: 1354 803 389 335 320
208: 286
209: 2047 1347 1181 964 765 507 411 400
210: 956 227
211: 1859 1762 1168 771
212: 2486 2030 1958 1136 1013 414 393 359
213: 2345 2303 2060 2047 1181 964
214: 539 530
215: 364 361 214
216: 2334 1118 772 460
217: 553 525
218:
219: 1196 657 597
220: 1515 620
221: 1740
222: 1046 728 290
223: 1580 1475 541 220
224: 2180 1103 438 437 423
225: 1724 259
226: 2263 2230 853 288
227: 2332 2318 1942 1452 990 330
228: 1216 405 270
229: 533
230: 1754 1067
231:
232: 1811 1309 682
233: 1976 1632 1359 968 367
234: 1488 700
235: 2299
236: 2080 1431 274
237: 1824 1092 276
238: 1963 1421 1392 795 260
239: 2067 806 733 387
240: 2454 2445 517 486 442 386 336
241: 257
242: 2237 1395 1323 579 505 351
243: 590
244: 1330 1061 988 289
245: 2340 2108 685
246: 1648 1626 757 349 261
247: 280
248: 1857 743
249: 1682 1614 255
250: 324
251: 2429 1511 296
252: 2225 267
253: 2259 2022 1985 1930
254: 1264 697
255: 2184 1033 997 715 425 401 373
256: 2122 802
257: 1945 544
258: 2081 1791 796
259: 2174 2029 1215 693
260: 2326 548 451 392
261:
262: 589 511 418 407
263: 1551 1002
264: 2349 2208 2122 2046 1733 1169 1041 802 268
265: 1271 428
266: 1951 531
267:
268: 1283 1058 663 420
269: 1167 762
270: 1235 939 519
271: 1175
272: 2370 1612 1102 839 645 475 273
273: 2247 831
274: 1944 557
275: 1963 1794 1245 598
276: 338
277: 2005 358 291
278: 849 685 516 413
279: 755
280: 1226
281: 1893 1778 1302 321 293
282: 1767 1360 1162 360
283: 2262 2214 1245 1231 722 717 639 598 314
284: 1800 1538 1166 980 906
285: 2433 1787 1496 1066 1051 960 920 679 625 424 341 292
286: 2186 2045 1640 1074 819
287: 2366 2226 340
288: 472
289: 1872 1146 1080
290: 636
291:
292:
293: 623
294: 1157 370
295:
296: 593
297: 1966 527 439
298: 1728 1467
299: 1670 632
300: 2435
301: 1938 1644 736 399
302: 2441 2189 586
303: 2469 2429 1511 1454 1396 1241 1115 798 549
304:
305: 2239 1126 714 312
306: 2477 1652 468
307: 2246 2186 1640 1074 819 443
308: 450
309: 900
310: 907 396
311: 2256 454
312: 478 441
313: 2069 1649 1648 1626 1585 1572 1102 832 757 645 366
314: 1340 398
315: 822 788
316: 619 509
317: 2060 1256 1116 1004 327
318: 617
319:
320: 1398 1258
321: 2144 1813 719 474
322: 616 487
323: 2247 1276 943 344
324:
325: 1533 674
326: 810
327: 813 488
328: 599 337
329: 2220 1352 979 614
330: 2338 1666 1451 908 676 661 564 465
331: 1394
332: 1488 1047 529
333: 2011 1436 933 763 548
334: 1158 691
335:
336: 1349 722 524
337: 835
338: 1665 1187
339: 2188 470
340: 378
341: 2251 2094 2016 1563 1048 658
342: 1740
343: 2186 1152 742 463
344: 2214 1814 1600 1412 1177
345:
346: 2468 1999 1789
347: 2318 990 565
348: 2337 1610 1512 1172 966 459
349: 2163 483
350: 2371 1559 1492 388
351: 2356 2325 2096 1816 1504 1304 1262
352: 2415 1948 1341 562
353: 1756 1239 1198 1082 421
354: 1750 1355 1331 1106
355: 1995 1909
356:
357: 2350 2233 2144 1893 1813 1778 1302 719 489
358: 1693 702 482 448
359: 849 362
360: 1022 528
361: 1848 572
362: 1743
363: 938 670 521 479 444
364: 1137 973
365: 675 491 397
366: 1425 712 649 612
367:
368: 2322 526
369: 2477 2025 1802 1140 545 515
370:
371: 1287 689
372:
373:
374: 772
375: 2180
376: 1114 1076 513
377: 1222 859
378:
379: 2027 1441 1389
380: 1332 1256 1116 1044 581
381:
382: 867
383: 1841 756 447
384: 862 643
385: 1719 574
386: 1810 1681 1310 434
387: 2300 847 665
388:
389: 502
390: 2008 1958 1853 1337 1136 1039 1013
391: 993 827
392: 1843 710
393:
394: 2294 1864 1823
395: 2242 1292
396: 721
397: 1064
398: 2300
399:
400: 1617 823
401: 1598 944
402: 2448 1607 1059 1018 865 729 713
403: 1524
404: 2361 1915 1856 1025
405: 1961 1522 1437 1433 969 677 461
406: 2321 2043 746 554
407: 2469 1803 1396 798 501
408: 1691
409: 996 568
410: 1675 725 493
411:
412: 2222 1043
413:
414: 2272 2130 1723
415: 672
416: 2191 683
417: 1474 1140 1093
418: 1740
419: 826 609 480
420: 1658 520 508
421: 1491 473
422: 1887 1869 1184 919
423: 1559
424: 522
425: 1636 833
426: 1311 986
427: 1102 645
428: 445
429: 1527
430: 2145
431:
432: 1345
433: 1843 469
434: 2344 1554 435
435: 2480 2218 1889
436: 1774 1298
437: 867
438: 1407 821 538
439: 1639 825 720
440: 976 929 912
441: 2448 2131 1607 1254 1065 1059 1029 873 865 841
442:
443: 2002
444: 2344 1554 546
445: 2328
446: 2424 1625 1160 466
447: 807
448: 1925 666
449: 2143 1235
450: 2216 1940 1587 566
451:
452:
453: 975
454: 1838 1160 626
455: 2366 2226 1962 1928
456: 1279 694
457: 1390 596
458:
459: 2306
460: 2448 2038 1980 1607 1059 865
461: 2121 1734 768
462: 1986 1353 476
463:
464: 1593 1031
465:
466: 2068 1218 573
467: 1131 680
468: 1805 983
469: 1424 840 594 551
470: 2069 1625 1585 537
471: 1904 1880 882
472: 1354 803
473: 1557 1447 984
474: 843
475: 2148 839
476: 2484 1691 1291
477:
478: 2346 2168 2127 946 805
479: 1470 799
480: 1578
481: 2424 2156 744 503
482: 1643 1422 1209 1034
483: 761 494
484: 2459 1712 646
485:
486: 1496 734 587 510
487:
488: 1232 556
489:
490:
491: 2038 1980 815
492: 707 605
493: 1907
494:
495:
496: 1659
497: 2091 1817 1205
498: 2402 1211
499: 2460 2411 1597 889 879 769
500: 1068 662 651
501: 905
502: 1633 901
503: 1412
504: 655
505: 1793
506: 962 514
507:
508: 1618 1062 888 812 808
509: 2262 552
510: 2145 580 555
511: 1696 1537 688
512: 2489 2210 1895 1627 567
513: 2361 1915 1856
514:
515: 2297 1358 1149 615
516: 1565
517:
518:
519: 1740 536
520: 2079 1355 828 818 607
521: 2099 2082 2004 1634 1313
522: 1982 887 535
523:
524: 1608
525: 2293
526:
527: 2457
528: 902
529: 584
530: 1252 1197 918 781
531: 1381 1089
532: 1308
533: 978 871
534:
535: 1851 866
536: 2468 1999
537: 1690 696
538: 2227
539: 1494 1124
540:
541:
542: 699 540
543: 1362 711
544: 2387 1876 1365 1329 582
545: 722 639
546: 1923 916
547: 1934 783
548: 934
549: 1502 542
550: 1855 1442
551:
552: 1966 1232
553: 1822 1564 1090 1024
554:
555: 2379 2165 951 687
556: 2271 1984
557: 2314 2091
558: 569
559: 1051 679
560: 1644 787
561: 1350
562: 2483 1000
563: 2064 1192 570
564: 1204
565: 641
566: 1360 1162
567: 1984 1505 1301 1263
568: 2383 924
569: 2158 1704 892
570: 1862 1846 1724
571: 895 650
572:
573: 2173 1916
574: 954
575: 1764
576: 703
577: 1324
578: 647
579: 749 724
580: 1228 1224 1050 877 730
581: 928 621
582: 1648 1626 1081
583: 2205
584: 591
585: 1436 1063
586: 2209 2134 747
587: 1493 874
588: 1759 1108
589: 2327 2069 1847 1585 1386 652
590: 1210
591: 1413 790
592: 1049
593: 2166 2059 1582
594: 1360 1001 856 842 829
595: 2429 1571 1511 608
596:
597: 611
598:
599: 1837 1273 1174 1169 629
600: 1244 698
601: 2347 1768 1091 957
602:
603: 2491 1344
604: 2442 1397 737
605: 2037
606: 767
607: 2492
608: 1901 1819 1238 1072
609: 1969 1071
610: 1694 1637 1577
611: 2036
612: 1815
613:
614: 2195 2049 750
615: 1895 1627
616: 622
617: 2485 791
618: 1789 776
619: 922 834
620: 1380 613
621: 1838 656
622: 678 659
623:
624: 786 627
625: 2037
626:
627: 797 735
628: 2196 2148
629: 1489 1243
630: 1799 1473
631: 2486 1057
632: 1668 1498 1417 1247
633:
634: 704
635: 731
636: 1299
637: 2358
638: 1678 1597
639:
640: 1147
641: 1783
642: 1895 1627
643: 1558 1144
644: 1259
645: 1878 952 876 681
646: 2087 1933
647: 1609
648: 850
649: 1689 1069 863
650:
651: 1038 1036
652: 1763 1707
653: 709
654: 708
655:
656: 875
657:
658: 671
659: 1958 1398 1136 1013
660: 1996
661: 2164 1983
662: 1978
663: 2300
664:
665: 1448
666:
667: 1328 1135
668:
669: 2149 2104 1667
670: 794 758
671: 2358 1459
672: 1718 915 751
673: 1668 1498 1166
674:
675: 2040 1482
676: 1368
677: 1834 1825 1408
678:
679: 950
680: 2267 1654
681: 2068 1218 837
682: 2466 1290
683: 690
684: 2397 1590 817
685: 782
686: 2320 774
687: 923
688:
689: 2180 2002 1103
690: 1556
691: 1386
692: 2078 1679 838
693: 1012
694: 1549 894
695: 2310 2057 1098
696: 2080 1431 1281
697:
698: 1507 1191
699: 1363
700: 2474 1689
701: 991
702: 1265
703: 2242 946 805 773
704: 1186
705: 1485 836
706: 2249
707: 2259 1930
708: 2181 1456 1020
709: 2262 1231
710: 2207 913
711: 718
712:
713:
714:
715: 1812
716: 2401 2028 1414
717: 858 716
718: 1335 996
719:
720: 1776
721: 1325
722: 1808
723:
724: 2275 1148
725: 1581
726: 1491
727: 941 816
728: 855
729: 2298 1680
730: 1288 989 927
731: 1719
732:
733: 1066 920
734: 2198 1010
735: 1738 1646 1096
736: 739
737: 2421 1316 886
738: 2336 1443
739: 1289
740: 1773
741: 1601 1366 1364 881
742:
743:
744: 1365 1329 1173 754
745: 1246 801 793
746: 2356 2325 1546 1304
747: 2340
748: 2148 1095 1086 932
749: 1192 738
750: 811
751:
752: 809
753:
754: 792
755: 2029 1215
756: 804
757: 2441 2189 1643 1209
758: 930 779 759
759: 1503
760:
761: 955
762: 1054 1042
763: 1180 766
764: 1907 1887 1869 1837
765: 2025 2018 1802
766: 2080 1431 1008
767: 2181 2172 1957 1873 1555 1553
768: 764
769: 871
770: 2319 1979 1910 1151 1055
771: 2365 974
772: 2030 1435 1280
773:
774: 1480
775: 2333 1536 1379
776: 1603 1261 1070
777: 1766 1138
778: 1721
779: 1021
780: 1384
781: 1399 977
782: 965 884
783:
784:
785: 1111 1007
786: 2452 2237
787:
788: 2208 2183 1881 1100
789:
790: 1826
791: 2318 2034 1586
792: 1023
793:
794:
795: 1917
796: 1615 820
797: 2308
798: 2234 1629 1314
799: 1906
800: 2220 1352
801:
802:
803: 1376
804: 1890 985
805: 1355
806:
807: 2464 2083 1127
808:
809: 2405
810: 2250
811: 1731 991
812: 1525
813:
814: 1009
815:
816:
817: 1596
818: 2265
819: 1899 1032
820: 1327 824 814
821: 2353
822:
823: 1286 1170
824: 1468 1040 1006 898
825: 2159 1964 1161
826:
827:
828: 2301 1867 1410
829: 1434 903
830:
831: 1238
832: 1156
833: 1497 1083
834: 844
835: 1987 1465 926
836: 1751
837:
838: 1125
839: 1927
840:
841: 2175 1663
842: 1502
843: 891
844:
845: 2434
846: 971 936
847: 1715
848:
849: 1368
850: 1078
851:
852:
853: 1973 1951 1939 1539 987 982
854: 2118 2012 869
855: 2316 1385 1176
856: 1207
857: 940
858:
859: 2367 1661 992
860: 1840 1179
861: 1956
862: 1631 1401 1259 1107
863: 2084 1056
864: 1506 1028 880
865: 1849
866:
867: 2177
868:
869: 2479 2041 1336 925
870:
871: 2451 1320
872: 1858
873: 1842
874:
875: 921 909
876:
877: 953
878:
879:
880: 2409 1294
881: 2457 1339
882:
883:
884:
885:
886: 2092
887: 897
888: 1920 1129
889: 1982
890: 2178 1104
891: 1852 942
892:
893:
894: 1706 1440
895:
896:
897: 2290
898: 1014
899: 2002 1674 1541
900:
901: 2302 1821 1705
902:
903: 1248
904: 1566 948
905: 2132 1017
906: 2169 2063
907: 2343
908: 2346 2279 2168 2127 1732 1635
909: 1796 1641 1589 1477
910: 1567 1267
911: 1526
912: 2468 1999 1630 1445
913: 2212
914: 2336
915: 2095 1765 1570 1348
916: 1172
917: 2490
918:
919: 1203
920: 1085
921: 2373
922: 1545
923:
924: 1624
925: 1487
926:
927: 1871
928: 2125
929: 1582
930: 1814 1600 1177
931:
932:
933:
934: 1714
935:
936: 1844 1809
937: 1418 1019
938:
939: 2290 963
940: 1514
941: 1113
942: 2093 1030
943: 2369
944:
945: 1190
946:
947:
948:
949: 1861
950: 1462 958
951:
952:
953:
954: 2329 1457
955:
956: 1037
957:
958: 2446 1616 1219
959:
960:
961: 1402 1378 1084
962:
963:
964: 2395
965:
966: 2064
967: 2352 2287 2030 1850 1435
968: 1746
969:
970: 1717
971: 1374
972: 1278
973:
974: 1697
975: 2480 2218
976: 2413
977: 2447
978: 1466 1405 1367
979: 2408 1972 1035
980: 1220
981:
982:
983:
984:
985:
986: 1912
987: 1696 1537
988: 2334
989:
990:
991: 1891
992: 2265 2137
993: 1199
994: 2060 1647
995:
996: 994
997: 2157 1894
998: 1994 1321 1277
999: 1117
1000:
1001: 1419
1002: 2236
1003: 2288
1004:
1005:
1006: 999
1007: 1725 1501 1182 1097
1008: 1516
1009:
1010: 1391
1011: 1449
1012:
1013: 2258
1014: 1677
1015: 2073 1045
1016:
1017: 2058 1164
1018: 1073
1019: 1760
1020: 1818 1326
1021:
1022: 1701
1023:
1024: 1628
1025: 2301
1026: 1798
1027: 1324
1028: 1188
1029: 1882 1128
1030: 1217 1139
1031: 1921 1430
1032:
1033:
1034:
1035: 1630 1445 1315
1036:
1037: 1415
1038: 1372
1039: 2228 1429
1040:
1041: 1989 1978
1042:
1043: 2484 1155
1044: 1807
1045:
1046: 2488 1806 1508
1047: 1932 1544 1303
1048:
1049: 2466 1988 1827 1486 1250
1050: 1904 1880 1327
1051:
1052: 2190 2182 1911
1053: 2154
1054:
1055: 1929 1513 1112
1056:
1057: 1846
1058:
1059:
1060: 2416 2221
1061: 1749 1530 1426 1377 1240
1062: 2346 2168 2127
1063: 1274
1064: 2070 1779 1195
1065: 2403
1066: 1997
1067:
1068:
1069: 1685 1460
1070:
1071: 1101
1072:
1073: 1686 1319
1074: 1143
1075: 1165
1076:
1077: 1317 1142
1078:
1079:
1080: 1371
1081:
1082: 1171
1083: 2106
1084: 1606
1085: 1748 1444
1086: 2051 1830 1439 1257
1087: 1400 1312
1088:
1089:
1090: 1896
1091: 2277
1092: 2015
1093:
1094: 2066
1095: 2319 1356
1096: 1409
1097:
1098: 1994
1099: 1801 1573
1100: 1660
1101: 2114
1102: 2156 1225
1103:
1104: 2326
1105:
1106:
1107: 1406
1108: 1745
1109:
1110: 2282 1383
1111:
1112:
1113: 2032
1114:
1115: 1666
1116:
1117: 1183
1118: 2013 1662
1119: 1761
1120:
1121:
1122: 2404 1839 1194
1123: 1965 1236
1124:
1125:
1126: 2074
1127: 1504
1128: 1227 1145
1129: 1739 1253 1150
1130: 2313 2133 1671 1550
1131: 1833
1132: 2231 2031 1877
1133:
1134: 1208
1135:
1136:
1137:
1138: 2135 1275
1139: 1976 1632 1359
1140:
1141: 2255 1583
1142: 1657
1143:
1144: 2075 2056
1145: 2241
1146: 1991
1147: 1998
1148:
1149:
1150:
1151: 2456 2257
1152: 2129
1153:
1154:
1155: 2278
1156:
1157: 1777 1471
1158:
1159: 1919 1521
1160:
1161:
1162:
1163:
1164: 1785
1165:
1166: 1689 1591
1167:
1168: 1369
1169:
1170: 2385 2280 1318
1171:
1172: 1926
1173:
1174:
1175:
1176:
1177:
1178: 2299 1285
1179:
1180: 2187
1181:
1182:
1183: 1393
1184:
1185: 1757
1186:
1187: 1863 1483 1223
1188: 1201
1189: 1200
1190:
1191: 1552
1192: 1708 1305
1193:
1194: 1860
1195: 1416
1196:
1197:
1198: 1558
1199:
1200: 2123 1260
1201: 2461 1423
1202:
1203: 2235
1204: 2348 1361 1343
1205:
1206:
1207:
1208: 1547 1306
1209: 2451 2274 2023
1210:
1211:
1212:
1213:
1214: 2192
1215: 1729
1216: 1698 1520
1217:
1218:
1219:
1220: 2010
1221: 1478 1334
1222: 2461
1223:
1224: 1707
1225: 1927
1226: 1568
1227: 2022 1985
1228:
1229: 1790
1230:
1231:
1232:
1233: 1427
1234: 2256
1235: 1322 1251
1236: 2172 1957 1873 1762
1237:
1238: 1510
1239:
1240: 1716
1241: 2096 1816
1242: 1726 1382
1243: 2065
1244:
1245:
1246:
1247: 1428
1248: 2389 1730
1249: 1898 1752
1250: 2353
1251: 1829 1579
1252:
1253:
1254: 2269 2048 1831
1255: 1463
1256:
1257: 2396
1258: 1438
1259: 1726
1260:
1261:
1262:
1263: 2401 2028
1264: 2339
1265: 2141 1476
1266: 2366 1988 1827 1486
1267:
1268: 2419 1684
1269: 2424 1770
1270:
1271: 2206 2039
1272: 2151
1273:
1274: 1373
1275:
1276:
1277: 2110 1517
1278: 1432
1279: 2102 1623
1280:
1281: 2019 1599
1282:
1283: 1592
1284: 1993 1747
1285: 2253 2119
1286: 1914
1287: 1455
1288: 1946
1289: 2393
1290: 1974
1291:
1292:
1293: 1387
1294: 1404
1295:
1296: 1450
1297:
1298: 1689 1346
1299:
1300:
1301: 1658
1302:
1303: 1673
1304:
1305:
1306: 1588
1307: 2111 1604
1308: 1479
1309: 1669 1351
1310:
1311: 1458
1312: 2425 2147 1370
1313: 2194
1314: 1519
1315:
1316: 1563
1317: 1602
1318: 2312
1319: 1540 1523
1320:
1321:
1322: 1879
1323: 2216 1940
1324: 2488 2375 1638
1325: 1703 1388
1326:
1327: 1780 1484
1328: 1753
1329: 1461
1330:
1331: 2363
1332:
1333: 2362 1892 1784 1782
1334:
1335: 2483 1633
1336: 2322 1804
1337: 2335
1338:
1339:
1340:
1341: 1528
1342: 2432 2399 1868
1343: 2295
1344: 2215
1345:
1346: 2201
1347:
1348:
1349:
1350: 2384
1351: 1922 1595
1352:
1353: 2437
1354: 1403
1355:
1356:
1357: 2351 2231 2031
1358:
1359: 1357
1360: 1905 1611
1361: 1650
1362: 2433 2044 1971
1363:
1364: 1840
1365:
1366: 2170
1367:
1368: 2254
1369: 2436
1370: 1953 1490
1371:
1372:
1373:
1374: 2033
1375:
1376: 1941
1377:
1378:
1379: 2018 1499
1380:
1381: 2196
1382:
1383: 1971
1384:
1385:
1386:
1387: 2260 2155 2105 1622
1388:
1389:
1390: 2024
1391:
1392: 2007
1393: 2476
1394: 2112
1395:
1396: 1562
1397:
1398: 2273 1711
1399: 2011
1400:
1401:
1402: 1862 1584
1403: 2120
1404:
1405: 2375
1406:
1407: 1529
1408:
1409: 2297
1410:
1411:
1412:
1413:
1414:
1415:
1416: 1720 1531
1417:
1418: 2380
1419: 2212
1420:
1421: 1798
1422:
1423: 1755 1699
1424: 1500
1425: 2053
1426:
1427: 1700 1532 1472 1446
1428:
1429:
1430: 1744
1431: 1866
1432: 2211
1433: 2414
1434:
1435: 1621
1436:
1437:
1438:
1439:
1440: 2281 1736
1441:
1442: 1605
1443: 2444
1444:
1445: 1695 1481
1446: 1702
1447: 1653
1448:
1449:
1450:
1451:
1452:
1453: 1742
1454:
1455: 2441 2189
1456:
1457:
1458:
1459:
1460:
1461: 1970
1462:
1463:
1464: 2376
1465:
1466:
1467:
1468:
1469: 2264 1535
1470: 2100 1918
1471:
1472: 2438
1473: 2179 1574
1474:
1475:
1476: 1852
1477:
1478: 1938
1479: 1947
1480:
1481:
1482: 2045
1483: 2392
1484: 1959
1485:
1486: 2352
1487: 1548
1488: 1672
1489:
1490:
1491:
1492: 2090
1493: 2099 1949
1494:
1495:
1496:
1497: 1828
1498: 1560
1499:
1500: 1922
1501: 2238
1502: 2289
1503:
1504: 2450 1931
1505:
1506: 1788 1737
1507:
1508:
1509:
1510:
1511:
1512: 2417 1897
1513: 2481 2162 2126 1908
1514:
1515:
1516:
1517: 2366 2226 1642
1518:
1519:
1520:
1521:
1522: 2150
1523: 2190 1620
1524:
1525: 2323
1526:
1527:
1528: 2355
1529:
1530:
1531:
1532: 2053
1533: 1905
1534:
1535:
1536:
1537: 2330 1955
1538: 2274 2023
1539:
1540: 2442 2055 1975 1888
1541:
1542:
1543:
1544:
1545:
1546:
1547: 2311 1651
1548: 2001
1549:
1550:
1551: 1656
1552:
1553:
1554:
1555: 1786
1556: 2394
1557:
1558: 2308 1758
1559:
1560:
1561:
1562: 2317
1563: 1824
1564:
1565: 2453
1566: 1613
1567:
1568:
1569: 2234
1570:
1571:
1572:
1573:
1574: 1954
1575:
1576: 2124
1577: 1870
1578: 2052
1579:
1580:
1581:
1582: 2139
1583: 2357 2353
1584:
1585:
1586: 1741
1587:
1588:
1589: 2418 1676
1590:
1591:
1592:
1593:
1594:
1595: 1797
1596:
1597: 2167
1598:
1599:
1600:
1601: 1874
1602:
1603:
1604:
1605: 1745
1606: 2117
1607:
1608:
1609: 2098
1610:
1611:
1612: 2452
1613:
1614: 1769
1615: 2408
1616:
1617: 2232
1618:
1619: 2223 2128
1620:
1621:
1622:
1623: 1923
1624:
1625:
1626:
1627: 2326 2103
1628: 2359
1629:
1630: 2381
1631:
1632:
1633:
1634:
1635:
1636:
1637:
1638:
1639: 1688
1640:
1641: 2197 1722
1642: 1792
1643:
1644: 1975 1888
1645:
1646:
1647:
1648:
1649:
1650:
1651: 2360 1884
1652:
1653: 2410
1654:
1655:
1656:
1657: 1709
1658: 2292
1659:
1660: 2400
1661:
1662:
1663:
1664: 2458
1665: 1781
1666:
1667: 2106
1668: 2014
1669:
1670:
1671:
1672:
1673:
1674:
1675: 1687
1676: 1683
1677:
1678: 2042
1679:
1680:
1681:
1682: 1771
1683: 2193
1684: 2475 1735
1685:
1686:
1687:
1688: 1943
1689:
1690: 1960
1691:
1692: 2350 2233
1693:
1694:
1695:
1696:
1697: 1900
1698: 2270
1699: 2217
1700:
1701: 2378
1702:
1703:
1704: 2388
1705: 1950
1706: 1865
1707:
1708: 2170
1709: 2284
1710:
1711:
1712: 2020
1713: 2035
1714:
1715:
1716:
1717: 2302
1718:
1719: 2054
1720:
1721:
1722:
1723:
1724:
1725:
1726:
1727:
1728: 2277
1729: 2013
1730:
1731:
1732:
1733:
1734:
1735: 2174 1883
1736:
1737:
1738:
1739:
1740:
1741:
1742: 1820
1743: 2213
1744: 2307
1745:
1746: 2493
1747: 2224
1748:
1749:
1750:
1751:
1752: 1949
1753:
1754: 2245
1755:
1756:
1757:
1758: 1981
1759:
1760:
1761: 2021
1762:
1763:
1764:
1765:
1766:
1767: 2009
1768: 2003
1769:
1770: 2140
1771:
1772:
1773:
1774:
1775:
1776:
1777:
1778:
1779:
1780:
1781:
1782:
1783: 1968
1784:
1785: 2470
1786: 2449
1787: 2153
1788:
1789:
1790: 2062
1791:
1792:
1793:
1794: 1913
1795:
1796:
1797:
1798:
1799:
1800:
1801:
1802:
1803:
1804:
1805:
1806: 2463
1807: 2113
1808:
1809: 2109
1810:
1811:
1812:
1813: 2071
1814:
1815: 2283 2248
1816: 2157
1817:
1818:
1819:
1820:
1821: 2420
1822:
1823:
1824:
1825:
1826:
1827: 2017
1828:
1829:
1830:
1831:
1832:
1833:
1834:
1835: 2342
1836:
1837: 1936
1838:
1839: 2398
1840:
1841:
1842:
1843:
1844: 2264
1845: 1986
1846:
1847:
1848:
1849: 2291
1850: 2219
1851: 1937
1852:
1853:
1854:
1855:
1856:
1857:
1858: 2244 2152
1859:
1860:
1861:
1862:
1863:
1864:
1865: 2324
1866:
1867:
1868:
1869:
1870: 2354
1871: 2495
1872:
1873:
1874:
1875: 2373 2169
1876:
1877:
1878: 2088
1879:
1880:
1881:
1882:
1883:
1884:
1885:
1886:
1887:
1888:
1889:
1890:
1891:
1892:
1893:
1894: 1977
1895:
1896: 2276
1897:
1898:
1899:
1900:
1901:
1902:
1903:
1904:
1905: 2101
1906:
1907: 2061
1908:
1909:
1910:
1911:
1912: 2107 1967
1913:
1914:
1915:
1916: 2243
1917:
1918:
1919:
1920:
1921:
1922:
1923:
1924:
1925:
1926:
1927:
1928:
1929: 2384
1930:
1931:
1932:
1933:
1934:
1935:
1936:
1937:
1938: 2089
1939: 2384
1940:
1941:
1942:
1943:
1944: 2200
1945:
1946:
1947:
1948:
1949: 2478
1950:
1951: 2146
1952: 2386 2097
1953:
1954:
1955:
1956:
1957:
1958:
1959:
1960:
1961:
1962: 2296
1963:
1964: 2185
1965:
1966:
1967:
1968:
1969:
1970:
1971:
1972:
1973:
1974: 2494 2379
1975: 2351
1976: 2266
1977:
1978:
1979:
1980:
1981:
1982:
1983:
1984:
1985:
1986: 2382
1987: 2072
1988: 2142
1989:
1990:
1991:
1992: 2331
1993:
1994:
1995:
1996:
1997:
1998:
1999:
2000:
2001:
2002:
2003:
2004:
2005:
2006:
2007:
2008:
2009:
2010:
2011:
2012:
2013:
2014:
2015:
2016:
2017:
2018:
2019:
2020:
2021: 2077
2022:
2023:
2024:
2025:
2026:
2027: 2229
2028:
2029:
2030:
2031: 2440 2364
2032:
2033:
2034:
2035: 2430 2309
2036:
2037:
2038:
2039:
2040:
2041:
2042:
2043:
2044:
2045:
2046:
2047:
2048:
2049:
2050:
2051:
2052: 2116
2053:
2054:
2055:
2056:
2057:
2058:
2059:
2060:
2061:
2062:
2063:
2064:
2065:
2066: 2385
2067:
2068:
2069:
2070:
2071:
2072:
2073:
2074:
2075:
2076:
2077:
2078: 2455
2079:
2080:
2081:
2082:
2083:
2084:
2085:
2086:
2087:
2088:
2089:
2090:
2091:
2092:
2093:
2094:
2095: 2171
2096:
2097:
2098:
2099:
2100:
2101:
2102:
2103:
2104: 2343
2105:
2106:
2107:
2108:
2109:
2110:
2111:
2112: 2305
2113:
2114:
2115:
2116:
2117:
2118:
2119:
2120:
2121: 2391
2122:
2123:
2124:
2125:
2126:
2127:
2128:
2129:
2130:
2131:
2132:
2133: 2423
2134:
2135:
2136:
2137:
2138:
2139:
2140:
2141:
2142:
2143: 2204
2144:
2145:
2146:
2147:
2148:
2149:
2150:
2151:
2152:
2153:
2154:
2155:
2156: 2204
2157:
2158:
2159:
2160:
2161: 2286
2162:
2163:
2164:
2165:
2166:
2167:
2168: 2389
2169:
2170:
2171: 2496
2172:
2173:
2174:
2175:
2176:
2177:
2178:
2179:
2180:
2181: 2268
2182:
2183:
2184:
2185:
2186:
2187:
2188:
2189: 2240
2190: 2390
2191:
2192:
2193:
2194:
2195:
2196:
2197: 2261
2198:
2199: 2462
2200:
2201:
2202:
2203:
2204:
2205:
2206:
2207:
2208:
2209:
2210:
2211:
2212:
2213:
2214:
2215:
2216:
2217:
2218:
2219:
2220:
2221:
2222:
2223:
2224:
2225:
2226:
2227: 2426
2228:
2229:
2230:
2231:
2232: 2377
2233: 2471
2234:
2235:
2236:
2237:
2238:
2239:
2240:
2241:
2242:
2243:
2244: 2412
2245:
2246:
2247:
2248:
2249:
2250:
2251:
2252:
2253:
2254:
2255:
2256:
2257:
2258:
2259:
2260:
2261:
2262:
2263:
2264:
2265: 2374
2266:
2267:
2268:
2269:
2270:
2271:
2272:
2273: 2443
2274:
2275:
2276:
2277:
2278:
2279:
2280:
2281:
2282:
2283:
2284:
2285:
2286:
2287: 2467
2288:
2289:
2290:
2291:
2292:
2293:
2294:
2295:
2296:
2297:
2298:
2299:
2300:
2301:
2302:
2303:
2304:
2305:
2306:
2307:
2308:
2309:
2310:
2311:
2312: 2422
2313:
2314:
2315:
2316: 2472
2317:
2318:
2319:
2320:
2321:
2322: 2406
2323:
2324:
2325:
2326:
2327:
2328:
2329:
2330:
2331:
2332:
2333:
2334:
2335:
2336:
2337:
2338:
2339:
2340:
2341: 2407
2342:
2343:
2344:
2345:
2346:
2347:
2348:
2349:
2350:
2351:
2352:
2353:
2354:
2355:
2356:
2357:
2358:
2359:
2360:
2361:
2362:
2363:
2364:
2365:
2366:
2367:
2368:
2369:
2370:
2371:
2372:
2373:
2374:
2375:
2376:
2377:
2378:
2379:
2380: 2427
2381:
2382:
2383:
2384:
2385:
2386:
2387:
2388:
2389:
2390: 2439
2391:
2392:
2393:
2394:
2395:
2396:
2397:
2398:
2399:
2400:
2401:
2402:
2403:
2404:
2405:
2406:
2407:
2408:
2409:
2410:
2411:
2412:
2413:
2414:
2415:
2416:
2417:
2418:
2419:
2420:
2421:
2422: 2482
2423:
2424:
2425:
2426:
2427:
2428:
2429:
2430:
2431:
2432:
2433:
2434:
2435:
2436:
2437:
2438:
2439:
2440:
2441:
2442:
2443:
2444:
2445:
2446:
2447:
2448:
2449:
2450:
2451:
2452:
2453:
2454:
2455:
2456:
2457:
2458:
2459:
2460:
