1: 2545 1458 376 2 1
2: 1678 436 302
3: 609 468 465 33 31 26 21 14 4
4: 2846 2480 2404 1645 1637 1164 870 452 391 63 25
5: 2265 1905 1502 1467 1260 1201 993 857 663 576 565 531 427 116 73 56 53 36 28 16 10
6: 2993 2889 2648 2263 2245 2060 1823 1680 1525 1313 1304 1253 1177 1115 658 642 575 322 321 221 219 74 23 17 15 6 3
7: 2986 2846 2619 2480 1645 1637 1164 584 452 403 391 228 212 207 44 41 30
8: 2176 1066 887 486 271 269 265 38 24 5
9: 663 565 56 36
10: 2129 128 117 42
11: 2846 2762 2480 2373 1645 1637 1387 1164 1062 452 391 44 11 8
12: 1264 1207 720 65 59 9
13: 2265 1731 1596 1201 1002 913 427 73 28 7
14: 2853 2533 2436 1852 1584 1559 850 584 531 30 12
15: 2489 39 13
16: 1925 1369 697 220 195 140 135 57
17: 2820 690 217 20
18: 2890 1805 1676 1653 945 362 85 67 66 55 52 51 34
19: 1138 896 511 58 19
20: 2986 2674 2619 2388 2078 1364 1217 1017 663 565 22
21: 2388 1217 22
22: 1549 1404 1145 862 696 508 451 318 100 45 35 27
23: 2435 1618 1519 1032 993 864 829 262 116 79 53 18
24: 2858 46
25: 1347 701 633 446 250 242 222 60
26: 653 174 101 93 70
27: 2792 2453 2284 2077 1892 1861 1287 1068 709 569 286 251
28: 2548 1715 1356 400 137 43 40 29
29: 2993 2686 2658 2648 2452 1823 1783 1253 950 694 675 602 373 267 221 170 156
30: 2777 1956 1847 1468 1157 1031 821 572 47
31: 2811 2250 1232 983 745 464 266 155 80
32: 2307 1815 1401 1213 1185 835 412 147 111 102 89
33: 2476 1805 1653 67 66 52 51
34: 442
35: 1435 1058 193 91 54
36: 2820 2794 2253 2090 1704 1429 1337 1286 1179 910 820 307 217 158 37
37: 1404 862 64
38: 2123 1524 666
39: 2867 2304 1390 1371 1094 683 562 32
40: 2928 2794 1704 910 820 669 616 218 112
41: 2556 2139 1861 1705 1287 1199 1081 424 419 286 251
42: 2641 48
43:
44:
45: 1337 1286 1179 158 107
46: 2253 2176 2111 2090 1066 887 851 756 486 331 307 269 261 75
47: 1895 1692 587 157 143
48: 1275 1000 558 50
49: 1511 385 243 146
50: 2602 2172 180 72
51: 583 428 167 87
52: 1512 136 90
53: 324 268
54: 2287 551 298 183 153
55: 700
56: 2819 537 284
57: 2358 1729 1223 525
58: 2589 2064 1021 571 517 503 366 172 121 49
59: 1728 1618 864 79
60: 2993 2648 1823 1253 221 170 156
61: 1209 159 98 61
62: 1095 958
63: 2755 1592 619 119
64: 897 345 336 94
65: 1559 850 422 132
66: 69
67: 2132 611 553 166
68: 2213 201 113 62
69: 1803 639 383 381 76
70: 374
71: 891 888 343 315
72: 1776 1463 1305 470
73: 1568 895 162 92 68
74: 1293 684 370
75: 1937 1447 1432 700
76: 1965 105
77:
78: 1150 823 816
79: 1415 811 414 334 88
80: 531 279 84 77
81: 2275 1509 437 114
82: 1134 367 103
83: 2287 1501 551 348 298 159 106 98 81 71
84: 2834 2259 1781 717 550 320 203 86
85: 2330 2063 1519 1038 1032 971 829 784 589 580 457 313 200 78
86: 745
87: 2307 1815 1213 412 82
88: 2970 2874 2835 2658 1894 1887 1273 473 309 230 168 149 139
89: 305
90: 1420 1348 930 394 248 131 83
91: 2929 1363 1119 1043 938 568 518
92: 199 123
93: 2032 1431 1366 582 386 198 122
94: 2313
95: 2556 1705 1590 1349 389
96: 2134 1845 1246 953 178 96
97: 789 443 133 126
98: 2196 1680 1577 1304 1281 1177 154
99: 2816 2801 2566 2516 2344 1694 1058 542 467 148
100: 1519 1032 829 213
101: 2217 1765 1554 1400 1070 911 730 346 152 144
102: 877 224 115
103: 2139 1081 435 216 125
104: 1073 339
105: 2873 1200
106: 2032 198
107: 2817 2745 2082 1907 1752 1469 1061
108: 1648 706 474 258 240 211 187 182 179 150
109: 2882 2704 2071 1935 1569 1184 1036 969 815 732 609 468 465 95
110: 2728 1928 1518 1505 1398 160
111: 2435 262 127
112: 1697
113: 1099 1075 636 630 561 554 520 445 358 99
114: 2792 2284
115: 1512 1366 122 104 97
116: 559 379 210
117: 2834
118: 1918 1039 860 782 296
119: 2861 2401 1666
120: 2604 359 350
121: 2187 327 141 138
122: 2668 1232 181
123: 662 283 205 190
124: 484 395
125: 2833 2479 1951 1805 1653 1513 1392 1018 975 937 754 545 202 142
126: 1973 459 333
127: 2427 2415 2197 1686 1112
128: 1729
129: 2553 2532 2513 1547 670
130: 1583 1080 407 225 109
131: 2986 2619 207
132: 3000 2943 2435 2433 2414 2084 1355 1056 951 783 272 110
133: 2390 628 294
134: 990 768 625 523 342
135: 2936 2846 2480 2158 1697 1645 1637 1164 1136 760 732 621 323
136: 2239 1786 1395
137: 2770 1952 994 649 364 241
138: 2623 2432 792 738 727 439 233
139: 2731 2494 505 314 108
140: 1629 614 567 396 273 164
141: 323
142: 2479 1951 1513 1283 1018 1014 999 975 963 711 388 124
143: 1111 246
144: 2356 1525 1313 1125 658 642 575
145: 732 716
146: 733 231 151
147: 1115 321
148: 1033 917 232 130
149: 1147 433 134
150: 2565 2198 2111 1029 731 352 196
151: 460 416 360
152: 478
153: 2196 1577 1281 498 244
154: 851 756 331 261
155: 863 369 118
156: 1384 853 606 120
157: 2929 2449 2207 2137 2043 1481 1043 1012 843 705
158: 1511 385
159: 1833 209
160: 2562 1680 1304 1177 717 320 129
161: 2747 2069 2059 1757 1557
162: 2891 1978 1137 317
163:
164: 2685 2581 2363 1975 1298 299 229
165: 2536 2426 2305 1763 1508 1014 1008 999 382 264 171
166: 214 194
167: 897
168: 2304 1654 475 455 453
169: 1145 508 451 311 145
170: 2199 2158 1983 1136 760 578
171: 1169 884 303 169
172: 1095 208 163
173: 631 173
174: 2999 1859 1849
175: 1970 1651 239
176: 2817 1907 1225 689 595 431
177: 1817 1609 1415 811 506
178: 1976 833 596 306
179: 907 598 392 223
180: 2714 449 184
181: 1905
182: 2073 281 197
183: 1351 227
184: 1300 1174 707 444 297 236 161
185: 2555 1416 1133 982 863 773 574 438 369 188
186: 2732 2431 2403 1670 1643 1536 318
187: 2936 1454 556 278
188: 2999 2491 581
189: 2267 519 387
190: 2484 1131 579
191: 2623 738
192: 384 249
193: 1520 1515 319 192
194: 1765 1162 270 165
195: 875 456 256
196: 2777 1956 1847 1468 572 287 263 247
197: 2861 2187 1861 1666 1405 1287 1189 641 330 175
198: 1409 914 534 482 189
199: 2173 1837 1831 1108 746
200: 2893 2390 1211 294
201: 2674 2200 1017
202: 1640 1198 800 499 490 176
203: 2433 1056 951 783 272
204: 969 529
205: 2802 1947 335 226
206: 2320 865 349
207: 1532 593 434
208: 2811 2216 1640 1583 1316 1198 1080 983 800 535 499 490 464 301
209: 2196 1577 1281 571 517 503
210: 2997 709 569 177
211: 822 418 185
212: 2353 1777 1720 1096
213: 957 191 186
214: 1197 766
215: 1045 597
216: 2959 2822 2127 1452 841 380 316
217: 2359
218: 882 673 644 409
219: 2455
220: 1283 963 388
221: 2357 1521 1228 1109 1028 290
222: 2822 1452 393 375 338 274
223: 997 747
224: 2271 2213 1887 729 626
225: 2327 402
226: 2623 1654
227: 2908 2320 865 647 349 312
228: 2802 2522 1942 1751 1190 703 509 472 345 336
229:
230: 2848 1832 1289 1267 763 681 672 618 524
231: 2934 2323 275
232: 1611 1488
233: 2384 1088 238
234: 2698
235: 1688 1657 1430 235
236: 2164 2093 1610 552 300
237: 2878 1545 1158 466
238: 2435 1960 1697 1586 204
239: 291
240: 1190 215
241:
242: 1549 927 702
243: 2229
244: 2928 616 206
245: 1331 918 363 253
246: 2816 2566 2133
247: 2478 2217 1590 1400 1070 730
248: 804 237
249: 354
250: 748 413
251: 2322 2279 1404 1391 1237 1110 1027 968 962 877 862 615 586 462 430
252: 1110 365
253: 1779 420 341
254: 351
255: 2305 1508
256: 2026
257: 1794 1129 991
258: 2739 2271 2216 2190 1591 1483 1362 1316 535
259: 2777 1956 1944 1847 1563 1468 634
260: 934 852 295 245
261: 1863 1240 480
262: 2280 1756 869 408 234
263: 1535 432 426 377
264: 2674 1231 1017 759
265: 2975 2818 2261 1620 1594 1383 1346 378
266: 1001
267: 2820 1731 1596 1419 1072 1002 913 831
268:
269: 2118 1991 1644 875
270: 2682 1965 1606 1489 1449 1360 1208 1135
271: 2728 932
272:
273: 2877 2830 1624 1433
274: 1194
275: 2943
276: 2063 971 580 313
277: 1728 371
278: 1932 1426 1363 1325 1122 1119 1048 774 650
279: 827
280: 1023 543
281: 2674 1623 1017
282:
283:
284: 1967 1753 986 712
285: 1330
286: 1455 981 361
287: 2384 1551 1531
288: 1801 1194 881 536 533 532 328
289: 2219 1528 415
290: 2257 794 585 398 310 285
291: 2802 1283 1197 1089 1084 963 766 388 259
292: 2384
293: 2573 1348 394 280
294: 1562
295: 2940 2745 2326 2208 2117 1941 972
296: 2980 1428 1306
297:
298: 2068 936 260
299: 2948 1403 622
300: 2891 1137 252
301: 2662 1860 809 803 779 776 704 257
302: 544 344
303: 1891 1143 612
304: 2224 340 277
305: 846 617
306: 998 397
307: 424 419
308: 2357 1521 293
309: 1942 599 555 368
310: 1649 1635 824 751
311: 2091 1669
312: 1132 594 255
313:
314: 2971 2817 1907 1225 689 595 431
315: 3000 2219
316:
317: 2892 608 600 404
318: 2720 1059 588 325
319: 1302 1279 448
320: 863
321: 2654 1910 1320 356
322: 2031 1484 847 739
323: 2584 1744 1601 1149
324: 326
325: 2373 1802 1062 417 411 347
326: 1589 1410 1269 1249 987 734 695 494 304
327: 332
328: 948 471
329: 1398 476 288 254
330:
331: 289
332: 1581 1462 777
333: 2132
334:
335: 2781 2552 624 512
336: 1849 276
337: 2479 1951 1513 1018 975
338: 2099 1959 1431 1044 794 687 582 488 441
339: 2709 2246 740
340: 2283 2281 538 282
341: 2157 1450 1224 308 292
342: 2241 1034
343: 2467 1888 793
344: 1810
345: 2159 871 405
346: 2996 2948 1485 1403 691 622 539
347: 629 399
348: 2101 1996 674
349:
350: 2528 2195
351: 1150
352: 2322 1846 1523 1391 1237 1027 615
353: 2199 2078
354:
355:
356:
357: 2157 1450 667 357
358: 855
359: 947 925 329
360: 1259 390
361: 1212 692
362: 1194
363: 1174
364:
365: 2686 1783 602
366: 2732 2628 1794 1092 991
367: 1463 817
368: 2266 867 495
369: 1184 501 469
370: 2227
371: 1802 411
372: 2889 2263 2245 2060 353
373: 1363 1119
374:
375: 2723 2635 1701 590 516 497 355 337
376:
377: 1976
378: 2143 489
379: 1265 492
380: 2158 1136 760 621 421
381: 808 798 493 447
382: 2975 2818 2414 2261 1594 898 768 625 570
383: 2178 1820 1576
384: 1809 656
385: 2279 430
386: 2522 1751 472
387: 2870 2299 2184
388: 2027 1417
389: 819
390: 2989 1664
391: 2704 2071 1935 1569 1036 815
392: 1810
393: 2078 483
394: 1811
395: 2439
396: 521
397: 2867 1680 1390 1371 1304 1177 1094
398: 1407
399: 2346 2018 1895
400: 1317 892 372
401: 1498
402:
403: 2685 1671 795
404: 2081 699
405: 2436 2428 2318 2202 1964 1584 1202
406: 2797 1098 637 541
407:
408: 2804 1738 1559 833
409: 645
410: 2948 2782 2322 2058 1403 1391 1237 1105 1027 622 410
411: 1283 963
412: 2168 1921
413: 1639 1210 807
414: 2377 1681 718 607
415: 1927 1869 1792 1282
416: 2853 1852 528
417: 1312
418: 467
419: 2432 792
420: 2802 1317
421: 2772 1329
422: 461
423: 807 769
424: 2152 1479
425:
426: 703 509
427: 2360 2318 2202 1964 1202
428: 2217 1400 1070 730
429: 2642
430: 725
431: 2478 832
432: 1444 680
433: 2273 1435 719
434: 2995 2443 2271 1362
435: 2204 1942 1533 879 423
436: 2069 2059
437: 2834 2235
438: 1692
439: 1782 791
440: 1065 905 605
441: 1429
442: 1959 1191 687
443: 2432 948 425
444:
445:
446: 724
447: 973 665 481
448: 1924 1784 1120 1020 1011 949
449: 1373
450:
451:
452: 2827 2739 2451 2192 2190 1769 1706 1591 1483 1477 1098 637
453: 2118 1644 485
454: 2068 936 564
455: 530
456:
457: 1499 401
458:
459: 1999
460: 2891 2449 1542 1354
461: 2612 2279 1764 646
462: 406
463: 2112 735
464: 2436 1584 458
465: 2774 1950 814 693
466: 1294 500 479
467: 2900 2778 2375 1829 1658 1130 866
468: 1990
469: 2467 2456 1888 818 721
470: 1959 1044 687 440
471: 2861 1666 477 450 429
472: 2597 1367
473: 2853 1852
474: 1568 895
475: 1324
476: 1268 549
477: 2240 1580
478: 1127 996 954
479:
480: 2434
481: 610 504
482: 908
483:
484: 805 710 546
485: 526
486: 1386
487: 2195 1731 1596 1002 913 640
488: 1748 1522 1255 1123 728
489: 2869 1737 1341 775
490: 2831 2608 1457 708 454
491:
492: 515 510
493: 2124 844
494: 1864 1113 842 722
495: 1610
496: 1330 781
497:
498: 2640 1775
499: 2769 2382 2075 761
500: 2495 1868 1350 802 527
501: 2389 664 513
502: 2013 463
503: 2330 1700 654
504: 2282 1673 487
505: 2709
506: 1606 1208 1135
507: 2980 2979 2270
508: 1295 1142 979
509: 2933 2369 2329 2262 1605 1455 1308 981 916 502
510: 1595 1473 659
511: 548
512: 1091
513:
514: 1021 560
515: 1663 682
516: 2099 603
517: 2765 2410 2282 1883 1673 1406
518: 2403
519: 840
520: 2979 2270
521: 2093
522: 2257 1010 736 577
523:
524: 2404 632
525: 1885 1280 1187 1171
526: 491
527: 2367 627
528: 2329 1605 1308 916
529: 2692 1812 1567 1427 1106 1097
530: 1115
531: 2589 1611 1488 1487
532:
533: 2452 1745 950 547
534: 2118 1750 1644 1394
535: 2906 1992
536: 970 946
537: 1075 561
538: 2786 2131 1886 1247
539: 1788
540: 2317 2128 1724
541: 1887 1668 1155 1085 1042 780 507
542: 1784 1120 496
543: 1029
544:
545: 2988
546:
547: 1437
548: 886 873
549:
550: 2907 1898 1861
551: 2169 988 522
552: 1762 743 514
553: 2365 1683
554:
555:
556: 1677 1153 902
557: 2766 2364 2168
558: 1861 1287 591
559: 2527 1358
560: 1958 1638 1332 737
561: 601
562: 1464
563: 2739 2190 1591 1483 785
564: 1722 679 540
565:
566: 1118
567: 1261 1101
568: 2634
569: 1788 1015 638
570: 2192
571:
572:
573: 2671 1492
574: 566
575:
576: 2913 2005 623
577: 1046
578: 1960 1586
579: 2172 786 715
580:
581:
582: 2738 2603 648
583: 2713 2458 1083
584: 1725 876
585: 2015
586: 1834
587: 2401 1353
588: 2833 1298 903
589:
590:
591:
592: 2765 1883 1192
593: 1812 1567 1106
594: 685
595: 941
596: 758 573
597: 2948
598: 2426 1763
599: 2576 2304 1690 825
600:
601: 2178 778
602: 837
603: 2880
604: 2671 926 742
605: 938
606: 2711
607: 2658
608: 1448
609: 2822 2739 2663 2556 2337 2255 2190 1705 1452 1199
610:
611: 651
612: 1731 1596 1273 1002 913
613: 1965 933 563
614: 1327
615: 2878 1545 1158 1045 597 557
616: 2414
617:
618: 2163 678 652
619:
620: 661
621: 2558 2470 2383 1060
622: 2521 1357 790
623: 2719
624: 1118 899
625: 2709 2004
626: 2638 1467
627: 2982 854 604
628: 1445
629: 1446
630: 2961 2945 2854 698
631: 1258 1063
632: 1921 1846 1523
633: 1430 1141
634: 1932 1426 1325 1122 1048 774
635: 1181 1175
636: 2827 1769 1706 788
637: 2879 2634 2334 858
638: 1109
639:
640: 952
641: 1224
642: 2786 2131 1886 686
643: 1873 1731 1596 1180 1051 1002 913
644: 1552 1374
645: 1345 1104
646:
647:
648:
649: 2191 1555 1365 1078 1067
650: 1708
651: 2182
652: 1285
653: 1474
654: 2273 956 719
655: 2285 1974 1699 1252 1064
656: 2481
657: 2882 1933 1822 1702
658: 726 592
659: 2850 2544 2264 1456
660:
661:
662: 1355
663: 1685
664: 2616
665: 2946 836
666: 2628 2196 1092
667: 2093 826
668: 764
669:
670: 2609 2277 1903
671: 1794 991
672: 2221 1980 1333 1041 812
673:
674: 643
675:
676: 2428 1295 1142 979
677: 657
678: 1927 1869 1792 1282
679: 2555 773
680: 757 660
681: 1777 1096 655
682: 2081 1453 613
683: 2214 2073 2061 1949
684:
685: 2429 2050 1966 676
686: 1810 1188 894 834
687: 2716 1895 1344
688: 2656 810 620
689: 767
690: 1940 1714 1472
691: 2514 1541 1319
692: 1114
693: 2613 1793 1524 755
694: 1057
695: 2962 2862 2121 2052 1422
696: 2343 1040 904 889
697: 2856 1844 677
698: 2066 1254 985
699: 1634 1593 878
700: 2406 1314
701: 2573 1348 861
702: 2908
703: 1564
704: 707
705:
706: 2660
707: 2662 1860
708: 2418
709:
710: 2603 2068 943
711: 2451 1477 688
712: 2593 2465 1379 868 771
713: 1343 1323
714: 2944
715: 939 796 765
716: 1957 1274 801 635
717: 1885 1280 912
718: 714
719: 995
720: 2012 1244 1234
721: 2014
722: 2533 2103 1938 668
723: 2657 1934 1841 1424
724: 2243 1227
725: 2057 935
726: 2876 671
727: 989
728: 2496 1482 923 901
729: 2476
730: 2207 2137 2043 1481 1364
731: 2942 1773 1570
732: 2085
733: 2512 1617 997
734: 1093
735: 2516 1895
736: 2732
737: 920
738: 2470 2383 1726 1530 961
739: 2455 2157 1450 1152
740: 853
741: 2121
742: 2682 1361 1173
743: 2490 1204
744: 2376
745: 2113
746:
747: 762
748: 2350 1984 1229
749: 940
750: 2445
751: 2357 1521
752: 2959 2551 2519 2127 1712 1290
753:
754:
755: 2736 2405 1035
756: 2452 2171 2094 966 723
757: 977 744
758: 1873 1051
759: 2797 1425 978 965
760: 1370
761: 2866 960
762:
763: 923
764: 1166 749
765: 1722
766: 1607
767: 1920
768: 1634
769:
770: 1575 984
771: 1242 992 839 713
772: 2931 1650
773: 1671 1128
774:
775: 2961 2945
776: 1241
777: 1005 964
778: 2443 1074 770
779: 1262
780: 845
781:
782:
783: 1619
784: 2947 2760 2156 1755 1451 849
785: 2760 2678 2631 1944 1899 1755 1480 1310 900 848
786: 1464
787: 1343
788: 931
789: 1698 890 838
790: 1821
791: 1352 752
792: 2046 1024 922
793:
794: 2724 1931
795: 2563 2053 1235
796:
797: 1116
798: 1186
799: 2807 2430
800: 1292
801: 2803 1117
802: 874
803: 1796 1560 1494
804: 2729 2542 2012 1276 1234
805:
806: 830
807: 2611 2508 2183
808: 2785
809:
810:
811: 2802 806 799 753
812: 2855
813:
814:
815: 2175
816: 2336 1739
817: 2694 1689
818: 1548 974
819: 959 906
820:
821:
822: 955
823: 741
824: 2403
825: 2520
826: 2403
827: 2766 2364
828:
829: 2524 1945 1019
830: 2738 1979
831:
832:
833: 1943 1723
834: 2278 2138 1004
835:
836: 2604
837: 2533 750
838: 2392 1718
839: 1564 1102 883
840: 1768
841: 2780 1506 1086 1007
842: 2491 1746
843: 2978 2150 942 787
844:
845: 2804 1603
846: 2415 1686 772
847:
848: 2863 1082
849: 1953 1154
850:
851: 1863
852: 2039
853: 2639 2256 1534 1303 1161
854: 1336 1271
855: 2180
856: 1496 1423
857: 2971
858:
859: 2858 2702
860: 1151
861: 1375 1107
862: 813
863:
864:
865:
866: 2630
867:
868: 2331 2210
869:
870:
871: 929
872:
873: 2324
874: 2915 2571
875: 1030
876:
877: 1818
878: 1649 1635
879: 2366 1278 1203
880: 2332 797
881: 1814 1434 1322
882: 2486 1872 1537 1466
883: 2211 1071 915
884: 2446 2252 2065 872
885: 2712 2579
886: 2040
887: 1088
888: 2704 2266 2071 1935 1906 1569
889:
890: 2098 1628
891: 1659 1263 828
892: 2133 1311 1013 859
893: 924
894: 1835
895: 2081
896: 1182 856
897: 2855
898: 2516
899: 2206 1047
900:
901: 2773
902: 2922
903: 2209
904: 2623 1221 1009
905: 967
906: 2960
907:
908:
909: 2356 1125
910: 1277 893
911: 2086 1889
912: 2762 1387
913: 880
914:
915: 2565 2198
916: 1991
917: 1561
918: 2770 2745 2082 1952 1752 1678 1648 1469 994
919: 1747
920:
921:
922:
923:
924: 2960
925: 2036 1550
926: 2832 2225 1338
927: 1807
928:
929: 2134
930: 2966 1090 1037
931:
932:
933: 1054
934: 2741 2731 2683 2140 1902 1359 1193
935:
936:
937: 1385
938: 2659 2606 2037
939:
940: 2632
941: 1972
942: 1882 1656
943: 1389 1121
944: 2315
945:
946: 2879 2612 2400 2334 1764 1415
947: 1478
948: 2520 2169 1251
949: 2580 2452 2151 2093 1006
950:
951: 2917
952: 928
953: 2400
954: 1514 1003
955: 2257 1315 944
956: 2657 1841 1424
957: 1016
958: 1196 1103
959: 2167
960: 2423 1998 1233
961:
962: 2981
963:
964: 2281
965:
966: 2246
967: 2924 2884 2744
968: 1291
969:
970: 2363 885
971: 2920
972: 1124 1076
973:
974: 1418 1205 919
975: 2978 2150
976: 1600
977:
978:
979: 1625 1146 1069
980: 921
981: 2486 1537 1466
982: 2728
983: 1544
984: 1543
985:
986: 2633 2025 1516 1339
987: 2562 1796 1560 1494
988: 2123
989: 2946
990:
991: 2836
992: 2003
993:
994: 2521 1357 1148 909
995: 1288
996: 2392
997: 1460
998: 2796
999: 2585 1998 1233 976
1000: 2146 1646 1266
1001: 2463 2388 1238
1002: 1500 1459
1003:
1004: 2509 2459
1005: 1868
1006: 1593
1007: 2033
1008:
1009:
1010:
1011: 1140 1126
1012: 2838 1808
1013: 1865
1014: 1785 1055
1015:
1016:
1017: 2449
1018:
1019:
1020: 2841 980
1021:
1022: 2882 1822
1023: 2970
1024: 2038
1025:
1026: 2473 1674
1027: 2206
1028: 2966
1029: 2989 1664
1030: 2092
1031: 2755 1592
1032: 2858
1033: 2633 2025 1788 1516
1034:
1035:
1036: 2526 1049
1037:
1038: 1408
1039: 1399
1040:
1041: 2220 1819 1490
1042: 2591 1908
1043: 1790
1044: 1438 1025
1045:
1046:
1047:
1048:
1049: 2431 1670 1643 1536
1050:
1051:
1052:
1053:
1054:
1055:
1056: 1172 1100
1057:
1058: 1517
1059: 2248 1230
1060: 2067
1061: 1219
1062: 2242 1156
1063: 1745
1064: 1022
1065: 1930
1066: 1256
1067: 1381
1068:
1069:
1070: 2045
1071: 2399 1165
1072: 1721 1079
1073:
1074:
1075:
1076:
1077: 2312 2141 1168
1078: 2758 2319
1079: 2737 2466
1080:
1081:
1082: 2243 2017
1083:
1084:
1085:
1086: 1264
1087:
1088: 2976
1089: 1299 1160
1090:
1091: 2967 2898
1092: 1053
1093:
1094: 1554
1095: 1662
1096: 1754 1572 1239
1097:
1098: 2367 1026
1099: 1713
1100: 2235 1857 1806 1296 1077
1101: 2958
1102:
1103:
1104: 2636 1250
1105:
1106: 1825 1598 1183
1107: 1693
1108: 1139
1109: 2448 1335
1110: 1276
1111: 2683 2140 1902
1112:
1113: 1754
1114: 1851 1087
1115: 2900 2375
1116: 1946 1411 1167
1117: 2249
1118:
1119: 2919 2864 2076
1120: 2591 1661
1121: 1195
1122: 2736 2405 1527
1123: 2668 1214
1124: 2618
1125: 1715 1326
1126:
1127: 1588
1128: 2244 2041
1129: 1665
1130: 2115
1131: 2778
1132: 2391 1633 1626
1133: 1176
1134: 1573
1135:
1136:
1137: 1052
1138: 1928 1518 1505
1139:
1140: 2528 1900 1050
1141: 2274
1142:
1143:
1144: 1526
1145: 2779
1146: 1163
1147:
1148: 2845
1149: 2201 2083
1150: 2175
1151: 1778
1152:
1153: 2992 2759
1154: 2361
1155:
1156: 1558 1397
1157:
1158:
1159: 1655
1160:
1161: 1351
1162:
1163: 2237 2001
1164:
1165: 2726 1328
1166: 2226 1465 1248
1167:
1168: 1919
1169: 2294 1382
1170: 2959 1999 1565
1171:
1172:
1173:
1174: 2851 1880 1774
1175: 1486 1216
1176: 1798 1696
1177:
1178:
1179: 2286 2144
1180: 2024
1181:
1182: 2339 1915
1183: 2080
1184:
1185: 2233 2034
1186: 2679 1340
1187: 1170
1188: 2019
1189: 1623
1190: 2905 1503 1439
1191: 2482
1192:
1193: 1243
1194: 1740
1195: 1955 1604 1215
1196: 3001 2290 1507
1197:
1198:
1199:
1200: 2006
1201: 2512 1617
1202:
1203: 1218
1204: 1321
1205: 1159
1206:
1207: 1222
1208: 2638 1830
1209:
1210: 2441 2247 1441
1211: 2651 2610
1212:
1213: 1574
1214: 1876 1220
1215: 2971 2035
1216: 1722
1217: 2023 1236
1218: 2997
1219: 1602 1144
1220: 1826
1221:
1222: 2947 2156
1223: 2697
1224:
1225:
1226:
1227: 2492 2333 2170 1632
1228: 2289 1749
1229:
1230: 2764 1301
1231: 2664 2196
1232: 2705
1233:
1234: 1679
1235:
1236: 2919 2864 2551 2076 1491 1206
1237:
1238:
1239:
1240: 1719
1241: 2675 1368
1242: 2646 1178
1243:
1244: 1767 1297
1245: 1742
1246: 2386 2104
1247:
1248:
1249: 2993 2648 1850 1226
1250: 1257
1251: 1824 1789 1272
1252:
1253: 2738 2528
1254:
1255: 2176 1741 1318
1256: 1954
1257:
1258: 2454 1270
1259: 1761
1260: 2798 1493
1261: 2205 1710
1262: 2600 1495
1263: 2408
1264: 2814 2539
1265: 2491
1266: 2879 2473 1674
1267:
1268: 2814 2539 1540
1269: 1342
1270: 2722 1245
1271: 2502
1272: 1672
1273: 2395 1735
1274:
1275: 1372
1276: 2634
1277: 2116
1278: 2030 1826
1279: 1671
1280: 1284
1281:
1282: 2815 2223
1283: 1307
1284: 1612
1285: 2100
1286: 1638
1287: 2029
1288: 2784 1553
1289: 1410
1290: 2653
1291: 2072
1292: 2884
1293:
1294: 1787 1760
1295:
1296: 1660
1297:
1298:
1299: 1853
1300: 2431 1597
1301:
1302: 2564 2181
1303: 2337 1884
1304:
1305: 2423
1306: 2393
1307:
1308:
1309: 2500
1310: 1838
1311:
1312:
1313: 2790
1314: 2865
1315: 2381 1582 1376
1316:
1317:
1318: 2360
1319: 2197 1766 1476
1320: 2639 2256
1321: 2435
1322:
1323: 2684
1324:
1325: 2347
1326: 2523
1327:
1328: 2275 1509 1388
1329:
1330: 1571
1331: 1717 1443
1332: 2554 1641
1333: 2912 2660 2053
1334:
1335: 1771
1336: 2795 2051
1337: 2679
1338: 1378 1309
1339:
1340: 1497 1334
1341: 1461
1342:
1343: 1741
1344:
1345:
1346:
1347: 2161
1348: 2750
1349: 1380
1350: 2172
1351:
1352:
1353: 2505
1354: 2710
1355: 2348
1356: 2234
1357: 2952 2887 2829 2645 1396
1358: 2728 1840
1359:
1360: 2746
1361:
1362: 1733
1363:
1364: 1870
1365: 2186
1366:
1367:
1368:
1369: 1539
1370: 2396 1421
1371:
1372: 2545
1373:
1374: 2490 1901
1375: 1546
1376: 1579
1377:
1378: 2503 2002 1616
1379: 1470
1380: 2457 1578
1381:
1382:
1383:
1384: 2419 2107
1385:
1386: 2255
1387: 2045 1393
1388: 1627 1622
1389:
1390:
1391: 2310
1392: 2841 2301
1393: 1412
1394: 2438
1395: 1402
1396:
1397: 2925 2162 1842
1398:
1399:
1400:
1401: 2836 2601
1402: 1780
1403:
1404:
1405:
1406:
1407:
1408: 2064 1414
1409: 2877 2830
1410: 1682 1587
1411: 2991
1412: 2704 2193 1848
1413:
1414:
1415: 2064
1416:
1417: 2049 1836
1418:
1419: 1529
1420: 2846 2480 2445
1421: 2009 1913
1422: 2130 2047 1504
1423:
1424: 2497 1827
1425:
1426:
1427:
1428: 2935 1377
1429: 2923
1430:
1431:
1432:
1433:
1434:
1435: 1475
1436:
1437: 2402
1438: 1436
1439:
1440: 1911 1896
1441:
1442:
1443: 1440
1444:
1445: 1711
1446: 2530
1447: 1647
1448: 1718
1449: 2489
1450:
1451:
1452: 1758
1453: 2927
1454:
1455: 2453
1456: 1556
1457: 2570 2560 2135 1988
1458:
1459: 1442
1460: 2074
1461: 2204
1462: 1642 1413
1463: 2909 2637 2515 2308
1464:
1465: 2136 1615
1466: 2268
1467:
1468: 2614 2070 1948 1691 1614
1469: 1736
1470:
1471: 1471
1472:
1473:
1474: 2175 1636
1475:
1476: 1828 1734
1477: 2768
1478: 2471
1479:
1480: 2122
1481:
1482:
1483:
1484: 2958 1797
1485: 2606 2037
1486:
1487:
1488: 1703
1489: 1997
1490: 2269
1491: 2232
1492:
1493: 2729 2542
1494:
1495:
1496: 1879
1497:
1498:
1499:
1500:
1501:
1502: 1981
1503:
1504: 2007
1505: 2788 2468
1506:
1507: 2583 1939
1508: 1799
1509:
1510: 2338
1511: 2870 2854 2557
1512: 2306 1538
1513:
1514: 2581
1515:
1516:
1517:
1518: 2692
1519:
1520:
1521:
1522:
1523:
1524:
1525:
1526: 2416
1527:
1528: 2872 2547
1529:
1530: 1707
1531: 2763 2487
1532: 1510
1533:
1534: 1759
1535:
1536: 1709
1537:
1538:
1539:
1540: 2238 1566
1541: 2868
1542:
1543:
1544:
1545:
1546:
1547:
1548: 1675
1549: 2296
1550:
1551: 1968
1552:
1553: 2054
1554:
1555: 1732
1556: 2925 2162
1557: 2700 2177
1558:
1559:
1560:
1561: 2663 2337 1585
1562:
1563:
1564:
1565:
1566: 2096
1567:
1568: 1813
1569: 2598 1631
1570:
1571:
1572: 2411
1573: 2563
1574:
1575:
1576: 2398
1577:
1578: 2022
1579:
1580: 1770
1581: 2949
1582: 1917 1912 1909 1613
1583:
1584: 1986
1585: 2543
1586: 2309 1630
1587:
1588:
1589: 1743 1652
1590: 2077
1591:
1592:
1593: 2153 1914
1594: 2048
1595:
1596:
1597:
1598: 2425
1599: 2801
1600:
1601: 1791
1602:
1603: 1961
1604: 2622
1605:
1606: 1599
1607: 2594
1608:
1609: 2977 2483 2295
1610:
1611: 1898
1612:
1613: 1962
1614: 2362 2325
1615: 2715 1856 1608
1616: 1621
1617:
1618:
1619:
1620: 1893 1772
1621: 1795
1622: 2558
1623:
1624: 1989
1625: 2860
1626: 2387 2374
1627:
1628: 1993
1629:
1630:
1631: 2440 1973
1632:
1633:
1634: 2211
1635: 2632
1636: 2524
1637:
1638: 2684 1727
1639:
1640:
1641: 2661
1642:
1643:
1644:
1645: 2008
1646:
1647: 2145
1648:
1649: 1667
1650:
1651: 1687
1652: 2189
1653: 1695
1654: 2291 2174
1655:
1656: 2193
1657: 1916 1816
1658: 2976
1659:
1660: 1684
1661:
1662:
1663:
1664: 1926
1665: 2617
1666: 2735
1667: 2621
1668:
1669:
1670: 2379 1716
1671:
1672:
1673: 1871
1674:
1675: 1854
1676:
1677: 2324
1678:
1679: 1878
1680: 2676 2119
1681:
1682:
1683:
1684:
1685: 1867
1686: 2260 1875
1687: 2546
1688: 1881
1689: 2042
1690: 2321
1691: 2941 1994 1800
1692: 2693
1693: 2972 2179 1730
1694: 2519 1712
1695: 2906
1696: 2419
1697: 2751
1698: 2727 2673
1699:
1700:
1701:
1702: 2530
1703:
1704:
1705: 2857 1904
1706:
1707:
1708: 2842 2665
1709: 2559
1710:
1711:
1712:
1713: 2975 2818 2261
1714: 2915 2610
1715:
1716:
1717: 2055
1718: 2949
1719: 2965 1855
1720: 2930
1721:
1722:
1723:
1724: 2775 2538
1725:
1726: 2106
1727:
1728: 1804
1729:
1730:
1731:
1732:
1733: 2000
1734:
1735:
1736:
1737: 2120
1738:
1739: 1856
1740:
1741: 2355
1742: 2124
1743:
1744: 2787
1745:
1746:
1747: 2485
1748:
1749: 2412
1750:
1751: 2772
1752: 2258
1753:
1754:
1755:
1756:
1757:
1758:
1759: 2498
1760:
1761: 2222
1762:
1763:
1764: 1922 1862
1765: 1890
1766:
1767:
1768:
1769: 2293
1770:
1771:
1772:
1773: 2444
1774:
1775:
1776: 2957 2953 1977
1777: 2730
1778: 2709
1779: 2020
1780:
1781:
1782:
1783: 2394
1784:
1785: 2582
1786: 1858
1787:
1788:
1789: 2743
1790: 2510
1791: 2016
1792:
1793:
1794:
1795:
1796:
1797: 2215 1897
1798: 2776
1799:
1800:
1801:
1802: 2789 2541 2125
1803: 2105
1804: 2155
1805:
1806:
1807: 2678 2631
1808: 1971
1809: 2983 1843
1810: 2254 1839
1811: 2222
1812: 2370
1813:
1814: 1936
1815:
1816:
1817: 2422
1818:
1819:
1820:
1821: 2476
1822:
1823:
1824:
1825:
1826:
1827: 2531
1828:
1829:
1830:
1831: 1877
1832:
1833:
1834: 2108
1835:
1836: 2188
1837: 2783
1838:
1839:
1840: 2690
1841: 2843 1874
1842: 1929
1843: 2899 2525
1844:
1845:
1846: 2148
1847: 2584
1848:
1849:
1850: 2506 1866
1851:
1852: 2903
1853: 2981 2371
1854: 2646
1855: 2493
1856:
1857: 2607
1858: 2954
1859:
1860:
1861:
1862:
1863: 2620 1995
1864:
1865:
1866:
1867:
1868:
1869:
1870: 2793
1871:
1872:
1873: 1923
1874:
1875: 2917 2473 2174
1876: 2752
1877:
1878:
1879:
1880:
1881: 1987
1882:
1883:
1884:
1885: 2166
1886:
1887:
1888:
1889:
1890:
1891:
1892: 1963
1893:
1894:
1895:
1896:
1897:
1898:
1899: 2666
1900: 2154
1901:
1902: 1969
1903:
1904: 2590
1905: 2911
1906: 2354 1985
1907: 2351
1908:
1909:
1910:
1911:
1912: 2501
1913: 1982
1914: 2447 2126
1915:
1916: 2110
1917: 2812 2011
1918:
1919:
1920: 2235
1921:
1922:
1923: 2796 2450
1924: 2869
1925: 2833
1926: 2114
1927:
1928:
1929: 2808 2087
1930: 2800 2421
1931: 2349 2335
1932: 2044
1933:
1934: 2147
1935:
1936: 2649
1937: 2509
1938: 2474 2303
1939: 2990
1940:
1941:
1942:
1943:
1944: 2667
1945: 2735
1946: 2731
1947:
1948:
1949:
1950:
1951: 2789 2541
1952: 2378 2028
1953:
1954:
1955: 2079
1956: 2693
1957:
1958:
1959: 2507
1960:
1961: 2165
1962:
1963:
1964:
1965:
1966: 2420
1967:
1968: 2149
1969: 2142
1970:
1971:
1972:
1973:
1974:
1975:
1976: 2407
1977:
1978: 2185
1979: 2203
1980: 2588
1981:
1982: 2871
1983: 2300
1984: 2926
1985:
1986:
1987: 2688
1988:
1989:
1990:
1991: 2629 2160
1992: 2575
1993: 2689
1994:
1995:
1996: 2545
1997:
1998: 2951
1999:
2000: 2644
2001:
2002: 2567 2010
2003: 2230
2004: 2531 2457
2005: 2089
2006:
2007:
2008: 2691 2251
2009: 2231
2010:
2011:
2012:
2013: 2218
2014: 2643 2021
2015: 2097
2016: 2972 2179
2017:
2018:
2019:
2020:
2021:
2022: 2228
2023:
2024:
2025:
2026:
2027:
2028:
2029:
2030: 2587 2561
2031:
2032: 2340
2033:
2034: 2624 2062
2035:
2036: 2417
2037: 2413
2038:
2039: 2342 2109
2040:
2041:
2042:
2043: 2469
2044:
2045:
2046:
2047: 2937
2048:
2049:
2050:
2051: 2647
2052: 2302
2053: 2912
2054:
2055:
2056:
2057: 2504 2056
2058: 2837
2059:
2060: 2442
2061:
2062: 2859
2063:
2064:
2065:
2066: 2272
2067:
2068:
2069:
2070: 2102 2088
2071:
2072: 2840 2095
2073:
2074:
2075:
2076:
2077:
2078:
2079:
2080:
2081:
2082: 2802 2288
2083:
2084:
2085:
2086: 2574
2087:
2088:
2089:
2090:
2091:
2092:
2093: 2462
2094:
2095:
2096:
2097: 2194
2098:
2099:
2100: 2550
2101:
2102: 2734
2103: 2316
2104:
2105: 2626
2106:
2107:
2108:
2109:
2110: 2461
2111:
2112: 2820
2113:
2114:
2115:
2116:
2117:
2118: 2380
2119: 2297
2120: 2535 2345
2121:
2122:
2123: 2292
2124:
2125:
2126:
2127: 2586
2128:
2129:
2130:
2131:
2132:
2133:
2134:
2135:
2136: 2799
2137: 2737
2138: 2424 2352 2311
2139:
2140:
2141:
2142:
2143:
2144:
2145:
2146:
2147:
2148:
2149: 2314
2150:
2151: 2910
2152:
2153:
2154:
2155:
2156:
2157:
2158:
2159: 2740
2160:
2161:
2162:
2163:
2164: 2695
2165:
2166:
2167: 2385
2168: 2969 2670
2169:
2170: 2393
2171:
2172:
2173: 2236
2174:
2175:
2176:
2177:
2178:
2179:
2180: 2477
2181:
2182:
2183:
2184:
2185:
2186:
2187:
2188:
2189:
2190:
2191:
2192: 2940
2193:
2194:
2195:
2196:
2197: 2669
2198: 2977
2199:
2200:
2201:
2202:
2203:
2204:
2205:
2206:
2207:
2208: 2839 2298
2209:
2210:
2211: 2994 2939 2672 2212
2212:
2213:
2214:
2215:
2216:
2217:
2218:
2219:
2220: 2901 2549
2221: 2526
2222:
2223:
2224: 2875
2225: 2843
2226:
2227:
2228:
2229:
2230:
2231:
2232:
2233:
2234: 2881
2235:
2236:
2237: 2996 2791
2238:
2239:
2240: 2475
2241:
2242:
2243: 2810 2572
2244:
2245:
2246:
2247:
2248:
2249:
2250: 2464
2251:
2252:
2253:
2254:
2255:
2256:
2257:
2258:
2259:
2260:
2261:
2262:
2263:
2264:
2265:
2266:
2267:
2268:
2269:
2270: 2341
2271:
2272: 2511
2273:
2274:
2275: 2952 2887 2829
2276:
2277:
2278: 2368
2279:
2280:
2281:
2282:
2283:
2284: 2276
2285:
2286:
2287:
2288:
2289:
2290:
2291:
2292:
2293:
2294:
2295:
2296:
2297:
2298:
2299:
2300:
2301: 2756
2302: 2771
2303: 2650
2304:
2305:
2306:
2307:
2308: 2666
2309:
2310:
2311: 2499
2312:
2313:
2314:
2315:
2316:
2317:
2318:
2319:
2320:
2321:
2322:
2323: 2472
2324: 2397
2325:
2326:
2327:
2328:
2329: 2596 2328
2330:
2331: 2677
2332:
2333: 2754
2334:
2335: 2761
2336:
2337:
2338:
2339:
2340:
2341: 2824 2767
2342:
2343:
2344:
2345: 2372
2346:
2347:
2348:
2349: 2733
2350: 2896
2351: 2805 2517
2352:
2353:
2354:
2355:
2356:
2357:
2358:
2359:
2360:
2361:
2362: 2537
2363:
2364: 2409
2365:
2366:
2367:
2368: 2488
2369:
2370:
2371: 2578
2372:
2373:
2374:
2375:
2376:
2377:
2378:
2379:
2380:
2381:
2382:
2383:
2384:
2385: 2707 2680
2386:
2387:
2388:
2389:
2390:
2391:
2392:
2393:
2394: 2694
2395: 2540
2396: 2569
2397:
2398:
2399:
2400:
2401:
2402:
2403: 2828
2404:
2405:
2406:
2407: 2995
2408:
2409:
2410:
2411:
2412:
2413:
2414: 2813
2415:
2416: 2460
2417:
2418:
2419: 2655 2615
2420:
2421: 2717
2422:
2423:
2424:
2425:
2426:
2427: 2721
2428:
2429: 2437
2430:
2431:
2432:
2433:
2434:
2435:
2436:
2437:
2438: 2534 2518
2439:
2440:
2441:
2442:
2443:
2444: 2955
2445: 2943
2446:
2447:
2448:
2449:
2450:
2451:
2452:
2453: 2844
2454:
2455: 2748
2456:
2457: 2706
2458:
2459:
2460:
2461:
2462:
2463:
2464:
2465:
2466:
2467:
2468:
2469: 2964
2470:
2471: 2592
2472: 2753
2473:
2474:
2475:
2476:
2477:
2478:
2479:
2480:
2481:
2482:
2483:
2484:
2485:
2486: 2669
2487:
2488:
2489: 2973
2490:
2491:
2492:
2493:
2494:
2495: 2599
2496:
2497:
2498:
2499:
2500:
2501:
2502:
2503:
2504:
2505: 2806
2506:
2507: 3001
2508:
2509: 2595
2510:
2511:
2512:
2513: 2990 2568
2514:
2515:
2516:
2517:
2518:
2519:
2520:
2521: 2749
2522:
2523:
2524:
2525:
2526:
2527: 2849
2528:
2529: 2687
2530:
2531:
2532: 2688
2533:
2534:
2535:
2536:
2537:
2538:
2539:
2540:
2541: 2529
2542:
2543:
2544:
2545:
2546:
2547: 2886
2548:
2549: 2622
2550:
2551:
2552:
2553:
2554: 2894 2652
2555:
2556:
2557:
2558:
2559:
2560:
2561:
2562:
2563:
2564:
2565:
2566:
2567:
2568:
2569: 2924 2744
2570:
2571:
2572:
2573:
2574:
2575:
2576:
2577: 2826
2578:
2579:
2580:
2581:
2582:
2583: 2984
2584: 2605
2585:
2586:
2587:
2588:
2589:
2590: 2825 2699
2591:
2592:
2593:
2594: 2627 2577
2595: 2718
2596:
2597: 2696
2598: 2742
2599: 2968
2600:
2601:
2602:
2603: 2625
2604:
2605:
2606:
2607:
2608:
2609: 2974 2681
2610:
2611:
2612:
2613:
2614:
2615:
2616:
2617:
2618:
2619: 2857
2620:
2621: 2921
2622:
2623:
2624:
2625:
2626:
2627:
2628: 2708
2629:
2630:
2631:
2632: 2914
2633:
2634:
2635: 2755
2636:
2637:
2638:
2639:
2640:
2641:
2642:
2643:
2644:
2645: 2904
2646:
2647: 2847
2648:
2649:
2650: 2883
2651: 2703
2652:
2653:
2654:
2655:
2656:
2657:
2658:
2659:
2660:
2661:
2662:
2663:
2664: 2823
2665:
2666:
2667:
2668:
2669:
2670:
2671:
2672:
2673:
2674:
2675:
2676:
2677:
2678:
2679:
2680:
2681:
2682: 2725
2683:
2684:
2685:
2686:
2687:
2688:
2689:
2690:
2691:
2692:
2693:
2694:
2695:
2696: 2701
2697:
2698:
2699:
2700:
2701:
2702:
2703:
2704:
2705: 2956
2706:
2707:
2708:
2709: 2932
2710:
2711:
2712: 2757
2713:
2714:
2715:
2716:
2717:
2718:
2719:
2720:
2721:
2722:
2723:
2724:
2725:
2726:
2727:
2728:
2729:
2730:
2731: 2809
2732:
2733: 2916
2734:
2735:
2736:
2737:
2738: 2918 2895
2739:
2740:
2741:
2742:
2743:
2744:
2745:
2746:
2747: 2852
2748:
2749:
2750:
2751:
2752:
2753:
2754:
2755:
2756:
2757:
2758:
2759:
2760:
2761:
2762:
2763:
2764:
2765:
2766:
2767:
2768:
2769:
2770:
2771:
2772:
2773:
2774:
2775:
2776:
2777:
2778: 2985
2779:
2780:
2781:
2782:
2783:
2784:
2785: 2998
2786:
2787:
2788:
2789:
2790:
2791:
2792:
2793:
2794:
2795:
2796:
2797:
2798:
2799:
2800:
2801:
2802:
2803:
2804:
2805:
2806:
2807: 2888
2808:
2809:
2810:
2811:
2812:
2813: 2821
2814:
2815:
2816:
2817:
2818:
2819:
2820:
2821:
2822:
2823:
2824:
2825:
2826:
2827:
2828:
2829:
2830:
2831:
2832:
2833:
2834:
2835:
2836:
2837:
2838:
2839:
2840:
2841:
2842:
2843:
2844:
2845:
2846:
2847:
2848:
2849:
2850:
2851:
2852:
2853:
2854:
2855:
2856:
2857:
2858:
2859:
2860:
2861:
2862:
2863:
2864:
2865:
2866:
2867:
2868:
2869:
2870:
2871: 2885
2872:
2873:
2874:
2875:
2876:
2877:
2878:
2879:
2880:
2881:
2882:
2883: 2897
2884:
2885: 2938
2886:
2887:
2888:
2889:
2890:
2891:
2892:
2893:
2894:
2895:
2896:
2897:
2898:
2899:
2900:
2901:
2902:
2903: 2987
2904:
2905:
2906:
2907:
2908:
2909:
2910:
2911:
2912:
2913:
2914:
2915:
2916:
2917:
2918:
2919:
2920:
2921:
2922:
2923:
2924:
2925: 2902
2926:
2927:
2928:
2929:
2930:
2931:
2932:
2933:
2934:
2935:
2936:
2937:
2938:
2939:
2940:
2941:
2942:
2943:
2944:
2945:
2946: 2963
2947:
2948:
2949:
2950:
2951:
2952:
2953:
2954:
2955:
2956:
2957:
2958:
2959:
2960:
2961:
2962:
2963:
2964:
2965:
2966:
2967:
2968:
2969:
2970:
2971:
2972:
2973:
2974: 2950
2975:
2976:
2977:
2978:
2979:
2980:
2981:
2982:
2983:
2984:
2985:
2986:
2987:
2988:
2989:
2990:
2991:
2992:
2993:
2994:
2995:
2996:
2997:
2998:
2999:
3000:
3001:
3002:
3003:
3004:
3005:
3006:
3007:
3008:
3009:
3010:
3011:
3012:
3013:
3014:
3015:
3016:
3017:
3018:
3019:
3020:
3021:
3022:
3023:
3024:
3025:
3026:
3027:
3028:
3029:
3030:
3031:
3032:
3033:
3034:
3035:
3036:
3037:
3038:
3039:
