1: 202 198 157 98 34 30 1
2: 837 216 136 33 9
3: 750 744 614 599 549 542 494 205 178 104 91 72 57 35 5 2
4: 549 54 32 14 13 4 3
5: 1130 1099 936 864 856 686 672 648 622 342 327 294 187 162 130 120 111 100 59 41 20 12
6: 1113 642 610 600 449 308 171 96 43 18 10 7
7: 1053 661 502 455 442 290 263 194 177 134 114 71 27 21
8: 1311 593 61 26
9: 52 8 6
10: 182
11: 1293 1101 46
12: 1239 674 492
13: 1185 1140 915 819 705 635 480 397 17 15 11
14: 93 69
15: 1095 988 490 357 352 217
16: 341 38
17: 1165 585 454 400 140 133 58
18: 1287 374 65 16
19: 736 402 321 206 139 49 47 24
20: 1118 986 151 74 42 23 19
21: 1303 1023 872 351 150 119 94 63 44 25
22: 883 669 630 610 55
23: 115 67 31 28 22
24: 981 84 60
25: 1067 303 215 118 77
26: 1289 1119 878 840 817 547 410 191 122 75 70 40
27: 1253 505 236 141 86 56 29
28: 1077 902 685 335 126
29: 1216 1181 196 109 101 88 68
30: 908 613 572 458 235 211 202 198 184 157 116 98 53
31: 1253 981 871 853 573 505 342 241 236 161 152 141 86 79 51 37
32: 816 814 36
33: 1121 934 870 672 100
34: 191 122 70
35: 1154 1104 1059 1020 129
36: 366 48
37: 1293 1205 918 842 561 521 39
38: 1260 828 124
39: 949 396 281 90 64 50 45
40: 121
41: 828 698 613 153 124 116
42: 1289 878 817 410
43: 648 622 327 162 102
44: 1307 1120
45: 741 732 513 508 453 349 312 172 62
46: 642 548
47: 1309 1292 1178 1082 1039 742 546 167 113
48: 642 548 446 200 146 97 87 78
49: 1119 698 547 75 66
50: 548 78
51: 750 494 178
52: 921 117
53: 1115
54: 897 243 233 106
55: 1265 173 123
56: 1212 598 125 82
57: 1016 555 385 240
58: 1293 1101 128
59: 1034 722 296
60: 1298 857 362 148 132 108 76
61: 1286 1254 1076 1050 857 406 382 362 268 266 138 92
62: 269 155
63: 120 111
64: 1255 490 398 323 228 227 222 208
65: 619 613 116
66: 127
67: 1199 957 794 737 637 351 150 119
68: 864 423 279 262 261 251 169
69: 1140 502 455 442 290 263 194 134
70: 945
71: 452 212
72: 1303 1292 1251 1082 608 167 135
73: 445
74: 529
75: 981 241 152 105
76: 915 819 705 95 85
77: 1121 934 870 368 199
78: 1218 955 898 781 728 83 73
79: 950 942 496 443 302
80: 815 559 332
81:
82: 998 234 203 163 156 99
83: 919 544 80
84: 1244 723 720 431 250
85: 1221 254
86: 830 451 229 89
87: 1243 1142 717 459 81
88: 386 323
89: 668 264 185 143
90: 1293 338
91: 744 220 144
92: 956 850 786 740 670 616 592 558 270 110
93: 1232 1010 190
94: 283 107 103
95: 149
96: 1095 816 521 389 244 237 112
97: 179 176 145
98: 689 538 131
99: 319 232
100: 596 329 316
101: 1084 772 771 696 586
102: 686
103: 1302 244 237 147 142
104: 572
105: 481 364 213 166
106: 843
107: 1099 936 856 294 187
108: 282 154
109: 1153 1121 934 870 368 310
110: 470 230 210 209 197
111: 533 221 181 160
112: 490 227 222 208 159
113: 168
114: 1275 454 400
115: 249 175
116:
117: 1297 271 193
118:
119: 1205 918 239 189
120: 1004 668 219
121: 587
122: 1212 826 540 260
123: 793 532 529 470 469 419 348 230 210 209 197 165 137
124: 259 245 231
125: 629
126: 614 599 545 542 346 325 207
127: 1107 773 638 441
128: 1119 905 195
129: 1086 1008 192
130: 1095 357 180
131: 1254 1076 268 266
132: 433 170
133:
134: 372 158
135: 1153 649 204
136: 619
137: 976 594 501
138: 703 479 313
139: 884 703 479 380 340 218
140: 164
141: 645 174
142: 514
143:
144: 1205 918 361
145: 963 709 412 258
146: 964 214
147: 1023 816 389
148: 352
149: 457 280 188
150: 478
151:
152: 1295 530 183
153: 1033 904 780 568 420 356 285 248 186
154: 299 201
155: 725 584 553 439 363
156: 1245 392
157: 1031 969 916 226
158: 809 437
159: 1182 460 273 247
160: 575
161: 847
162: 1222 790 672
163: 664 615 466 225
164: 320 315
165: 344 343 284
166: 1268 836 769 394 246
167:
168: 774
169: 369
170: 1085 1004 905 257
171: 772 771
172: 716 353
173: 931 421 401 223
174: 527
175: 1046 242
176: 886 789 693 507 337 291
177: 1251 1068 715 585
178: 727 708
179: 957 637
180: 1154 1104 1077 1059 335
181:
182: 1258 1024 468 252
183: 384
184: 679 525 518 450 426 238 224
185: 823
186: 1109 869
187: 650 399
188: 875 365
189: 1264 314 292
190: 588
191: 569
192: 1105 515
193: 818 795
194: 1251
195: 640 566
196: 800 347
197: 602 512
198: 651 406 382 371 255
199: 1046 1019 576
200: 818
201: 1192 741 732 513 508 349
202: 727 708
203: 1097 1040 906 471
204: 750 494
205: 1220 539
206: 1105 515 509
207: 522 411
208: 1283 1266 1166 938 867 697
209: 840
210: 272
211: 577 523
212: 1068 715
213: 966 322 277
214: 634 436 425 378 358
215: 1134 1033 904 780 579 267
216: 677 305
217: 1048 754 383
218: 683 297
219: 1070 583 253
220: 944 387
221: 644 548
222: 432 409
223: 784 287
224: 726 713 639 339 326 274
225:
226: 1243 581 286
227: 680 656 360 355
228: 256
229: 734 485
230: 1255 935 886 789 488 407 398
231: 589 275
232: 1129 536 345
233: 620 560 370 333 309
234: 510 461
235: 719
236:
237: 1046 955 898 728 418
238: 1161 807 350 298
239: 1162 1056
240: 330 328
241: 1157 894 813
242: 378
243: 753 472
244: 506
245: 636
246:
247: 1203 1182 959 516 460
248: 910 373
249:
250: 1147
251: 822
252:
253: 293 276 265
254: 1294 1232 486
255: 907 424
256: 1218 781 381 304
257: 1271 1064 760 497
258: 701 395 306
259: 462 289 278
260: 1197 787 731 724 666 643 317
261: 812
262: 1178 965
263:
264:
265: 1203 793 532 516 469
266: 634 436 425 324
267: 1107 503 405
268: 1263 654 563 534
269: 758
270: 1220
271: 1137 756
272: 334
273: 336 288
274: 1128 307
275: 393 311
276: 778 295
277: 658 444 300
278: 447
279: 1110
280: 1309 742 546 544 440 415 414
281: 1008 773 638
282: 1290 1177 663 659
283:
284:
285: 912 359
286: 597
287: 774 695 682
288:
289:
290: 404
291: 1199 794 737 301
292:
293:
294:
295: 1296 1006
296: 1129 536
297: 729 331
298: 1062 484 435
299: 993 612 465
300: 1168 607
301: 1042 979 806 591 391
302: 427 318
303: 996
304: 1122
305: 763 524 429
306:
307: 354
308: 1153 1008 649 379
309: 747
310: 413
311:
312: 1262 1159 810 552 390
313: 883 669 610
314: 909 477
315: 1117 692 632 631 504
316: 1225 845 448
317:
318: 903
319: 783
320: 815 559
321: 625
322: 688
323: 695 682
324: 408
325: 887 733
326:
327:
328: 626 422
329: 426
330: 1186 1125
331: 690
332: 1218 781 438 375
333:
334:
335: 885 476 367
336: 556 473
337: 376
338: 1154 1104 1059 1020
339:
340: 653 647 403
341: 1267 595
342: 1209 868
343:
344:
345: 1301 1272 1151 977
346: 787 731 666
347: 893
348: 526
349: 879
350: 606
351:
352: 1114 833 645 609 388
353: 725 584 553 439
354: 1177 659
355: 969 916
356: 662
357: 456
358: 493
359: 537
360: 1023 872
361: 1277 1253 858 717
362: 1096 1094 582 482
363: 1279 930 689 511
364:
365:
366: 829 775 377
367: 633 499
368: 1131 1074
369:
370: 687 603
371: 1284 430
372: 1040 761 646
373: 1246 1133 950 942
374: 943 891
375: 676 578
376:
377:
378:
379: 848
380: 903 652
381: 551
382: 416
383:
384: 487 467
385:
386: 1108 1058
387: 1178 716
388: 908
389: 629 519
390: 1258 1083 729
391: 1091 968 571 528 428
392: 1126 702 562
393: 800 570
394: 923 752
395: 691
396: 1184 892
397: 618
398: 994
399: 982 574
400: 1198
401: 1192 557 464
402:
403: 846
404: 605
405: 1256 483 474 417
406: 939
407:
408: 608
409: 1049 973
410: 1202
411:
412: 564
413: 1213 1193 1051
414: 434
415:
416:
417:
418: 1284 1283 1272 1022 977 671 550
419: 1092 841
420:
421:
422: 1105 981 735
423: 1164
424: 1072
425: 1064
426: 561
427: 922 657 590
428: 972 873
429:
430: 1140 655
431: 565
432: 1188 678 491
433:
434: 924 883 830 739 669
435: 1216 1181 665 463
436:
437: 955 826 540 515 489
438: 1244 864 858
439: 1075 887 733 543 500
440: 498
441: 851 849
442: 1311 1150 593
443: 1302
444: 1098 745 475
445: 1039
446: 1303
447: 788
448:
449: 777
450:
451: 1086
452: 1190 1173 948
453: 1122 839 667
454: 1247 958 517
455: 1195 827 624
456:
457:
458: 1211 1021 863
459: 1007
460: 1237 1206
461: 1249 974 825
462:
463: 926
464:
465:
466:
467:
468: 1098 745
469: 1013 884
470:
471: 1024
472: 1286 1050 711 601
473: 1223
474: 1184 892
475: 1119
476:
477: 1280 1067 1030 495
478: 1190 1173 948
479: 765
480: 802
481: 1049 973
482:
483: 871 853 573
484: 580
485: 1275 768 520
486: 869
487:
488: 738
489:
490: 1026
491: 541
492: 1035 684
493: 805 621
494:
495: 1043
496: 1303
497: 627
498:
499: 1135
500: 1062
501:
502: 567
503: 718
504: 812
505: 611
506:
507: 799
508:
509: 675 660
510:
511: 1239 623 531
512: 1146
513:
514: 1053
515:
516:
517: 1187
518: 946
519: 1055 803
520:
521: 820
522: 928 880
523: 535
524:
525:
526: 1110 933
527: 1096 1094 982
528:
529:
530: 1123
531: 1243 1142
532:
533: 1170 1149 1067 779
534: 978 554
535: 855
536: 1166 938 867
537:
538:
539: 1010
540: 865 831 704
541: 954 757
542: 1168
543: 766
544:
545:
546: 1276 1032 838
547:
548: 759
549:
550:
551: 1183
552: 990 770
553: 1087
554: 909 748
555: 1017
556: 1027 604
557:
558: 801
559:
560: 1262
561: 683
562:
563: 1016 882 681
564: 721
565: 628 617
566:
567: 1202 1147
568: 1185
569: 1297 1285
570:
571: 1298 962
572:
573: 1085
574: 1249 980
575:
576:
577: 1141 641
578: 1228
579: 660
580: 1148
581: 1150
582: 1278 1002
583: 1009
584:
585: 1287 776
586:
587:
588:
589: 1294
590: 1139
591: 1171 1152 1143
592: 1277
593:
594: 808
595:
596: 976
597:
598: 1110
599: 749
600:
601: 730
602: 755
603: 1088 971 706
604: 1011
605: 941
606:
607:
608:
609:
610:
611: 1208 1057
612: 1063 1003
613: 1144 1000 797 700
614:
615: 751
616:
617:
618:
619: 1160 901
620: 899
621: 987
622:
623: 980
624:
625:
626: 1176 929
627:
628: 746
629:
630: 1043
631:
632:
633:
634:
635:
636: 1163
637: 1093 999 984
638:
639:
640: 925
641:
642: 1185 874
643:
644: 859
645: 1306
646: 876 714
647:
648: 1247 958
649: 673
650:
651:
652:
653: 1116
654: 764
655: 792 710
656:
657: 914
658: 1304 707
659: 1111
660:
661: 1261
662: 1045
663: 699
664: 767
665:
666: 1268
667:
668: 712
669: 1234 694
670:
671: 834
672:
673:
674:
675:
676: 952
677:
678: 1037
679: 743
680: 1014
681:
682:
683: 995
684: 900
685: 913
686:
687:
688:
689:
690: 1301 1201
691:
692: 835
693:
694: 791 785
695:
696: 762
697:
698:
699: 1274 824
700:
701: 1214 1155
702: 1204
703:
704: 1112
705: 1194
706: 796
707:
708: 1025
709:
710: 896 890
711: 1283 1022
712:
713:
714:
715: 821
716:
717:
718: 970
719:
720:
721:
722:
723: 1264
724: 1226
725:
726: 986 888
727:
728: 852
729: 1061 782
730: 1211
731: 937 844
732: 811
733:
734:
735:
736:
737:
738: 1235
739: 833
740:
741: 1103 1041 961 866
742:
743: 1283 1246 1133
744: 1089
745: 960
746:
747:
748:
749:
750: 911
751: 1073
752: 1137 967 932
753:
754: 860
755:
756:
757:
758: 877
759:
760:
761: 832
762:
763:
764: 1155
765: 804
766:
767:
768: 1060
769:
770:
771:
772: 1047 798
773:
774:
775:
776: 1169
777:
778: 1146
779: 850
780:
781:
782: 1207
783:
784: 920
785:
786: 1145 991 917
787:
788:
789:
790: 1124
791:
792: 862
793:
794: 1100
795:
796: 889
797:
798:
799:
800:
801: 1081
802:
803: 895
804:
805: 1079
806: 1005
807:
808: 1196
809:
810:
811:
812:
813:
814:
815:
816: 985
817:
818:
819: 1078
820: 1066
821:
822: 1260
823:
824:
825: 1015 854
826:
827:
828: 1044
829:
830:
831: 881
832:
833:
834:
835:
836:
837:
838:
839: 1038 861
840:
841:
842: 1179
843:
844: 1310
845: 1174
846:
847:
848:
849: 1210 1028
850: 1298
851:
852: 1001
853:
854: 1083
855:
856:
857: 975
858:
859:
860: 1069
861:
862:
863: 1036
864: 1118
865:
866: 1233
867: 1029
868:
869:
870:
871:
872: 927
873:
874: 953
875:
876: 947
877:
878:
879:
880: 1052
881: 1191
882:
883:
884:
885: 1189
886: 1065
887:
888:
889:
890: 1171 1143
891:
892: 951
893:
894:
895:
896: 1138 983
897:
898: 940
899:
900:
901:
902:
903:
904:
905:
906:
907: 992
908:
909:
910:
911:
912:
913:
914: 1252
915: 1288
916:
917:
918: 989
919: 1257
920: 1231
921:
922:
923:
924:
925:
926:
927:
928:
929:
930: 1106
931:
932:
933:
934:
935:
936: 1012
937:
938:
939:
940:
941:
942:
943:
944:
945:
946:
947:
948:
949: 1071
950:
951:
952: 1102
953: 1166
954:
955:
956:
957: 1299
958:
959:
960: 1175
961:
962: 997
963:
964:
965:
966:
967:
968:
969:
970:
971:
972:
973:
974: 1217 1200
975: 1273
976: 1019
977:
978:
979: 1236 1018
980:
981:
982:
983:
984:
985:
986:
987: 1224
988: 1294
989: 1186
990: 1127
991: 1180
992: 1300
993:
994: 1054
995:
996:
997:
998:
999:
1000:
1001:
1002:
1003: 1158
1004:
1005: 1305
1006:
1007:
1008: 1132 1080
1009:
1010:
1011:
1012: 1219
1013:
1014:
1015:
1016:
1017:
1018:
1019:
1020:
1021: 1155
1022:
1023:
1024: 1259
1025:
1026:
1027:
1028:
1029:
1030:
1031: 1238 1156
1032:
1033:
1034:
1035:
1036:
1037:
1038:
1039:
1040:
1041:
1042:
1043:
1044: 1221
1045:
1046:
1047:
1048:
1049:
1050:
1051:
1052:
1053:
1054:
1055:
1056:
1057:
1058:
1059:
1060:
1061:
1062:
1063:
1064:
1065:
1066: 1090
1067:
1068:
1069:
1070:
1071:
1072: 1167
1073:
1074:
1075: 1241
1076:
1077:
1078: 1234
1079:
1080: 1295
1081: 1136
1082:
1083:
1084:
1085:
1086: 1269
1087:
1088:
1089:
1090: 1227
1091:
1092:
1093:
1094:
1095:
1096:
1097:
1098:
1099:
1100:
1101:
1102:
1103:
1104:
1105:
1106:
1107:
1108:
1109:
1110:
1111:
1112:
1113:
1114:
1115:
1116:
1117:
1118:
1119:
1120:
1121:
1122:
1123:
1124:
1125:
1126:
1127:
1128:
1129: 1250
1130:
1131:
1132:
1133:
1134:
1135:
1136: 1230
1137:
1138:
1139: 1172
1140:
1141:
1142:
1143:
1144:
1145:
1146:
1147:
1148:
1149:
1150:
1151:
1152:
1153:
1154:
1155:
1156: 1270
1157:
1158:
1159:
1160:
1161:
1162:
1163:
1164:
1165:
1166:
1167:
1168:
1169:
1170:
1171:
1172:
1173: 1240
1174:
1175:
1176: 1229
1177:
1178: 1215
1179:
1180:
1181:
1182:
1183:
1184:
1185:
1186:
1187:
1188:
1189:
1190:
1191:
1192:
1193:
1194:
1195:
1196:
1197:
1198:
1199:
1200:
1201:
1202:
1203:
1204:
1205:
1206:
1207:
1208:
1209:
1210: 1282
1211:
1212:
1213:
1214:
1215:
1216: 1248
1217:
1218:
1219:
1220:
1221:
1222:
1223:
1224:
1225:
1226:
1227: 1242
1228:
1229: 1281
1230:
1231:
1232:
1233:
1234:
1235:
1236:
1237:
1238:
1239:
1240: 1308
1241:
1242:
1243:
1244:
1245:
1246:
1247:
1248:
1249:
1250:
1251:
1252:
1253:
1254:
1255:
1256:
1257: 1291
1258:
1259:
1260:
1261:
1262:
1263:
1264:
1265:
1266:
1267:
1268:
1269:
1270:
1271:
1272:
1273:
1274:
1275:
1276:
1277:
1278:
1279:
1280:
1281:
1282:
1283:
1284:
1285:
1286:
1287:
1288:
1289:
1290:
1291:
1292:
1293:
1294:
1295:
1296:
1297:
1298:
1299:
1300:
1301:
1302:
1303:
1304:
1305:
1306:
1307:
1308:
1309:
1310:
1311:
1312:
1313:
