1: 735 568 274 69 50 3 2 1
2: 2336 545 46 39 32 30 11 4
3: 2323 2045 1203 567 127 40 14 5
4: 2298 1888 1565 1117 943 418 291 112 94 78 60 21 10 9 6
5: 306 156 132 67 7
6: 2173 1285 1224 857 854 826 722 173 172 42 8
7: 2059 1103 798 728 697 498 424 216 133 36
8: 1217 439 372 249 207 99 92 23
9: 2067 1309
10: 714 366 48 44 25 13
11: 1884 1795 1032 987 804 495 86 45 35 28 27
12: 2055 1350 350 257 234 17 12
13: 816 217 55
14: 1929 736 191 177 126 105 58 38 29 15
15: 2208 1915 1538 504 199 87 63 49 34 26
16: 2228 1500 976 516 323 104 100 22 19 18
17: 710 89 52 20 16
18: 2306 2208 2172 2088 2082 1716 1705 1576 1565 1538 1125 1027 971 943 653 483 445 418 291 253 199 94 87 78 63 47
19: 1698 1636 729 630 494 248 226 168 151 145 33
20: 1795 45 35 27
21: 1786 1765 1632 1569 1563 1496 1434 1413 1368 1273 756 687 531 263 24
22: 1993 1288 901 490 235 115
23: 2211 542 176 43
24: 1965 1746 689 208
25: 630 494 335
26: 1936 1192 649 511 416 79
27: 1822 1656 1236 1023 506 486
28: 1729 1388 731 73
29: 912 799 148 91 88 56 37
30: 1979 565 106 65 31
31: 1685 962 560 453 144
32: 1749 1245 1187 233 146 57
33: 1309 302 142 51
34: 2331 1295 1250 845 501 447 422 419 260 245 244 93 41
35: 1856 1774 780 269 236 72
36: 1132 1109 661 111
37: 2184 2082 1716 1641 1455 1413 1368 1273 792 668 614 529 483 475 452 253 202 91 88 61
38: 1539 1050 895 798 766 415 338 250 81
39: 2307 2274 2162 2139 1985 1500 1475 1400 1111 1073 950 751 732 477 461 446 220 197 178 118 116 54 53
40: 2269 980 707 692 107 77
41: 1998 1734 1441 688 550 162 158 121 84 66
42: 1202 1041 1019 981 931 900 890 862 848 665 546 353 267 160 124
43: 1997 1762 1380 973 931 665 319
44: 1431 944 103
45: 2184 1858 1641 1572 792 668 529 202
46: 2228 104 80 75
47: 954 748 741 345 206 155 59
48: 2141 1858 1572 1502 838 532 85
49: 1999 563 68
50: 1888 1873 1786 1765 1472 1117 687 531 467 435 83 74
51: 1472 1228 467 435 163 83 62
52: 1240 845 331 297 240 76
53: 157 117 90 71
54: 677 256 229
55: 1636 226 125 97
56: 399 154 64
57: 1698 729
58:
59: 2291 1976 1685 1535 1374 955 737 453 398 144
60: 1226 484 449
61: 2308 1956 265 198 141 113
62: 70
63: 2173 854 826 722 172 95
64: 128 110
65: 296
66: 2294 1397 767 690 421 323 322 159
67: 2307 1393 178
68: 123
69: 2287 1056 785 552 182 164 138
70: 2140 1831 1808 684 631
71: 2027 1412 373
72: 205
73: 2275 2007 790
74: 2032 1304 448 292 277
75: 540 213
76: 2329 2126 1408 824 349 149
77: 988 114
78:
79: 876 578
80: 2023 1945 1922 1887 1645 1426 1069 936 868 864 572 562 392 385 102
81: 1205 1144 818 82
82: 736 126
83: 669 140 108
84: 100
85: 427
86: 931 822 665 128 110
87: 2130 1004 849 581
88: 122
89: 2123 1729 1593 1494 1388 1095 1037 731 710 308 305 288
90: 1064 293 203
91: 1887 1426 1008 572 505 392 365 102
92: 2252 1040 863 303 212 201 96
93: 1241 899 227
94: 819 101
95: 1914 620 519
96: 2065 2035 1755 1229 1159 1022 791 617 327 317 243
97: 2055 1350 814
98: 1992 1737 1468 928 654 294 219 218 170 166
99: 2341 1675 1647 700 575 179 136
100: 1729 1388 731 295
101: 2155 595 196
102: 2215 720 645 139 98
103: 2275 1699 1137 919 679 324
104: 2323 1749 1440 1330 1187 775 762 740 640 611 597 347 189 119
105: 2103 540 537
106:
107: 1013 406 135
108: 2328 376 185 134
109: 321 313 284 180
110: 1726 709 214 209 169
111: 1500 1073
112: 2269 1356 1318 980 881 707 630 494
113: 744 671 270
114: 219 170
115: 462
116: 1018 948 637
117: 2322 2217 2205 2068 1461 1419 813 610 600 109
118: 1321 211
119: 361
120: 1694 730 716 296 231
121: 332 188 171
122: 2046 1344 1139 129
123: 912
124: 1374 398 301
125: 2240 1536
126: 2298 2204 2128 1525 200
127: 1537
128: 2336 1163 806 711 307 275 174
129: 1873
130: 2294 1526 1474 1025 767 690
131: 1102 175
132: 1112 468 388 318
133: 2161 1686 1176 558
134: 2058 1685 1557 1397 1254 421 322
135: 1826 1715 387
136: 2269 1717 980 834 707 147
137: 2144 1825 1251 1001 471 190
138: 701 533 251 225 120
139: 328 130
140: 1295 1011 315
141: 1767
142: 1606 819
143: 1174 352 351
144: 2045 1645 1431 1343 1203 944 870 736 713 224 195
145: 1781 1704 1636 1565 943 226
146: 1665 1205 1144 1012 818 748 741 441 345 326 206 155
147: 891 873 417 131
148: 1320 183
149:
150: 1627 1520 1334 855 514
151: 1831 290
152: 1321 1245 1196 757 474 356 210
153: 1102 799 591
154: 2327 143
155: 1744 379 355 294 218 165
156: 1786 1765 1192 687 531 263
157:
158: 414 153
159: 2123 1494 1105 1095 1037 721 428 137
160: 1936 649
161: 300
162: 1964 910 161
163: 571
164: 1099
165: 2334 2080 1807 1700 1042 1011 570 401 186
166: 2344 1170
167: 894 193 150
168: 953 492 152
169: 539 384
170: 2010 1158 402 319 278
171: 712 623
172: 1042 814 401
173: 1559 1138 1062 606
174: 187
175: 1613 612
176: 393 221 181
177: 2022 1845 502 272 223
178: 2077 1442 1006 739 458
179:
180: 1179
181: 1086
182: 2347 2158 2004 736 273
183: 1994 1229 1159 1022 791 617 327 317
184: 588 167
185: 1886
186: 2144 1825 1251 1142 1001 237
187: 471 320
188: 1498 1375 1055 425 262
189: 1971
190: 258
191: 2244
192: 2031 1195 869 604 523
193: 950 751 732 446 197
194: 882 682 491 378 194
195: 2295 2200 1566 1338 1241 1183 899 788 643
196: 1532 1214 747 431
197: 831
198: 1576 1125 445 184
199: 1726 709 396 341
200: 311 299
201: 1632 1563 1496 705
202: 1340 544 280 276 252 239
203: 1224 423
204: 2327 1986 833
205: 2334 2080 1807 1700 1098 536 404 343
206: 1978 1936 725 649
207: 1524 1477 1114 1036
208: 1645 1439 1069 1051 465 230
209: 2104 2059 1103 924 728 697 498 473
210: 959 930 629 254 238 192
211: 433
212: 2298 2242 1246 255 215
213: 822 346
214:
215: 2001 1008 505 365
216: 1882 403 363
217:
218: 845 331 297
219: 1579 940 880
220: 309 204
221: 1089 222
222: 2012 522
223: 2105 2098 1197
224: 2254 1458 1418 247
225: 806 307
226: 1797 344
227: 1130 1094
228: 2313 1670 618 585 286
229: 1717 1526 1474 530
230: 815
231: 2236 1785 1332 770
232: 1423 1265 599
233: 1878 464 259 246
234: 1278 1212 1210 773
235: 1076 285
236: 1985 1748 461 232
237: 920 911 805
238: 480
239: 2329 2126 1408 1302 242
240: 1717 834 377 314 283
241: 2192 994 573 527 312
242: 521
243: 241
244: 2035 1755
245: 2288 761
246: 547
247: 1295 419 228
248: 1998 1734 1449 1441 1416
249: 1004 581
250: 1357
251: 1711 1155 1060
252: 2304
253: 646 586 271
254: 2023 936 339
255: 2275 1996 1699 1598 616
256: 1894
257: 681
258: 2300 2190 638
259:
260: 1202 1019 353
261:
262: 2106 942 647
263: 1909 1279 839 615
264: 1875 281
265: 1090 958
266: 1582 364
267: 2165 625
268: 475 452 340
269: 1802 750 607 443 289 261
270: 742 733 358
271: 2141 2008 1502 594 515
272: 1763 268
273: 1884 915 394
274: 476 304 264
275: 2343 1270 510 369
276: 1948 279
277: 2230 266
278: 1035 1013 960 414
279: 1915 489
280: 342
281: 1813
282: 2323 2312 1330 1034 812 619 551
283: 472 282
284: 1617 1516 1320 1027
285: 1751
286:
287: 601 333
288: 2013
289: 2150 1351 1115 1029 336 316
290: 825 782
291: 1847 1171
292: 983 673
293: 348
294: 2190 1489 893 587 438
295: 2284 1084 287
296: 2232 1489 1391
297: 2113 1570 1479 843 368
298:
299: 2295 1566 1123 788 643
300: 1944 776 656
301: 891
302: 2254 1509 1418 487
303: 2056 1970 1530 395
304: 1997 973
305: 634
306: 1915 534 359
307: 1938
308: 1071
309: 2170 1604 1145 779 517
310: 1693 937 622
311: 704 694 504 481
312: 1994 298
313: 2101 1372 975 329
314: 1749 1187 451 405
315: 810
316: 1049 789
317: 2320 1908 1642 1568 1420 1329 840 357
318: 809 411 310
319: 1165 860 652
320: 2330 1996 409 325
321: 1805 794
322: 2199 650 430 386
323: 2002 457
324: 1629 1522 383
325: 2262 1806
326: 2042
327: 2323 1330 1034 619 412 380
328: 2296 1472 663
329: 2183 2012 1121
330: 1811 1642 1568 1420 1329
331: 1617 846 626 470 330
332:
333:
334: 2347 1081 1047
335: 463
336: 1884 987 804
337: 569
338: 437
339: 1463 906 844 482
340: 1653
341: 485
342: 1789 479
343: 1352 961 413 367 337
344: 1439 1051 334
345: 1455 614
346: 2138 564
347: 1738
348: 1756 1527 666 436
349: 508 469
350: 2310 1762 1659 1529 455
351:
352: 2073
353: 1318
354: 1319 628 362
355: 2229 561 370
356: 2252 1040 863 442 375
357: 1371 1310
358: 884 593 526
359: 1931 444
360: 1290 1133 574 454 389
361: 2287 1048 683 460
362: 1209 1167
363: 2143
364: 621
365: 698 493
366: 1593
367:
368: 2065 1355 1267 979
369: 704 694 481
370: 478
371: 1976 1535 955 737
372: 534
373: 803 371
374: 1952 374
375: 1648 407
376: 2160 2087 1448 763
377: 786 695
378: 2144 1825 1545 1534 1281 1251 1142 1001
379: 2140 1595 667 662 420
380: 1054 1053
381: 1521 589 548 509
382:
383: 503
384: 2266 1818 400
385: 1317 1185 970
386: 408 391
387: 2008 1927 1890 1744 1684 997
388: 2125 1889 518
389: 2238 397 360
390: 1861
391: 1465 964 898 354
392: 1562 1020 952 507
393: 1754 1476 382
394: 769 410
395: 2224 624
396: 1702
397: 2207 1639 1437 657 432
398: 1637 613 429
399: 2029 925 497
400: 2318 1339 755 680 635 390
401: 1594 1083
402: 2301 2225 1899 1791 608 489
403: 1492
404: 1450 1392 1376 793
405: 2118 1768 602
406: 2328 1973 1673
407:
408: 381
409: 2243
410: 2217 2068 1358 963 576 426
411:
412: 2205 1461 459
413: 1393 554
414: 1687 1588
415: 934
416: 1661
417: 1238 557
418: 2301 1899 608
419: 2039 1088 774
420: 1304 434
421: 1725
422: 2181 2105 2098 1484 1091 633
423: 1677 886 856 555 549
424: 2284 2104 1084 924 726
425:
426: 2127 1697 1478 1356 1082
427: 2091
428: 1626 1435 1127 1070 1061
429: 877 605
430: 2345 835 627
431: 685 456
432: 778 499
433: 2160 2087 2016 1448
434:
435: 2119 1981
436: 787
437:
438: 2275 1735 1699 1137 919 679
439: 1986 1362 990 949
440: 1392 1376 1222 440
441: 1046 1033 632 556 450
442: 908
443: 1569 1434 756
444:
445: 541
446: 783 696
447:
448: 2187 1264
449: 2306 2172 2088 971 653
450: 1148 636
451: 2036 1792 1275 603
452: 1186
453:
454:
455: 2342 1059
456: 2324
457:
458: 1881 916 888
459: 538
460: 1612
461: 1995 1718 842
462: 2210 1172 879 830 500
463: 528
464: 2200 1247
465: 2335 1677 1424
466:
467:
468: 1858 895 838 798 532 520
469: 1858
470: 777
471: 1414 1386 1223 1182
472: 1781
473: 2107 1747
474: 1305
475: 1191 1058 909 841 596 590
476: 2295 1647 1566 583
477: 2067 738
478: 1230 1071
479: 1471 907 702
480:
481: 1867
482: 2150 1115 1029
483: 477
484: 859
485: 727
486:
487: 1237 984
488: 1590 1151 466
489: 903 582
490: 1744 997 566
491:
492: 512
493: 1469 1225 1057
494: 2342 811
495: 1706 672 579
496: 2061
497: 1064
498: 922
499: 1620 1409
500: 2235 1219
501: 703
502: 1106 956
503: 2046 1344 1139
504: 836
505:
506: 2239 650 488
507: 1842 553
508: 1287 871
509: 1503
510: 1491 1002
511: 716 513
512: 2302 1164
513:
514: 2158 1442 641
515: 887
516: 1725 848
517: 2038 850
518: 929
519: 525
520: 524
521: 2324
522: 2240 1536 651 648 496
523:
524: 2318 2123 1494 1095 1092
525: 2042
526: 1243 1216 1184
527: 2073 850 823
528:
529:
530: 2220 678
531: 1849 1705 1009 985
532: 800 609
533: 636
534:
535: 723
536: 932
537: 1849 1621 1298
538: 693
539:
540:
541: 1826 1715 644
542: 1349 1280 1162 859 686
543: 1783 1772 1696 1589 1549 1373 717
544: 2200 1338 1300 1190 1183 592
545: 2086
546: 1254
547: 1490 1085 808 772 708
548: 1121 752
549: 1446 966
550: 1039
551: 2044 2005
552: 1616 1276 609
553:
554: 1534 1281 559
555:
556: 807 801
557: 1462 866 715
558: 1302
559: 1486
560: 724 543 535
561: 1655 577
562: 1429 1314
563:
564: 1554 969
565: 802
566: 1837 1200
567: 875
568: 1143 584
569: 2332 1502
570:
571:
572: 2090 676
573: 2185 1462 866
574: 1948 1551
575: 2002 1390 1366
576: 1849 1621
577: 1600 1495
578:
579:
580: 1705
581: 1794 1519 938 658
582:
583: 1537 817
584: 699 675
585: 639
586: 598
587: 1343
588: 2306 2172 2088 1062 883
589:
590: 1986 1362 821
591: 923
592: 1429 1314
593:
594:
595:
596: 1661 795
597: 852
598: 2176
599: 960 580
600:
601: 1964 1294 1231 999
602: 664
603:
604: 1651 1311 1248 957 660
605:
606:
607: 1695 1548 1528 1211
608: 2014
609: 820
610: 2325 1319
611: 670
612:
613: 2040 1649 1453 1336 947
614:
615: 1333 758
616: 781
617:
618:
619: 1389 1124 642
620: 1704
621: 1864 921
622: 1214 706
623:
624:
625:
626: 1059
627: 1638
628:
629: 2274 1400
630:
631: 1624
632: 1430 851
633: 908
634: 1743
635: 1750 1228 655
636: 2302 2216 1164
637: 1637 1401 1076
638: 990 949
639: 1245
640: 926
641: 1905
642:
643: 832
644: 1791 1284
645: 2206 1681
646:
647: 1010
648:
649: 2168
650: 1879
651:
652:
653: 1660
654:
655:
656: 1381
657: 1635
658:
659: 1208 829
660: 1718 927
661: 1113 768 659
662: 1709
663: 1120
664: 1198
665: 1383 1096
666: 1178 743
667: 1134
668:
669:
670: 1238
671:
672: 1356 881
673: 1860
674:
675:
676: 1068 719 718
677:
678: 2015
679: 1504 1263
680: 1913
681: 1570 1479
682:
683: 749
684:
685: 1675
686:
687:
688:
689: 1788 1759
690: 1266
691: 746
692: 674
693:
694:
695: 1750
696: 1735 1524 1114
697:
698:
699: 2159
700: 1723
701: 759
702: 1516
703:
704: 1855
705: 1026
706:
707:
708:
709: 2050 1863
710: 1481 1261 1122 797
711: 796
712:
713: 753
714:
715: 1219 972 914 865
716:
717:
718: 1168
719: 2162 2139 1843 1415
720: 2316 2285 2271 1820 1499 1282 691
721: 771
722:
723: 1976 1045
724:
725: 1919
726:
727: 2119
728: 1336 977
729: 2032 1701
730:
731: 1292
732: 1882 734
733: 2255 1175 858
734: 2070 1318 1316 968
735: 1564
736: 918
737: 1470 760
738:
739: 1313
740: 904 764
741:
742: 847
743: 1133
744: 2147 1473 745
745:
746:
747: 1207
748: 1359
749: 1449 1416 1406
750:
751:
752: 765
753:
754:
755: 1556 1540 1387
756: 1601 993
757: 2001 1780 1690 1258 1221
758: 1323 992
759: 1101 933
760: 853
761:
762: 1808
763: 2123 1494 1487 1303
764: 1367 1077
765: 2153 1975 784
766: 1136 878
767: 2157 754
768:
769:
770: 2044 2005 1234
771: 1505
772: 1480
773:
774: 2114 1507 1382 892
775:
776: 1458
777: 1194
778: 1014
779: 1369 1107
780: 1324 827
781:
782: 1080
783:
784: 1308
785: 1432
786: 1063 874
787: 917
788: 1364
789:
790: 1123
791: 2092 991
792: 982
793: 2069
794: 1266
795: 1326 1072
796: 1024
797: 1925 1452
798:
799:
800:
801: 1031
802: 1833
803: 861
804: 1140 1044
805: 2255
806: 1492
807: 2125
808: 2241 1456
809: 1853
810: 2204 2128
811: 2314 986 945
812:
813: 2270 1906 1602
814: 2250 1928 1235 828
815: 1974 1961 1609
816: 1939
817: 2099 1611
818: 1956
819:
820:
821: 1104
822: 1331
823: 1097
824: 1252
825: 1191
826:
827: 1043
828: 1268
829:
830: 2276
831: 2184 1641 1596 1585 1384
832:
833: 2206 2102
834:
835: 1489 1475
836:
837: 1720
838: 1778 1567 1363
839: 1156 905
840: 1188
841: 2202 1242
842:
843: 1752
844:
845: 1396
846: 1411
847: 1116
848: 1277 837
849:
850:
851: 1464
852: 2010 1158 946
853: 1805
854: 1648
855: 1447
856: 1927 1890 1684 1446
857: 1553
858: 1764
859: 1892 1126 951
860:
861: 1181 896
862: 1511 998 872
863:
864: 1394
865: 1555
866: 1550 967
867: 2160 2087 1047
868: 1403
869: 1501
870:
871: 867
872: 1782
873: 2130 2006
874: 889
875: 2070
876: 1770 1508 902
877:
878:
879: 1678
880: 1582
881: 1244 1146 941
882:
883: 1506
884: 2275 1699 1204 1137 919
885:
886: 2264 2133 1682 1591 897
887: 2299 913
888:
889: 2324
890: 1553 1259 1021
891: 1957 935
892:
893: 2263 1623 1141 1118
894:
895:
896: 2253 1169 974
897: 1016
898: 2240 2224 1758 1599 1536
899: 2273
900:
901: 1813 1271
902:
903: 1262 1056
904: 1135 885
905:
906: 1946 1935 1354 939
907: 2132
908: 1869 1733 1074
909:
910: 2280 1227
911: 1005
912: 1592
913: 1193
914: 2222
915: 1307 1152
916: 1508 1017
917: 1940
918:
919:
920: 1475
921: 1131 1087
922:
923:
924: 1038 965
925: 1404
926: 1436
927: 1818
928:
929:
930: 1149
931:
932: 1834 1119
933: 1154
934: 1876 1129
935: 2078 1066
936:
937:
938:
939:
940: 1974 1961
941:
942: 1199
943: 1110
944: 1854 1674
945:
946: 2020 1463
947: 1910 1857 1425 1007
948: 1153
949: 1868 1405
950:
951:
952:
953:
954: 2164 1710 1454
955:
956:
957: 2048
958: 1262
959: 2155
960: 1108
961: 1546
962: 1299
963:
964: 2277 989
965: 1846
966: 1705
967: 1631
968: 1578 1427
969: 2199
970: 2038
971: 1435 1127 1070 1061 978
972: 2319 2058 1557
973: 1306
974: 1646 1581 995
975:
976: 2072 1917
977: 1079
978: 1773
979:
980: 1161
981: 2330
982: 1938
983: 1596 1585 1451 1384
984: 2243
985: 1467
986:
987:
988: 2236 1785 1213
989: 1607 1233
990: 1028
991:
992: 1650
993: 1728 1497 996
994:
995:
996:
997: 1844
998: 2310 1659 1529
999: 2032 2011 1065
1000: 1015
1001: 2131 1438
1002:
1003: 2008
1004:
1005:
1006: 1030
1007: 1067
1008: 1776 1560
1009: 1301
1010: 1296
1011: 1992 1737 1468
1012: 2137 1003
1013:
1014: 2232 1391 1075
1015:
1016:
1017: 1342
1018:
1019:
1020:
1021: 2032 1701 1260
1022:
1023: 1234
1024:
1025: 1840 1614
1026:
1027:
1028: 1757 1189
1029: 1784 1239
1030: 2157
1031: 1974 1961
1032: 2344
1033:
1034: 1450
1035: 1889
1036: 1683
1037: 2054
1038:
1039: 1920 1741 1523
1040:
1041:
1042: 2149 2051
1043:
1044: 2110 2002 1991 1390 1366
1045: 2326 1571 1180
1046: 1630 1542 1256
1047: 1361 1177
1048: 1771
1049: 1483
1050:
1051:
1052: 1488
1053: 2344
1054: 2095 1000
1055: 1977
1056:
1057: 2064 1924 1573
1058:
1059: 1951
1060: 1150
1061:
1062: 1814 1052
1063:
1064: 1748
1065:
1066: 1625 1610 1335
1067:
1068:
1069: 1457 1045
1070:
1071: 1955 1370
1072:
1073:
1074: 1615
1075: 2050 1817
1076: 1916 1552 1443
1077:
1078:
1079: 1445 1218
1080:
1081: 1896
1082:
1083:
1084:
1085:
1086: 1817 1575 1078
1087:
1088: 1458 1360
1089:
1090: 1380
1091:
1092:
1093:
1094:
1095:
1096:
1097: 1232
1098: 2011 1274
1099:
1100: 2081
1101:
1102:
1103: 2303 1926
1104:
1105:
1106:
1107:
1108:
1109: 1385
1110: 1652 1157 1147
1111:
1112:
1113: 1885 1603 1093
1114:
1115:
1116: 1740
1117: 2091
1118: 1206
1119: 2289 1272
1120: 1640
1121: 1584
1122: 2202 1257 1100
1123:
1124: 1577
1125: 2315 1821 1348
1126:
1127:
1128: 1633 1255
1129:
1130:
1131:
1132: 2028 1941 1493 1293
1133: 1160 1128
1134:
1135: 1953 1173
1136:
1137: 1856 1774 1580
1138: 1533
1139:
1140: 2185 1800
1141: 1324
1142:
1143:
1144:
1145:
1146:
1147: 1840 1514
1148:
1149: 1417 1341
1150:
1151: 1877 1249
1152:
1153:
1154: 1212 1210
1155:
1156:
1157:
1158: 1312
1159: 1752 1166
1160: 1297 1220
1161:
1162:
1163: 1763
1164: 1422
1165:
1166:
1167: 1513
1168:
1169:
1170: 2099
1171: 1895
1172:
1173:
1174:
1175:
1176: 2332 1201
1177: 1433
1178:
1179: 2302
1180:
1181:
1182: 2049 1760
1183: 2121
1184: 1859
1185:
1186: 1668
1187: 1723 1688
1188: 1436
1189:
1190: 1790 1346
1191: 1622 1315
1192: 1365
1193:
1194: 2132 1634
1195:
1196:
1197: 1838
1198: 1395
1199:
1200: 1215
1201: 1692
1202: 1673
1203: 1959 1739 1444
1204: 2152 2146
1205: 2341 1666
1206: 1707
1207: 2193 2061
1208:
1209:
1210:
1211: 1713
1212: 2086
1213: 1407 1286
1214: 1736
1215: 2063 1663 1289
1216: 1980
1217:
1218: 2340
1219:
1220: 2224
1221: 1777 1325
1222: 1983
1223:
1224:
1225:
1226:
1227: 1547
1228: 2336 1671
1229: 1466 1283
1230: 1984 1943
1231:
1232:
1233:
1234:
1235:
1236:
1237:
1238:
1239: 2066
1240: 1689
1241:
1242:
1243:
1244:
1245: 1721 1337
1246:
1247:
1248: 1291
1249:
1250:
1251: 1322
1252:
1253:
1254:
1255: 1811
1256: 1327
1257: 2030
1258: 1269
1259:
1260:
1261:
1262: 2043 1954 1253
1263: 2180
1264:
1265:
1266: 1990
1267: 1379
1268:
1269: 1518
1270:
1271:
1272: 2226 2174 1803
1273: 1512
1274:
1275:
1276:
1277: 2219
1278: 2326 1870
1279:
1280:
1281: 2006
1282:
1283:
1284:
1285: 2181 1872
1286:
1287:
1288:
1289: 1347
1290: 1578
1291:
1292:
1293: 2085
1294:
1295:
1296: 1848
1297:
1298: 1730
1299: 1618 1398
1300:
1301: 1662
1302:
1303: 1328
1304: 2279
1305: 2027
1306:
1307:
1308: 2339
1309: 1769 1486
1310:
1311: 1835
1312:
1313:
1314: 2273 1708
1315:
1316:
1317: 1485 1353
1318: 2328 1377
1319:
1320:
1321:
1322: 1345
1323: 1814
1324:
1325: 1852
1326:
1327:
1328:
1329:
1330: 2262 1806
1331: 1714
1332: 1989
1333:
1334: 1949 1664
1335: 1745 1531
1336:
1337: 1605
1338:
1339:
1340:
1341: 1515
1342: 2134
1343:
1344: 2302 2124
1345: 1560
1346: 1459
1347:
1348: 1874
1349:
1350:
1351: 2281 1722
1352:
1353:
1354:
1355: 2218
1356:
1357:
1358: 2213
1359: 2118 1768
1360:
1361: 2211
1362: 2171
1363:
1364: 1619
1365: 2040 1649 1453
1366: 1830
1367: 2312 1410
1368: 1832 1378
1369: 2335 2323
1370: 1871
1371:
1372:
1373:
1374: 1775
1375:
1376: 2251
1377:
1378:
1379: 1796 1517
1380: 2122
1381:
1382:
1383:
1384: 1969 1904 1421
1385:
1386:
1387: 1402
1388:
1389: 2178
1390: 1428
1391: 1862
1392:
1393: 2003
1394: 1399
1395: 2266
1396:
1397:
1398:
1399:
1400:
1401: 1561
1402: 1829
1403:
1404: 1921
1405: 1839
1406: 1676
1407:
1408: 2333 1968
1409:
1410: 2100 1679
1411:
1412: 1558 1544
1413: 1883
1414: 2247 1732
1415:
1416:
1417:
1418:
1419:
1420:
1421: 1460
1422:
1423:
1424:
1425:
1426:
1427: 1829
1428: 1880
1429:
1430: 1644
1431: 2164 1982 1710 1658
1432: 1827
1433: 1669
1434:
1435:
1436: 1939
1437:
1438: 1836
1439: 1742 1654
1440: 1960
1441:
1442:
1443:
1444: 1583 1574
1445:
1446:
1447:
1448:
1449:
1450:
1451:
1452:
1453: 2226 2174
1454: 2246
1455:
1456:
1457: 1823
1458: 1543
1459: 1510 1482
1460:
1461:
1462:
1463:
1464: 2193
1465:
1466:
1467: 1597
1468: 1957
1469: 1933
1470:
1471:
1472:
1473:
1474: 2136
1475:
1476:
1477: 2227
1478:
1479:
1480:
1481:
1482:
1483: 1967
1484: 1712
1485:
1486:
1487:
1488:
1489:
1490: 1819
1491:
1492:
1493: 2245
1494: 1972
1495:
1496:
1497:
1498: 1832 1691
1499: 2320 1908
1500:
1501: 2021
1502:
1503: 1541
1504:
1505:
1506: 2283
1507: 1608
1508:
1509:
1510:
1511: 2252 1719
1512: 1787
1513:
1514:
1515: 2074
1516: 1799
1517:
1518:
1519:
1520: 2346 1812
1521: 1912
1522:
1523:
1524:
1525: 2272 1918 1667
1526: 2289
1527:
1528:
1529:
1530:
1531: 1901
1532:
1533:
1534: 1815
1535: 2206
1536: 1657
1537:
1538:
1539: 2062
1540:
1541:
1542: 1839
1543:
1544:
1545: 1962
1546:
1547: 1793
1548:
1549: 1966
1550:
1551: 2047
1552:
1553: 2053
1554:
1555: 2086
1556: 2300
1557:
1558:
1559:
1560:
1561:
1562:
1563:
1564:
1565: 2177 2018
1566: 2116
1567:
1568:
1569: 1761
1570: 1724 1680
1571:
1572: 1587 1586
1573: 2060
1574:
1575: 1731
1576:
1577:
1578:
1579:
1580:
1581:
1582:
1583:
1584: 1947 1881
1585:
1586:
1587: 1945 1922
1588:
1589:
1590: 2278
1591: 1628
1592:
1593:
1594:
1595:
1596: 1865
1597:
1598:
1599:
1600:
1601:
1602: 2163
1603:
1604:
1605:
1606:
1607:
1608:
1609:
1610:
1611:
1612:
1613: 2024
1614: 1903
1615:
1616:
1617:
1618:
1619:
1620: 2151
1621:
1622:
1623:
1624:
1625:
1626: 1672
1627:
1628:
1629:
1630:
1631:
1632: 1643
1633:
1634:
1635:
1636: 2034
1637:
1638:
1639:
1640: 2089 1703
1641:
1642:
1643: 1841 1824
1644:
1645:
1646:
1647: 1902
1648: 2191
1649:
1650: 2309 1911
1651: 1727
1652:
1653: 1816 1804
1654:
1655: 1766
1656:
1657:
1658: 2175
1659:
1660:
1661:
1662:
1663:
1664:
1665:
1666:
1667:
1668:
1669:
1670:
1671: 2319
1672: 2019
1673: 2106
1674: 2037
1675:
1676: 1809
1677:
1678: 2000
1679:
1680: 1875
1681:
1682: 2291
1683: 2182
1684: 2115
1685:
1686:
1687:
1688:
1689: 1988
1690:
1691:
1692:
1693:
1694:
1695:
1696:
1697:
1698: 1798
1699:
1700:
1701:
1702:
1703: 2179 2109 1810
1704: 1907
1705: 2186
1706:
1707:
1708: 2131
1709: 1891
1710:
1711: 2148
1712: 1801
1713:
1714:
1715: 1753
1716:
1717: 1930
1718: 2249 2198
1719:
1720:
1721:
1722:
1723: 1779
1724: 2084
1725: 2338 1850
1726:
1727:
1728:
1729:
1730:
1731:
1732: 1851
1733: 2188
1734:
1735:
1736:
1737:
1738:
1739: 1900
1740:
1741: 2056 1970
1742:
1743:
1744:
1745:
1746:
1747:
1748:
1749:
1750:
1751:
1752:
1753:
1754:
1755:
1756:
1757:
1758:
1759:
1760:
1761: 1866
1762:
1763:
1764:
1765:
1766:
1767:
1768:
1769:
1770: 2267
1771:
1772:
1773:
1774:
1775: 2259 2009
1776:
1777:
1778:
1779:
1780:
1781:
1782:
1783:
1784:
1785: 1934
1786:
1787: 2093 1893
1788:
1789:
1790:
1791:
1792:
1793: 2311
1794:
1795: 2033 1828
1796:
1797: 2145
1798: 2292 1950
1799:
1800:
1801: 2071
1802:
1803:
1804:
1805:
1806:
1807: 2212
1808: 2282
1809:
1810:
1811:
1812: 2114
1813: 2214
1814:
1815:
1816:
1817:
1818:
1819:
1820:
1821:
1822:
1823:
1824: 2075
1825: 2145
1826: 1937
1827:
1828:
1829:
1830:
1831:
1832: 2258
1833:
1834:
1835:
1836:
1837:
1838:
1839:
1840: 2339
1841:
1842:
1843:
1844:
1845: 2079
1846: 1923
1847:
1848:
1849:
1850: 2157
1851: 2096 2026 1987
1852: 2108
1853:
1854:
1855: 2265 1898
1856: 2257 2111
1857:
1858:
1859:
1860:
1861: 2221
1862: 2169
1863:
1864: 1897
1865:
1866:
1867:
1868:
1869:
1870: 1932
1871:
1872:
1873:
1874:
1875: 2290
1876:
1877:
1878:
1879: 2293
1880:
1881:
1882:
1883:
1884:
1885:
1886:
1887:
1888: 2057
1889:
1890: 2112
1891:
1892: 1958
1893:
1894:
1895:
1896:
1897:
1898:
1899:
1900:
1901: 1942
1902: 2120
1903:
1904:
1905:
1906: 2135 2017
1907:
1908:
1909: 2260
1910:
1911:
1912:
1913:
1914:
1915:
1916: 1963
1917:
1918:
1919:
1920:
1921:
1922:
1923:
1924:
1925:
1926:
1927:
1928:
1929:
1930: 2194
1931:
1932: 2195
1933: 2117 2083
1934:
1935:
1936:
1937:
1938:
1939:
1940:
1941:
1942:
1943: 2288 2167
1944:
1945:
1946: 2234
1947: 2041
1948:
1949:
1950:
1951:
1952:
1953:
1954:
1955:
1956: 2166 2097
1957:
1958:
1959: 2273
1960:
1961: 2196
1962:
1963:
1964: 2052 2025
1965:
1966:
1967:
1968:
1969:
1970: 2305
1971:
1972:
1973: 2156
1974:
1975:
1976:
1977:
1978:
1979:
1980:
1981:
1982:
1983:
1984:
1985: 2308
1986:
1987: 2142
1988:
1989:
1990: 2197
1991:
1992:
1993:
1994:
1995:
1996:
1997:
1998:
1999:
2000: 2076
2001:
2002:
2003:
2004:
2005:
2006:
2007: 2129
2008:
2009:
2010:
2011:
2012:
2013: 2094
2014:
2015:
2016:
2017:
2018:
2019: 2317
2020:
2021:
2022:
2023:
2024:
2025:
2026:
2027:
2028:
2029: 2154
2030: 2311
2031:
2032:
2033: 2201
2034: 2209
2035:
2036:
2037:
2038:
2039:
2040:
2041:
2042:
2043:
2044:
2045:
2046:
2047:
2048:
2049:
2050:
2051:
2052:
2053:
2054:
2055:
2056:
2057:
2058:
2059: 2233
2060:
2061:
2062:
2063:
2064:
2065:
2066:
2067:
2068:
2069:
2070:
2071:
2072:
2073:
2074:
2075:
2076:
2077:
2078:
2079: 2231
2080:
2081:
2082:
2083:
2084:
2085:
2086:
2087:
2088:
2089:
2090:
2091:
2092:
2093:
2094:
2095:
2096:
2097:
2098:
2099: 2223
2100:
2101:
2102: 2189
2103:
2104: 2203
2105:
2106:
2107:
2108:
2109:
2110:
2111:
2112:
2113:
2114:
2115:
2116:
2117:
2118:
2119:
2120:
2121:
2122:
2123:
2124: 2248
2125:
2126: 2237
2127:
2128:
2129:
2130:
2131:
2132:
2133:
2134:
2135:
2136:
2137:
2138:
2139:
2140: 2261
2141:
2142:
2143:
2144:
2145:
2146:
2147:
2148:
2149:
2150:
2151:
2152:
2153:
2154:
2155: 2268
2156:
2157:
2158:
2159:
2160:
2161: 2286
2162:
2163:
2164:
2165:
2166:
2167:
2168:
2169:
2170:
2171:
2172:
2173:
2174:
2175:
2176:
2177:
2178:
2179:
2180:
2181:
2182:
2183: 2256
2184:
2185:
2186:
2187:
2188:
2189: 2297
2190:
2191:
2192:
2193:
2194:
2195:
2196:
2197:
2198:
2199:
2200:
2201:
2202:
2203:
2204:
2205:
2206:
2207:
2208:
2209:
2210:
2211:
2212:
2213:
2214:
2215:
2216:
2217:
2218:
2219:
2220:
2221:
2222:
2223:
2224:
2225:
2226:
2227:
2228:
2229:
2230:
2231:
2232:
2233:
2234:
2235:
2236:
2237:
2238:
2239:
2240:
2241:
2242:
2243:
2244:
2245:
2246: 2321
2247:
2248:
2249:
2250:
2251:
2252:
2253:
2254:
2255:
2256:
2257:
2258:
2259:
2260: 2337
2261:
2262:
2263:
2264:
2265:
2266:
2267:
2268:
2269:
2270:
2271:
2272:
2273:
2274:
2275:
2276:
2277:
2278:
2279:
2280:
2281:
2282:
2283:
2284:
2285:
2286:
2287:
2288:
2289:
2290:
2291:
2292:
