1: 12 4 3
2: 2 1
3: 41 22 5
4: 52 43 38 15 6
5: 33 26
6: 60 52 51 16 14 10 9
7: 8 7
8:
9: 55 37 13 11
10:
11: 39 31 28 21 20 17
12: 18
13: 28
14: 31 21
15: 29 23
16:
17:
18: 56 54 27
19: 32
20: 36
21: 19
22: 52 38 25
23: 39 35
24: 33 26
25: 30
26: 49 45 24
27: 59 57 44
28: 30
29:
30: 55 46 38
31:
32: 42
33: 34
34: 50
35: 60
36:
37:
38:
39:
40: 53
41: 47
42:
43: 61 40
44:
45:
46:
47:
48: 48
49:
50:
51:
52:
53:
54:
55:
56:
57:
58:
59:
60:
61:
62:
63:
64:
65:
66:
67:
68:
69: 58
70:
71:
72:
73:
74:
75:
76:
77:
