1: 642 461 446 243 94 15 13 9 1
2: 115 26 23 16 5
3: 820 522 213 128 125 60 28 10 2
4: 868 607 383 353 340 116 29 12
5: 151 102
6: 391 367 322 230 138 64 53 6 3
7: 719 38 32
8: 537 305 293 157 25 21 8
9: 684 643 632 507 479 355 239 216 198 46 30
10: 724 580 468 433 378 155 96 87 40 20
11: 938 640 523 235 210 71 4
12: 833 821 723 522 350 215 213 180 128 126 125 66 61 7
13: 546 180 66 17 14
14: 728 305 157
15: 684 643 632 507 479 355 305 239 198 180 157 126 66 46 30 19 11
16: 850 756 728 723 568 566 529 407 361 307 284 131 104 88 80 54 36
17: 769 468 126 83
18: 885 735 710 704 483 476 468 433 289 222 172 110 68 63 49
19: 890 885 110 63 49
20: 838 792 741 681 474 291 161 117 111 109 39 27
21: 689 451 304 264 84 59 31 24
22: 559 242 176 65 55 18
23: 943 817 283 58 57 43
24: 850 756 412 284 131 65
25: 562 311 74
26: 566 258 44
27: 560 407
28: 495 331
29: 307 104 54
30: 789 725 633 432 220 108 101 99 22
31: 649 551 360 278 81
32: 943 942 136
33: 211 199 85 72 51 45 34
34: 369 174 134 98 33
35: 407 48
36: 748 78 35
37: 205
38: 564 37
39: 285 217 70
40: 825 290 250 50
41: 880 859 347 252 191 113 77 42 41
42: 952 613 349 254 240 237 227 169 149 118
43: 821 272
44: 764 172 68
45: 510 459 420 172
46: 873 833 731 640 555 511 319 253
47: 885 856 769 397 253 237 169 118 110 83 65 55 47
48: 668 504 257 251 192 183 146 76
49: 788 650 645 560 388 326
50: 656 470 156
51: 895 880 859 686 347 333 191 145
52: 562 320 311 86
53: 405 122
54: 821 710 476 420 222 153 52
55: 171 144
56: 857 443 324 165 160 56
57: 677 518 409 218 106 69
58:
59: 237 212 169 118 73 62
60: 89
61: 133
62: 203
63: 537 293
64: 654 652
65: 713 576 269 67
66: 464 278
67: 781 609 520 505 410 400 348 188 181 90
68: 745 489
69: 440 406 390
70: 150 91
71: 814 634 537 477 293 158 82
72: 771 279 148 93 79 75
73: 849 813 690 687 475 427 365 92
74: 869 849 813 690 687 683 475 427 365 253 103
75: 496 403 135 123 112 105
76: 145
77: 952 851 716 399 349 254 240 227 97
78: 696 629 224
79:
80: 554 422 364 363 296 294 246 225 95
81:
82: 179 127 120
83: 638 218
84: 464 162
85: 477 401 358
86: 299 259 202 186
87: 204 163 129
88: 673 596 302 100
89: 858 794
90: 938 832 611 523 273
91: 611 141 121
92:
93: 909 882 760 625 286
94:
95: 704 483 289 147
96: 229 166 114
97: 392 315 190 187
98: 256 142 119
99: 462 448 431
100: 856 602 397
101: 212
102: 474 161 111 109
103: 549 177
104: 792 741 482
105: 684 194
106: 195
107: 201 130
108: 644 601 595 200
109: 940 182 143 140
110: 785
111: 366 137 107
112: 894 815 605
113: 626 431 271
114: 713 576 269 256
115: 578 167 124
116: 412
117: 888 175
118: 824 501 376
119: 729 581
120: 548 159
121: 436 387
122: 744
123: 530 449 435 139
124: 625 189 152
125: 579
126: 895 333 238 231
127: 614 492 196
128: 244
129: 303 274 272 207 178
130: 909 625 261 233
131:
132: 345 342 277
133: 468 433 235 132
134: 853 723 615 587 439 361
135: 487
136: 803 453 270 168
137: 650 326
138: 956
139: 857 359
140: 745 443 324 154
141: 943 677 409
142: 600 223
143: 856 632 397 355 216
144: 323 206 173
145: 193
146: 598 517
147: 938 523 210
148: 604
149: 550 445 282 164
150: 957
151:
152: 882 241 208 170
153: 667 209
154: 465 372
155: 353 340
156: 303 274 178
157: 856 267
158: 504 251
159: 942
160: 462 448
161: 499
162: 341
163:
164: 519 281 236
165: 939 667
166: 276 214
167: 573 357 327
168: 649
169:
170: 554 296 294 246
171:
172:
173: 773 245 228 221
174: 765 682 614 492
175: 417 379 185
176: 531 309 197
177: 935 799 628 184
178:
179: 899 721
180: 728 529
181:
182: 950 825 418
183: 933
184: 343 298
185:
186: 812
187: 647 646 599
188: 480
189: 768 447 308
190: 732 582
191: 510 459
192: 569 533 335 314
193:
194:
195: 692 585 515 297
196: 686 488 232
197:
198: 714 631 618 590
199: 604
200: 219
201: 556 338
202: 809 696 603 574 503 424
203: 651
204: 318
205: 592 260
206: 485 466 442 381
207:
208: 737 419 300
209: 704 663 483
210:
211: 356
212: 265 226
213: 540 262
214: 788 645 388 301
215: 901 287
216: 800 720 540 234
217: 886 747 570 463 373
218: 621 362 339
219: 885 615
220: 809 603 574 503 455 424 249
221: 801 328
222: 915 263
223: 678 525 404 370
224: 510 459
225:
226: 894 815 799 786 605
227: 434
228: 672 386 312
229: 280
230:
231: 636 634 477 247
232: 851 292
233: 829 266
234: 532
235:
236: 856 397
237: 422 368 364 363 356
238: 385 380
239: 561 524 310
240: 538 375
241: 671 288
242: 408 344
243: 697
244: 853 725 268
245: 329 255 248
246: 334
247:
248:
249: 925 913 617 536
250: 796
251: 785 490 352 275
252: 860 685 627
253: 508 467 306 295
254: 866 688 557 487 354
255: 429 398
256: 696
257:
258:
259:
260:
261: 948 534
262: 701 325
263: 877 502
264: 916 313
265:
266:
267: 664 547 396
268: 869
269: 552 425
270: 695
271: 830 662
272: 718 394
273: 459
274: 460
275: 945 371
276:
277: 544 337
278: 413
279: 648
280: 929 897
281: 858 794 346
282: 917
283: 810 428
284: 521
285: 735
286: 842 781 609 520 505 410 400 316
287: 464 458
288: 744 532 450 389
289: 540 321
290: 896 317
291: 622
292:
293: 683 678
294: 546
295: 832 713 576
296: 382
297: 415
298: 522 384
299: 822 572
300:
301: 395 336
302:
303: 829 566
304: 715
305: 766
306: 700 535
307:
308: 838 681 332
309: 711 542 498 330
310: 866
311:
312: 593 472
313: 478 454
314: 658 586 471
315:
316: 763
317: 903
318: 638
319: 426 393
320: 563
321: 769 755
322: 843
323: 469
324: 790
325: 647 599 494
326: 575
327: 934 751 655
328: 636
329: 902 491 351
330: 730
331: 456
332: 867 758 757
333:
334: 822 572
335: 779 597 377
336:
337: 919 660 374
338:
339:
340: 784 680 661
341: 481
342: 589
343: 863 771
344: 951 855 778 421
345: 612 583 438
346: 539
347: 816 637 430 414
348:
349:
350:
351: 670 437
352: 828
353: 423
354:
355:
356: 452
357: 444
358:
359: 805
360:
361: 541 411
362:
363:
364:
365:
366: 402
367: 564 486
368:
369: 457
370: 567
371:
372: 851
373: 558
374: 416
375: 500
376:
377:
378:
379:
380: 506
381:
382: 718 500 465 441
383:
384:
385:
386:
387:
388: 666 497
389: 946 718
390:
391:
392:
393:
394:
395: 817 706 516 493
396: 957 890
397: 543
398: 836 749
399:
400:
401:
402:
403: 875 740
404:
405:
406:
407:
408: 801 772
409: 949 943 665
410:
411:
412: 776 703 565
413: 624
414: 473
415:
416: 484
417: 953 608
418: 568
419: 941
420:
421:
422:
423:
424:
425: 613
426:
427: 772
428: 545 526
429:
430: 620
431:
432: 527
433:
434:
435: 823 509
436:
437: 870
438:
439:
440: 819
441:
442:
443: 727 679 559
444: 783
445:
446: 829
447: 514
448: 665 636
449:
450: 761 694
451: 856 777
452:
453:
454:
455:
456:
457: 921
458:
459: 639
460:
461:
462:
463:
464: 787
465:
466:
467: 676
468:
469:
470: 699
471:
472:
473: 846
474:
475:
476:
477:
478:
479: 619 528
480:
481:
482:
483:
484: 834
485: 622
486: 606
487:
488:
489:
490: 512
491: 864
492: 834
493: 926 737
494: 808 786
495:
496:
497: 862
498:
499:
500:
501: 886 747
502:
503: 513
504:
505:
506: 686
507:
508:
509: 919 887 806
510:
511:
512: 774
513:
514:
515: 798
516: 553
517: 851
518: 743
519:
520:
521:
522: 762
523:
524:
525: 712
526:
527:
528:
529:
530: 594
531:
532: 873 767
533:
534:
535:
536:
537: 817
538:
539:
540: 934 817 655
541:
542: 669
543: 927
544: 948 571
545:
546:
547: 941
548: 584
549:
550:
551: 653
552:
553: 702
554:
555: 904
556: 891 874
557:
558: 944
559: 736
560: 791
561: 724
562:
563:
564: 852 657 588
565: 675
566:
567: 610
568: 898 577
569:
570:
571:
572:
573: 630
574:
575:
576:
577:
578:
579:
580: 951 855 591
581:
582: 931
583:
584:
585: 923
586:
587: 893 709
588:
589:
590:
591: 722 616
592:
593: 889
594: 873
595: 635
596:
597: 881
598:
599:
600:
601:
602:
603:
604:
605:
606:
607: 797 691
608:
609: 734
610:
611:
612:
613:
614: 623
615:
616: 905
617:
618:
619:
620:
621:
622:
623:
624:
625: 738
626: 659
627:
628:
629: 900
630:
631:
632: 837 793
633:
634:
635:
636:
637: 641
638:
639: 820
640: 913 707
641:
642: 782
643:
644: 818 750 717
645: 698
646:
647:
648:
649:
650:
651:
652:
653: 795 770
654:
655: 742
656:
657:
658:
659:
660: 896
661:
662:
663: 840
664:
665: 811 804
666: 929 897
667:
668:
669:
670:
671:
672: 705
673:
674:
675:
676: 944
677: 845 674
678: 847
679: 928
680:
681: 945 708
682:
683: 726
684:
685: 835
686:
687: 693
688:
689:
690:
691: 841 839
692:
693:
694: 807
695:
696:
697: 786
698: 883
699:
700: 796
701:
702: 958
703: 733
704: 848 780
705:
706:
707:
708: 854
709: 764
710:
711:
712:
713: 739
714:
715:
716: 939
717:
718: 870
719:
720: 754
721:
722:
723:
724:
725:
726:
727: 907
728:
729:
730:
731:
732:
733:
734:
735: 802
736: 892 752
737:
738:
739: 746
740: 908
741: 936 826
742: 879
743:
744: 924
745:
746: 910
747:
748:
749: 753
750: 872
751:
752:
753:
754:
755: 775
756:
757: 922
758:
759:
760:
761: 876
762:
763:
764: 930
765:
766:
767:
768:
769:
770:
771:
772:
773:
774:
775:
776: 759
777:
778:
779: 884 856
780: 947 911 831
781:
782:
783:
784:
785:
786:
787:
788:
789:
790:
791:
792:
793:
794:
795:
796:
797: 865
798:
799:
800: 931
801:
802:
803:
804:
805:
806:
807:
808:
809:
810:
811:
812:
813: 931
814:
815:
816:
817:
818:
819:
820:
821:
822:
823:
824:
825:
826:
827:
828:
829:
830: 920
831:
832: 914
833:
834: 946
835:
836:
837:
838:
839:
840:
841:
842:
843:
844:
845:
846: 912
847: 844
848:
849:
850:
851:
852: 861
853:
854:
855: 954
856:
857:
858:
859:
860: 871 827
861:
862:
863:
864:
865:
866:
867:
868:
869:
870: 941
871:
872:
873:
874: 878
875:
876:
877:
878:
879:
880:
881:
882:
883:
884:
885:
886:
887:
888:
889: 955
890:
891:
892:
893:
894:
895:
896:
897:
898: 937
899:
900:
901:
902:
903:
904:
905:
906:
907:
908:
909:
910:
911:
912:
913:
914:
915:
916:
917:
918:
919:
920:
921:
922:
923:
924:
925:
926:
927:
928:
929:
930: 932
931:
932:
933: 906
934:
935:
936:
937:
938:
939:
940:
941:
942:
943:
944:
945:
946: 918
947:
948:
949:
950:
951:
952:
953:
954:
955:
956:
957:
958:
959:
960:
961:
962:
963:
964:
965:
966:
967:
968:
969:
970:
971:
972:
973:
974:
975:
976:
977:
978:
979:
980:
981:
982:
983:
984:
985:
986:
987:
988:
989:
