1: 775 233 59 46 23 1
2: 657 92 19 13 12 3
3: 1133 487 27 17 9 8 6 4 2
4: 2146 1274 1041 574 536 422 411 388 227 213 81 57 31 30 20 16
5: 1262 184 71 28 5
6: 1471 352 265 176 10
7: 2305 1826 1726 1594 1229 639 482 150 11
8: 526 406 195 142 35 14 7
9: 225 189 36
10: 1271 113 108 60 26 21 18 15
11: 1670 940 652 440 161 156 56 32
12: 2227 1928 481 329 175
13: 1573 377
14: 325 178 88 73 50 45 33 22
15: 1075 967 911 894 838 760 598 583 454 419 372 266 94
16: 1480 1072 614 347 82 70 42 24
17: 113 60 26 21
18: 2285 474 162
19: 1874 1842 1822 1600 1547 1432 1294 1205 1180 787 615 581 559 415 412 402 277 262 246 87 77
20: 2285 2108 1582 1042 695 575 517 474 451 384 232 197 192 190 185
21: 1812 508 183 136 132 25
22: 2255 1621 1258 1069 957 304 216 29
23: 2265 1641 1113 621 129 64
24: 369 339 44
25: 2255 1750 1405 1175 1069 855 702 336 304 216 207 159 115
26: 510 255 102
27: 1874 1600 1547 1294 563 427 356 209
28: 1769 766 656 497 52 34
29: 2168 1913 1865 1629 1598 1312 1045 756 408 124
30: 1909 235 151
31: 381 47
32: 2295 1576 1545 1171 990 716 194 117 93 38 37
33: 2321 1768 1180 868 212 109
34: 1180 402 277 246 41 39
35: 1750 1305 573 309
36: 1136 258 182 112 89 86 79 49 48
37: 1405 702 207 133 107 58
38: 328 327 326 252 211 191 72
39: 1380 1145 219 63
40: 1060 1001 405 297 166 55 43
41: 2238 1882 1111 1101 1099 1073 551 503 351 128 75 53
42: 2079 1574 1534 1361 1138 1053 895 515 40
43: 1750 1305 1257 631 573 431 320 309 62 61
44: 1874 1600 1593 1547 1508 1377 1294 894 742 699 598 563 498 454 419 125
45: 236
46: 2021 1126 1001 364 250 69 51
47: 1865 1576 1545 1319 201 186 124 54
48: 1890 315 147 144
49: 1632 1561 806 470 458 167 146 83
50: 1225 385 350 335 122 116 84
51: 1831 1653 187
52: 1595 781 645 619 78
53: 1331 1141 365 68
54: 962 779 745 423 99
55: 2155 806 719 470 458 167 165
56: 1573 862 778 772 628 562 152
57: 96 90 85 66 65
58: 1327 1326 1046 892 105 74
59: 918 340 318 314 120
60: 2278 2188 1116 181
61: 1670 1199 1160 1081 841 711 259 251
62: 2299 407 362 271 171 121
63: 1916 477 174 172 111 110 104 67
64: 410 80
65: 2210 2142 2067 2058 2033 1900 1833 1683 1389 1152 1115 278 103
66: 2107 1913 1017 889 164 76
67: 1690 1505 1341 862 778 772 658 628 562 217 202 157 152 106
68: 847 523
69: 2064 1960 1952 1702 969 942 888 857 613 343 269 126 101 91
70: 1413 127
71: 1859 1468 1453 1335 893 769 410 324
72: 2164 439 287
73: 1707 1382 1179 814 535 399 229
74: 1030 374 268 148 141
75: 1690 217 202 157
76: 1715 1406 1348 721
77: 1681 1650 1644 1177 228
78: 1803 1528 884 685 145 135 130 95
79: 1411 1275 1239 987 657 558 98
80: 1985 452 434
81: 400
82: 1634 1068 243
83: 1397 865 180 134
84: 2033 1833 464 426 199 177
85: 2107 1681 1177 1017 889 308
86:
87: 2064 1960 1702 613
88: 1754
89: 1742 1701 267
90: 2089 2004 1240 539 204 114 100
91: 1936 1391 759 330
92: 2160 1853 1785 761 663 158
93: 2262 1775 1437 741 468 123 97
94: 1016
95: 1518 894 598 454 419
96: 1152 742 249 215
97: 2313 173
98: 1985 985 927 821 708 452 434
99: 2321 1467 1276 1040 878 713 604 484
100: 2163 887 667 642 395
101: 846 742 472 328 327 326 252 118
102: 1865 956 534 139
103: 1923 1882 1704 1575 1482 1038 653
104: 1538 333 140 131
105: 1538 815 701
106: 1715 382 289 206 170
107: 2185 355 338 313 237
108: 1384 1355 1156 264 119
109: 422 213 149
110: 2285 2280 1861 1685 1271 1180
111: 2150 1354 1211 1132 494
112: 430
113: 543 295 245 138
114: 1665 1645 449 432 143
115: 2168 1468 394
116: 1152
117: 1075
118: 2323 2258 2105 1761 879 285 137
119: 1351 648 241 205 179
120: 1173 852 169
121: 2170 521 461
122: 1379 290 222 214
123: 625 279
124: 1542 1526 599 403 218
125:
126: 1026 467 210
127: 2149 1923 1595 1482 785 781 715 679 645 619 319 155 154
128: 2300 1967 373
129: 1528 1012 685 572 254 153
130: 2309 1559 273 168
131: 188 160
132: 1126 616 518
133: 900
134: 388 227
135: 969 888 857 343 269
136: 1151
137: 2108 1042 575 517 451 200
138: 2147 673 247 163
139: 2149 1110 983 785 740 715 679 453
140: 2190 1825 1598 1196 1119 244
141: 1913 1298 1265 391
142: 1785 815 701 663
143: 2190 671 433
144: 636 465 238
145: 1404 457 358 220
146: 274
147: 794
148: 463
149: 1815 611 502 425
150: 2171 1871 1671 752
151: 1004 961 540 317
152: 2285 1705 1595 1318 1157 781 645 619 474 413
153: 1318 1157 231
154: 1101 1099
155: 581 559 415
156: 2091 1852 1634 1337 1068 831 243 242
157: 1871 1671 936 752 418 398 371
158: 1303
159: 375 300
160: 2091 1852 1673 383
161: 1314 1228 577 370
162: 1166 990 380 354 193
163: 858 824 198
164: 995
165: 2048 1452 1293 226
166: 1041 799 748
167: 777 634 203 196
168: 2327 768 450 208
169: 401 284
170: 2282 2223 2011 444
171: 1199 1081 841 587 302
172: 757 256 230
173: 1904
174: 1393 1327 795 424 283 282
175: 1916 1657 1415 477
176: 1950 1881
177: 261
178: 1184 1108 1013 392
179: 1586
180: 1048 724
181: 855
182: 2020 1983 1799 1215 951 735 676
183: 1168 1078 221
184:
185: 1670 912 321
186: 1985 1936 1453 694 520 353
187: 1718 1681 1177 955 675 627 393 260 234
188: 866
189: 2165 1882 1705 1110 983 861 777 740 681 653 576 455
190: 1805 1206 1122 746 744 409 332 288
191: 1727 1164 872 633 257
192: 2089 2004 1378 1044 605
193: 1624 1066 940
194: 224
195: 2285 1060 492 428 344 291
196: 1662 1218 582 248
197: 1070 792 303 239 223
198: 1431 904 755 737 705 296
199: 1090 1071 597 389 322 311 310
200: 2226 2098 1614 281 253
201: 1737 1455 1439 875
202: 1578 665 348
203: 1944 871 743 589 240
204: 2160 1827 1524 1285 858 824 761 560 493
205: 990 840
206: 757
207:
208: 1956 1953 1227 1146 1091 1024 528
209: 1880 1117 651 416
210: 1041
211: 1377 699
212: 2238 1111 503 351 306
213: 2288 1274 536 298
214: 2177 2028 1811 1051 919 446 294
215: 2304 1124 1035 818 272
216: 2303 1511 859 263
217: 1512 594
218: 2146 565 323 292
219: 1250
220:
221: 2195 1303 854 532
222: 1380 1145 780 774
223: 1798 1160
224:
225: 2135 1513 1134
226: 1972 1728 674 459 345
227: 2046 280
228: 1338 1030
229: 696
230: 878 293
231: 1874 1600 1547 1453 1294 580 513 505 324
232: 1493 937 790 751 690 608 299
233: 1915 387
234: 758
235:
236: 1519
237: 316 305 270
238: 1863 357
239: 647 553
240: 1384 1355 1156 580 513 505
241: 1589 812
242: 2120
243: 2251 2209 2182 1966 1957 1223 707 276
244: 940
245: 1082 925
246: 1727 1164 872 659 633
247: 1418 617
248: 1354 1132 525 490
249: 1112 867 771 436
250: 2163 1839 887 667 642 488 395
251: 1873 1050
252: 1627 286
253: 2187 1467 1331 1141 1040 587 484
254:
255:
256: 2150 2102 1971 726 275
257: 1622 810
258: 846 445 420
259: 1945 1892
260: 1139 680 519
261: 990
262: 2155 2018 1708 1494 1186
263: 1785 663 331
264: 2121 1931 531 479 301
265: 1841 1817 550 376 342
266: 2179 1434 1394 1033 693 626
267: 1641 995 512 501
268: 1061
269: 1661 1658 1345 1301 704 666 585
270: 1047
271: 2229 2119
272: 2240 538 386
273: 2044 1917 1598
274: 2220 1805 1781 1704 1575 1206 1122 773 746 744 552 409 332 307
275: 1957 1223 346
276: 1879 1657 1586 1455 1439 1415 1015 825 646 544
277: 2152 1403 1352
278: 791 712 561 361
279:
280: 1380 1145
281: 2084 1371 817
282: 1891 1524 560 493
283: 311 310
284: 1665 1645 449 432 378
285: 2112 1472 1453 476
286: 1227 928 429
287: 1366 337
288: 2079 1574 1053
289: 1744
290: 1262 524
291: 1913 1338 1013
292: 1882 653 455
293: 2018 1837 1756 1483 448
294: 2266 595 516 360
295: 2007 1586 825 822
296: 1787 1490 1344 1318 1157 976 926
297: 537 473
298: 1452 1293
299: 2025 1595 1330 781 645 619
300: 1629 1045 485 469 334
301: 1471 991 596
302: 880
303: 1464
304: 2150 1110 983 740
305: 1861 1386 949
306: 2251 2209
307: 1711 1377 390
308: 938 881 435
309: 1247 776
310: 1038
311: 2319 786
312: 2168 1312 756 408 367
313: 1756 570
314: 379 312
315: 1900 1389 533
316: 1787 926 366
317: 1178 1163 970 504 417
318: 1191 1083 640
319: 620
320: 2266 341
321: 1381 547 349
322: 1400
323: 805
324: 2320 2177 2028 1400 919
325: 1353 1254 921
326: 677 554 489 441
327: 2007 1705 1184 1108 831 359
328: 1126
329: 2262 1775 1454 1437 1027
330: 2191 1665 1645 782
331: 1886 1150
332: 2118 644 569
333: 2121 1931 531
334: 1097
335: 1880 823 507
336: 2304 1455 1439 1333 1329 1124 1035 1015 818 793 527
337: 1255
338: 1644 1144 649
339: 807
340: 2297 1032 557
341: 930
342: 1043 893 830 769 658
343: 2006 1546 1479 1282 495
344: 2036 2002 1591 1096
345: 564
346:
347: 1112 867 771 436
348: 2274 1733 1259 447 404
349: 788
350: 1760 1185
351: 1637 996 363
352: 1739 1471 368
353: 1661 1658 1546 1467 1090 1071 1040 704 666 585 484
354: 1827 1285
355: 2274 2244 1733 1216 920 770
356: 1628 1478
357: 955
358: 1333 1329 793 397
359: 1992 414
360: 1952 942 777
361: 602 522 509 421
362: 1006 437
363: 2303
364: 978
365: 678
366: 1620 874
367: 2180 1509 709 601 442
368: 2310 2271 2006 638
369: 1095
370: 998 883
371: 1990 1599 1154
372: 579
373: 1324 915
374: 567
375: 2113
376: 1799 1542 953 837 542 499
377: 491 396
378: 1049 618 610 506
379: 1098 529
380: 2213 836 660
381: 1257 631
382: 1850 1288 856 456
383: 827 661 643
384: 2288 860
385: 1533
386: 1121 662
387: 2258 1761 922
388: 727
389: 1896 802 548 496
390: 480
391:
392: 1307 603
393:
394: 1345
395: 1273 606
396: 1875 1688 1230 592 590 511
397: 2187
398: 1551 971 923 483
399: 1874 1600 1577 1547 1526 1359 1294 1129 1029 655 599
400: 1769 766
401: 1839
402: 1381
403:
404: 664 609 514
405: 1013
406: 1763 1381 438
407: 1359
408: 2292 947 460
409: 2281 952 683
410: 2286 1092 443
411: 1589 1327 1082 1025 925 812
412: 1568 1376
413: 1117
414: 2282 2011 1598
415: 2271 906 902
416: 912
417: 1749 500
418: 1174 898 629
419: 1707 1382 466
420: 1328
421:
422: 1343 635
423: 2100
424: 2126
425:
426: 588
427: 462
428: 1226 641
429:
430: 1490 486
431: 1888 1675 612 471
432: 1421
433: 2246 1868 1704 1575 765 637
434: 1428 1172 1064 1025 734
435: 1194
436: 1849 1161 593 478
437: 1198 697
438: 1449 1295 568
439: 1165
440: 1002 687 541 475
441: 2185
442: 2031 1890 1834
443: 2016 1176
444: 1854 1514
445: 1510 1375 546
446: 1304 1107 731 691 607
447: 530
448: 764
449: 964 630
450: 1589 893 769
451: 2073
452: 1188 992 566
453: 1455 1439 1015 728
454: 1605 1142 686
455: 591
456: 999 749
457: 1745 622
458: 1901 1735 747 571
459: 1043 830 584
460: 1098
461: 2205 1982 1520
462: 736 654 555
463: 669
464: 803 586
465: 578
466: 711 556
467:
468: 2179 1434 1394 950
469: 1084 865 688
470: 1738 1346 899
471: 1300
472: 1539
473: 1814
474: 1859 1609 1335
475: 1693 650
476: 1791 981 545
477: 864
478: 1373 988
479: 1593 1508 1131
480:
481: 834
482: 632
483: 1395
484: 808
485:
486: 730
487: 991
488: 1450 1371 1148
489: 2008 1659 1607 1390 1128
490: 2248 1357
491: 1013
492: 1886 1738 1438 1346 1271 1190
493: 2191 782 549
494: 1846 1232
495:
496: 2323 2105 944 848
497: 1950 816
498: 884
499: 1061
500: 1809
501: 2039 1203
502:
503: 1596 1562 668
504: 1175
505:
506: 2216 1958 1534 1362 1361 1138 832
507: 1385 968
508: 789
509: 2288
510: 1854 1732 1615 1055
511: 2190 2170 2089 2004 1611 1240 844
512: 2073 1435 1340
513: 1197 1153
514:
515: 843
516: 2166 1410 993 901
517: 2300 1967
518: 1912 1632 1399 1079 703
519: 1377 1336 849
520: 2177 2028 1542 919
521: 1276
522:
523: 1245
524: 1463 877
525: 2207
526: 600
527: 1719 1651 958
528: 1191 1083
529: 1951
530: 842
531: 1657 828 714
532: 1869 718
533: 2298 1135 979 762
534: 2007 720
535: 994
536: 739
537: 2024
538: 1306 1266
539:
540: 1764 1430 722
541: 2198
542: 2020 1215 951 700
543: 1584 1422 1217
544: 2274 1733 1225
545: 2269 1766 623
546:
547: 2216 1958
548: 1367 1076
549: 2070
550: 2271 2025 906 902 753
551:
552: 2249
553:
554: 1808 692
555: 1360 738
556: 1549
557:
558: 954
559: 1910
560: 750
561: 698
562: 1309
563: 723 670
564: 2007 1257 943 869
565: 1752 1011
566:
567: 1720 1221 935 839 710 684 624
568: 1097
569: 1785 663
570:
571:
572: 1292
573: 1475
574: 1601
575: 1067 819
576: 1819 1767 801 798 767 763
577: 1994
578: 717
579: 1431 904 755 737 705
580:
581: 1990 1599 1154 940
582: 2073 732
583: 1896 1816
584: 905 689
585: 2204 1424
586: 1210
587: 680
588: 2064 1960 1702 1272 1125
589: 1640 1557 1280 809
590: 725
591: 1644
592: 1022
593: 1742 1701 885
594: 796
595: 1918 682
596:
597: 706
598: 2318 1924
599: 2189 1905 1516 1063 672
600: 1986
601: 1428 1172 1064
602: 1657 1415
603: 754
604: 1534 1361 1138
605:
606:
607: 2045
608: 994
609: 2058 1193 1162
610: 1824
611:
612: 799 748
613:
614: 1660 1252
615: 1566 1515 982 909
616: 813
617:
618: 1934 1636 1530
619: 947
620: 1979 1188 992 811
621: 1168 1078
622:
623: 1668 1558 1060
624: 1143
625: 1594 1261
626: 1195 826
627: 822
628:
629: 1673 914
630: 1167 1031 1009
631: 1588
632: 1336 1136
633:
634: 1946 1094 984
635:
636: 2071 1310
637: 1007 972 934 853
638: 1003 851
639: 2252
640:
641:
642: 1056
643:
644: 784
645: 1008
646:
647: 2242 804
648:
649: 1163 970
650:
651: 1103
652: 1496
653: 1621 1258 957
654: 1799 1667
655: 1880
656: 1650
657: 729
658:
659: 833
660: 2205 1983 1982 1520
661: 1276
662: 1440
663: 1630 1189
664:
665: 1485 965 933 835 733
666: 829
667: 797
668:
669: 1323
670: 1000 903
671:
672:
673: 1555
674:
675: 1325
676: 1251
677: 1845 1019
678: 2197 1734
679:
680:
681: 1187 916
682: 1147
683:
684:
685: 1875 1703 1688 1296 863
686:
687: 1337
688: 1458
689: 2168 1962
690: 1211
691: 2278 977
692: 913
693: 1829 1477 882
694:
695: 800
696:
697: 2101 1278 1213
698: 1299 960
699: 1028
700: 2291 2184
701: 1473 1058 1052
702: 1027
703: 1827
704: 1749 945
705: 2180 907 783
706:
707: 924
708:
709: 1275
710:
711: 1798
712: 1077
713: 2272 2261 1796
714: 1005
715: 1474
716:
717: 873
718: 1501
719: 1884 1782
720:
721:
722: 1646
723: 1850 1201
724: 820
725: 2172
726: 1224
727: 1495 1288
728: 1207
729: 1179
730: 1319
731:
732: 959
733: 1438 1190
734: 2123 1420 1286 896
735: 1847
736: 2176
737: 1900 1561 1277
738: 1370
739:
740:
741:
742: 1412
743:
744: 1029
745: 1938 1777 1617 1587 1446 1057
746: 2203 1120
747: 1488
748: 1255
749:
750: 1507
751: 2140 1486
752: 891
753:
754: 2250 1242 1088 890
755: 2229
756: 2261 1796 1388
757: 1643 1123
758: 939
759: 1192 1114 1039 973
760:
761: 966
762: 1925 1408 1341
763: 1339 870
764: 1502 1208
765:
766:
767:
768: 1910
769: 1947 1668 1558
770: 1648
771: 1248 1246 910
772:
773: 1778 850
774:
775: 1109
776: 1535 1212
777: 1618 845
778: 1932 1731
779: 1739
780:
781:
782:
783:
784:
785: 1691
786: 1947 974
787: 2096
788:
789: 986
790: 1349
791: 2116
792: 1927 1297
793: 2070 1504 876
794:
795: 1879 1718 1359
796:
797:
798:
799: 2099 1181 1074
800:
801:
802: 1517 1498 932
803:
804: 1499 1244 997 989
805:
806:
807:
808: 1552 1481 1284 897
809: 2104
810: 1910 1604 1532
811: 1525
812: 1260 1086
813: 2024
814: 1368 908
815: 1700
816:
817: 1853 1105
818: 1673
819: 2046 1037
820: 1962
821:
822: 1048
823: 1942
824:
825: 2191
826: 2129 1417
827: 1774
828: 1158 963
829:
830: 929
831: 2201
832: 1159 886
833:
834: 1396
835: 1023 948
836: 1106
837: 2316
838:
839:
840:
841:
842:
843: 1298 1265
844: 1202
845:
846: 1926
847: 1376
848: 2213 1249
849: 1436
850: 1955 1374
851: 1930 1243
852: 1660
853: 2238 1356 1241
854: 1546 1034
855: 2117
856: 946 931
857: 1667 917
858: 2188 1089
859:
860:
861:
862: 1776 1289
863: 1169 1127
864: 1398 1269 1149
865: 2080
866:
867:
868: 2137 1878 1407
869: 2313
870:
871:
872:
873: 1583
874: 1768
875:
876:
877: 1222
878:
879: 1435 1340
880: 1632
881: 1459
882: 1155
883: 1543
884: 1884 1018
885:
886:
887: 2110 1264
888: 1610
889: 2000 941
890: 1692
891:
892: 1544
893: 2233 1686
894: 1559
895:
896: 1220
897:
898: 1886 1883 1287 1020
899:
900: 2265 2017 1654
901: 2161
902: 1697 1460
903:
904:
905: 1772
906:
907: 2322 1806
908:
909: 1469
910: 1784 1283 1102
911: 2261 2041 1465
912:
913: 1253 980
914: 2304 2106
915: 2210 2142 2067
916:
917: 2244 1699
918:
919: 1533
920: 2138 2118 1721
921: 1059
922:
923: 1470
924:
925:
926:
927: 2315 2201
928:
929:
930: 1182
931: 1456
932: 1858 975
933: 1855
934: 1426
935: 1491
936:
937:
938: 1969
939:
940: 2327 1517 1498
941: 1021
942: 1010
943: 1947 1036
944: 1941
945: 1864
946:
947: 2214 1585
948:
949: 1100
950:
951:
952: 1526
953: 1537
954: 1713
955:
956:
957: 1911 1321
958: 1237
959: 2210 2142 2067
960:
961: 1456
962: 1891
963: 1743
964: 1762
965:
966:
967: 1783
968: 2044 1917 1054
969:
970: 1837 1483 1320
971: 1170 1062
972:
973:
974: 2293 2094 1014
975:
976: 1655 1639 1635 1267
977: 2273 1065
978: 1429 1256
979: 1987
980:
981: 1433
982:
983: 1466
984: 1759
985: 1679 1080
986: 1231
987: 2014 1968 1445
988: 2102 1971 1235
989: 1369
990: 1758 1104
991:
992: 1093
993:
994: 1694 1209
995: 2296 1921
996:
997:
998:
999: 2012
1000: 1723
1001: 1302
1002: 2055 2022
1003: 1236
1004:
1005: 2292 1357
1006: 1570 1087
1007: 1898
1008:
1009: 2181 1363
1010: 1140
1011:
1012: 1350
1013: 1301
1014: 1631
1015: 2240
1016: 1977
1017:
1018:
1019: 1423 1409
1020: 2294
1021: 1484
1022: 2175 1786
1023:
1024: 1716
1025: 1204
1026: 1835
1027: 1956 1953 1091
1028:
1029:
1030: 1991
1031: 2153 2061 1830
1032:
1033: 1607
1034: 2206
1035: 1942 1085
1036:
1037: 1500
1038:
1039: 1427
1040:
1041: 1259
1042:
1043: 1219
1044: 2056
1045: 1118
1046: 1492
1047:
1048: 2125
1049: 2109
1050:
1051:
1052: 1347 1183
1053: 1365
1054: 2232 2086
1055:
1056: 1860
1057:
1058: 2013
1059: 1758 1130
1060:
1061:
1062: 1200
1063:
1064: 1137
1065: 1268
1066:
1067: 2100
1068: 1315
1069:
1070:
1071:
1072:
1073: 1442
1074:
1075: 1522
1076:
1077:
1078:
1079: 2057
1080: 2228
1081:
1082:
1083:
1084: 1746 1497 1290
1085: 1996 1862 1441
1086:
1087:
1088: 1959
1089:
1090: 2230
1091:
1092:
1093:
1094: 1984 1949 1696
1095:
1096:
1097:
1098: 2327 2170 1313
1099: 1234
1100: 1887
1101: 2128
1102: 2194
1103: 2132 1317
1104:
1105: 1214
1106: 1308
1107: 1753
1108:
1109: 1801
1110:
1111: 1529
1112:
1113:
1114: 1996 1862 1270
1115: 1518 1332
1116: 2019 1631 1540
1117:
1118: 1233
1119:
1120:
1121:
1122:
1123: 1695
1124:
1125: 1780
1126: 2126
1127: 1622
1128:
1129:
1130:
1131:
1132:
1133: 1322
1134: 2134
1135: 1730
1136:
1137: 1279
1138:
1139:
1140: 1489
1141:
1142: 2276
1143:
1144:
1145: 1752
1146: 1768 1444
1147:
1148: 1316 1291
1149:
1150: 1603
1151: 1447
1152: 1311
1153:
1154:
1155:
1156:
1157:
1158: 1813
1159: 1358
1160:
1161: 2134 1238
1162: 2173
1163:
1164:
1165: 1416
1166: 2158 1342
1167: 2253
1168: 1581
1169: 2289 2065 1961 1843
1170:
1171:
1172: 2186
1173: 1757
1174:
1175:
1176: 2027
1177: 1831
1178: 1556
1179:
1180: 1263
1181:
1182:
1183:
1184: 1974 1565
1185: 1364
1186: 1680 1461
1187:
1188: 2202
1189: 1402
1190: 1672
1191:
1192: 1606
1193:
1194:
1195:
1196: 1725
1197: 2102 1971
1198:
1199:
1200: 1978 1569
1201: 1908
1202:
1203: 2287 1689
1204:
1205:
1206: 1531
1207:
1208:
1209:
1210:
1211:
1212:
1213:
1214: 1281
1215:
1216: 2239 1663
1217:
1218:
1219:
1220:
1221:
1222: 1973
1223:
1224:
1225: 1904 1828 1790
1226: 1980
1227:
1228:
1229:
1230: 1554
1231:
1232:
1233: 1963
1234: 1729
1235: 2106
1236: 1748 1443
1237:
1238: 2167
1239: 2083
1240: 2180
1241:
1242:
1243:
1244:
1245:
1246:
1247: 1387
1248: 2143
1249:
1250:
1251:
1252:
1253:
1254: 1541
1255:
1256:
1257: 2212
1258:
1259: 1642
1260: 1414 1334
1261:
1262: 1563
1263: 1682 1527
1264: 1981
1265:
1266:
1267: 2215
1268:
1269: 1592
1270:
1271:
1272: 2082
1273:
1274:
1275: 2110 1975 1625
1276: 1848
1277: 2084 1523
1278: 2317 1506
1279:
1280: 1647
1281:
1282: 2189
1283:
1284:
1285:
1286:
1287:
1288: 1579
1289: 1881
1290: 1792 1724 1560
1291:
1292:
1293:
1294:
1295: 2051
1296:
1297: 1521
1298:
1299: 2193 2133 1751
1300:
1301: 1608
1302:
1303:
1304: 1821
1305: 1867 1740 1712
1306: 1997 1487 1392
1307: 1425
1308:
1309: 1448 1383
1310:
1311:
1312: 1525
1313:
1314:
1315: 2297
1316:
1317:
1318:
1319: 2272
1320: 1759
1321:
1322: 1674
1323: 2227 1885
1324:
1325: 1372
1326: 1612
1327:
1328:
1329: 2311 2032 1553
1330:
1331: 1564
1332:
1333:
1334: 1616 1580
1335: 1978 1503
1336:
1337: 2219 1401
1338: 1476
1339: 1845
1340: 1597
1341:
1342: 1797
1343:
1344: 1695
1345:
1346: 2155
1347:
1348:
1349:
1350:
1351:
1352: 2282 1836
1353: 2154 1419
1354:
1355:
1356:
1357:
1358:
1359: 2009
1360:
1361: 2324 1451
1362: 1770
1363:
1364:
1365:
1366: 2015 1572
1367: 1548
1368: 1462
1369: 2087
1370:
1371:
1372: 2247
1373:
1374: 2059
1375: 2117
1376: 2284 1626 1536
1377: 1844
1378:
1379:
1380:
1381: 2217
1382: 2043
1383:
1384: 1989 1807 1623
1385: 1998
1386:
1387:
1388:
1389: 1457
1390: 1907
1391:
1392: 2114
1393:
1394:
1395:
1396: 2154
1397: 1991
1398:
1399:
1400:
1401: 1793
1402:
1403:
1404: 1709
1405:
1406:
1407:
1408:
1409:
1410:
1411: 2270
1412:
1413:
1414:
1415:
1416:
1417:
1418: 1965
1419:
1420: 2222
1421:
1422:
1423:
1424:
1425:
1426:
1427:
1428:
1429: 1795
1430: 2139
1431:
1432: 2283
1433:
1434: 2306
1435:
1436: 1810
1437: 1977
1438: 2068
1439:
1440:
1441:
1442: 2259 1687
1443:
1444:
1445: 2037 1779 1676
1446:
1447:
1448: 2286 1800
1449:
1450: 2148
1451: 1894
1452:
1453:
1454:
1455: 1902
1456:
1457:
1458:
1459:
1460:
1461: 2153
1462: 1823
1463:
1464:
1465:
1466: 2243
1467:
1468:
1469: 1550
1470: 2078 1999
1471:
1472: 1602 1571
1473:
1474:
1475:
1476: 1656
1477: 1857
1478: 1804 1590
1479:
1480:
1481: 1903 1838
1482:
1483:
1484:
1485:
1486:
1487: 1919
1488:
1489:
1490: 2256
1491:
1492: 1677
1493:
1494:
1495: 2026
1496:
1497:
1498:
1499:
1500:
1501:
1502: 1920
1503: 1567
1504:
1505:
1506:
1507: 2232 2086
1508: 2221
1509:
1510:
1511: 2049
1512:
1513: 1948 1870
1514:
1515: 1954 1619
1516:
1517:
1518:
1519:
1520:
1521:
1522:
1523: 1976
1524: 1906 1736
1525:
1526: 1684 1613
1527: 1722
1528: 1741
1529:
1530:
1531:
1532:
1533:
1534:
1535:
1536:
1537:
1538:
1539:
1540: 1940
1541:
1542:
1543: 2225
1544:
1545:
1546: 2208 2170
1547:
1548: 2321
1549:
1550: 2202 1802
1551:
1552: 2066 1788
1553: 2269 1840
1554: 1929
1555:
1556:
1557: 1897 1747
1558:
1559:
1560: 2315
1561:
1562: 2024
1563:
1564: 2325
1565: 2057
1566:
1567:
1568:
1569:
1570:
1571:
1572: 2195
1573:
1574:
1575:
1576:
1577:
1578:
1579:
1580: 2074
1581:
1582:
1583:
1584: 1803
1585:
1586: 2062
1587:
1588:
1589:
1590:
1591: 1638
1592: 1633
1593:
1594: 1706
1595:
1596: 2010
1597: 1652 1649
1598:
1599:
1600:
1601:
1602: 1922
1603:
1604: 2312
1605:
1606: 2054 1933
1607:
1608: 2124 2030
1609:
1610: 2169
1611:
1612: 2050 1678
1613:
1614:
1615:
1616: 2237
1617:
1618:
1619:
1620:
1621: 1876 1664
1622: 2279 2076 1773
1623:
1624: 1789
1625:
1626: 1993
1627: 2307 2103
1628: 1820
1629:
1630: 1666
1631: 2316
1632:
1633:
1634:
1635:
1636:
1637:
1638:
1639:
1640:
1641: 1669
1642:
1643:
1644:
1645: 2115
1646:
1647:
1648: 1698
1649: 1714
1650:
1651:
1652:
1653: 1717
1654:
1655:
1656: 1889
1657:
1658:
1659:
1660: 1779
1661: 2035
1662:
1663: 1832
1664:
1665:
1666:
1667:
1668:
1669:
1670:
1671: 1710
1672: 2040
1673:
1674:
1675:
1676:
1677:
1678:
1679:
1680: 2029
1681:
1682: 2077
1683: 2327
1684: 2247 1818
1685:
1686:
1687:
1688: 1877
1689:
1690: 1939
1691:
1692:
1693: 2132
1694:
1695:
1696:
1697:
1698: 1771
1699: 2003
1700: 2234
1701:
1702: 2085
1703: 2171 2047
1704:
1705: 1794
1706: 2075
1707:
1708: 1851 1765
1709:
1710: 1755
1711:
1712:
1713:
1714:
1715: 1895
1716:
1717: 2081
1718:
1719:
1720:
1721:
1722:
1723:
1724:
1725:
1726:
1727:
1728:
1729:
1730:
1731:
1732:
1733:
1734:
1735:
1736:
1737:
1738: 2127
1739:
1740:
1741:
1742: 1872
1743:
1744:
1745:
1746: 2034
1747:
1748:
1749: 2130
1750:
1751:
1752:
1753: 2192
1754:
1755:
1756: 2230
1757: 1935
1758:
1759: 1951 1893
1760:
1761:
1762:
1763:
1764:
1765:
1766:
1767: 2275 2263
1768:
1769:
1770:
1771:
1772:
1773: 2052
1774:
1775:
1776:
1777:
1778:
1779:
1780:
1781: 2250
1782:
1783:
1784:
1785: 2053 1866
1786: 1899
1787:
1788:
1789:
1790:
1791:
1792:
1793:
1794:
1795: 2218 2038
1796:
1797: 1914
1798: 1856
1799:
1800:
1801:
1802:
1803:
1804:
1805:
1806: 2183
1807:
1808:
1809:
1810:
1811: 2072
1812:
1813: 1995
1814: 1979
1815:
1816:
1817:
1818:
1819: 2326
1820:
1821:
1822:
1823:
1824: 2063
1825: 2088
1826:
1827:
1828:
1829: 2092
1830:
1831:
1832:
1833:
1834: 2275 2263
1835:
1836:
1837:
1838:
1839:
1840:
1841:
1842:
1843: 2159
1844:
1845:
1846: 2042 1937
1847: 1943
1848:
1849:
1850: 2060
1851:
1852:
1853: 2023
1854:
1855:
1856:
1857:
1858:
1859:
1860:
1861:
1862:
1863: 2301
1864: 2090
1865: 2251 2209
1866: 2151 1988
1867:
1868:
1869:
1870:
1871:
1872:
1873:
1874:
1875:
1876:
1877:
1878:
1879: 1970
1880: 1964
1881:
1882:
1883:
1884:
1885:
1886:
1887: 2241
1888:
1889:
1890:
1891:
1892:
1893:
1894:
1895:
1896:
1897:
1898:
1899: 2235
1900:
1901:
1902:
1903:
1904:
1905:
1906:
1907:
1908:
1909:
1910:
1911:
1912:
1913: 2097
1914:
1915:
1916:
1917:
1918:
1919:
1920:
1921:
1922:
1923:
1924:
1925:
1926:
1927: 2069
1928:
1929:
1930:
1931: 2178
1932: 2111
1933:
1934:
1935:
1936:
1937:
1938:
1939: 2184
1940:
1941:
1942:
1943:
1944:
1945:
1946: 2001
1947:
1948:
1949:
1950:
1951:
1952:
1953:
1954: 2196
1955:
1956:
1957:
1958:
1959:
1960: 2005
1961:
1962: 2162
1963:
1964:
1965:
1966:
1967:
1968:
1969:
1970:
1971:
1972: 2145
1973:
1974:
1975:
1976:
1977:
1978:
1979:
1980:
1981:
1982:
1983:
1984:
1985:
1986:
1987:
1988:
1989:
1990:
1991:
1992:
1993:
1994:
1995:
1996:
1997:
1998:
1999:
2000:
2001:
2002:
2003: 2095
2004: 2245
2005:
2006:
2007:
2008:
2009:
2010:
2011:
2012:
2013:
2014:
2015:
2016:
2017:
2018: 2136 2122
2019:
2020:
2021:
2022: 2290
2023:
2024:
2025: 2236
2026:
2027:
2028:
2029:
2030:
2031:
2032:
2033: 2131
2034:
2035:
2036:
2037: 2093
2038: 2211
2039:
2040:
2041:
2042:
2043:
2044:
2045:
2046:
2047:
2048:
2049:
2050:
2051:
2052:
2053:
2054:
2055:
2056:
2057:
2058:
2059:
2060:
2061:
2062:
2063:
2064:
2065:
2066: 2174
2067:
2068:
2069:
2070:
2071:
2072:
2073:
2074:
2075:
2076:
2077:
2078: 2157
2079: 2144
2080:
2081:
2082:
2083:
2084:
2085:
2086:
2087:
2088:
2089:
2090:
2091:
2092:
2093:
2094:
2095:
2096: 2141
2097:
2098:
2099:
2100:
2101:
2102:
2103:
2104: 2231
2105:
2106:
2107:
2108:
2109:
2110:
2111:
2112: 2309
2113:
2114:
2115:
2116: 2254 2156
2117:
2118:
2119:
2120:
2121:
2122:
2123: 2224
2124:
2125:
2126:
2127:
2128: 2199
2129:
2130:
2131:
2132:
2133:
2134:
2135:
2136:
2137:
2138:
2139:
2140:
2141:
2142:
2143: 2200
2144:
2145: 2308
2146:
2147: 2267
2148:
2149:
2150:
2151:
2152:
2153:
2154: 2302
2155:
2156:
2157:
2158:
2159:
2160:
2161:
2162: 2314
2163:
2164: 2260
2165:
2166:
2167:
2168:
2169:
2170:
2171:
2172:
2173:
2174:
2175:
2176:
2177:
2178:
2179:
2180:
2181:
2182:
2183:
2184:
2185:
2186:
2187:
2188:
2189:
2190:
2191:
2192:
2193:
2194:
2195:
2196:
2197:
2198:
2199:
2200:
2201:
2202: 2257
2203:
2204:
2205: 2277
2206:
2207:
2208:
2209:
2210:
2211:
2212:
2213: 2268
2214:
2215:
2216:
2217:
2218:
2219:
2220:
2221:
2222:
2223:
2224:
2225:
2226:
2227:
2228:
2229:
2230:
2231:
2232:
2233:
2234:
2235:
2236: 2264
2237:
2238:
2239:
2240:
2241:
2242:
2243:
2244:
2245:
2246:
2247:
2248:
2249:
2250:
2251:
2252:
2253:
2254:
2255:
2256:
2257:
2258:
2259:
2260:
2261:
2262:
2263:
2264:
2265:
2266:
2267:
2268:
2269:
2270:
2271:
2272:
2273:
2274:
2275:
2276:
2277:
2278:
2279:
2280:
2281:
2282:
2283:
2284:
2285:
2286:
2287:
2288:
2289:
2290:
2291:
2292:
2293:
2294:
2295:
2296:
2297:
2298:
2299:
2300:
2301:
2302:
2303:
2304:
2305:
2306:
2307:
2308:
2309:
2310:
2311:
2312:
2313:
2314:
