1: 573 543 460 431 192 8 1
2: 559 251 204 13 12 2
3: 351 260 39 37 17
4: 391 352 336 202 119 28 22 9
5: 557 499 264 229 226 148 130 119 115 94 88 75 39 37 28 22 17
6: 582 540 300 104 48 6
7: 436 329 248 241 233 217 118 90 70 29 19
8: 579 562 499 226 130 74 43 38 11 10
9: 540 139 84
10: 260 99 80 5 4 3
11: 230 227 146 53 27
12: 329 118 90 70 33
13: 114 112 40 15 7
14: 571 544 468 292 123 69
15: 433 253 86 24 14
16: 78 61 26 18
17: 544 292 180 123 65 20 16
18: 540 499 469 276 226 100 21
19: 52 25
20: 470 469 335 276 149 100 73
21: 540 448 360 296 76 58 54 32 23
22: 453 411 325 288 266 176 156 71 42 35
23: 338 248 241 231 171 117 59 46 31 30
24:
25: 385 161 126 36 34
26: 390 268 213 154 120 68 63
27: 338 209 93
28:
29:
30: 111
31: 476 388 386 294 49 45 44 41
32: 338 169 99 80 79
33: 557 264 229 148 94 67
34: 536 499 238 226 212 130 104 69 56
35: 164 158 72 60 47
36: 520 393 335 296 248 241 174 149 81 73 51 50
37: 488 378 341 315 244 104 69 56
38: 564 238 212
39: 300 77
40: 341 315 244 57
41: 497 144 62
42: 393 345 281 182 174 81
43: 224 133
44: 389 331 210 55
45: 571
46: 476 453 411 325 288 261 156 71 64
47: 499 226 130
48: 180 66
49: 412 246 201 187 160 98
50: 376 338 216 197 181 127
51: 166
52:
53: 434 147 97
54:
55: 305 185 173 159 106
56: 536 189 188 167
57: 217
58: 334 328 303
59: 334 303 82
60: 291
61: 536 465 189 188 167 96
62: 345 281 182 176 138 116 103 91
63: 316 259 240 137 134
64: 306 206 195 141
65: 368 350 175 131
66: 520 83
67: 559 512 306
68: 561 558 507 151
69: 432 286 190
70: 335 87
71: 493 304 266 234 176 107 95 92 89 85
72: 351
73: 579 355 151 104
74: 457 435 405 377 327 311 297 282 111
75: 220 163 140 136
76: 237 102 101
77: 197
78: 579 562 557 536 518 264 261 229 189 188 143 135 113
79: 527 457 453 435 411 377 325 309 288 285 263 145
80: 546 501 362
81: 237 125
82: 121
83: 561 558 507 155 142
84: 563 561 558 507 420 310 205 142
85:
86: 352 108
87: 540 370 313 105
88:
89: 569 214 211 183
90: 355
91: 487
92: 139
93: 109
94: 423 278 179 110
95: 359 128
96:
97: 320 178
98:
99:
100: 585 567 484 217
101: 458 357 330 199
102:
103: 254
104: 225
105: 563 310 221 186 124
106: 376 216 181
107: 418
108: 275 203 132
109: 208
110: 129
111: 164 122
112: 230 227 146
113: 520 475 458 457 435 377 376 216 200 199 194 181 145
114: 252
115: 467 437
116: 527 309 285 263
117: 408
118: 261 143
119:
120: 321 193
121: 150
122:
123: 191
124: 360
125: 152
126: 537 442 326
127: 553
128: 209
129:
130:
131: 235 168 165
132: 393 153
133:
134: 367 170
135: 471 449
136:
137: 162
138:
139: 426 157
140:
141:
142: 479 317
143: 413
144: 476 386 294
145: 549 500
146: 524
147: 333 284
148: 440
149: 373 172
150: 415 395 289
151:
152: 441 271
153: 404
154: 372 353 280
155: 363 218
156: 391 336 202
157: 184
158: 255
159: 283 177
160:
161: 219
162: 401
163: 401 270
164:
165: 308 272
166: 364
167: 461 315
168: 468
169: 550 358 228
170:
171:
172: 332 279 239
173: 207
174: 258
175: 423 278
176: 576 456
177: 298 249
178:
179:
180:
181: 215
182: 198 196
183: 299
184:
185: 265
186: 447 410 344
187: 580
188:
189:
190: 429
191: 555 552 397 223
192:
193:
194: 560 354 347
195: 545 508 380
196: 222
197: 534 287
198: 312
199: 269 257
200: 509
201: 498 495
202: 301
203: 527 309 285 263
204: 295
205: 523 498 495 445 343
206: 367
207:
208: 581 468
209:
210: 274 245
211: 307
212: 365
213: 302
214: 247
215:
216: 232
217:
218: 371
219:
220:
221: 391 336
222:
223:
224: 571 383 346
225: 448 352
226: 537 442
227: 438 290 243
228:
229:
230:
231: 375
232: 256
233: 314
234: 407
235: 471
236:
237: 416 356
238:
239: 322 236
240: 250
241: 459 387 242
242:
243: 400
244:
245:
246: 566 361
247:
248: 564 293
249:
250:
251: 474
252:
253:
254: 450
255:
256:
257: 427 349
258: 262
259:
260:
261: 273
262: 277
263: 533 443
264: 502
265: 537 442
266:
267:
268: 409
269:
270:
271: 430
272: 399 382
273: 267
274:
275: 569 319
276: 463
277:
278: 318
279: 369 348
280: 403
281:
282:
283: 585 484
284:
285: 532
286:
287: 406
288: 374
289: 408
290: 340
291:
292:
293: 337
294:
295:
296: 324 323
297: 524 455
298: 459
299:
300: 384
301:
302: 481 466 421
303: 454
304: 539
305:
306:
307:
308:
309:
310: 519
311: 492 396
312: 452
313:
314:
315:
316: 561 558 383
317: 439 381
318:
319: 547
320: 470
321:
322:
323: 486
324:
325: 451
326:
327:
328:
329: 402 342
330: 436
331: 585 484 339
332:
333:
334: 531 379
335:
336:
337:
338: 366
339:
340: 425
341: 572
342: 512
343: 422
344:
345: 510
346:
347:
348: 582
349: 424
350: 417
351:
352:
353: 526
354:
355: 392
356:
357:
358:
359:
360: 473
361:
362:
363:
364: 519 398
365:
366: 545 508 464
367:
368: 414
369:
370:
371:
372:
373: 521
374:
375:
376:
377: 482
378:
379: 516
380:
381:
382:
383:
384: 535
385:
386:
387:
388:
389: 394
390: 477
391: 483 428
392: 575
393: 478
394:
395:
396:
397: 513
398:
399:
400:
401:
402:
403:
404: 480
405: 515 419
406: 522
407:
408: 446
409:
410:
411: 444
412:
413:
414:
415:
416: 525
417:
418:
419:
420: 494
421: 462
422: 506
423:
424:
425: 444
426:
427:
428:
429:
430:
431:
432:
433:
434:
435:
436: 570
437: 489 485
438:
439:
440:
441:
442: 505
443: 514
444:
445:
446:
447: 530
448: 586
449:
450:
451:
452: 584
453:
454:
455: 531
456: 577
457: 472
458: 491
459: 565
460:
461:
462:
463:
464:
465:
466:
467: 568 504
468:
469:
470:
471:
472:
473:
474:
475:
476:
477:
478: 574
479:
480:
481: 542
482:
483:
484:
485:
486:
487: 529
488:
489:
490:
491:
492:
493: 496
494:
495:
496: 503
497:
498:
499:
500:
501:
502:
503:
504:
505:
506:
507:
508:
509: 490
510:
511:
512:
513:
514:
515:
516:
517:
518: 528
519:
520:
521: 569 517 511
522:
523:
524:
525:
526: 554
527:
528:
529:
530:
531: 548
532:
533: 551
534:
535:
536:
537:
538:
539:
540:
541:
542:
543: 541
544:
545:
546:
547:
548:
549:
550: 538
551:
552:
553:
554:
555:
556:
557:
558: 556
559:
560:
561:
562:
563:
564:
565:
566:
567:
568:
569:
570: 578
571:
572:
573:
574:
575: 583
576:
577:
578:
579:
580:
581:
582:
583:
584:
585:
586:
587:
588:
589:
590:
591:
592:
593:
594:
595:
596:
597:
598:
599:
600:
601:
602:
