1: 86 24 7 5 2
2: 1131 768 488 325 297 216 188 176 121 91 1
3: 891 356 157 152 106 28 16
4: 1360 1333 1131 680 560 485 393 363 325 321 297 242 210 200 138
5: 1236 983 579 502 435 69
6: 1382 908 767 535 304 283 143 130 86 70 62 6
7: 1362 561 97 43 29 20 18 17 9
8: 1252 1124 787 665 619 322 292 274 273 94 88 15 13 3
9: 953 47 42 27 12
10: 626 331 126 83 55 31
11: 1289 1162 1023 865 681 392 72 53 34 30 26 23 4
12: 1382 1364 1260 535 332 330 143 70 6
13: 1360 768 680 485 363 321 278 239 221 216 195 188 32 22 21 10 8
14: 1521 945 808 649 469 445 387 285 241 191 100 19
15: 1564 1519 1181 661 539 511 366 60
16: 596 119 11
17: 1400 1142 844 762 247 139 87 41
18: 1340 651 472 187 76 14
19: 1474 1324 1297 893 881 779 764 420 245 146 120 99 67 59
20: 1422 1173 1085 1045 627 601 240 136 56 50
21: 1164 823 57
22: 1513 1305 1195 726 464 248
23: 865 651 606 587 472 416 392 288 265 187 127 110 108 76 72 53 40 35 34 30 25
24: 1539 1052 372 153
25: 71 65
26: 366 60 48
27: 833 789 655 346 115 82 79
28: 1545 1411 1060 787 518 362 303 236 202 201 197 133 125 101
29: 198 90 68 66 61
30: 1260 113 52 38
31: 946 940 686 563 388 276 211 193 111
32: 576 486 103 75 46 33
33: 1082 742 657 620 151 145
34: 1299 1095 721 559 552 166
35: 1357 1231 884 695 692 611 536 455 403 347 250 98 37
36: 968 606 288 108 49
37: 586 220 84 45
38: 1379 1224 316 259 170 58
39: 1569 1519 1181 986 812 539 161 39
40: 973 609 429 89
41: 469 36
42: 679 475 117 63
43: 1368 376
44: 1449 140 131 54
45: 811 636 484 144
46: 185 77
47: 1502 991 614 344 169
48: 1164 1094 849 823 450 154 132 57
49: 1519 1181 737 539 511 231 229
50: 1265 1180 963 383 218 155 137 51
51: 540 149 112
52: 1279 807 78
53: 1428 426 417 268 168 44
54: 1539 1042 450 431 318 232 213 174 156 154 147 132
55: 1545 1060 303 133 125 101 81
56: 1359 967 702 148
57: 908 767 130
58: 1414 1331 1292 1277 1208 1073 884 594 591 565 421 415 408 407 398 257 238
59: 1414 591 565
60: 1243 891 705 482 322 273 94
61: 903 342
62: 1131 325 297 210 138 114 104
63: 1578 1488 1106 447 432 334 320 314 270 260 258 107 95
64: 1252 1124 858 292 279 274 129 64
65: 1445 934 557 405 206 135 109
66: 563 211
67: 946 940 686 388 193
68: 1111 977 509 291 246 134
69: 1032 976 972 835 768 629 548 482 454 322 273 178 124 73
70: 764 204
71: 74
72: 1479 1276 1165 437 118
73: 1514 723 293 223 123 105
74: 748
75: 377 162
76: 1578 1106 334 320 260 258 173
77: 1360 680 485 363 321 85
78: 622 580 227 150
79: 609 551 514 429 80
80: 1211 1207 1153 1143 445 285 241
81: 830 752 295 252
82: 116
83: 1042 318 174 156 96
84: 1487 901 772 677
85: 1463 233
86: 549 135
87: 693 350
88: 1422 1085 781 748 377 162
89: 93
90: 1376 1334 1191 528 517 513 494 439 375 353 340 255
91: 1426 688 554 92
92: 1018 907 883 267
93: 1289 1162 181
94: 1520
95: 1451 1423 964 755 592 477
96: 1504 339 284
97: 1367 1196 271 264 182 102
98: 787 201 186
99:
100: 551 514
101: 815 747 630
102: 1360 1226 680 485 363 321
103: 1142 844
104: 1183 1052 884 547 407 372 348 238
105: 1293 573
106: 1159 394
107: 1402 1149 142
108: 1554 360 214
109: 1183 1131 1098 959 634 578 325 297 210 196 194 172 138 128
110: 1386 1355 1334 1157 1090 659 179
111: 287 141 122
112: 1577 1555 714 662 222
113: 951 167 165 160
114: 1331 1292 1208 594 421 398
115: 1540 1225 1210 1098 959 805 578 196 194
116: 1353 1026 711 599
117:
118: 323 315 217
119: 692 294
120: 1479 1276 437 412 409
121: 1463 1169 641 254 159
122: 1161 368
123: 1464 1169 1036 641 192 190
124:
125: 367 275 164
126: 158
127: 1256 570
128: 1554 1028 328 278 239 221 195
129: 1464 219
130: 661 184
131: 298
132: 1331 1292 1208 930 594 520 421 398
133: 1320 1318 1285 741 548 425 163
134: 1442 798
135: 411 183 180
136: 622 227 175
137: 685 592 423 358 296
138: 629 454 178
139: 1422 1085
140: 874
141: 1183 1177 991 717 614 547 348 344 171
142: 1052
143: 1332 482
144: 1546 1125 994
145: 749 352 351
146: 1094 849
147: 828 305 177
148: 1310
149: 393 242
150: 1454 1400 1055 762 582 470 462
151: 209 189
152: 1482 1047
153: 1248 327 243
154: 896 782 701
155:
156:
157: 779
158: 1246 1152 449
159: 1365 1364 756 738
160: 1560 700 648 237
161: 1246 1152 205
162: 1130 1076 1068 1029 840
163: 1525 1309 790 650 600 546 515 424 384
164: 1231 695 566 299
165: 1191 687
166: 1381 1156 1052 1012 678 530
167: 1465 1318 741 425 207
168: 707
169: 1329 228
170: 1563 621 266
171: 522 311 249
172: 579 502
173: 337
174: 1361 1020 810 635 215
175: 1364 751
176: 1461 1391 1359 967 898 744 639 572 436
177: 549 282 199
178: 1564 1415 289
179: 1376 528 439 375 353
180: 593 467 203
181: 1552 1386 1176 389 343 341 300 253 225
182:
183: 1448 1303 1166 319
184: 1478 1132 592 296
185: 1101 685 423 358 302 234
186: 643 277 212
187: 1391 675 463 422
188:
189:
190: 244 208
191: 1148 441
192: 1337 918 558 386
193: 1574 1526 1053 931
194: 538 317 226
195: 497 483 262
196: 1430 1279 1005 371
197: 1310 665 619 481
198: 1253 970
199: 569
200: 1474 1324 1297
201: 1538 1482 1037 1002 448
202: 790 546 515 424
203: 1028 328
204: 1306 1082 957 816 326 308
205: 623 235
206: 1546 286
207: 1390 399 333 280 224
208:
209: 834 269
210: 1548 637 605 313 290
211: 949 345 272
212: 866 862
213: 492
214: 556
215: 1569 927
216: 1032 976 835 230
217:
218: 692 403 347
219: 1464 1036
220: 827 564
221: 640 256
222: 1243 705
223: 1442 649 387
224: 1436 1300 1280 1147 410
225: 1229 1046 263
226: 251
227: 1423 477 281
228: 1091
229: 464 335
230:
231: 1011
232: 501
233: 717 592 296
234: 1484 763 708 497 483
235: 413
236: 1529 1460 1212 391 301
237: 1319 809
238:
239: 1545 1249 1053 811 636 484 444
240: 1031
241: 1463 1415 382
242: 868
243: 1187 465
244: 1344 824 370
245: 1215
246:
247: 929 806 783
248: 504 261
249:
250: 1242 855
251: 616 493
252: 573
253: 934
254: 632
255: 1090 659
256: 1146 418
257: 1255 813 612 349 309
258: 1432
259: 1179 607 507
260: 1381 1335 1156 503 359
261: 1082
262:
263: 1230 555
264: 646 380
265: 617
266: 1504
267: 414
268: 1519 1181 539 511
269: 1285 548
270:
271:
272: 791 604 598
273: 307
274: 1268 479
275: 888 757 753 583 397
276: 440
277: 312
278: 899 820
279:
280: 1403 868 819 590 354 336
281: 1100 831
282: 1267 845 624 419
283: 828
284: 1516 1030 406
285: 986 951 812 357
286: 1121 728 324
287: 1451 964
288: 306
289: 1416 992 760 491
290:
291: 837
292: 364
293: 832
294: 854
295: 668 329
296: 427
297: 1479 1276 625 499
298: 644
299: 1504 1368 1087 904 451
300: 1362
301: 893 881 420
302: 1272 842 401
303: 533 400
304: 1403 819 590 336 310
305: 1390 796
306: 1439 1412 1010
307: 1211 1153 784
308:
309: 985
310: 1354
311: 718
312: 716
313: 1467 1203 960 441 378
314: 1439 1412
315: 1394 1233 1021 785 748 743 725 719 693
316: 1227
317: 774 568
318: 519 480
319: 1492 374
320: 761 338
321: 950 703 669 577
322: 822 571
323:
324:
325:
326: 1291 544 529
327: 1177
328: 929 861 850 806 783 697
329: 1455 381
330:
331: 1372 1307 508
332: 673
333: 500 385
334: 456 369
335: 1086 821
336: 1312
337:
338: 361
339: 1239 1057
340: 724
341: 1540 1225 1170
342: 466 390
343: 1134
344: 682
345: 1056 545 355
346: 1360 680 485
347:
348: 638
349: 676
350: 1370 489
351: 922 912 584 562
352: 1533 699
353: 1213 585 550 402
354: 460
355:
356: 794 365
357: 1160
358: 1391 675 422
359: 1372 927 434 433
360: 1290 987
361: 1407 758 728 541 452 396
362: 1388 1065 506
363: 945 443
364: 1350 775 645
365: 1532 1234 1043
366: 618
367:
368: 709 615 613 602 525 457
369: 674 446 395 373
370:
371:
372: 1516 1030 892
373: 1495 932
374: 1180
375: 731 603
376:
377: 1560 700
378: 1462 1200 1186
379: 1132 379
380:
381:
382:
383: 1488
384:
385:
386: 1573
387:
388: 1550
389: 1235 727
390: 897
391: 1238
392:
393: 1541 792
394: 847 776 471
395:
396: 1227
397: 802
398: 1100 512
399: 1263
400: 973
401: 404
402: 931 800 581 474
403: 935 729 438
404: 1470 1127 978 838
405:
406: 1101 663 430
407: 1323 652 532
408:
409: 681 476
410: 745 671
411:
412:
413: 1143
414:
415: 1341 647
416: 1062
417: 1129 543 526
418: 827 564
419: 1489 1071
420: 1274
421: 553
422:
423: 851 428
424: 924 712 478
425: 1512 523
426: 521
427: 1022
428:
429: 1193
430:
431: 1061
432: 1178 516
433:
434: 1467 1203 960
435: 442
436: 910
437: 1114
438: 1371 1308 981 974
439: 459
440: 873
441: 1552 694
442: 1318 825 741 589 495 461
443: 1323 1174 759
444: 1279 1249 696
445: 1411 453
446:
447: 1559 628
448:
449: 1035 527 498 468
450: 473 458
451:
452: 1315 1111 656
453:
454: 1457 1108
455: 1006
456: 1457
457: 996
458: 894
459:
460: 1202 988 510
461: 932
462: 1386 1157
463: 1393
464: 531
465: 1540 1225 1170 781
466: 1529 1212
467: 633
468: 742 657 496
469:
470: 1119 1027 683
471: 684
472: 1457 1108 857 487
473: 1251
474:
475: 1304
476:
477: 886
478: 965 933
479: 1505 905 490
480: 574
481:
482: 1330
483: 1363 1137 691
484:
485: 1474 1324 1297 906
486:
487: 1111 575
488: 505
489: 1268 923 916 839
490: 1579
491: 1461 814
492:
493:
494: 1044 567
495: 917 537
496:
497: 730 715 658
498:
499: 688 524
500: 595
501: 1103 999 928 722
502: 608
503:
504: 1077 795 682
505: 1481
506: 1478 770 646
507: 1359 1197 967 937 898 744 639
508: 1121
509:
510: 956
511: 1141
512:
513: 534
514:
515: 1323 1174 1077
516: 1264 1220 734
517: 984
518: 1076 993
519: 1206 1122
520:
521:
522: 1281 1217
523:
524: 841 667 542
525: 1123
526: 1175
527:
528: 706
529:
530: 1423
531:
532:
533: 984
534:
535: 1080
536:
537: 1524
538: 1407 704
539:
540:
541:
542:
543: 1470 978 653
544:
545: 962
546: 1110
547: 1301
548: 1115 864
549: 942 766
550: 1138
551: 1201 773
552: 1018 883
553: 1386 1350 775
554: 1427 911
555: 720
556:
557:
558: 1420 1275 1004 631
559:
560: 588
561: 817
562: 896
563: 1545 805
564: 1465 610 597
565: 867
566: 736
567: 1332
568: 642
569:
570: 1021 725
571:
572: 818
573: 1400 762
574: 1255
575: 1050
576:
577: 1173 1045
578: 1250 664
579:
580:
581: 1356
582: 778 739
583: 1288 1139
584: 859
585:
586: 942 740
587: 765 689
588: 914
589:
590: 1474 1324 1297
591: 1279
592: 1234 1043 735
593: 927
594: 954
595: 995 930
596:
597: 1388
598: 1033
599: 1475
600: 1413 973
601:
602: 1099
603: 1116
604:
605: 1155 1014 943 654
606: 1579 1572 672 666
607: 870
608: 1011
609: 1262 660
610:
611: 780
612: 1416
613:
614:
615: 1069 803
616:
617: 1366 939
618:
619: 1479 1276 872
620:
621: 907
622: 1314 713
623: 1202
624: 990 875
625: 1112
626:
627: 1389 1269
628: 979
629:
630: 1515
631: 698
632:
633:
634: 1394 785 719
635:
636: 1506
637: 1063 919 786
638: 1340
639: 836
640: 1247
641: 975
642: 1500 797
643: 843 670
644:
645:
646: 754
647: 1523
648:
649: 1169
650: 1346
651: 848
652: 1196
653: 1010
654: 915
655: 997 980 856
656: 1277
657: 1345
658: 1524
659: 1070
660: 1565 1168
661:
662:
663: 966
664: 1483
665: 756 738
666:
667: 1385
668: 890
669: 1116 826
670: 1561 710
671: 925
672: 1389 1269
673: 690
674: 1195 1058 871
675:
676: 1001
677: 1163 817 746
678:
679:
680:
681: 1542
682: 1074
683:
684: 1013
685: 1126
686:
687: 1513 1305 732
688:
689: 1279 793
690: 829
691:
692: 1502 971 948
693:
694: 1271 1016
695: 1320
696: 1553
697: 1218
698: 938
699: 1034 750
700: 1204 889
701:
702: 1296 804
703:
704:
705:
706: 1023
707: 1347 1313 799
708: 1059
709: 936
710:
711: 1118
712: 1547 1189
713:
714: 1547
715: 1471 961
716:
717: 1496
718:
719:
720: 877
721: 1345
722: 1492
723: 1000
724: 1393 733
725: 1064
726: 1413 801
727: 1447 1446 1182
728: 1488 1287
729:
730: 1040
731: 900 880
732: 1432 885
733:
734:
735: 1113
736:
737:
738: 926
739: 788
740: 1079
741: 1210 923 916
742: 1067
743:
744:
745:
746:
747:
748:
749: 1008
750: 1171 853
751: 1198 989
752:
753: 1049
754: 777
755: 909
756:
757: 1102
758: 1266 1092 944 769
759: 1144 1066
760: 1133
761: 878
762:
763: 1104
764:
765: 1484
766:
767:
768:
769: 1342 1081 846 771
770:
771:
772:
773: 1219
774:
775: 1377
776:
777: 1145 876
778: 869
779: 1521
780: 941
781:
782:
783: 1387 1019
784: 1089
785: 1270
786: 1177
787: 860
788: 1539
789: 1323 1174
790: 1537
791:
792: 1501 1140 920
793:
794:
795: 1007 958
796: 1051
797: 1549 1424
798:
799:
800:
801: 1097 947
802: 1554
803: 1211 1153
804: 1499
805:
806: 1298
807:
808:
809:
810:
811: 1273
812:
813: 1084
814: 1207 852
815:
816: 968 913
817:
818: 1453
819:
820: 1469
821: 1553
822:
823:
824: 1142
825:
826:
827:
828: 1517
829: 1088
830: 863
831:
832: 1115
833: 1038
834:
835: 1561
836:
837: 1274
838:
839:
840:
841: 982
842:
843: 1155 1014 921
844: 882
845: 1348
846: 1317 1294
847:
848: 902
849:
850: 879
851: 1039 895
852:
853: 1542
854:
855:
856: 1535
857:
858:
859:
860:
861:
862:
863: 1138
864:
865: 1466
866:
867:
868:
869: 1186 1009
870:
871:
872: 887
873:
874:
875: 1172
876:
877: 1015
878:
879: 1475
880:
881:
882: 1502
883: 1325 1075
884: 1311
885: 998
886:
887: 1210
888:
889:
890: 1150
891: 1222
892: 1452
893:
894:
895:
896:
897: 1527
898:
899:
900: 1223 1072
901: 1158
902: 952
903: 1151
904:
905: 1264 1220
906: 1154
907: 1232
908: 1093 1048 955
909:
910:
911:
912:
913:
914:
915: 1128
916: 1453
917:
918:
919: 1302
920: 1480
921:
922:
923:
924: 1476
925:
926:
927:
928: 969
929:
930:
931: 1498
932:
933: 1083
934: 1237
935: 1282
936: 1003
937:
938:
939: 1167
940: 1480
941: 1352
942:
943:
944:
945:
946: 1495 1105 1054
947: 1406
948:
949:
950:
951:
952:
953:
954:
955: 1343
956: 1510
957:
958:
959:
960: 1575 1369 1135
961: 1216
962: 1205
963: 1017
964: 1437 1120
965:
966:
967:
968: 1024
969:
970: 1339
971:
972:
973:
974: 1421
975:
976:
977: 1209
978: 1441
979: 1228
980:
981:
982:
983:
984:
985:
986: 1295
987:
988: 1335
989:
990: 1188
991:
992:
993: 1194
994: 1041 1025
995: 1568 1245
996:
997:
998:
999:
1000:
1001:
1002: 1322 1109
1003: 1325
1004:
1005: 1458
1006: 1117
1007: 1489
1008:
1009:
1010:
1011:
1012: 1258
1013: 1404
1014:
1015:
1016: 1486
1017:
1018:
1019:
1020:
1021: 1503
1022: 1383 1244
1023: 1321 1096
1024: 1397
1025: 1136
1026:
1027:
1028:
1029:
1030:
1031: 1567 1375
1032: 1078
1033:
1034:
1035:
1036: 1107
1037:
1038:
1039:
1040:
1041:
1042: 1261
1043:
1044:
1045:
1046:
1047:
1048:
1049: 1241
1050: 1461
1051:
1052:
1053: 1396
1054:
1055: 1408 1214
1056: 1568
1057: 1441
1058:
1059:
1060:
1061:
1062:
1063:
1064:
1065: 1543
1066:
1067:
1068:
1069:
1070: 1160
1071: 1284
1072:
1073:
1074:
1075:
1076: 1532
1077:
1078:
1079: 1401
1080:
1081:
1082:
1083:
1084:
1085:
1086: 1185
1087:
1088: 1437
1089:
1090: 1380
1091:
1092: 1254
1093:
1094: 1240
1095:
1096:
1097:
1098:
1099:
1100: 1440
1101: 1221
1102:
1103:
1104:
1105:
1106: 1338 1192
1107:
1108:
1109:
1110: 1349
1111:
1112: 1434
1113:
1114:
1115:
1116:
1117:
1118:
1119:
1120:
1121: 1351
1122:
1123:
1124:
1125:
1126:
1127: 1570 1199
1128:
1129: 1576
1130:
1131:
1132: 1184
1133:
1134:
1135:
1136:
1137:
1138:
1139: 1286 1190
1140:
1141:
1142:
1143:
1144: 1336 1257
1145:
1146:
1147:
1148:
1149: 1396
1150:
1151:
1152:
1153:
1154: 1283
1155: 1531 1418 1358
1156:
1157:
1158:
1159:
1160:
1161: 1278
1162:
1163:
1164: 1456
1165:
1166:
1167:
1168:
1169:
1170:
1171:
1172:
1173: 1536
1174:
1175:
1176: 1378 1259
1177:
1178:
1179:
1180:
1181:
1182:
1183:
1184:
1185: 1493
1186:
1187:
1188:
1189: 1477 1384
1190: 1497
1191:
1192:
1193:
1194: 1558
1195:
1196: 1443
1197:
1198:
1199:
1200:
1201:
1202:
1203:
1204:
1205:
1206:
1207: 1459
1208:
1209:
1210: 1316
1211: 1417
1212:
1213:
1214:
1215:
1216:
1217: 1508
1218: 1327
1219:
1220:
1221:
1222:
1223: 1528
1224: 1326
1225:
1226:
1227:
1228:
1229:
1230: 1494
1231:
1232:
1233: 1472
1234:
1235:
1236:
1237:
1238:
1239:
1240:
1241:
1242:
1243: 1328
1244:
1245:
1246:
1247:
1248: 1374
1249:
1250:
1251:
1252:
1253:
1254:
1255: 1435
1256:
1257:
1258:
1259:
1260:
1261:
1262: 1450
1263: 1429
1264:
1265:
1266: 1392
1267: 1444
1268:
1269:
1270: 1566
1271:
1272:
1273:
1274: 1544
1275: 1438
1276:
1277: 1431
1278:
1279:
1280:
1281: 1557
1282:
1283:
1284:
1285:
1286:
1287:
1288: 1509
1289: 1551 1410
1290:
1291: 1373
1292:
1293: 1530
1294:
1295:
1296:
1297: 1518
1298:
1299:
1300:
1301:
1302:
1303: 1485 1399
1304:
1305:
1306:
1307: 1491
1308:
1309:
1310:
1311:
1312:
1313:
1314:
1315:
1316:
1317:
1318:
1319:
1320:
1321:
1322: 1405
1323:
1324:
1325:
1326:
1327: 1395
1328:
1329:
1330:
1331:
1332:
1333:
1334:
1335: 1425
1336:
1337:
1338:
1339:
1340:
1341:
1342:
1343:
1344: 1398
1345:
1346:
1347:
1348:
1349:
1350:
1351: 1409
1352: 1490
1353:
1354:
1355:
1356:
1357:
1358:
1359:
1360:
1361:
1362:
1363:
1364:
1365:
1366:
1367:
1368:
1369:
1370:
1371:
1372:
1373:
1374:
1375:
1376: 1419
1377:
1378:
1379: 1511 1433
1380: 1473
1381: 1468
1382: 1571
1383:
1384:
1385:
1386:
1387:
1388:
1389:
1390:
1391:
1392:
1393:
1394:
1395:
1396:
1397:
1398:
1399:
1400:
1401:
1402:
1403:
1404:
1405:
1406:
1407:
1408:
1409: 1522
1410:
1411:
1412:
1413:
1414:
1415:
1416:
1417:
1418:
1419:
1420:
1421:
1422:
1423:
1424:
1425:
1426:
1427:
1428: 1556
1429:
1430:
1431:
1432:
1433: 1534
1434:
1435:
1436:
1437:
1438:
1439:
1440:
1441:
1442:
1443:
1444:
1445:
1446:
1447:
1448:
1449:
1450:
1451:
1452:
1453:
1454:
1455:
1456:
1457:
1458:
1459:
1460:
1461: 1507
1462:
1463:
1464:
1465:
1466:
1467:
1468:
1469:
1470:
1471:
1472:
1473:
1474:
1475:
1476:
1477:
1478:
1479:
1480:
1481:
1482:
1483:
1484:
1485:
1486:
1487:
1488:
1489:
1490:
1491:
1492:
1493:
1494:
1495:
1496:
1497:
1498:
1499:
1500:
1501:
1502:
1503:
1504:
1505:
1506:
1507:
1508:
1509:
1510: 1562
1511:
1512:
1513:
1514:
1515:
1516:
1517:
1518:
1519:
1520:
1521:
1522:
1523:
1524:
1525:
1526:
1527:
1528:
1529:
1530:
1531:
1532:
1533:
1534:
1535:
1536:
1537:
1538:
1539:
1540:
1541:
1542:
1543:
1544:
1545:
1546:
1547:
1548:
1549:
1550:
1551:
1552:
