1: 175 79 58 3 2 1
2: 116 107 24 4
3: 180 162 86
4: 213 105 11
5: 49 17 5
6: 6
7: 127
8: 12
9: 75 19 9 8
10: 208 189 41 37 31 10
11: 213 171 142 135 29 7
12: 51 16 14
13: 176 153 59 13
14: 171 142 138 135 44 29
15: 172 133 111 26 23
16: 70 47 45 42 15
17: 151 87 82 76 66 64 52
18: 213 171 151 142 135 87 82 76 66 53 35
19: 65
20: 151 87 82 76 43 21 20 18
21: 205 172 151 106 87 82 81 76 66 64 25
22: 214 132 88
23: 189 126 119 109 67 37 33 32 31 27 22
24: 175 161 150 79 40 30
25: 124 122 34
26: 202 56 28
27: 169 139 71 62
28: 175 50 38
29: 213 152 124 122
30: 74
31: 125 77 48
32: 103
33: 119 109
34: 159 92 60
35: 36
36: 97
37: 204 145 112
38: 172 133 111
39: 83 73 69 68
40: 78 70 54
41: 177 149 141 39
42: 55
43:
44: 199
45: 128
46: 182 101
47: 203 164 63
48: 61 57 46
49: 74
50: 190
51: 102 86
52: 213 199 120
53: 106 81
54: 194 161 150
55: 129
56: 209 94 91
57:
58: 80
59: 85
60: 206
61: 214 147 143 96 93
62:
63: 146
64: 205 180
65:
66:
67: 72
68: 195 134 84
69: 198 178
70:
71: 113 98 89
72: 163
73:
74: 90
75: 205
76: 195 172 170 134 133 111 95
77:
78: 108
79: 192 131 99
80:
81: 214 132
82:
83:
84: 175 174
85: 114 104
86:
87:
88: 192
89:
90: 115
91: 100
92:
93: 110
94:
95:
96: 206
97: 158
98:
99: 160
100:
101:
102: 155
103:
104:
105: 179 167 157 121
106:
107: 183
108: 144 117
109: 207 200 118
110:
111:
112:
113:
114: 204 123
115:
116:
117:
118:
119:
120: 154
121: 166
122:
123: 130
124:
125: 188
126:
127:
128: 136
129: 137
130:
131:
132:
133: 173 168 140
134: 186
135:
136: 208
137:
138:
139: 156
140:
141:
142: 197
143:
144: 148
145: 177
146: 211 193
147: 181
148: 187 185
149: 210
150:
151:
152: 200
153:
154:
155:
156:
157:
158:
159:
160:
161:
162:
163:
164:
165:
166: 165
167:
168:
169: 191
170:
171:
172:
173:
174:
175:
176:
177: 196
178:
179: 184
180:
181:
182:
183:
184:
185: 201
186:
187:
188:
189:
190:
191:
192:
193:
194:
195:
196:
197:
198:
199:
200:
201:
202:
203:
204:
205:
206:
207: 212
208:
209:
210:
211:
212:
213:
214:
215:
216:
217:
218:
219:
220:
221:
222:
223:
224:
225:
226:
227:
228:
229:
230:
231:
232:
233:
234:
235:
236:
237:
238:
239:
240:
241:
242:
243:
244:
245:
246:
247:
248:
249:
