1: 2022 1106 98 12 11 1
2: 2259 280 127 120 61 41 28 24 2
3: 2684 44 5 4 3
4: 1937 1639 1315 1198 1152 608 173 76 10
5: 3604 2615 2022 1527 1106 309 284 282 114 98 23 20 6
6: 2377 2050 2005 1616 798 717 578 375 279 229 166 147 128 84 75 51 43 38
7: 2405 563 9 7
8: 3248 2905 2850 2806 2698 2589 2289 2186 2051 1428 1226 1116 1051 721 595 576 528 526 370 341 263 209 203 122 95 65 8
9: 3030 1393 428 106
10: 905 552 108
11: 1315 608 76 13
12: 2782 1937 1639 1152 639 510 247 176 142 111 68 66 22 21 19
13: 1057 610 406 29 15 14
14: 3204 1811 413 56 52 37 36 18 17
15: 1721 122 57 53 16
16: 1721 314
17: 3235 2889 2782 1336 1015 639 611 510 364 247 199 176 142 104 74 27
18: 3128 2503 1464 1172 718 709 691 369 50 30
19: 2340 1947 469 390 287 141
20: 2274 1912 1725 1595 1144 996 965 926 596 489 265 143 32
21: 2782 1116 639 510 370 247 176 142 35
22: 3415 2650 2542 1265 1215 1051 779 726 645 635 341 263 203 95 48 47
23: 3078 444 158 42
24: 2881 1156 798 672 633 583 517 244 235 229 166 147 119 118 109 84 83 77 75 63 51 33
25: 348
26: 363 281 26 25
27: 3034 1479 943 197 59 45 31
28: 278 217 64
29: 2927 2667 1824 1035 891 368 242 73 67
30: 1586 90 87 86
31: 798 229 166 147 84 75 51 39 34
32: 2020 1946 648 461 286 234 165 103 60 54 49
33:
34: 3458 3138 2829 2455 1937 1916 1867 1811 1639 1459 1394 1152 695 637 633 588 583 517 514 413 367 358 335 298 92 79
35: 1961 196 112
36: 3604 2782 2370 2265 1937 1639 1451 1152 909 639 510 247 178 176 142 111 100 99 72 40
37: 3034 200 137 46
38: 3237 3101 3075 2905 2740 2609 2051 1385 1286 1101 906 457 445 443 254 94 58
39: 3406 2837 2043 486 187 107 55
40: 2782 639 510 247 176 142 111 68 66
41: 3578 3171 2986 2680 2400 2367 1574 1395 560 180
42: 823 789 356 322
43: 2754 206 181 154
44: 3406 2382 1975 1257 449 291 96 91 85 69
45: 3034 2095 1001 881 825 676 341 301 263 203 200 177 155
46: 1200 1048 992 643 623 488 352
47: 1157 493 285 82 71 62
48: 160
49: 3248 2806 2788 2276 1382 1156 1010 672 78
50: 2270 1239 870 771 315
51: 626 175 116
52: 2850 2698 721 576
53: 3594 3276 3239 2817 2231 1634 746
54: 2005 1616 375
55: 3075 1286 906 457 445 254
56: 2788 2276 1382 1010 198 191 105 89
57: 2785 1527 1481 633 583 517 244 119 118 109 83
58: 3189 2788 2276 1735 1382 1260 1010 454 198 191 144 131 105
59: 3435 2905 2509 2191 2051 1810 1237 736 670 654 595 586 527 446 391 150 81 70
60: 333 283 80
61: 1288 113
62: 3128 2857 2090 1464 1463 1190 777 709 506 459 339 266 195
63: 1466 1027 144 131
64: 3166 2188 1764 1661 1490 1240 1162 338 225 218 174 172 102
65: 2163 202
66: 3519 2786 1981 1574
67: 3387 2594 2340 2081 2050 1947 1143 947 717 577 326 138 124
68: 3581 3060 2606 2246 2218 2162 2146 2024 1857 1568 1155 1071 840 239 222
69: 2755 1861 1807
70: 2081 1143 326 138
71: 252 93
72: 1273 790 681 204
73: 816 226 179 110
74: 2434 2369 2282 1169 759 288
75: 1047 331 190 189 88
76: 3340 1926 1774 1739 1455 215 167
77: 2458 2296 2234 1506 731 483 453 135 97
78: 3346 2998 2417 1014 572 495 115
79: 1490 338 225 218 174 172
80: 2905 2051 1555 595
81: 2816 1549 775 412
82: 2164 177 155 101
83: 2403 2106 1196 1043 547 460 182 136
84:
85: 2785 2162 1570 452 421 354 193
86: 3446 1582 962 396 126
87: 2870 2052 1932 1699 1317 1154 914 682 355 311 121
88: 2930 1951 303 170
89: 2865 1194 960 232 123
90: 3442 2833 1797 1328 1300 598 401 201
91: 2849 1937 1639 1273 1214 1152 1051 999 341 302 263 145
92: 3435 2191 2032 1051 942 497 446 341 263 230 203 168
93: 645
94: 3031 1667 621 151
95: 3132 2598 2166 2004 1378 1204 492 422 274 262
96:
97: 3110 2888 988 169 159
98: 1001 897 881 825 415 323 237 149
99: 434
100: 3060 2833 2613 2146 1568 1155 239 222 125
101: 2248 2020 1408 234 165
102: 3415 2542 1215 1053 665 293 276 214 130
103: 3259 2235 1979 1403 1195 790 681 592 579
104: 3487 1978 1023 133
105: 2447 496 117
106: 2018 529 243
107: 3163 1908 571 212
108: 2759 2406 2185 2056 1066 271
109: 2524 2409 1218 184 161 132
110: 3567 2096 1218 1068 570 317 221
111: 2744 1858 1827 1626 949 398
112: 3195 2433 1982 1943 1373 519 129
113: 1387 767 464 192
114: 2309 1907 830
115: 204 157
116: 845 841 432
117: 1720 1160 264 134
118: 2779 2027 1471 1409 871
119: 1723 1355 811 408 216 211
120: 1760 1223 425 153
121: 2870 1699 914 458
122: 2547 1073 645
123: 3386 2333 1776 753 466
124: 1536 1214 1202 1140 1092 999 654 586 146
125: 3247 2714 2176 1811 1489 1199 660 627 413 377 300
126: 1981 1329 760 724 290 207 183 152
127: 2933 650 508 405 359 139
128: 2023 1986 772 750 628 162 140
129: 542 272 241
130: 3405 1978 1733 1023 980 337
131: 3481 3014 2874 2630 2547 1487 1421 1073 764 578 148
132: 2213 2066 1353 714 557
133: 3299 2900 1841 1740 1375 698 567 471 442
134: 3302 3143 1490 1389 902 518
135: 3128 1464 709 369
136: 1925 1386 770 475
137: 702
138: 3604 2829 2455 1459 1451 695 367 358
139: 1723 256 223 216 211 156
140: 2394 734 306 163
141: 3041 3040 2692 2035 915 638 566 463 448 374 233
142: 2833 1797 1328 1300 598
143: 1383 1008 778 738 655 386
144: 2199 1376 1134 1081 619 185
145: 3462 1899 820 282
146: 3355 2390 164
147: 292 194
148: 3103 2428 2235 2050 1979 1871 1195 1017 1001 881 825
149: 677
150: 3198 2142 1864 1316 1251 928 843 761 693
151: 1466
152: 3114 2828 1903 373
153: 2980 571 278 259 210
154: 3228 2857 2090 1463
155: 1389 902
156: 1128 171
157: 3366 1578 1070 832 541 327
158: 2010 1650 208
159: 1496 261
160: 2927 1824 1346 1083 984 321
161: 2256 1545 780 511 250 219
162: 313
163: 1486 842 409 310
164: 3377 2196 2075 1994 1729 1546 530 231
165: 1536 1202 1140
166: 624 246 186
167: 1351 384 308 268
168: 3066 2870 2612 2448 1699 1562 1227 914 379 329 188
169: 3004 2711 1035 891 756 659 368
170: 2386 1570 452 421 193
171: 2237 1100 224
172: 594 584
173: 1804 1495
174: 3089 1859 381
175: 1655 831 227
176: 205
177: 3462 3455 1899 820 433 426
178: 588 298
179: 1167 1030
180: 620
181: 2654 2349 1528 733 622
182:
183: 2256 600 574 236
184: 1174 548 473 417
185: 3378 3070 2607 2547 1980 1825 1343 889
186: 732 361 270 248
187: 1916 1394 790 681 514 430
188: 3031 2889 1667 1015 621 484
189: 3524 3311 2601 2280 2235 2078 2026 1979 1728 1457 1337 1195 1054 1021 812 592 579 387
190: 3502 3379 3232 2954 2462 2436 336 282
191: 2162 1672 1311 431 397 354 328
192: 2821 1645 240 220
193: 3562 3387 2737 2594 1748 947 577 351
194: 3188 2724 345 238
195: 2374 1916 1394 514
196: 3361 3227 3181 1149
197: 578 279
198:
199: 3550 3520 2864 2556 273
200: 3152 3131 2624 900 410 383 251 228
201: 3299 2639 1578 1070 832
202: 785 213
203: 3492 2832 2025 1060 652
204: 2157
205: 2161 1890 1865 1829 1426 387
206: 3302 2741 491
207: 1522 582
208: 1674 858 312
209: 2857 2755 2090 1861 1807 1676 1463
210: 2032 1524 942 497 230
211: 2646 1633 591
212: 3019 2202
213: 3487 1978 1662 1023 991
214: 1217 606
215: 3458 3138 2607 2052 1932 1317 1154 637 335
216: 979 642 257
217: 3343 2987 1327 679
218: 3385 2990 2970 1453 1197
219: 2697 1020 402
220: 3254 1104 1084 981 640 429
221: 1297 833 507 297
222: 2606 1431 1189 874 607 480 258
223: 3543
224:
225: 3047 2507 1826 1474 1404 1402 1342 1138 320
226: 1503 1269 1036 875 342
227: 3593 1958 1512 1064 636 479
228: 1694 344 299
229: 3503 3254 509
230: 2911 983 678 305
231: 3188 3157 2962 2834 2724 1232 1056
232: 1184
233: 3570 3230 1293 1079 1063 866 385 365 296 245
234: 3230 1131 1113 735 334
235: 3256 1980 1343 1179 1142 889
236: 2502 1898
237: 3289 930 886 450 260
238: 3567 3509 951 350
239: 515
240: 3490 2588 2519 2320 2133 1846 908 524 253
241: 2866 1873 1855 1406 687
242: 3051 742 494 255
243: 1527 498 277
244: 2785 2767 2457 1614 1039
245: 1039
246: 1980 1343 889 249
247: 3481 2874 2630
248: 2393 2371 1502 537 267
249: 318 304
250: 3256 1542 1179 1142 730
251: 1276 1000 269
252: 773 275
253: 3256 2206 1331 1179 1142 788
254: 3083 1251 761
255: 548 417 353
256: 2598 1378
257: 1052 1019
258: 1981
259: 1912 1595 1144 926
260: 2873 1885 521 289
261: 2320 2133 2026 1846 1728 1337 908 651 451
262: 2382 1257
263: 701
264: 1001 881 825
265: 2857 2829 2455 2090 1463 1459 1183 474 392
266: 1926 1739 1481 1455 1061 376 316
267: 2384 545 436 419 400 340
268: 2270
269: 1376 619 324
270: 3463 1640 1213 1018
271: 2849 1275 910
272: 937 404 395 371 366
273: 2504 1637 307
274: 2206 1331 788 294
275: 1218 570 347
276: 1665
277: 2707 1080 952
278: 3128 1025 794 631 625
279: 3604 1451
280: 3271 1737 1244
281:
282: 2014 1308 911 389 295
283: 1720 1193 976 661 427
284: 3139 1280
285: 2355 2157
286: 2414 2301 2100 1726 1712 1153 546 378
287: 2188 1661 1162 407
288: 2976 2013 1682
289: 634
290: 3112 2321 1611 632 362
291: 2500 1734 1212 666
292: 1543 500
293: 3251 2084 973 503 467
294: 1273 736 670 527 391
295: 2061 616 343
296: 2476 2289 2186 1964 478 346
297: 3518 1090 690
298: 3257 1952 1171 424
299:
300: 1922 1852 765
301: 3539
302: 1356 810 673
303: 3578 3171 2367
304: 418 319
305: 3490 3381 2510 2052 1932 1781 1753 1685 1317 1154 1112 857 671 602 325
306: 1355 811 408 332
307: 3019 703 330
308: 2341
309: 512
310: 925 913
311: 1074 814 800 477
312: 3583 3223 1521 612
313: 1301 720
314: 2510 1685 857 671 602
315: 1431 1189 480
316: 2961 2822 2721 539
317: 1491 1180 921 502
318: 2990 686 360
319: 1109 523
320: 2406 2185 2056 1066 629
321: 3466 1825 754
322: 1487 764
323: 3405 2816
324: 3236 2317 1922 1852 1234 765
325: 2256 600 574
326: 2661 1757 1132 919 694
327: 2879 2866 2213 2066 1873 1855 1816 1666 1406 1353 1246 975 714 687 557
328: 1082
329: 3161 748 423
330: 3594 2817 2157 1708 1634 879 559 380 357
331: 3124 1122 715 712
332: 1396 414 411
333: 3180 3049 2432 2026 1728 1337 887 797
334: 3523 1726
335: 3602 2756 2493 904
336: 2591 1108 977 476
337: 3205 3146 3145 1765
338: 899
339: 3584 2268 817 455
340: 3604 1451 773 349
341: 2767 850 551 382
342: 2784 2387 1444 688 674 468
343: 2606 1166 840 615 550
344: 2289 2186 2121 1428 465
345: 2502 1898 680
346: 3077 2962 2834 1256 490 399
347: 2873 587 393
348: 2814 2674 456 372
349: 1841 1375 698
350: 2017
351: 533 513
352: 3571 2145 2067 1413 1186
353: 2355 1503 1036 839
354: 876
355:
356: 2935 1498 1159 1028 708
357:
358: 3583 3223 3104 2706 2524 2517 2409 2289 2186 1959 1521 1428 1324 1095 953
359: 2859 394
360: 1825
361: 3393 2738
362: 2794 1802 1770
363: 3117 440 437
364: 1826 1402 1138 845 841
365: 656
366: 3047 1660 447
367: 2901 2692 2384 763 638 566
368: 3494 1480
369: 3378 3070 3002
370: 439
371: 2298 1848
372: 818
373:
374: 3117 2070 1320 1127
375: 3588 2301 1396
376: 1233 1107
377: 2650 2255 1374 388
378: 403
379: 3324 1381 1076 716
380: 1834 1290 420
381: 3324 3166 2500 1764 1734 1381 1240 1212 1076
382: 3028 2861 2221 2192 1819 1088
383: 1265 779 726 635
384: 3360 3323 2879 1816
385: 1872 534
386: 2464 568
387: 1702
388: 3067 2152
389: 3478 1788 438 416
390:
391: 2779 871
392: 2405 538 435
393: 3271 787
394: 3524 2601 2078 1054 1021
395: 2663 1957 1812 1610
396: 2491 1072 872
397: 929 668 581
398: 1602 865 646 505
399: 1601
400: 868 525 501
401: 543
402: 3328 2546 441
403: 3487 2038 1978 1023
404: 2037 597
405: 3024 2897 2741 2241 1410 828
406:
407: 2203 630
408: 3427 1747 1005
409: 2536 1400 725
410: 1425 1357 704
411: 2948 2254 1389 1222 737
412:
413: 3313 482
414: 1004
415: 859 614
416: 2583 2576
417: 2289 2186 1428 1416
418: 2910
419: 2331
420: 1549
421: 3548 2838 792 768
422: 3554 1856 573
423: 2954 2203
424: 3213 1120
425: 1474 1404 697
426: 3588 1627 1049
427: 1320 1127
428: 1738 1299 504
429:
430: 1424 958
431: 2026 1728 1337 887 565
432:
433: 3235 2142 1917 1316
434: 3173 3023 933
435: 1598 485
436: 923 589 532
437: 3567 1961 1594
438: 2650 2202 1481 553 472 470 462
439: 2741 1410 1148 828 549
440: 3213 2582 2012 1178 1120 894 782 555
441: 3120 3068 3056 1702 1150
442: 1889 1371 1330 1239 870 807 771
443: 1656 1334
444: 2410 601
445: 2837 2453 2425 2043 1905 613
446: 3490
447: 2299 1483 575 531
448:
449: 1883 982 888
450: 2495 2059
451: 481
452: 2312 2127 1002
453: 3455 1022
454: 2030
455: 3436
456: 2212
457: 2984 2548 2466 2068 1032
458: 1669 1236 618
459: 2509 1810 1237
460: 3259 663 554
461: 1504
462: 2597 2454 1902 878 769
463:
464: 3120 3068 3056 1150
465: 649 599
466: 3422 558
467: 2524 2409 1977 487
468: 1363 1115 1097 617
469: 1207 940 653 603 540
470: 1354 1009 745 727
471: 3502 3442 3232 2430 561
472: 2865 2313 1658 1440 1175 1007
473: 1094 885
474: 2668 2246 1006
475: 2099 2071 1078
476:
477: 1524
478: 2047
479: 1917 1584 1580
480: 1780
481: 3285
482: 2107 522
483: 3189
484: 2697
485: 2373 1414 932
486: 3358 1279 944
487: 3542 2591 2460 2228 2199
488:
489:
490: 1680
491:
492: 3165 2854 2411 821 516
493: 3475 739
494: 2982 1556
495: 1652 795
496: 1062
497: 3363 2431 2226 1934 1866
498: 3377 2298 1848 1729 986
499: 3475
500:
501: 1272
502: 2780 1368
503: 667 499
504: 2987 1327 1255 1225 776 679
505: 3276 2955 2538 2094 1706 844 536
506: 3610 2481 2478 1476 562
507: 1934 647
508: 3181 1612
509:
510: 2759 1238
511: 3342 3037 2113 1264 827 710
512: 2907 520
513: 2516 1945 935 564 544
514: 863 707 658
515: 3004 2614 2540 756
516: 3112 2321 1611
517:
518: 3567 3238 2859
519: 2719 590
520:
521: 2577 1690 1136 781 593
522: 1731 860 755
523: 2266 1450 1313
524: 1625
525: 3570
526: 749
527: 3373
528: 3324 556
529: 3282 2661 2315 2256 1757 535
530: 3254 1084 751
531: 3027 2077 1147 683
532:
533: 2685 2420
534: 3476 3244 2110 2033 972
535: 580
536: 2940 2638 1117 995
537: 2731 1259
538: 1747 1005
539: 3104 2706 1324
540: 1397
541:
542: 2653
543: 1299
544:
545: 3394 2808 1934 664
546: 2820 1675 791
547: 1819 834 729
548: 3458 3138 1460 1437
549:
550: 2944 1985
551: 3166 1764 1240 1016 990
552: 2309 1907 830
553: 3575 1922 1852 1693 1284 1252 1139 1125 963 956
554: 2520 852 569
555: 1040
556: 2899 2305 2093
557: 917
558: 2381 1344
559: 2769 2555 2325 1292
560: 1131 1113
561: 3548 792 768
562: 802
563: 3227 3119 1636 1447 1270 1192 1093
564:
565: 3376 2939
566: 1720
567: 3540 3147 3130 803
568: 2899 2408 1075 855 813
569: 2625 2316
570: 955
571: 747
572: 3023 2941
573: 585
574: 1545 609
575: 3336 2082 1359 1123 968 796
576: 1781 1753 1112
577: 1298
578: 2374
579: 1707 644
580: 2080
581:
582: 2754 2602 1755 1277 1089
583: 1715 1618 950
584: 689 604
585: 1472 1158 974 971
586: 2675
587: 1216
588: 1469 669
589:
590: 1031
591: 1229 856
592: 1789
593: 2086 1963 819 605
594: 3396 873
595: 3381 1630 1291 912
596: 684 641
597:
598: 2646
599: 3468 2270 719 657
600: 1782 774
601: 2839 1091
602: 3247 2714 1489 1174
603:
604: 2292 801
605: 1864 928 843
606: 1255 776
607: 2921 2631 2459 1588 1518 1040
608:
609: 3476 3244 2110 2033
610: 3332 685
611: 1913 1715 1618
612: 848
613: 3125 722
614:
615: 2816
616:
617: 2150 706
618: 3336 2082 1359 1123 968
619: 3379 2436 1832 1294 805
620: 1515 918
621: 2251
622: 2661 1757 1297
623:
624: 924
625:
626: 3517 1930 1118 784
627: 1868
628: 3562 3386 2384 2333 1748
629: 2477 728
630: 3463 2978 1213 1018
631: 966
632: 723
633: 2067 1413 752 700
634: 2386
635: 1322
636:
637: 2954 1501
638: 662
639: 3385 2970 1741 1453 1301 1197
640: 1777 1249 757 692
641: 2181 2016 762
642: 2470 2378 1840 766
643: 3388 809
644:
645: 3121 1806 1768 1059 711
646: 927 893
647: 2680
648:
649: 2297
650: 2896
651: 2946 2582 2012
652: 3271 3254 1737 1652 1244
653: 1511 1429
654: 3511 2945 1523
655: 1601
656: 954
657: 3220
658: 1955
659: 1643
660: 1367 808
661: 837 713
662: 2466 2219
663: 1838 1695 1544
664: 2774 1486
665:
666: 1407 783 696
667: 1962 1304
668: 3043 2777 1415
669: 2969 2073 1727 1033 867
670: 3313 2181 2016 1974
671: 2309 1907 1458
672: 2419 961 705
673: 2767 1361 931
674: 849
675: 1295 741
676: 3571 2913 1377 1186
677:
678: 2236 1475 675
679: 2401
680: 1891
681: 2225 699
682:
683: 3057 3018 2580 2147
684: 1796 1296 1248 1145 1114 869 824
685: 2654 1250 1211 1137
686: 3581 3329 2218 2024 1857 890
687: 743
688:
689: 3236 3057 2580 2317 2159 2030
690: 3193 3110 3018 2147 2067 1413 1259
691: 2488
692: 2195 1823
693: 1187 920
694: 3047 1342
695: 3369
696: 1677
697: 2950 1703 1638 1632
698: 835
699: 2629
700: 1139
701: 2554 1532
702: 1542 1416
703: 1959
704:
705: 2161 1890 1829
706: 2170
707:
708: 3360 3323 1578 1443 1181
709: 1659
710: 2718 2457 2001 1614 1478 1173
711: 3233 1850
712: 2476 1964
713: 3605 3429 1966
714: 3109 1003 740
715: 1929
716: 3041 3040 915
717: 3397 3288 2878 1576
718: 3456 3118 2677
719: 1970 1348 1151 786
720: 1736 758
721: 2031 1177
722: 2791 2563
723: 1013 1012 901
724:
725: 2900 1740 744
726:
727:
728: 2750 1405
729:
730:
731: 3020 2635 2314 2179
732: 1176
733: 3403 2675
734: 1241 1188
735: 3324 1381 1076
736: 3228
737: 826
738: 1524
739: 2074 1224
740: 2993 997
741: 2423 822
742: 3366 854
743:
744:
745: 1756 1621 799
746:
747: 2760 2240 815
748: 1477
749: 2521 862
750: 1241 957
751:
752: 2670 2644 1548
753:
754: 1318 1026
755: 2145 922
756:
757:
758: 2374
759:
760: 1171 936
761: 2818 2354 2136 1268 1042
762:
763: 1525 964
764: 3074 2855 2725
765: 1269
766: 1058
767: 2287 1170 959
768: 1504 1319 939 851
769: 1938 861
770: 3166 2925 1764 1240 880
771: 1821
772: 1994
773: 2914
774: 2383 2045 1323
775: 2480 1972 1773
776: 1733 1191
777: 3469 3404 2591 916 806 793
778: 2787 2140 1441
779: 2518 2451 2061 1721 1228
780: 985
781: 2679 2474 2435 2062 1711 877
782:
783: 3119 1636 1447 1192 948
784:
785: 1263
786: 3519 2786
787: 1633
788: 3083
789: 3421 3262 2242 1390 1262
790: 2239 1775
791: 2639
792: 1911 884
793: 2787 945
794: 3003 2797
795: 1027 838
796: 993
797: 1266
798:
799: 3411 3151 2887 2224 846
800: 2569 1938
801: 853
802:
803: 2335 1799 1482
804: 2668
805: 1600
806: 2678
807: 3485 2513
808:
809: 2293 2245
810:
811: 3000 1534
812: 3327
813:
814: 3248 2806 1517 804
815: 2508
816: 864
817: 1146 829
818:
819:
820: 1465
821:
822:
823: 2463 2182 1657 1577
824: 1965 1563 883
825: 1896
826: 2784 2387 1444 836
827: 3525 1034 1029 896
828: 1201
829: 2973 2848 2727 1287
830: 3309 1831 1098 892
831: 2693 1960
832: 2980 2622 2363 938
833: 3195 2433 1982 1943
834: 3017
835: 2006
836: 1205
837: 3592 2852 1050
838: 1830 847
839:
840: 3372
841:
842: 2697
843: 1492 1185
844: 3591 2128 1845
845: 2592 1569 1041 895
846: 3162
847: 2588 2519
848: 3270 2831 1991 941
849: 2915 1710 994
850: 2462
851: 2318
852: 3567
853: 3338 3008 2989 2843
854: 3204 1822 1024
855: 3488 2115
856:
857: 2882 2856
858: 2274 1725 996
859: 2769 2555 2325 1292
860: 1515
861: 1271
862:
863: 2042 1726 1038
864: 2042
865: 2453 2425 1905
866: 2457 1614 1478
867: 3426 2457
868: 970
869:
870: 2271 2143 1310
871: 3142 2723
872: 1660
873: 2787
874: 2882 1849 1278
875: 1862
876: 2097 1689 907
877:
878: 1393
879: 1684 1220 898
880:
881:
882: 3053 882
883: 1597 1360
884: 1230
885: 2007 934 903
886: 3379 2436 1832 1294
887: 1135 1110
888: 3107 2487 1923 1752 1624
889: 1917
890: 3179 2921 2631 2459
891:
892: 2431 2226 1866
893: 3312 1628
894:
895: 1484 1102
896: 1820
897:
898:
899: 1326
900: 2366 1686
901:
902:
903:
904: 1046
905: 2461 2375 2238 1791 1309 989
906: 2648 1442
907:
908: 1037 946
909: 1557 1258 1119
910:
911:
912: 2046
913:
914: 2338 2267 1436
915: 3572 1201
916: 3169 2689
917: 3114 2372 2337 1352 1312
918: 3488 2938 2115
919: 1161
920: 1858 1827 1626 1069
921: 2801
922:
923: 3224
924: 3112 2321 1754 1611
925: 3405 2819 2499
926: 1418 1165
927: 1878 1369
928: 2178 1983 1900 1514
929:
930: 1615
931:
932: 2408
933: 3412 2728
934: 2396
935: 3587 1341 1129
936: 2370 2265
937: 3542 2460 2228 1473
938: 1055
939: 2991 2064 1989
940:
941: 3222 1210
942: 1886 1099 969
943: 2613
944: 3264 2120 1516 1044
945:
946: 2117 1338
947: 2616 2311
948:
949:
950:
951: 1657
952: 2176 1967 987 967
953:
954: 1245
955: 2489 2342 1325 1011
956:
957: 3201 1492 1185
958: 998
959: 3123
960: 1865 1426 1096
961: 1254
962:
963: 1085
964: 1746
965:
966: 2087 1918
967: 1552 978
968: 3286 1678 1105
969: 1754
970:
971: 1875 1306
972: 2160
973: 1411
974: 1358 1111
975: 2019 1759 1609
976: 1694
977: 3166 2440 1274
978: 2758 1505
979: 2035
980: 1074
981: 3333
982: 1565 1553
983: 3575 3072 2647 2572 2197 1365
984: 3198
985: 1529
986: 3167
987: 2479 2116
988: 2602 1755 1530 1277 1089
989: 1571
990:
991: 1683
992: 2948
993: 2894
994: 3504 3304 2626 1289
995: 1045
996: 2749 1893
997: 3002
998: 2313 1175
999:
1000: 1448
1001: 3315 2683 2673
1002: 3126 1750 1235
1003: 3132 2166 2004
1004:
1005:
1006:
1007: 3489 3449
1008: 3382 2414 2100 1718 1712
1009: 2567 1417 1067
1010: 3588
1011: 3185 1086
1012: 3512 3387 1077
1013: 3220 2538 2536 1706
1014:
1015: 1567
1016: 1435
1017:
1018: 3014
1019:
1020: 3259 1487 1403
1021: 1644
1022: 2972 1163 1130
1023: 3568 1950 1808 1087
1024: 2762
1025: 2655 1956 1470
1026:
1027:
1028: 1420
1029: 2898 1745
1030:
1031:
1032: 3594 2817 2430 2175 1708 1634
1033:
1034: 3582
1035:
1036:
1037:
1038: 1730
1039: 1743
1040: 2545
1041:
1042:
1043: 1340
1044: 3341 2511 1168
1045: 2275 2223 2148 1133 1121
1046: 1454
1047:
1048: 2690 1221
1049:
1050: 3107 2662 2487 1923 1752 1526
1051: 2034 1969
1052:
1053: 1445
1054: 3539 3264 2120
1055: 1434
1056: 2783 1392
1057: 1065
1058:
1059: 3593
1060: 2952 2782 1744
1061: 1782 1332
1062:
1063: 1895
1064: 2248 1408
1065:
1066:
1067: 2876 2346
1068: 2272 1792 1599 1141
1069: 2380
1070: 2862 1497 1314 1242
1071: 2395
1072: 3081
1073: 1732
1074: 3058 3025 2303 2278 1817 1231
1075: 2282
1076: 2826
1077: 2922 2283
1078: 2962 2834 1256
1079: 1606
1080:
1081: 3469 3404 2449
1082: 1433
1083: 3142
1084: 2688 1124
1085:
1086: 2642 2119
1087: 2135 1783
1088: 2108 1126
1089: 2107
1090:
1091: 2891 2215 1283
1092: 3173 1379 1103
1093: 3522 3306
1094: 3517 2737 1930
1095: 2731
1096: 1282
1097:
1098: 2437
1099: 1935
1100: 1956
1101: 2901 2386 1541
1102: 3503 2825 1285
1103:
1104: 1795 1587 1305
1105: 3225 2893
1106:
1107:
1108: 2763
1109: 2940 2638 2474
1110: 1510
1111: 2798 2595 1758
1112: 3381 1499
1113:
1114: 1153
1115: 1880 1261
1116: 3084 2564 1912 1423
1117:
1118: 3398 2485 1446 1206 1164
1119: 2339 1554 1539
1120: 1880
1121: 1784
1122: 1924 1564
1123:
1124: 2744 1870 1253
1125:
1126: 3581 2218 2024 1857
1127: 2211
1128: 2057 1509 1267
1129: 1303
1130:
1131: 2578 1219
1132: 3488 2653 2115
1133: 1422
1134:
1135: 1555 1302
1136:
1137:
1138:
1139: 3079 2946
1140: 3488 3289
1141: 3443
1142:
1143: 3058 3025 1817
1144: 2993
1145: 3528 3214 2174
1146: 1507 1349 1182
1147: 2589
1148: 3367
1149: 3468
1150: 1984
1151: 1776
1152: 1537 1508
1153: 1604
1154: 3163 1908
1155:
1156: 2341 1589
1157:
1158: 3281 2700 1350
1159: 2209 2129
1160: 3389 1281
1161: 1976 1971
1162:
1163: 2846 1461
1164: 2649 2118 1399
1165: 1209
1166: 2917 2568 2438
1167: 1583
1168: 2351
1169:
1170: 2676 1700 1533
1171:
1172: 2222
1173: 2207 1719
1174: 1647 1488
1175: 2307
1176: 3407 1391
1177: 2652
1178: 1860 1439
1179: 2776 2036 1579
1180: 2702 1531 1203
1181:
1182: 2391 1696 1364
1183:
1184: 1208
1185: 2849
1186: 1714
1187: 1787
1188: 3408
1189: 2243
1190: 2926 2452 2413
1191: 2362
1192: 1839
1193:
1194: 3555 3375 2258 1906 1339 1247
1195: 3484 2187
1196: 2890 2715 1984
1197: 3064 1345
1198:
1199: 2624
1200: 2696
1201: 1842
1202: 2981 2441 1705 1243
1203: 3566 2232
1204:
1205: 2264 1485
1206:
1207: 2422
1208: 3409
1209:
1210: 1804 1573 1495
1211: 1456
1212:
1213: 2421 1629 1370
1214: 3436
1215:
1216: 3602 2312 2127
1217:
1218: 2922 2283
1219: 1585
1220:
1221:
1222:
1223: 3085
1224: 1430 1335
1225: 2358
1226:
1227: 2766
1228: 2657 2561 2482
1229:
1230: 3452 3111
1231: 2183 1427
1232: 3329 1651 1388
1233:
1234: 1953
1235: 3553 3062 1742 1401
1236: 2841
1237: 1366
1238: 2715 1540
1239:
1240: 1992
1241:
1242: 3575 2647 1372
1243: 1398
1244: 2164
1245: 1538
1246: 1588
1247: 1560 1307
1248:
1249: 1452
1250: 3100 2463 2332
1251: 3449 2790 2591 2031
1252:
1253: 2230
1254: 2549
1255: 1493
1256: 3227 2574 1772
1257: 1794 1688 1321
1258: 3382 2253 2103
1259: 2177 1833
1260: 2585 1347
1261: 1362
1262:
1263: 3114
1264:
1265: 2088
1266:
1267:
1268:
1269: 2257 1835 1623
1270: 3327
1271:
1272: 2988
1273:
1274: 3555 3375
1275:
1276:
1277: 3472 1948
1278: 1437
1279: 2791
1280: 2943
1281: 2121
1282: 2214 1449
1283: 1843
1284:
1285: 3316 3059 3022
1286:
1287: 2537
1288: 1384
1289: 3082 1608 1603
1290: 1713
1291:
1292:
1293: 3065 2104 1559 1432
1294: 2516
1295: 3443 1333
1296:
1297:
1298:
1299: 3523 3076
1300:
1301: 1641
1302: 3218 2069 1380
1303: 3165 2900
1304:
1305: 2326 2169
1306: 1704
1307:
1308: 3085
1309: 1419
1310:
1311: 2853
1312: 2198
1313:
1314:
1315:
1316: 3149
1317: 3222 2141 1901
1318:
1319: 2049
1320: 2627 2533 2184
1321:
1322: 2139
1323: 3255
1324:
1325:
1326: 2802 1670
1327: 1997
1328: 2102
1329: 2718
1330: 2994
1331: 2368 1887
1332: 1566 1561 1438
1333: 2139
1334: 1813 1717
1335:
1336: 3425
1337: 3414 1494
1338: 2039
1339: 2977
1340:
1341: 3410 2138 1798
1342:
1343:
1344: 1884
1345: 2484
1346:
1347: 1500
1348: 1921
1349: 1467
1350: 3288
1351: 1939
1352: 1605
1353:
1354:
1355: 2840 2599 2008 1462
1356: 3241
1357: 2839 1927
1358:
1359: 1697
1360:
1361: 1762
1362: 1847 1801
1363: 3245 2579
1364: 1920
1365: 3021
1366: 3410 3320 3159 2920 1613
1367: 3317 2249 2083
1368:
1369:
1370:
1371: 2867
1372: 1593
1373:
1374: 2922 2827 2516 1596
1375: 3344
1376: 1619
1377: 2926 1815 1617
1378: 1976 1971
1379:
1380: 2912
1381:
1382:
1383: 1931
1384:
1385: 3410 2881 2475
1386: 1663
1387:
1388: 2904 1863
1389:
1390: 1468
1391: 3394 2262 2173 2015
1392: 3161 2057
1393: 1910 1412
1394: 2842 2356
1395:
1396: 1575
1397: 2967 2810
1398: 2332
1399: 2600 1999
1400: 1664
1401: 1870 1513
1402: 3084 2564 2072
1403:
1404: 3349 2347
1405: 2023 1986
1406: 2704 1535
1407:
1408: 2645
1409: 1837
1410: 2892
1411: 3352
1412:
1413: 2532
1414:
1415: 2812 1944
1416:
1417:
1418: 2856 2799 1968
1419: 2924 2919
1420: 2592
1421: 3194
1422: 3306 3187
1423:
1424:
1425:
1426: 3508 2770
1427: 3356 3315
1428: 3510 2360 2244
1429: 2796 2527
1430: 2995 2733
1431:
1432: 3609 1724
1433:
1434: 3154 2496
1435:
1436: 3437 2795 2726 1987
1437: 1892
1438:
1439: 2149
1440:
1441:
1442: 3443 2328
1443:
1444:
1445:
1446: 3561 1803
1447: 3545 3189 2604 1622 1572
1448: 3571
1449:
1450:
1451:
1452: 2193 1779
1453: 1691
1454: 3601 2442
1455: 2918
1456: 1519
1457: 2429
1458: 3137
1459: 3261
1460: 2773
1461:
1462: 1551
1463:
1464: 1954 1520
1465:
1466:
1467:
1468: 2054
1469: 2153 1642
1470: 3540 3147 3046
1471: 3290
1472:
1473:
1474:
1475:
1476: 2407
1477: 2559
1478: 1681
1479:
1480: 3596 2729 2669 1607
1481: 2479
1482:
1483: 2063
1484: 3155 1550
1485: 2775
1486:
1487: 3330
1488:
1489:
1490: 2220 1949 1771 1671
1491: 3155
1492: 2628
1493: 2600 1999
1494: 3536 1591
1495:
1496: 2469
1497: 3252
1498: 1649
1499: 3331
1500: 1592
1501: 1790
1502:
1503: 2522
1504: 3579
1505:
1506:
1507: 2130 2079 2040
1508:
1509: 2250
1510: 2886
1511: 2877 1631
1512: 2335 1799
1513:
1514: 3588
1515: 3005
1516:
1517: 3553 2385
1518: 2444
1519: 3445 2869 2608
1520:
1521: 3294 1928
1522:
1523: 2111
1524: 2841
1525: 1733 1646
1526: 2923 1828
1527: 3286 1547
1528:
1529: 3077
1530: 2029
1531:
1532:
1533:
1534: 2865
1535: 2041 1778 1590
1536: 2761
1537: 2217
1538: 1751
1539: 1914
1540:
1541: 3036
1542: 2883
1543: 2009
1544:
1545:
1546: 2590 2155
1547: 2205
1548: 1558
1549: 2158
1550: 2465 2427
1551:
1552: 3563
1553: 2618 2028
1554:
1555: 1581
1556:
1557: 3452
1558:
1559:
1560:
1561: 3518 3373 2901 1620
1562: 1888
1563: 3310 2399 2350 2132 1919
1564: 1785
1565:
1566:
1567: 1763
1568: 1716 1654
1569:
1570:
1571: 3245
1572: 1996
1573: 1877
1574: 3011
1575: 1692
1576: 1809
1577: 3199 1767
1578:
1579: 3249 2167
1580:
1581: 2353
1582:
1583: 1853 1851
1584: 2530
1585:
1586: 1818
1587:
1588: 3449 3424
1589: 1941
1590:
1591:
1592:
1593: 2925 2109 1881
1594: 3491 2156
1595:
1596: 2949 2263
1597:
1598: 3139 2804 2575
1599: 2300
1600: 3605
1601:
1602: 1687
1603: 3015 2610 1648
1604: 1668
1605:
1606: 3357 1698
1607: 3096
1608:
1609: 1679
1610: 1936
1611:
1612:
1613: 3220 2314 2179
1614: 2807 2261
1615: 2306
1616: 2044 1701
1617:
1618:
1619: 2805 2281 1653
1620: 3554
1621: 3122 1915 1635
1622: 2712
1623: 2988 2915 1710
1624: 2603
1625: 2038
1626: 3559 2137
1627: 3267
1628: 3221
1629: 1879
1630: 2505 1876
1631:
1632: 2515 2336
1633:
1634:
1635: 2571
1636:
1637:
1638:
1639: 1869
1640: 2971 1673
1641:
1642:
1643:
1644:
1645: 3535 3197
1646: 3419
1647:
1648: 2643 2101 2055 1769
1649: 2434 2369
1650: 2359
1651: 2098
1652:
1653:
1654:
1655: 3427
1656:
1657:
1658: 3276
1659:
1660:
1661: 1709
1662:
1663:
1664:
1665: 3433
1666:
1667: 3236 2317 2159
1668: 1836
1669:
1670:
1671: 2467 2308
1672:
1673: 2112 1874
1674:
1675: 3129
1676: 1749
1677:
1678: 2936
1679: 3483 2617
1680: 3322 2439
1681: 2334
1682:
1683: 2596
1684:
1685:
1686:
1687:
1688:
1689: 3507 2011
1690:
1691: 1942
1692: 1814
1693:
1694: 3079
1695:
1696: 2091
1697: 3530
1698: 2535
1699: 2611 2284 1722
1700: 2965
1701: 1993
1702: 1894
1703:
1704: 2934
1705:
1706: 2000 1800
1707: 3297
1708:
1709: 2099 2071
1710: 3527 1909
1711: 2123
1712: 3009
1713: 2636
1714: 3471
1715:
1716: 2315
1717:
1718: 2060
1719: 2204
1720:
1721: 3295 3253 3016 2201
1722:
1723: 1973
1724: 3336 2558
1725: 3508
1726: 2379
1727: 3170
1728:
1729:
1730:
1731:
1732: 3445 3069
1733: 1844
1734: 3148 2824
1735:
1736:
1737:
1738: 2388 1933
1739: 3269 3115 2207
1740:
1741:
1742: 2991 2558
1743:
1744: 3314
1745: 2479
1746:
1747:
1748: 3291 2813
1749:
1750:
1751: 2623
1752: 2945
1753:
1754:
1755:
1756: 3544
1757: 3401
1758: 3288 2092
1759: 2771 2686
1760: 2492
1761: 1761
1762: 1854
1763: 3024 2897 2241
1764:
1765:
1766: 2285
1767: 3410 3072
1768:
1769: 3434 2343
1770: 1793
1771: 2573
1772:
1773:
1774: 2416
1775:
1776: 2781
1777: 2356
1778: 3578 3418 3171 1904
1779: 3603 2144
1780:
1781: 3217
1782: 2708 1786
1783:
1784: 2105 1766
1785: 2898
1786: 3277
1787: 2637
1788: 3071
1789:
1790:
1791: 2694 2504
1792:
1793: 3515
1794:
1795: 2779
1796: 1990
1797: 2553
1798:
1799:
1800: 2294
1801:
1802:
1803: 2327
1804:
1805: 3466
1806:
1807: 3031 2559
1808: 2415
1809: 2124
1810: 2195
1811:
1812: 3394 2808
1813:
1814:
1815: 3326 2473
1816:
1817:
1818: 2928 2793
1819: 1805
1820: 2690 1988
1821: 3586
1822: 3492 2365
1823:
1824:
1825: 3409
1826: 3308 2768
1827: 2861 2221 2192
1828: 3033 2076
1829:
1830: 3169 1897
1831:
1832:
1833: 2703
1834: 3598
1835:
1836:
1837:
1838:
1839:
1840: 3441 2739
1841: 2517
1842: 2671
1843: 2364
1844: 2210
1845:
1846: 3109 2286
1847:
1848:
1849: 3410 3390 2876 2475 2065
1850:
1851: 3238
1852: 3231
1853: 3217
1854: 2114
1855:
1856: 2672
1857: 2835
1858:
1859:
1860:
1861: 3094 2983 2525
1862: 3260 2216
1863: 2756 2493
1864: 2979 2058
1865:
1866: 2322 2053
1867:
1868:
1869: 2125
1870:
1871: 3370 1940
1872: 1882
1873:
1874: 2154 2122
1875:
1876:
1877:
1878:
1879:
1880:
1881: 2165
1882: 2975 2424
1883:
1884: 2819 2499 1995
1885:
1886:
1887:
1888:
1889:
1890: 3557
1891: 3532
1892: 3450
1893: 2361
1894: 2809
1895: 2789
1896:
1897: 2350 2132
1898:
1899:
1900:
1901:
1902:
1903:
1904:
1905:
1906:
1907: 2319 2194
1908:
1909: 2880 2048
1910:
1911:
1912:
1913:
1914: 3382
1915: 2200
1916: 2512 2172 2131
1917:
1918:
1919: 2534
1920: 3236 2317 2168
1921: 3156 2716 2560 2501
1922:
1923:
1924:
1925:
1926:
1927: 2189
1928: 2490
1929: 3206
1930: 2771
1931:
1932: 3237
1933: 2412 2002
1934: 2180
1935: 2304
1936: 2397
1937: 2633 2229
1938: 3183 3136 3116 2860
1939: 3092 3044 2472 2021
1940: 2003
1941:
1942: 2584
1943:
1944: 2376
1945:
1946: 2368
1947: 2126
1948:
1949: 2732 2389
1950:
1951: 2909
1952:
1953:
1954: 2528
1955:
1956: 3465 2885
1957:
1958: 2305
1959:
1960: 2614 2540
1961:
1962:
1963: 3317
1964:
1965: 2377
1966:
1967: 3474 3459
1968: 3316 3059 3022 1998
1969:
1970: 3359
1971: 2225
1972:
1973: 2586
1974: 3402 2562
1975:
1976:
1977:
1978: 3426
1979:
1980: 2699 2348
1981:
1982:
1983:
1984:
1985:
1986:
1987:
1988:
1989:
1990: 3058 3025
1991: 3293 3192
1992:
1993:
1994:
1995:
1996: 3347
1997: 2552 2357
1998: 3013
1999: 3157 2344 2290 2151
2000: 2772
2001:
2002:
2003: 3500 3087
2004: 2742
2005: 2302
2006:
2007:
2008: 2667
2009:
2010:
2011:
2012:
2013:
2014: 3420 2227
2015:
2016:
2017: 2402
2018: 2963 2208
2019:
2020: 3234 2247
2021: 3160
2022:
2023: 3572 2291 2089
2024:
2025:
2026: 3601
2027: 3239
2028:
2029: 3613
2030: 2701
2031: 2929 2619
2032: 2986 2171
2033: 2443 2310
2034:
2035:
2036:
2037: 2593
2038: 2190
2039: 2651 2632 2085
2040: 2323
2041: 3273 3202 2543
2042:
2043:
2044:
2045: 3556
2046:
2047:
2048:
2049:
2050:
2051: 2811 2658
2052:
2053:
2054: 2682
2055: 2735
2056:
2057:
2058: 2449
2059:
2060:
2061: 2691
2062:
2063:
2064: 3284 3260
2065:
2066:
2067:
2068: 3095 2695
2069:
2070:
2071:
2072:
2073: 2352
2074: 2252
2075:
2076: 3608
2077:
2078:
2079:
2080: 2734
2081:
2082: 3141
2083: 2854
2084: 3592
2085:
2086: 3191
2087: 3168
2088: 2746
2089:
2090:
2091:
2092:
2093:
2094:
2095:
2096:
2097: 2976
2098:
2099:
2100:
2101:
2102:
2103: 3343 2345
2104:
2105: 2987
2106: 3440
2107:
2108: 2134
2109: 2687
2110:
2111:
2112:
2113:
2114:
2115: 3032 2953
2116:
2117:
2118:
2119:
2120:
2121:
2122:
2123:
2124:
2125: 2426
2126:
2127:
2128:
2129:
2130: 2581
2131: 3432
2132:
2133: 3190
2134:
2135: 2288
2136:
2137:
2138:
2139:
2140:
2141: 3135 2743 2656
2142: 2968
2143: 2295
2144: 2669
2145: 2999
2146: 2751
2147:
2148: 3053
2149:
2150: 3193
2151:
2152:
2153: 3080
2154:
2155:
2156: 2269
2157:
2158: 3333
2159:
2160: 3526
2161:
2162:
2163: 3054
2164:
2165:
2166: 2634
2167: 2233
2168: 2713 2398
2169: 2468
2170:
2171:
2172:
2173:
2174: 3600
2175:
2176: 2942
2177:
2178:
2179:
2180: 2279
2181: 3467 2456 2329
2182:
2183: 2931
2184:
2185: 3611
2186: 2566
2187:
2188:
2189:
2190:
2191: 3393 2738
2192: 3099
2193:
2194: 3368
2195: 2893
2196: 2497
2197:
2198: 2992
2199:
2200: 2392
2201: 2260
2202: 3219 2932
2203: 3106
2204: 3209
2205: 2745
2206: 2717 2277
2207:
2208: 3012
2209:
2210:
2211:
2212: 3178
2213: 2330
2214: 2404
2215:
2216:
2217: 2956
2218: 2273
2219:
2220: 3275
2221: 2570
2222: 3309
2223:
2224:
2225: 2483
2226: 3266
2227:
2228:
2229:
2230:
2231: 2597 2454
2232: 2514
2233: 2445
2234:
2235: 3456 3118
2236:
2237: 3158
2238:
2239:
2240: 3034
2241: 2605
2242:
2243: 2966 2640
2244: 2529
2245:
2246:
2247: 3266
2248:
2249:
2250:
2251:
2252:
2253:
2254: 2418
2255: 2844
2256:
2257: 2927
2258:
2259:
2260:
2261: 3268
2262: 2324
2263: 3482 3246
2264:
2265:
2266: 3330
2267:
2268:
2269:
2270:
2271:
2272: 2792
2273: 3086
2274:
2275:
2276:
2277:
2278: 2523
2279: 3371
2280:
2281:
2282:
2283:
2284: 3208
2285:
2286:
2287:
2288:
2289:
2290: 2765
2291: 3061
2292:
2293:
2294: 3470 2902 2526
2295:
2296:
2297:
2298:
2299: 2531
2300:
2301: 2995 2733
2302:
2303:
2304: 2872
2305:
2306:
2307:
2308: 2486
2309: 2450
2310:
2311: 3046
2312:
2313:
2314:
2315: 3537
2316:
2317: 3210
2318:
2319: 3390 2550
2320:
2321:
2322: 2506
2323:
2324:
2325: 2985
2326:
2327: 3325
2328:
2329:
2330:
2331:
2332: 3127
2333: 3416 2494
2334:
2335:
2336:
2337: 2660
2338:
2339:
2340: 3312
2341:
2342:
2343:
2344:
2345:
2346:
2347: 2471
2348:
2349:
2350:
2351: 2641
2352:
2353:
2354: 2875
2355:
2356:
2357: 2710
2358:
2359: 2587
2360: 2681
2361:
2362:
2363: 2539
2364: 2736
2365:
2366:
2367:
2368:
2369:
2370:
2371:
2372: 2958
2373: 3444
2374: 3549 3305 3091
2375:
2376:
2377: 3496
2378: 3150
2379:
2380:
2381: 2446
2382:
2383: 2551
2384:
2385:
2386:
2387: 3130
2388: 3565 2666
2389:
2390:
2391:
2392:
2393:
2394: 2557
2395:
2396:
2397: 2659
2398: 2967
2399:
2400:
2401: 3461 2858
2402: 2908
2403:
2404: 3177
2405:
2406: 3283 2653
2407: 3569
2408:
2409: 2730
2410:
2411: 2498
2412:
2413:
2414:
2415: 3048
2416: 3413
2417:
2418:
2419:
2420: 3174
2421:
2422:
2423:
2424:
2425: 3607
2426: 3102
2427: 3545
2428: 3304
2429: 3501
2430:
2431:
2432: 2774
2433:
2434:
2435:
2436:
2437:
2438:
2439:
2440: 2722 2720
2441:
2442:
2443: 2939
2444:
2445:
2446: 2541
2447:
2448:
2449:
2450:
2451:
2452: 3384
2453: 3335
2454: 3211
2455: 3334
2456:
2457: 3108
2458: 3226
2459:
2460:
2461:
2462:
2463:
2464:
2465:
2466:
2467:
2468: 2752
2469: 3399
2470:
2471:
2472: 2723
2473:
2474: 3448
2475:
2476:
2477: 2757
2478:
2479:
2480:
2481: 3533 2815
2482:
2483:
2484: 2747 2620 2544
2485:
2486:
2487:
2488:
2489:
2490:
2491: 2916
2492:
2493:
2494: 3045
2495: 3035
2496: 3152
2497: 3560
2498:
2499: 2863
2500:
2501:
2502:
2503:
2504: 3006
2505: 2709
2506:
2507:
2508:
2509: 2565
2510:
2511:
2512:
2513:
2514: 3497 3457 3050
2515: 3359
2516:
2517:
2518:
2519:
2520:
2521:
2522:
2523:
2524:
2525: 2964
2526:
2527: 2830
2528: 3039
2529: 3513
2530:
2531:
2532:
2533: 3477 3105 2665
2534:
2535:
2536: 3026
2537:
2538: 2621
2539:
2540: 3002
2541:
2542: 3307 2800
2543:
2544:
2545: 2753
2546:
2547: 3486 3380
2548: 3365
2549:
2550:
2551:
2552:
2553:
2554:
2555:
2556: 3240
2557:
2558:
2559:
2560: 3190
2561: 2705
2562:
2563:
2564:
2565:
2566: 3140
2567:
2568: 3369
2569: 3292
2570:
2571:
2572: 2823
2573:
2574:
2575:
2576:
2577:
2578:
2579:
2580:
2581:
2582: 3280
2583:
2584:
2585:
2586:
2587:
2588:
2589:
2590: 3498 3300 2764 2664
2591:
2592:
2593:
2594:
2595:
2596:
2597:
2598:
2599:
2600:
2601:
2602:
2603: 2845
2604:
2605:
2606:
2607:
2608:
2609:
2610: 2947
2611: 3339
2612:
2613:
2614: 3546 3175
2615:
2616:
2617:
2618: 3172
2619: 2974
2620: 3514
2621:
2622:
2623:
2624: 2937 2906
2625:
2626:
2627:
2628:
2629: 2895
2630: 2748
2631:
2632: 3265
2633:
2634:
2635:
2636:
2637: 2871
2638: 3573 3392 3354
2639:
2640:
2641:
2642:
2643:
2644:
2645:
2646:
2647:
2648:
2649: 3348 3010
2650: 3576
2651:
2652:
2653:
2654:
2655:
2656: 3029
2657:
2658:
2659:
2660: 3612 3374 2778
2661:
2662: 3337 3216
2663:
2664:
2665:
2666:
2667:
2668:
2669:
2670:
2671:
2672: 3164
2673: 2803
2674:
2675:
2676: 3558
2677:
2678:
2679: 3144
2680:
2681:
2682:
2683:
2684: 3007
2685:
2686:
2687: 3093
2688:
2689: 2960
2690: 2997 2847
2691:
2692:
2693:
2694:
2695: 2851
2696:
2697: 2836
2698:
2699:
2700:
2701:
2702:
2703:
2704:
2705:
2706:
2707:
2708:
2709: 3480
2710:
2711: 3287
2712:
2713:
2714:
2715:
2716: 3113
2717:
2718:
2719: 2884
2720:
2721: 3203
2722:
2723:
2724:
2725:
2726:
2727: 3590
2728:
2729:
2730:
2731:
2732:
2733:
2734:
2735: 3388
2736:
2737: 3184
2738: 2903
2739: 2868
2740:
2741:
2742:
2743:
2744:
2745:
2746: 3274
2747:
2748:
2749: 3200
2750:
2751:
2752: 3073
2753: 3439
2754:
2755:
2756:
2757: 2951
2758:
2759: 3001
2760:
2761: 3263
2762:
2763:
2764:
2765:
2766:
2767:
2768:
2769:
2770:
2771:
2772: 3301
2773:
2774:
2775:
2776:
2777:
2778:
2779: 3278
2780:
2781:
2782:
2783:
2784:
2785: 3351 3063
2786:
2787:
2788:
2789:
2790: 3516
2791:
2792: 3606
2793:
2794:
2795: 3088
2796:
2797:
2798: 3521
2799: 2959
2800:
2801:
2802:
2803: 3182
2804:
2805:
2806:
2807:
2808: 3451
2809:
2810:
2811:
2812: 3400
2813: 2957
2814:
2815:
2816:
2817: 3479
2818:
2819: 3215
2820:
2821:
2822:
2823:
2824:
2825: 3098
2826:
2827:
2828:
2829:
2830: 3038
2831:
2832:
2833:
2834:
2835: 3212
2836:
2837:
2838: 3282
2839:
2840:
2841:
2842:
2843:
2844: 3473 3272 3133
2845:
2846:
2847:
2848: 3534
2849: 3207
2850:
2851:
2852:
2853:
2854: 3186 3042
2855:
2856:
2857:
2858:
2859:
2860: 3580
2861:
2862: 2996
2863: 3090
2864:
2865:
2866:
2867:
2868:
2869:
2870:
2871:
2872:
2873:
2874:
2875:
2876:
2877:
2878:
2879:
2880:
2881:
2882:
2883:
2884:
2885:
2886:
2887: 3268
2888:
2889: 3176
2890:
2891:
2892:
2893:
2894:
2895:
2896: 3055
2897: 3243
2898:
2899:
2900:
2901: 3052
2902:
2903:
2904:
2905: 3529
2906: 3229
2907: 3412
2908:
2909:
2910: 3395
2911:
2912:
2913:
2914:
2915:
2916:
2917:
2918: 3303
2919:
2920:
2921:
2922:
2923:
2924:
2925:
2926: 3595
2927:
2928:
2929:
2930:
2931:
2932:
2933:
2934:
2935:
2936:
2937: 3097
2938:
2939:
2940:
2941:
2942: 3196
2943:
2944:
2945:
2946:
2947:
2948:
2949:
2950:
2951:
2952:
2953:
2954:
2955:
2956:
2957:
2958:
2959:
2960:
2961:
2962:
2963:
2964:
2965:
2966:
2967:
2968:
2969:
2970:
2971:
2972:
2973:
2974:
2975:
2976:
2977: 3589
2978:
2979:
2980:
2981:
2982:
2983:
2984:
2985:
2986:
2987: 3614
2988: 3319
2989:
2990: 3417
2991:
2992:
2993:
2994:
2995:
2996:
2997:
2998:
2999:
3000:
3001:
3002:
3003:
3004: 3362
3005:
3006:
3007:
3008:
3009:
3010:
3011:
3012:
3013: 3258
3014:
3015: 3153
3016:
3017:
3018:
3019: 3353
3020:
3021:
3022:
3023:
3024:
3025:
3026:
3027:
3028:
3029:
3030:
3031:
3032:
3033:
3034:
3035:
3036:
3037:
3038:
3039:
3040:
3041:
3042:
3043:
3044:
3045: 3134
3046: 3391
3047:
3048:
3049:
3050:
3051: 3250
3052:
3053:
3054:
3055:
3056:
3057:
3058:
3059:
3060:
3061:
3062:
3063:
3064:
3065:
3066:
3067:
3068:
3069:
3070:
3071:
3072:
3073:
3074:
3075:
3076:
3077:
3078:
3079: 3403
3080:
3081:
3082:
3083:
3084:
3085:
3086:
3087:
3088:
3089:
3090:
3091:
3092:
3093:
3094:
3095:
3096:
3097: 3493
3098:
3099:
3100:
3101:
3102:
3103:
3104: 3460
3105:
3106:
3107:
3108:
3109:
3110:
3111:
3112:
3113:
3114: 3279
3115:
3116:
3117: 3289
3118:
3119:
3120: 3350 3298
3121:
3122:
3123:
3124:
3125:
3126:
3127:
3128:
3129:
3130:
3131:
3132:
3133:
3134:
3135:
3136:
3137:
3138:
3139:
3140:
3141:
3142:
3143:
3144: 3242
3145:
3146:
3147:
3148:
3149:
3150:
3151:
3152: 3522
3153: 3321
3154:
3155:
3156: 3453
3157:
3158: 3296
3159:
3160:
3161:
3162:
3163:
3164:
3165:
3166:
3167:
3168:
3169:
3170: 3383
3171: 3345
3172: 3364
3173:
3174:
3175:
3176:
3177: 3505
3178:
3179: 3547 3423
3180:
3181:
3182:
3183:
3184: 3538
3185:
3186:
3187:
3188:
3189:
3190:
3191:
3192:
3193: 3428
3194:
3195: 3564
3196:
3197:
3198:
3199:
3200:
3201:
3202: 3495
3203:
3204:
3205:
3206:
3207:
3208:
3209:
3210:
3211:
3212:
3213:
3214:
3215:
3216:
3217:
3218:
3219: 3454
3220:
3221:
3222:
3223:
3224:
3225:
3226:
3227:
3228:
3229: 3438
3230:
3231:
3232:
3233:
3234:
3235:
3236:
3237:
3238:
3239:
3240:
3241: 3318
3242: 3464
3243: 3599
3244:
3245:
3246:
3247:
3248:
3249:
3250: 3551
3251:
3252:
3253:
3254:
3255:
3256: 3574
3257:
3258: 3431
3259:
3260:
3261:
3262:
3263:
3264:
3265:
3266:
3267:
3268:
3269:
3270:
3271:
3272: 3447
3273: 3430
3274:
3275:
3276:
3277:
3278:
3279:
3280:
3281:
3282:
3283:
3284:
3285:
3286:
3287:
3288:
3289:
3290:
3291:
3292:
3293:
3294:
3295:
3296:
3297:
3298:
3299:
3300:
3301:
3302:
3303:
3304:
3305:
3306: 3541
3307:
3308:
3309:
3310:
3311:
3312:
3313:
3314:
3315:
3316:
3317:
3318:
3319:
3320:
3321:
3322:
3323:
3324:
3325:
3326:
3327:
3328:
3329:
3330:
3331: 3577
3332:
3333:
3334:
3335:
3336:
3337:
3338:
3339:
3340:
3341:
3342:
3343:
3344: 3506
3345:
3346:
3347:
3348:
3349:
3350: 3499
3351:
3352:
3353:
3354:
3355:
3356:
3357:
3358:
3359:
3360:
3361:
3362:
3363:
3364:
3365:
3366:
3367:
3368:
3369:
3370:
3371:
3372:
3373:
3374:
3375:
3376:
3377:
3378:
3379:
3380:
3381: 3552
3382:
3383:
3384:
3385:
3386:
3387: 3531
3388:
3389:
3390:
3391:
3392:
3393:
3394:
3395:
3396:
3397:
3398:
3399:
3400:
3401:
3402:
3403:
3404:
3405:
3406:
3407:
3408:
3409:
3410:
3411:
3412:
3413:
3414:
3415:
3416:
3417:
3418:
3419:
3420:
3421:
3422:
3423:
3424:
3425:
3426:
3427:
3428:
3429: 3585
3430:
3431:
3432:
3433:
3434:
3435:
3436:
3437:
3438:
3439:
3440:
3441:
3442:
3443:
3444:
3445:
3446:
3447:
3448:
3449:
3450:
3451:
3452:
3453:
3454:
3455:
3456:
3457:
3458:
3459:
3460:
3461:
3462:
3463:
3464:
3465:
3466:
3467:
3468:
3469:
3470:
3471:
3472:
3473:
3474:
3475:
3476:
3477:
3478:
3479:
3480:
3481:
3482:
3483:
3484:
3485:
3486:
3487:
3488:
3489:
3490:
3491:
3492:
3493:
3494:
3495:
3496:
3497: 3597
3498:
3499:
3500:
3501:
3502:
3503:
3504:
3505:
3506:
3507:
3508:
3509:
3510:
3511:
3512:
3513:
3514:
3515:
3516:
3517:
3518:
3519:
3520:
3521:
3522:
3523:
3524:
3525:
3526:
3527:
